[0.516s] Invoking command in '/home/ros-industrial/robocon_ws/build/robocon2023_b_dash': CMAKE_PREFIX_PATH=${CMAKE_PREFIX_PATH}:/opt/ros/foxy /usr/bin/cmake --build /home/ros-industrial/robocon_ws/build/robocon2023_b_dash -- -j8 -l8
[0.578s] [35m[1mScanning dependencies of target Transmitter920[0m
[0.590s] [  7%] Built target BeltLiner_Controller
[0.592s] [ 15%] Built target SerialKIMD
[0.602s] [ 23%] Built target Xmove_Controller
[0.602s] [ 30%] Built target KiwiMotion
[0.603s] [ 34%] [32mBuilding CXX object CMakeFiles/Transmitter920.dir/src/Transmitter920.cpp.o[0m
[0.608s] [ 50%] Built target DriveMotion
[0.609s] [ 50%] Built target Solenoid_Controller
[0.609s] [ 57%] Built target Drive_Controller
[0.632s] [ 65%] Built target Upper_Controller
[0.635s] [ 73%] Built target MotionMaster
[0.637s] [ 80%] Built target Crawl_Controller
[0.641s] [ 88%] Built target WallUpMotion
[0.651s] [ 96%] Built target RopeMotion
[1.525s] [01m[K/home/ros-industrial/robocon_ws/src/robocon2023_b_dash/src/Transmitter920.cpp:[m[K In member function ‘[01m[Kvoid Transmitter920_Node::ExpandJoyData(uint8_t*)[m[K’:
[1.525s] [01m[K/home/ros-industrial/robocon_ws/src/robocon2023_b_dash/src/Transmitter920.cpp:98:49:[m[K [01;35m[Kwarning: [m[Kunused parameter ‘[01m[Kcompress_data[m[K’ [[01;35m[K-Wunused-parameter[m[K]
[1.525s]    98 | void Transmitter920_Node::ExpandJoyData([01;35m[Kuint8_t compress_data[16][m[K)
[1.525s]       |                                         [01;35m[K~~~~~~~~^~~~~~~~~~~~~~~~~[m[K
[3.757s] [100%] [32m[1mLinking CXX executable Transmitter920[0m
[3.900s] [100%] Built target Transmitter920
[3.908s] Invoked command in '/home/ros-industrial/robocon_ws/build/robocon2023_b_dash' returned '0': CMAKE_PREFIX_PATH=${CMAKE_PREFIX_PATH}:/opt/ros/foxy /usr/bin/cmake --build /home/ros-industrial/robocon_ws/build/robocon2023_b_dash -- -j8 -l8
[3.945s] Invoking command in '/home/ros-industrial/robocon_ws/build/robocon2023_b_dash': CMAKE_PREFIX_PATH=${CMAKE_PREFIX_PATH}:/opt/ros/foxy /usr/bin/cmake --install /home/ros-industrial/robocon_ws/build/robocon2023_b_dash
[3.949s] -- Install configuration: ""
[3.950s] -- Up-to-date: /home/ros-industrial/robocon_ws/install/robocon2023_b_dash/lib/robocon2023_b_dash/SerialKIMD
[3.950s] -- Up-to-date: /home/ros-industrial/robocon_ws/install/robocon2023_b_dash/lib/robocon2023_b_dash/Xmove_Controller
[3.950s] -- Up-to-date: /home/ros-industrial/robocon_ws/install/robocon2023_b_dash/lib/robocon2023_b_dash/DriveMotion
[3.950s] -- Up-to-date: /home/ros-industrial/robocon_ws/install/robocon2023_b_dash/lib/robocon2023_b_dash/Drive_Controller
[3.950s] -- Up-to-date: /home/ros-industrial/robocon_ws/install/robocon2023_b_dash/lib/robocon2023_b_dash/Upper_Controller
[3.951s] -- Up-to-date: /home/ros-industrial/robocon_ws/install/robocon2023_b_dash/lib/robocon2023_b_dash/WallUpMotion
[3.951s] -- Up-to-date: /home/ros-industrial/robocon_ws/install/robocon2023_b_dash/lib/robocon2023_b_dash/Crawl_Controller
[3.951s] -- Up-to-date: /home/ros-industrial/robocon_ws/install/robocon2023_b_dash/lib/robocon2023_b_dash/Solenoid_Controller
[3.951s] -- Up-to-date: /home/ros-industrial/robocon_ws/install/robocon2023_b_dash/lib/robocon2023_b_dash/BeltLiner_Controller
[3.952s] -- Up-to-date: /home/ros-industrial/robocon_ws/install/robocon2023_b_dash/lib/robocon2023_b_dash/RopeMotion
[3.952s] -- Up-to-date: /home/ros-industrial/robocon_ws/install/robocon2023_b_dash/lib/robocon2023_b_dash/MotionMaster
[3.952s] -- Up-to-date: /home/ros-industrial/robocon_ws/install/robocon2023_b_dash/lib/robocon2023_b_dash/KiwiMotion
[3.952s] -- Installing: /home/ros-industrial/robocon_ws/install/robocon2023_b_dash/lib/robocon2023_b_dash/Transmitter920
[3.953s] -- Set runtime path of "/home/ros-industrial/robocon_ws/install/robocon2023_b_dash/lib/robocon2023_b_dash/Transmitter920" to ""
[3.953s] -- Up-to-date: /home/ros-industrial/robocon_ws/install/robocon2023_b_dash/share/ament_index/resource_index/package_run_dependencies/robocon2023_b_dash
[3.953s] -- Up-to-date: /home/ros-industrial/robocon_ws/install/robocon2023_b_dash/share/ament_index/resource_index/parent_prefix_path/robocon2023_b_dash
[3.953s] -- Up-to-date: /home/ros-industrial/robocon_ws/install/robocon2023_b_dash/share/robocon2023_b_dash/environment/ament_prefix_path.sh
[3.953s] -- Up-to-date: /home/ros-industrial/robocon_ws/install/robocon2023_b_dash/share/robocon2023_b_dash/environment/ament_prefix_path.dsv
[3.953s] -- Up-to-date: /home/ros-industrial/robocon_ws/install/robocon2023_b_dash/share/robocon2023_b_dash/environment/path.sh
[3.954s] -- Up-to-date: /home/ros-industrial/robocon_ws/install/robocon2023_b_dash/share/robocon2023_b_dash/environment/path.dsv
[3.954s] -- Up-to-date: /home/ros-industrial/robocon_ws/install/robocon2023_b_dash/share/robocon2023_b_dash/local_setup.bash
[3.954s] -- Up-to-date: /home/ros-industrial/robocon_ws/install/robocon2023_b_dash/share/robocon2023_b_dash/local_setup.sh
[3.954s] -- Up-to-date: /home/ros-industrial/robocon_ws/install/robocon2023_b_dash/share/robocon2023_b_dash/local_setup.zsh
[3.954s] -- Up-to-date: /home/ros-industrial/robocon_ws/install/robocon2023_b_dash/share/robocon2023_b_dash/local_setup.dsv
[3.954s] -- Installing: /home/ros-industrial/robocon_ws/install/robocon2023_b_dash/share/robocon2023_b_dash/package.dsv
[3.954s] -- Up-to-date: /home/ros-industrial/robocon_ws/install/robocon2023_b_dash/share/ament_index/resource_index/packages/robocon2023_b_dash
[3.954s] -- Up-to-date: /home/ros-industrial/robocon_ws/install/robocon2023_b_dash/share/robocon2023_b_dash/cmake/robocon2023_b_dashConfig.cmake
[3.954s] -- Up-to-date: /home/ros-industrial/robocon_ws/install/robocon2023_b_dash/share/robocon2023_b_dash/cmake/robocon2023_b_dashConfig-version.cmake
[3.954s] -- Up-to-date: /home/ros-industrial/robocon_ws/install/robocon2023_b_dash/share/robocon2023_b_dash/package.xml
[3.955s] Invoked command in '/home/ros-industrial/robocon_ws/build/robocon2023_b_dash' returned '0': CMAKE_PREFIX_PATH=${CMAKE_PREFIX_PATH}:/opt/ros/foxy /usr/bin/cmake --install /home/ros-industrial/robocon_ws/build/robocon2023_b_dash
