[0.019s] Invoking command in '/home/ros-industrial/robocon_ws/build/ros_to_kimd': CMAKE_PREFIX_PATH=${CMAKE_PREFIX_PATH}:/opt/ros/foxy /usr/bin/cmake --build /home/ros-industrial/robocon_ws/build/ros_to_kimd -- -j8 -l8
[0.051s] [35m[1mScanning dependencies of target ControlKimd[0m
[0.066s] [ 50%] Built target joysubtest
[0.069s] [ 75%] [32mBuilding CXX object CMakeFiles/ControlKimd.dir/src/ControlKimd.cpp.o[0m
[0.843s] In file included from [01m[K/home/ros-industrial/robocon_ws/src/ros_to_kimd/src/ControlKimd.cpp:15[m[K:
[0.843s] [01m[K/home/ros-industrial/robocon_ws/src/ros_to_kimd/src/ABU2023_GenericOutput_Header.h:19:2:[m[K [01;35m[Kwarning: [m[KISO C++ prohibits anonymous structs [[01;35m[K-Wpedantic[m[K]
[0.843s]    19 |  [01;35m[K}[m[K;
[0.843s]       |  [01;35m[K^[m[K
[0.866s] [01m[K/home/ros-industrial/robocon_ws/src/ros_to_kimd/src/ControlKimd.cpp:[m[K In function ‘[01m[Kvoid signal_handler(int)[m[K’:
[0.866s] [01m[K/home/ros-industrial/robocon_ws/src/ros_to_kimd/src/ControlKimd.cpp:234:25:[m[K [01;35m[Kwarning: [m[Kunused parameter ‘[01m[Ksignum[m[K’ [[01;35m[K-Wunused-parameter[m[K]
[0.866s]   234 | void signal_handler([01;35m[Kint signum[m[K)
[0.866s]       |                     [01;35m[K~~~~^~~~~~[m[K
[3.160s] [100%] [32m[1mLinking CXX executable ControlKimd[0m
[3.312s] [100%] Built target ControlKimd
[3.320s] Invoked command in '/home/ros-industrial/robocon_ws/build/ros_to_kimd' returned '0': CMAKE_PREFIX_PATH=${CMAKE_PREFIX_PATH}:/opt/ros/foxy /usr/bin/cmake --build /home/ros-industrial/robocon_ws/build/ros_to_kimd -- -j8 -l8
[3.343s] Invoking command in '/home/ros-industrial/robocon_ws/build/ros_to_kimd': CMAKE_PREFIX_PATH=${CMAKE_PREFIX_PATH}:/opt/ros/foxy /usr/bin/cmake --install /home/ros-industrial/robocon_ws/build/ros_to_kimd
[3.348s] -- Install configuration: ""
[3.349s] -- Up-to-date: /home/ros-industrial/robocon_ws/install/ros_to_kimd/lib/ros_to_kimd/joysubtest
[3.349s] -- Installing: /home/ros-industrial/robocon_ws/install/ros_to_kimd/lib/ros_to_kimd/ControlKimd
[3.350s] -- Set runtime path of "/home/ros-industrial/robocon_ws/install/ros_to_kimd/lib/ros_to_kimd/ControlKimd" to ""
[3.350s] -- Up-to-date: /home/ros-industrial/robocon_ws/install/ros_to_kimd/share/ament_index/resource_index/package_run_dependencies/ros_to_kimd
[3.350s] -- Up-to-date: /home/ros-industrial/robocon_ws/install/ros_to_kimd/share/ament_index/resource_index/parent_prefix_path/ros_to_kimd
[3.350s] -- Up-to-date: /home/ros-industrial/robocon_ws/install/ros_to_kimd/share/ros_to_kimd/environment/ament_prefix_path.sh
[3.350s] -- Up-to-date: /home/ros-industrial/robocon_ws/install/ros_to_kimd/share/ros_to_kimd/environment/ament_prefix_path.dsv
[3.350s] -- Up-to-date: /home/ros-industrial/robocon_ws/install/ros_to_kimd/share/ros_to_kimd/environment/path.sh
[3.350s] -- Up-to-date: /home/ros-industrial/robocon_ws/install/ros_to_kimd/share/ros_to_kimd/environment/path.dsv
[3.350s] -- Up-to-date: /home/ros-industrial/robocon_ws/install/ros_to_kimd/share/ros_to_kimd/local_setup.bash
[3.350s] -- Up-to-date: /home/ros-industrial/robocon_ws/install/ros_to_kimd/share/ros_to_kimd/local_setup.sh
[3.350s] -- Up-to-date: /home/ros-industrial/robocon_ws/install/ros_to_kimd/share/ros_to_kimd/local_setup.zsh
[3.350s] -- Up-to-date: /home/ros-industrial/robocon_ws/install/ros_to_kimd/share/ros_to_kimd/local_setup.dsv
[3.350s] -- Installing: /home/ros-industrial/robocon_ws/install/ros_to_kimd/share/ros_to_kimd/package.dsv
[3.350s] -- Up-to-date: /home/ros-industrial/robocon_ws/install/ros_to_kimd/share/ament_index/resource_index/packages/ros_to_kimd
[3.350s] -- Up-to-date: /home/ros-industrial/robocon_ws/install/ros_to_kimd/share/ros_to_kimd/cmake/ros_to_kimdConfig.cmake
[3.350s] -- Up-to-date: /home/ros-industrial/robocon_ws/install/ros_to_kimd/share/ros_to_kimd/cmake/ros_to_kimdConfig-version.cmake
[3.350s] -- Up-to-date: /home/ros-industrial/robocon_ws/install/ros_to_kimd/share/ros_to_kimd/package.xml
[3.352s] Invoked command in '/home/ros-industrial/robocon_ws/build/ros_to_kimd' returned '0': CMAKE_PREFIX_PATH=${CMAKE_PREFIX_PATH}:/opt/ros/foxy /usr/bin/cmake --install /home/ros-industrial/robocon_ws/build/ros_to_kimd
