[0.447s] Invoking command in '/home/kaibuchisoma/usbから/RoboconDetectionFruit-master/build/ros_to_kimd': CMAKE_PREFIX_PATH=${CMAKE_PREFIX_PATH}:/home/kaibuchisoma/usbから/RoboconDetectionFruit-master/install/fruit_detection:/home/kaibuchisoma/robocon_ws/install/fruit_detection:/opt/ros/humble /usr/bin/cmake /home/kaibuchisoma/usbから/RoboconDetectionFruit-master/src/ros_to_kimd -DCMAKE_INSTALL_PREFIX=/home/kaibuchisoma/usbから/RoboconDetectionFruit-master/install/ros_to_kimd
[0.498s] -- The C compiler identification is GNU 11.4.0
[0.556s] -- The CXX compiler identification is GNU 11.4.0
[0.566s] -- Detecting C compiler ABI info
[0.654s] -- Detecting C compiler ABI info - done
[0.664s] -- Check for working C compiler: /usr/bin/cc - skipped
[0.664s] -- Detecting C compile features
[0.664s] -- Detecting C compile features - done
[0.668s] -- Detecting CXX compiler ABI info
[0.753s] -- Detecting CXX compiler ABI info - done
[0.766s] -- Check for working CXX compiler: /usr/bin/c++ - skipped
[0.766s] -- Detecting CXX compile features
[0.767s] -- Detecting CXX compile features - done
[0.772s] -- Found ament_cmake: 1.3.5 (/opt/ros/humble/share/ament_cmake/cmake)
[0.951s] -- Found Python3: /usr/bin/python3.10 (found version "3.10.12") found components: Interpreter 
[1.056s] -- Found rclcpp: 16.0.6 (/opt/ros/humble/share/rclcpp/cmake)
[1.111s] -- Found rosidl_generator_c: 3.1.5 (/opt/ros/humble/share/rosidl_generator_c/cmake)
[1.117s] -- Found rosidl_adapter: 3.1.5 (/opt/ros/humble/share/rosidl_adapter/cmake)
[1.128s] -- Found rosidl_generator_cpp: 3.1.5 (/opt/ros/humble/share/rosidl_generator_cpp/cmake)
[1.145s] -- Using all available rosidl_typesupport_c: rosidl_typesupport_fastrtps_c;rosidl_typesupport_introspection_c
[1.169s] -- Using all available rosidl_typesupport_cpp: rosidl_typesupport_fastrtps_cpp;rosidl_typesupport_introspection_cpp
[1.257s] -- Found rmw_implementation_cmake: 6.1.1 (/opt/ros/humble/share/rmw_implementation_cmake/cmake)
[1.260s] -- Found rmw_fastrtps_cpp: 6.2.4 (/opt/ros/humble/share/rmw_fastrtps_cpp/cmake)
[1.371s] -- Found OpenSSL: /usr/lib/x86_64-linux-gnu/libcrypto.so (found version "3.0.2")  
[1.403s] -- Found FastRTPS: /opt/ros/humble/include  
[1.457s] -- Using RMW implementation 'rmw_fastrtps_cpp' as default
[1.467s] -- Looking for pthread.h
[1.543s] -- Looking for pthread.h - found
[1.544s] -- Performing Test CMAKE_HAVE_LIBC_PTHREAD
[1.621s] -- Performing Test CMAKE_HAVE_LIBC_PTHREAD - Success
[1.622s] -- Found Threads: TRUE  
[1.805s] -- Found sensor_msgs: 4.2.3 (/opt/ros/humble/share/sensor_msgs/cmake)
[1.934s] -- Found ament_lint_auto: 0.12.8 (/opt/ros/humble/share/ament_lint_auto/cmake)
[2.020s] -- Added test 'copyright' to check source files copyright and LICENSE
[2.032s] -- Added test 'cppcheck' to perform static code analysis on C / C++ code
[2.032s] -- Configured cppcheck include dirs: 
[2.032s] -- Configured cppcheck exclude dirs and/or files: 
[2.043s] -- Added test 'cpplint' to check C / C++ code against the Google style
[2.043s] -- Configured cpplint exclude dirs and/or files: 
[2.045s] -- Added test 'flake8' to check Python code syntax and style conventions
[2.048s] -- Added test 'lint_cmake' to check CMake code style
[2.050s] -- Added test 'pep257' to check Python code against some of the docstring style conventions in PEP 257
[2.061s] -- Added test 'uncrustify' to check C / C++ code style
[2.061s] -- Configured uncrustify additional arguments: 
[2.063s] -- Added test 'xmllint' to check XML markup files
[2.064s] -- Configuring done
[2.079s] -- Generating done
[2.082s] -- Build files have been written to: /home/kaibuchisoma/usbから/RoboconDetectionFruit-master/build/ros_to_kimd
[2.094s] Invoked command in '/home/kaibuchisoma/usbから/RoboconDetectionFruit-master/build/ros_to_kimd' returned '0': CMAKE_PREFIX_PATH=${CMAKE_PREFIX_PATH}:/home/kaibuchisoma/usbから/RoboconDetectionFruit-master/install/fruit_detection:/home/kaibuchisoma/robocon_ws/install/fruit_detection:/opt/ros/humble /usr/bin/cmake /home/kaibuchisoma/usbから/RoboconDetectionFruit-master/src/ros_to_kimd -DCMAKE_INSTALL_PREFIX=/home/kaibuchisoma/usbから/RoboconDetectionFruit-master/install/ros_to_kimd
[2.096s] Invoking command in '/home/kaibuchisoma/usbから/RoboconDetectionFruit-master/build/ros_to_kimd': CMAKE_PREFIX_PATH=${CMAKE_PREFIX_PATH}:/home/kaibuchisoma/usbから/RoboconDetectionFruit-master/install/fruit_detection:/home/kaibuchisoma/robocon_ws/install/fruit_detection:/opt/ros/humble /usr/bin/cmake --build /home/kaibuchisoma/usbから/RoboconDetectionFruit-master/build/ros_to_kimd -- -j12 -l12
[2.137s] [35m[1mConsolidate compiler generated dependencies of target joysubtest[0m
[2.137s] [35m[1mConsolidate compiler generated dependencies of target ControlKimd[0m
[2.165s] [ 50%] Built target ControlKimd
[2.167s] [100%] Built target joysubtest
[2.188s] Invoked command in '/home/kaibuchisoma/usbから/RoboconDetectionFruit-master/build/ros_to_kimd' returned '0': CMAKE_PREFIX_PATH=${CMAKE_PREFIX_PATH}:/home/kaibuchisoma/usbから/RoboconDetectionFruit-master/install/fruit_detection:/home/kaibuchisoma/robocon_ws/install/fruit_detection:/opt/ros/humble /usr/bin/cmake --build /home/kaibuchisoma/usbから/RoboconDetectionFruit-master/build/ros_to_kimd -- -j12 -l12
[2.253s] Invoking command in '/home/kaibuchisoma/usbから/RoboconDetectionFruit-master/build/ros_to_kimd': CMAKE_PREFIX_PATH=${CMAKE_PREFIX_PATH}:/home/kaibuchisoma/usbから/RoboconDetectionFruit-master/install/fruit_detection:/home/kaibuchisoma/robocon_ws/install/fruit_detection:/opt/ros/humble /usr/bin/cmake --install /home/kaibuchisoma/usbから/RoboconDetectionFruit-master/build/ros_to_kimd
[2.263s] -- Install configuration: ""
[2.263s] -- Up-to-date: /home/kaibuchisoma/usbから/RoboconDetectionFruit-master/install/ros_to_kimd/lib/ros_to_kimd/joysubtest
[2.264s] -- Up-to-date: /home/kaibuchisoma/usbから/RoboconDetectionFruit-master/install/ros_to_kimd/lib/ros_to_kimd/ControlKimd
[2.264s] -- Up-to-date: /home/kaibuchisoma/usbから/RoboconDetectionFruit-master/install/ros_to_kimd/share/ament_index/resource_index/package_run_dependencies/ros_to_kimd
[2.264s] -- Up-to-date: /home/kaibuchisoma/usbから/RoboconDetectionFruit-master/install/ros_to_kimd/share/ament_index/resource_index/parent_prefix_path/ros_to_kimd
[2.264s] -- Up-to-date: /home/kaibuchisoma/usbから/RoboconDetectionFruit-master/install/ros_to_kimd/share/ros_to_kimd/environment/ament_prefix_path.sh
[2.264s] -- Installing: /home/kaibuchisoma/usbから/RoboconDetectionFruit-master/install/ros_to_kimd/share/ros_to_kimd/environment/ament_prefix_path.dsv
[2.264s] -- Up-to-date: /home/kaibuchisoma/usbから/RoboconDetectionFruit-master/install/ros_to_kimd/share/ros_to_kimd/environment/path.sh
[2.264s] -- Installing: /home/kaibuchisoma/usbから/RoboconDetectionFruit-master/install/ros_to_kimd/share/ros_to_kimd/environment/path.dsv
[2.265s] -- Up-to-date: /home/kaibuchisoma/usbから/RoboconDetectionFruit-master/install/ros_to_kimd/share/ros_to_kimd/local_setup.bash
[2.265s] -- Up-to-date: /home/kaibuchisoma/usbから/RoboconDetectionFruit-master/install/ros_to_kimd/share/ros_to_kimd/local_setup.sh
[2.265s] -- Up-to-date: /home/kaibuchisoma/usbから/RoboconDetectionFruit-master/install/ros_to_kimd/share/ros_to_kimd/local_setup.zsh
[2.266s] -- Installing: /home/kaibuchisoma/usbから/RoboconDetectionFruit-master/install/ros_to_kimd/share/ros_to_kimd/local_setup.dsv
[2.266s] -- Installing: /home/kaibuchisoma/usbから/RoboconDetectionFruit-master/install/ros_to_kimd/share/ros_to_kimd/package.dsv
[2.266s] -- Up-to-date: /home/kaibuchisoma/usbから/RoboconDetectionFruit-master/install/ros_to_kimd/share/ament_index/resource_index/packages/ros_to_kimd
[2.266s] -- Up-to-date: /home/kaibuchisoma/usbから/RoboconDetectionFruit-master/install/ros_to_kimd/share/ros_to_kimd/cmake/ros_to_kimdConfig.cmake
[2.266s] -- Up-to-date: /home/kaibuchisoma/usbから/RoboconDetectionFruit-master/install/ros_to_kimd/share/ros_to_kimd/cmake/ros_to_kimdConfig-version.cmake
[2.266s] -- Up-to-date: /home/kaibuchisoma/usbから/RoboconDetectionFruit-master/install/ros_to_kimd/share/ros_to_kimd/package.xml
[2.268s] Invoked command in '/home/kaibuchisoma/usbから/RoboconDetectionFruit-master/build/ros_to_kimd' returned '0': CMAKE_PREFIX_PATH=${CMAKE_PREFIX_PATH}:/home/kaibuchisoma/usbから/RoboconDetectionFruit-master/install/fruit_detection:/home/kaibuchisoma/robocon_ws/install/fruit_detection:/opt/ros/humble /usr/bin/cmake --install /home/kaibuchisoma/usbから/RoboconDetectionFruit-master/build/ros_to_kimd
