[0.673s] Invoking command in '/home/ros-industrial/robocon_ws/build/robocon2023_b_dash': CMAKE_PREFIX_PATH=${CMAKE_PREFIX_PATH}:/opt/ros/foxy /usr/bin/cmake --build /home/ros-industrial/robocon_ws/build/robocon2023_b_dash -- -j8 -l8
[0.748s] [35m[1mScanning dependencies of target Receiver920[0m
[0.776s] [  7%] Built target KiwiMotion
[0.816s] [ 14%] Built target DriveMotion
[0.818s] [ 21%] Built target Solenoid_Controller
[0.824s] [ 28%] Built target BeltLiner_Controller
[0.824s] [ 32%] [32mBuilding CXX object CMakeFiles/Receiver920.dir/src/Receiver920.cpp.o[0m
[0.825s] [ 39%] Built target Xmove_Controller
[0.831s] [ 46%] Built target SerialKIMD
[0.848s] [ 53%] Built target Transmitter920
[0.893s] [ 60%] Built target Drive_Controller
[0.895s] [ 67%] Built target Crawl_Controller
[0.896s] [ 75%] Built target RopeMotion
[0.903s] [ 82%] Built target MotionMaster
[0.903s] [ 89%] Built target WallUpMotion
[0.904s] [ 96%] Built target Upper_Controller
[1.849s] In file included from [01m[K/home/ros-industrial/robocon_ws/src/robocon2023_b_dash/src/Receiver920.cpp:2[m[K:
[1.849s] [01m[K/home/ros-industrial/robocon_ws/src/robocon2023_b_dash/src/Receiver920.hpp:24:5:[m[K [01;35m[Kwarning: [m[KISO C++ prohibits anonymous structs [[01;35m[K-Wpedantic[m[K]
[1.849s]    24 |     [01;35m[K}[m[K;
[1.851s]       |     [01;35m[K^[m[K
[1.866s] [01m[K/home/ros-industrial/robocon_ws/src/robocon2023_b_dash/src/Receiver920.cpp:[m[K In member function ‘[01m[Kvoid Receiver920_Node::DecodeCOBSdata()[m[K’:
[1.866s] [01m[K/home/ros-industrial/robocon_ws/src/robocon2023_b_dash/src/Receiver920.cpp:66:23:[m[K [01;35m[Kwarning: [m[Kcomparison of integer expressions of different signedness: ‘[01m[Kint[m[K’ and ‘[01m[Klong unsigned int[m[K’ [[01;35m[K-Wsign-compare[m[K]
[1.867s]    66 |     for (int i = 0; [01;35m[Ki < sizeof(temp_cobs)[m[K; i++)
[1.867s]       |                     [01;35m[K~~^~~~~~~~~~~~~~~~~~~[m[K
[1.870s] [01m[K/home/ros-industrial/robocon_ws/src/robocon2023_b_dash/src/Receiver920.cpp:73:14:[m[K [01;35m[Kwarning: [m[Kcomparison of integer expressions of different signedness: ‘[01m[Kint[m[K’ and ‘[01m[Klong unsigned int[m[K’ [[01;35m[K-Wsign-compare[m[K]
[1.871s]    73 |     while ([01;35m[Ki < sizeof(this->receive_buf) - 1[m[K)
[1.871s]       |            [01;35m[K~~^~~~~~~~~~~~~~~~~~~~~~~~~~~~~~~[m[K
[1.872s] [01m[K/home/ros-industrial/robocon_ws/src/robocon2023_b_dash/src/Receiver920.cpp:96:23:[m[K [01;35m[Kwarning: [m[Kcomparison of integer expressions of different signedness: ‘[01m[Kint[m[K’ and ‘[01m[Klong unsigned int[m[K’ [[01;35m[K-Wsign-compare[m[K]
[1.872s]    96 |     for (int i = 0; [01;35m[Ki < sizeof(this->receive_compress_data)[m[K; i++)
[1.872s]       |                     [01;35m[K~~^~~~~~~~~~~~~~~~~~~~~~~~~~~~~~~~~~~~~[m[K
[3.347s] [100%] [32m[1mLinking CXX executable Receiver920[0m
[3.472s] [100%] Built target Receiver920
[3.481s] Invoked command in '/home/ros-industrial/robocon_ws/build/robocon2023_b_dash' returned '0': CMAKE_PREFIX_PATH=${CMAKE_PREFIX_PATH}:/opt/ros/foxy /usr/bin/cmake --build /home/ros-industrial/robocon_ws/build/robocon2023_b_dash -- -j8 -l8
[3.531s] Invoking command in '/home/ros-industrial/robocon_ws/build/robocon2023_b_dash': CMAKE_PREFIX_PATH=${CMAKE_PREFIX_PATH}:/opt/ros/foxy /usr/bin/cmake --install /home/ros-industrial/robocon_ws/build/robocon2023_b_dash
[3.539s] -- Install configuration: ""
[3.540s] -- Up-to-date: /home/ros-industrial/robocon_ws/install/robocon2023_b_dash/lib/robocon2023_b_dash/SerialKIMD
[3.540s] -- Up-to-date: /home/ros-industrial/robocon_ws/install/robocon2023_b_dash/lib/robocon2023_b_dash/Xmove_Controller
[3.540s] -- Up-to-date: /home/ros-industrial/robocon_ws/install/robocon2023_b_dash/lib/robocon2023_b_dash/DriveMotion
[3.540s] -- Up-to-date: /home/ros-industrial/robocon_ws/install/robocon2023_b_dash/lib/robocon2023_b_dash/Drive_Controller
[3.541s] -- Up-to-date: /home/ros-industrial/robocon_ws/install/robocon2023_b_dash/lib/robocon2023_b_dash/Upper_Controller
[3.541s] -- Up-to-date: /home/ros-industrial/robocon_ws/install/robocon2023_b_dash/lib/robocon2023_b_dash/WallUpMotion
[3.541s] -- Up-to-date: /home/ros-industrial/robocon_ws/install/robocon2023_b_dash/lib/robocon2023_b_dash/Crawl_Controller
[3.541s] -- Up-to-date: /home/ros-industrial/robocon_ws/install/robocon2023_b_dash/lib/robocon2023_b_dash/Solenoid_Controller
[3.542s] -- Up-to-date: /home/ros-industrial/robocon_ws/install/robocon2023_b_dash/lib/robocon2023_b_dash/BeltLiner_Controller
[3.542s] -- Up-to-date: /home/ros-industrial/robocon_ws/install/robocon2023_b_dash/lib/robocon2023_b_dash/RopeMotion
[3.542s] -- Up-to-date: /home/ros-industrial/robocon_ws/install/robocon2023_b_dash/lib/robocon2023_b_dash/MotionMaster
[3.542s] -- Up-to-date: /home/ros-industrial/robocon_ws/install/robocon2023_b_dash/lib/robocon2023_b_dash/KiwiMotion
[3.543s] -- Up-to-date: /home/ros-industrial/robocon_ws/install/robocon2023_b_dash/lib/robocon2023_b_dash/Transmitter920
[3.543s] -- Installing: /home/ros-industrial/robocon_ws/install/robocon2023_b_dash/lib/robocon2023_b_dash/Receiver920
[3.544s] -- Set runtime path of "/home/ros-industrial/robocon_ws/install/robocon2023_b_dash/lib/robocon2023_b_dash/Receiver920" to ""
[3.544s] -- Up-to-date: /home/ros-industrial/robocon_ws/install/robocon2023_b_dash/share/ament_index/resource_index/package_run_dependencies/robocon2023_b_dash
[3.544s] -- Up-to-date: /home/ros-industrial/robocon_ws/install/robocon2023_b_dash/share/ament_index/resource_index/parent_prefix_path/robocon2023_b_dash
[3.544s] -- Up-to-date: /home/ros-industrial/robocon_ws/install/robocon2023_b_dash/share/robocon2023_b_dash/environment/ament_prefix_path.sh
[3.544s] -- Up-to-date: /home/ros-industrial/robocon_ws/install/robocon2023_b_dash/share/robocon2023_b_dash/environment/ament_prefix_path.dsv
[3.544s] -- Up-to-date: /home/ros-industrial/robocon_ws/install/robocon2023_b_dash/share/robocon2023_b_dash/environment/path.sh
[3.544s] -- Up-to-date: /home/ros-industrial/robocon_ws/install/robocon2023_b_dash/share/robocon2023_b_dash/environment/path.dsv
[3.544s] -- Up-to-date: /home/ros-industrial/robocon_ws/install/robocon2023_b_dash/share/robocon2023_b_dash/local_setup.bash
[3.544s] -- Up-to-date: /home/ros-industrial/robocon_ws/install/robocon2023_b_dash/share/robocon2023_b_dash/local_setup.sh
[3.545s] -- Up-to-date: /home/ros-industrial/robocon_ws/install/robocon2023_b_dash/share/robocon2023_b_dash/local_setup.zsh
[3.545s] -- Up-to-date: /home/ros-industrial/robocon_ws/install/robocon2023_b_dash/share/robocon2023_b_dash/local_setup.dsv
[3.545s] -- Installing: /home/ros-industrial/robocon_ws/install/robocon2023_b_dash/share/robocon2023_b_dash/package.dsv
[3.545s] -- Up-to-date: /home/ros-industrial/robocon_ws/install/robocon2023_b_dash/share/ament_index/resource_index/packages/robocon2023_b_dash
[3.545s] -- Up-to-date: /home/ros-industrial/robocon_ws/install/robocon2023_b_dash/share/robocon2023_b_dash/cmake/robocon2023_b_dashConfig.cmake
[3.545s] -- Up-to-date: /home/ros-industrial/robocon_ws/install/robocon2023_b_dash/share/robocon2023_b_dash/cmake/robocon2023_b_dashConfig-version.cmake
[3.545s] -- Up-to-date: /home/ros-industrial/robocon_ws/install/robocon2023_b_dash/share/robocon2023_b_dash/package.xml
[3.547s] Invoked command in '/home/ros-industrial/robocon_ws/build/robocon2023_b_dash' returned '0': CMAKE_PREFIX_PATH=${CMAKE_PREFIX_PATH}:/opt/ros/foxy /usr/bin/cmake --install /home/ros-industrial/robocon_ws/build/robocon2023_b_dash
