[0.531s] Invoking command in '/home/kaibuchisoma/robocon_ws/build/robocon2023_b_dash_transceiver': CMAKE_PREFIX_PATH=${CMAKE_PREFIX_PATH}:/home/kaibuchisoma/robocon_ws/install/fruit_detection:/opt/ros/humble /usr/bin/cmake /home/kaibuchisoma/robocon_ws/src/robocon2023_b_dash_transceiver -DCMAKE_INSTALL_PREFIX=/home/kaibuchisoma/robocon_ws/install/robocon2023_b_dash_transceiver
[0.595s] -- The C compiler identification is GNU 11.4.0
[0.660s] -- The CXX compiler identification is GNU 11.4.0
[0.669s] -- Detecting C compiler ABI info
[0.761s] -- Detecting C compiler ABI info - done
[0.771s] -- Check for working C compiler: /usr/bin/cc - skipped
[0.771s] -- Detecting C compile features
[0.772s] -- Detecting C compile features - done
[0.775s] -- Detecting CXX compiler ABI info
[0.889s] -- Detecting CXX compiler ABI info - done
[0.905s] -- Check for working CXX compiler: /usr/bin/c++ - skipped
[0.905s] -- Detecting CXX compile features
[0.906s] -- Detecting CXX compile features - done
[0.906s] -- Found ament_cmake: 1.3.5 (/opt/ros/humble/share/ament_cmake/cmake)
[1.127s] -- Found Python3: /usr/bin/python3.10 (found version "3.10.12") found components: Interpreter 
[1.264s] -- Found rclcpp: 16.0.6 (/opt/ros/humble/share/rclcpp/cmake)
[1.324s] -- Found rosidl_generator_c: 3.1.5 (/opt/ros/humble/share/rosidl_generator_c/cmake)
[1.333s] -- Found rosidl_adapter: 3.1.5 (/opt/ros/humble/share/rosidl_adapter/cmake)
[1.345s] -- Found rosidl_generator_cpp: 3.1.5 (/opt/ros/humble/share/rosidl_generator_cpp/cmake)
[1.369s] -- Using all available rosidl_typesupport_c: rosidl_typesupport_fastrtps_c;rosidl_typesupport_introspection_c
[1.396s] -- Using all available rosidl_typesupport_cpp: rosidl_typesupport_fastrtps_cpp;rosidl_typesupport_introspection_cpp
[1.467s] -- Found rmw_implementation_cmake: 6.1.1 (/opt/ros/humble/share/rmw_implementation_cmake/cmake)
[1.470s] -- Found rmw_fastrtps_cpp: 6.2.4 (/opt/ros/humble/share/rmw_fastrtps_cpp/cmake)
[1.580s] -- Found OpenSSL: /usr/lib/x86_64-linux-gnu/libcrypto.so (found version "3.0.2")  
[1.615s] -- Found FastRTPS: /opt/ros/humble/include  
[1.683s] -- Using RMW implementation 'rmw_fastrtps_cpp' as default
[1.697s] -- Looking for pthread.h
[1.788s] -- Looking for pthread.h - found
[1.788s] -- Performing Test CMAKE_HAVE_LIBC_PTHREAD
[1.880s] -- Performing Test CMAKE_HAVE_LIBC_PTHREAD - Success
[1.881s] -- Found Threads: TRUE  
[2.142s] -- Found rclcpp_components: 16.0.6 (/opt/ros/humble/share/rclcpp_components/cmake)
[2.257s] -- Found sdl2_vendor: 3.1.0 (/opt/ros/humble/share/sdl2_vendor/cmake)
[2.266s] -- Found sensor_msgs: 4.2.3 (/opt/ros/humble/share/sensor_msgs/cmake)
[2.479s] -- Found ament_lint_auto: 0.12.8 (/opt/ros/humble/share/ament_lint_auto/cmake)
[2.605s] -- Added test 'cppcheck' to perform static code analysis on C / C++ code
[2.606s] -- Configured cppcheck include dirs: $<BUILD_INTERFACE:/home/kaibuchisoma/robocon_ws/src/robocon2023_b_dash_transceiver/include>
[2.606s] -- Configured cppcheck exclude dirs and/or files: 
[2.607s] -- Added test 'cpplint' to check C / C++ code against the Google style
[2.607s] -- Configured cpplint exclude dirs and/or files: 
[2.609s] -- Added test 'flake8' to check Python code syntax and style conventions
[2.610s] -- Added test 'lint_cmake' to check CMake code style
[2.610s] -- Added test 'pep257' to check Python code against some of the docstring style conventions in PEP 257
[2.611s] -- Added test 'uncrustify' to check C / C++ code style
[2.611s] -- Configured uncrustify additional arguments: 
[2.611s] -- Added test 'xmllint' to check XML markup files
[2.613s] -- Configuring done
[2.650s] -- Generating done
[2.651s] -- Build files have been written to: /home/kaibuchisoma/robocon_ws/build/robocon2023_b_dash_transceiver
[2.704s] Invoked command in '/home/kaibuchisoma/robocon_ws/build/robocon2023_b_dash_transceiver' returned '0': CMAKE_PREFIX_PATH=${CMAKE_PREFIX_PATH}:/home/kaibuchisoma/robocon_ws/install/fruit_detection:/opt/ros/humble /usr/bin/cmake /home/kaibuchisoma/robocon_ws/src/robocon2023_b_dash_transceiver -DCMAKE_INSTALL_PREFIX=/home/kaibuchisoma/robocon_ws/install/robocon2023_b_dash_transceiver
[2.706s] Invoking command in '/home/kaibuchisoma/robocon_ws/build/robocon2023_b_dash_transceiver': CMAKE_PREFIX_PATH=${CMAKE_PREFIX_PATH}:/home/kaibuchisoma/robocon_ws/install/fruit_detection:/opt/ros/humble /usr/bin/cmake --build /home/kaibuchisoma/robocon_ws/build/robocon2023_b_dash_transceiver -- -j12 -l12
[2.762s] [35m[1mConsolidate compiler generated dependencies of target joy[0m
[2.762s] [35m[1mConsolidate compiler generated dependencies of target joy_enumerate_devices[0m
[2.764s] [35m[1mConsolidate compiler generated dependencies of target joy_node[0m
[2.767s] [35m[1mConsolidate compiler generated dependencies of target program_checker_node[0m
[2.783s] [35m[1mConsolidate compiler generated dependencies of target usb920_node[0m
[2.797s] [ 20%] Built target joy_enumerate_devices
[2.809s] [ 40%] Built target joy_node
[2.820s] [ 60%] Built target program_checker_node
[2.829s] [ 80%] Built target joy
[2.829s] [100%] Built target usb920_node
[2.871s] Invoked command in '/home/kaibuchisoma/robocon_ws/build/robocon2023_b_dash_transceiver' returned '0': CMAKE_PREFIX_PATH=${CMAKE_PREFIX_PATH}:/home/kaibuchisoma/robocon_ws/install/fruit_detection:/opt/ros/humble /usr/bin/cmake --build /home/kaibuchisoma/robocon_ws/build/robocon2023_b_dash_transceiver -- -j12 -l12
[3.040s] Invoking command in '/home/kaibuchisoma/robocon_ws/build/robocon2023_b_dash_transceiver': CMAKE_PREFIX_PATH=${CMAKE_PREFIX_PATH}:/home/kaibuchisoma/robocon_ws/install/fruit_detection:/opt/ros/humble /usr/bin/cmake --install /home/kaibuchisoma/robocon_ws/build/robocon2023_b_dash_transceiver
[3.048s] -- Install configuration: ""
[3.049s] -- Up-to-date: /home/kaibuchisoma/robocon_ws/install/robocon2023_b_dash_transceiver/lib/libjoy.so
[3.051s] -- Up-to-date: /home/kaibuchisoma/robocon_ws/install/robocon2023_b_dash_transceiver/lib/robocon2023_b_dash_transceiver/joy_node
[3.052s] -- Up-to-date: /home/kaibuchisoma/robocon_ws/install/robocon2023_b_dash_transceiver/lib/robocon2023_b_dash_transceiver/joy_enumerate_devices
[3.053s] -- Up-to-date: /home/kaibuchisoma/robocon_ws/install/robocon2023_b_dash_transceiver/include/robocon2023_b_dash_transceiver
[3.053s] -- Up-to-date: /home/kaibuchisoma/robocon_ws/install/robocon2023_b_dash_transceiver/include/robocon2023_b_dash_transceiver/robocon2023_b_dash_transceiver
[3.053s] -- Up-to-date: /home/kaibuchisoma/robocon_ws/install/robocon2023_b_dash_transceiver/include/robocon2023_b_dash_transceiver/robocon2023_b_dash_transceiver/DualShock.h
[3.053s] -- Up-to-date: /home/kaibuchisoma/robocon_ws/install/robocon2023_b_dash_transceiver/include/robocon2023_b_dash_transceiver/robocon2023_b_dash_transceiver/joy.hpp
[3.054s] -- Up-to-date: /home/kaibuchisoma/robocon_ws/install/robocon2023_b_dash_transceiver/share/robocon2023_b_dash_transceiver/config
[3.054s] -- Up-to-date: /home/kaibuchisoma/robocon_ws/install/robocon2023_b_dash_transceiver/share/robocon2023_b_dash_transceiver/launch
[3.054s] -- Up-to-date: /home/kaibuchisoma/robocon_ws/install/robocon2023_b_dash_transceiver/share/robocon2023_b_dash_transceiver/launch/all_launch.py
[3.055s] -- Up-to-date: /home/kaibuchisoma/robocon_ws/install/robocon2023_b_dash_transceiver/lib/robocon2023_b_dash_transceiver/usb920_node
[3.056s] -- Up-to-date: /home/kaibuchisoma/robocon_ws/install/robocon2023_b_dash_transceiver/lib/robocon2023_b_dash_transceiver/program_checker_node
[3.056s] -- Up-to-date: /home/kaibuchisoma/robocon_ws/install/robocon2023_b_dash_transceiver/share/ament_index/resource_index/package_run_dependencies/robocon2023_b_dash_transceiver
[3.056s] -- Up-to-date: /home/kaibuchisoma/robocon_ws/install/robocon2023_b_dash_transceiver/share/ament_index/resource_index/parent_prefix_path/robocon2023_b_dash_transceiver
[3.056s] -- Up-to-date: /home/kaibuchisoma/robocon_ws/install/robocon2023_b_dash_transceiver/share/robocon2023_b_dash_transceiver/environment/ament_prefix_path.sh
[3.056s] -- Installing: /home/kaibuchisoma/robocon_ws/install/robocon2023_b_dash_transceiver/share/robocon2023_b_dash_transceiver/environment/ament_prefix_path.dsv
[3.057s] -- Up-to-date: /home/kaibuchisoma/robocon_ws/install/robocon2023_b_dash_transceiver/share/robocon2023_b_dash_transceiver/environment/path.sh
[3.057s] -- Installing: /home/kaibuchisoma/robocon_ws/install/robocon2023_b_dash_transceiver/share/robocon2023_b_dash_transceiver/environment/path.dsv
[3.057s] -- Up-to-date: /home/kaibuchisoma/robocon_ws/install/robocon2023_b_dash_transceiver/share/robocon2023_b_dash_transceiver/local_setup.bash
[3.057s] -- Up-to-date: /home/kaibuchisoma/robocon_ws/install/robocon2023_b_dash_transceiver/share/robocon2023_b_dash_transceiver/local_setup.sh
[3.057s] -- Up-to-date: /home/kaibuchisoma/robocon_ws/install/robocon2023_b_dash_transceiver/share/robocon2023_b_dash_transceiver/local_setup.zsh
[3.057s] -- Installing: /home/kaibuchisoma/robocon_ws/install/robocon2023_b_dash_transceiver/share/robocon2023_b_dash_transceiver/local_setup.dsv
[3.057s] -- Installing: /home/kaibuchisoma/robocon_ws/install/robocon2023_b_dash_transceiver/share/robocon2023_b_dash_transceiver/package.dsv
[3.057s] -- Up-to-date: /home/kaibuchisoma/robocon_ws/install/robocon2023_b_dash_transceiver/share/ament_index/resource_index/packages/robocon2023_b_dash_transceiver
[3.058s] -- Up-to-date: /home/kaibuchisoma/robocon_ws/install/robocon2023_b_dash_transceiver/share/ament_index/resource_index/rclcpp_components/robocon2023_b_dash_transceiver
[3.058s] -- Up-to-date: /home/kaibuchisoma/robocon_ws/install/robocon2023_b_dash_transceiver/share/robocon2023_b_dash_transceiver/cmake/export_joyExport.cmake
[3.058s] -- Up-to-date: /home/kaibuchisoma/robocon_ws/install/robocon2023_b_dash_transceiver/share/robocon2023_b_dash_transceiver/cmake/export_joyExport-noconfig.cmake
[3.058s] -- Up-to-date: /home/kaibuchisoma/robocon_ws/install/robocon2023_b_dash_transceiver/share/robocon2023_b_dash_transceiver/cmake/ament_cmake_export_targets-extras.cmake
[3.058s] -- Up-to-date: /home/kaibuchisoma/robocon_ws/install/robocon2023_b_dash_transceiver/share/robocon2023_b_dash_transceiver/cmake/ament_cmake_export_dependencies-extras.cmake
[3.059s] -- Up-to-date: /home/kaibuchisoma/robocon_ws/install/robocon2023_b_dash_transceiver/share/robocon2023_b_dash_transceiver/cmake/robocon2023_b_dash_transceiverConfig.cmake
[3.059s] -- Up-to-date: /home/kaibuchisoma/robocon_ws/install/robocon2023_b_dash_transceiver/share/robocon2023_b_dash_transceiver/cmake/robocon2023_b_dash_transceiverConfig-version.cmake
[3.059s] -- Up-to-date: /home/kaibuchisoma/robocon_ws/install/robocon2023_b_dash_transceiver/share/robocon2023_b_dash_transceiver/package.xml
[3.188s] Invoked command in '/home/kaibuchisoma/robocon_ws/build/robocon2023_b_dash_transceiver' returned '0': CMAKE_PREFIX_PATH=${CMAKE_PREFIX_PATH}:/home/kaibuchisoma/robocon_ws/install/fruit_detection:/opt/ros/humble /usr/bin/cmake --install /home/kaibuchisoma/robocon_ws/build/robocon2023_b_dash_transceiver
