[1.006s] [34mcolcon[0m [1;30mDEBUG[0m [32mCommand line arguments: ['/usr/bin/colcon', 'build', '--cmake-clean-cache'][0m
[1.006s] [34mcolcon[0m [1;30mDEBUG[0m [32mParsed command line arguments: Namespace(log_base=None, log_level=None, verb_name='build', build_base='build', install_base='install', merge_install=False, symlink_install=False, test_result_base=None, continue_on_error=False, executor='parallel', parallel_workers=8, event_handlers=None, ignore_user_meta=False, metas=['./colcon.meta'], base_paths=['.'], packages_ignore=None, packages_ignore_regex=None, paths=None, packages_up_to=None, packages_up_to_regex=None, packages_above=None, packages_above_and_dependencies=None, packages_above_depth=None, packages_select_by_dep=None, packages_skip_by_dep=None, packages_skip_up_to=None, packages_select_build_failed=False, packages_skip_build_finished=False, packages_select_test_failures=False, packages_skip_test_passed=False, packages_select=None, packages_skip=None, packages_select_regex=None, packages_skip_regex=None, packages_start=None, packages_end=None, allow_overriding=[], cmake_args=None, cmake_target=None, cmake_target_skip_unavailable=False, cmake_clean_cache=True, cmake_clean_first=False, cmake_force_configure=False, ament_cmake_args=None, catkin_cmake_args=None, catkin_skip_building_tests=False, verb_parser=<colcon_defaults.argument_parser.defaults.DefaultArgumentsDecorator object at 0x7fb33f5456f0>, verb_extension=<colcon_core.verb.build.BuildVerb object at 0x7fb33f9c76a0>, main=<bound method BuildVerb.main of <colcon_core.verb.build.BuildVerb object at 0x7fb33f9c76a0>>)[0m
[1.053s] [34mcolcon.colcon_core.package_discovery[0m [1;30mLevel 1[0m discover_packages(colcon_meta) check parameters
[1.053s] [34mcolcon.colcon_core.package_discovery[0m [1;30mLevel 1[0m discover_packages(recursive) check parameters
[1.053s] [34mcolcon.colcon_core.package_discovery[0m [1;30mLevel 1[0m discover_packages(ignore) check parameters
[1.053s] [34mcolcon.colcon_core.package_discovery[0m [1;30mLevel 1[0m discover_packages(path) check parameters
[1.053s] [34mcolcon.colcon_core.package_discovery[0m [1;30mLevel 1[0m discover_packages(colcon_meta) discover
[1.053s] [34mcolcon.colcon_core.package_discovery[0m [1;30mLevel 1[0m discover_packages(recursive) discover
[1.053s] [34mcolcon.colcon_core.package_discovery[0m [1;30mINFO[0m Crawling recursively for packages in '/home/roboconb/RoboconDetectionFruit-master'
[1.053s] [34mcolcon.colcon_core.package_identification[0m [1;30mLevel 1[0m _identify(.) by extensions ['ignore', 'ignore_ament_install']
[1.053s] [34mcolcon.colcon_core.package_identification[0m [1;30mLevel 1[0m _identify(.) by extension 'ignore'
[1.053s] [34mcolcon.colcon_core.package_identification[0m [1;30mLevel 1[0m _identify(.) by extension 'ignore_ament_install'
[1.053s] [34mcolcon.colcon_core.package_identification[0m [1;30mLevel 1[0m _identify(.) by extensions ['colcon_pkg']
[1.053s] [34mcolcon.colcon_core.package_identification[0m [1;30mLevel 1[0m _identify(.) by extension 'colcon_pkg'
[1.053s] [34mcolcon.colcon_core.package_identification[0m [1;30mLevel 1[0m _identify(.) by extensions ['colcon_meta']
[1.053s] [34mcolcon.colcon_core.package_identification[0m [1;30mLevel 1[0m _identify(.) by extension 'colcon_meta'
[1.053s] [34mcolcon.colcon_core.package_identification[0m [1;30mLevel 1[0m _identify(.) by extensions ['ros']
[1.053s] [34mcolcon.colcon_core.package_identification[0m [1;30mLevel 1[0m _identify(.) by extension 'ros'
[1.063s] [34mcolcon.colcon_core.package_identification[0m [1;30mLevel 1[0m _identify(.) by extensions ['cmake', 'python']
[1.063s] [34mcolcon.colcon_core.package_identification[0m [1;30mLevel 1[0m _identify(.) by extension 'cmake'
[1.063s] [34mcolcon.colcon_core.package_identification[0m [1;30mLevel 1[0m _identify(.) by extension 'python'
[1.063s] [34mcolcon.colcon_core.package_identification[0m [1;30mLevel 1[0m _identify(.) by extensions ['python_setup_py']
[1.063s] [34mcolcon.colcon_core.package_identification[0m [1;30mLevel 1[0m _identify(.) by extension 'python_setup_py'
[1.063s] [34mcolcon.colcon_core.package_identification[0m [1;30mLevel 1[0m _identify(build) by extensions ['ignore', 'ignore_ament_install']
[1.063s] [34mcolcon.colcon_core.package_identification[0m [1;30mLevel 1[0m _identify(build) by extension 'ignore'
[1.063s] [34mcolcon.colcon_core.package_identification[0m [1;30mLevel 1[0m _identify(build) ignored
[1.064s] [34mcolcon.colcon_core.package_identification[0m [1;30mLevel 1[0m _identify(install) by extensions ['ignore', 'ignore_ament_install']
[1.064s] [34mcolcon.colcon_core.package_identification[0m [1;30mLevel 1[0m _identify(install) by extension 'ignore'
[1.064s] [34mcolcon.colcon_core.package_identification[0m [1;30mLevel 1[0m _identify(install) ignored
[1.064s] [34mcolcon.colcon_core.package_identification[0m [1;30mLevel 1[0m _identify(log) by extensions ['ignore', 'ignore_ament_install']
[1.064s] [34mcolcon.colcon_core.package_identification[0m [1;30mLevel 1[0m _identify(log) by extension 'ignore'
[1.064s] [34mcolcon.colcon_core.package_identification[0m [1;30mLevel 1[0m _identify(log) ignored
[1.064s] [34mcolcon.colcon_core.package_identification[0m [1;30mLevel 1[0m _identify(src) by extensions ['ignore', 'ignore_ament_install']
[1.064s] [34mcolcon.colcon_core.package_identification[0m [1;30mLevel 1[0m _identify(src) by extension 'ignore'
[1.064s] [34mcolcon.colcon_core.package_identification[0m [1;30mLevel 1[0m _identify(src) by extension 'ignore_ament_install'
[1.064s] [34mcolcon.colcon_core.package_identification[0m [1;30mLevel 1[0m _identify(src) by extensions ['colcon_pkg']
[1.064s] [34mcolcon.colcon_core.package_identification[0m [1;30mLevel 1[0m _identify(src) by extension 'colcon_pkg'
[1.064s] [34mcolcon.colcon_core.package_identification[0m [1;30mLevel 1[0m _identify(src) by extensions ['colcon_meta']
[1.064s] [34mcolcon.colcon_core.package_identification[0m [1;30mLevel 1[0m _identify(src) by extension 'colcon_meta'
[1.065s] [34mcolcon.colcon_core.package_identification[0m [1;30mLevel 1[0m _identify(src) by extensions ['ros']
[1.065s] [34mcolcon.colcon_core.package_identification[0m [1;30mLevel 1[0m _identify(src) by extension 'ros'
[1.065s] [34mcolcon.colcon_core.package_identification[0m [1;30mLevel 1[0m _identify(src) by extensions ['cmake', 'python']
[1.065s] [34mcolcon.colcon_core.package_identification[0m [1;30mLevel 1[0m _identify(src) by extension 'cmake'
[1.065s] [34mcolcon.colcon_core.package_identification[0m [1;30mLevel 1[0m _identify(src) by extension 'python'
[1.065s] [34mcolcon.colcon_core.package_identification[0m [1;30mLevel 1[0m _identify(src) by extensions ['python_setup_py']
[1.065s] [34mcolcon.colcon_core.package_identification[0m [1;30mLevel 1[0m _identify(src) by extension 'python_setup_py'
[1.065s] [34mcolcon.colcon_core.package_identification[0m [1;30mLevel 1[0m _identify(src/build) by extensions ['ignore', 'ignore_ament_install']
[1.065s] [34mcolcon.colcon_core.package_identification[0m [1;30mLevel 1[0m _identify(src/build) by extension 'ignore'
[1.065s] [34mcolcon.colcon_core.package_identification[0m [1;30mLevel 1[0m _identify(src/build) ignored
[1.065s] [34mcolcon.colcon_core.package_identification[0m [1;30mLevel 1[0m _identify(src/fruit_detection) by extensions ['ignore', 'ignore_ament_install']
[1.065s] [34mcolcon.colcon_core.package_identification[0m [1;30mLevel 1[0m _identify(src/fruit_detection) by extension 'ignore'
[1.065s] [34mcolcon.colcon_core.package_identification[0m [1;30mLevel 1[0m _identify(src/fruit_detection) by extension 'ignore_ament_install'
[1.065s] [34mcolcon.colcon_core.package_identification[0m [1;30mLevel 1[0m _identify(src/fruit_detection) by extensions ['colcon_pkg']
[1.065s] [34mcolcon.colcon_core.package_identification[0m [1;30mLevel 1[0m _identify(src/fruit_detection) by extension 'colcon_pkg'
[1.065s] [34mcolcon.colcon_core.package_identification[0m [1;30mLevel 1[0m _identify(src/fruit_detection) by extensions ['colcon_meta']
[1.065s] [34mcolcon.colcon_core.package_identification[0m [1;30mLevel 1[0m _identify(src/fruit_detection) by extension 'colcon_meta'
[1.065s] [34mcolcon.colcon_core.package_identification[0m [1;30mLevel 1[0m _identify(src/fruit_detection) by extensions ['ros']
[1.065s] [34mcolcon.colcon_core.package_identification[0m [1;30mLevel 1[0m _identify(src/fruit_detection) by extension 'ros'
[1.067s] [34mcolcon.colcon_core.package_identification[0m [1;30mDEBUG[0m [32mPackage 'src/fruit_detection' with type 'ros.ament_python' and name 'fruit_detection'[0m
[1.068s] [34mcolcon.colcon_core.package_identification[0m [1;30mLevel 1[0m _identify(src/install) by extensions ['ignore', 'ignore_ament_install']
[1.068s] [34mcolcon.colcon_core.package_identification[0m [1;30mLevel 1[0m _identify(src/install) by extension 'ignore'
[1.068s] [34mcolcon.colcon_core.package_identification[0m [1;30mLevel 1[0m _identify(src/install) ignored
[1.068s] [34mcolcon.colcon_core.package_identification[0m [1;30mLevel 1[0m _identify(src/log) by extensions ['ignore', 'ignore_ament_install']
[1.068s] [34mcolcon.colcon_core.package_identification[0m [1;30mLevel 1[0m _identify(src/log) by extension 'ignore'
[1.068s] [34mcolcon.colcon_core.package_identification[0m [1;30mLevel 1[0m _identify(src/log) ignored
[1.068s] [34mcolcon.colcon_core.package_identification[0m [1;30mLevel 1[0m _identify(src/robocon2023_b_dash) by extensions ['ignore', 'ignore_ament_install']
[1.068s] [34mcolcon.colcon_core.package_identification[0m [1;30mLevel 1[0m _identify(src/robocon2023_b_dash) by extension 'ignore'
[1.068s] [34mcolcon.colcon_core.package_identification[0m [1;30mLevel 1[0m _identify(src/robocon2023_b_dash) by extension 'ignore_ament_install'
[1.068s] [34mcolcon.colcon_core.package_identification[0m [1;30mLevel 1[0m _identify(src/robocon2023_b_dash) by extensions ['colcon_pkg']
[1.068s] [34mcolcon.colcon_core.package_identification[0m [1;30mLevel 1[0m _identify(src/robocon2023_b_dash) by extension 'colcon_pkg'
[1.068s] [34mcolcon.colcon_core.package_identification[0m [1;30mLevel 1[0m _identify(src/robocon2023_b_dash) by extensions ['colcon_meta']
[1.068s] [34mcolcon.colcon_core.package_identification[0m [1;30mLevel 1[0m _identify(src/robocon2023_b_dash) by extension 'colcon_meta'
[1.068s] [34mcolcon.colcon_core.package_identification[0m [1;30mLevel 1[0m _identify(src/robocon2023_b_dash) by extensions ['ros']
[1.068s] [34mcolcon.colcon_core.package_identification[0m [1;30mLevel 1[0m _identify(src/robocon2023_b_dash) by extension 'ros'
[1.069s] [34mcolcon.colcon_core.package_identification[0m [1;30mDEBUG[0m [32mPackage 'src/robocon2023_b_dash' with type 'ros.ament_cmake' and name 'robocon2023_b_dash'[0m
[1.069s] [34mcolcon.colcon_core.package_identification[0m [1;30mLevel 1[0m _identify(src/ros_to_kimd) by extensions ['ignore', 'ignore_ament_install']
[1.069s] [34mcolcon.colcon_core.package_identification[0m [1;30mLevel 1[0m _identify(src/ros_to_kimd) by extension 'ignore'
[1.069s] [34mcolcon.colcon_core.package_identification[0m [1;30mLevel 1[0m _identify(src/ros_to_kimd) by extension 'ignore_ament_install'
[1.069s] [34mcolcon.colcon_core.package_identification[0m [1;30mLevel 1[0m _identify(src/ros_to_kimd) by extensions ['colcon_pkg']
[1.069s] [34mcolcon.colcon_core.package_identification[0m [1;30mLevel 1[0m _identify(src/ros_to_kimd) by extension 'colcon_pkg'
[1.069s] [34mcolcon.colcon_core.package_identification[0m [1;30mLevel 1[0m _identify(src/ros_to_kimd) by extensions ['colcon_meta']
[1.069s] [34mcolcon.colcon_core.package_identification[0m [1;30mLevel 1[0m _identify(src/ros_to_kimd) by extension 'colcon_meta'
[1.069s] [34mcolcon.colcon_core.package_identification[0m [1;30mLevel 1[0m _identify(src/ros_to_kimd) by extensions ['ros']
[1.069s] [34mcolcon.colcon_core.package_identification[0m [1;30mLevel 1[0m _identify(src/ros_to_kimd) by extension 'ros'
[1.070s] [34mcolcon.colcon_core.package_identification[0m [1;30mDEBUG[0m [32mPackage 'src/ros_to_kimd' with type 'ros.ament_cmake' and name 'ros_to_kimd'[0m
[1.070s] [34mcolcon.colcon_core.package_discovery[0m [1;30mLevel 1[0m discover_packages(recursive) using defaults
[1.070s] [34mcolcon.colcon_core.package_discovery[0m [1;30mLevel 1[0m discover_packages(ignore) discover
[1.070s] [34mcolcon.colcon_core.package_discovery[0m [1;30mLevel 1[0m discover_packages(ignore) using defaults
[1.070s] [34mcolcon.colcon_core.package_discovery[0m [1;30mLevel 1[0m discover_packages(path) discover
[1.070s] [34mcolcon.colcon_core.package_discovery[0m [1;30mLevel 1[0m discover_packages(path) using defaults
[1.165s] [34mcolcon.colcon_core.package_discovery[0m [1;30mLevel 1[0m discover_packages(prefix_path) check parameters
[1.165s] [34mcolcon.colcon_core.package_discovery[0m [1;30mLevel 1[0m discover_packages(prefix_path) discover
[1.199s] [34mcolcon.colcon_installed_package_information.package_discovery[0m [1;30mDEBUG[0m [32mFound 3 installed packages in /home/roboconb/RoboconDetectionFruit-master/install[0m
[1.216s] [34mcolcon.colcon_installed_package_information.package_discovery[0m [1;30mDEBUG[0m [32mFound 270 installed packages in /opt/ros/humble[0m
[1.217s] [34mcolcon.colcon_core.package_discovery[0m [1;30mLevel 1[0m discover_packages(prefix_path) using defaults
[1.315s] [34mcolcon.colcon_core.verb[0m [1;30mLevel 5[0m set package 'fruit_detection' build argument 'cmake_args' from command line to 'None'
[1.315s] [34mcolcon.colcon_core.verb[0m [1;30mLevel 5[0m set package 'fruit_detection' build argument 'cmake_target' from command line to 'None'
[1.315s] [34mcolcon.colcon_core.verb[0m [1;30mLevel 5[0m set package 'fruit_detection' build argument 'cmake_target_skip_unavailable' from command line to 'False'
[1.315s] [34mcolcon.colcon_core.verb[0m [1;30mLevel 5[0m set package 'fruit_detection' build argument 'cmake_clean_cache' from command line to 'True'
[1.315s] [34mcolcon.colcon_core.verb[0m [1;30mLevel 5[0m set package 'fruit_detection' build argument 'cmake_clean_first' from command line to 'False'
[1.315s] [34mcolcon.colcon_core.verb[0m [1;30mLevel 5[0m set package 'fruit_detection' build argument 'cmake_force_configure' from command line to 'False'
[1.315s] [34mcolcon.colcon_core.verb[0m [1;30mLevel 5[0m set package 'fruit_detection' build argument 'ament_cmake_args' from command line to 'None'
[1.315s] [34mcolcon.colcon_core.verb[0m [1;30mLevel 5[0m set package 'fruit_detection' build argument 'catkin_cmake_args' from command line to 'None'
[1.315s] [34mcolcon.colcon_core.verb[0m [1;30mLevel 5[0m set package 'fruit_detection' build argument 'catkin_skip_building_tests' from command line to 'False'
[1.315s] [34mcolcon.colcon_core.verb[0m [1;30mDEBUG[0m [32mBuilding package 'fruit_detection' with the following arguments: {'ament_cmake_args': None, 'build_base': '/home/roboconb/RoboconDetectionFruit-master/build/fruit_detection', 'catkin_cmake_args': None, 'catkin_skip_building_tests': False, 'cmake_args': None, 'cmake_clean_cache': True, 'cmake_clean_first': False, 'cmake_force_configure': False, 'cmake_target': None, 'cmake_target_skip_unavailable': False, 'install_base': '/home/roboconb/RoboconDetectionFruit-master/install/fruit_detection', 'merge_install': False, 'path': '/home/roboconb/RoboconDetectionFruit-master/src/fruit_detection', 'symlink_install': False, 'test_result_base': None}[0m
[1.331s] [34mcolcon.colcon_core.verb[0m [1;30mLevel 5[0m set package 'robocon2023_b_dash' build argument 'cmake_args' from command line to 'None'
[1.331s] [34mcolcon.colcon_core.verb[0m [1;30mLevel 5[0m set package 'robocon2023_b_dash' build argument 'cmake_target' from command line to 'None'
[1.331s] [34mcolcon.colcon_core.verb[0m [1;30mLevel 5[0m set package 'robocon2023_b_dash' build argument 'cmake_target_skip_unavailable' from command line to 'False'
[1.331s] [34mcolcon.colcon_core.verb[0m [1;30mLevel 5[0m set package 'robocon2023_b_dash' build argument 'cmake_clean_cache' from command line to 'True'
[1.331s] [34mcolcon.colcon_core.verb[0m [1;30mLevel 5[0m set package 'robocon2023_b_dash' build argument 'cmake_clean_first' from command line to 'False'
[1.331s] [34mcolcon.colcon_core.verb[0m [1;30mLevel 5[0m set package 'robocon2023_b_dash' build argument 'cmake_force_configure' from command line to 'False'
[1.331s] [34mcolcon.colcon_core.verb[0m [1;30mLevel 5[0m set package 'robocon2023_b_dash' build argument 'ament_cmake_args' from command line to 'None'
[1.331s] [34mcolcon.colcon_core.verb[0m [1;30mLevel 5[0m set package 'robocon2023_b_dash' build argument 'catkin_cmake_args' from command line to 'None'
[1.331s] [34mcolcon.colcon_core.verb[0m [1;30mLevel 5[0m set package 'robocon2023_b_dash' build argument 'catkin_skip_building_tests' from command line to 'False'
[1.331s] [34mcolcon.colcon_core.verb[0m [1;30mDEBUG[0m [32mBuilding package 'robocon2023_b_dash' with the following arguments: {'ament_cmake_args': None, 'build_base': '/home/roboconb/RoboconDetectionFruit-master/build/robocon2023_b_dash', 'catkin_cmake_args': None, 'catkin_skip_building_tests': False, 'cmake_args': None, 'cmake_clean_cache': True, 'cmake_clean_first': False, 'cmake_force_configure': False, 'cmake_target': None, 'cmake_target_skip_unavailable': False, 'install_base': '/home/roboconb/RoboconDetectionFruit-master/install/robocon2023_b_dash', 'merge_install': False, 'path': '/home/roboconb/RoboconDetectionFruit-master/src/robocon2023_b_dash', 'symlink_install': False, 'test_result_base': None}[0m
[1.349s] [34mcolcon.colcon_core.verb[0m [1;30mLevel 5[0m set package 'ros_to_kimd' build argument 'cmake_args' from command line to 'None'
[1.349s] [34mcolcon.colcon_core.verb[0m [1;30mLevel 5[0m set package 'ros_to_kimd' build argument 'cmake_target' from command line to 'None'
[1.349s] [34mcolcon.colcon_core.verb[0m [1;30mLevel 5[0m set package 'ros_to_kimd' build argument 'cmake_target_skip_unavailable' from command line to 'False'
[1.349s] [34mcolcon.colcon_core.verb[0m [1;30mLevel 5[0m set package 'ros_to_kimd' build argument 'cmake_clean_cache' from command line to 'True'
[1.349s] [34mcolcon.colcon_core.verb[0m [1;30mLevel 5[0m set package 'ros_to_kimd' build argument 'cmake_clean_first' from command line to 'False'
[1.349s] [34mcolcon.colcon_core.verb[0m [1;30mLevel 5[0m set package 'ros_to_kimd' build argument 'cmake_force_configure' from command line to 'False'
[1.349s] [34mcolcon.colcon_core.verb[0m [1;30mLevel 5[0m set package 'ros_to_kimd' build argument 'ament_cmake_args' from command line to 'None'
[1.349s] [34mcolcon.colcon_core.verb[0m [1;30mLevel 5[0m set package 'ros_to_kimd' build argument 'catkin_cmake_args' from command line to 'None'
[1.349s] [34mcolcon.colcon_core.verb[0m [1;30mLevel 5[0m set package 'ros_to_kimd' build argument 'catkin_skip_building_tests' from command line to 'False'
[1.349s] [34mcolcon.colcon_core.verb[0m [1;30mDEBUG[0m [32mBuilding package 'ros_to_kimd' with the following arguments: {'ament_cmake_args': None, 'build_base': '/home/roboconb/RoboconDetectionFruit-master/build/ros_to_kimd', 'catkin_cmake_args': None, 'catkin_skip_building_tests': False, 'cmake_args': None, 'cmake_clean_cache': True, 'cmake_clean_first': False, 'cmake_force_configure': False, 'cmake_target': None, 'cmake_target_skip_unavailable': False, 'install_base': '/home/roboconb/RoboconDetectionFruit-master/install/ros_to_kimd', 'merge_install': False, 'path': '/home/roboconb/RoboconDetectionFruit-master/src/ros_to_kimd', 'symlink_install': False, 'test_result_base': None}[0m
[1.365s] [34mcolcon.colcon_core.executor[0m [1;30mINFO[0m Executing jobs using 'parallel' executor
[1.380s] [34mcolcon.colcon_parallel_executor.executor.parallel[0m [1;30mDEBUG[0m [32mrun_until_complete[0m
[1.381s] [34mcolcon.colcon_ros.task.ament_python.build[0m [1;30mINFO[0m Building ROS package in '/home/roboconb/RoboconDetectionFruit-master/src/fruit_detection' with build type 'ament_python'
[1.381s] [34mcolcon.colcon_core.shell[0m [1;30mLevel 1[0m create_environment_hook('fruit_detection', 'ament_prefix_path')
[1.399s] [34mcolcon.colcon_core.plugin_system[0m [1;30mINFO[0m Skipping extension 'colcon_core.shell.bat': Not used on non-Windows systems
[1.399s] [34mcolcon.colcon_core.shell[0m [1;30mINFO[0m Creating environment hook '/home/roboconb/RoboconDetectionFruit-master/install/fruit_detection/share/fruit_detection/hook/ament_prefix_path.ps1'
[1.399s] [34mcolcon.colcon_core.shell[0m [1;30mINFO[0m Creating environment descriptor '/home/roboconb/RoboconDetectionFruit-master/install/fruit_detection/share/fruit_detection/hook/ament_prefix_path.dsv'
[1.400s] [34mcolcon.colcon_core.shell[0m [1;30mINFO[0m Creating environment hook '/home/roboconb/RoboconDetectionFruit-master/install/fruit_detection/share/fruit_detection/hook/ament_prefix_path.sh'
[1.416s] [34mcolcon.colcon_core.shell[0m [1;30mINFO[0m Skip shell extension 'powershell' for command environment: Not usable outside of PowerShell
[1.416s] [34mcolcon.colcon_core.shell[0m [1;30mDEBUG[0m [32mSkip shell extension 'dsv' for command environment[0m
[1.468s] [34mcolcon.colcon_ros.task.ament_cmake.build[0m [1;30mINFO[0m Building ROS package in '/home/roboconb/RoboconDetectionFruit-master/src/robocon2023_b_dash' with build type 'ament_cmake'
[1.468s] [34mcolcon.colcon_cmake.task.cmake.build[0m [1;30mINFO[0m Building CMake package in '/home/roboconb/RoboconDetectionFruit-master/src/robocon2023_b_dash'
[1.485s] [34mcolcon.colcon_core.shell[0m [1;30mINFO[0m Skip shell extension 'powershell' for command environment: Not usable outside of PowerShell
[1.485s] [34mcolcon.colcon_core.shell[0m [1;30mDEBUG[0m [32mSkip shell extension 'dsv' for command environment[0m
[1.540s] [34mcolcon.colcon_ros.task.ament_cmake.build[0m [1;30mINFO[0m Building ROS package in '/home/roboconb/RoboconDetectionFruit-master/src/ros_to_kimd' with build type 'ament_cmake'
[1.540s] [34mcolcon.colcon_cmake.task.cmake.build[0m [1;30mINFO[0m Building CMake package in '/home/roboconb/RoboconDetectionFruit-master/src/ros_to_kimd'
[1.557s] [34mcolcon.colcon_core.shell[0m [1;30mINFO[0m Skip shell extension 'powershell' for command environment: Not usable outside of PowerShell
[1.557s] [34mcolcon.colcon_core.shell[0m [1;30mDEBUG[0m [32mSkip shell extension 'dsv' for command environment[0m
[1.883s] [34mcolcon.colcon_core.task.python.build[0m [1;30mINFO[0m Building Python package in '/home/roboconb/RoboconDetectionFruit-master/src/fruit_detection'
[1.899s] [34mcolcon.colcon_core.shell[0m [1;30mINFO[0m Skip shell extension 'powershell' for command environment: Not usable outside of PowerShell
[1.899s] [34mcolcon.colcon_core.shell[0m [1;30mDEBUG[0m [32mSkip shell extension 'dsv' for command environment[0m
[1.956s] [34mcolcon.colcon_core.event_handler.log_command[0m [1;30mDEBUG[0m [32mInvoking command in '/home/roboconb/RoboconDetectionFruit-master/build/robocon2023_b_dash': CMAKE_PREFIX_PATH=${CMAKE_PREFIX_PATH}:/home/roboconb/RoboconDetectionFruit-master/install/fruit_detection:/opt/ros/humble /usr/bin/cmake /home/roboconb/RoboconDetectionFruit-master/src/robocon2023_b_dash -DCMAKE_INSTALL_PREFIX=/home/roboconb/RoboconDetectionFruit-master/install/robocon2023_b_dash[0m
[1.960s] [34mcolcon.colcon_core.event_handler.log_command[0m [1;30mDEBUG[0m [32mInvoking command in '/home/roboconb/RoboconDetectionFruit-master/build/ros_to_kimd': CMAKE_PREFIX_PATH=${CMAKE_PREFIX_PATH}:/home/roboconb/RoboconDetectionFruit-master/install/fruit_detection:/opt/ros/humble /usr/bin/cmake /home/roboconb/RoboconDetectionFruit-master/src/ros_to_kimd -DCMAKE_INSTALL_PREFIX=/home/roboconb/RoboconDetectionFruit-master/install/ros_to_kimd[0m
[2.381s] [34mcolcon.colcon_core.event_handler.log_command[0m [1;30mDEBUG[0m [32mInvoking command in '/home/roboconb/RoboconDetectionFruit-master/src/fruit_detection': PYTHONPATH=/home/roboconb/RoboconDetectionFruit-master/build/fruit_detection/prefix_override:/home/roboconb/RoboconDetectionFruit-master/install/fruit_detection/lib/python3.10/site-packages:${PYTHONPATH} /usr/bin/python3 setup.py egg_info --egg-base ../../build/fruit_detection build --build-base /home/roboconb/RoboconDetectionFruit-master/build/fruit_detection/build install --record /home/roboconb/RoboconDetectionFruit-master/build/fruit_detection/install.log --single-version-externally-managed[0m
[2.823s] [34mcolcon.colcon_core.event_handler.log_command[0m [1;30mDEBUG[0m [32mInvoked command in '/home/roboconb/RoboconDetectionFruit-master/src/fruit_detection' returned '0': PYTHONPATH=/home/roboconb/RoboconDetectionFruit-master/build/fruit_detection/prefix_override:/home/roboconb/RoboconDetectionFruit-master/install/fruit_detection/lib/python3.10/site-packages:${PYTHONPATH} /usr/bin/python3 setup.py egg_info --egg-base ../../build/fruit_detection build --build-base /home/roboconb/RoboconDetectionFruit-master/build/fruit_detection/build install --record /home/roboconb/RoboconDetectionFruit-master/build/fruit_detection/install.log --single-version-externally-managed[0m
[2.852s] [34mcolcon.colcon_core.environment[0m [1;30mLevel 1[0m checking '/home/roboconb/RoboconDetectionFruit-master/install/fruit_detection' for CMake module files
[2.853s] [34mcolcon.colcon_core.environment[0m [1;30mLevel 1[0m checking '/home/roboconb/RoboconDetectionFruit-master/install/fruit_detection' for CMake config files
[2.853s] [34mcolcon.colcon_core.environment[0m [1;30mLevel 1[0m checking '/home/roboconb/RoboconDetectionFruit-master/install/fruit_detection/lib'
[2.854s] [34mcolcon.colcon_core.environment[0m [1;30mLevel 1[0m checking '/home/roboconb/RoboconDetectionFruit-master/install/fruit_detection/bin'
[2.854s] [34mcolcon.colcon_core.environment[0m [1;30mLevel 1[0m checking '/home/roboconb/RoboconDetectionFruit-master/install/fruit_detection/lib/pkgconfig/fruit_detection.pc'
[2.854s] [34mcolcon.colcon_core.environment[0m [1;30mLevel 1[0m checking '/home/roboconb/RoboconDetectionFruit-master/install/fruit_detection/lib/python3.10/site-packages'
[2.854s] [34mcolcon.colcon_core.shell[0m [1;30mLevel 1[0m create_environment_hook('fruit_detection', 'pythonpath')
[2.872s] [34mcolcon.colcon_core.shell[0m [1;30mINFO[0m Creating environment hook '/home/roboconb/RoboconDetectionFruit-master/install/fruit_detection/share/fruit_detection/hook/pythonpath.ps1'
[2.873s] [34mcolcon.colcon_core.shell[0m [1;30mINFO[0m Creating environment descriptor '/home/roboconb/RoboconDetectionFruit-master/install/fruit_detection/share/fruit_detection/hook/pythonpath.dsv'
[2.873s] [34mcolcon.colcon_core.shell[0m [1;30mINFO[0m Creating environment hook '/home/roboconb/RoboconDetectionFruit-master/install/fruit_detection/share/fruit_detection/hook/pythonpath.sh'
[2.874s] [34mcolcon.colcon_core.environment[0m [1;30mLevel 1[0m checking '/home/roboconb/RoboconDetectionFruit-master/install/fruit_detection/bin'
[2.874s] [34mcolcon.colcon_core.environment[0m [1;30mLevel 1[0m create_environment_scripts_only(fruit_detection)
[2.896s] [34mcolcon.colcon_core.shell[0m [1;30mINFO[0m Creating package script '/home/roboconb/RoboconDetectionFruit-master/install/fruit_detection/share/fruit_detection/package.ps1'
[2.897s] [34mcolcon.colcon_core.shell[0m [1;30mINFO[0m Creating package descriptor '/home/roboconb/RoboconDetectionFruit-master/install/fruit_detection/share/fruit_detection/package.dsv'
[2.897s] [34mcolcon.colcon_core.shell[0m [1;30mINFO[0m Creating package script '/home/roboconb/RoboconDetectionFruit-master/install/fruit_detection/share/fruit_detection/package.sh'
[2.898s] [34mcolcon.colcon_core.shell[0m [1;30mINFO[0m Creating package script '/home/roboconb/RoboconDetectionFruit-master/install/fruit_detection/share/fruit_detection/package.bash'
[2.899s] [34mcolcon.colcon_core.shell[0m [1;30mINFO[0m Creating package script '/home/roboconb/RoboconDetectionFruit-master/install/fruit_detection/share/fruit_detection/package.zsh'
[2.900s] [34mcolcon.colcon_core.environment[0m [1;30mLevel 1[0m create_file_with_runtime_dependencies(/home/roboconb/RoboconDetectionFruit-master/install/fruit_detection/share/colcon-core/packages/fruit_detection)
[3.781s] [34mcolcon.colcon_core.event_handler.log_command[0m [1;30mDEBUG[0m [32mInvoked command in '/home/roboconb/RoboconDetectionFruit-master/build/ros_to_kimd' returned '0': CMAKE_PREFIX_PATH=${CMAKE_PREFIX_PATH}:/home/roboconb/RoboconDetectionFruit-master/install/fruit_detection:/opt/ros/humble /usr/bin/cmake /home/roboconb/RoboconDetectionFruit-master/src/ros_to_kimd -DCMAKE_INSTALL_PREFIX=/home/roboconb/RoboconDetectionFruit-master/install/ros_to_kimd[0m
[3.783s] [34mcolcon.colcon_core.event_handler.log_command[0m [1;30mDEBUG[0m [32mInvoking command in '/home/roboconb/RoboconDetectionFruit-master/build/ros_to_kimd': CMAKE_PREFIX_PATH=${CMAKE_PREFIX_PATH}:/home/roboconb/RoboconDetectionFruit-master/install/fruit_detection:/opt/ros/humble /usr/bin/cmake --build /home/roboconb/RoboconDetectionFruit-master/build/ros_to_kimd -- -j8 -l8[0m
[3.841s] [34mcolcon.colcon_core.event_handler.log_command[0m [1;30mDEBUG[0m [32mInvoked command in '/home/roboconb/RoboconDetectionFruit-master/build/robocon2023_b_dash' returned '0': CMAKE_PREFIX_PATH=${CMAKE_PREFIX_PATH}:/home/roboconb/RoboconDetectionFruit-master/install/fruit_detection:/opt/ros/humble /usr/bin/cmake /home/roboconb/RoboconDetectionFruit-master/src/robocon2023_b_dash -DCMAKE_INSTALL_PREFIX=/home/roboconb/RoboconDetectionFruit-master/install/robocon2023_b_dash[0m
[3.843s] [34mcolcon.colcon_core.event_handler.log_command[0m [1;30mDEBUG[0m [32mInvoking command in '/home/roboconb/RoboconDetectionFruit-master/build/robocon2023_b_dash': CMAKE_PREFIX_PATH=${CMAKE_PREFIX_PATH}:/home/roboconb/RoboconDetectionFruit-master/install/fruit_detection:/opt/ros/humble /usr/bin/cmake --build /home/roboconb/RoboconDetectionFruit-master/build/robocon2023_b_dash -- -j8 -l8[0m
[3.870s] [34mcolcon.colcon_core.event_handler.log_command[0m [1;30mDEBUG[0m [32mInvoked command in '/home/roboconb/RoboconDetectionFruit-master/build/ros_to_kimd' returned '0': CMAKE_PREFIX_PATH=${CMAKE_PREFIX_PATH}:/home/roboconb/RoboconDetectionFruit-master/install/fruit_detection:/opt/ros/humble /usr/bin/cmake --build /home/roboconb/RoboconDetectionFruit-master/build/ros_to_kimd -- -j8 -l8[0m
[4.035s] [34mcolcon.colcon_core.event_handler.log_command[0m [1;30mDEBUG[0m [32mInvoking command in '/home/roboconb/RoboconDetectionFruit-master/build/ros_to_kimd': CMAKE_PREFIX_PATH=${CMAKE_PREFIX_PATH}:/home/roboconb/RoboconDetectionFruit-master/install/fruit_detection:/opt/ros/humble /usr/bin/cmake --install /home/roboconb/RoboconDetectionFruit-master/build/ros_to_kimd[0m
[4.058s] [34mcolcon.colcon_core.environment[0m [1;30mLevel 1[0m create_environment_scripts_only(ros_to_kimd)
[4.059s] [34mcolcon.colcon_core.event_handler.log_command[0m [1;30mDEBUG[0m [32mInvoked command in '/home/roboconb/RoboconDetectionFruit-master/build/ros_to_kimd' returned '0': CMAKE_PREFIX_PATH=${CMAKE_PREFIX_PATH}:/home/roboconb/RoboconDetectionFruit-master/install/fruit_detection:/opt/ros/humble /usr/bin/cmake --install /home/roboconb/RoboconDetectionFruit-master/build/ros_to_kimd[0m
[4.094s] [34mcolcon.colcon_core.environment[0m [1;30mLevel 1[0m checking '/home/roboconb/RoboconDetectionFruit-master/install/ros_to_kimd' for CMake module files
[4.095s] [34mcolcon.colcon_core.environment[0m [1;30mLevel 1[0m checking '/home/roboconb/RoboconDetectionFruit-master/install/ros_to_kimd' for CMake config files
[4.096s] [34mcolcon.colcon_core.shell[0m [1;30mLevel 1[0m create_environment_hook('ros_to_kimd', 'cmake_prefix_path')
[4.118s] [34mcolcon.colcon_core.shell[0m [1;30mINFO[0m Creating environment hook '/home/roboconb/RoboconDetectionFruit-master/install/ros_to_kimd/share/ros_to_kimd/hook/cmake_prefix_path.ps1'
[4.119s] [34mcolcon.colcon_core.shell[0m [1;30mINFO[0m Creating environment descriptor '/home/roboconb/RoboconDetectionFruit-master/install/ros_to_kimd/share/ros_to_kimd/hook/cmake_prefix_path.dsv'
[4.120s] [34mcolcon.colcon_core.shell[0m [1;30mINFO[0m Creating environment hook '/home/roboconb/RoboconDetectionFruit-master/install/ros_to_kimd/share/ros_to_kimd/hook/cmake_prefix_path.sh'
[4.121s] [34mcolcon.colcon_core.environment[0m [1;30mLevel 1[0m checking '/home/roboconb/RoboconDetectionFruit-master/install/ros_to_kimd/lib'
[4.121s] [34mcolcon.colcon_core.environment[0m [1;30mLevel 1[0m checking '/home/roboconb/RoboconDetectionFruit-master/install/ros_to_kimd/bin'
[4.121s] [34mcolcon.colcon_core.environment[0m [1;30mLevel 1[0m checking '/home/roboconb/RoboconDetectionFruit-master/install/ros_to_kimd/lib/pkgconfig/ros_to_kimd.pc'
[4.121s] [34mcolcon.colcon_core.environment[0m [1;30mLevel 1[0m checking '/home/roboconb/RoboconDetectionFruit-master/install/ros_to_kimd/lib/python3.10/site-packages'
[4.122s] [34mcolcon.colcon_core.environment[0m [1;30mLevel 1[0m checking '/home/roboconb/RoboconDetectionFruit-master/install/ros_to_kimd/bin'
[4.144s] [34mcolcon.colcon_core.shell[0m [1;30mINFO[0m Creating package script '/home/roboconb/RoboconDetectionFruit-master/install/ros_to_kimd/share/ros_to_kimd/package.ps1'
[4.145s] [34mcolcon.colcon_core.shell[0m [1;30mINFO[0m Creating package descriptor '/home/roboconb/RoboconDetectionFruit-master/install/ros_to_kimd/share/ros_to_kimd/package.dsv'
[4.147s] [34mcolcon.colcon_core.shell[0m [1;30mINFO[0m Creating package script '/home/roboconb/RoboconDetectionFruit-master/install/ros_to_kimd/share/ros_to_kimd/package.sh'
[4.148s] [34mcolcon.colcon_core.shell[0m [1;30mINFO[0m Creating package script '/home/roboconb/RoboconDetectionFruit-master/install/ros_to_kimd/share/ros_to_kimd/package.bash'
[4.149s] [34mcolcon.colcon_core.shell[0m [1;30mINFO[0m Creating package script '/home/roboconb/RoboconDetectionFruit-master/install/ros_to_kimd/share/ros_to_kimd/package.zsh'
[4.149s] [34mcolcon.colcon_core.environment[0m [1;30mLevel 1[0m create_file_with_runtime_dependencies(/home/roboconb/RoboconDetectionFruit-master/install/ros_to_kimd/share/colcon-core/packages/ros_to_kimd)
[4.209s] [34mcolcon.colcon_core.environment[0m [1;30mLevel 1[0m create_environment_scripts_only(ros_to_kimd)
[4.236s] [34mcolcon.colcon_core.environment[0m [1;30mLevel 1[0m checking '/home/roboconb/RoboconDetectionFruit-master/install/ros_to_kimd' for CMake module files
[4.237s] [34mcolcon.colcon_core.environment[0m [1;30mLevel 1[0m checking '/home/roboconb/RoboconDetectionFruit-master/install/ros_to_kimd' for CMake config files
[4.237s] [34mcolcon.colcon_core.shell[0m [1;30mLevel 1[0m create_environment_hook('ros_to_kimd', 'cmake_prefix_path')
[4.262s] [34mcolcon.colcon_core.shell[0m [1;30mINFO[0m Creating environment hook '/home/roboconb/RoboconDetectionFruit-master/install/ros_to_kimd/share/ros_to_kimd/hook/cmake_prefix_path.ps1'
[4.262s] [34mcolcon.colcon_core.shell[0m [1;30mINFO[0m Creating environment descriptor '/home/roboconb/RoboconDetectionFruit-master/install/ros_to_kimd/share/ros_to_kimd/hook/cmake_prefix_path.dsv'
[4.263s] [34mcolcon.colcon_core.shell[0m [1;30mINFO[0m Creating environment hook '/home/roboconb/RoboconDetectionFruit-master/install/ros_to_kimd/share/ros_to_kimd/hook/cmake_prefix_path.sh'
[4.264s] [34mcolcon.colcon_core.environment[0m [1;30mLevel 1[0m checking '/home/roboconb/RoboconDetectionFruit-master/install/ros_to_kimd/lib'
[4.264s] [34mcolcon.colcon_core.environment[0m [1;30mLevel 1[0m checking '/home/roboconb/RoboconDetectionFruit-master/install/ros_to_kimd/bin'
[4.264s] [34mcolcon.colcon_core.environment[0m [1;30mLevel 1[0m checking '/home/roboconb/RoboconDetectionFruit-master/install/ros_to_kimd/lib/pkgconfig/ros_to_kimd.pc'
[4.264s] [34mcolcon.colcon_core.environment[0m [1;30mLevel 1[0m checking '/home/roboconb/RoboconDetectionFruit-master/install/ros_to_kimd/lib/python3.10/site-packages'
[4.265s] [34mcolcon.colcon_core.environment[0m [1;30mLevel 1[0m checking '/home/roboconb/RoboconDetectionFruit-master/install/ros_to_kimd/bin'
[4.283s] [34mcolcon.colcon_core.shell[0m [1;30mINFO[0m Creating package script '/home/roboconb/RoboconDetectionFruit-master/install/ros_to_kimd/share/ros_to_kimd/package.ps1'
[4.283s] [34mcolcon.colcon_core.shell[0m [1;30mINFO[0m Creating package descriptor '/home/roboconb/RoboconDetectionFruit-master/install/ros_to_kimd/share/ros_to_kimd/package.dsv'
[4.284s] [34mcolcon.colcon_core.shell[0m [1;30mINFO[0m Creating package script '/home/roboconb/RoboconDetectionFruit-master/install/ros_to_kimd/share/ros_to_kimd/package.sh'
[4.284s] [34mcolcon.colcon_core.shell[0m [1;30mINFO[0m Creating package script '/home/roboconb/RoboconDetectionFruit-master/install/ros_to_kimd/share/ros_to_kimd/package.bash'
[4.284s] [34mcolcon.colcon_core.shell[0m [1;30mINFO[0m Creating package script '/home/roboconb/RoboconDetectionFruit-master/install/ros_to_kimd/share/ros_to_kimd/package.zsh'
[4.285s] [34mcolcon.colcon_core.environment[0m [1;30mLevel 1[0m create_file_with_runtime_dependencies(/home/roboconb/RoboconDetectionFruit-master/install/ros_to_kimd/share/colcon-core/packages/ros_to_kimd)
[15.863s] [34mcolcon.colcon_core.event_handler.log_command[0m [1;30mDEBUG[0m [32mInvoked command in '/home/roboconb/RoboconDetectionFruit-master/build/robocon2023_b_dash' returned '0': CMAKE_PREFIX_PATH=${CMAKE_PREFIX_PATH}:/home/roboconb/RoboconDetectionFruit-master/install/fruit_detection:/opt/ros/humble /usr/bin/cmake --build /home/roboconb/RoboconDetectionFruit-master/build/robocon2023_b_dash -- -j8 -l8[0m
[15.920s] [34mcolcon.colcon_core.event_handler.log_command[0m [1;30mDEBUG[0m [32mInvoking command in '/home/roboconb/RoboconDetectionFruit-master/build/robocon2023_b_dash': CMAKE_PREFIX_PATH=${CMAKE_PREFIX_PATH}:/home/roboconb/RoboconDetectionFruit-master/install/fruit_detection:/opt/ros/humble /usr/bin/cmake --install /home/roboconb/RoboconDetectionFruit-master/build/robocon2023_b_dash[0m
[15.942s] [34mcolcon.colcon_core.environment[0m [1;30mLevel 1[0m create_environment_scripts_only(robocon2023_b_dash)
[15.943s] [34mcolcon.colcon_core.event_handler.log_command[0m [1;30mDEBUG[0m [32mInvoked command in '/home/roboconb/RoboconDetectionFruit-master/build/robocon2023_b_dash' returned '0': CMAKE_PREFIX_PATH=${CMAKE_PREFIX_PATH}:/home/roboconb/RoboconDetectionFruit-master/install/fruit_detection:/opt/ros/humble /usr/bin/cmake --install /home/roboconb/RoboconDetectionFruit-master/build/robocon2023_b_dash[0m
[15.963s] [34mcolcon.colcon_core.environment[0m [1;30mLevel 1[0m checking '/home/roboconb/RoboconDetectionFruit-master/install/robocon2023_b_dash' for CMake module files
[15.964s] [34mcolcon.colcon_core.environment[0m [1;30mLevel 1[0m checking '/home/roboconb/RoboconDetectionFruit-master/install/robocon2023_b_dash' for CMake config files
[15.964s] [34mcolcon.colcon_core.shell[0m [1;30mLevel 1[0m create_environment_hook('robocon2023_b_dash', 'cmake_prefix_path')
[15.981s] [34mcolcon.colcon_core.shell[0m [1;30mINFO[0m Creating environment hook '/home/roboconb/RoboconDetectionFruit-master/install/robocon2023_b_dash/share/robocon2023_b_dash/hook/cmake_prefix_path.ps1'
[15.982s] [34mcolcon.colcon_core.shell[0m [1;30mINFO[0m Creating environment descriptor '/home/roboconb/RoboconDetectionFruit-master/install/robocon2023_b_dash/share/robocon2023_b_dash/hook/cmake_prefix_path.dsv'
[15.983s] [34mcolcon.colcon_core.shell[0m [1;30mINFO[0m Creating environment hook '/home/roboconb/RoboconDetectionFruit-master/install/robocon2023_b_dash/share/robocon2023_b_dash/hook/cmake_prefix_path.sh'
[15.983s] [34mcolcon.colcon_core.environment[0m [1;30mLevel 1[0m checking '/home/roboconb/RoboconDetectionFruit-master/install/robocon2023_b_dash/lib'
[15.983s] [34mcolcon.colcon_core.environment[0m [1;30mLevel 1[0m checking '/home/roboconb/RoboconDetectionFruit-master/install/robocon2023_b_dash/bin'
[15.983s] [34mcolcon.colcon_core.environment[0m [1;30mLevel 1[0m checking '/home/roboconb/RoboconDetectionFruit-master/install/robocon2023_b_dash/lib/pkgconfig/robocon2023_b_dash.pc'
[15.984s] [34mcolcon.colcon_core.environment[0m [1;30mLevel 1[0m checking '/home/roboconb/RoboconDetectionFruit-master/install/robocon2023_b_dash/lib/python3.10/site-packages'
[15.984s] [34mcolcon.colcon_core.environment[0m [1;30mLevel 1[0m checking '/home/roboconb/RoboconDetectionFruit-master/install/robocon2023_b_dash/bin'
[16.004s] [34mcolcon.colcon_core.shell[0m [1;30mINFO[0m Creating package script '/home/roboconb/RoboconDetectionFruit-master/install/robocon2023_b_dash/share/robocon2023_b_dash/package.ps1'
[16.004s] [34mcolcon.colcon_core.shell[0m [1;30mINFO[0m Creating package descriptor '/home/roboconb/RoboconDetectionFruit-master/install/robocon2023_b_dash/share/robocon2023_b_dash/package.dsv'
[16.005s] [34mcolcon.colcon_core.shell[0m [1;30mINFO[0m Creating package script '/home/roboconb/RoboconDetectionFruit-master/install/robocon2023_b_dash/share/robocon2023_b_dash/package.sh'
[16.005s] [34mcolcon.colcon_core.shell[0m [1;30mINFO[0m Creating package script '/home/roboconb/RoboconDetectionFruit-master/install/robocon2023_b_dash/share/robocon2023_b_dash/package.bash'
[16.005s] [34mcolcon.colcon_core.shell[0m [1;30mINFO[0m Creating package script '/home/roboconb/RoboconDetectionFruit-master/install/robocon2023_b_dash/share/robocon2023_b_dash/package.zsh'
[16.006s] [34mcolcon.colcon_core.environment[0m [1;30mLevel 1[0m create_file_with_runtime_dependencies(/home/roboconb/RoboconDetectionFruit-master/install/robocon2023_b_dash/share/colcon-core/packages/robocon2023_b_dash)
[16.074s] [34mcolcon.colcon_core.environment[0m [1;30mLevel 1[0m create_environment_scripts_only(robocon2023_b_dash)
[16.090s] [34mcolcon.colcon_core.environment[0m [1;30mLevel 1[0m checking '/home/roboconb/RoboconDetectionFruit-master/install/robocon2023_b_dash' for CMake module files
[16.090s] [34mcolcon.colcon_core.environment[0m [1;30mLevel 1[0m checking '/home/roboconb/RoboconDetectionFruit-master/install/robocon2023_b_dash' for CMake config files
[16.091s] [34mcolcon.colcon_core.shell[0m [1;30mLevel 1[0m create_environment_hook('robocon2023_b_dash', 'cmake_prefix_path')
[16.106s] [34mcolcon.colcon_core.shell[0m [1;30mINFO[0m Creating environment hook '/home/roboconb/RoboconDetectionFruit-master/install/robocon2023_b_dash/share/robocon2023_b_dash/hook/cmake_prefix_path.ps1'
[16.107s] [34mcolcon.colcon_core.shell[0m [1;30mINFO[0m Creating environment descriptor '/home/roboconb/RoboconDetectionFruit-master/install/robocon2023_b_dash/share/robocon2023_b_dash/hook/cmake_prefix_path.dsv'
[16.107s] [34mcolcon.colcon_core.shell[0m [1;30mINFO[0m Creating environment hook '/home/roboconb/RoboconDetectionFruit-master/install/robocon2023_b_dash/share/robocon2023_b_dash/hook/cmake_prefix_path.sh'
[16.107s] [34mcolcon.colcon_core.environment[0m [1;30mLevel 1[0m checking '/home/roboconb/RoboconDetectionFruit-master/install/robocon2023_b_dash/lib'
[16.108s] [34mcolcon.colcon_core.environment[0m [1;30mLevel 1[0m checking '/home/roboconb/RoboconDetectionFruit-master/install/robocon2023_b_dash/bin'
[16.108s] [34mcolcon.colcon_core.environment[0m [1;30mLevel 1[0m checking '/home/roboconb/RoboconDetectionFruit-master/install/robocon2023_b_dash/lib/pkgconfig/robocon2023_b_dash.pc'
[16.108s] [34mcolcon.colcon_core.environment[0m [1;30mLevel 1[0m checking '/home/roboconb/RoboconDetectionFruit-master/install/robocon2023_b_dash/lib/python3.10/site-packages'
[16.108s] [34mcolcon.colcon_core.environment[0m [1;30mLevel 1[0m checking '/home/roboconb/RoboconDetectionFruit-master/install/robocon2023_b_dash/bin'
[16.123s] [34mcolcon.colcon_core.shell[0m [1;30mINFO[0m Creating package script '/home/roboconb/RoboconDetectionFruit-master/install/robocon2023_b_dash/share/robocon2023_b_dash/package.ps1'
[16.124s] [34mcolcon.colcon_core.shell[0m [1;30mINFO[0m Creating package descriptor '/home/roboconb/RoboconDetectionFruit-master/install/robocon2023_b_dash/share/robocon2023_b_dash/package.dsv'
[16.124s] [34mcolcon.colcon_core.shell[0m [1;30mINFO[0m Creating package script '/home/roboconb/RoboconDetectionFruit-master/install/robocon2023_b_dash/share/robocon2023_b_dash/package.sh'
[16.125s] [34mcolcon.colcon_core.shell[0m [1;30mINFO[0m Creating package script '/home/roboconb/RoboconDetectionFruit-master/install/robocon2023_b_dash/share/robocon2023_b_dash/package.bash'
[16.125s] [34mcolcon.colcon_core.shell[0m [1;30mINFO[0m Creating package script '/home/roboconb/RoboconDetectionFruit-master/install/robocon2023_b_dash/share/robocon2023_b_dash/package.zsh'
[16.125s] [34mcolcon.colcon_core.environment[0m [1;30mLevel 1[0m create_file_with_runtime_dependencies(/home/roboconb/RoboconDetectionFruit-master/install/robocon2023_b_dash/share/colcon-core/packages/robocon2023_b_dash)
[16.126s] [34mcolcon.colcon_parallel_executor.executor.parallel[0m [1;30mDEBUG[0m [32mclosing loop[0m
[16.126s] [34mcolcon.colcon_parallel_executor.executor.parallel[0m [1;30mDEBUG[0m [32mloop closed[0m
[16.126s] [34mcolcon.colcon_parallel_executor.executor.parallel[0m [1;30mDEBUG[0m [32mrun_until_complete finished with '0'[0m
[16.126s] [34mcolcon.colcon_core.event_reactor[0m [1;30mDEBUG[0m [32mjoining thread[0m
[16.148s] [34mcolcon.colcon_core.plugin_system[0m [1;30mINFO[0m Skipping extension 'colcon_notification.desktop_notification.terminal_notifier': Not used on non-Darwin systems
[16.148s] [34mcolcon.colcon_core.plugin_system[0m [1;30mINFO[0m Skipping extension 'colcon_notification.desktop_notification.win32': Not used on non-Windows systems
[16.148s] [34mcolcon.colcon_notification.desktop_notification[0m [1;30mINFO[0m Sending desktop notification using 'notify2'
[16.159s] [34mcolcon.colcon_core.event_reactor[0m [1;30mDEBUG[0m [32mjoined thread[0m
[16.185s] [34mcolcon.colcon_core.shell[0m [1;30mINFO[0m Creating prefix script '/home/roboconb/RoboconDetectionFruit-master/install/local_setup.ps1'
[16.186s] [34mcolcon.colcon_core.shell[0m [1;30mINFO[0m Creating prefix util module '/home/roboconb/RoboconDetectionFruit-master/install/_local_setup_util_ps1.py'
[16.187s] [34mcolcon.colcon_core.shell[0m [1;30mINFO[0m Creating prefix chain script '/home/roboconb/RoboconDetectionFruit-master/install/setup.ps1'
[16.205s] [34mcolcon.colcon_core.shell[0m [1;30mINFO[0m Creating prefix script '/home/roboconb/RoboconDetectionFruit-master/install/local_setup.sh'
[16.205s] [34mcolcon.colcon_core.shell[0m [1;30mINFO[0m Creating prefix util module '/home/roboconb/RoboconDetectionFruit-master/install/_local_setup_util_sh.py'
[16.206s] [34mcolcon.colcon_core.shell[0m [1;30mINFO[0m Creating prefix chain script '/home/roboconb/RoboconDetectionFruit-master/install/setup.sh'
[16.223s] [34mcolcon.colcon_core.shell[0m [1;30mINFO[0m Creating prefix script '/home/roboconb/RoboconDetectionFruit-master/install/local_setup.bash'
[16.223s] [34mcolcon.colcon_core.shell[0m [1;30mINFO[0m Creating prefix chain script '/home/roboconb/RoboconDetectionFruit-master/install/setup.bash'
[16.242s] [34mcolcon.colcon_core.shell[0m [1;30mINFO[0m Creating prefix script '/home/roboconb/RoboconDetectionFruit-master/install/local_setup.zsh'
[16.243s] [34mcolcon.colcon_core.shell[0m [1;30mINFO[0m Creating prefix chain script '/home/roboconb/RoboconDetectionFruit-master/install/setup.zsh'
