[  8%] Built target KiwiMotion
[ 16%] Built target Upper_Controller
[ 25%] Built target WallUpMotion
[ 33%] Built target Crawl_Controller
[ 41%] Built target MotionMaster
[ 50%] Built target RopeMotion
[ 58%] Built target Drive_Controller
[ 66%] Built target DriveMotion
[ 75%] Built target Solenoid_Controller
[35m[1mScanning dependencies of target Xmove_Controller[0m
[ 79%] [32mBuilding CXX object CMakeFiles/Xmove_Controller.dir/src/Xmove_Controller.cpp.o[0m
In file included from [01m[K/home/ros-industrial/robocon_ws/src/robocon2023_b_dash/src/Xmove_Controller.hpp:8[m[K,
                 from [01m[K/home/ros-industrial/robocon_ws/src/robocon2023_b_dash/src/Xmove_Controller.cpp:2[m[K:
[01m[K/home/ros-industrial/robocon_ws/src/robocon2023_b_dash/src/RoboconMsg/ABU2023_GenericOutput_Header.h:19:2:[m[K [01;35m[Kwarning: [m[KISO C++ prohibits anonymous structs [[01;35m[K-Wpedantic[m[K]
   19 |  [01;35m[K}[m[K;
      |  [01;35m[K^[m[K
[01m[K/home/ros-industrial/robocon_ws/src/robocon2023_b_dash/src/Xmove_Controller.cpp:[m[K In member function ‘[01m[Kvoid Xmove_Controller_Node::ImageRecognition_Callback(std_msgs::msg::Int16MultiArray_<std::allocator<void> >::SharedPtr)[m[K’:
[01m[K/home/ros-industrial/robocon_ws/src/robocon2023_b_dash/src/Xmove_Controller.cpp:35:103:[m[K [01;35m[Kwarning: [m[Kunused parameter ‘[01m[Krecognition_msg[m[K’ [[01;35m[K-Wunused-parameter[m[K]
   35 | ition_Callback([01;35m[Kconst std_msgs::msg::Int16MultiArray::SharedPtr recognition_msg[m[K)
      |                [01;35m[K~~~~~~~~~~~~~~~~~~~~~~~~~~~~~~~~~~~~~~~~~~~~~~~~^~~~~~~~~~~~~~~[m[K

[ 83%] [32m[1mLinking CXX executable Xmove_Controller[0m
[ 83%] Built target Xmove_Controller
[ 91%] Built target SerialKIMD
[100%] Built target BeltLiner_Controller
-- Install configuration: ""
-- Up-to-date: /home/ros-industrial/robocon_ws/install/robocon2023_b_dash/lib/robocon2023_b_dash/SerialKIMD
-- Installing: /home/ros-industrial/robocon_ws/install/robocon2023_b_dash/lib/robocon2023_b_dash/Xmove_Controller
-- Set runtime path of "/home/ros-industrial/robocon_ws/install/robocon2023_b_dash/lib/robocon2023_b_dash/Xmove_Controller" to ""
-- Up-to-date: /home/ros-industrial/robocon_ws/install/robocon2023_b_dash/lib/robocon2023_b_dash/DriveMotion
-- Up-to-date: /home/ros-industrial/robocon_ws/install/robocon2023_b_dash/lib/robocon2023_b_dash/Drive_Controller
-- Up-to-date: /home/ros-industrial/robocon_ws/install/robocon2023_b_dash/lib/robocon2023_b_dash/Upper_Controller
-- Up-to-date: /home/ros-industrial/robocon_ws/install/robocon2023_b_dash/lib/robocon2023_b_dash/WallUpMotion
-- Up-to-date: /home/ros-industrial/robocon_ws/install/robocon2023_b_dash/lib/robocon2023_b_dash/Crawl_Controller
-- Up-to-date: /home/ros-industrial/robocon_ws/install/robocon2023_b_dash/lib/robocon2023_b_dash/Solenoid_Controller
-- Up-to-date: /home/ros-industrial/robocon_ws/install/robocon2023_b_dash/lib/robocon2023_b_dash/BeltLiner_Controller
-- Up-to-date: /home/ros-industrial/robocon_ws/install/robocon2023_b_dash/lib/robocon2023_b_dash/RopeMotion
-- Up-to-date: /home/ros-industrial/robocon_ws/install/robocon2023_b_dash/lib/robocon2023_b_dash/MotionMaster
-- Up-to-date: /home/ros-industrial/robocon_ws/install/robocon2023_b_dash/lib/robocon2023_b_dash/KiwiMotion
-- Up-to-date: /home/ros-industrial/robocon_ws/install/robocon2023_b_dash/share/ament_index/resource_index/package_run_dependencies/robocon2023_b_dash
-- Up-to-date: /home/ros-industrial/robocon_ws/install/robocon2023_b_dash/share/ament_index/resource_index/parent_prefix_path/robocon2023_b_dash
-- Up-to-date: /home/ros-industrial/robocon_ws/install/robocon2023_b_dash/share/robocon2023_b_dash/environment/ament_prefix_path.sh
-- Up-to-date: /home/ros-industrial/robocon_ws/install/robocon2023_b_dash/share/robocon2023_b_dash/environment/ament_prefix_path.dsv
-- Up-to-date: /home/ros-industrial/robocon_ws/install/robocon2023_b_dash/share/robocon2023_b_dash/environment/path.sh
-- Up-to-date: /home/ros-industrial/robocon_ws/install/robocon2023_b_dash/share/robocon2023_b_dash/environment/path.dsv
-- Up-to-date: /home/ros-industrial/robocon_ws/install/robocon2023_b_dash/share/robocon2023_b_dash/local_setup.bash
-- Up-to-date: /home/ros-industrial/robocon_ws/install/robocon2023_b_dash/share/robocon2023_b_dash/local_setup.sh
-- Up-to-date: /home/ros-industrial/robocon_ws/install/robocon2023_b_dash/share/robocon2023_b_dash/local_setup.zsh
-- Up-to-date: /home/ros-industrial/robocon_ws/install/robocon2023_b_dash/share/robocon2023_b_dash/local_setup.dsv
-- Installing: /home/ros-industrial/robocon_ws/install/robocon2023_b_dash/share/robocon2023_b_dash/package.dsv
-- Up-to-date: /home/ros-industrial/robocon_ws/install/robocon2023_b_dash/share/ament_index/resource_index/packages/robocon2023_b_dash
-- Up-to-date: /home/ros-industrial/robocon_ws/install/robocon2023_b_dash/share/robocon2023_b_dash/cmake/robocon2023_b_dashConfig.cmake
-- Up-to-date: /home/ros-industrial/robocon_ws/install/robocon2023_b_dash/share/robocon2023_b_dash/cmake/robocon2023_b_dashConfig-version.cmake
-- Up-to-date: /home/ros-industrial/robocon_ws/install/robocon2023_b_dash/share/robocon2023_b_dash/package.xml
