[1.114s] DEBUG:colcon:Command line arguments: ['/usr/bin/colcon', 'build']
[1.114s] DEBUG:colcon:Parsed command line arguments: Namespace(allow_overriding=[], ament_cmake_args=None, base_paths=['.'], build_base='build', catkin_cmake_args=None, catkin_skip_building_tests=False, cmake_args=None, cmake_clean_cache=False, cmake_clean_first=False, cmake_force_configure=False, cmake_target=None, cmake_target_skip_unavailable=False, continue_on_error=False, event_handlers=None, executor='parallel', ignore_user_meta=False, install_base='install', log_base=None, log_level=None, main=<bound method BuildVerb.main of <colcon_core.verb.build.BuildVerb object at 0x7f8ab8669c40>>, merge_install=False, metas=['./colcon.meta'], packages_above=None, packages_above_and_dependencies=None, packages_above_depth=None, packages_end=None, packages_ignore=None, packages_ignore_regex=None, packages_select=None, packages_select_build_failed=False, packages_select_by_dep=None, packages_select_regex=None, packages_select_test_failures=False, packages_skip=None, packages_skip_build_finished=False, packages_skip_by_dep=None, packages_skip_regex=None, packages_skip_test_passed=False, packages_skip_up_to=None, packages_start=None, packages_up_to=None, packages_up_to_regex=None, parallel_workers=8, paths=None, symlink_install=False, test_result_base=None, verb_extension=<colcon_core.verb.build.BuildVerb object at 0x7f8ab8669c40>, verb_name='build', verb_parser=<colcon_defaults.argument_parser.defaults.DefaultArgumentsDecorator object at 0x7f8ab83f08b0>)
[1.167s] Level 1:colcon.colcon_core.package_discovery:discover_packages(colcon_meta) check parameters
[1.167s] Level 1:colcon.colcon_core.package_discovery:discover_packages(recursive) check parameters
[1.167s] Level 1:colcon.colcon_core.package_discovery:discover_packages(ignore) check parameters
[1.167s] Level 1:colcon.colcon_core.package_discovery:discover_packages(path) check parameters
[1.167s] Level 1:colcon.colcon_core.package_discovery:discover_packages(colcon_meta) discover
[1.167s] Level 1:colcon.colcon_core.package_discovery:discover_packages(recursive) discover
[1.167s] INFO:colcon.colcon_core.package_discovery:Crawling recursively for packages in '/home/ros-industrial/robocon_ws'
[1.167s] Level 1:colcon.colcon_core.package_identification:_identify(.) by extensions ['ignore', 'ignore_ament_install']
[1.167s] Level 1:colcon.colcon_core.package_identification:_identify(.) by extension 'ignore'
[1.167s] Level 1:colcon.colcon_core.package_identification:_identify(.) by extension 'ignore_ament_install'
[1.167s] Level 1:colcon.colcon_core.package_identification:_identify(.) by extensions ['colcon_pkg']
[1.167s] Level 1:colcon.colcon_core.package_identification:_identify(.) by extension 'colcon_pkg'
[1.167s] Level 1:colcon.colcon_core.package_identification:_identify(.) by extensions ['colcon_meta']
[1.167s] Level 1:colcon.colcon_core.package_identification:_identify(.) by extension 'colcon_meta'
[1.167s] Level 1:colcon.colcon_core.package_identification:_identify(.) by extensions ['ros']
[1.167s] Level 1:colcon.colcon_core.package_identification:_identify(.) by extension 'ros'
[1.178s] Level 1:colcon.colcon_core.package_identification:_identify(.) by extensions ['cmake', 'python']
[1.178s] Level 1:colcon.colcon_core.package_identification:_identify(.) by extension 'cmake'
[1.178s] Level 1:colcon.colcon_core.package_identification:_identify(.) by extension 'python'
[1.178s] Level 1:colcon.colcon_core.package_identification:_identify(.) by extensions ['python_setup_py']
[1.178s] Level 1:colcon.colcon_core.package_identification:_identify(.) by extension 'python_setup_py'
[1.178s] Level 1:colcon.colcon_core.package_identification:_identify(build) by extensions ['ignore', 'ignore_ament_install']
[1.178s] Level 1:colcon.colcon_core.package_identification:_identify(build) by extension 'ignore'
[1.178s] Level 1:colcon.colcon_core.package_identification:_identify(build) ignored
[1.178s] Level 1:colcon.colcon_core.package_identification:_identify(install) by extensions ['ignore', 'ignore_ament_install']
[1.178s] Level 1:colcon.colcon_core.package_identification:_identify(install) by extension 'ignore'
[1.178s] Level 1:colcon.colcon_core.package_identification:_identify(install) ignored
[1.178s] Level 1:colcon.colcon_core.package_identification:_identify(log) by extensions ['ignore', 'ignore_ament_install']
[1.178s] Level 1:colcon.colcon_core.package_identification:_identify(log) by extension 'ignore'
[1.178s] Level 1:colcon.colcon_core.package_identification:_identify(log) ignored
[1.178s] Level 1:colcon.colcon_core.package_identification:_identify(src) by extensions ['ignore', 'ignore_ament_install']
[1.178s] Level 1:colcon.colcon_core.package_identification:_identify(src) by extension 'ignore'
[1.178s] Level 1:colcon.colcon_core.package_identification:_identify(src) by extension 'ignore_ament_install'
[1.178s] Level 1:colcon.colcon_core.package_identification:_identify(src) by extensions ['colcon_pkg']
[1.178s] Level 1:colcon.colcon_core.package_identification:_identify(src) by extension 'colcon_pkg'
[1.178s] Level 1:colcon.colcon_core.package_identification:_identify(src) by extensions ['colcon_meta']
[1.179s] Level 1:colcon.colcon_core.package_identification:_identify(src) by extension 'colcon_meta'
[1.179s] Level 1:colcon.colcon_core.package_identification:_identify(src) by extensions ['ros']
[1.179s] Level 1:colcon.colcon_core.package_identification:_identify(src) by extension 'ros'
[1.179s] Level 1:colcon.colcon_core.package_identification:_identify(src) by extensions ['cmake', 'python']
[1.179s] Level 1:colcon.colcon_core.package_identification:_identify(src) by extension 'cmake'
[1.179s] Level 1:colcon.colcon_core.package_identification:_identify(src) by extension 'python'
[1.179s] Level 1:colcon.colcon_core.package_identification:_identify(src) by extensions ['python_setup_py']
[1.179s] Level 1:colcon.colcon_core.package_identification:_identify(src) by extension 'python_setup_py'
[1.179s] Level 1:colcon.colcon_core.package_identification:_identify(src/build) by extensions ['ignore', 'ignore_ament_install']
[1.179s] Level 1:colcon.colcon_core.package_identification:_identify(src/build) by extension 'ignore'
[1.179s] Level 1:colcon.colcon_core.package_identification:_identify(src/build) ignored
[1.179s] Level 1:colcon.colcon_core.package_identification:_identify(src/install) by extensions ['ignore', 'ignore_ament_install']
[1.179s] Level 1:colcon.colcon_core.package_identification:_identify(src/install) by extension 'ignore'
[1.179s] Level 1:colcon.colcon_core.package_identification:_identify(src/install) ignored
[1.179s] Level 1:colcon.colcon_core.package_identification:_identify(src/log) by extensions ['ignore', 'ignore_ament_install']
[1.179s] Level 1:colcon.colcon_core.package_identification:_identify(src/log) by extension 'ignore'
[1.179s] Level 1:colcon.colcon_core.package_identification:_identify(src/log) ignored
[1.179s] Level 1:colcon.colcon_core.package_identification:_identify(src/remove_920mhz) by extensions ['ignore', 'ignore_ament_install']
[1.179s] Level 1:colcon.colcon_core.package_identification:_identify(src/remove_920mhz) by extension 'ignore'
[1.179s] Level 1:colcon.colcon_core.package_identification:_identify(src/remove_920mhz) by extension 'ignore_ament_install'
[1.179s] Level 1:colcon.colcon_core.package_identification:_identify(src/remove_920mhz) by extensions ['colcon_pkg']
[1.179s] Level 1:colcon.colcon_core.package_identification:_identify(src/remove_920mhz) by extension 'colcon_pkg'
[1.179s] Level 1:colcon.colcon_core.package_identification:_identify(src/remove_920mhz) by extensions ['colcon_meta']
[1.179s] Level 1:colcon.colcon_core.package_identification:_identify(src/remove_920mhz) by extension 'colcon_meta'
[1.179s] Level 1:colcon.colcon_core.package_identification:_identify(src/remove_920mhz) by extensions ['ros']
[1.179s] Level 1:colcon.colcon_core.package_identification:_identify(src/remove_920mhz) by extension 'ros'
[1.179s] Level 1:colcon.colcon_core.package_identification:_identify(src/remove_920mhz) by extensions ['cmake', 'python']
[1.179s] Level 1:colcon.colcon_core.package_identification:_identify(src/remove_920mhz) by extension 'cmake'
[1.179s] Level 1:colcon.colcon_core.package_identification:_identify(src/remove_920mhz) by extension 'python'
[1.179s] Level 1:colcon.colcon_core.package_identification:_identify(src/remove_920mhz) by extensions ['python_setup_py']
[1.179s] Level 1:colcon.colcon_core.package_identification:_identify(src/remove_920mhz) by extension 'python_setup_py'
[1.179s] Level 1:colcon.colcon_core.package_identification:_identify(src/robocon2023_b_dash) by extensions ['ignore', 'ignore_ament_install']
[1.179s] Level 1:colcon.colcon_core.package_identification:_identify(src/robocon2023_b_dash) by extension 'ignore'
[1.179s] Level 1:colcon.colcon_core.package_identification:_identify(src/robocon2023_b_dash) by extension 'ignore_ament_install'
[1.179s] Level 1:colcon.colcon_core.package_identification:_identify(src/robocon2023_b_dash) by extensions ['colcon_pkg']
[1.179s] Level 1:colcon.colcon_core.package_identification:_identify(src/robocon2023_b_dash) by extension 'colcon_pkg'
[1.179s] Level 1:colcon.colcon_core.package_identification:_identify(src/robocon2023_b_dash) by extensions ['colcon_meta']
[1.179s] Level 1:colcon.colcon_core.package_identification:_identify(src/robocon2023_b_dash) by extension 'colcon_meta'
[1.179s] Level 1:colcon.colcon_core.package_identification:_identify(src/robocon2023_b_dash) by extensions ['ros']
[1.179s] Level 1:colcon.colcon_core.package_identification:_identify(src/robocon2023_b_dash) by extension 'ros'
[1.181s] DEBUG:colcon.colcon_core.package_identification:Package 'src/robocon2023_b_dash' with type 'ros.ament_cmake' and name 'robocon2023_b_dash'
[1.181s] Level 1:colcon.colcon_core.package_identification:_identify(src/ros_to_kimd) by extensions ['ignore', 'ignore_ament_install']
[1.181s] Level 1:colcon.colcon_core.package_identification:_identify(src/ros_to_kimd) by extension 'ignore'
[1.181s] Level 1:colcon.colcon_core.package_identification:_identify(src/ros_to_kimd) by extension 'ignore_ament_install'
[1.181s] Level 1:colcon.colcon_core.package_identification:_identify(src/ros_to_kimd) by extensions ['colcon_pkg']
[1.181s] Level 1:colcon.colcon_core.package_identification:_identify(src/ros_to_kimd) by extension 'colcon_pkg'
[1.181s] Level 1:colcon.colcon_core.package_identification:_identify(src/ros_to_kimd) by extensions ['colcon_meta']
[1.181s] Level 1:colcon.colcon_core.package_identification:_identify(src/ros_to_kimd) by extension 'colcon_meta'
[1.181s] Level 1:colcon.colcon_core.package_identification:_identify(src/ros_to_kimd) by extensions ['ros']
[1.181s] Level 1:colcon.colcon_core.package_identification:_identify(src/ros_to_kimd) by extension 'ros'
[1.181s] DEBUG:colcon.colcon_core.package_identification:Package 'src/ros_to_kimd' with type 'ros.ament_cmake' and name 'ros_to_kimd'
[1.181s] Level 1:colcon.colcon_core.package_identification:_identify(src/sllidar_ros2) by extensions ['ignore', 'ignore_ament_install']
[1.181s] Level 1:colcon.colcon_core.package_identification:_identify(src/sllidar_ros2) by extension 'ignore'
[1.181s] Level 1:colcon.colcon_core.package_identification:_identify(src/sllidar_ros2) by extension 'ignore_ament_install'
[1.181s] Level 1:colcon.colcon_core.package_identification:_identify(src/sllidar_ros2) by extensions ['colcon_pkg']
[1.181s] Level 1:colcon.colcon_core.package_identification:_identify(src/sllidar_ros2) by extension 'colcon_pkg'
[1.181s] Level 1:colcon.colcon_core.package_identification:_identify(src/sllidar_ros2) by extensions ['colcon_meta']
[1.181s] Level 1:colcon.colcon_core.package_identification:_identify(src/sllidar_ros2) by extension 'colcon_meta'
[1.181s] Level 1:colcon.colcon_core.package_identification:_identify(src/sllidar_ros2) by extensions ['ros']
[1.181s] Level 1:colcon.colcon_core.package_identification:_identify(src/sllidar_ros2) by extension 'ros'
[1.182s] DEBUG:colcon.colcon_core.package_identification:Package 'src/sllidar_ros2' with type 'ros.ament_cmake' and name 'sllidar_ros2'
[1.182s] Level 1:colcon.colcon_core.package_identification:_identify(src/time_practice) by extensions ['ignore', 'ignore_ament_install']
[1.182s] Level 1:colcon.colcon_core.package_identification:_identify(src/time_practice) by extension 'ignore'
[1.182s] Level 1:colcon.colcon_core.package_identification:_identify(src/time_practice) by extension 'ignore_ament_install'
[1.182s] Level 1:colcon.colcon_core.package_identification:_identify(src/time_practice) by extensions ['colcon_pkg']
[1.182s] Level 1:colcon.colcon_core.package_identification:_identify(src/time_practice) by extension 'colcon_pkg'
[1.182s] Level 1:colcon.colcon_core.package_identification:_identify(src/time_practice) by extensions ['colcon_meta']
[1.182s] Level 1:colcon.colcon_core.package_identification:_identify(src/time_practice) by extension 'colcon_meta'
[1.182s] Level 1:colcon.colcon_core.package_identification:_identify(src/time_practice) by extensions ['ros']
[1.182s] Level 1:colcon.colcon_core.package_identification:_identify(src/time_practice) by extension 'ros'
[1.182s] DEBUG:colcon.colcon_core.package_identification:Package 'src/time_practice' with type 'ros.ament_cmake' and name 'time_practice'
[1.182s] Level 1:colcon.colcon_core.package_identification:_identify(src/usb920_ver2) by extensions ['ignore', 'ignore_ament_install']
[1.183s] Level 1:colcon.colcon_core.package_identification:_identify(src/usb920_ver2) by extension 'ignore'
[1.183s] Level 1:colcon.colcon_core.package_identification:_identify(src/usb920_ver2) by extension 'ignore_ament_install'
[1.183s] Level 1:colcon.colcon_core.package_identification:_identify(src/usb920_ver2) by extensions ['colcon_pkg']
[1.183s] Level 1:colcon.colcon_core.package_identification:_identify(src/usb920_ver2) by extension 'colcon_pkg'
[1.183s] Level 1:colcon.colcon_core.package_identification:_identify(src/usb920_ver2) by extensions ['colcon_meta']
[1.183s] Level 1:colcon.colcon_core.package_identification:_identify(src/usb920_ver2) by extension 'colcon_meta'
[1.183s] Level 1:colcon.colcon_core.package_identification:_identify(src/usb920_ver2) by extensions ['ros']
[1.183s] Level 1:colcon.colcon_core.package_identification:_identify(src/usb920_ver2) by extension 'ros'
[1.183s] DEBUG:colcon.colcon_core.package_identification:Package 'src/usb920_ver2' with type 'ros.ament_cmake' and name 'usb920_ver2'
[1.183s] Level 1:colcon.colcon_core.package_discovery:discover_packages(recursive) using defaults
[1.183s] Level 1:colcon.colcon_core.package_discovery:discover_packages(ignore) discover
[1.183s] Level 1:colcon.colcon_core.package_discovery:discover_packages(ignore) using defaults
[1.183s] Level 1:colcon.colcon_core.package_discovery:discover_packages(path) discover
[1.183s] Level 1:colcon.colcon_core.package_discovery:discover_packages(path) using defaults
[1.288s] Level 1:colcon.colcon_core.package_discovery:discover_packages(prefix_path) check parameters
[1.288s] Level 1:colcon.colcon_core.package_discovery:discover_packages(prefix_path) discover
[1.328s] DEBUG:colcon.colcon_installed_package_information.package_discovery:Found 5 installed packages in /home/ros-industrial/robocon_ws/install
[1.348s] DEBUG:colcon.colcon_installed_package_information.package_discovery:Found 318 installed packages in /opt/ros/foxy
[1.349s] Level 1:colcon.colcon_core.package_discovery:discover_packages(prefix_path) using defaults
[1.433s] Level 5:colcon.colcon_core.verb:set package 'robocon2023_b_dash' build argument 'cmake_args' from command line to 'None'
[1.434s] Level 5:colcon.colcon_core.verb:set package 'robocon2023_b_dash' build argument 'cmake_target' from command line to 'None'
[1.434s] Level 5:colcon.colcon_core.verb:set package 'robocon2023_b_dash' build argument 'cmake_target_skip_unavailable' from command line to 'False'
[1.434s] Level 5:colcon.colcon_core.verb:set package 'robocon2023_b_dash' build argument 'cmake_clean_cache' from command line to 'False'
[1.434s] Level 5:colcon.colcon_core.verb:set package 'robocon2023_b_dash' build argument 'cmake_clean_first' from command line to 'False'
[1.434s] Level 5:colcon.colcon_core.verb:set package 'robocon2023_b_dash' build argument 'cmake_force_configure' from command line to 'False'
[1.434s] Level 5:colcon.colcon_core.verb:set package 'robocon2023_b_dash' build argument 'ament_cmake_args' from command line to 'None'
[1.434s] Level 5:colcon.colcon_core.verb:set package 'robocon2023_b_dash' build argument 'catkin_cmake_args' from command line to 'None'
[1.434s] Level 5:colcon.colcon_core.verb:set package 'robocon2023_b_dash' build argument 'catkin_skip_building_tests' from command line to 'False'
[1.434s] DEBUG:colcon.colcon_core.verb:Building package 'robocon2023_b_dash' with the following arguments: {'ament_cmake_args': None, 'build_base': '/home/ros-industrial/robocon_ws/build/robocon2023_b_dash', 'catkin_cmake_args': None, 'catkin_skip_building_tests': False, 'cmake_args': None, 'cmake_clean_cache': False, 'cmake_clean_first': False, 'cmake_force_configure': False, 'cmake_target': None, 'cmake_target_skip_unavailable': False, 'install_base': '/home/ros-industrial/robocon_ws/install/robocon2023_b_dash', 'merge_install': False, 'path': '/home/ros-industrial/robocon_ws/src/robocon2023_b_dash', 'symlink_install': False, 'test_result_base': None}
[1.453s] Level 5:colcon.colcon_core.verb:set package 'ros_to_kimd' build argument 'cmake_args' from command line to 'None'
[1.453s] Level 5:colcon.colcon_core.verb:set package 'ros_to_kimd' build argument 'cmake_target' from command line to 'None'
[1.453s] Level 5:colcon.colcon_core.verb:set package 'ros_to_kimd' build argument 'cmake_target_skip_unavailable' from command line to 'False'
[1.453s] Level 5:colcon.colcon_core.verb:set package 'ros_to_kimd' build argument 'cmake_clean_cache' from command line to 'False'
[1.453s] Level 5:colcon.colcon_core.verb:set package 'ros_to_kimd' build argument 'cmake_clean_first' from command line to 'False'
[1.453s] Level 5:colcon.colcon_core.verb:set package 'ros_to_kimd' build argument 'cmake_force_configure' from command line to 'False'
[1.453s] Level 5:colcon.colcon_core.verb:set package 'ros_to_kimd' build argument 'ament_cmake_args' from command line to 'None'
[1.453s] Level 5:colcon.colcon_core.verb:set package 'ros_to_kimd' build argument 'catkin_cmake_args' from command line to 'None'
[1.453s] Level 5:colcon.colcon_core.verb:set package 'ros_to_kimd' build argument 'catkin_skip_building_tests' from command line to 'False'
[1.453s] DEBUG:colcon.colcon_core.verb:Building package 'ros_to_kimd' with the following arguments: {'ament_cmake_args': None, 'build_base': '/home/ros-industrial/robocon_ws/build/ros_to_kimd', 'catkin_cmake_args': None, 'catkin_skip_building_tests': False, 'cmake_args': None, 'cmake_clean_cache': False, 'cmake_clean_first': False, 'cmake_force_configure': False, 'cmake_target': None, 'cmake_target_skip_unavailable': False, 'install_base': '/home/ros-industrial/robocon_ws/install/ros_to_kimd', 'merge_install': False, 'path': '/home/ros-industrial/robocon_ws/src/ros_to_kimd', 'symlink_install': False, 'test_result_base': None}
[1.471s] Level 5:colcon.colcon_core.verb:set package 'sllidar_ros2' build argument 'cmake_args' from command line to 'None'
[1.471s] Level 5:colcon.colcon_core.verb:set package 'sllidar_ros2' build argument 'cmake_target' from command line to 'None'
[1.471s] Level 5:colcon.colcon_core.verb:set package 'sllidar_ros2' build argument 'cmake_target_skip_unavailable' from command line to 'False'
[1.471s] Level 5:colcon.colcon_core.verb:set package 'sllidar_ros2' build argument 'cmake_clean_cache' from command line to 'False'
[1.471s] Level 5:colcon.colcon_core.verb:set package 'sllidar_ros2' build argument 'cmake_clean_first' from command line to 'False'
[1.471s] Level 5:colcon.colcon_core.verb:set package 'sllidar_ros2' build argument 'cmake_force_configure' from command line to 'False'
[1.471s] Level 5:colcon.colcon_core.verb:set package 'sllidar_ros2' build argument 'ament_cmake_args' from command line to 'None'
[1.471s] Level 5:colcon.colcon_core.verb:set package 'sllidar_ros2' build argument 'catkin_cmake_args' from command line to 'None'
[1.471s] Level 5:colcon.colcon_core.verb:set package 'sllidar_ros2' build argument 'catkin_skip_building_tests' from command line to 'False'
[1.471s] DEBUG:colcon.colcon_core.verb:Building package 'sllidar_ros2' with the following arguments: {'ament_cmake_args': None, 'build_base': '/home/ros-industrial/robocon_ws/build/sllidar_ros2', 'catkin_cmake_args': None, 'catkin_skip_building_tests': False, 'cmake_args': None, 'cmake_clean_cache': False, 'cmake_clean_first': False, 'cmake_force_configure': False, 'cmake_target': None, 'cmake_target_skip_unavailable': False, 'install_base': '/home/ros-industrial/robocon_ws/install/sllidar_ros2', 'merge_install': False, 'path': '/home/ros-industrial/robocon_ws/src/sllidar_ros2', 'symlink_install': False, 'test_result_base': None}
[1.490s] Level 5:colcon.colcon_core.verb:set package 'time_practice' build argument 'cmake_args' from command line to 'None'
[1.490s] Level 5:colcon.colcon_core.verb:set package 'time_practice' build argument 'cmake_target' from command line to 'None'
[1.490s] Level 5:colcon.colcon_core.verb:set package 'time_practice' build argument 'cmake_target_skip_unavailable' from command line to 'False'
[1.490s] Level 5:colcon.colcon_core.verb:set package 'time_practice' build argument 'cmake_clean_cache' from command line to 'False'
[1.490s] Level 5:colcon.colcon_core.verb:set package 'time_practice' build argument 'cmake_clean_first' from command line to 'False'
[1.490s] Level 5:colcon.colcon_core.verb:set package 'time_practice' build argument 'cmake_force_configure' from command line to 'False'
[1.490s] Level 5:colcon.colcon_core.verb:set package 'time_practice' build argument 'ament_cmake_args' from command line to 'None'
[1.490s] Level 5:colcon.colcon_core.verb:set package 'time_practice' build argument 'catkin_cmake_args' from command line to 'None'
[1.490s] Level 5:colcon.colcon_core.verb:set package 'time_practice' build argument 'catkin_skip_building_tests' from command line to 'False'
[1.490s] DEBUG:colcon.colcon_core.verb:Building package 'time_practice' with the following arguments: {'ament_cmake_args': None, 'build_base': '/home/ros-industrial/robocon_ws/build/time_practice', 'catkin_cmake_args': None, 'catkin_skip_building_tests': False, 'cmake_args': None, 'cmake_clean_cache': False, 'cmake_clean_first': False, 'cmake_force_configure': False, 'cmake_target': None, 'cmake_target_skip_unavailable': False, 'install_base': '/home/ros-industrial/robocon_ws/install/time_practice', 'merge_install': False, 'path': '/home/ros-industrial/robocon_ws/src/time_practice', 'symlink_install': False, 'test_result_base': None}
[1.509s] Level 5:colcon.colcon_core.verb:set package 'usb920_ver2' build argument 'cmake_args' from command line to 'None'
[1.509s] Level 5:colcon.colcon_core.verb:set package 'usb920_ver2' build argument 'cmake_target' from command line to 'None'
[1.509s] Level 5:colcon.colcon_core.verb:set package 'usb920_ver2' build argument 'cmake_target_skip_unavailable' from command line to 'False'
[1.509s] Level 5:colcon.colcon_core.verb:set package 'usb920_ver2' build argument 'cmake_clean_cache' from command line to 'False'
[1.509s] Level 5:colcon.colcon_core.verb:set package 'usb920_ver2' build argument 'cmake_clean_first' from command line to 'False'
[1.509s] Level 5:colcon.colcon_core.verb:set package 'usb920_ver2' build argument 'cmake_force_configure' from command line to 'False'
[1.509s] Level 5:colcon.colcon_core.verb:set package 'usb920_ver2' build argument 'ament_cmake_args' from command line to 'None'
[1.509s] Level 5:colcon.colcon_core.verb:set package 'usb920_ver2' build argument 'catkin_cmake_args' from command line to 'None'
[1.509s] Level 5:colcon.colcon_core.verb:set package 'usb920_ver2' build argument 'catkin_skip_building_tests' from command line to 'False'
[1.509s] DEBUG:colcon.colcon_core.verb:Building package 'usb920_ver2' with the following arguments: {'ament_cmake_args': None, 'build_base': '/home/ros-industrial/robocon_ws/build/usb920_ver2', 'catkin_cmake_args': None, 'catkin_skip_building_tests': False, 'cmake_args': None, 'cmake_clean_cache': False, 'cmake_clean_first': False, 'cmake_force_configure': False, 'cmake_target': None, 'cmake_target_skip_unavailable': False, 'install_base': '/home/ros-industrial/robocon_ws/install/usb920_ver2', 'merge_install': False, 'path': '/home/ros-industrial/robocon_ws/src/usb920_ver2', 'symlink_install': False, 'test_result_base': None}
[1.527s] INFO:colcon.colcon_core.executor:Executing jobs using 'parallel' executor
[1.546s] DEBUG:colcon.colcon_parallel_executor.executor.parallel:run_until_complete
[1.547s] INFO:colcon.colcon_ros.task.ament_cmake.build:Building ROS package in '/home/ros-industrial/robocon_ws/src/robocon2023_b_dash' with build type 'ament_cmake'
[1.547s] INFO:colcon.colcon_cmake.task.cmake.build:Building CMake package in '/home/ros-industrial/robocon_ws/src/robocon2023_b_dash'
[1.566s] INFO:colcon.colcon_core.plugin_system:Skipping extension 'colcon_core.shell.bat': Not used on non-Windows systems
[1.567s] INFO:colcon.colcon_core.shell:Skip shell extension 'powershell' for command environment: Not usable outside of PowerShell
[1.567s] DEBUG:colcon.colcon_core.shell:Skip shell extension 'dsv' for command environment
[1.631s] INFO:colcon.colcon_ros.task.ament_cmake.build:Building ROS package in '/home/ros-industrial/robocon_ws/src/ros_to_kimd' with build type 'ament_cmake'
[1.631s] INFO:colcon.colcon_cmake.task.cmake.build:Building CMake package in '/home/ros-industrial/robocon_ws/src/ros_to_kimd'
[1.654s] INFO:colcon.colcon_core.shell:Skip shell extension 'powershell' for command environment: Not usable outside of PowerShell
[1.654s] DEBUG:colcon.colcon_core.shell:Skip shell extension 'dsv' for command environment
[1.721s] INFO:colcon.colcon_ros.task.ament_cmake.build:Building ROS package in '/home/ros-industrial/robocon_ws/src/sllidar_ros2' with build type 'ament_cmake'
[1.721s] INFO:colcon.colcon_cmake.task.cmake.build:Building CMake package in '/home/ros-industrial/robocon_ws/src/sllidar_ros2'
[1.743s] INFO:colcon.colcon_core.shell:Skip shell extension 'powershell' for command environment: Not usable outside of PowerShell
[1.743s] DEBUG:colcon.colcon_core.shell:Skip shell extension 'dsv' for command environment
[1.816s] INFO:colcon.colcon_ros.task.ament_cmake.build:Building ROS package in '/home/ros-industrial/robocon_ws/src/time_practice' with build type 'ament_cmake'
[1.816s] INFO:colcon.colcon_cmake.task.cmake.build:Building CMake package in '/home/ros-industrial/robocon_ws/src/time_practice'
[1.839s] INFO:colcon.colcon_core.shell:Skip shell extension 'powershell' for command environment: Not usable outside of PowerShell
[1.839s] DEBUG:colcon.colcon_core.shell:Skip shell extension 'dsv' for command environment
[1.911s] INFO:colcon.colcon_ros.task.ament_cmake.build:Building ROS package in '/home/ros-industrial/robocon_ws/src/usb920_ver2' with build type 'ament_cmake'
[1.911s] INFO:colcon.colcon_cmake.task.cmake.build:Building CMake package in '/home/ros-industrial/robocon_ws/src/usb920_ver2'
[1.931s] INFO:colcon.colcon_core.shell:Skip shell extension 'powershell' for command environment: Not usable outside of PowerShell
[1.931s] DEBUG:colcon.colcon_core.shell:Skip shell extension 'dsv' for command environment
[2.009s] DEBUG:colcon.colcon_core.event_handler.log_command:Invoking command in '/home/ros-industrial/robocon_ws/build/robocon2023_b_dash': CMAKE_PREFIX_PATH=${CMAKE_PREFIX_PATH}:/opt/ros/foxy /usr/bin/cmake --build /home/ros-industrial/robocon_ws/build/robocon2023_b_dash -- -j8 -l8
[2.014s] DEBUG:colcon.colcon_core.event_handler.log_command:Invoking command in '/home/ros-industrial/robocon_ws/build/ros_to_kimd': CMAKE_PREFIX_PATH=${CMAKE_PREFIX_PATH}:/opt/ros/foxy /usr/bin/cmake --build /home/ros-industrial/robocon_ws/build/ros_to_kimd -- -j8 -l8
[2.020s] DEBUG:colcon.colcon_core.event_handler.log_command:Invoking command in '/home/ros-industrial/robocon_ws/build/sllidar_ros2': CMAKE_PREFIX_PATH=${CMAKE_PREFIX_PATH}:/opt/ros/foxy /usr/bin/cmake --build /home/ros-industrial/robocon_ws/build/sllidar_ros2 -- -j8 -l8
[2.026s] DEBUG:colcon.colcon_core.event_handler.log_command:Invoking command in '/home/ros-industrial/robocon_ws/build/time_practice': CMAKE_PREFIX_PATH=${CMAKE_PREFIX_PATH}:/opt/ros/foxy /usr/bin/cmake --build /home/ros-industrial/robocon_ws/build/time_practice -- -j8 -l8
[2.036s] DEBUG:colcon.colcon_core.event_handler.log_command:Invoking command in '/home/ros-industrial/robocon_ws/build/usb920_ver2': CMAKE_PREFIX_PATH=${CMAKE_PREFIX_PATH}:/opt/ros/foxy /usr/bin/cmake --build /home/ros-industrial/robocon_ws/build/usb920_ver2 -- -j8 -l8
[2.041s] DEBUG:colcon.colcon_core.event_handler.log_command:Invoked command in '/home/ros-industrial/robocon_ws/build/robocon2023_b_dash' returned '0': CMAKE_PREFIX_PATH=${CMAKE_PREFIX_PATH}:/opt/ros/foxy /usr/bin/cmake --build /home/ros-industrial/robocon_ws/build/robocon2023_b_dash -- -j8 -l8
[2.075s] DEBUG:colcon.colcon_core.event_handler.log_command:Invoking command in '/home/ros-industrial/robocon_ws/build/robocon2023_b_dash': CMAKE_PREFIX_PATH=${CMAKE_PREFIX_PATH}:/opt/ros/foxy /usr/bin/cmake --install /home/ros-industrial/robocon_ws/build/robocon2023_b_dash
[2.089s] DEBUG:colcon.colcon_core.event_handler.log_command:Invoked command in '/home/ros-industrial/robocon_ws/build/time_practice' returned '0': CMAKE_PREFIX_PATH=${CMAKE_PREFIX_PATH}:/opt/ros/foxy /usr/bin/cmake --build /home/ros-industrial/robocon_ws/build/time_practice -- -j8 -l8
[2.092s] DEBUG:colcon.colcon_core.event_handler.log_command:Invoked command in '/home/ros-industrial/robocon_ws/build/sllidar_ros2' returned '0': CMAKE_PREFIX_PATH=${CMAKE_PREFIX_PATH}:/opt/ros/foxy /usr/bin/cmake --build /home/ros-industrial/robocon_ws/build/sllidar_ros2 -- -j8 -l8
[2.094s] Level 1:colcon.colcon_core.environment:create_environment_scripts_only(robocon2023_b_dash)
[2.094s] DEBUG:colcon.colcon_core.event_handler.log_command:Invoked command in '/home/ros-industrial/robocon_ws/build/robocon2023_b_dash' returned '0': CMAKE_PREFIX_PATH=${CMAKE_PREFIX_PATH}:/opt/ros/foxy /usr/bin/cmake --install /home/ros-industrial/robocon_ws/build/robocon2023_b_dash
[2.121s] Level 1:colcon.colcon_core.environment:checking '/home/ros-industrial/robocon_ws/install/robocon2023_b_dash' for CMake module files
[2.121s] Level 1:colcon.colcon_core.environment:checking '/home/ros-industrial/robocon_ws/install/robocon2023_b_dash' for CMake config files
[2.121s] Level 1:colcon.colcon_core.shell:create_environment_hook('robocon2023_b_dash', 'cmake_prefix_path')
[2.144s] INFO:colcon.colcon_core.shell:Creating environment hook '/home/ros-industrial/robocon_ws/install/robocon2023_b_dash/share/robocon2023_b_dash/hook/cmake_prefix_path.ps1'
[2.145s] INFO:colcon.colcon_core.shell:Creating environment descriptor '/home/ros-industrial/robocon_ws/install/robocon2023_b_dash/share/robocon2023_b_dash/hook/cmake_prefix_path.dsv'
[2.145s] INFO:colcon.colcon_core.shell:Creating environment hook '/home/ros-industrial/robocon_ws/install/robocon2023_b_dash/share/robocon2023_b_dash/hook/cmake_prefix_path.sh'
[2.146s] Level 1:colcon.colcon_core.environment:checking '/home/ros-industrial/robocon_ws/install/robocon2023_b_dash/bin'
[2.146s] Level 1:colcon.colcon_core.environment:checking '/home/ros-industrial/robocon_ws/install/robocon2023_b_dash/lib/pkgconfig/robocon2023_b_dash.pc'
[2.146s] Level 1:colcon.colcon_core.environment:checking '/home/ros-industrial/robocon_ws/install/robocon2023_b_dash/lib/python3.8/site-packages'
[2.147s] Level 1:colcon.colcon_core.environment:checking '/home/ros-industrial/robocon_ws/install/robocon2023_b_dash/bin'
[2.170s] INFO:colcon.colcon_core.shell:Creating package script '/home/ros-industrial/robocon_ws/install/robocon2023_b_dash/share/robocon2023_b_dash/package.ps1'
[2.171s] INFO:colcon.colcon_core.shell:Creating package descriptor '/home/ros-industrial/robocon_ws/install/robocon2023_b_dash/share/robocon2023_b_dash/package.dsv'
[2.171s] INFO:colcon.colcon_core.shell:Creating package script '/home/ros-industrial/robocon_ws/install/robocon2023_b_dash/share/robocon2023_b_dash/package.sh'
[2.172s] INFO:colcon.colcon_core.shell:Creating package script '/home/ros-industrial/robocon_ws/install/robocon2023_b_dash/share/robocon2023_b_dash/package.bash'
[2.172s] INFO:colcon.colcon_core.shell:Creating package script '/home/ros-industrial/robocon_ws/install/robocon2023_b_dash/share/robocon2023_b_dash/package.zsh'
[2.173s] Level 1:colcon.colcon_core.environment:create_file_with_runtime_dependencies(/home/ros-industrial/robocon_ws/install/robocon2023_b_dash/share/colcon-core/packages/robocon2023_b_dash)
[2.179s] DEBUG:colcon.colcon_core.event_handler.log_command:Invoking command in '/home/ros-industrial/robocon_ws/build/time_practice': CMAKE_PREFIX_PATH=${CMAKE_PREFIX_PATH}:/opt/ros/foxy /usr/bin/cmake --install /home/ros-industrial/robocon_ws/build/time_practice
[2.181s] DEBUG:colcon.colcon_core.event_handler.log_command:Invoking command in '/home/ros-industrial/robocon_ws/build/sllidar_ros2': CMAKE_PREFIX_PATH=${CMAKE_PREFIX_PATH}:/opt/ros/foxy /usr/bin/cmake --install /home/ros-industrial/robocon_ws/build/sllidar_ros2
[2.183s] DEBUG:colcon.colcon_core.event_handler.log_command:Invoked command in '/home/ros-industrial/robocon_ws/build/usb920_ver2' returned '0': CMAKE_PREFIX_PATH=${CMAKE_PREFIX_PATH}:/opt/ros/foxy /usr/bin/cmake --build /home/ros-industrial/robocon_ws/build/usb920_ver2 -- -j8 -l8
[2.194s] Level 1:colcon.colcon_core.environment:create_environment_scripts_only(time_practice)
[2.195s] DEBUG:colcon.colcon_core.event_handler.log_command:Invoked command in '/home/ros-industrial/robocon_ws/build/time_practice' returned '0': CMAKE_PREFIX_PATH=${CMAKE_PREFIX_PATH}:/opt/ros/foxy /usr/bin/cmake --install /home/ros-industrial/robocon_ws/build/time_practice
[2.227s] Level 1:colcon.colcon_core.environment:checking '/home/ros-industrial/robocon_ws/install/time_practice' for CMake module files
[2.228s] Level 1:colcon.colcon_core.environment:checking '/home/ros-industrial/robocon_ws/install/time_practice' for CMake config files
[2.228s] Level 1:colcon.colcon_core.shell:create_environment_hook('time_practice', 'cmake_prefix_path')
[2.250s] INFO:colcon.colcon_core.shell:Creating environment hook '/home/ros-industrial/robocon_ws/install/time_practice/share/time_practice/hook/cmake_prefix_path.ps1'
[2.251s] INFO:colcon.colcon_core.shell:Creating environment descriptor '/home/ros-industrial/robocon_ws/install/time_practice/share/time_practice/hook/cmake_prefix_path.dsv'
[2.251s] INFO:colcon.colcon_core.shell:Creating environment hook '/home/ros-industrial/robocon_ws/install/time_practice/share/time_practice/hook/cmake_prefix_path.sh'
[2.252s] Level 1:colcon.colcon_core.environment:checking '/home/ros-industrial/robocon_ws/install/time_practice/lib'
[2.252s] Level 1:colcon.colcon_core.environment:checking '/home/ros-industrial/robocon_ws/install/time_practice/bin'
[2.252s] Level 1:colcon.colcon_core.environment:checking '/home/ros-industrial/robocon_ws/install/time_practice/lib/pkgconfig/time_practice.pc'
[2.252s] Level 1:colcon.colcon_core.environment:checking '/home/ros-industrial/robocon_ws/install/time_practice/lib/python3.8/site-packages'
[2.252s] Level 1:colcon.colcon_core.environment:checking '/home/ros-industrial/robocon_ws/install/time_practice/bin'
[2.275s] INFO:colcon.colcon_core.shell:Creating package script '/home/ros-industrial/robocon_ws/install/time_practice/share/time_practice/package.ps1'
[2.276s] INFO:colcon.colcon_core.shell:Creating package descriptor '/home/ros-industrial/robocon_ws/install/time_practice/share/time_practice/package.dsv'
[2.276s] INFO:colcon.colcon_core.shell:Creating package script '/home/ros-industrial/robocon_ws/install/time_practice/share/time_practice/package.sh'
[2.276s] INFO:colcon.colcon_core.shell:Creating package script '/home/ros-industrial/robocon_ws/install/time_practice/share/time_practice/package.bash'
[2.277s] INFO:colcon.colcon_core.shell:Creating package script '/home/ros-industrial/robocon_ws/install/time_practice/share/time_practice/package.zsh'
[2.277s] Level 1:colcon.colcon_core.environment:create_file_with_runtime_dependencies(/home/ros-industrial/robocon_ws/install/time_practice/share/colcon-core/packages/time_practice)
[2.282s] Level 1:colcon.colcon_core.environment:create_environment_scripts_only(sllidar_ros2)
[2.282s] DEBUG:colcon.colcon_core.event_handler.log_command:Invoked command in '/home/ros-industrial/robocon_ws/build/sllidar_ros2' returned '0': CMAKE_PREFIX_PATH=${CMAKE_PREFIX_PATH}:/opt/ros/foxy /usr/bin/cmake --install /home/ros-industrial/robocon_ws/build/sllidar_ros2
[2.306s] Level 1:colcon.colcon_core.environment:checking '/home/ros-industrial/robocon_ws/install/sllidar_ros2' for CMake module files
[2.307s] Level 1:colcon.colcon_core.environment:checking '/home/ros-industrial/robocon_ws/install/sllidar_ros2' for CMake config files
[2.307s] Level 1:colcon.colcon_core.shell:create_environment_hook('sllidar_ros2', 'cmake_prefix_path')
[2.329s] INFO:colcon.colcon_core.shell:Creating environment hook '/home/ros-industrial/robocon_ws/install/sllidar_ros2/share/sllidar_ros2/hook/cmake_prefix_path.ps1'
[2.330s] INFO:colcon.colcon_core.shell:Creating environment descriptor '/home/ros-industrial/robocon_ws/install/sllidar_ros2/share/sllidar_ros2/hook/cmake_prefix_path.dsv'
[2.330s] INFO:colcon.colcon_core.shell:Creating environment hook '/home/ros-industrial/robocon_ws/install/sllidar_ros2/share/sllidar_ros2/hook/cmake_prefix_path.sh'
[2.331s] Level 1:colcon.colcon_core.environment:checking '/home/ros-industrial/robocon_ws/install/sllidar_ros2/lib'
[2.331s] Level 1:colcon.colcon_core.environment:checking '/home/ros-industrial/robocon_ws/install/sllidar_ros2/bin'
[2.331s] Level 1:colcon.colcon_core.environment:checking '/home/ros-industrial/robocon_ws/install/sllidar_ros2/lib/pkgconfig/sllidar_ros2.pc'
[2.331s] Level 1:colcon.colcon_core.environment:checking '/home/ros-industrial/robocon_ws/install/sllidar_ros2/lib/python3.8/site-packages'
[2.331s] Level 1:colcon.colcon_core.environment:checking '/home/ros-industrial/robocon_ws/install/sllidar_ros2/bin'
[2.354s] INFO:colcon.colcon_core.shell:Creating package script '/home/ros-industrial/robocon_ws/install/sllidar_ros2/share/sllidar_ros2/package.ps1'
[2.355s] INFO:colcon.colcon_core.shell:Creating package descriptor '/home/ros-industrial/robocon_ws/install/sllidar_ros2/share/sllidar_ros2/package.dsv'
[2.355s] INFO:colcon.colcon_core.shell:Creating package script '/home/ros-industrial/robocon_ws/install/sllidar_ros2/share/sllidar_ros2/package.sh'
[2.356s] INFO:colcon.colcon_core.shell:Creating package script '/home/ros-industrial/robocon_ws/install/sllidar_ros2/share/sllidar_ros2/package.bash'
[2.356s] INFO:colcon.colcon_core.shell:Creating package script '/home/ros-industrial/robocon_ws/install/sllidar_ros2/share/sllidar_ros2/package.zsh'
[2.357s] Level 1:colcon.colcon_core.environment:create_file_with_runtime_dependencies(/home/ros-industrial/robocon_ws/install/sllidar_ros2/share/colcon-core/packages/sllidar_ros2)
[2.387s] Level 1:colcon.colcon_core.environment:create_environment_scripts_only(robocon2023_b_dash)
[2.411s] Level 1:colcon.colcon_core.environment:checking '/home/ros-industrial/robocon_ws/install/robocon2023_b_dash' for CMake module files
[2.411s] Level 1:colcon.colcon_core.environment:checking '/home/ros-industrial/robocon_ws/install/robocon2023_b_dash' for CMake config files
[2.412s] Level 1:colcon.colcon_core.shell:create_environment_hook('robocon2023_b_dash', 'cmake_prefix_path')
[2.435s] INFO:colcon.colcon_core.shell:Creating environment hook '/home/ros-industrial/robocon_ws/install/robocon2023_b_dash/share/robocon2023_b_dash/hook/cmake_prefix_path.ps1'
[2.436s] INFO:colcon.colcon_core.shell:Creating environment descriptor '/home/ros-industrial/robocon_ws/install/robocon2023_b_dash/share/robocon2023_b_dash/hook/cmake_prefix_path.dsv'
[2.436s] INFO:colcon.colcon_core.shell:Creating environment hook '/home/ros-industrial/robocon_ws/install/robocon2023_b_dash/share/robocon2023_b_dash/hook/cmake_prefix_path.sh'
[2.438s] Level 1:colcon.colcon_core.environment:checking '/home/ros-industrial/robocon_ws/install/robocon2023_b_dash/bin'
[2.438s] Level 1:colcon.colcon_core.environment:checking '/home/ros-industrial/robocon_ws/install/robocon2023_b_dash/lib/pkgconfig/robocon2023_b_dash.pc'
[2.438s] Level 1:colcon.colcon_core.environment:checking '/home/ros-industrial/robocon_ws/install/robocon2023_b_dash/lib/python3.8/site-packages'
[2.438s] Level 1:colcon.colcon_core.environment:checking '/home/ros-industrial/robocon_ws/install/robocon2023_b_dash/bin'
[2.462s] INFO:colcon.colcon_core.shell:Creating package script '/home/ros-industrial/robocon_ws/install/robocon2023_b_dash/share/robocon2023_b_dash/package.ps1'
[2.463s] INFO:colcon.colcon_core.shell:Creating package descriptor '/home/ros-industrial/robocon_ws/install/robocon2023_b_dash/share/robocon2023_b_dash/package.dsv'
[2.463s] INFO:colcon.colcon_core.shell:Creating package script '/home/ros-industrial/robocon_ws/install/robocon2023_b_dash/share/robocon2023_b_dash/package.sh'
[2.464s] INFO:colcon.colcon_core.shell:Creating package script '/home/ros-industrial/robocon_ws/install/robocon2023_b_dash/share/robocon2023_b_dash/package.bash'
[2.464s] INFO:colcon.colcon_core.shell:Creating package script '/home/ros-industrial/robocon_ws/install/robocon2023_b_dash/share/robocon2023_b_dash/package.zsh'
[2.464s] Level 1:colcon.colcon_core.environment:create_file_with_runtime_dependencies(/home/ros-industrial/robocon_ws/install/robocon2023_b_dash/share/colcon-core/packages/robocon2023_b_dash)
[2.468s] DEBUG:colcon.colcon_core.event_handler.log_command:Invoking command in '/home/ros-industrial/robocon_ws/build/usb920_ver2': CMAKE_PREFIX_PATH=${CMAKE_PREFIX_PATH}:/opt/ros/foxy /usr/bin/cmake --install /home/ros-industrial/robocon_ws/build/usb920_ver2
[2.498s] Level 1:colcon.colcon_core.environment:create_environment_scripts_only(time_practice)
[2.521s] Level 1:colcon.colcon_core.environment:checking '/home/ros-industrial/robocon_ws/install/time_practice' for CMake module files
[2.522s] Level 1:colcon.colcon_core.environment:checking '/home/ros-industrial/robocon_ws/install/time_practice' for CMake config files
[2.522s] Level 1:colcon.colcon_core.shell:create_environment_hook('time_practice', 'cmake_prefix_path')
[2.545s] INFO:colcon.colcon_core.shell:Creating environment hook '/home/ros-industrial/robocon_ws/install/time_practice/share/time_practice/hook/cmake_prefix_path.ps1'
[2.545s] INFO:colcon.colcon_core.shell:Creating environment descriptor '/home/ros-industrial/robocon_ws/install/time_practice/share/time_practice/hook/cmake_prefix_path.dsv'
[2.545s] INFO:colcon.colcon_core.shell:Creating environment hook '/home/ros-industrial/robocon_ws/install/time_practice/share/time_practice/hook/cmake_prefix_path.sh'
[2.546s] Level 1:colcon.colcon_core.environment:checking '/home/ros-industrial/robocon_ws/install/time_practice/lib'
[2.546s] Level 1:colcon.colcon_core.environment:checking '/home/ros-industrial/robocon_ws/install/time_practice/bin'
[2.546s] Level 1:colcon.colcon_core.environment:checking '/home/ros-industrial/robocon_ws/install/time_practice/lib/pkgconfig/time_practice.pc'
[2.546s] Level 1:colcon.colcon_core.environment:checking '/home/ros-industrial/robocon_ws/install/time_practice/lib/python3.8/site-packages'
[2.546s] Level 1:colcon.colcon_core.environment:checking '/home/ros-industrial/robocon_ws/install/time_practice/bin'
[2.571s] INFO:colcon.colcon_core.shell:Creating package script '/home/ros-industrial/robocon_ws/install/time_practice/share/time_practice/package.ps1'
[2.571s] INFO:colcon.colcon_core.shell:Creating package descriptor '/home/ros-industrial/robocon_ws/install/time_practice/share/time_practice/package.dsv'
[2.572s] INFO:colcon.colcon_core.shell:Creating package script '/home/ros-industrial/robocon_ws/install/time_practice/share/time_practice/package.sh'
[2.572s] INFO:colcon.colcon_core.shell:Creating package script '/home/ros-industrial/robocon_ws/install/time_practice/share/time_practice/package.bash'
[2.572s] INFO:colcon.colcon_core.shell:Creating package script '/home/ros-industrial/robocon_ws/install/time_practice/share/time_practice/package.zsh'
[2.573s] Level 1:colcon.colcon_core.environment:create_file_with_runtime_dependencies(/home/ros-industrial/robocon_ws/install/time_practice/share/colcon-core/packages/time_practice)
[2.597s] Level 1:colcon.colcon_core.environment:create_environment_scripts_only(sllidar_ros2)
[2.621s] Level 1:colcon.colcon_core.environment:checking '/home/ros-industrial/robocon_ws/install/sllidar_ros2' for CMake module files
[2.621s] Level 1:colcon.colcon_core.environment:checking '/home/ros-industrial/robocon_ws/install/sllidar_ros2' for CMake config files
[2.622s] Level 1:colcon.colcon_core.shell:create_environment_hook('sllidar_ros2', 'cmake_prefix_path')
[2.645s] INFO:colcon.colcon_core.shell:Creating environment hook '/home/ros-industrial/robocon_ws/install/sllidar_ros2/share/sllidar_ros2/hook/cmake_prefix_path.ps1'
[2.645s] INFO:colcon.colcon_core.shell:Creating environment descriptor '/home/ros-industrial/robocon_ws/install/sllidar_ros2/share/sllidar_ros2/hook/cmake_prefix_path.dsv'
[2.645s] INFO:colcon.colcon_core.shell:Creating environment hook '/home/ros-industrial/robocon_ws/install/sllidar_ros2/share/sllidar_ros2/hook/cmake_prefix_path.sh'
[2.646s] Level 1:colcon.colcon_core.environment:checking '/home/ros-industrial/robocon_ws/install/sllidar_ros2/lib'
[2.646s] Level 1:colcon.colcon_core.environment:checking '/home/ros-industrial/robocon_ws/install/sllidar_ros2/bin'
[2.646s] Level 1:colcon.colcon_core.environment:checking '/home/ros-industrial/robocon_ws/install/sllidar_ros2/lib/pkgconfig/sllidar_ros2.pc'
[2.646s] Level 1:colcon.colcon_core.environment:checking '/home/ros-industrial/robocon_ws/install/sllidar_ros2/lib/python3.8/site-packages'
[2.646s] Level 1:colcon.colcon_core.environment:checking '/home/ros-industrial/robocon_ws/install/sllidar_ros2/bin'
[2.671s] INFO:colcon.colcon_core.shell:Creating package script '/home/ros-industrial/robocon_ws/install/sllidar_ros2/share/sllidar_ros2/package.ps1'
[2.671s] INFO:colcon.colcon_core.shell:Creating package descriptor '/home/ros-industrial/robocon_ws/install/sllidar_ros2/share/sllidar_ros2/package.dsv'
[2.672s] INFO:colcon.colcon_core.shell:Creating package script '/home/ros-industrial/robocon_ws/install/sllidar_ros2/share/sllidar_ros2/package.sh'
[2.672s] INFO:colcon.colcon_core.shell:Creating package script '/home/ros-industrial/robocon_ws/install/sllidar_ros2/share/sllidar_ros2/package.bash'
[2.673s] INFO:colcon.colcon_core.shell:Creating package script '/home/ros-industrial/robocon_ws/install/sllidar_ros2/share/sllidar_ros2/package.zsh'
[2.673s] Level 1:colcon.colcon_core.environment:create_file_with_runtime_dependencies(/home/ros-industrial/robocon_ws/install/sllidar_ros2/share/colcon-core/packages/sllidar_ros2)
[2.674s] Level 1:colcon.colcon_core.environment:create_environment_scripts_only(usb920_ver2)
[2.674s] DEBUG:colcon.colcon_core.event_handler.log_command:Invoked command in '/home/ros-industrial/robocon_ws/build/usb920_ver2' returned '0': CMAKE_PREFIX_PATH=${CMAKE_PREFIX_PATH}:/opt/ros/foxy /usr/bin/cmake --install /home/ros-industrial/robocon_ws/build/usb920_ver2
[2.698s] Level 1:colcon.colcon_core.environment:checking '/home/ros-industrial/robocon_ws/install/usb920_ver2' for CMake module files
[2.699s] Level 1:colcon.colcon_core.environment:checking '/home/ros-industrial/robocon_ws/install/usb920_ver2' for CMake config files
[2.699s] Level 1:colcon.colcon_core.shell:create_environment_hook('usb920_ver2', 'cmake_prefix_path')
[2.724s] INFO:colcon.colcon_core.shell:Creating environment hook '/home/ros-industrial/robocon_ws/install/usb920_ver2/share/usb920_ver2/hook/cmake_prefix_path.ps1'
[2.725s] INFO:colcon.colcon_core.shell:Creating environment descriptor '/home/ros-industrial/robocon_ws/install/usb920_ver2/share/usb920_ver2/hook/cmake_prefix_path.dsv'
[2.725s] INFO:colcon.colcon_core.shell:Creating environment hook '/home/ros-industrial/robocon_ws/install/usb920_ver2/share/usb920_ver2/hook/cmake_prefix_path.sh'
[2.726s] Level 1:colcon.colcon_core.environment:checking '/home/ros-industrial/robocon_ws/install/usb920_ver2/lib'
[2.726s] Level 1:colcon.colcon_core.environment:checking '/home/ros-industrial/robocon_ws/install/usb920_ver2/bin'
[2.726s] Level 1:colcon.colcon_core.environment:checking '/home/ros-industrial/robocon_ws/install/usb920_ver2/lib/pkgconfig/usb920_ver2.pc'
[2.726s] Level 1:colcon.colcon_core.environment:checking '/home/ros-industrial/robocon_ws/install/usb920_ver2/lib/python3.8/site-packages'
[2.726s] Level 1:colcon.colcon_core.environment:checking '/home/ros-industrial/robocon_ws/install/usb920_ver2/bin'
[2.750s] INFO:colcon.colcon_core.shell:Creating package script '/home/ros-industrial/robocon_ws/install/usb920_ver2/share/usb920_ver2/package.ps1'
[2.750s] INFO:colcon.colcon_core.shell:Creating package descriptor '/home/ros-industrial/robocon_ws/install/usb920_ver2/share/usb920_ver2/package.dsv'
[2.751s] INFO:colcon.colcon_core.shell:Creating package script '/home/ros-industrial/robocon_ws/install/usb920_ver2/share/usb920_ver2/package.sh'
[2.751s] INFO:colcon.colcon_core.shell:Creating package script '/home/ros-industrial/robocon_ws/install/usb920_ver2/share/usb920_ver2/package.bash'
[2.751s] INFO:colcon.colcon_core.shell:Creating package script '/home/ros-industrial/robocon_ws/install/usb920_ver2/share/usb920_ver2/package.zsh'
[2.752s] Level 1:colcon.colcon_core.environment:create_file_with_runtime_dependencies(/home/ros-industrial/robocon_ws/install/usb920_ver2/share/colcon-core/packages/usb920_ver2)
[2.794s] Level 1:colcon.colcon_core.environment:create_environment_scripts_only(usb920_ver2)
[2.818s] Level 1:colcon.colcon_core.environment:checking '/home/ros-industrial/robocon_ws/install/usb920_ver2' for CMake module files
[2.818s] Level 1:colcon.colcon_core.environment:checking '/home/ros-industrial/robocon_ws/install/usb920_ver2' for CMake config files
[2.818s] Level 1:colcon.colcon_core.shell:create_environment_hook('usb920_ver2', 'cmake_prefix_path')
[2.841s] INFO:colcon.colcon_core.shell:Creating environment hook '/home/ros-industrial/robocon_ws/install/usb920_ver2/share/usb920_ver2/hook/cmake_prefix_path.ps1'
[2.842s] INFO:colcon.colcon_core.shell:Creating environment descriptor '/home/ros-industrial/robocon_ws/install/usb920_ver2/share/usb920_ver2/hook/cmake_prefix_path.dsv'
[2.842s] INFO:colcon.colcon_core.shell:Creating environment hook '/home/ros-industrial/robocon_ws/install/usb920_ver2/share/usb920_ver2/hook/cmake_prefix_path.sh'
[2.843s] Level 1:colcon.colcon_core.environment:checking '/home/ros-industrial/robocon_ws/install/usb920_ver2/lib'
[2.843s] Level 1:colcon.colcon_core.environment:checking '/home/ros-industrial/robocon_ws/install/usb920_ver2/bin'
[2.843s] Level 1:colcon.colcon_core.environment:checking '/home/ros-industrial/robocon_ws/install/usb920_ver2/lib/pkgconfig/usb920_ver2.pc'
[2.843s] Level 1:colcon.colcon_core.environment:checking '/home/ros-industrial/robocon_ws/install/usb920_ver2/lib/python3.8/site-packages'
[2.843s] Level 1:colcon.colcon_core.environment:checking '/home/ros-industrial/robocon_ws/install/usb920_ver2/bin'
[2.867s] INFO:colcon.colcon_core.shell:Creating package script '/home/ros-industrial/robocon_ws/install/usb920_ver2/share/usb920_ver2/package.ps1'
[2.867s] INFO:colcon.colcon_core.shell:Creating package descriptor '/home/ros-industrial/robocon_ws/install/usb920_ver2/share/usb920_ver2/package.dsv'
[2.867s] INFO:colcon.colcon_core.shell:Creating package script '/home/ros-industrial/robocon_ws/install/usb920_ver2/share/usb920_ver2/package.sh'
[2.868s] INFO:colcon.colcon_core.shell:Creating package script '/home/ros-industrial/robocon_ws/install/usb920_ver2/share/usb920_ver2/package.bash'
[2.868s] INFO:colcon.colcon_core.shell:Creating package script '/home/ros-industrial/robocon_ws/install/usb920_ver2/share/usb920_ver2/package.zsh'
[2.868s] Level 1:colcon.colcon_core.environment:create_file_with_runtime_dependencies(/home/ros-industrial/robocon_ws/install/usb920_ver2/share/colcon-core/packages/usb920_ver2)
[5.864s] DEBUG:colcon.colcon_core.event_handler.log_command:Invoked command in '/home/ros-industrial/robocon_ws/build/ros_to_kimd' returned '0': CMAKE_PREFIX_PATH=${CMAKE_PREFIX_PATH}:/opt/ros/foxy /usr/bin/cmake --build /home/ros-industrial/robocon_ws/build/ros_to_kimd -- -j8 -l8
[5.880s] DEBUG:colcon.colcon_core.event_handler.log_command:Invoking command in '/home/ros-industrial/robocon_ws/build/ros_to_kimd': CMAKE_PREFIX_PATH=${CMAKE_PREFIX_PATH}:/opt/ros/foxy /usr/bin/cmake --install /home/ros-industrial/robocon_ws/build/ros_to_kimd
[5.888s] Level 1:colcon.colcon_core.environment:create_environment_scripts_only(ros_to_kimd)
[5.888s] DEBUG:colcon.colcon_core.event_handler.log_command:Invoked command in '/home/ros-industrial/robocon_ws/build/ros_to_kimd' returned '0': CMAKE_PREFIX_PATH=${CMAKE_PREFIX_PATH}:/opt/ros/foxy /usr/bin/cmake --install /home/ros-industrial/robocon_ws/build/ros_to_kimd
[5.911s] Level 1:colcon.colcon_core.environment:checking '/home/ros-industrial/robocon_ws/install/ros_to_kimd' for CMake module files
[5.911s] Level 1:colcon.colcon_core.environment:checking '/home/ros-industrial/robocon_ws/install/ros_to_kimd' for CMake config files
[5.912s] Level 1:colcon.colcon_core.shell:create_environment_hook('ros_to_kimd', 'cmake_prefix_path')
[5.935s] INFO:colcon.colcon_core.shell:Creating environment hook '/home/ros-industrial/robocon_ws/install/ros_to_kimd/share/ros_to_kimd/hook/cmake_prefix_path.ps1'
[5.935s] INFO:colcon.colcon_core.shell:Creating environment descriptor '/home/ros-industrial/robocon_ws/install/ros_to_kimd/share/ros_to_kimd/hook/cmake_prefix_path.dsv'
[5.935s] INFO:colcon.colcon_core.shell:Creating environment hook '/home/ros-industrial/robocon_ws/install/ros_to_kimd/share/ros_to_kimd/hook/cmake_prefix_path.sh'
[5.936s] Level 1:colcon.colcon_core.environment:checking '/home/ros-industrial/robocon_ws/install/ros_to_kimd/lib'
[5.936s] Level 1:colcon.colcon_core.environment:checking '/home/ros-industrial/robocon_ws/install/ros_to_kimd/bin'
[5.936s] Level 1:colcon.colcon_core.environment:checking '/home/ros-industrial/robocon_ws/install/ros_to_kimd/lib/pkgconfig/ros_to_kimd.pc'
[5.936s] Level 1:colcon.colcon_core.environment:checking '/home/ros-industrial/robocon_ws/install/ros_to_kimd/lib/python3.8/site-packages'
[5.937s] Level 1:colcon.colcon_core.environment:checking '/home/ros-industrial/robocon_ws/install/ros_to_kimd/bin'
[5.967s] INFO:colcon.colcon_core.shell:Creating package script '/home/ros-industrial/robocon_ws/install/ros_to_kimd/share/ros_to_kimd/package.ps1'
[5.968s] INFO:colcon.colcon_core.shell:Creating package descriptor '/home/ros-industrial/robocon_ws/install/ros_to_kimd/share/ros_to_kimd/package.dsv'
[5.968s] INFO:colcon.colcon_core.shell:Creating package script '/home/ros-industrial/robocon_ws/install/ros_to_kimd/share/ros_to_kimd/package.sh'
[5.968s] INFO:colcon.colcon_core.shell:Creating package script '/home/ros-industrial/robocon_ws/install/ros_to_kimd/share/ros_to_kimd/package.bash'
[5.969s] INFO:colcon.colcon_core.shell:Creating package script '/home/ros-industrial/robocon_ws/install/ros_to_kimd/share/ros_to_kimd/package.zsh'
[5.969s] Level 1:colcon.colcon_core.environment:create_file_with_runtime_dependencies(/home/ros-industrial/robocon_ws/install/ros_to_kimd/share/colcon-core/packages/ros_to_kimd)
[6.011s] Level 1:colcon.colcon_core.environment:create_environment_scripts_only(ros_to_kimd)
[6.033s] Level 1:colcon.colcon_core.environment:checking '/home/ros-industrial/robocon_ws/install/ros_to_kimd' for CMake module files
[6.034s] Level 1:colcon.colcon_core.environment:checking '/home/ros-industrial/robocon_ws/install/ros_to_kimd' for CMake config files
[6.034s] Level 1:colcon.colcon_core.shell:create_environment_hook('ros_to_kimd', 'cmake_prefix_path')
[6.058s] INFO:colcon.colcon_core.shell:Creating environment hook '/home/ros-industrial/robocon_ws/install/ros_to_kimd/share/ros_to_kimd/hook/cmake_prefix_path.ps1'
[6.058s] INFO:colcon.colcon_core.shell:Creating environment descriptor '/home/ros-industrial/robocon_ws/install/ros_to_kimd/share/ros_to_kimd/hook/cmake_prefix_path.dsv'
[6.058s] INFO:colcon.colcon_core.shell:Creating environment hook '/home/ros-industrial/robocon_ws/install/ros_to_kimd/share/ros_to_kimd/hook/cmake_prefix_path.sh'
[6.059s] Level 1:colcon.colcon_core.environment:checking '/home/ros-industrial/robocon_ws/install/ros_to_kimd/lib'
[6.059s] Level 1:colcon.colcon_core.environment:checking '/home/ros-industrial/robocon_ws/install/ros_to_kimd/bin'
[6.059s] Level 1:colcon.colcon_core.environment:checking '/home/ros-industrial/robocon_ws/install/ros_to_kimd/lib/pkgconfig/ros_to_kimd.pc'
[6.059s] Level 1:colcon.colcon_core.environment:checking '/home/ros-industrial/robocon_ws/install/ros_to_kimd/lib/python3.8/site-packages'
[6.059s] Level 1:colcon.colcon_core.environment:checking '/home/ros-industrial/robocon_ws/install/ros_to_kimd/bin'
[6.081s] INFO:colcon.colcon_core.shell:Creating package script '/home/ros-industrial/robocon_ws/install/ros_to_kimd/share/ros_to_kimd/package.ps1'
[6.082s] INFO:colcon.colcon_core.shell:Creating package descriptor '/home/ros-industrial/robocon_ws/install/ros_to_kimd/share/ros_to_kimd/package.dsv'
[6.082s] INFO:colcon.colcon_core.shell:Creating package script '/home/ros-industrial/robocon_ws/install/ros_to_kimd/share/ros_to_kimd/package.sh'
[6.083s] INFO:colcon.colcon_core.shell:Creating package script '/home/ros-industrial/robocon_ws/install/ros_to_kimd/share/ros_to_kimd/package.bash'
[6.083s] INFO:colcon.colcon_core.shell:Creating package script '/home/ros-industrial/robocon_ws/install/ros_to_kimd/share/ros_to_kimd/package.zsh'
[6.083s] Level 1:colcon.colcon_core.environment:create_file_with_runtime_dependencies(/home/ros-industrial/robocon_ws/install/ros_to_kimd/share/colcon-core/packages/ros_to_kimd)
[6.083s] DEBUG:colcon.colcon_parallel_executor.executor.parallel:closing loop
[6.084s] DEBUG:colcon.colcon_parallel_executor.executor.parallel:loop closed
[6.084s] DEBUG:colcon.colcon_parallel_executor.executor.parallel:run_until_complete finished with '0'
[6.084s] DEBUG:colcon.colcon_core.event_reactor:joining thread
[6.111s] INFO:colcon.colcon_core.plugin_system:Skipping extension 'colcon_notification.desktop_notification.terminal_notifier': Not used on non-Darwin systems
[6.111s] INFO:colcon.colcon_core.plugin_system:Skipping extension 'colcon_notification.desktop_notification.win32': Not used on non-Windows systems
[6.111s] INFO:colcon.colcon_notification.desktop_notification:Sending desktop notification using 'notify2'
[6.127s] DEBUG:colcon.colcon_core.event_reactor:joined thread
[6.151s] INFO:colcon.colcon_core.shell:Creating prefix script '/home/ros-industrial/robocon_ws/install/local_setup.ps1'
[6.152s] INFO:colcon.colcon_core.shell:Creating prefix util module '/home/ros-industrial/robocon_ws/install/_local_setup_util_ps1.py'
[6.153s] INFO:colcon.colcon_core.shell:Creating prefix chain script '/home/ros-industrial/robocon_ws/install/setup.ps1'
[6.179s] INFO:colcon.colcon_core.shell:Creating prefix script '/home/ros-industrial/robocon_ws/install/local_setup.sh'
[6.180s] INFO:colcon.colcon_core.shell:Creating prefix util module '/home/ros-industrial/robocon_ws/install/_local_setup_util_sh.py'
[6.180s] INFO:colcon.colcon_core.shell:Creating prefix chain script '/home/ros-industrial/robocon_ws/install/setup.sh'
[6.204s] INFO:colcon.colcon_core.shell:Creating prefix script '/home/ros-industrial/robocon_ws/install/local_setup.bash'
[6.205s] INFO:colcon.colcon_core.shell:Creating prefix chain script '/home/ros-industrial/robocon_ws/install/setup.bash'
[6.229s] INFO:colcon.colcon_core.shell:Creating prefix script '/home/ros-industrial/robocon_ws/install/local_setup.zsh'
[6.230s] INFO:colcon.colcon_core.shell:Creating prefix chain script '/home/ros-industrial/robocon_ws/install/setup.zsh'
