[0.540s] Invoking command in '/home/roboconb/RoboconDetectionFruit-master/build/robocon2023_b_dash': CMAKE_PREFIX_PATH=${CMAKE_PREFIX_PATH}:/home/roboconb/RoboconDetectionFruit-master/install/fruit_detection:/opt/ros/humble /usr/bin/cmake /home/roboconb/RoboconDetectionFruit-master/src/robocon2023_b_dash -DCMAKE_INSTALL_PREFIX=/home/roboconb/RoboconDetectionFruit-master/install/robocon2023_b_dash
[0.609s] -- The C compiler identification is GNU 11.4.0
[0.686s] -- The CXX compiler identification is GNU 11.4.0
[0.699s] -- Detecting C compiler ABI info
[0.780s] -- Detecting C compiler ABI info - done
[0.789s] -- Check for working C compiler: /usr/bin/cc - skipped
[0.789s] -- Detecting C compile features
[0.790s] -- Detecting C compile features - done
[0.794s] -- Detecting CXX compiler ABI info
[0.901s] -- Detecting CXX compiler ABI info - done
[0.928s] -- Check for working CXX compiler: /usr/bin/c++ - skipped
[0.929s] -- Detecting CXX compile features
[0.929s] -- Detecting CXX compile features - done
[0.932s] -- Found ament_cmake: 1.3.5 (/opt/ros/humble/share/ament_cmake/cmake)
[1.197s] -- Found Python3: /usr/bin/python3.10 (found version "3.10.12") found components: Interpreter 
[1.369s] -- Found rclcpp: 16.0.6 (/opt/ros/humble/share/rclcpp/cmake)
[1.430s] -- Found rosidl_generator_c: 3.1.5 (/opt/ros/humble/share/rosidl_generator_c/cmake)
[1.437s] -- Found rosidl_adapter: 3.1.5 (/opt/ros/humble/share/rosidl_adapter/cmake)
[1.450s] -- Found rosidl_generator_cpp: 3.1.5 (/opt/ros/humble/share/rosidl_generator_cpp/cmake)
[1.475s] -- Using all available rosidl_typesupport_c: rosidl_typesupport_fastrtps_c;rosidl_typesupport_introspection_c
[1.511s] -- Using all available rosidl_typesupport_cpp: rosidl_typesupport_fastrtps_cpp;rosidl_typesupport_introspection_cpp
[1.640s] -- Found rmw_implementation_cmake: 6.1.1 (/opt/ros/humble/share/rmw_implementation_cmake/cmake)
[1.644s] -- Found rmw_fastrtps_cpp: 6.2.4 (/opt/ros/humble/share/rmw_fastrtps_cpp/cmake)
[1.769s] -- Found OpenSSL: /usr/lib/x86_64-linux-gnu/libcrypto.so (found version "3.0.2")  
[1.813s] -- Found FastRTPS: /opt/ros/humble/include  
[1.869s] -- Using RMW implementation 'rmw_fastrtps_cpp' as default
[1.881s] -- Looking for pthread.h
[1.970s] -- Looking for pthread.h - found
[1.970s] -- Performing Test CMAKE_HAVE_LIBC_PTHREAD
[2.059s] -- Performing Test CMAKE_HAVE_LIBC_PTHREAD - Success
[2.060s] -- Found Threads: TRUE  
[2.322s] -- Found sensor_msgs: 4.2.3 (/opt/ros/humble/share/sensor_msgs/cmake)
[2.512s] -- Found ament_lint_auto: 0.12.8 (/opt/ros/humble/share/ament_lint_auto/cmake)
[2.610s] -- Added test 'copyright' to check source files copyright and LICENSE
[2.620s] -- Added test 'cppcheck' to perform static code analysis on C / C++ code
[2.621s] -- Configured cppcheck include dirs: 
[2.621s] -- Configured cppcheck exclude dirs and/or files: 
[2.629s] -- Added test 'cpplint' to check C / C++ code against the Google style
[2.629s] -- Configured cpplint exclude dirs and/or files: 
[2.630s] -- Added test 'flake8' to check Python code syntax and style conventions
[2.632s] -- Added test 'lint_cmake' to check CMake code style
[2.634s] -- Added test 'pep257' to check Python code against some of the docstring style conventions in PEP 257
[2.642s] -- Added test 'uncrustify' to check C / C++ code style
[2.642s] -- Configured uncrustify additional arguments: 
[2.644s] -- Added test 'xmllint' to check XML markup files
[2.645s] -- Configuring done
[2.702s] -- Generating done
[2.706s] -- Build files have been written to: /home/roboconb/RoboconDetectionFruit-master/build/robocon2023_b_dash
[2.718s] Invoked command in '/home/roboconb/RoboconDetectionFruit-master/build/robocon2023_b_dash' returned '0': CMAKE_PREFIX_PATH=${CMAKE_PREFIX_PATH}:/home/roboconb/RoboconDetectionFruit-master/install/fruit_detection:/opt/ros/humble /usr/bin/cmake /home/roboconb/RoboconDetectionFruit-master/src/robocon2023_b_dash -DCMAKE_INSTALL_PREFIX=/home/roboconb/RoboconDetectionFruit-master/install/robocon2023_b_dash
[2.720s] Invoking command in '/home/roboconb/RoboconDetectionFruit-master/build/robocon2023_b_dash': CMAKE_PREFIX_PATH=${CMAKE_PREFIX_PATH}:/home/roboconb/RoboconDetectionFruit-master/install/fruit_detection:/opt/ros/humble /usr/bin/cmake --build /home/roboconb/RoboconDetectionFruit-master/build/robocon2023_b_dash -- -j8 -l8
[2.772s] [35m[1mConsolidate compiler generated dependencies of target SerialKIMD[0m
[2.806s] [  9%] Built target SerialKIMD
[2.827s] [35m[1mConsolidate compiler generated dependencies of target Solenoid_Controller[0m
[2.859s] [ 18%] Built target Solenoid_Controller
[2.877s] [35m[1mConsolidate compiler generated dependencies of target BeltLiner_Controller[0m
[2.901s] [ 27%] Built target BeltLiner_Controller
[2.915s] [35m[1mConsolidate compiler generated dependencies of target RopeMotion[0m
[2.937s] [ 36%] Built target RopeMotion
[2.952s] [35m[1mConsolidate compiler generated dependencies of target receiver[0m
[2.976s] [ 45%] Built target receiver
[2.989s] [35m[1mConsolidate compiler generated dependencies of target Crawl_Controller[0m
[3.015s] [ 54%] Built target Crawl_Controller
[3.025s] [35m[1mConsolidate compiler generated dependencies of target WallUpMotion[0m
[3.050s] [ 63%] Built target WallUpMotion
[3.064s] [35m[1mConsolidate compiler generated dependencies of target Upper_Controller[0m
[3.092s] [ 72%] Built target Upper_Controller
[3.104s] [35m[1mConsolidate compiler generated dependencies of target Drive_Controller[0m
[3.129s] [ 81%] Built target Drive_Controller
[3.142s] [35m[1mConsolidate compiler generated dependencies of target DriveMotion[0m
[3.164s] [ 90%] Built target DriveMotion
[3.176s] [35m[1mConsolidate compiler generated dependencies of target Xmove_Controller[0m
[3.196s] [100%] Built target Xmove_Controller
[3.208s] Invoked command in '/home/roboconb/RoboconDetectionFruit-master/build/robocon2023_b_dash' returned '0': CMAKE_PREFIX_PATH=${CMAKE_PREFIX_PATH}:/home/roboconb/RoboconDetectionFruit-master/install/fruit_detection:/opt/ros/humble /usr/bin/cmake --build /home/roboconb/RoboconDetectionFruit-master/build/robocon2023_b_dash -- -j8 -l8
[3.271s] Invoking command in '/home/roboconb/RoboconDetectionFruit-master/build/robocon2023_b_dash': CMAKE_PREFIX_PATH=${CMAKE_PREFIX_PATH}:/home/roboconb/RoboconDetectionFruit-master/install/fruit_detection:/opt/ros/humble /usr/bin/cmake --install /home/roboconb/RoboconDetectionFruit-master/build/robocon2023_b_dash
[3.278s] -- Install configuration: ""
[3.278s] -- Up-to-date: /home/roboconb/RoboconDetectionFruit-master/install/robocon2023_b_dash/lib/robocon2023_b_dash/SerialKIMD
[3.279s] -- Up-to-date: /home/roboconb/RoboconDetectionFruit-master/install/robocon2023_b_dash/lib/robocon2023_b_dash/Xmove_Controller
[3.279s] -- Up-to-date: /home/roboconb/RoboconDetectionFruit-master/install/robocon2023_b_dash/lib/robocon2023_b_dash/DriveMotion
[3.280s] -- Up-to-date: /home/roboconb/RoboconDetectionFruit-master/install/robocon2023_b_dash/lib/robocon2023_b_dash/Drive_Controller
[3.280s] -- Up-to-date: /home/roboconb/RoboconDetectionFruit-master/install/robocon2023_b_dash/lib/robocon2023_b_dash/Upper_Controller
[3.280s] -- Up-to-date: /home/roboconb/RoboconDetectionFruit-master/install/robocon2023_b_dash/lib/robocon2023_b_dash/WallUpMotion
[3.281s] -- Up-to-date: /home/roboconb/RoboconDetectionFruit-master/install/robocon2023_b_dash/lib/robocon2023_b_dash/Crawl_Controller
[3.281s] -- Up-to-date: /home/roboconb/RoboconDetectionFruit-master/install/robocon2023_b_dash/lib/robocon2023_b_dash/Solenoid_Controller
[3.282s] -- Up-to-date: /home/roboconb/RoboconDetectionFruit-master/install/robocon2023_b_dash/lib/robocon2023_b_dash/BeltLiner_Controller
[3.282s] -- Up-to-date: /home/roboconb/RoboconDetectionFruit-master/install/robocon2023_b_dash/lib/robocon2023_b_dash/RopeMotion
[3.282s] -- Up-to-date: /home/roboconb/RoboconDetectionFruit-master/install/robocon2023_b_dash/lib/robocon2023_b_dash/receiver
[3.282s] -- Up-to-date: /home/roboconb/RoboconDetectionFruit-master/install/robocon2023_b_dash/share/ament_index/resource_index/package_run_dependencies/robocon2023_b_dash
[3.283s] -- Up-to-date: /home/roboconb/RoboconDetectionFruit-master/install/robocon2023_b_dash/share/ament_index/resource_index/parent_prefix_path/robocon2023_b_dash
[3.283s] -- Up-to-date: /home/roboconb/RoboconDetectionFruit-master/install/robocon2023_b_dash/share/robocon2023_b_dash/environment/ament_prefix_path.sh
[3.283s] -- Installing: /home/roboconb/RoboconDetectionFruit-master/install/robocon2023_b_dash/share/robocon2023_b_dash/environment/ament_prefix_path.dsv
[3.283s] -- Up-to-date: /home/roboconb/RoboconDetectionFruit-master/install/robocon2023_b_dash/share/robocon2023_b_dash/environment/path.sh
[3.283s] -- Installing: /home/roboconb/RoboconDetectionFruit-master/install/robocon2023_b_dash/share/robocon2023_b_dash/environment/path.dsv
[3.283s] -- Up-to-date: /home/roboconb/RoboconDetectionFruit-master/install/robocon2023_b_dash/share/robocon2023_b_dash/local_setup.bash
[3.283s] -- Up-to-date: /home/roboconb/RoboconDetectionFruit-master/install/robocon2023_b_dash/share/robocon2023_b_dash/local_setup.sh
[3.283s] -- Up-to-date: /home/roboconb/RoboconDetectionFruit-master/install/robocon2023_b_dash/share/robocon2023_b_dash/local_setup.zsh
[3.283s] -- Installing: /home/roboconb/RoboconDetectionFruit-master/install/robocon2023_b_dash/share/robocon2023_b_dash/local_setup.dsv
[3.284s] -- Installing: /home/roboconb/RoboconDetectionFruit-master/install/robocon2023_b_dash/share/robocon2023_b_dash/package.dsv
[3.284s] -- Up-to-date: /home/roboconb/RoboconDetectionFruit-master/install/robocon2023_b_dash/share/ament_index/resource_index/packages/robocon2023_b_dash
[3.284s] -- Up-to-date: /home/roboconb/RoboconDetectionFruit-master/install/robocon2023_b_dash/share/robocon2023_b_dash/cmake/robocon2023_b_dashConfig.cmake
[3.284s] -- Up-to-date: /home/roboconb/RoboconDetectionFruit-master/install/robocon2023_b_dash/share/robocon2023_b_dash/cmake/robocon2023_b_dashConfig-version.cmake
[3.284s] -- Up-to-date: /home/roboconb/RoboconDetectionFruit-master/install/robocon2023_b_dash/share/robocon2023_b_dash/package.xml
[3.286s] Invoked command in '/home/roboconb/RoboconDetectionFruit-master/build/robocon2023_b_dash' returned '0': CMAKE_PREFIX_PATH=${CMAKE_PREFIX_PATH}:/home/roboconb/RoboconDetectionFruit-master/install/fruit_detection:/opt/ros/humble /usr/bin/cmake --install /home/roboconb/RoboconDetectionFruit-master/build/robocon2023_b_dash
