[0.770s] Invoking command in '/home/kaibuchisoma/robocon_ws/src/fruit_detection': PYTHONPATH=/home/kaibuchisoma/robocon_ws/build/fruit_detection/prefix_override:/home/kaibuchisoma/robocon_ws/install/fruit_detection/lib/python3.10/site-packages:${PYTHONPATH} /usr/bin/python3 setup.py egg_info --egg-base ../../build/fruit_detection build --build-base /home/kaibuchisoma/robocon_ws/build/fruit_detection/build install --record /home/kaibuchisoma/robocon_ws/build/fruit_detection/install.log --single-version-externally-managed
[0.958s] running egg_info
[0.959s] writing ../../build/fruit_detection/fruit_detection.egg-info/PKG-INFO
[0.959s] writing dependency_links to ../../build/fruit_detection/fruit_detection.egg-info/dependency_links.txt
[0.959s] writing entry points to ../../build/fruit_detection/fruit_detection.egg-info/entry_points.txt
[0.959s] writing requirements to ../../build/fruit_detection/fruit_detection.egg-info/requires.txt
[0.959s] writing top-level names to ../../build/fruit_detection/fruit_detection.egg-info/top_level.txt
[0.961s] reading manifest file '../../build/fruit_detection/fruit_detection.egg-info/SOURCES.txt'
[0.961s] writing manifest file '../../build/fruit_detection/fruit_detection.egg-info/SOURCES.txt'
[0.961s] running build
[0.962s] running build_py
[0.962s] copying fruit_detection/pubdetect.py -> /home/kaibuchisoma/robocon_ws/build/fruit_detection/build/lib/fruit_detection
[0.962s] copying fruit_detection/pubdetect copy.py -> /home/kaibuchisoma/robocon_ws/build/fruit_detection/build/lib/fruit_detection
[0.962s] running install
[0.962s] /usr/lib/python3/dist-packages/setuptools/command/install.py:34: SetuptoolsDeprecationWarning: setup.py install is deprecated. Use build and pip and other standards-based tools.
[0.963s]   warnings.warn(
[0.963s] running install_lib
[0.963s] copying /home/kaibuchisoma/robocon_ws/build/fruit_detection/build/lib/fruit_detection/pubdetect.py -> /home/kaibuchisoma/robocon_ws/install/fruit_detection/lib/python3.10/site-packages/fruit_detection
[0.964s] copying /home/kaibuchisoma/robocon_ws/build/fruit_detection/build/lib/fruit_detection/pubdetect copy.py -> /home/kaibuchisoma/robocon_ws/install/fruit_detection/lib/python3.10/site-packages/fruit_detection
[0.964s] byte-compiling /home/kaibuchisoma/robocon_ws/install/fruit_detection/lib/python3.10/site-packages/fruit_detection/pubdetect.py to pubdetect.cpython-310.pyc
[0.966s] byte-compiling /home/kaibuchisoma/robocon_ws/install/fruit_detection/lib/python3.10/site-packages/fruit_detection/pubdetect copy.py to pubdetect copy.cpython-310.pyc
[0.967s] running install_data
[0.967s] running install_egg_info
[0.968s] removing '/home/kaibuchisoma/robocon_ws/install/fruit_detection/lib/python3.10/site-packages/fruit_detection-0.0.1-py3.10.egg-info' (and everything under it)
[0.969s] Copying ../../build/fruit_detection/fruit_detection.egg-info to /home/kaibuchisoma/robocon_ws/install/fruit_detection/lib/python3.10/site-packages/fruit_detection-0.0.1-py3.10.egg-info
[0.970s] running install_scripts
[0.986s] Installing listener script to /home/kaibuchisoma/robocon_ws/install/fruit_detection/lib/fruit_detection
[0.986s] Installing pubdetect script to /home/kaibuchisoma/robocon_ws/install/fruit_detection/lib/fruit_detection
[0.986s] Installing talker script to /home/kaibuchisoma/robocon_ws/install/fruit_detection/lib/fruit_detection
[0.987s] writing list of installed files to '/home/kaibuchisoma/robocon_ws/build/fruit_detection/install.log'
[1.006s] Invoked command in '/home/kaibuchisoma/robocon_ws/src/fruit_detection' returned '0': PYTHONPATH=/home/kaibuchisoma/robocon_ws/build/fruit_detection/prefix_override:/home/kaibuchisoma/robocon_ws/install/fruit_detection/lib/python3.10/site-packages:${PYTHONPATH} /usr/bin/python3 setup.py egg_info --egg-base ../../build/fruit_detection build --build-base /home/kaibuchisoma/robocon_ws/build/fruit_detection/build install --record /home/kaibuchisoma/robocon_ws/build/fruit_detection/install.log --single-version-externally-managed
