[0.307s] Invoking command in '/home/kaibuchisoma/robocon_ws/build/ros_to_kimd': CMAKE_PREFIX_PATH=${CMAKE_PREFIX_PATH}:/home/kaibuchisoma/robocon_ws/install/fruit_detection:/opt/ros/humble /usr/bin/cmake /home/kaibuchisoma/robocon_ws/src/ros_to_kimd -DCMAKE_INSTALL_PREFIX=/home/kaibuchisoma/robocon_ws/install/ros_to_kimd
[0.370s] -- The C compiler identification is GNU 11.4.0
[0.426s] -- The CXX compiler identification is GNU 11.4.0
[0.435s] -- Detecting C compiler ABI info
[0.519s] -- Detecting C compiler ABI info - done
[0.527s] -- Check for working C compiler: /usr/bin/cc - skipped
[0.527s] -- Detecting C compile features
[0.528s] -- Detecting C compile features - done
[0.531s] -- Detecting CXX compiler ABI info
[0.612s] -- Detecting CXX compiler ABI info - done
[0.620s] -- Check for working CXX compiler: /usr/bin/c++ - skipped
[0.620s] -- Detecting CXX compile features
[0.621s] -- Detecting CXX compile features - done
[0.623s] -- Found ament_cmake: 1.3.5 (/opt/ros/humble/share/ament_cmake/cmake)
[0.787s] -- Found Python3: /usr/bin/python3.10 (found version "3.10.12") found components: Interpreter 
[0.893s] -- Found rclcpp: 16.0.6 (/opt/ros/humble/share/rclcpp/cmake)
[0.953s] -- Found rosidl_generator_c: 3.1.5 (/opt/ros/humble/share/rosidl_generator_c/cmake)
[0.959s] -- Found rosidl_adapter: 3.1.5 (/opt/ros/humble/share/rosidl_adapter/cmake)
[0.971s] -- Found rosidl_generator_cpp: 3.1.5 (/opt/ros/humble/share/rosidl_generator_cpp/cmake)
[0.988s] -- Using all available rosidl_typesupport_c: rosidl_typesupport_fastrtps_c;rosidl_typesupport_introspection_c
[1.010s] -- Using all available rosidl_typesupport_cpp: rosidl_typesupport_fastrtps_cpp;rosidl_typesupport_introspection_cpp
[1.088s] -- Found rmw_implementation_cmake: 6.1.1 (/opt/ros/humble/share/rmw_implementation_cmake/cmake)
[1.092s] -- Found rmw_fastrtps_cpp: 6.2.4 (/opt/ros/humble/share/rmw_fastrtps_cpp/cmake)
[1.216s] -- Found OpenSSL: /usr/lib/x86_64-linux-gnu/libcrypto.so (found version "3.0.2")  
[1.244s] -- Found FastRTPS: /opt/ros/humble/include  
[1.290s] -- Using RMW implementation 'rmw_fastrtps_cpp' as default
[1.302s] -- Looking for pthread.h
[1.374s] -- Looking for pthread.h - found
[1.374s] -- Performing Test CMAKE_HAVE_LIBC_PTHREAD
[1.444s] -- Performing Test CMAKE_HAVE_LIBC_PTHREAD - Success
[1.445s] -- Found Threads: TRUE  
[1.611s] -- Found sensor_msgs: 4.2.3 (/opt/ros/humble/share/sensor_msgs/cmake)
[1.734s] -- Found ament_lint_auto: 0.12.8 (/opt/ros/humble/share/ament_lint_auto/cmake)
[1.823s] -- Added test 'copyright' to check source files copyright and LICENSE
[1.838s] -- Added test 'cppcheck' to perform static code analysis on C / C++ code
[1.838s] -- Configured cppcheck include dirs: 
[1.838s] -- Configured cppcheck exclude dirs and/or files: 
[1.852s] -- Added test 'cpplint' to check C / C++ code against the Google style
[1.852s] -- Configured cpplint exclude dirs and/or files: 
[1.855s] -- Added test 'flake8' to check Python code syntax and style conventions
[1.858s] -- Added test 'lint_cmake' to check CMake code style
[1.861s] -- Added test 'pep257' to check Python code against some of the docstring style conventions in PEP 257
[1.875s] -- Added test 'uncrustify' to check C / C++ code style
[1.875s] -- Configured uncrustify additional arguments: 
[1.877s] -- Added test 'xmllint' to check XML markup files
[1.879s] -- Configuring done
[1.896s] -- Generating done
[1.898s] -- Build files have been written to: /home/kaibuchisoma/robocon_ws/build/ros_to_kimd
[1.910s] Invoked command in '/home/kaibuchisoma/robocon_ws/build/ros_to_kimd' returned '0': CMAKE_PREFIX_PATH=${CMAKE_PREFIX_PATH}:/home/kaibuchisoma/robocon_ws/install/fruit_detection:/opt/ros/humble /usr/bin/cmake /home/kaibuchisoma/robocon_ws/src/ros_to_kimd -DCMAKE_INSTALL_PREFIX=/home/kaibuchisoma/robocon_ws/install/ros_to_kimd
[1.911s] Invoking command in '/home/kaibuchisoma/robocon_ws/build/ros_to_kimd': CMAKE_PREFIX_PATH=${CMAKE_PREFIX_PATH}:/home/kaibuchisoma/robocon_ws/install/fruit_detection:/opt/ros/humble /usr/bin/cmake --build /home/kaibuchisoma/robocon_ws/build/ros_to_kimd -- -j12 -l12
[1.953s] [35m[1mConsolidate compiler generated dependencies of target joysubtest[0m
[1.953s] [35m[1mConsolidate compiler generated dependencies of target ControlKimd[0m
[1.980s] [ 50%] Built target ControlKimd
[1.990s] [100%] Built target joysubtest
[2.021s] Invoked command in '/home/kaibuchisoma/robocon_ws/build/ros_to_kimd' returned '0': CMAKE_PREFIX_PATH=${CMAKE_PREFIX_PATH}:/home/kaibuchisoma/robocon_ws/install/fruit_detection:/opt/ros/humble /usr/bin/cmake --build /home/kaibuchisoma/robocon_ws/build/ros_to_kimd -- -j12 -l12
[2.062s] Invoking command in '/home/kaibuchisoma/robocon_ws/build/ros_to_kimd': CMAKE_PREFIX_PATH=${CMAKE_PREFIX_PATH}:/home/kaibuchisoma/robocon_ws/install/fruit_detection:/opt/ros/humble /usr/bin/cmake --install /home/kaibuchisoma/robocon_ws/build/ros_to_kimd
[2.070s] -- Install configuration: ""
[2.070s] -- Up-to-date: /home/kaibuchisoma/robocon_ws/install/ros_to_kimd/lib/ros_to_kimd/joysubtest
[2.071s] -- Up-to-date: /home/kaibuchisoma/robocon_ws/install/ros_to_kimd/lib/ros_to_kimd/ControlKimd
[2.071s] -- Up-to-date: /home/kaibuchisoma/robocon_ws/install/ros_to_kimd/share/ament_index/resource_index/package_run_dependencies/ros_to_kimd
[2.071s] -- Up-to-date: /home/kaibuchisoma/robocon_ws/install/ros_to_kimd/share/ament_index/resource_index/parent_prefix_path/ros_to_kimd
[2.071s] -- Up-to-date: /home/kaibuchisoma/robocon_ws/install/ros_to_kimd/share/ros_to_kimd/environment/ament_prefix_path.sh
[2.071s] -- Installing: /home/kaibuchisoma/robocon_ws/install/ros_to_kimd/share/ros_to_kimd/environment/ament_prefix_path.dsv
[2.072s] -- Up-to-date: /home/kaibuchisoma/robocon_ws/install/ros_to_kimd/share/ros_to_kimd/environment/path.sh
[2.072s] -- Installing: /home/kaibuchisoma/robocon_ws/install/ros_to_kimd/share/ros_to_kimd/environment/path.dsv
[2.072s] -- Up-to-date: /home/kaibuchisoma/robocon_ws/install/ros_to_kimd/share/ros_to_kimd/local_setup.bash
[2.072s] -- Up-to-date: /home/kaibuchisoma/robocon_ws/install/ros_to_kimd/share/ros_to_kimd/local_setup.sh
[2.072s] -- Up-to-date: /home/kaibuchisoma/robocon_ws/install/ros_to_kimd/share/ros_to_kimd/local_setup.zsh
[2.072s] -- Installing: /home/kaibuchisoma/robocon_ws/install/ros_to_kimd/share/ros_to_kimd/local_setup.dsv
[2.072s] -- Installing: /home/kaibuchisoma/robocon_ws/install/ros_to_kimd/share/ros_to_kimd/package.dsv
[2.073s] -- Up-to-date: /home/kaibuchisoma/robocon_ws/install/ros_to_kimd/share/ament_index/resource_index/packages/ros_to_kimd
[2.073s] -- Up-to-date: /home/kaibuchisoma/robocon_ws/install/ros_to_kimd/share/ros_to_kimd/cmake/ros_to_kimdConfig.cmake
[2.073s] -- Up-to-date: /home/kaibuchisoma/robocon_ws/install/ros_to_kimd/share/ros_to_kimd/cmake/ros_to_kimdConfig-version.cmake
[2.073s] -- Up-to-date: /home/kaibuchisoma/robocon_ws/install/ros_to_kimd/share/ros_to_kimd/package.xml
[2.075s] Invoked command in '/home/kaibuchisoma/robocon_ws/build/ros_to_kimd' returned '0': CMAKE_PREFIX_PATH=${CMAKE_PREFIX_PATH}:/home/kaibuchisoma/robocon_ws/install/fruit_detection:/opt/ros/humble /usr/bin/cmake --install /home/kaibuchisoma/robocon_ws/build/ros_to_kimd
