[1.068s] DEBUG:colcon:Command line arguments: ['/usr/bin/colcon', 'build']
[1.068s] DEBUG:colcon:Parsed command line arguments: Namespace(allow_overriding=[], ament_cmake_args=None, base_paths=['.'], build_base='build', catkin_cmake_args=None, catkin_skip_building_tests=False, cmake_args=None, cmake_clean_cache=False, cmake_clean_first=False, cmake_force_configure=False, cmake_target=None, cmake_target_skip_unavailable=False, continue_on_error=False, event_handlers=None, executor='parallel', ignore_user_meta=False, install_base='install', log_base=None, log_level=None, main=<bound method BuildVerb.main of <colcon_core.verb.build.BuildVerb object at 0x7fbf1e69c400>>, merge_install=False, metas=['./colcon.meta'], packages_above=None, packages_above_and_dependencies=None, packages_above_depth=None, packages_end=None, packages_ignore=None, packages_ignore_regex=None, packages_select=None, packages_select_build_failed=False, packages_select_by_dep=None, packages_select_regex=None, packages_select_test_failures=False, packages_skip=None, packages_skip_build_finished=False, packages_skip_by_dep=None, packages_skip_regex=None, packages_skip_test_passed=False, packages_skip_up_to=None, packages_start=None, packages_up_to=None, packages_up_to_regex=None, parallel_workers=8, paths=None, symlink_install=False, test_result_base=None, verb_extension=<colcon_core.verb.build.BuildVerb object at 0x7fbf1e69c400>, verb_name='build', verb_parser=<colcon_defaults.argument_parser.defaults.DefaultArgumentsDecorator object at 0x7fbf1e4897f0>)
[1.115s] Level 1:colcon.colcon_core.package_discovery:discover_packages(colcon_meta) check parameters
[1.115s] Level 1:colcon.colcon_core.package_discovery:discover_packages(recursive) check parameters
[1.115s] Level 1:colcon.colcon_core.package_discovery:discover_packages(ignore) check parameters
[1.115s] Level 1:colcon.colcon_core.package_discovery:discover_packages(path) check parameters
[1.115s] Level 1:colcon.colcon_core.package_discovery:discover_packages(colcon_meta) discover
[1.115s] Level 1:colcon.colcon_core.package_discovery:discover_packages(recursive) discover
[1.115s] INFO:colcon.colcon_core.package_discovery:Crawling recursively for packages in '/home/ros-industrial/robocon_ws'
[1.115s] Level 1:colcon.colcon_core.package_identification:_identify(.) by extensions ['ignore', 'ignore_ament_install']
[1.115s] Level 1:colcon.colcon_core.package_identification:_identify(.) by extension 'ignore'
[1.115s] Level 1:colcon.colcon_core.package_identification:_identify(.) by extension 'ignore_ament_install'
[1.115s] Level 1:colcon.colcon_core.package_identification:_identify(.) by extensions ['colcon_pkg']
[1.115s] Level 1:colcon.colcon_core.package_identification:_identify(.) by extension 'colcon_pkg'
[1.115s] Level 1:colcon.colcon_core.package_identification:_identify(.) by extensions ['colcon_meta']
[1.115s] Level 1:colcon.colcon_core.package_identification:_identify(.) by extension 'colcon_meta'
[1.115s] Level 1:colcon.colcon_core.package_identification:_identify(.) by extensions ['ros']
[1.115s] Level 1:colcon.colcon_core.package_identification:_identify(.) by extension 'ros'
[1.126s] Level 1:colcon.colcon_core.package_identification:_identify(.) by extensions ['cmake', 'python']
[1.126s] Level 1:colcon.colcon_core.package_identification:_identify(.) by extension 'cmake'
[1.126s] Level 1:colcon.colcon_core.package_identification:_identify(.) by extension 'python'
[1.126s] Level 1:colcon.colcon_core.package_identification:_identify(.) by extensions ['python_setup_py']
[1.126s] Level 1:colcon.colcon_core.package_identification:_identify(.) by extension 'python_setup_py'
[1.126s] Level 1:colcon.colcon_core.package_identification:_identify(build) by extensions ['ignore', 'ignore_ament_install']
[1.126s] Level 1:colcon.colcon_core.package_identification:_identify(build) by extension 'ignore'
[1.126s] Level 1:colcon.colcon_core.package_identification:_identify(build) ignored
[1.126s] Level 1:colcon.colcon_core.package_identification:_identify(install) by extensions ['ignore', 'ignore_ament_install']
[1.126s] Level 1:colcon.colcon_core.package_identification:_identify(install) by extension 'ignore'
[1.126s] Level 1:colcon.colcon_core.package_identification:_identify(install) ignored
[1.127s] Level 1:colcon.colcon_core.package_identification:_identify(log) by extensions ['ignore', 'ignore_ament_install']
[1.127s] Level 1:colcon.colcon_core.package_identification:_identify(log) by extension 'ignore'
[1.127s] Level 1:colcon.colcon_core.package_identification:_identify(log) ignored
[1.127s] Level 1:colcon.colcon_core.package_identification:_identify(src) by extensions ['ignore', 'ignore_ament_install']
[1.127s] Level 1:colcon.colcon_core.package_identification:_identify(src) by extension 'ignore'
[1.127s] Level 1:colcon.colcon_core.package_identification:_identify(src) by extension 'ignore_ament_install'
[1.127s] Level 1:colcon.colcon_core.package_identification:_identify(src) by extensions ['colcon_pkg']
[1.127s] Level 1:colcon.colcon_core.package_identification:_identify(src) by extension 'colcon_pkg'
[1.127s] Level 1:colcon.colcon_core.package_identification:_identify(src) by extensions ['colcon_meta']
[1.127s] Level 1:colcon.colcon_core.package_identification:_identify(src) by extension 'colcon_meta'
[1.127s] Level 1:colcon.colcon_core.package_identification:_identify(src) by extensions ['ros']
[1.127s] Level 1:colcon.colcon_core.package_identification:_identify(src) by extension 'ros'
[1.127s] Level 1:colcon.colcon_core.package_identification:_identify(src) by extensions ['cmake', 'python']
[1.127s] Level 1:colcon.colcon_core.package_identification:_identify(src) by extension 'cmake'
[1.127s] Level 1:colcon.colcon_core.package_identification:_identify(src) by extension 'python'
[1.127s] Level 1:colcon.colcon_core.package_identification:_identify(src) by extensions ['python_setup_py']
[1.127s] Level 1:colcon.colcon_core.package_identification:_identify(src) by extension 'python_setup_py'
[1.127s] Level 1:colcon.colcon_core.package_identification:_identify(src/build) by extensions ['ignore', 'ignore_ament_install']
[1.127s] Level 1:colcon.colcon_core.package_identification:_identify(src/build) by extension 'ignore'
[1.127s] Level 1:colcon.colcon_core.package_identification:_identify(src/build) ignored
[1.127s] Level 1:colcon.colcon_core.package_identification:_identify(src/install) by extensions ['ignore', 'ignore_ament_install']
[1.127s] Level 1:colcon.colcon_core.package_identification:_identify(src/install) by extension 'ignore'
[1.127s] Level 1:colcon.colcon_core.package_identification:_identify(src/install) ignored
[1.127s] Level 1:colcon.colcon_core.package_identification:_identify(src/log) by extensions ['ignore', 'ignore_ament_install']
[1.127s] Level 1:colcon.colcon_core.package_identification:_identify(src/log) by extension 'ignore'
[1.127s] Level 1:colcon.colcon_core.package_identification:_identify(src/log) ignored
[1.127s] Level 1:colcon.colcon_core.package_identification:_identify(src/remove_920mhz) by extensions ['ignore', 'ignore_ament_install']
[1.127s] Level 1:colcon.colcon_core.package_identification:_identify(src/remove_920mhz) by extension 'ignore'
[1.127s] Level 1:colcon.colcon_core.package_identification:_identify(src/remove_920mhz) by extension 'ignore_ament_install'
[1.127s] Level 1:colcon.colcon_core.package_identification:_identify(src/remove_920mhz) by extensions ['colcon_pkg']
[1.127s] Level 1:colcon.colcon_core.package_identification:_identify(src/remove_920mhz) by extension 'colcon_pkg'
[1.127s] Level 1:colcon.colcon_core.package_identification:_identify(src/remove_920mhz) by extensions ['colcon_meta']
[1.127s] Level 1:colcon.colcon_core.package_identification:_identify(src/remove_920mhz) by extension 'colcon_meta'
[1.127s] Level 1:colcon.colcon_core.package_identification:_identify(src/remove_920mhz) by extensions ['ros']
[1.127s] Level 1:colcon.colcon_core.package_identification:_identify(src/remove_920mhz) by extension 'ros'
[1.127s] Level 1:colcon.colcon_core.package_identification:_identify(src/remove_920mhz) by extensions ['cmake', 'python']
[1.127s] Level 1:colcon.colcon_core.package_identification:_identify(src/remove_920mhz) by extension 'cmake'
[1.128s] Level 1:colcon.colcon_core.package_identification:_identify(src/remove_920mhz) by extension 'python'
[1.128s] Level 1:colcon.colcon_core.package_identification:_identify(src/remove_920mhz) by extensions ['python_setup_py']
[1.128s] Level 1:colcon.colcon_core.package_identification:_identify(src/remove_920mhz) by extension 'python_setup_py'
[1.128s] Level 1:colcon.colcon_core.package_identification:_identify(src/robocon2023_b_dash) by extensions ['ignore', 'ignore_ament_install']
[1.128s] Level 1:colcon.colcon_core.package_identification:_identify(src/robocon2023_b_dash) by extension 'ignore'
[1.128s] Level 1:colcon.colcon_core.package_identification:_identify(src/robocon2023_b_dash) by extension 'ignore_ament_install'
[1.128s] Level 1:colcon.colcon_core.package_identification:_identify(src/robocon2023_b_dash) by extensions ['colcon_pkg']
[1.128s] Level 1:colcon.colcon_core.package_identification:_identify(src/robocon2023_b_dash) by extension 'colcon_pkg'
[1.128s] Level 1:colcon.colcon_core.package_identification:_identify(src/robocon2023_b_dash) by extensions ['colcon_meta']
[1.128s] Level 1:colcon.colcon_core.package_identification:_identify(src/robocon2023_b_dash) by extension 'colcon_meta'
[1.128s] Level 1:colcon.colcon_core.package_identification:_identify(src/robocon2023_b_dash) by extensions ['ros']
[1.128s] Level 1:colcon.colcon_core.package_identification:_identify(src/robocon2023_b_dash) by extension 'ros'
[1.129s] DEBUG:colcon.colcon_core.package_identification:Package 'src/robocon2023_b_dash' with type 'ros.ament_cmake' and name 'robocon2023_b_dash'
[1.129s] Level 1:colcon.colcon_core.package_identification:_identify(src/ros_to_kimd) by extensions ['ignore', 'ignore_ament_install']
[1.129s] Level 1:colcon.colcon_core.package_identification:_identify(src/ros_to_kimd) by extension 'ignore'
[1.129s] Level 1:colcon.colcon_core.package_identification:_identify(src/ros_to_kimd) by extension 'ignore_ament_install'
[1.129s] Level 1:colcon.colcon_core.package_identification:_identify(src/ros_to_kimd) by extensions ['colcon_pkg']
[1.129s] Level 1:colcon.colcon_core.package_identification:_identify(src/ros_to_kimd) by extension 'colcon_pkg'
[1.129s] Level 1:colcon.colcon_core.package_identification:_identify(src/ros_to_kimd) by extensions ['colcon_meta']
[1.129s] Level 1:colcon.colcon_core.package_identification:_identify(src/ros_to_kimd) by extension 'colcon_meta'
[1.129s] Level 1:colcon.colcon_core.package_identification:_identify(src/ros_to_kimd) by extensions ['ros']
[1.129s] Level 1:colcon.colcon_core.package_identification:_identify(src/ros_to_kimd) by extension 'ros'
[1.130s] DEBUG:colcon.colcon_core.package_identification:Package 'src/ros_to_kimd' with type 'ros.ament_cmake' and name 'ros_to_kimd'
[1.130s] Level 1:colcon.colcon_core.package_identification:_identify(src/sllidar_ros2) by extensions ['ignore', 'ignore_ament_install']
[1.130s] Level 1:colcon.colcon_core.package_identification:_identify(src/sllidar_ros2) by extension 'ignore'
[1.130s] Level 1:colcon.colcon_core.package_identification:_identify(src/sllidar_ros2) by extension 'ignore_ament_install'
[1.130s] Level 1:colcon.colcon_core.package_identification:_identify(src/sllidar_ros2) by extensions ['colcon_pkg']
[1.130s] Level 1:colcon.colcon_core.package_identification:_identify(src/sllidar_ros2) by extension 'colcon_pkg'
[1.130s] Level 1:colcon.colcon_core.package_identification:_identify(src/sllidar_ros2) by extensions ['colcon_meta']
[1.130s] Level 1:colcon.colcon_core.package_identification:_identify(src/sllidar_ros2) by extension 'colcon_meta'
[1.130s] Level 1:colcon.colcon_core.package_identification:_identify(src/sllidar_ros2) by extensions ['ros']
[1.130s] Level 1:colcon.colcon_core.package_identification:_identify(src/sllidar_ros2) by extension 'ros'
[1.130s] DEBUG:colcon.colcon_core.package_identification:Package 'src/sllidar_ros2' with type 'ros.ament_cmake' and name 'sllidar_ros2'
[1.130s] Level 1:colcon.colcon_core.package_identification:_identify(src/time_practice) by extensions ['ignore', 'ignore_ament_install']
[1.130s] Level 1:colcon.colcon_core.package_identification:_identify(src/time_practice) by extension 'ignore'
[1.130s] Level 1:colcon.colcon_core.package_identification:_identify(src/time_practice) by extension 'ignore_ament_install'
[1.130s] Level 1:colcon.colcon_core.package_identification:_identify(src/time_practice) by extensions ['colcon_pkg']
[1.130s] Level 1:colcon.colcon_core.package_identification:_identify(src/time_practice) by extension 'colcon_pkg'
[1.130s] Level 1:colcon.colcon_core.package_identification:_identify(src/time_practice) by extensions ['colcon_meta']
[1.130s] Level 1:colcon.colcon_core.package_identification:_identify(src/time_practice) by extension 'colcon_meta'
[1.130s] Level 1:colcon.colcon_core.package_identification:_identify(src/time_practice) by extensions ['ros']
[1.130s] Level 1:colcon.colcon_core.package_identification:_identify(src/time_practice) by extension 'ros'
[1.131s] DEBUG:colcon.colcon_core.package_identification:Package 'src/time_practice' with type 'ros.ament_cmake' and name 'time_practice'
[1.131s] Level 1:colcon.colcon_core.package_identification:_identify(src/usb920_ver2) by extensions ['ignore', 'ignore_ament_install']
[1.131s] Level 1:colcon.colcon_core.package_identification:_identify(src/usb920_ver2) by extension 'ignore'
[1.131s] Level 1:colcon.colcon_core.package_identification:_identify(src/usb920_ver2) by extension 'ignore_ament_install'
[1.131s] Level 1:colcon.colcon_core.package_identification:_identify(src/usb920_ver2) by extensions ['colcon_pkg']
[1.131s] Level 1:colcon.colcon_core.package_identification:_identify(src/usb920_ver2) by extension 'colcon_pkg'
[1.131s] Level 1:colcon.colcon_core.package_identification:_identify(src/usb920_ver2) by extensions ['colcon_meta']
[1.131s] Level 1:colcon.colcon_core.package_identification:_identify(src/usb920_ver2) by extension 'colcon_meta'
[1.131s] Level 1:colcon.colcon_core.package_identification:_identify(src/usb920_ver2) by extensions ['ros']
[1.131s] Level 1:colcon.colcon_core.package_identification:_identify(src/usb920_ver2) by extension 'ros'
[1.131s] DEBUG:colcon.colcon_core.package_identification:Package 'src/usb920_ver2' with type 'ros.ament_cmake' and name 'usb920_ver2'
[1.131s] Level 1:colcon.colcon_core.package_discovery:discover_packages(recursive) using defaults
[1.131s] Level 1:colcon.colcon_core.package_discovery:discover_packages(ignore) discover
[1.131s] Level 1:colcon.colcon_core.package_discovery:discover_packages(ignore) using defaults
[1.131s] Level 1:colcon.colcon_core.package_discovery:discover_packages(path) discover
[1.131s] Level 1:colcon.colcon_core.package_discovery:discover_packages(path) using defaults
[1.232s] Level 1:colcon.colcon_core.package_discovery:discover_packages(prefix_path) check parameters
[1.232s] Level 1:colcon.colcon_core.package_discovery:discover_packages(prefix_path) discover
[1.271s] DEBUG:colcon.colcon_installed_package_information.package_discovery:Found 5 installed packages in /home/ros-industrial/robocon_ws/install
[1.292s] DEBUG:colcon.colcon_installed_package_information.package_discovery:Found 318 installed packages in /opt/ros/foxy
[1.293s] Level 1:colcon.colcon_core.package_discovery:discover_packages(prefix_path) using defaults
[1.382s] Level 5:colcon.colcon_core.verb:set package 'robocon2023_b_dash' build argument 'cmake_args' from command line to 'None'
[1.382s] Level 5:colcon.colcon_core.verb:set package 'robocon2023_b_dash' build argument 'cmake_target' from command line to 'None'
[1.382s] Level 5:colcon.colcon_core.verb:set package 'robocon2023_b_dash' build argument 'cmake_target_skip_unavailable' from command line to 'False'
[1.382s] Level 5:colcon.colcon_core.verb:set package 'robocon2023_b_dash' build argument 'cmake_clean_cache' from command line to 'False'
[1.382s] Level 5:colcon.colcon_core.verb:set package 'robocon2023_b_dash' build argument 'cmake_clean_first' from command line to 'False'
[1.382s] Level 5:colcon.colcon_core.verb:set package 'robocon2023_b_dash' build argument 'cmake_force_configure' from command line to 'False'
[1.382s] Level 5:colcon.colcon_core.verb:set package 'robocon2023_b_dash' build argument 'ament_cmake_args' from command line to 'None'
[1.382s] Level 5:colcon.colcon_core.verb:set package 'robocon2023_b_dash' build argument 'catkin_cmake_args' from command line to 'None'
[1.382s] Level 5:colcon.colcon_core.verb:set package 'robocon2023_b_dash' build argument 'catkin_skip_building_tests' from command line to 'False'
[1.382s] DEBUG:colcon.colcon_core.verb:Building package 'robocon2023_b_dash' with the following arguments: {'ament_cmake_args': None, 'build_base': '/home/ros-industrial/robocon_ws/build/robocon2023_b_dash', 'catkin_cmake_args': None, 'catkin_skip_building_tests': False, 'cmake_args': None, 'cmake_clean_cache': False, 'cmake_clean_first': False, 'cmake_force_configure': False, 'cmake_target': None, 'cmake_target_skip_unavailable': False, 'install_base': '/home/ros-industrial/robocon_ws/install/robocon2023_b_dash', 'merge_install': False, 'path': '/home/ros-industrial/robocon_ws/src/robocon2023_b_dash', 'symlink_install': False, 'test_result_base': None}
[1.403s] Level 5:colcon.colcon_core.verb:set package 'ros_to_kimd' build argument 'cmake_args' from command line to 'None'
[1.403s] Level 5:colcon.colcon_core.verb:set package 'ros_to_kimd' build argument 'cmake_target' from command line to 'None'
[1.403s] Level 5:colcon.colcon_core.verb:set package 'ros_to_kimd' build argument 'cmake_target_skip_unavailable' from command line to 'False'
[1.403s] Level 5:colcon.colcon_core.verb:set package 'ros_to_kimd' build argument 'cmake_clean_cache' from command line to 'False'
[1.403s] Level 5:colcon.colcon_core.verb:set package 'ros_to_kimd' build argument 'cmake_clean_first' from command line to 'False'
[1.403s] Level 5:colcon.colcon_core.verb:set package 'ros_to_kimd' build argument 'cmake_force_configure' from command line to 'False'
[1.403s] Level 5:colcon.colcon_core.verb:set package 'ros_to_kimd' build argument 'ament_cmake_args' from command line to 'None'
[1.403s] Level 5:colcon.colcon_core.verb:set package 'ros_to_kimd' build argument 'catkin_cmake_args' from command line to 'None'
[1.403s] Level 5:colcon.colcon_core.verb:set package 'ros_to_kimd' build argument 'catkin_skip_building_tests' from command line to 'False'
[1.403s] DEBUG:colcon.colcon_core.verb:Building package 'ros_to_kimd' with the following arguments: {'ament_cmake_args': None, 'build_base': '/home/ros-industrial/robocon_ws/build/ros_to_kimd', 'catkin_cmake_args': None, 'catkin_skip_building_tests': False, 'cmake_args': None, 'cmake_clean_cache': False, 'cmake_clean_first': False, 'cmake_force_configure': False, 'cmake_target': None, 'cmake_target_skip_unavailable': False, 'install_base': '/home/ros-industrial/robocon_ws/install/ros_to_kimd', 'merge_install': False, 'path': '/home/ros-industrial/robocon_ws/src/ros_to_kimd', 'symlink_install': False, 'test_result_base': None}
[1.423s] Level 5:colcon.colcon_core.verb:set package 'sllidar_ros2' build argument 'cmake_args' from command line to 'None'
[1.423s] Level 5:colcon.colcon_core.verb:set package 'sllidar_ros2' build argument 'cmake_target' from command line to 'None'
[1.423s] Level 5:colcon.colcon_core.verb:set package 'sllidar_ros2' build argument 'cmake_target_skip_unavailable' from command line to 'False'
[1.423s] Level 5:colcon.colcon_core.verb:set package 'sllidar_ros2' build argument 'cmake_clean_cache' from command line to 'False'
[1.423s] Level 5:colcon.colcon_core.verb:set package 'sllidar_ros2' build argument 'cmake_clean_first' from command line to 'False'
[1.423s] Level 5:colcon.colcon_core.verb:set package 'sllidar_ros2' build argument 'cmake_force_configure' from command line to 'False'
[1.423s] Level 5:colcon.colcon_core.verb:set package 'sllidar_ros2' build argument 'ament_cmake_args' from command line to 'None'
[1.423s] Level 5:colcon.colcon_core.verb:set package 'sllidar_ros2' build argument 'catkin_cmake_args' from command line to 'None'
[1.423s] Level 5:colcon.colcon_core.verb:set package 'sllidar_ros2' build argument 'catkin_skip_building_tests' from command line to 'False'
[1.423s] DEBUG:colcon.colcon_core.verb:Building package 'sllidar_ros2' with the following arguments: {'ament_cmake_args': None, 'build_base': '/home/ros-industrial/robocon_ws/build/sllidar_ros2', 'catkin_cmake_args': None, 'catkin_skip_building_tests': False, 'cmake_args': None, 'cmake_clean_cache': False, 'cmake_clean_first': False, 'cmake_force_configure': False, 'cmake_target': None, 'cmake_target_skip_unavailable': False, 'install_base': '/home/ros-industrial/robocon_ws/install/sllidar_ros2', 'merge_install': False, 'path': '/home/ros-industrial/robocon_ws/src/sllidar_ros2', 'symlink_install': False, 'test_result_base': None}
[1.444s] Level 5:colcon.colcon_core.verb:set package 'time_practice' build argument 'cmake_args' from command line to 'None'
[1.444s] Level 5:colcon.colcon_core.verb:set package 'time_practice' build argument 'cmake_target' from command line to 'None'
[1.444s] Level 5:colcon.colcon_core.verb:set package 'time_practice' build argument 'cmake_target_skip_unavailable' from command line to 'False'
[1.444s] Level 5:colcon.colcon_core.verb:set package 'time_practice' build argument 'cmake_clean_cache' from command line to 'False'
[1.444s] Level 5:colcon.colcon_core.verb:set package 'time_practice' build argument 'cmake_clean_first' from command line to 'False'
[1.444s] Level 5:colcon.colcon_core.verb:set package 'time_practice' build argument 'cmake_force_configure' from command line to 'False'
[1.444s] Level 5:colcon.colcon_core.verb:set package 'time_practice' build argument 'ament_cmake_args' from command line to 'None'
[1.444s] Level 5:colcon.colcon_core.verb:set package 'time_practice' build argument 'catkin_cmake_args' from command line to 'None'
[1.444s] Level 5:colcon.colcon_core.verb:set package 'time_practice' build argument 'catkin_skip_building_tests' from command line to 'False'
[1.444s] DEBUG:colcon.colcon_core.verb:Building package 'time_practice' with the following arguments: {'ament_cmake_args': None, 'build_base': '/home/ros-industrial/robocon_ws/build/time_practice', 'catkin_cmake_args': None, 'catkin_skip_building_tests': False, 'cmake_args': None, 'cmake_clean_cache': False, 'cmake_clean_first': False, 'cmake_force_configure': False, 'cmake_target': None, 'cmake_target_skip_unavailable': False, 'install_base': '/home/ros-industrial/robocon_ws/install/time_practice', 'merge_install': False, 'path': '/home/ros-industrial/robocon_ws/src/time_practice', 'symlink_install': False, 'test_result_base': None}
[1.464s] Level 5:colcon.colcon_core.verb:set package 'usb920_ver2' build argument 'cmake_args' from command line to 'None'
[1.464s] Level 5:colcon.colcon_core.verb:set package 'usb920_ver2' build argument 'cmake_target' from command line to 'None'
[1.464s] Level 5:colcon.colcon_core.verb:set package 'usb920_ver2' build argument 'cmake_target_skip_unavailable' from command line to 'False'
[1.464s] Level 5:colcon.colcon_core.verb:set package 'usb920_ver2' build argument 'cmake_clean_cache' from command line to 'False'
[1.464s] Level 5:colcon.colcon_core.verb:set package 'usb920_ver2' build argument 'cmake_clean_first' from command line to 'False'
[1.464s] Level 5:colcon.colcon_core.verb:set package 'usb920_ver2' build argument 'cmake_force_configure' from command line to 'False'
[1.464s] Level 5:colcon.colcon_core.verb:set package 'usb920_ver2' build argument 'ament_cmake_args' from command line to 'None'
[1.464s] Level 5:colcon.colcon_core.verb:set package 'usb920_ver2' build argument 'catkin_cmake_args' from command line to 'None'
[1.464s] Level 5:colcon.colcon_core.verb:set package 'usb920_ver2' build argument 'catkin_skip_building_tests' from command line to 'False'
[1.464s] DEBUG:colcon.colcon_core.verb:Building package 'usb920_ver2' with the following arguments: {'ament_cmake_args': None, 'build_base': '/home/ros-industrial/robocon_ws/build/usb920_ver2', 'catkin_cmake_args': None, 'catkin_skip_building_tests': False, 'cmake_args': None, 'cmake_clean_cache': False, 'cmake_clean_first': False, 'cmake_force_configure': False, 'cmake_target': None, 'cmake_target_skip_unavailable': False, 'install_base': '/home/ros-industrial/robocon_ws/install/usb920_ver2', 'merge_install': False, 'path': '/home/ros-industrial/robocon_ws/src/usb920_ver2', 'symlink_install': False, 'test_result_base': None}
[1.485s] INFO:colcon.colcon_core.executor:Executing jobs using 'parallel' executor
[1.506s] DEBUG:colcon.colcon_parallel_executor.executor.parallel:run_until_complete
[1.506s] INFO:colcon.colcon_ros.task.ament_cmake.build:Building ROS package in '/home/ros-industrial/robocon_ws/src/robocon2023_b_dash' with build type 'ament_cmake'
[1.506s] INFO:colcon.colcon_cmake.task.cmake.build:Building CMake package in '/home/ros-industrial/robocon_ws/src/robocon2023_b_dash'
[1.527s] INFO:colcon.colcon_core.plugin_system:Skipping extension 'colcon_core.shell.bat': Not used on non-Windows systems
[1.528s] INFO:colcon.colcon_core.shell:Skip shell extension 'powershell' for command environment: Not usable outside of PowerShell
[1.528s] DEBUG:colcon.colcon_core.shell:Skip shell extension 'dsv' for command environment
[1.594s] INFO:colcon.colcon_ros.task.ament_cmake.build:Building ROS package in '/home/ros-industrial/robocon_ws/src/ros_to_kimd' with build type 'ament_cmake'
[1.594s] INFO:colcon.colcon_cmake.task.cmake.build:Building CMake package in '/home/ros-industrial/robocon_ws/src/ros_to_kimd'
[1.614s] INFO:colcon.colcon_core.shell:Skip shell extension 'powershell' for command environment: Not usable outside of PowerShell
[1.614s] DEBUG:colcon.colcon_core.shell:Skip shell extension 'dsv' for command environment
[1.682s] INFO:colcon.colcon_ros.task.ament_cmake.build:Building ROS package in '/home/ros-industrial/robocon_ws/src/sllidar_ros2' with build type 'ament_cmake'
[1.682s] INFO:colcon.colcon_cmake.task.cmake.build:Building CMake package in '/home/ros-industrial/robocon_ws/src/sllidar_ros2'
[1.702s] INFO:colcon.colcon_core.shell:Skip shell extension 'powershell' for command environment: Not usable outside of PowerShell
[1.702s] DEBUG:colcon.colcon_core.shell:Skip shell extension 'dsv' for command environment
[1.771s] INFO:colcon.colcon_ros.task.ament_cmake.build:Building ROS package in '/home/ros-industrial/robocon_ws/src/time_practice' with build type 'ament_cmake'
[1.772s] INFO:colcon.colcon_cmake.task.cmake.build:Building CMake package in '/home/ros-industrial/robocon_ws/src/time_practice'
[1.794s] INFO:colcon.colcon_core.shell:Skip shell extension 'powershell' for command environment: Not usable outside of PowerShell
[1.794s] DEBUG:colcon.colcon_core.shell:Skip shell extension 'dsv' for command environment
[1.864s] INFO:colcon.colcon_ros.task.ament_cmake.build:Building ROS package in '/home/ros-industrial/robocon_ws/src/usb920_ver2' with build type 'ament_cmake'
[1.865s] INFO:colcon.colcon_cmake.task.cmake.build:Building CMake package in '/home/ros-industrial/robocon_ws/src/usb920_ver2'
[1.883s] INFO:colcon.colcon_core.shell:Skip shell extension 'powershell' for command environment: Not usable outside of PowerShell
[1.884s] DEBUG:colcon.colcon_core.shell:Skip shell extension 'dsv' for command environment
[1.952s] DEBUG:colcon.colcon_core.event_handler.log_command:Invoking command in '/home/ros-industrial/robocon_ws/build/robocon2023_b_dash': CMAKE_PREFIX_PATH=${CMAKE_PREFIX_PATH}:/opt/ros/foxy /usr/bin/cmake --build /home/ros-industrial/robocon_ws/build/robocon2023_b_dash -- -j8 -l8
[1.959s] DEBUG:colcon.colcon_core.event_handler.log_command:Invoking command in '/home/ros-industrial/robocon_ws/build/ros_to_kimd': CMAKE_PREFIX_PATH=${CMAKE_PREFIX_PATH}:/opt/ros/foxy /usr/bin/cmake --build /home/ros-industrial/robocon_ws/build/ros_to_kimd -- -j8 -l8
[1.962s] DEBUG:colcon.colcon_core.event_handler.log_command:Invoking command in '/home/ros-industrial/robocon_ws/build/sllidar_ros2': CMAKE_PREFIX_PATH=${CMAKE_PREFIX_PATH}:/opt/ros/foxy /usr/bin/cmake --build /home/ros-industrial/robocon_ws/build/sllidar_ros2 -- -j8 -l8
[1.967s] DEBUG:colcon.colcon_core.event_handler.log_command:Invoking command in '/home/ros-industrial/robocon_ws/build/time_practice': CMAKE_PREFIX_PATH=${CMAKE_PREFIX_PATH}:/opt/ros/foxy /usr/bin/cmake --build /home/ros-industrial/robocon_ws/build/time_practice -- -j8 -l8
[1.974s] DEBUG:colcon.colcon_core.event_handler.log_command:Invoking command in '/home/ros-industrial/robocon_ws/build/usb920_ver2': CMAKE_PREFIX_PATH=${CMAKE_PREFIX_PATH}:/opt/ros/foxy /usr/bin/cmake --build /home/ros-industrial/robocon_ws/build/usb920_ver2 -- -j8 -l8
[2.028s] DEBUG:colcon.colcon_core.event_handler.log_command:Invoked command in '/home/ros-industrial/robocon_ws/build/sllidar_ros2' returned '0': CMAKE_PREFIX_PATH=${CMAKE_PREFIX_PATH}:/opt/ros/foxy /usr/bin/cmake --build /home/ros-industrial/robocon_ws/build/sllidar_ros2 -- -j8 -l8
[2.032s] DEBUG:colcon.colcon_core.event_handler.log_command:Invoked command in '/home/ros-industrial/robocon_ws/build/ros_to_kimd' returned '0': CMAKE_PREFIX_PATH=${CMAKE_PREFIX_PATH}:/opt/ros/foxy /usr/bin/cmake --build /home/ros-industrial/robocon_ws/build/ros_to_kimd -- -j8 -l8
[2.040s] DEBUG:colcon.colcon_core.event_handler.log_command:Invoked command in '/home/ros-industrial/robocon_ws/build/usb920_ver2' returned '0': CMAKE_PREFIX_PATH=${CMAKE_PREFIX_PATH}:/opt/ros/foxy /usr/bin/cmake --build /home/ros-industrial/robocon_ws/build/usb920_ver2 -- -j8 -l8
[2.044s] DEBUG:colcon.colcon_core.event_handler.log_command:Invoked command in '/home/ros-industrial/robocon_ws/build/time_practice' returned '0': CMAKE_PREFIX_PATH=${CMAKE_PREFIX_PATH}:/opt/ros/foxy /usr/bin/cmake --build /home/ros-industrial/robocon_ws/build/time_practice -- -j8 -l8
[2.069s] DEBUG:colcon.colcon_core.event_handler.log_command:Invoking command in '/home/ros-industrial/robocon_ws/build/usb920_ver2': CMAKE_PREFIX_PATH=${CMAKE_PREFIX_PATH}:/opt/ros/foxy /usr/bin/cmake --install /home/ros-industrial/robocon_ws/build/usb920_ver2
[2.075s] DEBUG:colcon.colcon_core.event_handler.log_command:Invoking command in '/home/ros-industrial/robocon_ws/build/ros_to_kimd': CMAKE_PREFIX_PATH=${CMAKE_PREFIX_PATH}:/opt/ros/foxy /usr/bin/cmake --install /home/ros-industrial/robocon_ws/build/ros_to_kimd
[2.080s] DEBUG:colcon.colcon_core.event_handler.log_command:Invoking command in '/home/ros-industrial/robocon_ws/build/time_practice': CMAKE_PREFIX_PATH=${CMAKE_PREFIX_PATH}:/opt/ros/foxy /usr/bin/cmake --install /home/ros-industrial/robocon_ws/build/time_practice
[2.088s] Level 1:colcon.colcon_core.environment:create_environment_scripts_only(usb920_ver2)
[2.090s] DEBUG:colcon.colcon_core.event_handler.log_command:Invoking command in '/home/ros-industrial/robocon_ws/build/sllidar_ros2': CMAKE_PREFIX_PATH=${CMAKE_PREFIX_PATH}:/opt/ros/foxy /usr/bin/cmake --install /home/ros-industrial/robocon_ws/build/sllidar_ros2
[2.090s] DEBUG:colcon.colcon_core.event_handler.log_command:Invoked command in '/home/ros-industrial/robocon_ws/build/usb920_ver2' returned '0': CMAKE_PREFIX_PATH=${CMAKE_PREFIX_PATH}:/opt/ros/foxy /usr/bin/cmake --install /home/ros-industrial/robocon_ws/build/usb920_ver2
[2.116s] Level 1:colcon.colcon_core.environment:checking '/home/ros-industrial/robocon_ws/install/usb920_ver2' for CMake module files
[2.116s] Level 1:colcon.colcon_core.environment:checking '/home/ros-industrial/robocon_ws/install/usb920_ver2' for CMake config files
[2.116s] Level 1:colcon.colcon_core.shell:create_environment_hook('usb920_ver2', 'cmake_prefix_path')
[2.138s] INFO:colcon.colcon_core.shell:Creating environment hook '/home/ros-industrial/robocon_ws/install/usb920_ver2/share/usb920_ver2/hook/cmake_prefix_path.ps1'
[2.139s] INFO:colcon.colcon_core.shell:Creating environment descriptor '/home/ros-industrial/robocon_ws/install/usb920_ver2/share/usb920_ver2/hook/cmake_prefix_path.dsv'
[2.140s] INFO:colcon.colcon_core.shell:Creating environment hook '/home/ros-industrial/robocon_ws/install/usb920_ver2/share/usb920_ver2/hook/cmake_prefix_path.sh'
[2.140s] Level 1:colcon.colcon_core.environment:checking '/home/ros-industrial/robocon_ws/install/usb920_ver2/lib'
[2.141s] Level 1:colcon.colcon_core.environment:checking '/home/ros-industrial/robocon_ws/install/usb920_ver2/bin'
[2.141s] Level 1:colcon.colcon_core.environment:checking '/home/ros-industrial/robocon_ws/install/usb920_ver2/lib/pkgconfig/usb920_ver2.pc'
[2.141s] Level 1:colcon.colcon_core.environment:checking '/home/ros-industrial/robocon_ws/install/usb920_ver2/lib/python3.8/site-packages'
[2.141s] Level 1:colcon.colcon_core.environment:checking '/home/ros-industrial/robocon_ws/install/usb920_ver2/bin'
[2.164s] INFO:colcon.colcon_core.shell:Creating package script '/home/ros-industrial/robocon_ws/install/usb920_ver2/share/usb920_ver2/package.ps1'
[2.165s] INFO:colcon.colcon_core.shell:Creating package descriptor '/home/ros-industrial/robocon_ws/install/usb920_ver2/share/usb920_ver2/package.dsv'
[2.166s] INFO:colcon.colcon_core.shell:Creating package script '/home/ros-industrial/robocon_ws/install/usb920_ver2/share/usb920_ver2/package.sh'
[2.166s] INFO:colcon.colcon_core.shell:Creating package script '/home/ros-industrial/robocon_ws/install/usb920_ver2/share/usb920_ver2/package.bash'
[2.167s] INFO:colcon.colcon_core.shell:Creating package script '/home/ros-industrial/robocon_ws/install/usb920_ver2/share/usb920_ver2/package.zsh'
[2.167s] Level 1:colcon.colcon_core.environment:create_file_with_runtime_dependencies(/home/ros-industrial/robocon_ws/install/usb920_ver2/share/colcon-core/packages/usb920_ver2)
[2.173s] Level 1:colcon.colcon_core.environment:create_environment_scripts_only(ros_to_kimd)
[2.175s] DEBUG:colcon.colcon_core.event_handler.log_command:Invoked command in '/home/ros-industrial/robocon_ws/build/ros_to_kimd' returned '0': CMAKE_PREFIX_PATH=${CMAKE_PREFIX_PATH}:/opt/ros/foxy /usr/bin/cmake --install /home/ros-industrial/robocon_ws/build/ros_to_kimd
[2.209s] Level 1:colcon.colcon_core.environment:checking '/home/ros-industrial/robocon_ws/install/ros_to_kimd' for CMake module files
[2.209s] Level 1:colcon.colcon_core.environment:checking '/home/ros-industrial/robocon_ws/install/ros_to_kimd' for CMake config files
[2.209s] Level 1:colcon.colcon_core.shell:create_environment_hook('ros_to_kimd', 'cmake_prefix_path')
[2.232s] INFO:colcon.colcon_core.shell:Creating environment hook '/home/ros-industrial/robocon_ws/install/ros_to_kimd/share/ros_to_kimd/hook/cmake_prefix_path.ps1'
[2.233s] INFO:colcon.colcon_core.shell:Creating environment descriptor '/home/ros-industrial/robocon_ws/install/ros_to_kimd/share/ros_to_kimd/hook/cmake_prefix_path.dsv'
[2.233s] INFO:colcon.colcon_core.shell:Creating environment hook '/home/ros-industrial/robocon_ws/install/ros_to_kimd/share/ros_to_kimd/hook/cmake_prefix_path.sh'
[2.234s] Level 1:colcon.colcon_core.environment:checking '/home/ros-industrial/robocon_ws/install/ros_to_kimd/lib'
[2.234s] Level 1:colcon.colcon_core.environment:checking '/home/ros-industrial/robocon_ws/install/ros_to_kimd/bin'
[2.234s] Level 1:colcon.colcon_core.environment:checking '/home/ros-industrial/robocon_ws/install/ros_to_kimd/lib/pkgconfig/ros_to_kimd.pc'
[2.234s] Level 1:colcon.colcon_core.environment:checking '/home/ros-industrial/robocon_ws/install/ros_to_kimd/lib/python3.8/site-packages'
[2.234s] Level 1:colcon.colcon_core.environment:checking '/home/ros-industrial/robocon_ws/install/ros_to_kimd/bin'
[2.256s] INFO:colcon.colcon_core.shell:Creating package script '/home/ros-industrial/robocon_ws/install/ros_to_kimd/share/ros_to_kimd/package.ps1'
[2.257s] INFO:colcon.colcon_core.shell:Creating package descriptor '/home/ros-industrial/robocon_ws/install/ros_to_kimd/share/ros_to_kimd/package.dsv'
[2.257s] INFO:colcon.colcon_core.shell:Creating package script '/home/ros-industrial/robocon_ws/install/ros_to_kimd/share/ros_to_kimd/package.sh'
[2.257s] INFO:colcon.colcon_core.shell:Creating package script '/home/ros-industrial/robocon_ws/install/ros_to_kimd/share/ros_to_kimd/package.bash'
[2.258s] INFO:colcon.colcon_core.shell:Creating package script '/home/ros-industrial/robocon_ws/install/ros_to_kimd/share/ros_to_kimd/package.zsh'
[2.258s] Level 1:colcon.colcon_core.environment:create_file_with_runtime_dependencies(/home/ros-industrial/robocon_ws/install/ros_to_kimd/share/colcon-core/packages/ros_to_kimd)
[2.293s] Level 1:colcon.colcon_core.environment:create_environment_scripts_only(usb920_ver2)
[2.316s] Level 1:colcon.colcon_core.environment:checking '/home/ros-industrial/robocon_ws/install/usb920_ver2' for CMake module files
[2.317s] Level 1:colcon.colcon_core.environment:checking '/home/ros-industrial/robocon_ws/install/usb920_ver2' for CMake config files
[2.317s] Level 1:colcon.colcon_core.shell:create_environment_hook('usb920_ver2', 'cmake_prefix_path')
[2.339s] INFO:colcon.colcon_core.shell:Creating environment hook '/home/ros-industrial/robocon_ws/install/usb920_ver2/share/usb920_ver2/hook/cmake_prefix_path.ps1'
[2.340s] INFO:colcon.colcon_core.shell:Creating environment descriptor '/home/ros-industrial/robocon_ws/install/usb920_ver2/share/usb920_ver2/hook/cmake_prefix_path.dsv'
[2.340s] INFO:colcon.colcon_core.shell:Creating environment hook '/home/ros-industrial/robocon_ws/install/usb920_ver2/share/usb920_ver2/hook/cmake_prefix_path.sh'
[2.340s] Level 1:colcon.colcon_core.environment:checking '/home/ros-industrial/robocon_ws/install/usb920_ver2/lib'
[2.341s] Level 1:colcon.colcon_core.environment:checking '/home/ros-industrial/robocon_ws/install/usb920_ver2/bin'
[2.341s] Level 1:colcon.colcon_core.environment:checking '/home/ros-industrial/robocon_ws/install/usb920_ver2/lib/pkgconfig/usb920_ver2.pc'
[2.341s] Level 1:colcon.colcon_core.environment:checking '/home/ros-industrial/robocon_ws/install/usb920_ver2/lib/python3.8/site-packages'
[2.341s] Level 1:colcon.colcon_core.environment:checking '/home/ros-industrial/robocon_ws/install/usb920_ver2/bin'
[2.364s] INFO:colcon.colcon_core.shell:Creating package script '/home/ros-industrial/robocon_ws/install/usb920_ver2/share/usb920_ver2/package.ps1'
[2.364s] INFO:colcon.colcon_core.shell:Creating package descriptor '/home/ros-industrial/robocon_ws/install/usb920_ver2/share/usb920_ver2/package.dsv'
[2.365s] INFO:colcon.colcon_core.shell:Creating package script '/home/ros-industrial/robocon_ws/install/usb920_ver2/share/usb920_ver2/package.sh'
[2.365s] INFO:colcon.colcon_core.shell:Creating package script '/home/ros-industrial/robocon_ws/install/usb920_ver2/share/usb920_ver2/package.bash'
[2.365s] INFO:colcon.colcon_core.shell:Creating package script '/home/ros-industrial/robocon_ws/install/usb920_ver2/share/usb920_ver2/package.zsh'
[2.366s] Level 1:colcon.colcon_core.environment:create_file_with_runtime_dependencies(/home/ros-industrial/robocon_ws/install/usb920_ver2/share/colcon-core/packages/usb920_ver2)
[2.367s] Level 1:colcon.colcon_core.environment:create_environment_scripts_only(time_practice)
[2.368s] DEBUG:colcon.colcon_core.event_handler.log_command:Invoked command in '/home/ros-industrial/robocon_ws/build/time_practice' returned '0': CMAKE_PREFIX_PATH=${CMAKE_PREFIX_PATH}:/opt/ros/foxy /usr/bin/cmake --install /home/ros-industrial/robocon_ws/build/time_practice
[2.391s] Level 1:colcon.colcon_core.environment:checking '/home/ros-industrial/robocon_ws/install/time_practice' for CMake module files
[2.391s] Level 1:colcon.colcon_core.environment:checking '/home/ros-industrial/robocon_ws/install/time_practice' for CMake config files
[2.392s] Level 1:colcon.colcon_core.shell:create_environment_hook('time_practice', 'cmake_prefix_path')
[2.416s] INFO:colcon.colcon_core.shell:Creating environment hook '/home/ros-industrial/robocon_ws/install/time_practice/share/time_practice/hook/cmake_prefix_path.ps1'
[2.417s] INFO:colcon.colcon_core.shell:Creating environment descriptor '/home/ros-industrial/robocon_ws/install/time_practice/share/time_practice/hook/cmake_prefix_path.dsv'
[2.417s] INFO:colcon.colcon_core.shell:Creating environment hook '/home/ros-industrial/robocon_ws/install/time_practice/share/time_practice/hook/cmake_prefix_path.sh'
[2.417s] Level 1:colcon.colcon_core.environment:checking '/home/ros-industrial/robocon_ws/install/time_practice/lib'
[2.417s] Level 1:colcon.colcon_core.environment:checking '/home/ros-industrial/robocon_ws/install/time_practice/bin'
[2.418s] Level 1:colcon.colcon_core.environment:checking '/home/ros-industrial/robocon_ws/install/time_practice/lib/pkgconfig/time_practice.pc'
[2.418s] Level 1:colcon.colcon_core.environment:checking '/home/ros-industrial/robocon_ws/install/time_practice/lib/python3.8/site-packages'
[2.418s] Level 1:colcon.colcon_core.environment:checking '/home/ros-industrial/robocon_ws/install/time_practice/bin'
[2.441s] INFO:colcon.colcon_core.shell:Creating package script '/home/ros-industrial/robocon_ws/install/time_practice/share/time_practice/package.ps1'
[2.441s] INFO:colcon.colcon_core.shell:Creating package descriptor '/home/ros-industrial/robocon_ws/install/time_practice/share/time_practice/package.dsv'
[2.442s] INFO:colcon.colcon_core.shell:Creating package script '/home/ros-industrial/robocon_ws/install/time_practice/share/time_practice/package.sh'
[2.442s] INFO:colcon.colcon_core.shell:Creating package script '/home/ros-industrial/robocon_ws/install/time_practice/share/time_practice/package.bash'
[2.442s] INFO:colcon.colcon_core.shell:Creating package script '/home/ros-industrial/robocon_ws/install/time_practice/share/time_practice/package.zsh'
[2.443s] Level 1:colcon.colcon_core.environment:create_file_with_runtime_dependencies(/home/ros-industrial/robocon_ws/install/time_practice/share/colcon-core/packages/time_practice)
[2.446s] Level 1:colcon.colcon_core.environment:create_environment_scripts_only(sllidar_ros2)
[2.448s] DEBUG:colcon.colcon_core.event_handler.log_command:Invoked command in '/home/ros-industrial/robocon_ws/build/sllidar_ros2' returned '0': CMAKE_PREFIX_PATH=${CMAKE_PREFIX_PATH}:/opt/ros/foxy /usr/bin/cmake --install /home/ros-industrial/robocon_ws/build/sllidar_ros2
[2.475s] Level 1:colcon.colcon_core.environment:checking '/home/ros-industrial/robocon_ws/install/sllidar_ros2' for CMake module files
[2.475s] Level 1:colcon.colcon_core.environment:checking '/home/ros-industrial/robocon_ws/install/sllidar_ros2' for CMake config files
[2.476s] Level 1:colcon.colcon_core.shell:create_environment_hook('sllidar_ros2', 'cmake_prefix_path')
[2.499s] INFO:colcon.colcon_core.shell:Creating environment hook '/home/ros-industrial/robocon_ws/install/sllidar_ros2/share/sllidar_ros2/hook/cmake_prefix_path.ps1'
[2.500s] INFO:colcon.colcon_core.shell:Creating environment descriptor '/home/ros-industrial/robocon_ws/install/sllidar_ros2/share/sllidar_ros2/hook/cmake_prefix_path.dsv'
[2.500s] INFO:colcon.colcon_core.shell:Creating environment hook '/home/ros-industrial/robocon_ws/install/sllidar_ros2/share/sllidar_ros2/hook/cmake_prefix_path.sh'
[2.500s] Level 1:colcon.colcon_core.environment:checking '/home/ros-industrial/robocon_ws/install/sllidar_ros2/lib'
[2.500s] Level 1:colcon.colcon_core.environment:checking '/home/ros-industrial/robocon_ws/install/sllidar_ros2/bin'
[2.501s] Level 1:colcon.colcon_core.environment:checking '/home/ros-industrial/robocon_ws/install/sllidar_ros2/lib/pkgconfig/sllidar_ros2.pc'
[2.501s] Level 1:colcon.colcon_core.environment:checking '/home/ros-industrial/robocon_ws/install/sllidar_ros2/lib/python3.8/site-packages'
[2.501s] Level 1:colcon.colcon_core.environment:checking '/home/ros-industrial/robocon_ws/install/sllidar_ros2/bin'
[2.523s] INFO:colcon.colcon_core.shell:Creating package script '/home/ros-industrial/robocon_ws/install/sllidar_ros2/share/sllidar_ros2/package.ps1'
[2.524s] INFO:colcon.colcon_core.shell:Creating package descriptor '/home/ros-industrial/robocon_ws/install/sllidar_ros2/share/sllidar_ros2/package.dsv'
[2.524s] INFO:colcon.colcon_core.shell:Creating package script '/home/ros-industrial/robocon_ws/install/sllidar_ros2/share/sllidar_ros2/package.sh'
[2.525s] INFO:colcon.colcon_core.shell:Creating package script '/home/ros-industrial/robocon_ws/install/sllidar_ros2/share/sllidar_ros2/package.bash'
[2.525s] INFO:colcon.colcon_core.shell:Creating package script '/home/ros-industrial/robocon_ws/install/sllidar_ros2/share/sllidar_ros2/package.zsh'
[2.525s] Level 1:colcon.colcon_core.environment:create_file_with_runtime_dependencies(/home/ros-industrial/robocon_ws/install/sllidar_ros2/share/colcon-core/packages/sllidar_ros2)
[2.551s] Level 1:colcon.colcon_core.environment:create_environment_scripts_only(ros_to_kimd)
[2.575s] Level 1:colcon.colcon_core.environment:checking '/home/ros-industrial/robocon_ws/install/ros_to_kimd' for CMake module files
[2.575s] Level 1:colcon.colcon_core.environment:checking '/home/ros-industrial/robocon_ws/install/ros_to_kimd' for CMake config files
[2.575s] Level 1:colcon.colcon_core.shell:create_environment_hook('ros_to_kimd', 'cmake_prefix_path')
[2.598s] INFO:colcon.colcon_core.shell:Creating environment hook '/home/ros-industrial/robocon_ws/install/ros_to_kimd/share/ros_to_kimd/hook/cmake_prefix_path.ps1'
[2.599s] INFO:colcon.colcon_core.shell:Creating environment descriptor '/home/ros-industrial/robocon_ws/install/ros_to_kimd/share/ros_to_kimd/hook/cmake_prefix_path.dsv'
[2.599s] INFO:colcon.colcon_core.shell:Creating environment hook '/home/ros-industrial/robocon_ws/install/ros_to_kimd/share/ros_to_kimd/hook/cmake_prefix_path.sh'
[2.599s] Level 1:colcon.colcon_core.environment:checking '/home/ros-industrial/robocon_ws/install/ros_to_kimd/lib'
[2.600s] Level 1:colcon.colcon_core.environment:checking '/home/ros-industrial/robocon_ws/install/ros_to_kimd/bin'
[2.600s] Level 1:colcon.colcon_core.environment:checking '/home/ros-industrial/robocon_ws/install/ros_to_kimd/lib/pkgconfig/ros_to_kimd.pc'
[2.600s] Level 1:colcon.colcon_core.environment:checking '/home/ros-industrial/robocon_ws/install/ros_to_kimd/lib/python3.8/site-packages'
[2.600s] Level 1:colcon.colcon_core.environment:checking '/home/ros-industrial/robocon_ws/install/ros_to_kimd/bin'
[2.623s] INFO:colcon.colcon_core.shell:Creating package script '/home/ros-industrial/robocon_ws/install/ros_to_kimd/share/ros_to_kimd/package.ps1'
[2.623s] INFO:colcon.colcon_core.shell:Creating package descriptor '/home/ros-industrial/robocon_ws/install/ros_to_kimd/share/ros_to_kimd/package.dsv'
[2.624s] INFO:colcon.colcon_core.shell:Creating package script '/home/ros-industrial/robocon_ws/install/ros_to_kimd/share/ros_to_kimd/package.sh'
[2.624s] INFO:colcon.colcon_core.shell:Creating package script '/home/ros-industrial/robocon_ws/install/ros_to_kimd/share/ros_to_kimd/package.bash'
[2.625s] INFO:colcon.colcon_core.shell:Creating package script '/home/ros-industrial/robocon_ws/install/ros_to_kimd/share/ros_to_kimd/package.zsh'
[2.625s] Level 1:colcon.colcon_core.environment:create_file_with_runtime_dependencies(/home/ros-industrial/robocon_ws/install/ros_to_kimd/share/colcon-core/packages/ros_to_kimd)
[2.649s] Level 1:colcon.colcon_core.environment:create_environment_scripts_only(time_practice)
[2.672s] Level 1:colcon.colcon_core.environment:checking '/home/ros-industrial/robocon_ws/install/time_practice' for CMake module files
[2.673s] Level 1:colcon.colcon_core.environment:checking '/home/ros-industrial/robocon_ws/install/time_practice' for CMake config files
[2.673s] Level 1:colcon.colcon_core.shell:create_environment_hook('time_practice', 'cmake_prefix_path')
[2.695s] INFO:colcon.colcon_core.shell:Creating environment hook '/home/ros-industrial/robocon_ws/install/time_practice/share/time_practice/hook/cmake_prefix_path.ps1'
[2.696s] INFO:colcon.colcon_core.shell:Creating environment descriptor '/home/ros-industrial/robocon_ws/install/time_practice/share/time_practice/hook/cmake_prefix_path.dsv'
[2.696s] INFO:colcon.colcon_core.shell:Creating environment hook '/home/ros-industrial/robocon_ws/install/time_practice/share/time_practice/hook/cmake_prefix_path.sh'
[2.696s] Level 1:colcon.colcon_core.environment:checking '/home/ros-industrial/robocon_ws/install/time_practice/lib'
[2.696s] Level 1:colcon.colcon_core.environment:checking '/home/ros-industrial/robocon_ws/install/time_practice/bin'
[2.696s] Level 1:colcon.colcon_core.environment:checking '/home/ros-industrial/robocon_ws/install/time_practice/lib/pkgconfig/time_practice.pc'
[2.697s] Level 1:colcon.colcon_core.environment:checking '/home/ros-industrial/robocon_ws/install/time_practice/lib/python3.8/site-packages'
[2.697s] Level 1:colcon.colcon_core.environment:checking '/home/ros-industrial/robocon_ws/install/time_practice/bin'
[2.719s] INFO:colcon.colcon_core.shell:Creating package script '/home/ros-industrial/robocon_ws/install/time_practice/share/time_practice/package.ps1'
[2.720s] INFO:colcon.colcon_core.shell:Creating package descriptor '/home/ros-industrial/robocon_ws/install/time_practice/share/time_practice/package.dsv'
[2.720s] INFO:colcon.colcon_core.shell:Creating package script '/home/ros-industrial/robocon_ws/install/time_practice/share/time_practice/package.sh'
[2.721s] INFO:colcon.colcon_core.shell:Creating package script '/home/ros-industrial/robocon_ws/install/time_practice/share/time_practice/package.bash'
[2.721s] INFO:colcon.colcon_core.shell:Creating package script '/home/ros-industrial/robocon_ws/install/time_practice/share/time_practice/package.zsh'
[2.721s] Level 1:colcon.colcon_core.environment:create_file_with_runtime_dependencies(/home/ros-industrial/robocon_ws/install/time_practice/share/colcon-core/packages/time_practice)
[2.744s] Level 1:colcon.colcon_core.environment:create_environment_scripts_only(sllidar_ros2)
[2.768s] Level 1:colcon.colcon_core.environment:checking '/home/ros-industrial/robocon_ws/install/sllidar_ros2' for CMake module files
[2.768s] Level 1:colcon.colcon_core.environment:checking '/home/ros-industrial/robocon_ws/install/sllidar_ros2' for CMake config files
[2.768s] Level 1:colcon.colcon_core.shell:create_environment_hook('sllidar_ros2', 'cmake_prefix_path')
[2.791s] INFO:colcon.colcon_core.shell:Creating environment hook '/home/ros-industrial/robocon_ws/install/sllidar_ros2/share/sllidar_ros2/hook/cmake_prefix_path.ps1'
[2.791s] INFO:colcon.colcon_core.shell:Creating environment descriptor '/home/ros-industrial/robocon_ws/install/sllidar_ros2/share/sllidar_ros2/hook/cmake_prefix_path.dsv'
[2.792s] INFO:colcon.colcon_core.shell:Creating environment hook '/home/ros-industrial/robocon_ws/install/sllidar_ros2/share/sllidar_ros2/hook/cmake_prefix_path.sh'
[2.792s] Level 1:colcon.colcon_core.environment:checking '/home/ros-industrial/robocon_ws/install/sllidar_ros2/lib'
[2.792s] Level 1:colcon.colcon_core.environment:checking '/home/ros-industrial/robocon_ws/install/sllidar_ros2/bin'
[2.792s] Level 1:colcon.colcon_core.environment:checking '/home/ros-industrial/robocon_ws/install/sllidar_ros2/lib/pkgconfig/sllidar_ros2.pc'
[2.792s] Level 1:colcon.colcon_core.environment:checking '/home/ros-industrial/robocon_ws/install/sllidar_ros2/lib/python3.8/site-packages'
[2.792s] Level 1:colcon.colcon_core.environment:checking '/home/ros-industrial/robocon_ws/install/sllidar_ros2/bin'
[2.814s] INFO:colcon.colcon_core.shell:Creating package script '/home/ros-industrial/robocon_ws/install/sllidar_ros2/share/sllidar_ros2/package.ps1'
[2.815s] INFO:colcon.colcon_core.shell:Creating package descriptor '/home/ros-industrial/robocon_ws/install/sllidar_ros2/share/sllidar_ros2/package.dsv'
[2.815s] INFO:colcon.colcon_core.shell:Creating package script '/home/ros-industrial/robocon_ws/install/sllidar_ros2/share/sllidar_ros2/package.sh'
[2.816s] INFO:colcon.colcon_core.shell:Creating package script '/home/ros-industrial/robocon_ws/install/sllidar_ros2/share/sllidar_ros2/package.bash'
[2.816s] INFO:colcon.colcon_core.shell:Creating package script '/home/ros-industrial/robocon_ws/install/sllidar_ros2/share/sllidar_ros2/package.zsh'
[2.816s] Level 1:colcon.colcon_core.environment:create_file_with_runtime_dependencies(/home/ros-industrial/robocon_ws/install/sllidar_ros2/share/colcon-core/packages/sllidar_ros2)
[5.319s] DEBUG:colcon.colcon_core.event_handler.log_command:Invoked command in '/home/ros-industrial/robocon_ws/build/robocon2023_b_dash' returned '0': CMAKE_PREFIX_PATH=${CMAKE_PREFIX_PATH}:/opt/ros/foxy /usr/bin/cmake --build /home/ros-industrial/robocon_ws/build/robocon2023_b_dash -- -j8 -l8
[5.355s] DEBUG:colcon.colcon_core.event_handler.log_command:Invoking command in '/home/ros-industrial/robocon_ws/build/robocon2023_b_dash': CMAKE_PREFIX_PATH=${CMAKE_PREFIX_PATH}:/opt/ros/foxy /usr/bin/cmake --install /home/ros-industrial/robocon_ws/build/robocon2023_b_dash
[5.363s] Level 1:colcon.colcon_core.environment:create_environment_scripts_only(robocon2023_b_dash)
[5.363s] DEBUG:colcon.colcon_core.event_handler.log_command:Invoked command in '/home/ros-industrial/robocon_ws/build/robocon2023_b_dash' returned '0': CMAKE_PREFIX_PATH=${CMAKE_PREFIX_PATH}:/opt/ros/foxy /usr/bin/cmake --install /home/ros-industrial/robocon_ws/build/robocon2023_b_dash
[5.382s] Level 1:colcon.colcon_core.environment:checking '/home/ros-industrial/robocon_ws/install/robocon2023_b_dash' for CMake module files
[5.382s] Level 1:colcon.colcon_core.environment:checking '/home/ros-industrial/robocon_ws/install/robocon2023_b_dash' for CMake config files
[5.383s] Level 1:colcon.colcon_core.shell:create_environment_hook('robocon2023_b_dash', 'cmake_prefix_path')
[5.403s] INFO:colcon.colcon_core.shell:Creating environment hook '/home/ros-industrial/robocon_ws/install/robocon2023_b_dash/share/robocon2023_b_dash/hook/cmake_prefix_path.ps1'
[5.404s] INFO:colcon.colcon_core.shell:Creating environment descriptor '/home/ros-industrial/robocon_ws/install/robocon2023_b_dash/share/robocon2023_b_dash/hook/cmake_prefix_path.dsv'
[5.404s] INFO:colcon.colcon_core.shell:Creating environment hook '/home/ros-industrial/robocon_ws/install/robocon2023_b_dash/share/robocon2023_b_dash/hook/cmake_prefix_path.sh'
[5.405s] Level 1:colcon.colcon_core.environment:checking '/home/ros-industrial/robocon_ws/install/robocon2023_b_dash/lib'
[5.405s] Level 1:colcon.colcon_core.environment:checking '/home/ros-industrial/robocon_ws/install/robocon2023_b_dash/bin'
[5.405s] Level 1:colcon.colcon_core.environment:checking '/home/ros-industrial/robocon_ws/install/robocon2023_b_dash/lib/pkgconfig/robocon2023_b_dash.pc'
[5.405s] Level 1:colcon.colcon_core.environment:checking '/home/ros-industrial/robocon_ws/install/robocon2023_b_dash/lib/python3.8/site-packages'
[5.405s] Level 1:colcon.colcon_core.environment:checking '/home/ros-industrial/robocon_ws/install/robocon2023_b_dash/bin'
[5.424s] INFO:colcon.colcon_core.shell:Creating package script '/home/ros-industrial/robocon_ws/install/robocon2023_b_dash/share/robocon2023_b_dash/package.ps1'
[5.424s] INFO:colcon.colcon_core.shell:Creating package descriptor '/home/ros-industrial/robocon_ws/install/robocon2023_b_dash/share/robocon2023_b_dash/package.dsv'
[5.424s] INFO:colcon.colcon_core.shell:Creating package script '/home/ros-industrial/robocon_ws/install/robocon2023_b_dash/share/robocon2023_b_dash/package.sh'
[5.425s] INFO:colcon.colcon_core.shell:Creating package script '/home/ros-industrial/robocon_ws/install/robocon2023_b_dash/share/robocon2023_b_dash/package.bash'
[5.425s] INFO:colcon.colcon_core.shell:Creating package script '/home/ros-industrial/robocon_ws/install/robocon2023_b_dash/share/robocon2023_b_dash/package.zsh'
[5.425s] Level 1:colcon.colcon_core.environment:create_file_with_runtime_dependencies(/home/ros-industrial/robocon_ws/install/robocon2023_b_dash/share/colcon-core/packages/robocon2023_b_dash)
[5.484s] Level 1:colcon.colcon_core.environment:create_environment_scripts_only(robocon2023_b_dash)
[5.505s] Level 1:colcon.colcon_core.environment:checking '/home/ros-industrial/robocon_ws/install/robocon2023_b_dash' for CMake module files
[5.505s] Level 1:colcon.colcon_core.environment:checking '/home/ros-industrial/robocon_ws/install/robocon2023_b_dash' for CMake config files
[5.505s] Level 1:colcon.colcon_core.shell:create_environment_hook('robocon2023_b_dash', 'cmake_prefix_path')
[5.526s] INFO:colcon.colcon_core.shell:Creating environment hook '/home/ros-industrial/robocon_ws/install/robocon2023_b_dash/share/robocon2023_b_dash/hook/cmake_prefix_path.ps1'
[5.526s] INFO:colcon.colcon_core.shell:Creating environment descriptor '/home/ros-industrial/robocon_ws/install/robocon2023_b_dash/share/robocon2023_b_dash/hook/cmake_prefix_path.dsv'
[5.527s] INFO:colcon.colcon_core.shell:Creating environment hook '/home/ros-industrial/robocon_ws/install/robocon2023_b_dash/share/robocon2023_b_dash/hook/cmake_prefix_path.sh'
[5.527s] Level 1:colcon.colcon_core.environment:checking '/home/ros-industrial/robocon_ws/install/robocon2023_b_dash/lib'
[5.527s] Level 1:colcon.colcon_core.environment:checking '/home/ros-industrial/robocon_ws/install/robocon2023_b_dash/bin'
[5.527s] Level 1:colcon.colcon_core.environment:checking '/home/ros-industrial/robocon_ws/install/robocon2023_b_dash/lib/pkgconfig/robocon2023_b_dash.pc'
[5.527s] Level 1:colcon.colcon_core.environment:checking '/home/ros-industrial/robocon_ws/install/robocon2023_b_dash/lib/python3.8/site-packages'
[5.527s] Level 1:colcon.colcon_core.environment:checking '/home/ros-industrial/robocon_ws/install/robocon2023_b_dash/bin'
[5.549s] INFO:colcon.colcon_core.shell:Creating package script '/home/ros-industrial/robocon_ws/install/robocon2023_b_dash/share/robocon2023_b_dash/package.ps1'
[5.550s] INFO:colcon.colcon_core.shell:Creating package descriptor '/home/ros-industrial/robocon_ws/install/robocon2023_b_dash/share/robocon2023_b_dash/package.dsv'
[5.550s] INFO:colcon.colcon_core.shell:Creating package script '/home/ros-industrial/robocon_ws/install/robocon2023_b_dash/share/robocon2023_b_dash/package.sh'
[5.550s] INFO:colcon.colcon_core.shell:Creating package script '/home/ros-industrial/robocon_ws/install/robocon2023_b_dash/share/robocon2023_b_dash/package.bash'
[5.550s] INFO:colcon.colcon_core.shell:Creating package script '/home/ros-industrial/robocon_ws/install/robocon2023_b_dash/share/robocon2023_b_dash/package.zsh'
[5.551s] Level 1:colcon.colcon_core.environment:create_file_with_runtime_dependencies(/home/ros-industrial/robocon_ws/install/robocon2023_b_dash/share/colcon-core/packages/robocon2023_b_dash)
[5.551s] DEBUG:colcon.colcon_parallel_executor.executor.parallel:closing loop
[5.552s] DEBUG:colcon.colcon_parallel_executor.executor.parallel:loop closed
[5.552s] DEBUG:colcon.colcon_parallel_executor.executor.parallel:run_until_complete finished with '0'
[5.552s] DEBUG:colcon.colcon_core.event_reactor:joining thread
[5.576s] INFO:colcon.colcon_core.plugin_system:Skipping extension 'colcon_notification.desktop_notification.terminal_notifier': Not used on non-Darwin systems
[5.576s] INFO:colcon.colcon_core.plugin_system:Skipping extension 'colcon_notification.desktop_notification.win32': Not used on non-Windows systems
[5.576s] INFO:colcon.colcon_notification.desktop_notification:Sending desktop notification using 'notify2'
[5.591s] DEBUG:colcon.colcon_core.event_reactor:joined thread
[5.611s] INFO:colcon.colcon_core.shell:Creating prefix script '/home/ros-industrial/robocon_ws/install/local_setup.ps1'
[5.612s] INFO:colcon.colcon_core.shell:Creating prefix util module '/home/ros-industrial/robocon_ws/install/_local_setup_util_ps1.py'
[5.613s] INFO:colcon.colcon_core.shell:Creating prefix chain script '/home/ros-industrial/robocon_ws/install/setup.ps1'
[5.637s] INFO:colcon.colcon_core.shell:Creating prefix script '/home/ros-industrial/robocon_ws/install/local_setup.sh'
[5.637s] INFO:colcon.colcon_core.shell:Creating prefix util module '/home/ros-industrial/robocon_ws/install/_local_setup_util_sh.py'
[5.638s] INFO:colcon.colcon_core.shell:Creating prefix chain script '/home/ros-industrial/robocon_ws/install/setup.sh'
[5.661s] INFO:colcon.colcon_core.shell:Creating prefix script '/home/ros-industrial/robocon_ws/install/local_setup.bash'
[5.661s] INFO:colcon.colcon_core.shell:Creating prefix chain script '/home/ros-industrial/robocon_ws/install/setup.bash'
[5.684s] INFO:colcon.colcon_core.shell:Creating prefix script '/home/ros-industrial/robocon_ws/install/local_setup.zsh'
[5.685s] INFO:colcon.colcon_core.shell:Creating prefix chain script '/home/ros-industrial/robocon_ws/install/setup.zsh'
