[1.087s] Invoking command in '/home/kaibuchisoma/usbから/RoboconDetectionFruit-master/src/fruit_detection': PYTHONPATH=/home/kaibuchisoma/usbから/RoboconDetectionFruit-master/build/fruit_detection/prefix_override:/home/kaibuchisoma/usbから/RoboconDetectionFruit-master/install/fruit_detection/lib/python3.10/site-packages:${PYTHONPATH} /usr/bin/python3 setup.py egg_info --egg-base ../../build/fruit_detection build --build-base /home/kaibuchisoma/usbから/RoboconDetectionFruit-master/build/fruit_detection/build install --record /home/kaibuchisoma/usbから/RoboconDetectionFruit-master/build/fruit_detection/install.log --single-version-externally-managed
[1.304s] running egg_info
[1.305s] writing ../../build/fruit_detection/fruit_detection.egg-info/PKG-INFO
[1.305s] writing dependency_links to ../../build/fruit_detection/fruit_detection.egg-info/dependency_links.txt
[1.305s] writing entry points to ../../build/fruit_detection/fruit_detection.egg-info/entry_points.txt
[1.305s] writing requirements to ../../build/fruit_detection/fruit_detection.egg-info/requires.txt
[1.306s] writing top-level names to ../../build/fruit_detection/fruit_detection.egg-info/top_level.txt
[1.307s] reading manifest file '../../build/fruit_detection/fruit_detection.egg-info/SOURCES.txt'
[1.308s] writing manifest file '../../build/fruit_detection/fruit_detection.egg-info/SOURCES.txt'
[1.308s] running build
[1.308s] running build_py
[1.308s] copying fruit_detection/pubdetect.py -> /home/kaibuchisoma/usbから/RoboconDetectionFruit-master/build/fruit_detection/build/lib/fruit_detection
[1.309s] running install
[1.312s] /usr/lib/python3/dist-packages/setuptools/command/install.py:34: SetuptoolsDeprecationWarning: setup.py install is deprecated. Use build and pip and other standards-based tools.
[1.312s]   warnings.warn(
[1.312s] running install_lib
[1.313s] copying /home/kaibuchisoma/usbから/RoboconDetectionFruit-master/build/fruit_detection/build/lib/fruit_detection/pubdetect.py -> /home/kaibuchisoma/usbから/RoboconDetectionFruit-master/install/fruit_detection/lib/python3.10/site-packages/fruit_detection
[1.314s] byte-compiling /home/kaibuchisoma/usbから/RoboconDetectionFruit-master/install/fruit_detection/lib/python3.10/site-packages/fruit_detection/pubdetect.py to pubdetect.cpython-310.pyc
[1.316s] running install_data
[1.316s] running install_egg_info
[1.317s] removing '/home/kaibuchisoma/usbから/RoboconDetectionFruit-master/install/fruit_detection/lib/python3.10/site-packages/fruit_detection-0.0.1-py3.10.egg-info' (and everything under it)
[1.318s] Copying ../../build/fruit_detection/fruit_detection.egg-info to /home/kaibuchisoma/usbから/RoboconDetectionFruit-master/install/fruit_detection/lib/python3.10/site-packages/fruit_detection-0.0.1-py3.10.egg-info
[1.319s] running install_scripts
[1.337s] Installing listener script to /home/kaibuchisoma/usbから/RoboconDetectionFruit-master/install/fruit_detection/lib/fruit_detection
[1.337s] Installing pubdetect script to /home/kaibuchisoma/usbから/RoboconDetectionFruit-master/install/fruit_detection/lib/fruit_detection
[1.337s] Installing talker script to /home/kaibuchisoma/usbから/RoboconDetectionFruit-master/install/fruit_detection/lib/fruit_detection
[1.337s] writing list of installed files to '/home/kaibuchisoma/usbから/RoboconDetectionFruit-master/build/fruit_detection/install.log'
[1.358s] Invoked command in '/home/kaibuchisoma/usbから/RoboconDetectionFruit-master/src/fruit_detection' returned '0': PYTHONPATH=/home/kaibuchisoma/usbから/RoboconDetectionFruit-master/build/fruit_detection/prefix_override:/home/kaibuchisoma/usbから/RoboconDetectionFruit-master/install/fruit_detection/lib/python3.10/site-packages:${PYTHONPATH} /usr/bin/python3 setup.py egg_info --egg-base ../../build/fruit_detection build --build-base /home/kaibuchisoma/usbから/RoboconDetectionFruit-master/build/fruit_detection/build install --record /home/kaibuchisoma/usbから/RoboconDetectionFruit-master/build/fruit_detection/install.log --single-version-externally-managed
