[0.961s] Invoking command in '/home/kaibuchisoma/usbから/RoboconDetectionFruit-master/src/fruit_detection': PYTHONPATH=/home/kaibuchisoma/usbから/RoboconDetectionFruit-master/build/fruit_detection/prefix_override:/home/kaibuchisoma/usbから/RoboconDetectionFruit-master/install/fruit_detection/lib/python3.10/site-packages:${PYTHONPATH} /usr/bin/python3 setup.py egg_info --egg-base ../../build/fruit_detection build --build-base /home/kaibuchisoma/usbから/RoboconDetectionFruit-master/build/fruit_detection/build install --record /home/kaibuchisoma/usbから/RoboconDetectionFruit-master/build/fruit_detection/install.log --single-version-externally-managed
[1.262s] running egg_info
[1.263s] writing ../../build/fruit_detection/fruit_detection.egg-info/PKG-INFO
[1.263s] writing dependency_links to ../../build/fruit_detection/fruit_detection.egg-info/dependency_links.txt
[1.264s] writing entry points to ../../build/fruit_detection/fruit_detection.egg-info/entry_points.txt
[1.264s] writing requirements to ../../build/fruit_detection/fruit_detection.egg-info/requires.txt
[1.264s] writing top-level names to ../../build/fruit_detection/fruit_detection.egg-info/top_level.txt
[1.267s] reading manifest file '../../build/fruit_detection/fruit_detection.egg-info/SOURCES.txt'
[1.269s] writing manifest file '../../build/fruit_detection/fruit_detection.egg-info/SOURCES.txt'
[1.269s] running build
[1.269s] running build_py
[1.269s] copying fruit_detection/pubdetect.py -> /home/kaibuchisoma/usbから/RoboconDetectionFruit-master/build/fruit_detection/build/lib/fruit_detection
[1.270s] running install
[1.270s] /usr/lib/python3/dist-packages/setuptools/command/install.py:34: SetuptoolsDeprecationWarning: setup.py install is deprecated. Use build and pip and other standards-based tools.
[1.270s]   warnings.warn(
[1.270s] running install_lib
[1.271s] copying /home/kaibuchisoma/usbから/RoboconDetectionFruit-master/build/fruit_detection/build/lib/fruit_detection/pubdetect.py -> /home/kaibuchisoma/usbから/RoboconDetectionFruit-master/install/fruit_detection/lib/python3.10/site-packages/fruit_detection
[1.272s] byte-compiling /home/kaibuchisoma/usbから/RoboconDetectionFruit-master/install/fruit_detection/lib/python3.10/site-packages/fruit_detection/pubdetect.py to pubdetect.cpython-310.pyc
[1.275s] running install_data
[1.276s] running install_egg_info
[1.278s] removing '/home/kaibuchisoma/usbから/RoboconDetectionFruit-master/install/fruit_detection/lib/python3.10/site-packages/fruit_detection-0.0.1-py3.10.egg-info' (and everything under it)
[1.278s] Copying ../../build/fruit_detection/fruit_detection.egg-info to /home/kaibuchisoma/usbから/RoboconDetectionFruit-master/install/fruit_detection/lib/python3.10/site-packages/fruit_detection-0.0.1-py3.10.egg-info
[1.280s] running install_scripts
[1.303s] Installing listener script to /home/kaibuchisoma/usbから/RoboconDetectionFruit-master/install/fruit_detection/lib/fruit_detection
[1.304s] Installing pubdetect script to /home/kaibuchisoma/usbから/RoboconDetectionFruit-master/install/fruit_detection/lib/fruit_detection
[1.304s] Installing talker script to /home/kaibuchisoma/usbから/RoboconDetectionFruit-master/install/fruit_detection/lib/fruit_detection
[1.305s] writing list of installed files to '/home/kaibuchisoma/usbから/RoboconDetectionFruit-master/build/fruit_detection/install.log'
[1.345s] Invoked command in '/home/kaibuchisoma/usbから/RoboconDetectionFruit-master/src/fruit_detection' returned '0': PYTHONPATH=/home/kaibuchisoma/usbから/RoboconDetectionFruit-master/build/fruit_detection/prefix_override:/home/kaibuchisoma/usbから/RoboconDetectionFruit-master/install/fruit_detection/lib/python3.10/site-packages:${PYTHONPATH} /usr/bin/python3 setup.py egg_info --egg-base ../../build/fruit_detection build --build-base /home/kaibuchisoma/usbから/RoboconDetectionFruit-master/build/fruit_detection/build install --record /home/kaibuchisoma/usbから/RoboconDetectionFruit-master/build/fruit_detection/install.log --single-version-externally-managed
