[0.834s] DEBUG:colcon:Command line arguments: ['/usr/bin/colcon', 'build', '--cmake-clean-cache']
[0.834s] DEBUG:colcon:Parsed command line arguments: Namespace(log_base=None, log_level=None, verb_name='build', build_base='build', install_base='install', merge_install=False, symlink_install=False, test_result_base=None, continue_on_error=False, executor='parallel', parallel_workers=12, event_handlers=None, ignore_user_meta=False, metas=['./colcon.meta'], base_paths=['.'], packages_ignore=None, packages_ignore_regex=None, paths=None, packages_up_to=None, packages_up_to_regex=None, packages_above=None, packages_above_and_dependencies=None, packages_above_depth=None, packages_select_by_dep=None, packages_skip_by_dep=None, packages_skip_up_to=None, packages_select_build_failed=False, packages_skip_build_finished=False, packages_select_test_failures=False, packages_skip_test_passed=False, packages_select=None, packages_skip=None, packages_select_regex=None, packages_skip_regex=None, packages_start=None, packages_end=None, allow_overriding=[], cmake_args=None, cmake_target=None, cmake_target_skip_unavailable=False, cmake_clean_cache=True, cmake_clean_first=False, cmake_force_configure=False, ament_cmake_args=None, catkin_cmake_args=None, catkin_skip_building_tests=False, verb_parser=<colcon_defaults.argument_parser.defaults.DefaultArgumentsDecorator object at 0x7fca5f486f80>, verb_extension=<colcon_core.verb.build.BuildVerb object at 0x7fca5f485d20>, main=<bound method BuildVerb.main of <colcon_core.verb.build.BuildVerb object at 0x7fca5f485d20>>)
[0.877s] Level 1:colcon.colcon_core.package_discovery:discover_packages(colcon_meta) check parameters
[0.877s] Level 1:colcon.colcon_core.package_discovery:discover_packages(recursive) check parameters
[0.877s] Level 1:colcon.colcon_core.package_discovery:discover_packages(ignore) check parameters
[0.877s] Level 1:colcon.colcon_core.package_discovery:discover_packages(path) check parameters
[0.877s] Level 1:colcon.colcon_core.package_discovery:discover_packages(colcon_meta) discover
[0.878s] Level 1:colcon.colcon_core.package_discovery:discover_packages(recursive) discover
[0.878s] INFO:colcon.colcon_core.package_discovery:Crawling recursively for packages in '/home/kaibuchisoma/robocon_ws'
[0.878s] Level 1:colcon.colcon_core.package_identification:_identify(.) by extensions ['ignore', 'ignore_ament_install']
[0.878s] Level 1:colcon.colcon_core.package_identification:_identify(.) by extension 'ignore'
[0.878s] Level 1:colcon.colcon_core.package_identification:_identify(.) by extension 'ignore_ament_install'
[0.878s] Level 1:colcon.colcon_core.package_identification:_identify(.) by extensions ['colcon_pkg']
[0.878s] Level 1:colcon.colcon_core.package_identification:_identify(.) by extension 'colcon_pkg'
[0.878s] Level 1:colcon.colcon_core.package_identification:_identify(.) by extensions ['colcon_meta']
[0.878s] Level 1:colcon.colcon_core.package_identification:_identify(.) by extension 'colcon_meta'
[0.878s] Level 1:colcon.colcon_core.package_identification:_identify(.) by extensions ['ros']
[0.878s] Level 1:colcon.colcon_core.package_identification:_identify(.) by extension 'ros'
[0.886s] Level 1:colcon.colcon_core.package_identification:_identify(.) by extensions ['cmake', 'python']
[0.886s] Level 1:colcon.colcon_core.package_identification:_identify(.) by extension 'cmake'
[0.887s] Level 1:colcon.colcon_core.package_identification:_identify(.) by extension 'python'
[0.887s] Level 1:colcon.colcon_core.package_identification:_identify(.) by extensions ['python_setup_py']
[0.887s] Level 1:colcon.colcon_core.package_identification:_identify(.) by extension 'python_setup_py'
[0.887s] Level 1:colcon.colcon_core.package_identification:_identify(build) by extensions ['ignore', 'ignore_ament_install']
[0.887s] Level 1:colcon.colcon_core.package_identification:_identify(build) by extension 'ignore'
[0.887s] Level 1:colcon.colcon_core.package_identification:_identify(build) ignored
[0.887s] Level 1:colcon.colcon_core.package_identification:_identify(install) by extensions ['ignore', 'ignore_ament_install']
[0.887s] Level 1:colcon.colcon_core.package_identification:_identify(install) by extension 'ignore'
[0.887s] Level 1:colcon.colcon_core.package_identification:_identify(install) ignored
[0.888s] Level 1:colcon.colcon_core.package_identification:_identify(log) by extensions ['ignore', 'ignore_ament_install']
[0.888s] Level 1:colcon.colcon_core.package_identification:_identify(log) by extension 'ignore'
[0.888s] Level 1:colcon.colcon_core.package_identification:_identify(log) ignored
[0.888s] Level 1:colcon.colcon_core.package_identification:_identify(src) by extensions ['ignore', 'ignore_ament_install']
[0.888s] Level 1:colcon.colcon_core.package_identification:_identify(src) by extension 'ignore'
[0.888s] Level 1:colcon.colcon_core.package_identification:_identify(src) by extension 'ignore_ament_install'
[0.888s] Level 1:colcon.colcon_core.package_identification:_identify(src) by extensions ['colcon_pkg']
[0.888s] Level 1:colcon.colcon_core.package_identification:_identify(src) by extension 'colcon_pkg'
[0.888s] Level 1:colcon.colcon_core.package_identification:_identify(src) by extensions ['colcon_meta']
[0.888s] Level 1:colcon.colcon_core.package_identification:_identify(src) by extension 'colcon_meta'
[0.888s] Level 1:colcon.colcon_core.package_identification:_identify(src) by extensions ['ros']
[0.888s] Level 1:colcon.colcon_core.package_identification:_identify(src) by extension 'ros'
[0.888s] Level 1:colcon.colcon_core.package_identification:_identify(src) by extensions ['cmake', 'python']
[0.888s] Level 1:colcon.colcon_core.package_identification:_identify(src) by extension 'cmake'
[0.888s] Level 1:colcon.colcon_core.package_identification:_identify(src) by extension 'python'
[0.888s] Level 1:colcon.colcon_core.package_identification:_identify(src) by extensions ['python_setup_py']
[0.888s] Level 1:colcon.colcon_core.package_identification:_identify(src) by extension 'python_setup_py'
[0.888s] Level 1:colcon.colcon_core.package_identification:_identify(src/build) by extensions ['ignore', 'ignore_ament_install']
[0.889s] Level 1:colcon.colcon_core.package_identification:_identify(src/build) by extension 'ignore'
[0.889s] Level 1:colcon.colcon_core.package_identification:_identify(src/build) ignored
[0.889s] Level 1:colcon.colcon_core.package_identification:_identify(src/fruit_detection) by extensions ['ignore', 'ignore_ament_install']
[0.889s] Level 1:colcon.colcon_core.package_identification:_identify(src/fruit_detection) by extension 'ignore'
[0.889s] Level 1:colcon.colcon_core.package_identification:_identify(src/fruit_detection) by extension 'ignore_ament_install'
[0.889s] Level 1:colcon.colcon_core.package_identification:_identify(src/fruit_detection) by extensions ['colcon_pkg']
[0.889s] Level 1:colcon.colcon_core.package_identification:_identify(src/fruit_detection) by extension 'colcon_pkg'
[0.889s] Level 1:colcon.colcon_core.package_identification:_identify(src/fruit_detection) by extensions ['colcon_meta']
[0.889s] Level 1:colcon.colcon_core.package_identification:_identify(src/fruit_detection) by extension 'colcon_meta'
[0.889s] Level 1:colcon.colcon_core.package_identification:_identify(src/fruit_detection) by extensions ['ros']
[0.889s] Level 1:colcon.colcon_core.package_identification:_identify(src/fruit_detection) by extension 'ros'
[0.891s] DEBUG:colcon.colcon_core.package_identification:Package 'src/fruit_detection' with type 'ros.ament_python' and name 'fruit_detection'
[0.891s] Level 1:colcon.colcon_core.package_identification:_identify(src/install) by extensions ['ignore', 'ignore_ament_install']
[0.891s] Level 1:colcon.colcon_core.package_identification:_identify(src/install) by extension 'ignore'
[0.891s] Level 1:colcon.colcon_core.package_identification:_identify(src/install) ignored
[0.891s] Level 1:colcon.colcon_core.package_identification:_identify(src/log) by extensions ['ignore', 'ignore_ament_install']
[0.891s] Level 1:colcon.colcon_core.package_identification:_identify(src/log) by extension 'ignore'
[0.891s] Level 1:colcon.colcon_core.package_identification:_identify(src/log) ignored
[0.891s] Level 1:colcon.colcon_core.package_identification:_identify(src/remove_920mhz) by extensions ['ignore', 'ignore_ament_install']
[0.891s] Level 1:colcon.colcon_core.package_identification:_identify(src/remove_920mhz) by extension 'ignore'
[0.891s] Level 1:colcon.colcon_core.package_identification:_identify(src/remove_920mhz) by extension 'ignore_ament_install'
[0.891s] Level 1:colcon.colcon_core.package_identification:_identify(src/remove_920mhz) by extensions ['colcon_pkg']
[0.891s] Level 1:colcon.colcon_core.package_identification:_identify(src/remove_920mhz) by extension 'colcon_pkg'
[0.891s] Level 1:colcon.colcon_core.package_identification:_identify(src/remove_920mhz) by extensions ['colcon_meta']
[0.891s] Level 1:colcon.colcon_core.package_identification:_identify(src/remove_920mhz) by extension 'colcon_meta'
[0.891s] Level 1:colcon.colcon_core.package_identification:_identify(src/remove_920mhz) by extensions ['ros']
[0.892s] Level 1:colcon.colcon_core.package_identification:_identify(src/remove_920mhz) by extension 'ros'
[0.892s] Level 1:colcon.colcon_core.package_identification:_identify(src/remove_920mhz) by extensions ['cmake', 'python']
[0.892s] Level 1:colcon.colcon_core.package_identification:_identify(src/remove_920mhz) by extension 'cmake'
[0.892s] Level 1:colcon.colcon_core.package_identification:_identify(src/remove_920mhz) by extension 'python'
[0.892s] Level 1:colcon.colcon_core.package_identification:_identify(src/remove_920mhz) by extensions ['python_setup_py']
[0.892s] Level 1:colcon.colcon_core.package_identification:_identify(src/remove_920mhz) by extension 'python_setup_py'
[0.892s] Level 1:colcon.colcon_core.package_identification:_identify(src/robocon2023_b_dash) by extensions ['ignore', 'ignore_ament_install']
[0.892s] Level 1:colcon.colcon_core.package_identification:_identify(src/robocon2023_b_dash) by extension 'ignore'
[0.892s] Level 1:colcon.colcon_core.package_identification:_identify(src/robocon2023_b_dash) by extension 'ignore_ament_install'
[0.892s] Level 1:colcon.colcon_core.package_identification:_identify(src/robocon2023_b_dash) by extensions ['colcon_pkg']
[0.892s] Level 1:colcon.colcon_core.package_identification:_identify(src/robocon2023_b_dash) by extension 'colcon_pkg'
[0.892s] Level 1:colcon.colcon_core.package_identification:_identify(src/robocon2023_b_dash) by extensions ['colcon_meta']
[0.892s] Level 1:colcon.colcon_core.package_identification:_identify(src/robocon2023_b_dash) by extension 'colcon_meta'
[0.892s] Level 1:colcon.colcon_core.package_identification:_identify(src/robocon2023_b_dash) by extensions ['ros']
[0.892s] Level 1:colcon.colcon_core.package_identification:_identify(src/robocon2023_b_dash) by extension 'ros'
[0.893s] DEBUG:colcon.colcon_core.package_identification:Package 'src/robocon2023_b_dash' with type 'ros.ament_cmake' and name 'robocon2023_b_dash'
[0.893s] Level 1:colcon.colcon_core.package_identification:_identify(src/robocon2023_b_dash_receiver) by extensions ['ignore', 'ignore_ament_install']
[0.893s] Level 1:colcon.colcon_core.package_identification:_identify(src/robocon2023_b_dash_receiver) by extension 'ignore'
[0.893s] Level 1:colcon.colcon_core.package_identification:_identify(src/robocon2023_b_dash_receiver) by extension 'ignore_ament_install'
[0.893s] Level 1:colcon.colcon_core.package_identification:_identify(src/robocon2023_b_dash_receiver) by extensions ['colcon_pkg']
[0.893s] Level 1:colcon.colcon_core.package_identification:_identify(src/robocon2023_b_dash_receiver) by extension 'colcon_pkg'
[0.893s] Level 1:colcon.colcon_core.package_identification:_identify(src/robocon2023_b_dash_receiver) by extensions ['colcon_meta']
[0.893s] Level 1:colcon.colcon_core.package_identification:_identify(src/robocon2023_b_dash_receiver) by extension 'colcon_meta'
[0.893s] Level 1:colcon.colcon_core.package_identification:_identify(src/robocon2023_b_dash_receiver) by extensions ['ros']
[0.893s] Level 1:colcon.colcon_core.package_identification:_identify(src/robocon2023_b_dash_receiver) by extension 'ros'
[0.893s] DEBUG:colcon.colcon_core.package_identification:Package 'src/robocon2023_b_dash_receiver' with type 'ros.ament_cmake' and name 'robocon2023_b_dash_receiver'
[0.893s] Level 1:colcon.colcon_core.package_identification:_identify(src/robocon2023_b_dash_transceiver) by extensions ['ignore', 'ignore_ament_install']
[0.893s] Level 1:colcon.colcon_core.package_identification:_identify(src/robocon2023_b_dash_transceiver) by extension 'ignore'
[0.893s] Level 1:colcon.colcon_core.package_identification:_identify(src/robocon2023_b_dash_transceiver) by extension 'ignore_ament_install'
[0.894s] Level 1:colcon.colcon_core.package_identification:_identify(src/robocon2023_b_dash_transceiver) by extensions ['colcon_pkg']
[0.894s] Level 1:colcon.colcon_core.package_identification:_identify(src/robocon2023_b_dash_transceiver) by extension 'colcon_pkg'
[0.894s] Level 1:colcon.colcon_core.package_identification:_identify(src/robocon2023_b_dash_transceiver) by extensions ['colcon_meta']
[0.894s] Level 1:colcon.colcon_core.package_identification:_identify(src/robocon2023_b_dash_transceiver) by extension 'colcon_meta'
[0.894s] Level 1:colcon.colcon_core.package_identification:_identify(src/robocon2023_b_dash_transceiver) by extensions ['ros']
[0.894s] Level 1:colcon.colcon_core.package_identification:_identify(src/robocon2023_b_dash_transceiver) by extension 'ros'
[0.894s] DEBUG:colcon.colcon_core.package_identification:Package 'src/robocon2023_b_dash_transceiver' with type 'ros.ament_cmake' and name 'robocon2023_b_dash_transceiver'
[0.894s] Level 1:colcon.colcon_core.package_identification:_identify(src/ros_to_kimd) by extensions ['ignore', 'ignore_ament_install']
[0.894s] Level 1:colcon.colcon_core.package_identification:_identify(src/ros_to_kimd) by extension 'ignore'
[0.894s] Level 1:colcon.colcon_core.package_identification:_identify(src/ros_to_kimd) by extension 'ignore_ament_install'
[0.894s] Level 1:colcon.colcon_core.package_identification:_identify(src/ros_to_kimd) by extensions ['colcon_pkg']
[0.894s] Level 1:colcon.colcon_core.package_identification:_identify(src/ros_to_kimd) by extension 'colcon_pkg'
[0.894s] Level 1:colcon.colcon_core.package_identification:_identify(src/ros_to_kimd) by extensions ['colcon_meta']
[0.894s] Level 1:colcon.colcon_core.package_identification:_identify(src/ros_to_kimd) by extension 'colcon_meta'
[0.895s] Level 1:colcon.colcon_core.package_identification:_identify(src/ros_to_kimd) by extensions ['ros']
[0.895s] Level 1:colcon.colcon_core.package_identification:_identify(src/ros_to_kimd) by extension 'ros'
[0.895s] DEBUG:colcon.colcon_core.package_identification:Package 'src/ros_to_kimd' with type 'ros.ament_cmake' and name 'ros_to_kimd'
[0.895s] Level 1:colcon.colcon_core.package_identification:_identify(src/sllidar_ros2) by extensions ['ignore', 'ignore_ament_install']
[0.895s] Level 1:colcon.colcon_core.package_identification:_identify(src/sllidar_ros2) by extension 'ignore'
[0.895s] Level 1:colcon.colcon_core.package_identification:_identify(src/sllidar_ros2) by extension 'ignore_ament_install'
[0.895s] Level 1:colcon.colcon_core.package_identification:_identify(src/sllidar_ros2) by extensions ['colcon_pkg']
[0.895s] Level 1:colcon.colcon_core.package_identification:_identify(src/sllidar_ros2) by extension 'colcon_pkg'
[0.895s] Level 1:colcon.colcon_core.package_identification:_identify(src/sllidar_ros2) by extensions ['colcon_meta']
[0.895s] Level 1:colcon.colcon_core.package_identification:_identify(src/sllidar_ros2) by extension 'colcon_meta'
[0.895s] Level 1:colcon.colcon_core.package_identification:_identify(src/sllidar_ros2) by extensions ['ros']
[0.895s] Level 1:colcon.colcon_core.package_identification:_identify(src/sllidar_ros2) by extension 'ros'
[0.896s] DEBUG:colcon.colcon_core.package_identification:Package 'src/sllidar_ros2' with type 'ros.ament_cmake' and name 'sllidar_ros2'
[0.896s] Level 1:colcon.colcon_core.package_identification:_identify(src/time_practice) by extensions ['ignore', 'ignore_ament_install']
[0.896s] Level 1:colcon.colcon_core.package_identification:_identify(src/time_practice) by extension 'ignore'
[0.896s] Level 1:colcon.colcon_core.package_identification:_identify(src/time_practice) by extension 'ignore_ament_install'
[0.896s] Level 1:colcon.colcon_core.package_identification:_identify(src/time_practice) by extensions ['colcon_pkg']
[0.896s] Level 1:colcon.colcon_core.package_identification:_identify(src/time_practice) by extension 'colcon_pkg'
[0.896s] Level 1:colcon.colcon_core.package_identification:_identify(src/time_practice) by extensions ['colcon_meta']
[0.896s] Level 1:colcon.colcon_core.package_identification:_identify(src/time_practice) by extension 'colcon_meta'
[0.896s] Level 1:colcon.colcon_core.package_identification:_identify(src/time_practice) by extensions ['ros']
[0.896s] Level 1:colcon.colcon_core.package_identification:_identify(src/time_practice) by extension 'ros'
[0.897s] DEBUG:colcon.colcon_core.package_identification:Package 'src/time_practice' with type 'ros.ament_cmake' and name 'time_practice'
[0.897s] Level 1:colcon.colcon_core.package_identification:_identify(src/usb920_ver2) by extensions ['ignore', 'ignore_ament_install']
[0.897s] Level 1:colcon.colcon_core.package_identification:_identify(src/usb920_ver2) by extension 'ignore'
[0.897s] Level 1:colcon.colcon_core.package_identification:_identify(src/usb920_ver2) by extension 'ignore_ament_install'
[0.897s] Level 1:colcon.colcon_core.package_identification:_identify(src/usb920_ver2) by extensions ['colcon_pkg']
[0.897s] Level 1:colcon.colcon_core.package_identification:_identify(src/usb920_ver2) by extension 'colcon_pkg'
[0.897s] Level 1:colcon.colcon_core.package_identification:_identify(src/usb920_ver2) by extensions ['colcon_meta']
[0.897s] Level 1:colcon.colcon_core.package_identification:_identify(src/usb920_ver2) by extension 'colcon_meta'
[0.897s] Level 1:colcon.colcon_core.package_identification:_identify(src/usb920_ver2) by extensions ['ros']
[0.897s] Level 1:colcon.colcon_core.package_identification:_identify(src/usb920_ver2) by extension 'ros'
[0.897s] DEBUG:colcon.colcon_core.package_identification:Package 'src/usb920_ver2' with type 'ros.ament_cmake' and name 'usb920_ver2'
[0.897s] Level 1:colcon.colcon_core.package_discovery:discover_packages(recursive) using defaults
[0.898s] Level 1:colcon.colcon_core.package_discovery:discover_packages(ignore) discover
[0.898s] Level 1:colcon.colcon_core.package_discovery:discover_packages(ignore) using defaults
[0.898s] Level 1:colcon.colcon_core.package_discovery:discover_packages(path) discover
[0.898s] Level 1:colcon.colcon_core.package_discovery:discover_packages(path) using defaults
[0.974s] Level 1:colcon.colcon_core.package_discovery:discover_packages(prefix_path) check parameters
[0.974s] Level 1:colcon.colcon_core.package_discovery:discover_packages(prefix_path) discover
[1.000s] DEBUG:colcon.colcon_installed_package_information.package_discovery:Found 8 installed packages in /home/kaibuchisoma/robocon_ws/install
[1.012s] DEBUG:colcon.colcon_installed_package_information.package_discovery:Found 271 installed packages in /opt/ros/humble
[1.013s] Level 1:colcon.colcon_core.package_discovery:discover_packages(prefix_path) using defaults
[1.100s] Level 5:colcon.colcon_core.verb:set package 'fruit_detection' build argument 'cmake_args' from command line to 'None'
[1.100s] Level 5:colcon.colcon_core.verb:set package 'fruit_detection' build argument 'cmake_target' from command line to 'None'
[1.100s] Level 5:colcon.colcon_core.verb:set package 'fruit_detection' build argument 'cmake_target_skip_unavailable' from command line to 'False'
[1.100s] Level 5:colcon.colcon_core.verb:set package 'fruit_detection' build argument 'cmake_clean_cache' from command line to 'True'
[1.100s] Level 5:colcon.colcon_core.verb:set package 'fruit_detection' build argument 'cmake_clean_first' from command line to 'False'
[1.100s] Level 5:colcon.colcon_core.verb:set package 'fruit_detection' build argument 'cmake_force_configure' from command line to 'False'
[1.100s] Level 5:colcon.colcon_core.verb:set package 'fruit_detection' build argument 'ament_cmake_args' from command line to 'None'
[1.100s] Level 5:colcon.colcon_core.verb:set package 'fruit_detection' build argument 'catkin_cmake_args' from command line to 'None'
[1.100s] Level 5:colcon.colcon_core.verb:set package 'fruit_detection' build argument 'catkin_skip_building_tests' from command line to 'False'
[1.100s] DEBUG:colcon.colcon_core.verb:Building package 'fruit_detection' with the following arguments: {'ament_cmake_args': None, 'build_base': '/home/kaibuchisoma/robocon_ws/build/fruit_detection', 'catkin_cmake_args': None, 'catkin_skip_building_tests': False, 'cmake_args': None, 'cmake_clean_cache': True, 'cmake_clean_first': False, 'cmake_force_configure': False, 'cmake_target': None, 'cmake_target_skip_unavailable': False, 'install_base': '/home/kaibuchisoma/robocon_ws/install/fruit_detection', 'merge_install': False, 'path': '/home/kaibuchisoma/robocon_ws/src/fruit_detection', 'symlink_install': False, 'test_result_base': None}
[1.113s] Level 5:colcon.colcon_core.verb:set package 'robocon2023_b_dash' build argument 'cmake_args' from command line to 'None'
[1.113s] Level 5:colcon.colcon_core.verb:set package 'robocon2023_b_dash' build argument 'cmake_target' from command line to 'None'
[1.113s] Level 5:colcon.colcon_core.verb:set package 'robocon2023_b_dash' build argument 'cmake_target_skip_unavailable' from command line to 'False'
[1.113s] Level 5:colcon.colcon_core.verb:set package 'robocon2023_b_dash' build argument 'cmake_clean_cache' from command line to 'True'
[1.113s] Level 5:colcon.colcon_core.verb:set package 'robocon2023_b_dash' build argument 'cmake_clean_first' from command line to 'False'
[1.113s] Level 5:colcon.colcon_core.verb:set package 'robocon2023_b_dash' build argument 'cmake_force_configure' from command line to 'False'
[1.113s] Level 5:colcon.colcon_core.verb:set package 'robocon2023_b_dash' build argument 'ament_cmake_args' from command line to 'None'
[1.113s] Level 5:colcon.colcon_core.verb:set package 'robocon2023_b_dash' build argument 'catkin_cmake_args' from command line to 'None'
[1.113s] Level 5:colcon.colcon_core.verb:set package 'robocon2023_b_dash' build argument 'catkin_skip_building_tests' from command line to 'False'
[1.113s] DEBUG:colcon.colcon_core.verb:Building package 'robocon2023_b_dash' with the following arguments: {'ament_cmake_args': None, 'build_base': '/home/kaibuchisoma/robocon_ws/build/robocon2023_b_dash', 'catkin_cmake_args': None, 'catkin_skip_building_tests': False, 'cmake_args': None, 'cmake_clean_cache': True, 'cmake_clean_first': False, 'cmake_force_configure': False, 'cmake_target': None, 'cmake_target_skip_unavailable': False, 'install_base': '/home/kaibuchisoma/robocon_ws/install/robocon2023_b_dash', 'merge_install': False, 'path': '/home/kaibuchisoma/robocon_ws/src/robocon2023_b_dash', 'symlink_install': False, 'test_result_base': None}
[1.125s] Level 5:colcon.colcon_core.verb:set package 'robocon2023_b_dash_receiver' build argument 'cmake_args' from command line to 'None'
[1.125s] Level 5:colcon.colcon_core.verb:set package 'robocon2023_b_dash_receiver' build argument 'cmake_target' from command line to 'None'
[1.125s] Level 5:colcon.colcon_core.verb:set package 'robocon2023_b_dash_receiver' build argument 'cmake_target_skip_unavailable' from command line to 'False'
[1.125s] Level 5:colcon.colcon_core.verb:set package 'robocon2023_b_dash_receiver' build argument 'cmake_clean_cache' from command line to 'True'
[1.125s] Level 5:colcon.colcon_core.verb:set package 'robocon2023_b_dash_receiver' build argument 'cmake_clean_first' from command line to 'False'
[1.125s] Level 5:colcon.colcon_core.verb:set package 'robocon2023_b_dash_receiver' build argument 'cmake_force_configure' from command line to 'False'
[1.125s] Level 5:colcon.colcon_core.verb:set package 'robocon2023_b_dash_receiver' build argument 'ament_cmake_args' from command line to 'None'
[1.125s] Level 5:colcon.colcon_core.verb:set package 'robocon2023_b_dash_receiver' build argument 'catkin_cmake_args' from command line to 'None'
[1.126s] Level 5:colcon.colcon_core.verb:set package 'robocon2023_b_dash_receiver' build argument 'catkin_skip_building_tests' from command line to 'False'
[1.126s] DEBUG:colcon.colcon_core.verb:Building package 'robocon2023_b_dash_receiver' with the following arguments: {'ament_cmake_args': None, 'build_base': '/home/kaibuchisoma/robocon_ws/build/robocon2023_b_dash_receiver', 'catkin_cmake_args': None, 'catkin_skip_building_tests': False, 'cmake_args': None, 'cmake_clean_cache': True, 'cmake_clean_first': False, 'cmake_force_configure': False, 'cmake_target': None, 'cmake_target_skip_unavailable': False, 'install_base': '/home/kaibuchisoma/robocon_ws/install/robocon2023_b_dash_receiver', 'merge_install': False, 'path': '/home/kaibuchisoma/robocon_ws/src/robocon2023_b_dash_receiver', 'symlink_install': False, 'test_result_base': None}
[1.138s] Level 5:colcon.colcon_core.verb:set package 'robocon2023_b_dash_transceiver' build argument 'cmake_args' from command line to 'None'
[1.138s] Level 5:colcon.colcon_core.verb:set package 'robocon2023_b_dash_transceiver' build argument 'cmake_target' from command line to 'None'
[1.138s] Level 5:colcon.colcon_core.verb:set package 'robocon2023_b_dash_transceiver' build argument 'cmake_target_skip_unavailable' from command line to 'False'
[1.138s] Level 5:colcon.colcon_core.verb:set package 'robocon2023_b_dash_transceiver' build argument 'cmake_clean_cache' from command line to 'True'
[1.138s] Level 5:colcon.colcon_core.verb:set package 'robocon2023_b_dash_transceiver' build argument 'cmake_clean_first' from command line to 'False'
[1.138s] Level 5:colcon.colcon_core.verb:set package 'robocon2023_b_dash_transceiver' build argument 'cmake_force_configure' from command line to 'False'
[1.138s] Level 5:colcon.colcon_core.verb:set package 'robocon2023_b_dash_transceiver' build argument 'ament_cmake_args' from command line to 'None'
[1.138s] Level 5:colcon.colcon_core.verb:set package 'robocon2023_b_dash_transceiver' build argument 'catkin_cmake_args' from command line to 'None'
[1.138s] Level 5:colcon.colcon_core.verb:set package 'robocon2023_b_dash_transceiver' build argument 'catkin_skip_building_tests' from command line to 'False'
[1.138s] DEBUG:colcon.colcon_core.verb:Building package 'robocon2023_b_dash_transceiver' with the following arguments: {'ament_cmake_args': None, 'build_base': '/home/kaibuchisoma/robocon_ws/build/robocon2023_b_dash_transceiver', 'catkin_cmake_args': None, 'catkin_skip_building_tests': False, 'cmake_args': None, 'cmake_clean_cache': True, 'cmake_clean_first': False, 'cmake_force_configure': False, 'cmake_target': None, 'cmake_target_skip_unavailable': False, 'install_base': '/home/kaibuchisoma/robocon_ws/install/robocon2023_b_dash_transceiver', 'merge_install': False, 'path': '/home/kaibuchisoma/robocon_ws/src/robocon2023_b_dash_transceiver', 'symlink_install': False, 'test_result_base': None}
[1.153s] Level 5:colcon.colcon_core.verb:set package 'ros_to_kimd' build argument 'cmake_args' from command line to 'None'
[1.153s] Level 5:colcon.colcon_core.verb:set package 'ros_to_kimd' build argument 'cmake_target' from command line to 'None'
[1.153s] Level 5:colcon.colcon_core.verb:set package 'ros_to_kimd' build argument 'cmake_target_skip_unavailable' from command line to 'False'
[1.153s] Level 5:colcon.colcon_core.verb:set package 'ros_to_kimd' build argument 'cmake_clean_cache' from command line to 'True'
[1.153s] Level 5:colcon.colcon_core.verb:set package 'ros_to_kimd' build argument 'cmake_clean_first' from command line to 'False'
[1.153s] Level 5:colcon.colcon_core.verb:set package 'ros_to_kimd' build argument 'cmake_force_configure' from command line to 'False'
[1.153s] Level 5:colcon.colcon_core.verb:set package 'ros_to_kimd' build argument 'ament_cmake_args' from command line to 'None'
[1.153s] Level 5:colcon.colcon_core.verb:set package 'ros_to_kimd' build argument 'catkin_cmake_args' from command line to 'None'
[1.153s] Level 5:colcon.colcon_core.verb:set package 'ros_to_kimd' build argument 'catkin_skip_building_tests' from command line to 'False'
[1.153s] DEBUG:colcon.colcon_core.verb:Building package 'ros_to_kimd' with the following arguments: {'ament_cmake_args': None, 'build_base': '/home/kaibuchisoma/robocon_ws/build/ros_to_kimd', 'catkin_cmake_args': None, 'catkin_skip_building_tests': False, 'cmake_args': None, 'cmake_clean_cache': True, 'cmake_clean_first': False, 'cmake_force_configure': False, 'cmake_target': None, 'cmake_target_skip_unavailable': False, 'install_base': '/home/kaibuchisoma/robocon_ws/install/ros_to_kimd', 'merge_install': False, 'path': '/home/kaibuchisoma/robocon_ws/src/ros_to_kimd', 'symlink_install': False, 'test_result_base': None}
[1.170s] Level 5:colcon.colcon_core.verb:set package 'sllidar_ros2' build argument 'cmake_args' from command line to 'None'
[1.170s] Level 5:colcon.colcon_core.verb:set package 'sllidar_ros2' build argument 'cmake_target' from command line to 'None'
[1.176s] Level 5:colcon.colcon_core.verb:set package 'sllidar_ros2' build argument 'cmake_target_skip_unavailable' from command line to 'False'
[1.177s] Level 5:colcon.colcon_core.verb:set package 'sllidar_ros2' build argument 'cmake_clean_cache' from command line to 'True'
[1.177s] Level 5:colcon.colcon_core.verb:set package 'sllidar_ros2' build argument 'cmake_clean_first' from command line to 'False'
[1.177s] Level 5:colcon.colcon_core.verb:set package 'sllidar_ros2' build argument 'cmake_force_configure' from command line to 'False'
[1.177s] Level 5:colcon.colcon_core.verb:set package 'sllidar_ros2' build argument 'ament_cmake_args' from command line to 'None'
[1.177s] Level 5:colcon.colcon_core.verb:set package 'sllidar_ros2' build argument 'catkin_cmake_args' from command line to 'None'
[1.177s] Level 5:colcon.colcon_core.verb:set package 'sllidar_ros2' build argument 'catkin_skip_building_tests' from command line to 'False'
[1.177s] DEBUG:colcon.colcon_core.verb:Building package 'sllidar_ros2' with the following arguments: {'ament_cmake_args': None, 'build_base': '/home/kaibuchisoma/robocon_ws/build/sllidar_ros2', 'catkin_cmake_args': None, 'catkin_skip_building_tests': False, 'cmake_args': None, 'cmake_clean_cache': True, 'cmake_clean_first': False, 'cmake_force_configure': False, 'cmake_target': None, 'cmake_target_skip_unavailable': False, 'install_base': '/home/kaibuchisoma/robocon_ws/install/sllidar_ros2', 'merge_install': False, 'path': '/home/kaibuchisoma/robocon_ws/src/sllidar_ros2', 'symlink_install': False, 'test_result_base': None}
[1.190s] Level 5:colcon.colcon_core.verb:set package 'time_practice' build argument 'cmake_args' from command line to 'None'
[1.190s] Level 5:colcon.colcon_core.verb:set package 'time_practice' build argument 'cmake_target' from command line to 'None'
[1.190s] Level 5:colcon.colcon_core.verb:set package 'time_practice' build argument 'cmake_target_skip_unavailable' from command line to 'False'
[1.190s] Level 5:colcon.colcon_core.verb:set package 'time_practice' build argument 'cmake_clean_cache' from command line to 'True'
[1.190s] Level 5:colcon.colcon_core.verb:set package 'time_practice' build argument 'cmake_clean_first' from command line to 'False'
[1.190s] Level 5:colcon.colcon_core.verb:set package 'time_practice' build argument 'cmake_force_configure' from command line to 'False'
[1.190s] Level 5:colcon.colcon_core.verb:set package 'time_practice' build argument 'ament_cmake_args' from command line to 'None'
[1.190s] Level 5:colcon.colcon_core.verb:set package 'time_practice' build argument 'catkin_cmake_args' from command line to 'None'
[1.190s] Level 5:colcon.colcon_core.verb:set package 'time_practice' build argument 'catkin_skip_building_tests' from command line to 'False'
[1.190s] DEBUG:colcon.colcon_core.verb:Building package 'time_practice' with the following arguments: {'ament_cmake_args': None, 'build_base': '/home/kaibuchisoma/robocon_ws/build/time_practice', 'catkin_cmake_args': None, 'catkin_skip_building_tests': False, 'cmake_args': None, 'cmake_clean_cache': True, 'cmake_clean_first': False, 'cmake_force_configure': False, 'cmake_target': None, 'cmake_target_skip_unavailable': False, 'install_base': '/home/kaibuchisoma/robocon_ws/install/time_practice', 'merge_install': False, 'path': '/home/kaibuchisoma/robocon_ws/src/time_practice', 'symlink_install': False, 'test_result_base': None}
[1.205s] Level 5:colcon.colcon_core.verb:set package 'usb920_ver2' build argument 'cmake_args' from command line to 'None'
[1.205s] Level 5:colcon.colcon_core.verb:set package 'usb920_ver2' build argument 'cmake_target' from command line to 'None'
[1.205s] Level 5:colcon.colcon_core.verb:set package 'usb920_ver2' build argument 'cmake_target_skip_unavailable' from command line to 'False'
[1.205s] Level 5:colcon.colcon_core.verb:set package 'usb920_ver2' build argument 'cmake_clean_cache' from command line to 'True'
[1.205s] Level 5:colcon.colcon_core.verb:set package 'usb920_ver2' build argument 'cmake_clean_first' from command line to 'False'
[1.205s] Level 5:colcon.colcon_core.verb:set package 'usb920_ver2' build argument 'cmake_force_configure' from command line to 'False'
[1.205s] Level 5:colcon.colcon_core.verb:set package 'usb920_ver2' build argument 'ament_cmake_args' from command line to 'None'
[1.205s] Level 5:colcon.colcon_core.verb:set package 'usb920_ver2' build argument 'catkin_cmake_args' from command line to 'None'
[1.205s] Level 5:colcon.colcon_core.verb:set package 'usb920_ver2' build argument 'catkin_skip_building_tests' from command line to 'False'
[1.205s] DEBUG:colcon.colcon_core.verb:Building package 'usb920_ver2' with the following arguments: {'ament_cmake_args': None, 'build_base': '/home/kaibuchisoma/robocon_ws/build/usb920_ver2', 'catkin_cmake_args': None, 'catkin_skip_building_tests': False, 'cmake_args': None, 'cmake_clean_cache': True, 'cmake_clean_first': False, 'cmake_force_configure': False, 'cmake_target': None, 'cmake_target_skip_unavailable': False, 'install_base': '/home/kaibuchisoma/robocon_ws/install/usb920_ver2', 'merge_install': False, 'path': '/home/kaibuchisoma/robocon_ws/src/usb920_ver2', 'symlink_install': False, 'test_result_base': None}
[1.219s] INFO:colcon.colcon_core.executor:Executing jobs using 'parallel' executor
[1.236s] DEBUG:colcon.colcon_parallel_executor.executor.parallel:run_until_complete
[1.236s] INFO:colcon.colcon_ros.task.ament_python.build:Building ROS package in '/home/kaibuchisoma/robocon_ws/src/fruit_detection' with build type 'ament_python'
[1.237s] Level 1:colcon.colcon_core.shell:create_environment_hook('fruit_detection', 'ament_prefix_path')
[1.256s] INFO:colcon.colcon_core.plugin_system:Skipping extension 'colcon_core.shell.bat': Not used on non-Windows systems
[1.257s] INFO:colcon.colcon_core.shell:Creating environment hook '/home/kaibuchisoma/robocon_ws/install/fruit_detection/share/fruit_detection/hook/ament_prefix_path.ps1'
[1.257s] INFO:colcon.colcon_core.shell:Creating environment descriptor '/home/kaibuchisoma/robocon_ws/install/fruit_detection/share/fruit_detection/hook/ament_prefix_path.dsv'
[1.258s] INFO:colcon.colcon_core.shell:Creating environment hook '/home/kaibuchisoma/robocon_ws/install/fruit_detection/share/fruit_detection/hook/ament_prefix_path.sh'
[1.274s] INFO:colcon.colcon_core.shell:Skip shell extension 'powershell' for command environment: Not usable outside of PowerShell
[1.275s] DEBUG:colcon.colcon_core.shell:Skip shell extension 'dsv' for command environment
[1.319s] INFO:colcon.colcon_ros.task.ament_cmake.build:Building ROS package in '/home/kaibuchisoma/robocon_ws/src/robocon2023_b_dash' with build type 'ament_cmake'
[1.319s] INFO:colcon.colcon_cmake.task.cmake.build:Building CMake package in '/home/kaibuchisoma/robocon_ws/src/robocon2023_b_dash'
[1.332s] INFO:colcon.colcon_core.shell:Skip shell extension 'powershell' for command environment: Not usable outside of PowerShell
[1.332s] DEBUG:colcon.colcon_core.shell:Skip shell extension 'dsv' for command environment
[1.373s] INFO:colcon.colcon_ros.task.ament_cmake.build:Building ROS package in '/home/kaibuchisoma/robocon_ws/src/robocon2023_b_dash_receiver' with build type 'ament_cmake'
[1.373s] INFO:colcon.colcon_cmake.task.cmake.build:Building CMake package in '/home/kaibuchisoma/robocon_ws/src/robocon2023_b_dash_receiver'
[1.386s] INFO:colcon.colcon_core.shell:Skip shell extension 'powershell' for command environment: Not usable outside of PowerShell
[1.386s] DEBUG:colcon.colcon_core.shell:Skip shell extension 'dsv' for command environment
[1.423s] INFO:colcon.colcon_ros.task.ament_cmake.build:Building ROS package in '/home/kaibuchisoma/robocon_ws/src/robocon2023_b_dash_transceiver' with build type 'ament_cmake'
[1.424s] INFO:colcon.colcon_cmake.task.cmake.build:Building CMake package in '/home/kaibuchisoma/robocon_ws/src/robocon2023_b_dash_transceiver'
[1.436s] INFO:colcon.colcon_core.shell:Skip shell extension 'powershell' for command environment: Not usable outside of PowerShell
[1.436s] DEBUG:colcon.colcon_core.shell:Skip shell extension 'dsv' for command environment
[1.477s] INFO:colcon.colcon_ros.task.ament_cmake.build:Building ROS package in '/home/kaibuchisoma/robocon_ws/src/ros_to_kimd' with build type 'ament_cmake'
[1.478s] INFO:colcon.colcon_cmake.task.cmake.build:Building CMake package in '/home/kaibuchisoma/robocon_ws/src/ros_to_kimd'
[1.491s] INFO:colcon.colcon_core.shell:Skip shell extension 'powershell' for command environment: Not usable outside of PowerShell
[1.491s] DEBUG:colcon.colcon_core.shell:Skip shell extension 'dsv' for command environment
[1.531s] INFO:colcon.colcon_ros.task.ament_cmake.build:Building ROS package in '/home/kaibuchisoma/robocon_ws/src/sllidar_ros2' with build type 'ament_cmake'
[1.531s] INFO:colcon.colcon_cmake.task.cmake.build:Building CMake package in '/home/kaibuchisoma/robocon_ws/src/sllidar_ros2'
[1.544s] INFO:colcon.colcon_core.shell:Skip shell extension 'powershell' for command environment: Not usable outside of PowerShell
[1.545s] DEBUG:colcon.colcon_core.shell:Skip shell extension 'dsv' for command environment
[1.585s] INFO:colcon.colcon_ros.task.ament_cmake.build:Building ROS package in '/home/kaibuchisoma/robocon_ws/src/time_practice' with build type 'ament_cmake'
[1.585s] INFO:colcon.colcon_cmake.task.cmake.build:Building CMake package in '/home/kaibuchisoma/robocon_ws/src/time_practice'
[1.598s] INFO:colcon.colcon_core.shell:Skip shell extension 'powershell' for command environment: Not usable outside of PowerShell
[1.598s] DEBUG:colcon.colcon_core.shell:Skip shell extension 'dsv' for command environment
[1.636s] INFO:colcon.colcon_ros.task.ament_cmake.build:Building ROS package in '/home/kaibuchisoma/robocon_ws/src/usb920_ver2' with build type 'ament_cmake'
[1.636s] INFO:colcon.colcon_cmake.task.cmake.build:Building CMake package in '/home/kaibuchisoma/robocon_ws/src/usb920_ver2'
[1.648s] INFO:colcon.colcon_core.shell:Skip shell extension 'powershell' for command environment: Not usable outside of PowerShell
[1.648s] DEBUG:colcon.colcon_core.shell:Skip shell extension 'dsv' for command environment
[1.893s] INFO:colcon.colcon_core.task.python.build:Building Python package in '/home/kaibuchisoma/robocon_ws/src/fruit_detection'
[1.905s] INFO:colcon.colcon_core.shell:Skip shell extension 'powershell' for command environment: Not usable outside of PowerShell
[1.905s] DEBUG:colcon.colcon_core.shell:Skip shell extension 'dsv' for command environment
[1.948s] DEBUG:colcon.colcon_core.event_handler.log_command:Invoking command in '/home/kaibuchisoma/robocon_ws/build/robocon2023_b_dash': CMAKE_PREFIX_PATH=${CMAKE_PREFIX_PATH}:/home/kaibuchisoma/robocon_ws/install/fruit_detection:/opt/ros/humble /usr/bin/cmake /home/kaibuchisoma/robocon_ws/src/robocon2023_b_dash -DCMAKE_INSTALL_PREFIX=/home/kaibuchisoma/robocon_ws/install/robocon2023_b_dash
[1.950s] DEBUG:colcon.colcon_core.event_handler.log_command:Invoking command in '/home/kaibuchisoma/robocon_ws/build/robocon2023_b_dash_receiver': CMAKE_PREFIX_PATH=${CMAKE_PREFIX_PATH}:/home/kaibuchisoma/robocon_ws/install/fruit_detection:/opt/ros/humble /usr/bin/cmake /home/kaibuchisoma/robocon_ws/src/robocon2023_b_dash_receiver -DCMAKE_INSTALL_PREFIX=/home/kaibuchisoma/robocon_ws/install/robocon2023_b_dash_receiver
[1.952s] DEBUG:colcon.colcon_core.event_handler.log_command:Invoking command in '/home/kaibuchisoma/robocon_ws/build/robocon2023_b_dash_transceiver': CMAKE_PREFIX_PATH=${CMAKE_PREFIX_PATH}:/home/kaibuchisoma/robocon_ws/install/fruit_detection:/opt/ros/humble /usr/bin/cmake /home/kaibuchisoma/robocon_ws/src/robocon2023_b_dash_transceiver -DCMAKE_INSTALL_PREFIX=/home/kaibuchisoma/robocon_ws/install/robocon2023_b_dash_transceiver
[1.954s] DEBUG:colcon.colcon_core.event_handler.log_command:Invoking command in '/home/kaibuchisoma/robocon_ws/build/ros_to_kimd': CMAKE_PREFIX_PATH=${CMAKE_PREFIX_PATH}:/home/kaibuchisoma/robocon_ws/install/fruit_detection:/opt/ros/humble /usr/bin/cmake /home/kaibuchisoma/robocon_ws/src/ros_to_kimd -DCMAKE_INSTALL_PREFIX=/home/kaibuchisoma/robocon_ws/install/ros_to_kimd
[1.956s] DEBUG:colcon.colcon_core.event_handler.log_command:Invoking command in '/home/kaibuchisoma/robocon_ws/build/sllidar_ros2': CMAKE_PREFIX_PATH=${CMAKE_PREFIX_PATH}:/home/kaibuchisoma/robocon_ws/install/fruit_detection:/opt/ros/humble /usr/bin/cmake /home/kaibuchisoma/robocon_ws/src/sllidar_ros2 -DCMAKE_INSTALL_PREFIX=/home/kaibuchisoma/robocon_ws/install/sllidar_ros2
[1.959s] DEBUG:colcon.colcon_core.event_handler.log_command:Invoking command in '/home/kaibuchisoma/robocon_ws/build/time_practice': CMAKE_PREFIX_PATH=${CMAKE_PREFIX_PATH}:/home/kaibuchisoma/robocon_ws/install/fruit_detection:/opt/ros/humble /usr/bin/cmake /home/kaibuchisoma/robocon_ws/src/time_practice -DCMAKE_INSTALL_PREFIX=/home/kaibuchisoma/robocon_ws/install/time_practice
[1.964s] DEBUG:colcon.colcon_core.event_handler.log_command:Invoking command in '/home/kaibuchisoma/robocon_ws/build/usb920_ver2': CMAKE_PREFIX_PATH=${CMAKE_PREFIX_PATH}:/home/kaibuchisoma/robocon_ws/install/fruit_detection:/opt/ros/humble /usr/bin/cmake /home/kaibuchisoma/robocon_ws/src/usb920_ver2 -DCMAKE_INSTALL_PREFIX=/home/kaibuchisoma/robocon_ws/install/usb920_ver2
[2.385s] DEBUG:colcon.colcon_core.event_handler.log_command:Invoking command in '/home/kaibuchisoma/robocon_ws/src/fruit_detection': PYTHONPATH=/home/kaibuchisoma/robocon_ws/build/fruit_detection/prefix_override:/home/kaibuchisoma/robocon_ws/install/fruit_detection/lib/python3.10/site-packages:${PYTHONPATH} /usr/bin/python3 setup.py egg_info --egg-base ../../build/fruit_detection build --build-base /home/kaibuchisoma/robocon_ws/build/fruit_detection/build install --record /home/kaibuchisoma/robocon_ws/build/fruit_detection/install.log --single-version-externally-managed
[2.729s] DEBUG:colcon.colcon_core.event_handler.log_command:Invoked command in '/home/kaibuchisoma/robocon_ws/src/fruit_detection' returned '0': PYTHONPATH=/home/kaibuchisoma/robocon_ws/build/fruit_detection/prefix_override:/home/kaibuchisoma/robocon_ws/install/fruit_detection/lib/python3.10/site-packages:${PYTHONPATH} /usr/bin/python3 setup.py egg_info --egg-base ../../build/fruit_detection build --build-base /home/kaibuchisoma/robocon_ws/build/fruit_detection/build install --record /home/kaibuchisoma/robocon_ws/build/fruit_detection/install.log --single-version-externally-managed
[2.746s] Level 1:colcon.colcon_core.environment:checking '/home/kaibuchisoma/robocon_ws/install/fruit_detection' for CMake module files
[2.746s] Level 1:colcon.colcon_core.environment:checking '/home/kaibuchisoma/robocon_ws/install/fruit_detection' for CMake config files
[2.747s] Level 1:colcon.colcon_core.environment:checking '/home/kaibuchisoma/robocon_ws/install/fruit_detection/lib'
[2.747s] Level 1:colcon.colcon_core.environment:checking '/home/kaibuchisoma/robocon_ws/install/fruit_detection/bin'
[2.747s] Level 1:colcon.colcon_core.environment:checking '/home/kaibuchisoma/robocon_ws/install/fruit_detection/lib/pkgconfig/fruit_detection.pc'
[2.747s] Level 1:colcon.colcon_core.environment:checking '/home/kaibuchisoma/robocon_ws/install/fruit_detection/lib/python3.10/site-packages'
[2.747s] Level 1:colcon.colcon_core.shell:create_environment_hook('fruit_detection', 'pythonpath')
[2.765s] INFO:colcon.colcon_core.shell:Creating environment hook '/home/kaibuchisoma/robocon_ws/install/fruit_detection/share/fruit_detection/hook/pythonpath.ps1'
[2.765s] INFO:colcon.colcon_core.shell:Creating environment descriptor '/home/kaibuchisoma/robocon_ws/install/fruit_detection/share/fruit_detection/hook/pythonpath.dsv'
[2.765s] INFO:colcon.colcon_core.shell:Creating environment hook '/home/kaibuchisoma/robocon_ws/install/fruit_detection/share/fruit_detection/hook/pythonpath.sh'
[2.766s] Level 1:colcon.colcon_core.environment:checking '/home/kaibuchisoma/robocon_ws/install/fruit_detection/bin'
[2.766s] Level 1:colcon.colcon_core.environment:create_environment_scripts_only(fruit_detection)
[2.780s] INFO:colcon.colcon_core.shell:Creating package script '/home/kaibuchisoma/robocon_ws/install/fruit_detection/share/fruit_detection/package.ps1'
[2.781s] INFO:colcon.colcon_core.shell:Creating package descriptor '/home/kaibuchisoma/robocon_ws/install/fruit_detection/share/fruit_detection/package.dsv'
[2.782s] INFO:colcon.colcon_core.shell:Creating package script '/home/kaibuchisoma/robocon_ws/install/fruit_detection/share/fruit_detection/package.sh'
[2.782s] INFO:colcon.colcon_core.shell:Creating package script '/home/kaibuchisoma/robocon_ws/install/fruit_detection/share/fruit_detection/package.bash'
[2.783s] INFO:colcon.colcon_core.shell:Creating package script '/home/kaibuchisoma/robocon_ws/install/fruit_detection/share/fruit_detection/package.zsh'
[2.784s] Level 1:colcon.colcon_core.environment:create_file_with_runtime_dependencies(/home/kaibuchisoma/robocon_ws/install/fruit_detection/share/colcon-core/packages/fruit_detection)
[3.781s] DEBUG:colcon.colcon_core.event_handler.log_command:Invoked command in '/home/kaibuchisoma/robocon_ws/build/time_practice' returned '0': CMAKE_PREFIX_PATH=${CMAKE_PREFIX_PATH}:/home/kaibuchisoma/robocon_ws/install/fruit_detection:/opt/ros/humble /usr/bin/cmake /home/kaibuchisoma/robocon_ws/src/time_practice -DCMAKE_INSTALL_PREFIX=/home/kaibuchisoma/robocon_ws/install/time_practice
[3.782s] DEBUG:colcon.colcon_core.event_handler.log_command:Invoking command in '/home/kaibuchisoma/robocon_ws/build/time_practice': CMAKE_PREFIX_PATH=${CMAKE_PREFIX_PATH}:/home/kaibuchisoma/robocon_ws/install/fruit_detection:/opt/ros/humble /usr/bin/cmake --build /home/kaibuchisoma/robocon_ws/build/time_practice -- -j12 -l12
[3.885s] DEBUG:colcon.colcon_core.event_handler.log_command:Invoked command in '/home/kaibuchisoma/robocon_ws/build/time_practice' returned '0': CMAKE_PREFIX_PATH=${CMAKE_PREFIX_PATH}:/home/kaibuchisoma/robocon_ws/install/fruit_detection:/opt/ros/humble /usr/bin/cmake --build /home/kaibuchisoma/robocon_ws/build/time_practice -- -j12 -l12
[3.915s] DEBUG:colcon.colcon_core.event_handler.log_command:Invoked command in '/home/kaibuchisoma/robocon_ws/build/usb920_ver2' returned '0': CMAKE_PREFIX_PATH=${CMAKE_PREFIX_PATH}:/home/kaibuchisoma/robocon_ws/install/fruit_detection:/opt/ros/humble /usr/bin/cmake /home/kaibuchisoma/robocon_ws/src/usb920_ver2 -DCMAKE_INSTALL_PREFIX=/home/kaibuchisoma/robocon_ws/install/usb920_ver2
[3.918s] DEBUG:colcon.colcon_core.event_handler.log_command:Invoking command in '/home/kaibuchisoma/robocon_ws/build/usb920_ver2': CMAKE_PREFIX_PATH=${CMAKE_PREFIX_PATH}:/home/kaibuchisoma/robocon_ws/install/fruit_detection:/opt/ros/humble /usr/bin/cmake --build /home/kaibuchisoma/robocon_ws/build/usb920_ver2 -- -j12 -l12
[3.931s] DEBUG:colcon.colcon_core.event_handler.log_command:Invoking command in '/home/kaibuchisoma/robocon_ws/build/time_practice': CMAKE_PREFIX_PATH=${CMAKE_PREFIX_PATH}:/home/kaibuchisoma/robocon_ws/install/fruit_detection:/opt/ros/humble /usr/bin/cmake --install /home/kaibuchisoma/robocon_ws/build/time_practice
[3.944s] Level 1:colcon.colcon_core.environment:create_environment_scripts_only(time_practice)
[3.945s] DEBUG:colcon.colcon_core.event_handler.log_command:Invoked command in '/home/kaibuchisoma/robocon_ws/build/time_practice' returned '0': CMAKE_PREFIX_PATH=${CMAKE_PREFIX_PATH}:/home/kaibuchisoma/robocon_ws/install/fruit_detection:/opt/ros/humble /usr/bin/cmake --install /home/kaibuchisoma/robocon_ws/build/time_practice
[3.968s] Level 1:colcon.colcon_core.environment:checking '/home/kaibuchisoma/robocon_ws/install/time_practice' for CMake module files
[3.968s] Level 1:colcon.colcon_core.environment:checking '/home/kaibuchisoma/robocon_ws/install/time_practice' for CMake config files
[3.969s] Level 1:colcon.colcon_core.shell:create_environment_hook('time_practice', 'cmake_prefix_path')
[3.987s] INFO:colcon.colcon_core.shell:Creating environment hook '/home/kaibuchisoma/robocon_ws/install/time_practice/share/time_practice/hook/cmake_prefix_path.ps1'
[3.988s] INFO:colcon.colcon_core.shell:Creating environment descriptor '/home/kaibuchisoma/robocon_ws/install/time_practice/share/time_practice/hook/cmake_prefix_path.dsv'
[3.988s] INFO:colcon.colcon_core.shell:Creating environment hook '/home/kaibuchisoma/robocon_ws/install/time_practice/share/time_practice/hook/cmake_prefix_path.sh'
[3.989s] Level 1:colcon.colcon_core.environment:checking '/home/kaibuchisoma/robocon_ws/install/time_practice/lib'
[3.989s] Level 1:colcon.colcon_core.environment:checking '/home/kaibuchisoma/robocon_ws/install/time_practice/bin'
[3.989s] Level 1:colcon.colcon_core.environment:checking '/home/kaibuchisoma/robocon_ws/install/time_practice/lib/pkgconfig/time_practice.pc'
[3.990s] Level 1:colcon.colcon_core.environment:checking '/home/kaibuchisoma/robocon_ws/install/time_practice/lib/python3.10/site-packages'
[3.990s] Level 1:colcon.colcon_core.environment:checking '/home/kaibuchisoma/robocon_ws/install/time_practice/bin'
[4.009s] INFO:colcon.colcon_core.shell:Creating package script '/home/kaibuchisoma/robocon_ws/install/time_practice/share/time_practice/package.ps1'
[4.010s] INFO:colcon.colcon_core.shell:Creating package descriptor '/home/kaibuchisoma/robocon_ws/install/time_practice/share/time_practice/package.dsv'
[4.010s] INFO:colcon.colcon_core.shell:Creating package script '/home/kaibuchisoma/robocon_ws/install/time_practice/share/time_practice/package.sh'
[4.011s] INFO:colcon.colcon_core.shell:Creating package script '/home/kaibuchisoma/robocon_ws/install/time_practice/share/time_practice/package.bash'
[4.011s] INFO:colcon.colcon_core.shell:Creating package script '/home/kaibuchisoma/robocon_ws/install/time_practice/share/time_practice/package.zsh'
[4.012s] Level 1:colcon.colcon_core.environment:create_file_with_runtime_dependencies(/home/kaibuchisoma/robocon_ws/install/time_practice/share/colcon-core/packages/time_practice)
[4.014s] DEBUG:colcon.colcon_core.event_handler.log_command:Invoked command in '/home/kaibuchisoma/robocon_ws/build/robocon2023_b_dash_receiver' returned '0': CMAKE_PREFIX_PATH=${CMAKE_PREFIX_PATH}:/home/kaibuchisoma/robocon_ws/install/fruit_detection:/opt/ros/humble /usr/bin/cmake /home/kaibuchisoma/robocon_ws/src/robocon2023_b_dash_receiver -DCMAKE_INSTALL_PREFIX=/home/kaibuchisoma/robocon_ws/install/robocon2023_b_dash_receiver
[4.016s] DEBUG:colcon.colcon_core.event_handler.log_command:Invoking command in '/home/kaibuchisoma/robocon_ws/build/robocon2023_b_dash_receiver': CMAKE_PREFIX_PATH=${CMAKE_PREFIX_PATH}:/home/kaibuchisoma/robocon_ws/install/fruit_detection:/opt/ros/humble /usr/bin/cmake --build /home/kaibuchisoma/robocon_ws/build/robocon2023_b_dash_receiver -- -j12 -l12
[4.019s] DEBUG:colcon.colcon_core.event_handler.log_command:Invoked command in '/home/kaibuchisoma/robocon_ws/build/sllidar_ros2' returned '0': CMAKE_PREFIX_PATH=${CMAKE_PREFIX_PATH}:/home/kaibuchisoma/robocon_ws/install/fruit_detection:/opt/ros/humble /usr/bin/cmake /home/kaibuchisoma/robocon_ws/src/sllidar_ros2 -DCMAKE_INSTALL_PREFIX=/home/kaibuchisoma/robocon_ws/install/sllidar_ros2
[4.021s] DEBUG:colcon.colcon_core.event_handler.log_command:Invoking command in '/home/kaibuchisoma/robocon_ws/build/sllidar_ros2': CMAKE_PREFIX_PATH=${CMAKE_PREFIX_PATH}:/home/kaibuchisoma/robocon_ws/install/fruit_detection:/opt/ros/humble /usr/bin/cmake --build /home/kaibuchisoma/robocon_ws/build/sllidar_ros2 -- -j12 -l12
[4.021s] DEBUG:colcon.colcon_core.event_handler.log_command:Invoked command in '/home/kaibuchisoma/robocon_ws/build/usb920_ver2' returned '0': CMAKE_PREFIX_PATH=${CMAKE_PREFIX_PATH}:/home/kaibuchisoma/robocon_ws/install/fruit_detection:/opt/ros/humble /usr/bin/cmake --build /home/kaibuchisoma/robocon_ws/build/usb920_ver2 -- -j12 -l12
[4.037s] DEBUG:colcon.colcon_core.event_handler.log_command:Invoked command in '/home/kaibuchisoma/robocon_ws/build/robocon2023_b_dash_transceiver' returned '0': CMAKE_PREFIX_PATH=${CMAKE_PREFIX_PATH}:/home/kaibuchisoma/robocon_ws/install/fruit_detection:/opt/ros/humble /usr/bin/cmake /home/kaibuchisoma/robocon_ws/src/robocon2023_b_dash_transceiver -DCMAKE_INSTALL_PREFIX=/home/kaibuchisoma/robocon_ws/install/robocon2023_b_dash_transceiver
[4.039s] DEBUG:colcon.colcon_core.event_handler.log_command:Invoking command in '/home/kaibuchisoma/robocon_ws/build/robocon2023_b_dash_transceiver': CMAKE_PREFIX_PATH=${CMAKE_PREFIX_PATH}:/home/kaibuchisoma/robocon_ws/install/fruit_detection:/opt/ros/humble /usr/bin/cmake --build /home/kaibuchisoma/robocon_ws/build/robocon2023_b_dash_transceiver -- -j12 -l12
[4.069s] Level 1:colcon.colcon_core.environment:create_environment_scripts_only(time_practice)
[4.098s] Level 1:colcon.colcon_core.environment:checking '/home/kaibuchisoma/robocon_ws/install/time_practice' for CMake module files
[4.103s] Level 1:colcon.colcon_core.environment:checking '/home/kaibuchisoma/robocon_ws/install/time_practice' for CMake config files
[4.103s] Level 1:colcon.colcon_core.shell:create_environment_hook('time_practice', 'cmake_prefix_path')
[4.151s] INFO:colcon.colcon_core.shell:Creating environment hook '/home/kaibuchisoma/robocon_ws/install/time_practice/share/time_practice/hook/cmake_prefix_path.ps1'
[4.152s] INFO:colcon.colcon_core.shell:Creating environment descriptor '/home/kaibuchisoma/robocon_ws/install/time_practice/share/time_practice/hook/cmake_prefix_path.dsv'
[4.152s] INFO:colcon.colcon_core.shell:Creating environment hook '/home/kaibuchisoma/robocon_ws/install/time_practice/share/time_practice/hook/cmake_prefix_path.sh'
[4.152s] Level 1:colcon.colcon_core.environment:checking '/home/kaibuchisoma/robocon_ws/install/time_practice/lib'
[4.153s] Level 1:colcon.colcon_core.environment:checking '/home/kaibuchisoma/robocon_ws/install/time_practice/bin'
[4.153s] Level 1:colcon.colcon_core.environment:checking '/home/kaibuchisoma/robocon_ws/install/time_practice/lib/pkgconfig/time_practice.pc'
[4.153s] Level 1:colcon.colcon_core.environment:checking '/home/kaibuchisoma/robocon_ws/install/time_practice/lib/python3.10/site-packages'
[4.153s] Level 1:colcon.colcon_core.environment:checking '/home/kaibuchisoma/robocon_ws/install/time_practice/bin'
[4.168s] INFO:colcon.colcon_core.shell:Creating package script '/home/kaibuchisoma/robocon_ws/install/time_practice/share/time_practice/package.ps1'
[4.168s] INFO:colcon.colcon_core.shell:Creating package descriptor '/home/kaibuchisoma/robocon_ws/install/time_practice/share/time_practice/package.dsv'
[4.169s] INFO:colcon.colcon_core.shell:Creating package script '/home/kaibuchisoma/robocon_ws/install/time_practice/share/time_practice/package.sh'
[4.169s] INFO:colcon.colcon_core.shell:Creating package script '/home/kaibuchisoma/robocon_ws/install/time_practice/share/time_practice/package.bash'
[4.169s] INFO:colcon.colcon_core.shell:Creating package script '/home/kaibuchisoma/robocon_ws/install/time_practice/share/time_practice/package.zsh'
[4.170s] Level 1:colcon.colcon_core.environment:create_file_with_runtime_dependencies(/home/kaibuchisoma/robocon_ws/install/time_practice/share/colcon-core/packages/time_practice)
[4.172s] DEBUG:colcon.colcon_core.event_handler.log_command:Invoked command in '/home/kaibuchisoma/robocon_ws/build/ros_to_kimd' returned '0': CMAKE_PREFIX_PATH=${CMAKE_PREFIX_PATH}:/home/kaibuchisoma/robocon_ws/install/fruit_detection:/opt/ros/humble /usr/bin/cmake /home/kaibuchisoma/robocon_ws/src/ros_to_kimd -DCMAKE_INSTALL_PREFIX=/home/kaibuchisoma/robocon_ws/install/ros_to_kimd
[4.173s] DEBUG:colcon.colcon_core.event_handler.log_command:Invoking command in '/home/kaibuchisoma/robocon_ws/build/ros_to_kimd': CMAKE_PREFIX_PATH=${CMAKE_PREFIX_PATH}:/home/kaibuchisoma/robocon_ws/install/fruit_detection:/opt/ros/humble /usr/bin/cmake --build /home/kaibuchisoma/robocon_ws/build/ros_to_kimd -- -j12 -l12
[4.174s] DEBUG:colcon.colcon_core.event_handler.log_command:Invoked command in '/home/kaibuchisoma/robocon_ws/build/robocon2023_b_dash_receiver' returned '0': CMAKE_PREFIX_PATH=${CMAKE_PREFIX_PATH}:/home/kaibuchisoma/robocon_ws/install/fruit_detection:/opt/ros/humble /usr/bin/cmake --build /home/kaibuchisoma/robocon_ws/build/robocon2023_b_dash_receiver -- -j12 -l12
[4.175s] DEBUG:colcon.colcon_core.event_handler.log_command:Invoked command in '/home/kaibuchisoma/robocon_ws/build/sllidar_ros2' returned '0': CMAKE_PREFIX_PATH=${CMAKE_PREFIX_PATH}:/home/kaibuchisoma/robocon_ws/install/fruit_detection:/opt/ros/humble /usr/bin/cmake --build /home/kaibuchisoma/robocon_ws/build/sllidar_ros2 -- -j12 -l12
[4.177s] DEBUG:colcon.colcon_core.event_handler.log_command:Invoking command in '/home/kaibuchisoma/robocon_ws/build/usb920_ver2': CMAKE_PREFIX_PATH=${CMAKE_PREFIX_PATH}:/home/kaibuchisoma/robocon_ws/install/fruit_detection:/opt/ros/humble /usr/bin/cmake --install /home/kaibuchisoma/robocon_ws/build/usb920_ver2
[4.178s] DEBUG:colcon.colcon_core.event_handler.log_command:Invoked command in '/home/kaibuchisoma/robocon_ws/build/robocon2023_b_dash' returned '0': CMAKE_PREFIX_PATH=${CMAKE_PREFIX_PATH}:/home/kaibuchisoma/robocon_ws/install/fruit_detection:/opt/ros/humble /usr/bin/cmake /home/kaibuchisoma/robocon_ws/src/robocon2023_b_dash -DCMAKE_INSTALL_PREFIX=/home/kaibuchisoma/robocon_ws/install/robocon2023_b_dash
[4.179s] DEBUG:colcon.colcon_core.event_handler.log_command:Invoking command in '/home/kaibuchisoma/robocon_ws/build/robocon2023_b_dash': CMAKE_PREFIX_PATH=${CMAKE_PREFIX_PATH}:/home/kaibuchisoma/robocon_ws/install/fruit_detection:/opt/ros/humble /usr/bin/cmake --build /home/kaibuchisoma/robocon_ws/build/robocon2023_b_dash -- -j12 -l12
[4.180s] DEBUG:colcon.colcon_core.event_handler.log_command:Invoked command in '/home/kaibuchisoma/robocon_ws/build/robocon2023_b_dash_transceiver' returned '0': CMAKE_PREFIX_PATH=${CMAKE_PREFIX_PATH}:/home/kaibuchisoma/robocon_ws/install/fruit_detection:/opt/ros/humble /usr/bin/cmake --build /home/kaibuchisoma/robocon_ws/build/robocon2023_b_dash_transceiver -- -j12 -l12
[4.189s] Level 1:colcon.colcon_core.environment:create_environment_scripts_only(usb920_ver2)
[4.190s] DEBUG:colcon.colcon_core.event_handler.log_command:Invoked command in '/home/kaibuchisoma/robocon_ws/build/usb920_ver2' returned '0': CMAKE_PREFIX_PATH=${CMAKE_PREFIX_PATH}:/home/kaibuchisoma/robocon_ws/install/fruit_detection:/opt/ros/humble /usr/bin/cmake --install /home/kaibuchisoma/robocon_ws/build/usb920_ver2
[4.213s] Level 1:colcon.colcon_core.environment:checking '/home/kaibuchisoma/robocon_ws/install/usb920_ver2' for CMake module files
[4.214s] Level 1:colcon.colcon_core.environment:checking '/home/kaibuchisoma/robocon_ws/install/usb920_ver2' for CMake config files
[4.214s] Level 1:colcon.colcon_core.shell:create_environment_hook('usb920_ver2', 'cmake_prefix_path')
[4.246s] INFO:colcon.colcon_core.shell:Creating environment hook '/home/kaibuchisoma/robocon_ws/install/usb920_ver2/share/usb920_ver2/hook/cmake_prefix_path.ps1'
[4.247s] INFO:colcon.colcon_core.shell:Creating environment descriptor '/home/kaibuchisoma/robocon_ws/install/usb920_ver2/share/usb920_ver2/hook/cmake_prefix_path.dsv'
[4.248s] INFO:colcon.colcon_core.shell:Creating environment hook '/home/kaibuchisoma/robocon_ws/install/usb920_ver2/share/usb920_ver2/hook/cmake_prefix_path.sh'
[4.249s] Level 1:colcon.colcon_core.environment:checking '/home/kaibuchisoma/robocon_ws/install/usb920_ver2/lib'
[4.249s] Level 1:colcon.colcon_core.environment:checking '/home/kaibuchisoma/robocon_ws/install/usb920_ver2/bin'
[4.249s] Level 1:colcon.colcon_core.environment:checking '/home/kaibuchisoma/robocon_ws/install/usb920_ver2/lib/pkgconfig/usb920_ver2.pc'
[4.250s] Level 1:colcon.colcon_core.environment:checking '/home/kaibuchisoma/robocon_ws/install/usb920_ver2/lib/python3.10/site-packages'
[4.250s] Level 1:colcon.colcon_core.environment:checking '/home/kaibuchisoma/robocon_ws/install/usb920_ver2/bin'
[4.285s] INFO:colcon.colcon_core.shell:Creating package script '/home/kaibuchisoma/robocon_ws/install/usb920_ver2/share/usb920_ver2/package.ps1'
[4.286s] INFO:colcon.colcon_core.shell:Creating package descriptor '/home/kaibuchisoma/robocon_ws/install/usb920_ver2/share/usb920_ver2/package.dsv'
[4.286s] INFO:colcon.colcon_core.shell:Creating package script '/home/kaibuchisoma/robocon_ws/install/usb920_ver2/share/usb920_ver2/package.sh'
[4.287s] INFO:colcon.colcon_core.shell:Creating package script '/home/kaibuchisoma/robocon_ws/install/usb920_ver2/share/usb920_ver2/package.bash'
[4.288s] INFO:colcon.colcon_core.shell:Creating package script '/home/kaibuchisoma/robocon_ws/install/usb920_ver2/share/usb920_ver2/package.zsh'
[4.288s] Level 1:colcon.colcon_core.environment:create_file_with_runtime_dependencies(/home/kaibuchisoma/robocon_ws/install/usb920_ver2/share/colcon-core/packages/usb920_ver2)
[4.306s] DEBUG:colcon.colcon_core.event_handler.log_command:Invoking command in '/home/kaibuchisoma/robocon_ws/build/robocon2023_b_dash_receiver': CMAKE_PREFIX_PATH=${CMAKE_PREFIX_PATH}:/home/kaibuchisoma/robocon_ws/install/fruit_detection:/opt/ros/humble /usr/bin/cmake --install /home/kaibuchisoma/robocon_ws/build/robocon2023_b_dash_receiver
[4.310s] DEBUG:colcon.colcon_core.event_handler.log_command:Invoking command in '/home/kaibuchisoma/robocon_ws/build/robocon2023_b_dash_transceiver': CMAKE_PREFIX_PATH=${CMAKE_PREFIX_PATH}:/home/kaibuchisoma/robocon_ws/install/fruit_detection:/opt/ros/humble /usr/bin/cmake --install /home/kaibuchisoma/robocon_ws/build/robocon2023_b_dash_transceiver
[4.319s] DEBUG:colcon.colcon_core.event_handler.log_command:Invoking command in '/home/kaibuchisoma/robocon_ws/build/sllidar_ros2': CMAKE_PREFIX_PATH=${CMAKE_PREFIX_PATH}:/home/kaibuchisoma/robocon_ws/install/fruit_detection:/opt/ros/humble /usr/bin/cmake --install /home/kaibuchisoma/robocon_ws/build/sllidar_ros2
[4.326s] DEBUG:colcon.colcon_core.event_handler.log_command:Invoked command in '/home/kaibuchisoma/robocon_ws/build/ros_to_kimd' returned '0': CMAKE_PREFIX_PATH=${CMAKE_PREFIX_PATH}:/home/kaibuchisoma/robocon_ws/install/fruit_detection:/opt/ros/humble /usr/bin/cmake --build /home/kaibuchisoma/robocon_ws/build/ros_to_kimd -- -j12 -l12
[4.331s] Level 1:colcon.colcon_core.environment:create_environment_scripts_only(robocon2023_b_dash_receiver)
[4.336s] DEBUG:colcon.colcon_core.event_handler.log_command:Invoked command in '/home/kaibuchisoma/robocon_ws/build/robocon2023_b_dash_receiver' returned '0': CMAKE_PREFIX_PATH=${CMAKE_PREFIX_PATH}:/home/kaibuchisoma/robocon_ws/install/fruit_detection:/opt/ros/humble /usr/bin/cmake --install /home/kaibuchisoma/robocon_ws/build/robocon2023_b_dash_receiver
[4.371s] Level 1:colcon.colcon_core.environment:checking '/home/kaibuchisoma/robocon_ws/install/robocon2023_b_dash_receiver' for CMake module files
[4.372s] Level 1:colcon.colcon_core.environment:checking '/home/kaibuchisoma/robocon_ws/install/robocon2023_b_dash_receiver' for CMake config files
[4.372s] Level 1:colcon.colcon_core.shell:create_environment_hook('robocon2023_b_dash_receiver', 'cmake_prefix_path')
[4.398s] INFO:colcon.colcon_core.shell:Creating environment hook '/home/kaibuchisoma/robocon_ws/install/robocon2023_b_dash_receiver/share/robocon2023_b_dash_receiver/hook/cmake_prefix_path.ps1'
[4.398s] INFO:colcon.colcon_core.shell:Creating environment descriptor '/home/kaibuchisoma/robocon_ws/install/robocon2023_b_dash_receiver/share/robocon2023_b_dash_receiver/hook/cmake_prefix_path.dsv'
[4.399s] INFO:colcon.colcon_core.shell:Creating environment hook '/home/kaibuchisoma/robocon_ws/install/robocon2023_b_dash_receiver/share/robocon2023_b_dash_receiver/hook/cmake_prefix_path.sh'
[4.400s] Level 1:colcon.colcon_core.environment:checking '/home/kaibuchisoma/robocon_ws/install/robocon2023_b_dash_receiver/lib'
[4.400s] Level 1:colcon.colcon_core.environment:checking '/home/kaibuchisoma/robocon_ws/install/robocon2023_b_dash_receiver/bin'
[4.400s] Level 1:colcon.colcon_core.environment:checking '/home/kaibuchisoma/robocon_ws/install/robocon2023_b_dash_receiver/lib/pkgconfig/robocon2023_b_dash_receiver.pc'
[4.400s] Level 1:colcon.colcon_core.environment:checking '/home/kaibuchisoma/robocon_ws/install/robocon2023_b_dash_receiver/lib/python3.10/site-packages'
[4.400s] Level 1:colcon.colcon_core.environment:checking '/home/kaibuchisoma/robocon_ws/install/robocon2023_b_dash_receiver/bin'
[4.419s] INFO:colcon.colcon_core.shell:Creating package script '/home/kaibuchisoma/robocon_ws/install/robocon2023_b_dash_receiver/share/robocon2023_b_dash_receiver/package.ps1'
[4.419s] INFO:colcon.colcon_core.shell:Creating package descriptor '/home/kaibuchisoma/robocon_ws/install/robocon2023_b_dash_receiver/share/robocon2023_b_dash_receiver/package.dsv'
[4.420s] INFO:colcon.colcon_core.shell:Creating package script '/home/kaibuchisoma/robocon_ws/install/robocon2023_b_dash_receiver/share/robocon2023_b_dash_receiver/package.sh'
[4.420s] INFO:colcon.colcon_core.shell:Creating package script '/home/kaibuchisoma/robocon_ws/install/robocon2023_b_dash_receiver/share/robocon2023_b_dash_receiver/package.bash'
[4.420s] INFO:colcon.colcon_core.shell:Creating package script '/home/kaibuchisoma/robocon_ws/install/robocon2023_b_dash_receiver/share/robocon2023_b_dash_receiver/package.zsh'
[4.421s] Level 1:colcon.colcon_core.environment:create_file_with_runtime_dependencies(/home/kaibuchisoma/robocon_ws/install/robocon2023_b_dash_receiver/share/colcon-core/packages/robocon2023_b_dash_receiver)
[4.438s] Level 1:colcon.colcon_core.environment:create_environment_scripts_only(usb920_ver2)
[4.455s] Level 1:colcon.colcon_core.environment:checking '/home/kaibuchisoma/robocon_ws/install/usb920_ver2' for CMake module files
[4.455s] Level 1:colcon.colcon_core.environment:checking '/home/kaibuchisoma/robocon_ws/install/usb920_ver2' for CMake config files
[4.456s] Level 1:colcon.colcon_core.shell:create_environment_hook('usb920_ver2', 'cmake_prefix_path')
[4.472s] INFO:colcon.colcon_core.shell:Creating environment hook '/home/kaibuchisoma/robocon_ws/install/usb920_ver2/share/usb920_ver2/hook/cmake_prefix_path.ps1'
[4.472s] INFO:colcon.colcon_core.shell:Creating environment descriptor '/home/kaibuchisoma/robocon_ws/install/usb920_ver2/share/usb920_ver2/hook/cmake_prefix_path.dsv'
[4.473s] INFO:colcon.colcon_core.shell:Creating environment hook '/home/kaibuchisoma/robocon_ws/install/usb920_ver2/share/usb920_ver2/hook/cmake_prefix_path.sh'
[4.473s] Level 1:colcon.colcon_core.environment:checking '/home/kaibuchisoma/robocon_ws/install/usb920_ver2/lib'
[4.473s] Level 1:colcon.colcon_core.environment:checking '/home/kaibuchisoma/robocon_ws/install/usb920_ver2/bin'
[4.473s] Level 1:colcon.colcon_core.environment:checking '/home/kaibuchisoma/robocon_ws/install/usb920_ver2/lib/pkgconfig/usb920_ver2.pc'
[4.474s] Level 1:colcon.colcon_core.environment:checking '/home/kaibuchisoma/robocon_ws/install/usb920_ver2/lib/python3.10/site-packages'
[4.474s] Level 1:colcon.colcon_core.environment:checking '/home/kaibuchisoma/robocon_ws/install/usb920_ver2/bin'
[4.490s] INFO:colcon.colcon_core.shell:Creating package script '/home/kaibuchisoma/robocon_ws/install/usb920_ver2/share/usb920_ver2/package.ps1'
[4.491s] INFO:colcon.colcon_core.shell:Creating package descriptor '/home/kaibuchisoma/robocon_ws/install/usb920_ver2/share/usb920_ver2/package.dsv'
[4.491s] INFO:colcon.colcon_core.shell:Creating package script '/home/kaibuchisoma/robocon_ws/install/usb920_ver2/share/usb920_ver2/package.sh'
[4.491s] INFO:colcon.colcon_core.shell:Creating package script '/home/kaibuchisoma/robocon_ws/install/usb920_ver2/share/usb920_ver2/package.bash'
[4.492s] INFO:colcon.colcon_core.shell:Creating package script '/home/kaibuchisoma/robocon_ws/install/usb920_ver2/share/usb920_ver2/package.zsh'
[4.492s] Level 1:colcon.colcon_core.environment:create_file_with_runtime_dependencies(/home/kaibuchisoma/robocon_ws/install/usb920_ver2/share/colcon-core/packages/usb920_ver2)
[4.494s] Level 1:colcon.colcon_core.environment:create_environment_scripts_only(robocon2023_b_dash_transceiver)
[4.495s] DEBUG:colcon.colcon_core.event_handler.log_command:Invoking command in '/home/kaibuchisoma/robocon_ws/build/ros_to_kimd': CMAKE_PREFIX_PATH=${CMAKE_PREFIX_PATH}:/home/kaibuchisoma/robocon_ws/install/fruit_detection:/opt/ros/humble /usr/bin/cmake --install /home/kaibuchisoma/robocon_ws/build/ros_to_kimd
[4.496s] DEBUG:colcon.colcon_core.event_handler.log_command:Invoked command in '/home/kaibuchisoma/robocon_ws/build/robocon2023_b_dash_transceiver' returned '0': CMAKE_PREFIX_PATH=${CMAKE_PREFIX_PATH}:/home/kaibuchisoma/robocon_ws/install/fruit_detection:/opt/ros/humble /usr/bin/cmake --install /home/kaibuchisoma/robocon_ws/build/robocon2023_b_dash_transceiver
[4.516s] Level 1:colcon.colcon_core.environment:checking '/home/kaibuchisoma/robocon_ws/install/robocon2023_b_dash_transceiver' for CMake module files
[4.516s] Level 1:colcon.colcon_core.environment:checking '/home/kaibuchisoma/robocon_ws/install/robocon2023_b_dash_transceiver' for CMake config files
[4.517s] Level 1:colcon.colcon_core.shell:create_environment_hook('robocon2023_b_dash_transceiver', 'cmake_prefix_path')
[4.532s] INFO:colcon.colcon_core.shell:Creating environment hook '/home/kaibuchisoma/robocon_ws/install/robocon2023_b_dash_transceiver/share/robocon2023_b_dash_transceiver/hook/cmake_prefix_path.ps1'
[4.532s] INFO:colcon.colcon_core.shell:Creating environment descriptor '/home/kaibuchisoma/robocon_ws/install/robocon2023_b_dash_transceiver/share/robocon2023_b_dash_transceiver/hook/cmake_prefix_path.dsv'
[4.533s] INFO:colcon.colcon_core.shell:Creating environment hook '/home/kaibuchisoma/robocon_ws/install/robocon2023_b_dash_transceiver/share/robocon2023_b_dash_transceiver/hook/cmake_prefix_path.sh'
[4.533s] Level 1:colcon.colcon_core.environment:checking '/home/kaibuchisoma/robocon_ws/install/robocon2023_b_dash_transceiver/lib'
[4.533s] Level 1:colcon.colcon_core.shell:create_environment_hook('robocon2023_b_dash_transceiver', 'ld_library_path_lib')
[4.548s] INFO:colcon.colcon_core.shell:Creating environment hook '/home/kaibuchisoma/robocon_ws/install/robocon2023_b_dash_transceiver/share/robocon2023_b_dash_transceiver/hook/ld_library_path_lib.ps1'
[4.549s] INFO:colcon.colcon_core.shell:Creating environment descriptor '/home/kaibuchisoma/robocon_ws/install/robocon2023_b_dash_transceiver/share/robocon2023_b_dash_transceiver/hook/ld_library_path_lib.dsv'
[4.549s] INFO:colcon.colcon_core.shell:Creating environment hook '/home/kaibuchisoma/robocon_ws/install/robocon2023_b_dash_transceiver/share/robocon2023_b_dash_transceiver/hook/ld_library_path_lib.sh'
[4.550s] Level 1:colcon.colcon_core.environment:checking '/home/kaibuchisoma/robocon_ws/install/robocon2023_b_dash_transceiver/bin'
[4.550s] Level 1:colcon.colcon_core.environment:checking '/home/kaibuchisoma/robocon_ws/install/robocon2023_b_dash_transceiver/lib/pkgconfig/robocon2023_b_dash_transceiver.pc'
[4.550s] Level 1:colcon.colcon_core.environment:checking '/home/kaibuchisoma/robocon_ws/install/robocon2023_b_dash_transceiver/lib/python3.10/site-packages'
[4.550s] Level 1:colcon.colcon_core.environment:checking '/home/kaibuchisoma/robocon_ws/install/robocon2023_b_dash_transceiver/bin'
[4.567s] INFO:colcon.colcon_core.shell:Creating package script '/home/kaibuchisoma/robocon_ws/install/robocon2023_b_dash_transceiver/share/robocon2023_b_dash_transceiver/package.ps1'
[4.568s] INFO:colcon.colcon_core.shell:Creating package descriptor '/home/kaibuchisoma/robocon_ws/install/robocon2023_b_dash_transceiver/share/robocon2023_b_dash_transceiver/package.dsv'
[4.568s] INFO:colcon.colcon_core.shell:Creating package script '/home/kaibuchisoma/robocon_ws/install/robocon2023_b_dash_transceiver/share/robocon2023_b_dash_transceiver/package.sh'
[4.569s] INFO:colcon.colcon_core.shell:Creating package script '/home/kaibuchisoma/robocon_ws/install/robocon2023_b_dash_transceiver/share/robocon2023_b_dash_transceiver/package.bash'
[4.569s] INFO:colcon.colcon_core.shell:Creating package script '/home/kaibuchisoma/robocon_ws/install/robocon2023_b_dash_transceiver/share/robocon2023_b_dash_transceiver/package.zsh'
[4.570s] Level 1:colcon.colcon_core.environment:create_file_with_runtime_dependencies(/home/kaibuchisoma/robocon_ws/install/robocon2023_b_dash_transceiver/share/colcon-core/packages/robocon2023_b_dash_transceiver)
[4.571s] Level 1:colcon.colcon_core.environment:create_environment_scripts_only(sllidar_ros2)
[4.571s] DEBUG:colcon.colcon_core.event_handler.log_command:Invoked command in '/home/kaibuchisoma/robocon_ws/build/sllidar_ros2' returned '0': CMAKE_PREFIX_PATH=${CMAKE_PREFIX_PATH}:/home/kaibuchisoma/robocon_ws/install/fruit_detection:/opt/ros/humble /usr/bin/cmake --install /home/kaibuchisoma/robocon_ws/build/sllidar_ros2
[4.588s] Level 1:colcon.colcon_core.environment:checking '/home/kaibuchisoma/robocon_ws/install/sllidar_ros2' for CMake module files
[4.589s] Level 1:colcon.colcon_core.environment:checking '/home/kaibuchisoma/robocon_ws/install/sllidar_ros2' for CMake config files
[4.589s] Level 1:colcon.colcon_core.shell:create_environment_hook('sllidar_ros2', 'cmake_prefix_path')
[4.605s] INFO:colcon.colcon_core.shell:Creating environment hook '/home/kaibuchisoma/robocon_ws/install/sllidar_ros2/share/sllidar_ros2/hook/cmake_prefix_path.ps1'
[4.605s] INFO:colcon.colcon_core.shell:Creating environment descriptor '/home/kaibuchisoma/robocon_ws/install/sllidar_ros2/share/sllidar_ros2/hook/cmake_prefix_path.dsv'
[4.605s] INFO:colcon.colcon_core.shell:Creating environment hook '/home/kaibuchisoma/robocon_ws/install/sllidar_ros2/share/sllidar_ros2/hook/cmake_prefix_path.sh'
[4.606s] Level 1:colcon.colcon_core.environment:checking '/home/kaibuchisoma/robocon_ws/install/sllidar_ros2/lib'
[4.606s] Level 1:colcon.colcon_core.environment:checking '/home/kaibuchisoma/robocon_ws/install/sllidar_ros2/bin'
[4.606s] Level 1:colcon.colcon_core.environment:checking '/home/kaibuchisoma/robocon_ws/install/sllidar_ros2/lib/pkgconfig/sllidar_ros2.pc'
[4.606s] Level 1:colcon.colcon_core.environment:checking '/home/kaibuchisoma/robocon_ws/install/sllidar_ros2/lib/python3.10/site-packages'
[4.607s] Level 1:colcon.colcon_core.environment:checking '/home/kaibuchisoma/robocon_ws/install/sllidar_ros2/bin'
[4.623s] INFO:colcon.colcon_core.shell:Creating package script '/home/kaibuchisoma/robocon_ws/install/sllidar_ros2/share/sllidar_ros2/package.ps1'
[4.623s] INFO:colcon.colcon_core.shell:Creating package descriptor '/home/kaibuchisoma/robocon_ws/install/sllidar_ros2/share/sllidar_ros2/package.dsv'
[4.623s] INFO:colcon.colcon_core.shell:Creating package script '/home/kaibuchisoma/robocon_ws/install/sllidar_ros2/share/sllidar_ros2/package.sh'
[4.624s] INFO:colcon.colcon_core.shell:Creating package script '/home/kaibuchisoma/robocon_ws/install/sllidar_ros2/share/sllidar_ros2/package.bash'
[4.624s] INFO:colcon.colcon_core.shell:Creating package script '/home/kaibuchisoma/robocon_ws/install/sllidar_ros2/share/sllidar_ros2/package.zsh'
[4.624s] Level 1:colcon.colcon_core.environment:create_file_with_runtime_dependencies(/home/kaibuchisoma/robocon_ws/install/sllidar_ros2/share/colcon-core/packages/sllidar_ros2)
[4.642s] Level 1:colcon.colcon_core.environment:create_environment_scripts_only(robocon2023_b_dash_receiver)
[4.658s] Level 1:colcon.colcon_core.environment:checking '/home/kaibuchisoma/robocon_ws/install/robocon2023_b_dash_receiver' for CMake module files
[4.659s] Level 1:colcon.colcon_core.environment:checking '/home/kaibuchisoma/robocon_ws/install/robocon2023_b_dash_receiver' for CMake config files
[4.659s] Level 1:colcon.colcon_core.shell:create_environment_hook('robocon2023_b_dash_receiver', 'cmake_prefix_path')
[4.675s] INFO:colcon.colcon_core.shell:Creating environment hook '/home/kaibuchisoma/robocon_ws/install/robocon2023_b_dash_receiver/share/robocon2023_b_dash_receiver/hook/cmake_prefix_path.ps1'
[4.675s] INFO:colcon.colcon_core.shell:Creating environment descriptor '/home/kaibuchisoma/robocon_ws/install/robocon2023_b_dash_receiver/share/robocon2023_b_dash_receiver/hook/cmake_prefix_path.dsv'
[4.676s] INFO:colcon.colcon_core.shell:Creating environment hook '/home/kaibuchisoma/robocon_ws/install/robocon2023_b_dash_receiver/share/robocon2023_b_dash_receiver/hook/cmake_prefix_path.sh'
[4.676s] Level 1:colcon.colcon_core.environment:checking '/home/kaibuchisoma/robocon_ws/install/robocon2023_b_dash_receiver/lib'
[4.676s] Level 1:colcon.colcon_core.environment:checking '/home/kaibuchisoma/robocon_ws/install/robocon2023_b_dash_receiver/bin'
[4.677s] Level 1:colcon.colcon_core.environment:checking '/home/kaibuchisoma/robocon_ws/install/robocon2023_b_dash_receiver/lib/pkgconfig/robocon2023_b_dash_receiver.pc'
[4.677s] Level 1:colcon.colcon_core.environment:checking '/home/kaibuchisoma/robocon_ws/install/robocon2023_b_dash_receiver/lib/python3.10/site-packages'
[4.677s] Level 1:colcon.colcon_core.environment:checking '/home/kaibuchisoma/robocon_ws/install/robocon2023_b_dash_receiver/bin'
[4.693s] INFO:colcon.colcon_core.shell:Creating package script '/home/kaibuchisoma/robocon_ws/install/robocon2023_b_dash_receiver/share/robocon2023_b_dash_receiver/package.ps1'
[4.694s] INFO:colcon.colcon_core.shell:Creating package descriptor '/home/kaibuchisoma/robocon_ws/install/robocon2023_b_dash_receiver/share/robocon2023_b_dash_receiver/package.dsv'
[4.694s] INFO:colcon.colcon_core.shell:Creating package script '/home/kaibuchisoma/robocon_ws/install/robocon2023_b_dash_receiver/share/robocon2023_b_dash_receiver/package.sh'
[4.695s] INFO:colcon.colcon_core.shell:Creating package script '/home/kaibuchisoma/robocon_ws/install/robocon2023_b_dash_receiver/share/robocon2023_b_dash_receiver/package.bash'
[4.695s] INFO:colcon.colcon_core.shell:Creating package script '/home/kaibuchisoma/robocon_ws/install/robocon2023_b_dash_receiver/share/robocon2023_b_dash_receiver/package.zsh'
[4.696s] Level 1:colcon.colcon_core.environment:create_file_with_runtime_dependencies(/home/kaibuchisoma/robocon_ws/install/robocon2023_b_dash_receiver/share/colcon-core/packages/robocon2023_b_dash_receiver)
[4.697s] Level 1:colcon.colcon_core.environment:create_environment_scripts_only(ros_to_kimd)
[4.697s] DEBUG:colcon.colcon_core.event_handler.log_command:Invoked command in '/home/kaibuchisoma/robocon_ws/build/ros_to_kimd' returned '0': CMAKE_PREFIX_PATH=${CMAKE_PREFIX_PATH}:/home/kaibuchisoma/robocon_ws/install/fruit_detection:/opt/ros/humble /usr/bin/cmake --install /home/kaibuchisoma/robocon_ws/build/ros_to_kimd
[4.714s] Level 1:colcon.colcon_core.environment:checking '/home/kaibuchisoma/robocon_ws/install/ros_to_kimd' for CMake module files
[4.715s] Level 1:colcon.colcon_core.environment:checking '/home/kaibuchisoma/robocon_ws/install/ros_to_kimd' for CMake config files
[4.715s] Level 1:colcon.colcon_core.shell:create_environment_hook('ros_to_kimd', 'cmake_prefix_path')
[4.730s] INFO:colcon.colcon_core.shell:Creating environment hook '/home/kaibuchisoma/robocon_ws/install/ros_to_kimd/share/ros_to_kimd/hook/cmake_prefix_path.ps1'
[4.731s] INFO:colcon.colcon_core.shell:Creating environment descriptor '/home/kaibuchisoma/robocon_ws/install/ros_to_kimd/share/ros_to_kimd/hook/cmake_prefix_path.dsv'
[4.731s] INFO:colcon.colcon_core.shell:Creating environment hook '/home/kaibuchisoma/robocon_ws/install/ros_to_kimd/share/ros_to_kimd/hook/cmake_prefix_path.sh'
[4.732s] Level 1:colcon.colcon_core.environment:checking '/home/kaibuchisoma/robocon_ws/install/ros_to_kimd/lib'
[4.732s] Level 1:colcon.colcon_core.environment:checking '/home/kaibuchisoma/robocon_ws/install/ros_to_kimd/bin'
[4.732s] Level 1:colcon.colcon_core.environment:checking '/home/kaibuchisoma/robocon_ws/install/ros_to_kimd/lib/pkgconfig/ros_to_kimd.pc'
[4.732s] Level 1:colcon.colcon_core.environment:checking '/home/kaibuchisoma/robocon_ws/install/ros_to_kimd/lib/python3.10/site-packages'
[4.732s] Level 1:colcon.colcon_core.environment:checking '/home/kaibuchisoma/robocon_ws/install/ros_to_kimd/bin'
[4.750s] INFO:colcon.colcon_core.shell:Creating package script '/home/kaibuchisoma/robocon_ws/install/ros_to_kimd/share/ros_to_kimd/package.ps1'
[4.750s] INFO:colcon.colcon_core.shell:Creating package descriptor '/home/kaibuchisoma/robocon_ws/install/ros_to_kimd/share/ros_to_kimd/package.dsv'
[4.751s] INFO:colcon.colcon_core.shell:Creating package script '/home/kaibuchisoma/robocon_ws/install/ros_to_kimd/share/ros_to_kimd/package.sh'
[4.751s] INFO:colcon.colcon_core.shell:Creating package script '/home/kaibuchisoma/robocon_ws/install/ros_to_kimd/share/ros_to_kimd/package.bash'
[4.752s] INFO:colcon.colcon_core.shell:Creating package script '/home/kaibuchisoma/robocon_ws/install/ros_to_kimd/share/ros_to_kimd/package.zsh'
[4.752s] Level 1:colcon.colcon_core.environment:create_file_with_runtime_dependencies(/home/kaibuchisoma/robocon_ws/install/ros_to_kimd/share/colcon-core/packages/ros_to_kimd)
[4.770s] Level 1:colcon.colcon_core.environment:create_environment_scripts_only(robocon2023_b_dash_transceiver)
[4.790s] Level 1:colcon.colcon_core.environment:checking '/home/kaibuchisoma/robocon_ws/install/robocon2023_b_dash_transceiver' for CMake module files
[4.791s] Level 1:colcon.colcon_core.environment:checking '/home/kaibuchisoma/robocon_ws/install/robocon2023_b_dash_transceiver' for CMake config files
[4.791s] Level 1:colcon.colcon_core.shell:create_environment_hook('robocon2023_b_dash_transceiver', 'cmake_prefix_path')
[4.807s] INFO:colcon.colcon_core.shell:Creating environment hook '/home/kaibuchisoma/robocon_ws/install/robocon2023_b_dash_transceiver/share/robocon2023_b_dash_transceiver/hook/cmake_prefix_path.ps1'
[4.808s] INFO:colcon.colcon_core.shell:Creating environment descriptor '/home/kaibuchisoma/robocon_ws/install/robocon2023_b_dash_transceiver/share/robocon2023_b_dash_transceiver/hook/cmake_prefix_path.dsv'
[4.808s] INFO:colcon.colcon_core.shell:Creating environment hook '/home/kaibuchisoma/robocon_ws/install/robocon2023_b_dash_transceiver/share/robocon2023_b_dash_transceiver/hook/cmake_prefix_path.sh'
[4.809s] Level 1:colcon.colcon_core.environment:checking '/home/kaibuchisoma/robocon_ws/install/robocon2023_b_dash_transceiver/lib'
[4.809s] Level 1:colcon.colcon_core.shell:create_environment_hook('robocon2023_b_dash_transceiver', 'ld_library_path_lib')
[4.824s] INFO:colcon.colcon_core.shell:Creating environment hook '/home/kaibuchisoma/robocon_ws/install/robocon2023_b_dash_transceiver/share/robocon2023_b_dash_transceiver/hook/ld_library_path_lib.ps1'
[4.824s] INFO:colcon.colcon_core.shell:Creating environment descriptor '/home/kaibuchisoma/robocon_ws/install/robocon2023_b_dash_transceiver/share/robocon2023_b_dash_transceiver/hook/ld_library_path_lib.dsv'
[4.825s] INFO:colcon.colcon_core.shell:Creating environment hook '/home/kaibuchisoma/robocon_ws/install/robocon2023_b_dash_transceiver/share/robocon2023_b_dash_transceiver/hook/ld_library_path_lib.sh'
[4.825s] Level 1:colcon.colcon_core.environment:checking '/home/kaibuchisoma/robocon_ws/install/robocon2023_b_dash_transceiver/bin'
[4.825s] Level 1:colcon.colcon_core.environment:checking '/home/kaibuchisoma/robocon_ws/install/robocon2023_b_dash_transceiver/lib/pkgconfig/robocon2023_b_dash_transceiver.pc'
[4.825s] Level 1:colcon.colcon_core.environment:checking '/home/kaibuchisoma/robocon_ws/install/robocon2023_b_dash_transceiver/lib/python3.10/site-packages'
[4.826s] Level 1:colcon.colcon_core.environment:checking '/home/kaibuchisoma/robocon_ws/install/robocon2023_b_dash_transceiver/bin'
[4.840s] INFO:colcon.colcon_core.shell:Creating package script '/home/kaibuchisoma/robocon_ws/install/robocon2023_b_dash_transceiver/share/robocon2023_b_dash_transceiver/package.ps1'
[4.840s] INFO:colcon.colcon_core.shell:Creating package descriptor '/home/kaibuchisoma/robocon_ws/install/robocon2023_b_dash_transceiver/share/robocon2023_b_dash_transceiver/package.dsv'
[4.841s] INFO:colcon.colcon_core.shell:Creating package script '/home/kaibuchisoma/robocon_ws/install/robocon2023_b_dash_transceiver/share/robocon2023_b_dash_transceiver/package.sh'
[4.841s] INFO:colcon.colcon_core.shell:Creating package script '/home/kaibuchisoma/robocon_ws/install/robocon2023_b_dash_transceiver/share/robocon2023_b_dash_transceiver/package.bash'
[4.842s] INFO:colcon.colcon_core.shell:Creating package script '/home/kaibuchisoma/robocon_ws/install/robocon2023_b_dash_transceiver/share/robocon2023_b_dash_transceiver/package.zsh'
[4.842s] Level 1:colcon.colcon_core.environment:create_file_with_runtime_dependencies(/home/kaibuchisoma/robocon_ws/install/robocon2023_b_dash_transceiver/share/colcon-core/packages/robocon2023_b_dash_transceiver)
[4.859s] Level 1:colcon.colcon_core.environment:create_environment_scripts_only(sllidar_ros2)
[4.881s] Level 1:colcon.colcon_core.environment:checking '/home/kaibuchisoma/robocon_ws/install/sllidar_ros2' for CMake module files
[4.882s] Level 1:colcon.colcon_core.environment:checking '/home/kaibuchisoma/robocon_ws/install/sllidar_ros2' for CMake config files
[4.882s] Level 1:colcon.colcon_core.shell:create_environment_hook('sllidar_ros2', 'cmake_prefix_path')
[4.906s] INFO:colcon.colcon_core.shell:Creating environment hook '/home/kaibuchisoma/robocon_ws/install/sllidar_ros2/share/sllidar_ros2/hook/cmake_prefix_path.ps1'
[4.907s] INFO:colcon.colcon_core.shell:Creating environment descriptor '/home/kaibuchisoma/robocon_ws/install/sllidar_ros2/share/sllidar_ros2/hook/cmake_prefix_path.dsv'
[4.908s] INFO:colcon.colcon_core.shell:Creating environment hook '/home/kaibuchisoma/robocon_ws/install/sllidar_ros2/share/sllidar_ros2/hook/cmake_prefix_path.sh'
[4.909s] Level 1:colcon.colcon_core.environment:checking '/home/kaibuchisoma/robocon_ws/install/sllidar_ros2/lib'
[4.909s] Level 1:colcon.colcon_core.environment:checking '/home/kaibuchisoma/robocon_ws/install/sllidar_ros2/bin'
[4.909s] Level 1:colcon.colcon_core.environment:checking '/home/kaibuchisoma/robocon_ws/install/sllidar_ros2/lib/pkgconfig/sllidar_ros2.pc'
[4.910s] Level 1:colcon.colcon_core.environment:checking '/home/kaibuchisoma/robocon_ws/install/sllidar_ros2/lib/python3.10/site-packages'
[4.910s] Level 1:colcon.colcon_core.environment:checking '/home/kaibuchisoma/robocon_ws/install/sllidar_ros2/bin'
[4.930s] INFO:colcon.colcon_core.shell:Creating package script '/home/kaibuchisoma/robocon_ws/install/sllidar_ros2/share/sllidar_ros2/package.ps1'
[4.930s] INFO:colcon.colcon_core.shell:Creating package descriptor '/home/kaibuchisoma/robocon_ws/install/sllidar_ros2/share/sllidar_ros2/package.dsv'
[4.931s] INFO:colcon.colcon_core.shell:Creating package script '/home/kaibuchisoma/robocon_ws/install/sllidar_ros2/share/sllidar_ros2/package.sh'
[4.931s] INFO:colcon.colcon_core.shell:Creating package script '/home/kaibuchisoma/robocon_ws/install/sllidar_ros2/share/sllidar_ros2/package.bash'
[4.931s] INFO:colcon.colcon_core.shell:Creating package script '/home/kaibuchisoma/robocon_ws/install/sllidar_ros2/share/sllidar_ros2/package.zsh'
[4.932s] Level 1:colcon.colcon_core.environment:create_file_with_runtime_dependencies(/home/kaibuchisoma/robocon_ws/install/sllidar_ros2/share/colcon-core/packages/sllidar_ros2)
[4.953s] Level 1:colcon.colcon_core.environment:create_environment_scripts_only(ros_to_kimd)
[4.969s] Level 1:colcon.colcon_core.environment:checking '/home/kaibuchisoma/robocon_ws/install/ros_to_kimd' for CMake module files
[4.969s] Level 1:colcon.colcon_core.environment:checking '/home/kaibuchisoma/robocon_ws/install/ros_to_kimd' for CMake config files
[4.970s] Level 1:colcon.colcon_core.shell:create_environment_hook('ros_to_kimd', 'cmake_prefix_path')
[4.986s] INFO:colcon.colcon_core.shell:Creating environment hook '/home/kaibuchisoma/robocon_ws/install/ros_to_kimd/share/ros_to_kimd/hook/cmake_prefix_path.ps1'
[4.987s] INFO:colcon.colcon_core.shell:Creating environment descriptor '/home/kaibuchisoma/robocon_ws/install/ros_to_kimd/share/ros_to_kimd/hook/cmake_prefix_path.dsv'
[4.987s] INFO:colcon.colcon_core.shell:Creating environment hook '/home/kaibuchisoma/robocon_ws/install/ros_to_kimd/share/ros_to_kimd/hook/cmake_prefix_path.sh'
[4.988s] Level 1:colcon.colcon_core.environment:checking '/home/kaibuchisoma/robocon_ws/install/ros_to_kimd/lib'
[4.988s] Level 1:colcon.colcon_core.environment:checking '/home/kaibuchisoma/robocon_ws/install/ros_to_kimd/bin'
[4.988s] Level 1:colcon.colcon_core.environment:checking '/home/kaibuchisoma/robocon_ws/install/ros_to_kimd/lib/pkgconfig/ros_to_kimd.pc'
[4.988s] Level 1:colcon.colcon_core.environment:checking '/home/kaibuchisoma/robocon_ws/install/ros_to_kimd/lib/python3.10/site-packages'
[4.988s] Level 1:colcon.colcon_core.environment:checking '/home/kaibuchisoma/robocon_ws/install/ros_to_kimd/bin'
[5.005s] INFO:colcon.colcon_core.shell:Creating package script '/home/kaibuchisoma/robocon_ws/install/ros_to_kimd/share/ros_to_kimd/package.ps1'
[5.006s] INFO:colcon.colcon_core.shell:Creating package descriptor '/home/kaibuchisoma/robocon_ws/install/ros_to_kimd/share/ros_to_kimd/package.dsv'
[5.006s] INFO:colcon.colcon_core.shell:Creating package script '/home/kaibuchisoma/robocon_ws/install/ros_to_kimd/share/ros_to_kimd/package.sh'
[5.006s] INFO:colcon.colcon_core.shell:Creating package script '/home/kaibuchisoma/robocon_ws/install/ros_to_kimd/share/ros_to_kimd/package.bash'
[5.007s] INFO:colcon.colcon_core.shell:Creating package script '/home/kaibuchisoma/robocon_ws/install/ros_to_kimd/share/ros_to_kimd/package.zsh'
[5.007s] Level 1:colcon.colcon_core.environment:create_file_with_runtime_dependencies(/home/kaibuchisoma/robocon_ws/install/ros_to_kimd/share/colcon-core/packages/ros_to_kimd)
[9.665s] DEBUG:colcon.colcon_core.event_handler.log_command:Invoked command in '/home/kaibuchisoma/robocon_ws/build/robocon2023_b_dash' returned '2': CMAKE_PREFIX_PATH=${CMAKE_PREFIX_PATH}:/home/kaibuchisoma/robocon_ws/install/fruit_detection:/opt/ros/humble /usr/bin/cmake --build /home/kaibuchisoma/robocon_ws/build/robocon2023_b_dash -- -j12 -l12
[9.780s] Level 1:colcon.colcon_core.environment:create_environment_scripts_only(robocon2023_b_dash)
[9.803s] Level 1:colcon.colcon_core.environment:checking '/home/kaibuchisoma/robocon_ws/install/robocon2023_b_dash' for CMake module files
[9.803s] Level 1:colcon.colcon_core.environment:checking '/home/kaibuchisoma/robocon_ws/install/robocon2023_b_dash' for CMake config files
[9.804s] Level 1:colcon.colcon_core.shell:create_environment_hook('robocon2023_b_dash', 'cmake_prefix_path')
[9.818s] INFO:colcon.colcon_core.shell:Creating environment hook '/home/kaibuchisoma/robocon_ws/install/robocon2023_b_dash/share/robocon2023_b_dash/hook/cmake_prefix_path.ps1'
[9.819s] INFO:colcon.colcon_core.shell:Creating environment descriptor '/home/kaibuchisoma/robocon_ws/install/robocon2023_b_dash/share/robocon2023_b_dash/hook/cmake_prefix_path.dsv'
[9.819s] INFO:colcon.colcon_core.shell:Creating environment hook '/home/kaibuchisoma/robocon_ws/install/robocon2023_b_dash/share/robocon2023_b_dash/hook/cmake_prefix_path.sh'
[9.819s] Level 1:colcon.colcon_core.environment:checking '/home/kaibuchisoma/robocon_ws/install/robocon2023_b_dash/lib'
[9.820s] Level 1:colcon.colcon_core.shell:create_environment_hook('robocon2023_b_dash', 'ld_library_path_lib')
[9.832s] INFO:colcon.colcon_core.shell:Creating environment hook '/home/kaibuchisoma/robocon_ws/install/robocon2023_b_dash/share/robocon2023_b_dash/hook/ld_library_path_lib.ps1'
[9.833s] INFO:colcon.colcon_core.shell:Creating environment descriptor '/home/kaibuchisoma/robocon_ws/install/robocon2023_b_dash/share/robocon2023_b_dash/hook/ld_library_path_lib.dsv'
[9.833s] INFO:colcon.colcon_core.shell:Creating environment hook '/home/kaibuchisoma/robocon_ws/install/robocon2023_b_dash/share/robocon2023_b_dash/hook/ld_library_path_lib.sh'
[9.833s] Level 1:colcon.colcon_core.environment:checking '/home/kaibuchisoma/robocon_ws/install/robocon2023_b_dash/bin'
[9.833s] Level 1:colcon.colcon_core.environment:checking '/home/kaibuchisoma/robocon_ws/install/robocon2023_b_dash/lib/pkgconfig/robocon2023_b_dash.pc'
[9.833s] Level 1:colcon.colcon_core.environment:checking '/home/kaibuchisoma/robocon_ws/install/robocon2023_b_dash/lib/python3.10/site-packages'
[9.834s] Level 1:colcon.colcon_core.environment:checking '/home/kaibuchisoma/robocon_ws/install/robocon2023_b_dash/bin'
[9.846s] INFO:colcon.colcon_core.shell:Creating package script '/home/kaibuchisoma/robocon_ws/install/robocon2023_b_dash/share/robocon2023_b_dash/package.ps1'
[9.847s] INFO:colcon.colcon_core.shell:Creating package descriptor '/home/kaibuchisoma/robocon_ws/install/robocon2023_b_dash/share/robocon2023_b_dash/package.dsv'
[9.847s] INFO:colcon.colcon_core.shell:Creating package script '/home/kaibuchisoma/robocon_ws/install/robocon2023_b_dash/share/robocon2023_b_dash/package.sh'
[9.848s] INFO:colcon.colcon_core.shell:Creating package script '/home/kaibuchisoma/robocon_ws/install/robocon2023_b_dash/share/robocon2023_b_dash/package.bash'
[9.848s] INFO:colcon.colcon_core.shell:Creating package script '/home/kaibuchisoma/robocon_ws/install/robocon2023_b_dash/share/robocon2023_b_dash/package.zsh'
[9.848s] Level 1:colcon.colcon_core.environment:create_file_with_runtime_dependencies(/home/kaibuchisoma/robocon_ws/install/robocon2023_b_dash/share/colcon-core/packages/robocon2023_b_dash)
[9.859s] DEBUG:colcon.colcon_parallel_executor.executor.parallel:closing loop
[9.859s] DEBUG:colcon.colcon_parallel_executor.executor.parallel:loop closed
[9.859s] DEBUG:colcon.colcon_parallel_executor.executor.parallel:run_until_complete finished with '2'
[9.859s] DEBUG:colcon.colcon_core.event_reactor:joining thread
[9.885s] INFO:colcon.colcon_core.plugin_system:Skipping extension 'colcon_notification.desktop_notification.terminal_notifier': Not used on non-Darwin systems
[9.885s] INFO:colcon.colcon_core.plugin_system:Skipping extension 'colcon_notification.desktop_notification.win32': Not used on non-Windows systems
[9.885s] INFO:colcon.colcon_notification.desktop_notification:Sending desktop notification using 'notify2'
[9.902s] DEBUG:colcon.colcon_core.event_reactor:joined thread
[9.919s] INFO:colcon.colcon_core.shell:Creating prefix script '/home/kaibuchisoma/robocon_ws/install/local_setup.ps1'
[9.920s] INFO:colcon.colcon_core.shell:Creating prefix util module '/home/kaibuchisoma/robocon_ws/install/_local_setup_util_ps1.py'
[9.921s] INFO:colcon.colcon_core.shell:Creating prefix chain script '/home/kaibuchisoma/robocon_ws/install/setup.ps1'
[9.936s] INFO:colcon.colcon_core.shell:Creating prefix script '/home/kaibuchisoma/robocon_ws/install/local_setup.sh'
[9.936s] INFO:colcon.colcon_core.shell:Creating prefix util module '/home/kaibuchisoma/robocon_ws/install/_local_setup_util_sh.py'
[9.937s] INFO:colcon.colcon_core.shell:Creating prefix chain script '/home/kaibuchisoma/robocon_ws/install/setup.sh'
[9.951s] INFO:colcon.colcon_core.shell:Creating prefix script '/home/kaibuchisoma/robocon_ws/install/local_setup.bash'
[9.952s] INFO:colcon.colcon_core.shell:Creating prefix chain script '/home/kaibuchisoma/robocon_ws/install/setup.bash'
[9.966s] INFO:colcon.colcon_core.shell:Creating prefix script '/home/kaibuchisoma/robocon_ws/install/local_setup.zsh'
[9.966s] INFO:colcon.colcon_core.shell:Creating prefix chain script '/home/kaibuchisoma/robocon_ws/install/setup.zsh'
