[0.605s] Invoking command in '/home/kaibuchisoma/robocon_ws/build/robocon2023_b_dash_transceiver': CMAKE_PREFIX_PATH=${CMAKE_PREFIX_PATH}:/home/kaibuchisoma/robocon_ws/install/fruit_detection:/opt/ros/humble /usr/bin/cmake /home/kaibuchisoma/robocon_ws/src/robocon2023_b_dash_transceiver -DCMAKE_INSTALL_PREFIX=/home/kaibuchisoma/robocon_ws/install/robocon2023_b_dash_transceiver
[0.685s] -- The C compiler identification is GNU 11.4.0
[0.773s] -- The CXX compiler identification is GNU 11.4.0
[0.786s] -- Detecting C compiler ABI info
[0.902s] -- Detecting C compiler ABI info - done
[0.915s] -- Check for working C compiler: /usr/bin/cc - skipped
[0.915s] -- Detecting C compile features
[0.916s] -- Detecting C compile features - done
[0.921s] -- Detecting CXX compiler ABI info
[1.078s] -- Detecting CXX compiler ABI info - done
[1.095s] -- Check for working CXX compiler: /usr/bin/c++ - skipped
[1.095s] -- Detecting CXX compile features
[1.096s] -- Detecting CXX compile features - done
[1.104s] -- Found ament_cmake: 1.3.5 (/opt/ros/humble/share/ament_cmake/cmake)
[1.410s] -- Found Python3: /usr/bin/python3.10 (found version "3.10.12") found components: Interpreter 
[1.570s] -- Found rclcpp: 16.0.6 (/opt/ros/humble/share/rclcpp/cmake)
[1.668s] -- Found rosidl_generator_c: 3.1.5 (/opt/ros/humble/share/rosidl_generator_c/cmake)
[1.680s] -- Found rosidl_adapter: 3.1.5 (/opt/ros/humble/share/rosidl_adapter/cmake)
[1.699s] -- Found rosidl_generator_cpp: 3.1.5 (/opt/ros/humble/share/rosidl_generator_cpp/cmake)
[1.731s] -- Using all available rosidl_typesupport_c: rosidl_typesupport_fastrtps_c;rosidl_typesupport_introspection_c
[1.772s] -- Using all available rosidl_typesupport_cpp: rosidl_typesupport_fastrtps_cpp;rosidl_typesupport_introspection_cpp
[1.922s] -- Found rmw_implementation_cmake: 6.1.1 (/opt/ros/humble/share/rmw_implementation_cmake/cmake)
[1.928s] -- Found rmw_fastrtps_cpp: 6.2.4 (/opt/ros/humble/share/rmw_fastrtps_cpp/cmake)
[2.100s] -- Found OpenSSL: /usr/lib/x86_64-linux-gnu/libcrypto.so (found version "3.0.2")  
[2.138s] -- Found FastRTPS: /opt/ros/humble/include  
[2.214s] -- Using RMW implementation 'rmw_fastrtps_cpp' as default
[2.232s] -- Looking for pthread.h
[2.345s] -- Looking for pthread.h - found
[2.346s] -- Performing Test CMAKE_HAVE_LIBC_PTHREAD
[2.465s] -- Performing Test CMAKE_HAVE_LIBC_PTHREAD - Success
[2.466s] -- Found Threads: TRUE  
[2.693s] -- Found rclcpp_components: 16.0.6 (/opt/ros/humble/share/rclcpp_components/cmake)
[2.785s] -- Found sdl2_vendor: 3.1.0 (/opt/ros/humble/share/sdl2_vendor/cmake)
[2.792s] -- Found sensor_msgs: 4.2.3 (/opt/ros/humble/share/sensor_msgs/cmake)
[2.977s] -- Found ament_lint_auto: 0.12.8 (/opt/ros/humble/share/ament_lint_auto/cmake)
[3.097s] -- Added test 'cppcheck' to perform static code analysis on C / C++ code
[3.098s] -- Configured cppcheck include dirs: $<BUILD_INTERFACE:/home/kaibuchisoma/robocon_ws/src/robocon2023_b_dash_transceiver/include>
[3.098s] -- Configured cppcheck exclude dirs and/or files: 
[3.099s] -- Added test 'cpplint' to check C / C++ code against the Google style
[3.099s] -- Configured cpplint exclude dirs and/or files: 
[3.100s] -- Added test 'flake8' to check Python code syntax and style conventions
[3.101s] -- Added test 'lint_cmake' to check CMake code style
[3.102s] -- Added test 'pep257' to check Python code against some of the docstring style conventions in PEP 257
[3.103s] -- Added test 'uncrustify' to check C / C++ code style
[3.103s] -- Configured uncrustify additional arguments: 
[3.104s] -- Added test 'xmllint' to check XML markup files
[3.106s] -- Configuring done
[3.135s] -- Generating done
[3.139s] -- Build files have been written to: /home/kaibuchisoma/robocon_ws/build/robocon2023_b_dash_transceiver
[3.272s] Invoked command in '/home/kaibuchisoma/robocon_ws/build/robocon2023_b_dash_transceiver' returned '0': CMAKE_PREFIX_PATH=${CMAKE_PREFIX_PATH}:/home/kaibuchisoma/robocon_ws/install/fruit_detection:/opt/ros/humble /usr/bin/cmake /home/kaibuchisoma/robocon_ws/src/robocon2023_b_dash_transceiver -DCMAKE_INSTALL_PREFIX=/home/kaibuchisoma/robocon_ws/install/robocon2023_b_dash_transceiver
[3.275s] Invoking command in '/home/kaibuchisoma/robocon_ws/build/robocon2023_b_dash_transceiver': CMAKE_PREFIX_PATH=${CMAKE_PREFIX_PATH}:/home/kaibuchisoma/robocon_ws/install/fruit_detection:/opt/ros/humble /usr/bin/cmake --build /home/kaibuchisoma/robocon_ws/build/robocon2023_b_dash_transceiver -- -j12 -l12
[3.360s] [35m[1mConsolidate compiler generated dependencies of target joy[0m
[3.362s] [35m[1mConsolidate compiler generated dependencies of target program_checker_node[0m
[3.364s] [35m[1mConsolidate compiler generated dependencies of target usb920_node[0m
[3.371s] [35m[1mConsolidate compiler generated dependencies of target joy_enumerate_devices[0m
[3.389s] [35m[1mConsolidate compiler generated dependencies of target joy_node[0m
[3.411s] [ 20%] Built target joy
[3.422s] [ 40%] Built target joy_enumerate_devices
[3.427s] [ 60%] Built target usb920_node
[3.443s] [ 80%] Built target program_checker_node
[3.456s] [100%] Built target joy_node
[3.634s] Invoked command in '/home/kaibuchisoma/robocon_ws/build/robocon2023_b_dash_transceiver' returned '0': CMAKE_PREFIX_PATH=${CMAKE_PREFIX_PATH}:/home/kaibuchisoma/robocon_ws/install/fruit_detection:/opt/ros/humble /usr/bin/cmake --build /home/kaibuchisoma/robocon_ws/build/robocon2023_b_dash_transceiver -- -j12 -l12
[3.883s] Invoking command in '/home/kaibuchisoma/robocon_ws/build/robocon2023_b_dash_transceiver': CMAKE_PREFIX_PATH=${CMAKE_PREFIX_PATH}:/home/kaibuchisoma/robocon_ws/install/fruit_detection:/opt/ros/humble /usr/bin/cmake --install /home/kaibuchisoma/robocon_ws/build/robocon2023_b_dash_transceiver
[3.944s] -- Install configuration: ""
[3.945s] -- Up-to-date: /home/kaibuchisoma/robocon_ws/install/robocon2023_b_dash_transceiver/lib/libjoy.so
[3.945s] -- Up-to-date: /home/kaibuchisoma/robocon_ws/install/robocon2023_b_dash_transceiver/lib/robocon2023_b_dash_transceiver/joy_node
[3.945s] -- Up-to-date: /home/kaibuchisoma/robocon_ws/install/robocon2023_b_dash_transceiver/lib/robocon2023_b_dash_transceiver/joy_enumerate_devices
[3.945s] -- Up-to-date: /home/kaibuchisoma/robocon_ws/install/robocon2023_b_dash_transceiver/include/robocon2023_b_dash_transceiver
[3.945s] -- Up-to-date: /home/kaibuchisoma/robocon_ws/install/robocon2023_b_dash_transceiver/include/robocon2023_b_dash_transceiver/robocon2023_b_dash_transceiver
[3.946s] -- Up-to-date: /home/kaibuchisoma/robocon_ws/install/robocon2023_b_dash_transceiver/include/robocon2023_b_dash_transceiver/robocon2023_b_dash_transceiver/DualShock.h
[3.946s] -- Up-to-date: /home/kaibuchisoma/robocon_ws/install/robocon2023_b_dash_transceiver/include/robocon2023_b_dash_transceiver/robocon2023_b_dash_transceiver/joy.hpp
[3.946s] -- Up-to-date: /home/kaibuchisoma/robocon_ws/install/robocon2023_b_dash_transceiver/share/robocon2023_b_dash_transceiver/config
[3.946s] -- Up-to-date: /home/kaibuchisoma/robocon_ws/install/robocon2023_b_dash_transceiver/share/robocon2023_b_dash_transceiver/launch
[3.946s] -- Up-to-date: /home/kaibuchisoma/robocon_ws/install/robocon2023_b_dash_transceiver/share/robocon2023_b_dash_transceiver/launch/all_launch.py
[3.947s] -- Up-to-date: /home/kaibuchisoma/robocon_ws/install/robocon2023_b_dash_transceiver/lib/robocon2023_b_dash_transceiver/usb920_node
[3.947s] -- Up-to-date: /home/kaibuchisoma/robocon_ws/install/robocon2023_b_dash_transceiver/lib/robocon2023_b_dash_transceiver/program_checker_node
[3.947s] -- Up-to-date: /home/kaibuchisoma/robocon_ws/install/robocon2023_b_dash_transceiver/share/ament_index/resource_index/package_run_dependencies/robocon2023_b_dash_transceiver
[3.947s] -- Up-to-date: /home/kaibuchisoma/robocon_ws/install/robocon2023_b_dash_transceiver/share/ament_index/resource_index/parent_prefix_path/robocon2023_b_dash_transceiver
[3.947s] -- Up-to-date: /home/kaibuchisoma/robocon_ws/install/robocon2023_b_dash_transceiver/share/robocon2023_b_dash_transceiver/environment/ament_prefix_path.sh
[3.947s] -- Installing: /home/kaibuchisoma/robocon_ws/install/robocon2023_b_dash_transceiver/share/robocon2023_b_dash_transceiver/environment/ament_prefix_path.dsv
[3.947s] -- Up-to-date: /home/kaibuchisoma/robocon_ws/install/robocon2023_b_dash_transceiver/share/robocon2023_b_dash_transceiver/environment/path.sh
[3.948s] -- Installing: /home/kaibuchisoma/robocon_ws/install/robocon2023_b_dash_transceiver/share/robocon2023_b_dash_transceiver/environment/path.dsv
[3.948s] -- Up-to-date: /home/kaibuchisoma/robocon_ws/install/robocon2023_b_dash_transceiver/share/robocon2023_b_dash_transceiver/local_setup.bash
[3.948s] -- Up-to-date: /home/kaibuchisoma/robocon_ws/install/robocon2023_b_dash_transceiver/share/robocon2023_b_dash_transceiver/local_setup.sh
[3.949s] -- Up-to-date: /home/kaibuchisoma/robocon_ws/install/robocon2023_b_dash_transceiver/share/robocon2023_b_dash_transceiver/local_setup.zsh
[3.949s] -- Installing: /home/kaibuchisoma/robocon_ws/install/robocon2023_b_dash_transceiver/share/robocon2023_b_dash_transceiver/local_setup.dsv
[3.949s] -- Installing: /home/kaibuchisoma/robocon_ws/install/robocon2023_b_dash_transceiver/share/robocon2023_b_dash_transceiver/package.dsv
[3.949s] -- Up-to-date: /home/kaibuchisoma/robocon_ws/install/robocon2023_b_dash_transceiver/share/ament_index/resource_index/packages/robocon2023_b_dash_transceiver
[3.950s] -- Up-to-date: /home/kaibuchisoma/robocon_ws/install/robocon2023_b_dash_transceiver/share/ament_index/resource_index/rclcpp_components/robocon2023_b_dash_transceiver
[3.950s] -- Up-to-date: /home/kaibuchisoma/robocon_ws/install/robocon2023_b_dash_transceiver/share/robocon2023_b_dash_transceiver/cmake/export_joyExport.cmake
[3.950s] -- Up-to-date: /home/kaibuchisoma/robocon_ws/install/robocon2023_b_dash_transceiver/share/robocon2023_b_dash_transceiver/cmake/export_joyExport-noconfig.cmake
[3.950s] -- Up-to-date: /home/kaibuchisoma/robocon_ws/install/robocon2023_b_dash_transceiver/share/robocon2023_b_dash_transceiver/cmake/ament_cmake_export_targets-extras.cmake
[3.951s] -- Up-to-date: /home/kaibuchisoma/robocon_ws/install/robocon2023_b_dash_transceiver/share/robocon2023_b_dash_transceiver/cmake/ament_cmake_export_dependencies-extras.cmake
[3.951s] -- Up-to-date: /home/kaibuchisoma/robocon_ws/install/robocon2023_b_dash_transceiver/share/robocon2023_b_dash_transceiver/cmake/robocon2023_b_dash_transceiverConfig.cmake
[3.951s] -- Up-to-date: /home/kaibuchisoma/robocon_ws/install/robocon2023_b_dash_transceiver/share/robocon2023_b_dash_transceiver/cmake/robocon2023_b_dash_transceiverConfig-version.cmake
[3.952s] -- Up-to-date: /home/kaibuchisoma/robocon_ws/install/robocon2023_b_dash_transceiver/share/robocon2023_b_dash_transceiver/package.xml
[3.952s] Invoked command in '/home/kaibuchisoma/robocon_ws/build/robocon2023_b_dash_transceiver' returned '0': CMAKE_PREFIX_PATH=${CMAKE_PREFIX_PATH}:/home/kaibuchisoma/robocon_ws/install/fruit_detection:/opt/ros/humble /usr/bin/cmake --install /home/kaibuchisoma/robocon_ws/build/robocon2023_b_dash_transceiver
