[0.518s] DEBUG:colcon:Command line arguments: ['/usr/bin/colcon', 'build', '--cmake-clean-cache']
[0.518s] DEBUG:colcon:Parsed command line arguments: Namespace(log_base=None, log_level=None, verb_name='build', build_base='build', install_base='install', merge_install=False, symlink_install=False, test_result_base=None, continue_on_error=False, executor='parallel', parallel_workers=12, event_handlers=None, ignore_user_meta=False, metas=['./colcon.meta'], base_paths=['.'], packages_ignore=None, packages_ignore_regex=None, paths=None, packages_up_to=None, packages_up_to_regex=None, packages_above=None, packages_above_and_dependencies=None, packages_above_depth=None, packages_select_by_dep=None, packages_skip_by_dep=None, packages_skip_up_to=None, packages_select_build_failed=False, packages_skip_build_finished=False, packages_select_test_failures=False, packages_skip_test_passed=False, packages_select=None, packages_skip=None, packages_select_regex=None, packages_skip_regex=None, packages_start=None, packages_end=None, allow_overriding=[], cmake_args=None, cmake_target=None, cmake_target_skip_unavailable=False, cmake_clean_cache=True, cmake_clean_first=False, cmake_force_configure=False, ament_cmake_args=None, catkin_cmake_args=None, catkin_skip_building_tests=False, verb_parser=<colcon_defaults.argument_parser.defaults.DefaultArgumentsDecorator object at 0x7f915321b0a0>, verb_extension=<colcon_core.verb.build.BuildVerb object at 0x7f915321a410>, main=<bound method BuildVerb.main of <colcon_core.verb.build.BuildVerb object at 0x7f915321a410>>)
[0.553s] Level 1:colcon.colcon_core.package_discovery:discover_packages(colcon_meta) check parameters
[0.553s] Level 1:colcon.colcon_core.package_discovery:discover_packages(recursive) check parameters
[0.553s] Level 1:colcon.colcon_core.package_discovery:discover_packages(ignore) check parameters
[0.553s] Level 1:colcon.colcon_core.package_discovery:discover_packages(path) check parameters
[0.553s] Level 1:colcon.colcon_core.package_discovery:discover_packages(colcon_meta) discover
[0.553s] Level 1:colcon.colcon_core.package_discovery:discover_packages(recursive) discover
[0.553s] INFO:colcon.colcon_core.package_discovery:Crawling recursively for packages in '/home/kaibuchisoma/robocon_ws'
[0.553s] Level 1:colcon.colcon_core.package_identification:_identify(.) by extensions ['ignore', 'ignore_ament_install']
[0.554s] Level 1:colcon.colcon_core.package_identification:_identify(.) by extension 'ignore'
[0.554s] Level 1:colcon.colcon_core.package_identification:_identify(.) by extension 'ignore_ament_install'
[0.554s] Level 1:colcon.colcon_core.package_identification:_identify(.) by extensions ['colcon_pkg']
[0.554s] Level 1:colcon.colcon_core.package_identification:_identify(.) by extension 'colcon_pkg'
[0.554s] Level 1:colcon.colcon_core.package_identification:_identify(.) by extensions ['colcon_meta']
[0.554s] Level 1:colcon.colcon_core.package_identification:_identify(.) by extension 'colcon_meta'
[0.554s] Level 1:colcon.colcon_core.package_identification:_identify(.) by extensions ['ros']
[0.554s] Level 1:colcon.colcon_core.package_identification:_identify(.) by extension 'ros'
[0.564s] Level 1:colcon.colcon_core.package_identification:_identify(.) by extensions ['cmake', 'python']
[0.565s] Level 1:colcon.colcon_core.package_identification:_identify(.) by extension 'cmake'
[0.565s] Level 1:colcon.colcon_core.package_identification:_identify(.) by extension 'python'
[0.565s] Level 1:colcon.colcon_core.package_identification:_identify(.) by extensions ['python_setup_py']
[0.565s] Level 1:colcon.colcon_core.package_identification:_identify(.) by extension 'python_setup_py'
[0.565s] Level 1:colcon.colcon_core.package_identification:_identify(build) by extensions ['ignore', 'ignore_ament_install']
[0.565s] Level 1:colcon.colcon_core.package_identification:_identify(build) by extension 'ignore'
[0.565s] Level 1:colcon.colcon_core.package_identification:_identify(build) ignored
[0.565s] Level 1:colcon.colcon_core.package_identification:_identify(fruit_detection) by extensions ['ignore', 'ignore_ament_install']
[0.565s] Level 1:colcon.colcon_core.package_identification:_identify(fruit_detection) by extension 'ignore'
[0.566s] Level 1:colcon.colcon_core.package_identification:_identify(fruit_detection) by extension 'ignore_ament_install'
[0.566s] Level 1:colcon.colcon_core.package_identification:_identify(fruit_detection) by extensions ['colcon_pkg']
[0.566s] Level 1:colcon.colcon_core.package_identification:_identify(fruit_detection) by extension 'colcon_pkg'
[0.566s] Level 1:colcon.colcon_core.package_identification:_identify(fruit_detection) by extensions ['colcon_meta']
[0.566s] Level 1:colcon.colcon_core.package_identification:_identify(fruit_detection) by extension 'colcon_meta'
[0.566s] Level 1:colcon.colcon_core.package_identification:_identify(fruit_detection) by extensions ['ros']
[0.566s] Level 1:colcon.colcon_core.package_identification:_identify(fruit_detection) by extension 'ros'
[0.570s] DEBUG:colcon.colcon_core.package_identification:Package 'fruit_detection' with type 'ros.ament_python' and name 'fruit_detection'
[0.570s] Level 1:colcon.colcon_core.package_identification:_identify(install) by extensions ['ignore', 'ignore_ament_install']
[0.570s] Level 1:colcon.colcon_core.package_identification:_identify(install) by extension 'ignore'
[0.570s] Level 1:colcon.colcon_core.package_identification:_identify(install) ignored
[0.570s] Level 1:colcon.colcon_core.package_identification:_identify(log) by extensions ['ignore', 'ignore_ament_install']
[0.570s] Level 1:colcon.colcon_core.package_identification:_identify(log) by extension 'ignore'
[0.570s] Level 1:colcon.colcon_core.package_identification:_identify(log) ignored
[0.571s] Level 1:colcon.colcon_core.package_identification:_identify(robocon2023_b_dash) by extensions ['ignore', 'ignore_ament_install']
[0.571s] Level 1:colcon.colcon_core.package_identification:_identify(robocon2023_b_dash) by extension 'ignore'
[0.571s] Level 1:colcon.colcon_core.package_identification:_identify(robocon2023_b_dash) by extension 'ignore_ament_install'
[0.571s] Level 1:colcon.colcon_core.package_identification:_identify(robocon2023_b_dash) by extensions ['colcon_pkg']
[0.571s] Level 1:colcon.colcon_core.package_identification:_identify(robocon2023_b_dash) by extension 'colcon_pkg'
[0.571s] Level 1:colcon.colcon_core.package_identification:_identify(robocon2023_b_dash) by extensions ['colcon_meta']
[0.571s] Level 1:colcon.colcon_core.package_identification:_identify(robocon2023_b_dash) by extension 'colcon_meta'
[0.571s] Level 1:colcon.colcon_core.package_identification:_identify(robocon2023_b_dash) by extensions ['ros']
[0.571s] Level 1:colcon.colcon_core.package_identification:_identify(robocon2023_b_dash) by extension 'ros'
[0.572s] DEBUG:colcon.colcon_core.package_identification:Package 'robocon2023_b_dash' with type 'ros.ament_cmake' and name 'robocon2023_b_dash'
[0.572s] Level 1:colcon.colcon_core.package_identification:_identify(robocon2023_b_dash_receiver) by extensions ['ignore', 'ignore_ament_install']
[0.572s] Level 1:colcon.colcon_core.package_identification:_identify(robocon2023_b_dash_receiver) by extension 'ignore'
[0.572s] Level 1:colcon.colcon_core.package_identification:_identify(robocon2023_b_dash_receiver) by extension 'ignore_ament_install'
[0.572s] Level 1:colcon.colcon_core.package_identification:_identify(robocon2023_b_dash_receiver) by extensions ['colcon_pkg']
[0.572s] Level 1:colcon.colcon_core.package_identification:_identify(robocon2023_b_dash_receiver) by extension 'colcon_pkg'
[0.572s] Level 1:colcon.colcon_core.package_identification:_identify(robocon2023_b_dash_receiver) by extensions ['colcon_meta']
[0.572s] Level 1:colcon.colcon_core.package_identification:_identify(robocon2023_b_dash_receiver) by extension 'colcon_meta'
[0.572s] Level 1:colcon.colcon_core.package_identification:_identify(robocon2023_b_dash_receiver) by extensions ['ros']
[0.573s] Level 1:colcon.colcon_core.package_identification:_identify(robocon2023_b_dash_receiver) by extension 'ros'
[0.573s] DEBUG:colcon.colcon_core.package_identification:Package 'robocon2023_b_dash_receiver' with type 'ros.ament_cmake' and name 'robocon2023_b_dash_receiver'
[0.573s] Level 1:colcon.colcon_core.package_discovery:discover_packages(recursive) using defaults
[0.573s] Level 1:colcon.colcon_core.package_discovery:discover_packages(ignore) discover
[0.573s] Level 1:colcon.colcon_core.package_discovery:discover_packages(ignore) using defaults
[0.573s] Level 1:colcon.colcon_core.package_discovery:discover_packages(path) discover
[0.573s] Level 1:colcon.colcon_core.package_discovery:discover_packages(path) using defaults
[0.659s] Level 1:colcon.colcon_core.package_discovery:discover_packages(prefix_path) check parameters
[0.659s] Level 1:colcon.colcon_core.package_discovery:discover_packages(prefix_path) discover
[0.670s] Level 1:colcon.colcon_core.package_discovery:discover_packages(prefix_path) using defaults
[0.688s] Level 5:colcon.colcon_core.verb:set package 'fruit_detection' build argument 'cmake_args' from command line to 'None'
[0.688s] Level 5:colcon.colcon_core.verb:set package 'fruit_detection' build argument 'cmake_target' from command line to 'None'
[0.688s] Level 5:colcon.colcon_core.verb:set package 'fruit_detection' build argument 'cmake_target_skip_unavailable' from command line to 'False'
[0.688s] Level 5:colcon.colcon_core.verb:set package 'fruit_detection' build argument 'cmake_clean_cache' from command line to 'True'
[0.688s] Level 5:colcon.colcon_core.verb:set package 'fruit_detection' build argument 'cmake_clean_first' from command line to 'False'
[0.688s] Level 5:colcon.colcon_core.verb:set package 'fruit_detection' build argument 'cmake_force_configure' from command line to 'False'
[0.688s] Level 5:colcon.colcon_core.verb:set package 'fruit_detection' build argument 'ament_cmake_args' from command line to 'None'
[0.688s] Level 5:colcon.colcon_core.verb:set package 'fruit_detection' build argument 'catkin_cmake_args' from command line to 'None'
[0.688s] Level 5:colcon.colcon_core.verb:set package 'fruit_detection' build argument 'catkin_skip_building_tests' from command line to 'False'
[0.688s] DEBUG:colcon.colcon_core.verb:Building package 'fruit_detection' with the following arguments: {'ament_cmake_args': None, 'build_base': '/home/kaibuchisoma/robocon_ws/build/fruit_detection', 'catkin_cmake_args': None, 'catkin_skip_building_tests': False, 'cmake_args': None, 'cmake_clean_cache': True, 'cmake_clean_first': False, 'cmake_force_configure': False, 'cmake_target': None, 'cmake_target_skip_unavailable': False, 'install_base': '/home/kaibuchisoma/robocon_ws/install/fruit_detection', 'merge_install': False, 'path': '/home/kaibuchisoma/robocon_ws/fruit_detection', 'symlink_install': False, 'test_result_base': None}
[0.697s] Level 5:colcon.colcon_core.verb:set package 'robocon2023_b_dash' build argument 'cmake_args' from command line to 'None'
[0.697s] Level 5:colcon.colcon_core.verb:set package 'robocon2023_b_dash' build argument 'cmake_target' from command line to 'None'
[0.697s] Level 5:colcon.colcon_core.verb:set package 'robocon2023_b_dash' build argument 'cmake_target_skip_unavailable' from command line to 'False'
[0.697s] Level 5:colcon.colcon_core.verb:set package 'robocon2023_b_dash' build argument 'cmake_clean_cache' from command line to 'True'
[0.697s] Level 5:colcon.colcon_core.verb:set package 'robocon2023_b_dash' build argument 'cmake_clean_first' from command line to 'False'
[0.697s] Level 5:colcon.colcon_core.verb:set package 'robocon2023_b_dash' build argument 'cmake_force_configure' from command line to 'False'
[0.697s] Level 5:colcon.colcon_core.verb:set package 'robocon2023_b_dash' build argument 'ament_cmake_args' from command line to 'None'
[0.697s] Level 5:colcon.colcon_core.verb:set package 'robocon2023_b_dash' build argument 'catkin_cmake_args' from command line to 'None'
[0.697s] Level 5:colcon.colcon_core.verb:set package 'robocon2023_b_dash' build argument 'catkin_skip_building_tests' from command line to 'False'
[0.697s] DEBUG:colcon.colcon_core.verb:Building package 'robocon2023_b_dash' with the following arguments: {'ament_cmake_args': None, 'build_base': '/home/kaibuchisoma/robocon_ws/build/robocon2023_b_dash', 'catkin_cmake_args': None, 'catkin_skip_building_tests': False, 'cmake_args': None, 'cmake_clean_cache': True, 'cmake_clean_first': False, 'cmake_force_configure': False, 'cmake_target': None, 'cmake_target_skip_unavailable': False, 'install_base': '/home/kaibuchisoma/robocon_ws/install/robocon2023_b_dash', 'merge_install': False, 'path': '/home/kaibuchisoma/robocon_ws/robocon2023_b_dash', 'symlink_install': False, 'test_result_base': None}
[0.706s] Level 5:colcon.colcon_core.verb:set package 'robocon2023_b_dash_receiver' build argument 'cmake_args' from command line to 'None'
[0.706s] Level 5:colcon.colcon_core.verb:set package 'robocon2023_b_dash_receiver' build argument 'cmake_target' from command line to 'None'
[0.706s] Level 5:colcon.colcon_core.verb:set package 'robocon2023_b_dash_receiver' build argument 'cmake_target_skip_unavailable' from command line to 'False'
[0.706s] Level 5:colcon.colcon_core.verb:set package 'robocon2023_b_dash_receiver' build argument 'cmake_clean_cache' from command line to 'True'
[0.706s] Level 5:colcon.colcon_core.verb:set package 'robocon2023_b_dash_receiver' build argument 'cmake_clean_first' from command line to 'False'
[0.706s] Level 5:colcon.colcon_core.verb:set package 'robocon2023_b_dash_receiver' build argument 'cmake_force_configure' from command line to 'False'
[0.706s] Level 5:colcon.colcon_core.verb:set package 'robocon2023_b_dash_receiver' build argument 'ament_cmake_args' from command line to 'None'
[0.706s] Level 5:colcon.colcon_core.verb:set package 'robocon2023_b_dash_receiver' build argument 'catkin_cmake_args' from command line to 'None'
[0.706s] Level 5:colcon.colcon_core.verb:set package 'robocon2023_b_dash_receiver' build argument 'catkin_skip_building_tests' from command line to 'False'
[0.706s] DEBUG:colcon.colcon_core.verb:Building package 'robocon2023_b_dash_receiver' with the following arguments: {'ament_cmake_args': None, 'build_base': '/home/kaibuchisoma/robocon_ws/build/robocon2023_b_dash_receiver', 'catkin_cmake_args': None, 'catkin_skip_building_tests': False, 'cmake_args': None, 'cmake_clean_cache': True, 'cmake_clean_first': False, 'cmake_force_configure': False, 'cmake_target': None, 'cmake_target_skip_unavailable': False, 'install_base': '/home/kaibuchisoma/robocon_ws/install/robocon2023_b_dash_receiver', 'merge_install': False, 'path': '/home/kaibuchisoma/robocon_ws/robocon2023_b_dash_receiver', 'symlink_install': False, 'test_result_base': None}
[0.715s] INFO:colcon.colcon_core.executor:Executing jobs using 'parallel' executor
[0.725s] DEBUG:colcon.colcon_parallel_executor.executor.parallel:run_until_complete
[0.725s] INFO:colcon.colcon_ros.task.ament_python.build:Building ROS package in '/home/kaibuchisoma/robocon_ws/fruit_detection' with build type 'ament_python'
[0.725s] Level 1:colcon.colcon_core.shell:create_environment_hook('fruit_detection', 'ament_prefix_path')
[0.735s] INFO:colcon.colcon_core.plugin_system:Skipping extension 'colcon_core.shell.bat': Not used on non-Windows systems
[0.735s] INFO:colcon.colcon_core.shell:Creating environment hook '/home/kaibuchisoma/robocon_ws/install/fruit_detection/share/fruit_detection/hook/ament_prefix_path.ps1'
[0.736s] INFO:colcon.colcon_core.shell:Creating environment descriptor '/home/kaibuchisoma/robocon_ws/install/fruit_detection/share/fruit_detection/hook/ament_prefix_path.dsv'
[0.737s] INFO:colcon.colcon_core.shell:Creating environment hook '/home/kaibuchisoma/robocon_ws/install/fruit_detection/share/fruit_detection/hook/ament_prefix_path.sh'
[0.747s] INFO:colcon.colcon_core.shell:Skip shell extension 'powershell' for command environment: Not usable outside of PowerShell
[0.747s] DEBUG:colcon.colcon_core.shell:Skip shell extension 'dsv' for command environment
[0.758s] INFO:colcon.colcon_ros.task.ament_cmake.build:Building ROS package in '/home/kaibuchisoma/robocon_ws/robocon2023_b_dash' with build type 'ament_cmake'
[0.758s] INFO:colcon.colcon_cmake.task.cmake.build:Building CMake package in '/home/kaibuchisoma/robocon_ws/robocon2023_b_dash'
[0.769s] INFO:colcon.colcon_core.shell:Skip shell extension 'powershell' for command environment: Not usable outside of PowerShell
[0.769s] DEBUG:colcon.colcon_core.shell:Skip shell extension 'dsv' for command environment
[0.779s] INFO:colcon.colcon_ros.task.ament_cmake.build:Building ROS package in '/home/kaibuchisoma/robocon_ws/robocon2023_b_dash_receiver' with build type 'ament_cmake'
[0.779s] INFO:colcon.colcon_cmake.task.cmake.build:Building CMake package in '/home/kaibuchisoma/robocon_ws/robocon2023_b_dash_receiver'
[0.790s] INFO:colcon.colcon_core.shell:Skip shell extension 'powershell' for command environment: Not usable outside of PowerShell
[0.790s] DEBUG:colcon.colcon_core.shell:Skip shell extension 'dsv' for command environment
[1.010s] INFO:colcon.colcon_core.task.python.build:Building Python package in '/home/kaibuchisoma/robocon_ws/fruit_detection'
[1.023s] INFO:colcon.colcon_core.shell:Skip shell extension 'powershell' for command environment: Not usable outside of PowerShell
[1.023s] DEBUG:colcon.colcon_core.shell:Skip shell extension 'dsv' for command environment
[1.041s] DEBUG:colcon.colcon_core.event_handler.log_command:Invoking command in '/home/kaibuchisoma/robocon_ws/build/robocon2023_b_dash': /usr/bin/cmake /home/kaibuchisoma/robocon_ws/robocon2023_b_dash -DCMAKE_INSTALL_PREFIX=/home/kaibuchisoma/robocon_ws/install/robocon2023_b_dash
[1.044s] DEBUG:colcon.colcon_core.event_handler.log_command:Invoking command in '/home/kaibuchisoma/robocon_ws/build/robocon2023_b_dash_receiver': /usr/bin/cmake /home/kaibuchisoma/robocon_ws/robocon2023_b_dash_receiver -DCMAKE_INSTALL_PREFIX=/home/kaibuchisoma/robocon_ws/install/robocon2023_b_dash_receiver
[1.374s] DEBUG:colcon.colcon_core.event_handler.log_command:Invoking command in '/home/kaibuchisoma/robocon_ws/fruit_detection': PYTHONPATH=/home/kaibuchisoma/robocon_ws/build/fruit_detection/prefix_override:/home/kaibuchisoma/robocon_ws/install/fruit_detection/lib/python3.10/site-packages: /usr/bin/python3 setup.py egg_info --egg-base ../build/fruit_detection build --build-base /home/kaibuchisoma/robocon_ws/build/fruit_detection/build install --record /home/kaibuchisoma/robocon_ws/build/fruit_detection/install.log --single-version-externally-managed
[1.388s] DEBUG:colcon.colcon_core.event_handler.log_command:Invoked command in '/home/kaibuchisoma/robocon_ws/build/robocon2023_b_dash' returned '1': /usr/bin/cmake /home/kaibuchisoma/robocon_ws/robocon2023_b_dash -DCMAKE_INSTALL_PREFIX=/home/kaibuchisoma/robocon_ws/install/robocon2023_b_dash
[1.399s] DEBUG:colcon.colcon_core.event_handler.log_command:Invoked command in '/home/kaibuchisoma/robocon_ws/build/robocon2023_b_dash_receiver' returned '1': /usr/bin/cmake /home/kaibuchisoma/robocon_ws/robocon2023_b_dash_receiver -DCMAKE_INSTALL_PREFIX=/home/kaibuchisoma/robocon_ws/install/robocon2023_b_dash_receiver
[1.404s] Level 1:colcon.colcon_core.environment:create_environment_scripts_only(robocon2023_b_dash)
[1.419s] Level 1:colcon.colcon_core.environment:checking '/home/kaibuchisoma/robocon_ws/install/robocon2023_b_dash' for CMake module files
[1.419s] Level 1:colcon.colcon_core.environment:checking '/home/kaibuchisoma/robocon_ws/install/robocon2023_b_dash' for CMake config files
[1.419s] Level 1:colcon.colcon_core.environment:checking '/home/kaibuchisoma/robocon_ws/install/robocon2023_b_dash/bin'
[1.419s] Level 1:colcon.colcon_core.environment:checking '/home/kaibuchisoma/robocon_ws/install/robocon2023_b_dash/lib/pkgconfig/robocon2023_b_dash.pc'
[1.420s] Level 1:colcon.colcon_core.environment:checking '/home/kaibuchisoma/robocon_ws/install/robocon2023_b_dash/lib/python3.10/site-packages'
[1.420s] Level 1:colcon.colcon_core.environment:checking '/home/kaibuchisoma/robocon_ws/install/robocon2023_b_dash/bin'
[1.432s] INFO:colcon.colcon_core.shell:Creating package script '/home/kaibuchisoma/robocon_ws/install/robocon2023_b_dash/share/robocon2023_b_dash/package.ps1'
[1.433s] INFO:colcon.colcon_core.shell:Creating package descriptor '/home/kaibuchisoma/robocon_ws/install/robocon2023_b_dash/share/robocon2023_b_dash/package.dsv'
[1.434s] INFO:colcon.colcon_core.shell:Creating package script '/home/kaibuchisoma/robocon_ws/install/robocon2023_b_dash/share/robocon2023_b_dash/package.sh'
[1.435s] INFO:colcon.colcon_core.shell:Creating package script '/home/kaibuchisoma/robocon_ws/install/robocon2023_b_dash/share/robocon2023_b_dash/package.bash'
[1.435s] INFO:colcon.colcon_core.shell:Creating package script '/home/kaibuchisoma/robocon_ws/install/robocon2023_b_dash/share/robocon2023_b_dash/package.zsh'
[1.436s] Level 1:colcon.colcon_core.environment:create_file_with_runtime_dependencies(/home/kaibuchisoma/robocon_ws/install/robocon2023_b_dash/share/colcon-core/packages/robocon2023_b_dash)
[1.720s] DEBUG:colcon.colcon_parallel_executor.executor.parallel:closing loop
[1.720s] DEBUG:colcon.colcon_parallel_executor.executor.parallel:loop closed
[1.720s] DEBUG:colcon.colcon_parallel_executor.executor.parallel:run_until_complete finished with '1'
[1.720s] DEBUG:colcon.colcon_core.event_reactor:joining thread
[1.738s] INFO:colcon.colcon_core.plugin_system:Skipping extension 'colcon_notification.desktop_notification.terminal_notifier': Not used on non-Darwin systems
[1.739s] INFO:colcon.colcon_core.plugin_system:Skipping extension 'colcon_notification.desktop_notification.win32': Not used on non-Windows systems
[1.739s] INFO:colcon.colcon_notification.desktop_notification:Sending desktop notification using 'notify2'
[1.751s] DEBUG:colcon.colcon_core.event_reactor:joined thread
[1.764s] INFO:colcon.colcon_core.shell:Creating prefix script '/home/kaibuchisoma/robocon_ws/install/local_setup.ps1'
[1.765s] INFO:colcon.colcon_core.shell:Creating prefix util module '/home/kaibuchisoma/robocon_ws/install/_local_setup_util_ps1.py'
[1.767s] INFO:colcon.colcon_core.shell:Creating prefix chain script '/home/kaibuchisoma/robocon_ws/install/setup.ps1'
[1.780s] INFO:colcon.colcon_core.shell:Creating prefix script '/home/kaibuchisoma/robocon_ws/install/local_setup.sh'
[1.780s] INFO:colcon.colcon_core.shell:Creating prefix util module '/home/kaibuchisoma/robocon_ws/install/_local_setup_util_sh.py'
[1.781s] INFO:colcon.colcon_core.shell:Creating prefix chain script '/home/kaibuchisoma/robocon_ws/install/setup.sh'
[1.792s] INFO:colcon.colcon_core.shell:Creating prefix script '/home/kaibuchisoma/robocon_ws/install/local_setup.bash'
[1.793s] INFO:colcon.colcon_core.shell:Creating prefix chain script '/home/kaibuchisoma/robocon_ws/install/setup.bash'
[1.804s] INFO:colcon.colcon_core.shell:Creating prefix script '/home/kaibuchisoma/robocon_ws/install/local_setup.zsh'
[1.804s] INFO:colcon.colcon_core.shell:Creating prefix chain script '/home/kaibuchisoma/robocon_ws/install/setup.zsh'
