[1.511s] Invoking command in '/home/kaibuchisoma/robocon_ws/src/fruit_detection': PYTHONPATH=/home/kaibuchisoma/robocon_ws/build/fruit_detection/prefix_override:/home/kaibuchisoma/robocon_ws/install/fruit_detection/lib/python3.10/site-packages:${PYTHONPATH} /usr/bin/python3 setup.py egg_info --egg-base ../../build/fruit_detection build --build-base /home/kaibuchisoma/robocon_ws/build/fruit_detection/build install --record /home/kaibuchisoma/robocon_ws/build/fruit_detection/install.log --single-version-externally-managed
[1.915s] running egg_info
[1.916s] writing ../../build/fruit_detection/fruit_detection.egg-info/PKG-INFO
[1.916s] writing dependency_links to ../../build/fruit_detection/fruit_detection.egg-info/dependency_links.txt
[1.917s] writing entry points to ../../build/fruit_detection/fruit_detection.egg-info/entry_points.txt
[1.917s] writing requirements to ../../build/fruit_detection/fruit_detection.egg-info/requires.txt
[1.917s] writing top-level names to ../../build/fruit_detection/fruit_detection.egg-info/top_level.txt
[1.919s] reading manifest file '../../build/fruit_detection/fruit_detection.egg-info/SOURCES.txt'
[1.920s] writing manifest file '../../build/fruit_detection/fruit_detection.egg-info/SOURCES.txt'
[1.920s] running build
[1.920s] running build_py
[1.921s] running install
[1.921s] /usr/lib/python3/dist-packages/setuptools/command/install.py:34: SetuptoolsDeprecationWarning: setup.py install is deprecated. Use build and pip and other standards-based tools.
[1.921s]   warnings.warn(
[1.921s] running install_lib
[1.923s] running install_data
[1.924s] running install_egg_info
[1.926s] removing '/home/kaibuchisoma/robocon_ws/install/fruit_detection/lib/python3.10/site-packages/fruit_detection-0.0.1-py3.10.egg-info' (and everything under it)
[1.927s] Copying ../../build/fruit_detection/fruit_detection.egg-info to /home/kaibuchisoma/robocon_ws/install/fruit_detection/lib/python3.10/site-packages/fruit_detection-0.0.1-py3.10.egg-info
[1.928s] running install_scripts
[1.963s] Installing listener script to /home/kaibuchisoma/robocon_ws/install/fruit_detection/lib/fruit_detection
[1.963s] Installing pubdetect script to /home/kaibuchisoma/robocon_ws/install/fruit_detection/lib/fruit_detection
[1.963s] Installing talker script to /home/kaibuchisoma/robocon_ws/install/fruit_detection/lib/fruit_detection
[1.964s] writing list of installed files to '/home/kaibuchisoma/robocon_ws/build/fruit_detection/install.log'
[2.002s] Invoked command in '/home/kaibuchisoma/robocon_ws/src/fruit_detection' returned '0': PYTHONPATH=/home/kaibuchisoma/robocon_ws/build/fruit_detection/prefix_override:/home/kaibuchisoma/robocon_ws/install/fruit_detection/lib/python3.10/site-packages:${PYTHONPATH} /usr/bin/python3 setup.py egg_info --egg-base ../../build/fruit_detection build --build-base /home/kaibuchisoma/robocon_ws/build/fruit_detection/build install --record /home/kaibuchisoma/robocon_ws/build/fruit_detection/install.log --single-version-externally-managed
