[1.101s] DEBUG:colcon:Command line arguments: ['/usr/bin/colcon', 'build']
[1.101s] DEBUG:colcon:Parsed command line arguments: Namespace(allow_overriding=[], ament_cmake_args=None, base_paths=['.'], build_base='build', catkin_cmake_args=None, catkin_skip_building_tests=False, cmake_args=None, cmake_clean_cache=False, cmake_clean_first=False, cmake_force_configure=False, cmake_target=None, cmake_target_skip_unavailable=False, continue_on_error=False, event_handlers=None, executor='parallel', ignore_user_meta=False, install_base='install', log_base=None, log_level=None, main=<bound method BuildVerb.main of <colcon_core.verb.build.BuildVerb object at 0x7f46017ae250>>, merge_install=False, metas=['./colcon.meta'], packages_above=None, packages_above_and_dependencies=None, packages_above_depth=None, packages_end=None, packages_ignore=None, packages_ignore_regex=None, packages_select=None, packages_select_build_failed=False, packages_select_by_dep=None, packages_select_regex=None, packages_select_test_failures=False, packages_skip=None, packages_skip_build_finished=False, packages_skip_by_dep=None, packages_skip_regex=None, packages_skip_test_passed=False, packages_skip_up_to=None, packages_start=None, packages_up_to=None, packages_up_to_regex=None, parallel_workers=8, paths=None, symlink_install=False, test_result_base=None, verb_extension=<colcon_core.verb.build.BuildVerb object at 0x7f46017ae250>, verb_name='build', verb_parser=<colcon_defaults.argument_parser.defaults.DefaultArgumentsDecorator object at 0x7f46016c08b0>)
[1.149s] Level 1:colcon.colcon_core.package_discovery:discover_packages(colcon_meta) check parameters
[1.149s] Level 1:colcon.colcon_core.package_discovery:discover_packages(recursive) check parameters
[1.149s] Level 1:colcon.colcon_core.package_discovery:discover_packages(ignore) check parameters
[1.149s] Level 1:colcon.colcon_core.package_discovery:discover_packages(path) check parameters
[1.149s] Level 1:colcon.colcon_core.package_discovery:discover_packages(colcon_meta) discover
[1.149s] Level 1:colcon.colcon_core.package_discovery:discover_packages(recursive) discover
[1.149s] INFO:colcon.colcon_core.package_discovery:Crawling recursively for packages in '/home/ros-industrial/robocon_ws'
[1.149s] Level 1:colcon.colcon_core.package_identification:_identify(.) by extensions ['ignore', 'ignore_ament_install']
[1.149s] Level 1:colcon.colcon_core.package_identification:_identify(.) by extension 'ignore'
[1.149s] Level 1:colcon.colcon_core.package_identification:_identify(.) by extension 'ignore_ament_install'
[1.149s] Level 1:colcon.colcon_core.package_identification:_identify(.) by extensions ['colcon_pkg']
[1.149s] Level 1:colcon.colcon_core.package_identification:_identify(.) by extension 'colcon_pkg'
[1.149s] Level 1:colcon.colcon_core.package_identification:_identify(.) by extensions ['colcon_meta']
[1.149s] Level 1:colcon.colcon_core.package_identification:_identify(.) by extension 'colcon_meta'
[1.149s] Level 1:colcon.colcon_core.package_identification:_identify(.) by extensions ['ros']
[1.149s] Level 1:colcon.colcon_core.package_identification:_identify(.) by extension 'ros'
[1.161s] Level 1:colcon.colcon_core.package_identification:_identify(.) by extensions ['cmake', 'python']
[1.161s] Level 1:colcon.colcon_core.package_identification:_identify(.) by extension 'cmake'
[1.161s] Level 1:colcon.colcon_core.package_identification:_identify(.) by extension 'python'
[1.161s] Level 1:colcon.colcon_core.package_identification:_identify(.) by extensions ['python_setup_py']
[1.161s] Level 1:colcon.colcon_core.package_identification:_identify(.) by extension 'python_setup_py'
[1.161s] Level 1:colcon.colcon_core.package_identification:_identify(build) by extensions ['ignore', 'ignore_ament_install']
[1.161s] Level 1:colcon.colcon_core.package_identification:_identify(build) by extension 'ignore'
[1.161s] Level 1:colcon.colcon_core.package_identification:_identify(build) ignored
[1.161s] Level 1:colcon.colcon_core.package_identification:_identify(install) by extensions ['ignore', 'ignore_ament_install']
[1.161s] Level 1:colcon.colcon_core.package_identification:_identify(install) by extension 'ignore'
[1.161s] Level 1:colcon.colcon_core.package_identification:_identify(install) ignored
[1.161s] Level 1:colcon.colcon_core.package_identification:_identify(log) by extensions ['ignore', 'ignore_ament_install']
[1.161s] Level 1:colcon.colcon_core.package_identification:_identify(log) by extension 'ignore'
[1.161s] Level 1:colcon.colcon_core.package_identification:_identify(log) ignored
[1.161s] Level 1:colcon.colcon_core.package_identification:_identify(src) by extensions ['ignore', 'ignore_ament_install']
[1.161s] Level 1:colcon.colcon_core.package_identification:_identify(src) by extension 'ignore'
[1.161s] Level 1:colcon.colcon_core.package_identification:_identify(src) by extension 'ignore_ament_install'
[1.161s] Level 1:colcon.colcon_core.package_identification:_identify(src) by extensions ['colcon_pkg']
[1.161s] Level 1:colcon.colcon_core.package_identification:_identify(src) by extension 'colcon_pkg'
[1.161s] Level 1:colcon.colcon_core.package_identification:_identify(src) by extensions ['colcon_meta']
[1.161s] Level 1:colcon.colcon_core.package_identification:_identify(src) by extension 'colcon_meta'
[1.161s] Level 1:colcon.colcon_core.package_identification:_identify(src) by extensions ['ros']
[1.162s] Level 1:colcon.colcon_core.package_identification:_identify(src) by extension 'ros'
[1.162s] Level 1:colcon.colcon_core.package_identification:_identify(src) by extensions ['cmake', 'python']
[1.162s] Level 1:colcon.colcon_core.package_identification:_identify(src) by extension 'cmake'
[1.162s] Level 1:colcon.colcon_core.package_identification:_identify(src) by extension 'python'
[1.162s] Level 1:colcon.colcon_core.package_identification:_identify(src) by extensions ['python_setup_py']
[1.162s] Level 1:colcon.colcon_core.package_identification:_identify(src) by extension 'python_setup_py'
[1.162s] Level 1:colcon.colcon_core.package_identification:_identify(src/build) by extensions ['ignore', 'ignore_ament_install']
[1.162s] Level 1:colcon.colcon_core.package_identification:_identify(src/build) by extension 'ignore'
[1.162s] Level 1:colcon.colcon_core.package_identification:_identify(src/build) ignored
[1.162s] Level 1:colcon.colcon_core.package_identification:_identify(src/install) by extensions ['ignore', 'ignore_ament_install']
[1.162s] Level 1:colcon.colcon_core.package_identification:_identify(src/install) by extension 'ignore'
[1.162s] Level 1:colcon.colcon_core.package_identification:_identify(src/install) ignored
[1.162s] Level 1:colcon.colcon_core.package_identification:_identify(src/log) by extensions ['ignore', 'ignore_ament_install']
[1.162s] Level 1:colcon.colcon_core.package_identification:_identify(src/log) by extension 'ignore'
[1.162s] Level 1:colcon.colcon_core.package_identification:_identify(src/log) ignored
[1.162s] Level 1:colcon.colcon_core.package_identification:_identify(src/remove_920mhz) by extensions ['ignore', 'ignore_ament_install']
[1.162s] Level 1:colcon.colcon_core.package_identification:_identify(src/remove_920mhz) by extension 'ignore'
[1.162s] Level 1:colcon.colcon_core.package_identification:_identify(src/remove_920mhz) by extension 'ignore_ament_install'
[1.162s] Level 1:colcon.colcon_core.package_identification:_identify(src/remove_920mhz) by extensions ['colcon_pkg']
[1.162s] Level 1:colcon.colcon_core.package_identification:_identify(src/remove_920mhz) by extension 'colcon_pkg'
[1.162s] Level 1:colcon.colcon_core.package_identification:_identify(src/remove_920mhz) by extensions ['colcon_meta']
[1.162s] Level 1:colcon.colcon_core.package_identification:_identify(src/remove_920mhz) by extension 'colcon_meta'
[1.162s] Level 1:colcon.colcon_core.package_identification:_identify(src/remove_920mhz) by extensions ['ros']
[1.162s] Level 1:colcon.colcon_core.package_identification:_identify(src/remove_920mhz) by extension 'ros'
[1.162s] Level 1:colcon.colcon_core.package_identification:_identify(src/remove_920mhz) by extensions ['cmake', 'python']
[1.162s] Level 1:colcon.colcon_core.package_identification:_identify(src/remove_920mhz) by extension 'cmake'
[1.162s] Level 1:colcon.colcon_core.package_identification:_identify(src/remove_920mhz) by extension 'python'
[1.162s] Level 1:colcon.colcon_core.package_identification:_identify(src/remove_920mhz) by extensions ['python_setup_py']
[1.162s] Level 1:colcon.colcon_core.package_identification:_identify(src/remove_920mhz) by extension 'python_setup_py'
[1.162s] Level 1:colcon.colcon_core.package_identification:_identify(src/robocon2023_b_dash) by extensions ['ignore', 'ignore_ament_install']
[1.162s] Level 1:colcon.colcon_core.package_identification:_identify(src/robocon2023_b_dash) by extension 'ignore'
[1.162s] Level 1:colcon.colcon_core.package_identification:_identify(src/robocon2023_b_dash) by extension 'ignore_ament_install'
[1.162s] Level 1:colcon.colcon_core.package_identification:_identify(src/robocon2023_b_dash) by extensions ['colcon_pkg']
[1.162s] Level 1:colcon.colcon_core.package_identification:_identify(src/robocon2023_b_dash) by extension 'colcon_pkg'
[1.162s] Level 1:colcon.colcon_core.package_identification:_identify(src/robocon2023_b_dash) by extensions ['colcon_meta']
[1.162s] Level 1:colcon.colcon_core.package_identification:_identify(src/robocon2023_b_dash) by extension 'colcon_meta'
[1.162s] Level 1:colcon.colcon_core.package_identification:_identify(src/robocon2023_b_dash) by extensions ['ros']
[1.162s] Level 1:colcon.colcon_core.package_identification:_identify(src/robocon2023_b_dash) by extension 'ros'
[1.164s] DEBUG:colcon.colcon_core.package_identification:Package 'src/robocon2023_b_dash' with type 'ros.ament_cmake' and name 'robocon2023_b_dash'
[1.164s] Level 1:colcon.colcon_core.package_identification:_identify(src/ros_to_kimd) by extensions ['ignore', 'ignore_ament_install']
[1.164s] Level 1:colcon.colcon_core.package_identification:_identify(src/ros_to_kimd) by extension 'ignore'
[1.164s] Level 1:colcon.colcon_core.package_identification:_identify(src/ros_to_kimd) by extension 'ignore_ament_install'
[1.164s] Level 1:colcon.colcon_core.package_identification:_identify(src/ros_to_kimd) by extensions ['colcon_pkg']
[1.164s] Level 1:colcon.colcon_core.package_identification:_identify(src/ros_to_kimd) by extension 'colcon_pkg'
[1.164s] Level 1:colcon.colcon_core.package_identification:_identify(src/ros_to_kimd) by extensions ['colcon_meta']
[1.164s] Level 1:colcon.colcon_core.package_identification:_identify(src/ros_to_kimd) by extension 'colcon_meta'
[1.164s] Level 1:colcon.colcon_core.package_identification:_identify(src/ros_to_kimd) by extensions ['ros']
[1.164s] Level 1:colcon.colcon_core.package_identification:_identify(src/ros_to_kimd) by extension 'ros'
[1.164s] DEBUG:colcon.colcon_core.package_identification:Package 'src/ros_to_kimd' with type 'ros.ament_cmake' and name 'ros_to_kimd'
[1.164s] Level 1:colcon.colcon_core.package_identification:_identify(src/sllidar_ros2) by extensions ['ignore', 'ignore_ament_install']
[1.165s] Level 1:colcon.colcon_core.package_identification:_identify(src/sllidar_ros2) by extension 'ignore'
[1.165s] Level 1:colcon.colcon_core.package_identification:_identify(src/sllidar_ros2) by extension 'ignore_ament_install'
[1.165s] Level 1:colcon.colcon_core.package_identification:_identify(src/sllidar_ros2) by extensions ['colcon_pkg']
[1.165s] Level 1:colcon.colcon_core.package_identification:_identify(src/sllidar_ros2) by extension 'colcon_pkg'
[1.165s] Level 1:colcon.colcon_core.package_identification:_identify(src/sllidar_ros2) by extensions ['colcon_meta']
[1.165s] Level 1:colcon.colcon_core.package_identification:_identify(src/sllidar_ros2) by extension 'colcon_meta'
[1.165s] Level 1:colcon.colcon_core.package_identification:_identify(src/sllidar_ros2) by extensions ['ros']
[1.165s] Level 1:colcon.colcon_core.package_identification:_identify(src/sllidar_ros2) by extension 'ros'
[1.165s] DEBUG:colcon.colcon_core.package_identification:Package 'src/sllidar_ros2' with type 'ros.ament_cmake' and name 'sllidar_ros2'
[1.165s] Level 1:colcon.colcon_core.package_identification:_identify(src/time_practice) by extensions ['ignore', 'ignore_ament_install']
[1.165s] Level 1:colcon.colcon_core.package_identification:_identify(src/time_practice) by extension 'ignore'
[1.165s] Level 1:colcon.colcon_core.package_identification:_identify(src/time_practice) by extension 'ignore_ament_install'
[1.165s] Level 1:colcon.colcon_core.package_identification:_identify(src/time_practice) by extensions ['colcon_pkg']
[1.165s] Level 1:colcon.colcon_core.package_identification:_identify(src/time_practice) by extension 'colcon_pkg'
[1.165s] Level 1:colcon.colcon_core.package_identification:_identify(src/time_practice) by extensions ['colcon_meta']
[1.165s] Level 1:colcon.colcon_core.package_identification:_identify(src/time_practice) by extension 'colcon_meta'
[1.165s] Level 1:colcon.colcon_core.package_identification:_identify(src/time_practice) by extensions ['ros']
[1.165s] Level 1:colcon.colcon_core.package_identification:_identify(src/time_practice) by extension 'ros'
[1.166s] DEBUG:colcon.colcon_core.package_identification:Package 'src/time_practice' with type 'ros.ament_cmake' and name 'time_practice'
[1.166s] Level 1:colcon.colcon_core.package_identification:_identify(src/usb920_ver2) by extensions ['ignore', 'ignore_ament_install']
[1.166s] Level 1:colcon.colcon_core.package_identification:_identify(src/usb920_ver2) by extension 'ignore'
[1.166s] Level 1:colcon.colcon_core.package_identification:_identify(src/usb920_ver2) by extension 'ignore_ament_install'
[1.166s] Level 1:colcon.colcon_core.package_identification:_identify(src/usb920_ver2) by extensions ['colcon_pkg']
[1.166s] Level 1:colcon.colcon_core.package_identification:_identify(src/usb920_ver2) by extension 'colcon_pkg'
[1.166s] Level 1:colcon.colcon_core.package_identification:_identify(src/usb920_ver2) by extensions ['colcon_meta']
[1.166s] Level 1:colcon.colcon_core.package_identification:_identify(src/usb920_ver2) by extension 'colcon_meta'
[1.166s] Level 1:colcon.colcon_core.package_identification:_identify(src/usb920_ver2) by extensions ['ros']
[1.166s] Level 1:colcon.colcon_core.package_identification:_identify(src/usb920_ver2) by extension 'ros'
[1.166s] DEBUG:colcon.colcon_core.package_identification:Package 'src/usb920_ver2' with type 'ros.ament_cmake' and name 'usb920_ver2'
[1.166s] Level 1:colcon.colcon_core.package_discovery:discover_packages(recursive) using defaults
[1.166s] Level 1:colcon.colcon_core.package_discovery:discover_packages(ignore) discover
[1.166s] Level 1:colcon.colcon_core.package_discovery:discover_packages(ignore) using defaults
[1.166s] Level 1:colcon.colcon_core.package_discovery:discover_packages(path) discover
[1.166s] Level 1:colcon.colcon_core.package_discovery:discover_packages(path) using defaults
[1.269s] Level 1:colcon.colcon_core.package_discovery:discover_packages(prefix_path) check parameters
[1.269s] Level 1:colcon.colcon_core.package_discovery:discover_packages(prefix_path) discover
[1.306s] DEBUG:colcon.colcon_installed_package_information.package_discovery:Found 5 installed packages in /home/ros-industrial/robocon_ws/install
[1.325s] DEBUG:colcon.colcon_installed_package_information.package_discovery:Found 318 installed packages in /opt/ros/foxy
[1.326s] Level 1:colcon.colcon_core.package_discovery:discover_packages(prefix_path) using defaults
[1.412s] Level 5:colcon.colcon_core.verb:set package 'robocon2023_b_dash' build argument 'cmake_args' from command line to 'None'
[1.412s] Level 5:colcon.colcon_core.verb:set package 'robocon2023_b_dash' build argument 'cmake_target' from command line to 'None'
[1.412s] Level 5:colcon.colcon_core.verb:set package 'robocon2023_b_dash' build argument 'cmake_target_skip_unavailable' from command line to 'False'
[1.412s] Level 5:colcon.colcon_core.verb:set package 'robocon2023_b_dash' build argument 'cmake_clean_cache' from command line to 'False'
[1.412s] Level 5:colcon.colcon_core.verb:set package 'robocon2023_b_dash' build argument 'cmake_clean_first' from command line to 'False'
[1.412s] Level 5:colcon.colcon_core.verb:set package 'robocon2023_b_dash' build argument 'cmake_force_configure' from command line to 'False'
[1.412s] Level 5:colcon.colcon_core.verb:set package 'robocon2023_b_dash' build argument 'ament_cmake_args' from command line to 'None'
[1.412s] Level 5:colcon.colcon_core.verb:set package 'robocon2023_b_dash' build argument 'catkin_cmake_args' from command line to 'None'
[1.412s] Level 5:colcon.colcon_core.verb:set package 'robocon2023_b_dash' build argument 'catkin_skip_building_tests' from command line to 'False'
[1.412s] DEBUG:colcon.colcon_core.verb:Building package 'robocon2023_b_dash' with the following arguments: {'ament_cmake_args': None, 'build_base': '/home/ros-industrial/robocon_ws/build/robocon2023_b_dash', 'catkin_cmake_args': None, 'catkin_skip_building_tests': False, 'cmake_args': None, 'cmake_clean_cache': False, 'cmake_clean_first': False, 'cmake_force_configure': False, 'cmake_target': None, 'cmake_target_skip_unavailable': False, 'install_base': '/home/ros-industrial/robocon_ws/install/robocon2023_b_dash', 'merge_install': False, 'path': '/home/ros-industrial/robocon_ws/src/robocon2023_b_dash', 'symlink_install': False, 'test_result_base': None}
[1.431s] Level 5:colcon.colcon_core.verb:set package 'ros_to_kimd' build argument 'cmake_args' from command line to 'None'
[1.431s] Level 5:colcon.colcon_core.verb:set package 'ros_to_kimd' build argument 'cmake_target' from command line to 'None'
[1.431s] Level 5:colcon.colcon_core.verb:set package 'ros_to_kimd' build argument 'cmake_target_skip_unavailable' from command line to 'False'
[1.431s] Level 5:colcon.colcon_core.verb:set package 'ros_to_kimd' build argument 'cmake_clean_cache' from command line to 'False'
[1.431s] Level 5:colcon.colcon_core.verb:set package 'ros_to_kimd' build argument 'cmake_clean_first' from command line to 'False'
[1.431s] Level 5:colcon.colcon_core.verb:set package 'ros_to_kimd' build argument 'cmake_force_configure' from command line to 'False'
[1.431s] Level 5:colcon.colcon_core.verb:set package 'ros_to_kimd' build argument 'ament_cmake_args' from command line to 'None'
[1.431s] Level 5:colcon.colcon_core.verb:set package 'ros_to_kimd' build argument 'catkin_cmake_args' from command line to 'None'
[1.431s] Level 5:colcon.colcon_core.verb:set package 'ros_to_kimd' build argument 'catkin_skip_building_tests' from command line to 'False'
[1.431s] DEBUG:colcon.colcon_core.verb:Building package 'ros_to_kimd' with the following arguments: {'ament_cmake_args': None, 'build_base': '/home/ros-industrial/robocon_ws/build/ros_to_kimd', 'catkin_cmake_args': None, 'catkin_skip_building_tests': False, 'cmake_args': None, 'cmake_clean_cache': False, 'cmake_clean_first': False, 'cmake_force_configure': False, 'cmake_target': None, 'cmake_target_skip_unavailable': False, 'install_base': '/home/ros-industrial/robocon_ws/install/ros_to_kimd', 'merge_install': False, 'path': '/home/ros-industrial/robocon_ws/src/ros_to_kimd', 'symlink_install': False, 'test_result_base': None}
[1.450s] Level 5:colcon.colcon_core.verb:set package 'sllidar_ros2' build argument 'cmake_args' from command line to 'None'
[1.450s] Level 5:colcon.colcon_core.verb:set package 'sllidar_ros2' build argument 'cmake_target' from command line to 'None'
[1.450s] Level 5:colcon.colcon_core.verb:set package 'sllidar_ros2' build argument 'cmake_target_skip_unavailable' from command line to 'False'
[1.450s] Level 5:colcon.colcon_core.verb:set package 'sllidar_ros2' build argument 'cmake_clean_cache' from command line to 'False'
[1.450s] Level 5:colcon.colcon_core.verb:set package 'sllidar_ros2' build argument 'cmake_clean_first' from command line to 'False'
[1.450s] Level 5:colcon.colcon_core.verb:set package 'sllidar_ros2' build argument 'cmake_force_configure' from command line to 'False'
[1.450s] Level 5:colcon.colcon_core.verb:set package 'sllidar_ros2' build argument 'ament_cmake_args' from command line to 'None'
[1.450s] Level 5:colcon.colcon_core.verb:set package 'sllidar_ros2' build argument 'catkin_cmake_args' from command line to 'None'
[1.450s] Level 5:colcon.colcon_core.verb:set package 'sllidar_ros2' build argument 'catkin_skip_building_tests' from command line to 'False'
[1.450s] DEBUG:colcon.colcon_core.verb:Building package 'sllidar_ros2' with the following arguments: {'ament_cmake_args': None, 'build_base': '/home/ros-industrial/robocon_ws/build/sllidar_ros2', 'catkin_cmake_args': None, 'catkin_skip_building_tests': False, 'cmake_args': None, 'cmake_clean_cache': False, 'cmake_clean_first': False, 'cmake_force_configure': False, 'cmake_target': None, 'cmake_target_skip_unavailable': False, 'install_base': '/home/ros-industrial/robocon_ws/install/sllidar_ros2', 'merge_install': False, 'path': '/home/ros-industrial/robocon_ws/src/sllidar_ros2', 'symlink_install': False, 'test_result_base': None}
[1.469s] Level 5:colcon.colcon_core.verb:set package 'time_practice' build argument 'cmake_args' from command line to 'None'
[1.469s] Level 5:colcon.colcon_core.verb:set package 'time_practice' build argument 'cmake_target' from command line to 'None'
[1.469s] Level 5:colcon.colcon_core.verb:set package 'time_practice' build argument 'cmake_target_skip_unavailable' from command line to 'False'
[1.469s] Level 5:colcon.colcon_core.verb:set package 'time_practice' build argument 'cmake_clean_cache' from command line to 'False'
[1.469s] Level 5:colcon.colcon_core.verb:set package 'time_practice' build argument 'cmake_clean_first' from command line to 'False'
[1.469s] Level 5:colcon.colcon_core.verb:set package 'time_practice' build argument 'cmake_force_configure' from command line to 'False'
[1.469s] Level 5:colcon.colcon_core.verb:set package 'time_practice' build argument 'ament_cmake_args' from command line to 'None'
[1.469s] Level 5:colcon.colcon_core.verb:set package 'time_practice' build argument 'catkin_cmake_args' from command line to 'None'
[1.469s] Level 5:colcon.colcon_core.verb:set package 'time_practice' build argument 'catkin_skip_building_tests' from command line to 'False'
[1.469s] DEBUG:colcon.colcon_core.verb:Building package 'time_practice' with the following arguments: {'ament_cmake_args': None, 'build_base': '/home/ros-industrial/robocon_ws/build/time_practice', 'catkin_cmake_args': None, 'catkin_skip_building_tests': False, 'cmake_args': None, 'cmake_clean_cache': False, 'cmake_clean_first': False, 'cmake_force_configure': False, 'cmake_target': None, 'cmake_target_skip_unavailable': False, 'install_base': '/home/ros-industrial/robocon_ws/install/time_practice', 'merge_install': False, 'path': '/home/ros-industrial/robocon_ws/src/time_practice', 'symlink_install': False, 'test_result_base': None}
[1.488s] Level 5:colcon.colcon_core.verb:set package 'usb920_ver2' build argument 'cmake_args' from command line to 'None'
[1.488s] Level 5:colcon.colcon_core.verb:set package 'usb920_ver2' build argument 'cmake_target' from command line to 'None'
[1.488s] Level 5:colcon.colcon_core.verb:set package 'usb920_ver2' build argument 'cmake_target_skip_unavailable' from command line to 'False'
[1.488s] Level 5:colcon.colcon_core.verb:set package 'usb920_ver2' build argument 'cmake_clean_cache' from command line to 'False'
[1.488s] Level 5:colcon.colcon_core.verb:set package 'usb920_ver2' build argument 'cmake_clean_first' from command line to 'False'
[1.488s] Level 5:colcon.colcon_core.verb:set package 'usb920_ver2' build argument 'cmake_force_configure' from command line to 'False'
[1.488s] Level 5:colcon.colcon_core.verb:set package 'usb920_ver2' build argument 'ament_cmake_args' from command line to 'None'
[1.488s] Level 5:colcon.colcon_core.verb:set package 'usb920_ver2' build argument 'catkin_cmake_args' from command line to 'None'
[1.488s] Level 5:colcon.colcon_core.verb:set package 'usb920_ver2' build argument 'catkin_skip_building_tests' from command line to 'False'
[1.488s] DEBUG:colcon.colcon_core.verb:Building package 'usb920_ver2' with the following arguments: {'ament_cmake_args': None, 'build_base': '/home/ros-industrial/robocon_ws/build/usb920_ver2', 'catkin_cmake_args': None, 'catkin_skip_building_tests': False, 'cmake_args': None, 'cmake_clean_cache': False, 'cmake_clean_first': False, 'cmake_force_configure': False, 'cmake_target': None, 'cmake_target_skip_unavailable': False, 'install_base': '/home/ros-industrial/robocon_ws/install/usb920_ver2', 'merge_install': False, 'path': '/home/ros-industrial/robocon_ws/src/usb920_ver2', 'symlink_install': False, 'test_result_base': None}
[1.506s] INFO:colcon.colcon_core.executor:Executing jobs using 'parallel' executor
[1.525s] DEBUG:colcon.colcon_parallel_executor.executor.parallel:run_until_complete
[1.526s] INFO:colcon.colcon_ros.task.ament_cmake.build:Building ROS package in '/home/ros-industrial/robocon_ws/src/robocon2023_b_dash' with build type 'ament_cmake'
[1.526s] INFO:colcon.colcon_cmake.task.cmake.build:Building CMake package in '/home/ros-industrial/robocon_ws/src/robocon2023_b_dash'
[1.545s] INFO:colcon.colcon_core.plugin_system:Skipping extension 'colcon_core.shell.bat': Not used on non-Windows systems
[1.546s] INFO:colcon.colcon_core.shell:Skip shell extension 'powershell' for command environment: Not usable outside of PowerShell
[1.546s] DEBUG:colcon.colcon_core.shell:Skip shell extension 'dsv' for command environment
[1.606s] INFO:colcon.colcon_ros.task.ament_cmake.build:Building ROS package in '/home/ros-industrial/robocon_ws/src/ros_to_kimd' with build type 'ament_cmake'
[1.606s] INFO:colcon.colcon_cmake.task.cmake.build:Building CMake package in '/home/ros-industrial/robocon_ws/src/ros_to_kimd'
[1.627s] INFO:colcon.colcon_core.shell:Skip shell extension 'powershell' for command environment: Not usable outside of PowerShell
[1.627s] DEBUG:colcon.colcon_core.shell:Skip shell extension 'dsv' for command environment
[1.693s] INFO:colcon.colcon_ros.task.ament_cmake.build:Building ROS package in '/home/ros-industrial/robocon_ws/src/sllidar_ros2' with build type 'ament_cmake'
[1.693s] INFO:colcon.colcon_cmake.task.cmake.build:Building CMake package in '/home/ros-industrial/robocon_ws/src/sllidar_ros2'
[1.713s] INFO:colcon.colcon_core.shell:Skip shell extension 'powershell' for command environment: Not usable outside of PowerShell
[1.713s] DEBUG:colcon.colcon_core.shell:Skip shell extension 'dsv' for command environment
[1.782s] INFO:colcon.colcon_ros.task.ament_cmake.build:Building ROS package in '/home/ros-industrial/robocon_ws/src/time_practice' with build type 'ament_cmake'
[1.783s] INFO:colcon.colcon_cmake.task.cmake.build:Building CMake package in '/home/ros-industrial/robocon_ws/src/time_practice'
[1.806s] INFO:colcon.colcon_core.shell:Skip shell extension 'powershell' for command environment: Not usable outside of PowerShell
[1.806s] DEBUG:colcon.colcon_core.shell:Skip shell extension 'dsv' for command environment
[1.878s] INFO:colcon.colcon_ros.task.ament_cmake.build:Building ROS package in '/home/ros-industrial/robocon_ws/src/usb920_ver2' with build type 'ament_cmake'
[1.879s] INFO:colcon.colcon_cmake.task.cmake.build:Building CMake package in '/home/ros-industrial/robocon_ws/src/usb920_ver2'
[1.901s] INFO:colcon.colcon_core.shell:Skip shell extension 'powershell' for command environment: Not usable outside of PowerShell
[1.901s] DEBUG:colcon.colcon_core.shell:Skip shell extension 'dsv' for command environment
[1.978s] DEBUG:colcon.colcon_core.event_handler.log_command:Invoking command in '/home/ros-industrial/robocon_ws/build/robocon2023_b_dash': CMAKE_PREFIX_PATH=${CMAKE_PREFIX_PATH}:/opt/ros/foxy /usr/bin/cmake --build /home/ros-industrial/robocon_ws/build/robocon2023_b_dash -- -j8 -l8
[1.987s] DEBUG:colcon.colcon_core.event_handler.log_command:Invoking command in '/home/ros-industrial/robocon_ws/build/ros_to_kimd': CMAKE_PREFIX_PATH=${CMAKE_PREFIX_PATH}:/opt/ros/foxy /usr/bin/cmake --build /home/ros-industrial/robocon_ws/build/ros_to_kimd -- -j8 -l8
[1.993s] DEBUG:colcon.colcon_core.event_handler.log_command:Invoking command in '/home/ros-industrial/robocon_ws/build/sllidar_ros2': CMAKE_PREFIX_PATH=${CMAKE_PREFIX_PATH}:/opt/ros/foxy /usr/bin/cmake --build /home/ros-industrial/robocon_ws/build/sllidar_ros2 -- -j8 -l8
[2.002s] DEBUG:colcon.colcon_core.event_handler.log_command:Invoking command in '/home/ros-industrial/robocon_ws/build/time_practice': CMAKE_PREFIX_PATH=${CMAKE_PREFIX_PATH}:/opt/ros/foxy /usr/bin/cmake --build /home/ros-industrial/robocon_ws/build/time_practice -- -j8 -l8
[2.008s] DEBUG:colcon.colcon_core.event_handler.log_command:Invoking command in '/home/ros-industrial/robocon_ws/build/usb920_ver2': CMAKE_PREFIX_PATH=${CMAKE_PREFIX_PATH}:/opt/ros/foxy /usr/bin/cmake --build /home/ros-industrial/robocon_ws/build/usb920_ver2 -- -j8 -l8
[2.056s] DEBUG:colcon.colcon_core.event_handler.log_command:Invoked command in '/home/ros-industrial/robocon_ws/build/ros_to_kimd' returned '0': CMAKE_PREFIX_PATH=${CMAKE_PREFIX_PATH}:/opt/ros/foxy /usr/bin/cmake --build /home/ros-industrial/robocon_ws/build/ros_to_kimd -- -j8 -l8
[2.069s] DEBUG:colcon.colcon_core.event_handler.log_command:Invoked command in '/home/ros-industrial/robocon_ws/build/time_practice' returned '0': CMAKE_PREFIX_PATH=${CMAKE_PREFIX_PATH}:/opt/ros/foxy /usr/bin/cmake --build /home/ros-industrial/robocon_ws/build/time_practice -- -j8 -l8
[2.072s] DEBUG:colcon.colcon_core.event_handler.log_command:Invoked command in '/home/ros-industrial/robocon_ws/build/usb920_ver2' returned '0': CMAKE_PREFIX_PATH=${CMAKE_PREFIX_PATH}:/opt/ros/foxy /usr/bin/cmake --build /home/ros-industrial/robocon_ws/build/usb920_ver2 -- -j8 -l8
[2.078s] DEBUG:colcon.colcon_core.event_handler.log_command:Invoked command in '/home/ros-industrial/robocon_ws/build/sllidar_ros2' returned '0': CMAKE_PREFIX_PATH=${CMAKE_PREFIX_PATH}:/opt/ros/foxy /usr/bin/cmake --build /home/ros-industrial/robocon_ws/build/sllidar_ros2 -- -j8 -l8
[2.097s] DEBUG:colcon.colcon_core.event_handler.log_command:Invoking command in '/home/ros-industrial/robocon_ws/build/ros_to_kimd': CMAKE_PREFIX_PATH=${CMAKE_PREFIX_PATH}:/opt/ros/foxy /usr/bin/cmake --install /home/ros-industrial/robocon_ws/build/ros_to_kimd
[2.101s] DEBUG:colcon.colcon_core.event_handler.log_command:Invoking command in '/home/ros-industrial/robocon_ws/build/usb920_ver2': CMAKE_PREFIX_PATH=${CMAKE_PREFIX_PATH}:/opt/ros/foxy /usr/bin/cmake --install /home/ros-industrial/robocon_ws/build/usb920_ver2
[2.105s] DEBUG:colcon.colcon_core.event_handler.log_command:Invoking command in '/home/ros-industrial/robocon_ws/build/time_practice': CMAKE_PREFIX_PATH=${CMAKE_PREFIX_PATH}:/opt/ros/foxy /usr/bin/cmake --install /home/ros-industrial/robocon_ws/build/time_practice
[2.109s] Level 1:colcon.colcon_core.environment:create_environment_scripts_only(ros_to_kimd)
[2.114s] DEBUG:colcon.colcon_core.event_handler.log_command:Invoked command in '/home/ros-industrial/robocon_ws/build/ros_to_kimd' returned '0': CMAKE_PREFIX_PATH=${CMAKE_PREFIX_PATH}:/opt/ros/foxy /usr/bin/cmake --install /home/ros-industrial/robocon_ws/build/ros_to_kimd
[2.141s] Level 1:colcon.colcon_core.environment:checking '/home/ros-industrial/robocon_ws/install/ros_to_kimd' for CMake module files
[2.142s] Level 1:colcon.colcon_core.environment:checking '/home/ros-industrial/robocon_ws/install/ros_to_kimd' for CMake config files
[2.142s] Level 1:colcon.colcon_core.shell:create_environment_hook('ros_to_kimd', 'cmake_prefix_path')
[2.164s] INFO:colcon.colcon_core.shell:Creating environment hook '/home/ros-industrial/robocon_ws/install/ros_to_kimd/share/ros_to_kimd/hook/cmake_prefix_path.ps1'
[2.165s] INFO:colcon.colcon_core.shell:Creating environment descriptor '/home/ros-industrial/robocon_ws/install/ros_to_kimd/share/ros_to_kimd/hook/cmake_prefix_path.dsv'
[2.165s] INFO:colcon.colcon_core.shell:Creating environment hook '/home/ros-industrial/robocon_ws/install/ros_to_kimd/share/ros_to_kimd/hook/cmake_prefix_path.sh'
[2.166s] Level 1:colcon.colcon_core.environment:checking '/home/ros-industrial/robocon_ws/install/ros_to_kimd/lib'
[2.166s] Level 1:colcon.colcon_core.environment:checking '/home/ros-industrial/robocon_ws/install/ros_to_kimd/bin'
[2.166s] Level 1:colcon.colcon_core.environment:checking '/home/ros-industrial/robocon_ws/install/ros_to_kimd/lib/pkgconfig/ros_to_kimd.pc'
[2.166s] Level 1:colcon.colcon_core.environment:checking '/home/ros-industrial/robocon_ws/install/ros_to_kimd/lib/python3.8/site-packages'
[2.166s] Level 1:colcon.colcon_core.environment:checking '/home/ros-industrial/robocon_ws/install/ros_to_kimd/bin'
[2.189s] INFO:colcon.colcon_core.shell:Creating package script '/home/ros-industrial/robocon_ws/install/ros_to_kimd/share/ros_to_kimd/package.ps1'
[2.190s] INFO:colcon.colcon_core.shell:Creating package descriptor '/home/ros-industrial/robocon_ws/install/ros_to_kimd/share/ros_to_kimd/package.dsv'
[2.190s] INFO:colcon.colcon_core.shell:Creating package script '/home/ros-industrial/robocon_ws/install/ros_to_kimd/share/ros_to_kimd/package.sh'
[2.191s] INFO:colcon.colcon_core.shell:Creating package script '/home/ros-industrial/robocon_ws/install/ros_to_kimd/share/ros_to_kimd/package.bash'
[2.191s] INFO:colcon.colcon_core.shell:Creating package script '/home/ros-industrial/robocon_ws/install/ros_to_kimd/share/ros_to_kimd/package.zsh'
[2.192s] Level 1:colcon.colcon_core.environment:create_file_with_runtime_dependencies(/home/ros-industrial/robocon_ws/install/ros_to_kimd/share/colcon-core/packages/ros_to_kimd)
[2.195s] Level 1:colcon.colcon_core.environment:create_environment_scripts_only(usb920_ver2)
[2.197s] DEBUG:colcon.colcon_core.event_handler.log_command:Invoked command in '/home/ros-industrial/robocon_ws/build/usb920_ver2' returned '0': CMAKE_PREFIX_PATH=${CMAKE_PREFIX_PATH}:/opt/ros/foxy /usr/bin/cmake --install /home/ros-industrial/robocon_ws/build/usb920_ver2
[2.231s] Level 1:colcon.colcon_core.environment:checking '/home/ros-industrial/robocon_ws/install/usb920_ver2' for CMake module files
[2.231s] Level 1:colcon.colcon_core.environment:checking '/home/ros-industrial/robocon_ws/install/usb920_ver2' for CMake config files
[2.232s] Level 1:colcon.colcon_core.shell:create_environment_hook('usb920_ver2', 'cmake_prefix_path')
[2.255s] INFO:colcon.colcon_core.shell:Creating environment hook '/home/ros-industrial/robocon_ws/install/usb920_ver2/share/usb920_ver2/hook/cmake_prefix_path.ps1'
[2.256s] INFO:colcon.colcon_core.shell:Creating environment descriptor '/home/ros-industrial/robocon_ws/install/usb920_ver2/share/usb920_ver2/hook/cmake_prefix_path.dsv'
[2.256s] INFO:colcon.colcon_core.shell:Creating environment hook '/home/ros-industrial/robocon_ws/install/usb920_ver2/share/usb920_ver2/hook/cmake_prefix_path.sh'
[2.257s] Level 1:colcon.colcon_core.environment:checking '/home/ros-industrial/robocon_ws/install/usb920_ver2/lib'
[2.257s] Level 1:colcon.colcon_core.environment:checking '/home/ros-industrial/robocon_ws/install/usb920_ver2/bin'
[2.257s] Level 1:colcon.colcon_core.environment:checking '/home/ros-industrial/robocon_ws/install/usb920_ver2/lib/pkgconfig/usb920_ver2.pc'
[2.257s] Level 1:colcon.colcon_core.environment:checking '/home/ros-industrial/robocon_ws/install/usb920_ver2/lib/python3.8/site-packages'
[2.257s] Level 1:colcon.colcon_core.environment:checking '/home/ros-industrial/robocon_ws/install/usb920_ver2/bin'
[2.281s] INFO:colcon.colcon_core.shell:Creating package script '/home/ros-industrial/robocon_ws/install/usb920_ver2/share/usb920_ver2/package.ps1'
[2.282s] INFO:colcon.colcon_core.shell:Creating package descriptor '/home/ros-industrial/robocon_ws/install/usb920_ver2/share/usb920_ver2/package.dsv'
[2.282s] INFO:colcon.colcon_core.shell:Creating package script '/home/ros-industrial/robocon_ws/install/usb920_ver2/share/usb920_ver2/package.sh'
[2.282s] INFO:colcon.colcon_core.shell:Creating package script '/home/ros-industrial/robocon_ws/install/usb920_ver2/share/usb920_ver2/package.bash'
[2.283s] INFO:colcon.colcon_core.shell:Creating package script '/home/ros-industrial/robocon_ws/install/usb920_ver2/share/usb920_ver2/package.zsh'
[2.283s] Level 1:colcon.colcon_core.environment:create_file_with_runtime_dependencies(/home/ros-industrial/robocon_ws/install/usb920_ver2/share/colcon-core/packages/usb920_ver2)
[2.289s] Level 1:colcon.colcon_core.environment:create_environment_scripts_only(time_practice)
[2.295s] DEBUG:colcon.colcon_core.event_handler.log_command:Invoked command in '/home/ros-industrial/robocon_ws/build/time_practice' returned '0': CMAKE_PREFIX_PATH=${CMAKE_PREFIX_PATH}:/opt/ros/foxy /usr/bin/cmake --install /home/ros-industrial/robocon_ws/build/time_practice
[2.313s] Level 1:colcon.colcon_core.environment:checking '/home/ros-industrial/robocon_ws/install/time_practice' for CMake module files
[2.314s] Level 1:colcon.colcon_core.environment:checking '/home/ros-industrial/robocon_ws/install/time_practice' for CMake config files
[2.314s] Level 1:colcon.colcon_core.shell:create_environment_hook('time_practice', 'cmake_prefix_path')
[2.338s] INFO:colcon.colcon_core.shell:Creating environment hook '/home/ros-industrial/robocon_ws/install/time_practice/share/time_practice/hook/cmake_prefix_path.ps1'
[2.338s] INFO:colcon.colcon_core.shell:Creating environment descriptor '/home/ros-industrial/robocon_ws/install/time_practice/share/time_practice/hook/cmake_prefix_path.dsv'
[2.338s] INFO:colcon.colcon_core.shell:Creating environment hook '/home/ros-industrial/robocon_ws/install/time_practice/share/time_practice/hook/cmake_prefix_path.sh'
[2.339s] Level 1:colcon.colcon_core.environment:checking '/home/ros-industrial/robocon_ws/install/time_practice/lib'
[2.339s] Level 1:colcon.colcon_core.environment:checking '/home/ros-industrial/robocon_ws/install/time_practice/bin'
[2.339s] Level 1:colcon.colcon_core.environment:checking '/home/ros-industrial/robocon_ws/install/time_practice/lib/pkgconfig/time_practice.pc'
[2.339s] Level 1:colcon.colcon_core.environment:checking '/home/ros-industrial/robocon_ws/install/time_practice/lib/python3.8/site-packages'
[2.339s] Level 1:colcon.colcon_core.environment:checking '/home/ros-industrial/robocon_ws/install/time_practice/bin'
[2.363s] INFO:colcon.colcon_core.shell:Creating package script '/home/ros-industrial/robocon_ws/install/time_practice/share/time_practice/package.ps1'
[2.363s] INFO:colcon.colcon_core.shell:Creating package descriptor '/home/ros-industrial/robocon_ws/install/time_practice/share/time_practice/package.dsv'
[2.364s] INFO:colcon.colcon_core.shell:Creating package script '/home/ros-industrial/robocon_ws/install/time_practice/share/time_practice/package.sh'
[2.364s] INFO:colcon.colcon_core.shell:Creating package script '/home/ros-industrial/robocon_ws/install/time_practice/share/time_practice/package.bash'
[2.365s] INFO:colcon.colcon_core.shell:Creating package script '/home/ros-industrial/robocon_ws/install/time_practice/share/time_practice/package.zsh'
[2.365s] Level 1:colcon.colcon_core.environment:create_file_with_runtime_dependencies(/home/ros-industrial/robocon_ws/install/time_practice/share/colcon-core/packages/time_practice)
[2.373s] DEBUG:colcon.colcon_core.event_handler.log_command:Invoking command in '/home/ros-industrial/robocon_ws/build/sllidar_ros2': CMAKE_PREFIX_PATH=${CMAKE_PREFIX_PATH}:/opt/ros/foxy /usr/bin/cmake --install /home/ros-industrial/robocon_ws/build/sllidar_ros2
[2.408s] Level 1:colcon.colcon_core.environment:create_environment_scripts_only(ros_to_kimd)
[2.431s] Level 1:colcon.colcon_core.environment:checking '/home/ros-industrial/robocon_ws/install/ros_to_kimd' for CMake module files
[2.432s] Level 1:colcon.colcon_core.environment:checking '/home/ros-industrial/robocon_ws/install/ros_to_kimd' for CMake config files
[2.432s] Level 1:colcon.colcon_core.shell:create_environment_hook('ros_to_kimd', 'cmake_prefix_path')
[2.454s] INFO:colcon.colcon_core.shell:Creating environment hook '/home/ros-industrial/robocon_ws/install/ros_to_kimd/share/ros_to_kimd/hook/cmake_prefix_path.ps1'
[2.455s] INFO:colcon.colcon_core.shell:Creating environment descriptor '/home/ros-industrial/robocon_ws/install/ros_to_kimd/share/ros_to_kimd/hook/cmake_prefix_path.dsv'
[2.455s] INFO:colcon.colcon_core.shell:Creating environment hook '/home/ros-industrial/robocon_ws/install/ros_to_kimd/share/ros_to_kimd/hook/cmake_prefix_path.sh'
[2.456s] Level 1:colcon.colcon_core.environment:checking '/home/ros-industrial/robocon_ws/install/ros_to_kimd/lib'
[2.456s] Level 1:colcon.colcon_core.environment:checking '/home/ros-industrial/robocon_ws/install/ros_to_kimd/bin'
[2.456s] Level 1:colcon.colcon_core.environment:checking '/home/ros-industrial/robocon_ws/install/ros_to_kimd/lib/pkgconfig/ros_to_kimd.pc'
[2.456s] Level 1:colcon.colcon_core.environment:checking '/home/ros-industrial/robocon_ws/install/ros_to_kimd/lib/python3.8/site-packages'
[2.456s] Level 1:colcon.colcon_core.environment:checking '/home/ros-industrial/robocon_ws/install/ros_to_kimd/bin'
[2.477s] INFO:colcon.colcon_core.shell:Creating package script '/home/ros-industrial/robocon_ws/install/ros_to_kimd/share/ros_to_kimd/package.ps1'
[2.478s] INFO:colcon.colcon_core.shell:Creating package descriptor '/home/ros-industrial/robocon_ws/install/ros_to_kimd/share/ros_to_kimd/package.dsv'
[2.478s] INFO:colcon.colcon_core.shell:Creating package script '/home/ros-industrial/robocon_ws/install/ros_to_kimd/share/ros_to_kimd/package.sh'
[2.479s] INFO:colcon.colcon_core.shell:Creating package script '/home/ros-industrial/robocon_ws/install/ros_to_kimd/share/ros_to_kimd/package.bash'
[2.479s] INFO:colcon.colcon_core.shell:Creating package script '/home/ros-industrial/robocon_ws/install/ros_to_kimd/share/ros_to_kimd/package.zsh'
[2.479s] Level 1:colcon.colcon_core.environment:create_file_with_runtime_dependencies(/home/ros-industrial/robocon_ws/install/ros_to_kimd/share/colcon-core/packages/ros_to_kimd)
[2.505s] Level 1:colcon.colcon_core.environment:create_environment_scripts_only(usb920_ver2)
[2.529s] Level 1:colcon.colcon_core.environment:checking '/home/ros-industrial/robocon_ws/install/usb920_ver2' for CMake module files
[2.529s] Level 1:colcon.colcon_core.environment:checking '/home/ros-industrial/robocon_ws/install/usb920_ver2' for CMake config files
[2.529s] Level 1:colcon.colcon_core.shell:create_environment_hook('usb920_ver2', 'cmake_prefix_path')
[2.552s] INFO:colcon.colcon_core.shell:Creating environment hook '/home/ros-industrial/robocon_ws/install/usb920_ver2/share/usb920_ver2/hook/cmake_prefix_path.ps1'
[2.553s] INFO:colcon.colcon_core.shell:Creating environment descriptor '/home/ros-industrial/robocon_ws/install/usb920_ver2/share/usb920_ver2/hook/cmake_prefix_path.dsv'
[2.553s] INFO:colcon.colcon_core.shell:Creating environment hook '/home/ros-industrial/robocon_ws/install/usb920_ver2/share/usb920_ver2/hook/cmake_prefix_path.sh'
[2.554s] Level 1:colcon.colcon_core.environment:checking '/home/ros-industrial/robocon_ws/install/usb920_ver2/lib'
[2.554s] Level 1:colcon.colcon_core.environment:checking '/home/ros-industrial/robocon_ws/install/usb920_ver2/bin'
[2.554s] Level 1:colcon.colcon_core.environment:checking '/home/ros-industrial/robocon_ws/install/usb920_ver2/lib/pkgconfig/usb920_ver2.pc'
[2.554s] Level 1:colcon.colcon_core.environment:checking '/home/ros-industrial/robocon_ws/install/usb920_ver2/lib/python3.8/site-packages'
[2.554s] Level 1:colcon.colcon_core.environment:checking '/home/ros-industrial/robocon_ws/install/usb920_ver2/bin'
[2.579s] INFO:colcon.colcon_core.shell:Creating package script '/home/ros-industrial/robocon_ws/install/usb920_ver2/share/usb920_ver2/package.ps1'
[2.580s] INFO:colcon.colcon_core.shell:Creating package descriptor '/home/ros-industrial/robocon_ws/install/usb920_ver2/share/usb920_ver2/package.dsv'
[2.580s] INFO:colcon.colcon_core.shell:Creating package script '/home/ros-industrial/robocon_ws/install/usb920_ver2/share/usb920_ver2/package.sh'
[2.581s] INFO:colcon.colcon_core.shell:Creating package script '/home/ros-industrial/robocon_ws/install/usb920_ver2/share/usb920_ver2/package.bash'
[2.581s] INFO:colcon.colcon_core.shell:Creating package script '/home/ros-industrial/robocon_ws/install/usb920_ver2/share/usb920_ver2/package.zsh'
[2.581s] Level 1:colcon.colcon_core.environment:create_file_with_runtime_dependencies(/home/ros-industrial/robocon_ws/install/usb920_ver2/share/colcon-core/packages/usb920_ver2)
[2.582s] Level 1:colcon.colcon_core.environment:create_environment_scripts_only(sllidar_ros2)
[2.583s] DEBUG:colcon.colcon_core.event_handler.log_command:Invoked command in '/home/ros-industrial/robocon_ws/build/sllidar_ros2' returned '0': CMAKE_PREFIX_PATH=${CMAKE_PREFIX_PATH}:/opt/ros/foxy /usr/bin/cmake --install /home/ros-industrial/robocon_ws/build/sllidar_ros2
[2.606s] Level 1:colcon.colcon_core.environment:checking '/home/ros-industrial/robocon_ws/install/sllidar_ros2' for CMake module files
[2.607s] Level 1:colcon.colcon_core.environment:checking '/home/ros-industrial/robocon_ws/install/sllidar_ros2' for CMake config files
[2.607s] Level 1:colcon.colcon_core.shell:create_environment_hook('sllidar_ros2', 'cmake_prefix_path')
[2.629s] INFO:colcon.colcon_core.shell:Creating environment hook '/home/ros-industrial/robocon_ws/install/sllidar_ros2/share/sllidar_ros2/hook/cmake_prefix_path.ps1'
[2.630s] INFO:colcon.colcon_core.shell:Creating environment descriptor '/home/ros-industrial/robocon_ws/install/sllidar_ros2/share/sllidar_ros2/hook/cmake_prefix_path.dsv'
[2.630s] INFO:colcon.colcon_core.shell:Creating environment hook '/home/ros-industrial/robocon_ws/install/sllidar_ros2/share/sllidar_ros2/hook/cmake_prefix_path.sh'
[2.631s] Level 1:colcon.colcon_core.environment:checking '/home/ros-industrial/robocon_ws/install/sllidar_ros2/lib'
[2.631s] Level 1:colcon.colcon_core.environment:checking '/home/ros-industrial/robocon_ws/install/sllidar_ros2/bin'
[2.631s] Level 1:colcon.colcon_core.environment:checking '/home/ros-industrial/robocon_ws/install/sllidar_ros2/lib/pkgconfig/sllidar_ros2.pc'
[2.631s] Level 1:colcon.colcon_core.environment:checking '/home/ros-industrial/robocon_ws/install/sllidar_ros2/lib/python3.8/site-packages'
[2.631s] Level 1:colcon.colcon_core.environment:checking '/home/ros-industrial/robocon_ws/install/sllidar_ros2/bin'
[2.654s] INFO:colcon.colcon_core.shell:Creating package script '/home/ros-industrial/robocon_ws/install/sllidar_ros2/share/sllidar_ros2/package.ps1'
[2.655s] INFO:colcon.colcon_core.shell:Creating package descriptor '/home/ros-industrial/robocon_ws/install/sllidar_ros2/share/sllidar_ros2/package.dsv'
[2.655s] INFO:colcon.colcon_core.shell:Creating package script '/home/ros-industrial/robocon_ws/install/sllidar_ros2/share/sllidar_ros2/package.sh'
[2.656s] INFO:colcon.colcon_core.shell:Creating package script '/home/ros-industrial/robocon_ws/install/sllidar_ros2/share/sllidar_ros2/package.bash'
[2.656s] INFO:colcon.colcon_core.shell:Creating package script '/home/ros-industrial/robocon_ws/install/sllidar_ros2/share/sllidar_ros2/package.zsh'
[2.656s] Level 1:colcon.colcon_core.environment:create_file_with_runtime_dependencies(/home/ros-industrial/robocon_ws/install/sllidar_ros2/share/colcon-core/packages/sllidar_ros2)
[2.685s] Level 1:colcon.colcon_core.environment:create_environment_scripts_only(time_practice)
[2.707s] Level 1:colcon.colcon_core.environment:checking '/home/ros-industrial/robocon_ws/install/time_practice' for CMake module files
[2.708s] Level 1:colcon.colcon_core.environment:checking '/home/ros-industrial/robocon_ws/install/time_practice' for CMake config files
[2.708s] Level 1:colcon.colcon_core.shell:create_environment_hook('time_practice', 'cmake_prefix_path')
[2.730s] INFO:colcon.colcon_core.shell:Creating environment hook '/home/ros-industrial/robocon_ws/install/time_practice/share/time_practice/hook/cmake_prefix_path.ps1'
[2.731s] INFO:colcon.colcon_core.shell:Creating environment descriptor '/home/ros-industrial/robocon_ws/install/time_practice/share/time_practice/hook/cmake_prefix_path.dsv'
[2.731s] INFO:colcon.colcon_core.shell:Creating environment hook '/home/ros-industrial/robocon_ws/install/time_practice/share/time_practice/hook/cmake_prefix_path.sh'
[2.731s] Level 1:colcon.colcon_core.environment:checking '/home/ros-industrial/robocon_ws/install/time_practice/lib'
[2.732s] Level 1:colcon.colcon_core.environment:checking '/home/ros-industrial/robocon_ws/install/time_practice/bin'
[2.732s] Level 1:colcon.colcon_core.environment:checking '/home/ros-industrial/robocon_ws/install/time_practice/lib/pkgconfig/time_practice.pc'
[2.732s] Level 1:colcon.colcon_core.environment:checking '/home/ros-industrial/robocon_ws/install/time_practice/lib/python3.8/site-packages'
[2.732s] Level 1:colcon.colcon_core.environment:checking '/home/ros-industrial/robocon_ws/install/time_practice/bin'
[2.755s] INFO:colcon.colcon_core.shell:Creating package script '/home/ros-industrial/robocon_ws/install/time_practice/share/time_practice/package.ps1'
[2.756s] INFO:colcon.colcon_core.shell:Creating package descriptor '/home/ros-industrial/robocon_ws/install/time_practice/share/time_practice/package.dsv'
[2.756s] INFO:colcon.colcon_core.shell:Creating package script '/home/ros-industrial/robocon_ws/install/time_practice/share/time_practice/package.sh'
[2.756s] INFO:colcon.colcon_core.shell:Creating package script '/home/ros-industrial/robocon_ws/install/time_practice/share/time_practice/package.bash'
[2.757s] INFO:colcon.colcon_core.shell:Creating package script '/home/ros-industrial/robocon_ws/install/time_practice/share/time_practice/package.zsh'
[2.757s] Level 1:colcon.colcon_core.environment:create_file_with_runtime_dependencies(/home/ros-industrial/robocon_ws/install/time_practice/share/colcon-core/packages/time_practice)
[2.780s] Level 1:colcon.colcon_core.environment:create_environment_scripts_only(sllidar_ros2)
[2.808s] Level 1:colcon.colcon_core.environment:checking '/home/ros-industrial/robocon_ws/install/sllidar_ros2' for CMake module files
[2.808s] Level 1:colcon.colcon_core.environment:checking '/home/ros-industrial/robocon_ws/install/sllidar_ros2' for CMake config files
[2.808s] Level 1:colcon.colcon_core.shell:create_environment_hook('sllidar_ros2', 'cmake_prefix_path')
[2.830s] INFO:colcon.colcon_core.shell:Creating environment hook '/home/ros-industrial/robocon_ws/install/sllidar_ros2/share/sllidar_ros2/hook/cmake_prefix_path.ps1'
[2.830s] INFO:colcon.colcon_core.shell:Creating environment descriptor '/home/ros-industrial/robocon_ws/install/sllidar_ros2/share/sllidar_ros2/hook/cmake_prefix_path.dsv'
[2.831s] INFO:colcon.colcon_core.shell:Creating environment hook '/home/ros-industrial/robocon_ws/install/sllidar_ros2/share/sllidar_ros2/hook/cmake_prefix_path.sh'
[2.831s] Level 1:colcon.colcon_core.environment:checking '/home/ros-industrial/robocon_ws/install/sllidar_ros2/lib'
[2.831s] Level 1:colcon.colcon_core.environment:checking '/home/ros-industrial/robocon_ws/install/sllidar_ros2/bin'
[2.831s] Level 1:colcon.colcon_core.environment:checking '/home/ros-industrial/robocon_ws/install/sllidar_ros2/lib/pkgconfig/sllidar_ros2.pc'
[2.832s] Level 1:colcon.colcon_core.environment:checking '/home/ros-industrial/robocon_ws/install/sllidar_ros2/lib/python3.8/site-packages'
[2.832s] Level 1:colcon.colcon_core.environment:checking '/home/ros-industrial/robocon_ws/install/sllidar_ros2/bin'
[2.854s] INFO:colcon.colcon_core.shell:Creating package script '/home/ros-industrial/robocon_ws/install/sllidar_ros2/share/sllidar_ros2/package.ps1'
[2.855s] INFO:colcon.colcon_core.shell:Creating package descriptor '/home/ros-industrial/robocon_ws/install/sllidar_ros2/share/sllidar_ros2/package.dsv'
[2.855s] INFO:colcon.colcon_core.shell:Creating package script '/home/ros-industrial/robocon_ws/install/sllidar_ros2/share/sllidar_ros2/package.sh'
[2.855s] INFO:colcon.colcon_core.shell:Creating package script '/home/ros-industrial/robocon_ws/install/sllidar_ros2/share/sllidar_ros2/package.bash'
[2.856s] INFO:colcon.colcon_core.shell:Creating package script '/home/ros-industrial/robocon_ws/install/sllidar_ros2/share/sllidar_ros2/package.zsh'
[2.856s] Level 1:colcon.colcon_core.environment:create_file_with_runtime_dependencies(/home/ros-industrial/robocon_ws/install/sllidar_ros2/share/colcon-core/packages/sllidar_ros2)
[5.589s] DEBUG:colcon.colcon_core.event_handler.log_command:Invoked command in '/home/ros-industrial/robocon_ws/build/robocon2023_b_dash' returned '0': CMAKE_PREFIX_PATH=${CMAKE_PREFIX_PATH}:/opt/ros/foxy /usr/bin/cmake --build /home/ros-industrial/robocon_ws/build/robocon2023_b_dash -- -j8 -l8
[5.616s] DEBUG:colcon.colcon_core.event_handler.log_command:Invoking command in '/home/ros-industrial/robocon_ws/build/robocon2023_b_dash': CMAKE_PREFIX_PATH=${CMAKE_PREFIX_PATH}:/opt/ros/foxy /usr/bin/cmake --install /home/ros-industrial/robocon_ws/build/robocon2023_b_dash
[5.624s] Level 1:colcon.colcon_core.environment:create_environment_scripts_only(robocon2023_b_dash)
[5.625s] DEBUG:colcon.colcon_core.event_handler.log_command:Invoked command in '/home/ros-industrial/robocon_ws/build/robocon2023_b_dash' returned '0': CMAKE_PREFIX_PATH=${CMAKE_PREFIX_PATH}:/opt/ros/foxy /usr/bin/cmake --install /home/ros-industrial/robocon_ws/build/robocon2023_b_dash
[5.644s] Level 1:colcon.colcon_core.environment:checking '/home/ros-industrial/robocon_ws/install/robocon2023_b_dash' for CMake module files
[5.644s] Level 1:colcon.colcon_core.environment:checking '/home/ros-industrial/robocon_ws/install/robocon2023_b_dash' for CMake config files
[5.644s] Level 1:colcon.colcon_core.shell:create_environment_hook('robocon2023_b_dash', 'cmake_prefix_path')
[5.664s] INFO:colcon.colcon_core.shell:Creating environment hook '/home/ros-industrial/robocon_ws/install/robocon2023_b_dash/share/robocon2023_b_dash/hook/cmake_prefix_path.ps1'
[5.665s] INFO:colcon.colcon_core.shell:Creating environment descriptor '/home/ros-industrial/robocon_ws/install/robocon2023_b_dash/share/robocon2023_b_dash/hook/cmake_prefix_path.dsv'
[5.665s] INFO:colcon.colcon_core.shell:Creating environment hook '/home/ros-industrial/robocon_ws/install/robocon2023_b_dash/share/robocon2023_b_dash/hook/cmake_prefix_path.sh'
[5.666s] Level 1:colcon.colcon_core.environment:checking '/home/ros-industrial/robocon_ws/install/robocon2023_b_dash/lib'
[5.666s] Level 1:colcon.colcon_core.environment:checking '/home/ros-industrial/robocon_ws/install/robocon2023_b_dash/bin'
[5.666s] Level 1:colcon.colcon_core.environment:checking '/home/ros-industrial/robocon_ws/install/robocon2023_b_dash/lib/pkgconfig/robocon2023_b_dash.pc'
[5.666s] Level 1:colcon.colcon_core.environment:checking '/home/ros-industrial/robocon_ws/install/robocon2023_b_dash/lib/python3.8/site-packages'
[5.666s] Level 1:colcon.colcon_core.environment:checking '/home/ros-industrial/robocon_ws/install/robocon2023_b_dash/bin'
[5.687s] INFO:colcon.colcon_core.shell:Creating package script '/home/ros-industrial/robocon_ws/install/robocon2023_b_dash/share/robocon2023_b_dash/package.ps1'
[5.687s] INFO:colcon.colcon_core.shell:Creating package descriptor '/home/ros-industrial/robocon_ws/install/robocon2023_b_dash/share/robocon2023_b_dash/package.dsv'
[5.687s] INFO:colcon.colcon_core.shell:Creating package script '/home/ros-industrial/robocon_ws/install/robocon2023_b_dash/share/robocon2023_b_dash/package.sh'
[5.688s] INFO:colcon.colcon_core.shell:Creating package script '/home/ros-industrial/robocon_ws/install/robocon2023_b_dash/share/robocon2023_b_dash/package.bash'
[5.688s] INFO:colcon.colcon_core.shell:Creating package script '/home/ros-industrial/robocon_ws/install/robocon2023_b_dash/share/robocon2023_b_dash/package.zsh'
[5.688s] Level 1:colcon.colcon_core.environment:create_file_with_runtime_dependencies(/home/ros-industrial/robocon_ws/install/robocon2023_b_dash/share/colcon-core/packages/robocon2023_b_dash)
[5.743s] Level 1:colcon.colcon_core.environment:create_environment_scripts_only(robocon2023_b_dash)
[5.764s] Level 1:colcon.colcon_core.environment:checking '/home/ros-industrial/robocon_ws/install/robocon2023_b_dash' for CMake module files
[5.764s] Level 1:colcon.colcon_core.environment:checking '/home/ros-industrial/robocon_ws/install/robocon2023_b_dash' for CMake config files
[5.764s] Level 1:colcon.colcon_core.shell:create_environment_hook('robocon2023_b_dash', 'cmake_prefix_path')
[5.785s] INFO:colcon.colcon_core.shell:Creating environment hook '/home/ros-industrial/robocon_ws/install/robocon2023_b_dash/share/robocon2023_b_dash/hook/cmake_prefix_path.ps1'
[5.785s] INFO:colcon.colcon_core.shell:Creating environment descriptor '/home/ros-industrial/robocon_ws/install/robocon2023_b_dash/share/robocon2023_b_dash/hook/cmake_prefix_path.dsv'
[5.786s] INFO:colcon.colcon_core.shell:Creating environment hook '/home/ros-industrial/robocon_ws/install/robocon2023_b_dash/share/robocon2023_b_dash/hook/cmake_prefix_path.sh'
[5.786s] Level 1:colcon.colcon_core.environment:checking '/home/ros-industrial/robocon_ws/install/robocon2023_b_dash/lib'
[5.786s] Level 1:colcon.colcon_core.environment:checking '/home/ros-industrial/robocon_ws/install/robocon2023_b_dash/bin'
[5.786s] Level 1:colcon.colcon_core.environment:checking '/home/ros-industrial/robocon_ws/install/robocon2023_b_dash/lib/pkgconfig/robocon2023_b_dash.pc'
[5.787s] Level 1:colcon.colcon_core.environment:checking '/home/ros-industrial/robocon_ws/install/robocon2023_b_dash/lib/python3.8/site-packages'
[5.787s] Level 1:colcon.colcon_core.environment:checking '/home/ros-industrial/robocon_ws/install/robocon2023_b_dash/bin'
[5.808s] INFO:colcon.colcon_core.shell:Creating package script '/home/ros-industrial/robocon_ws/install/robocon2023_b_dash/share/robocon2023_b_dash/package.ps1'
[5.809s] INFO:colcon.colcon_core.shell:Creating package descriptor '/home/ros-industrial/robocon_ws/install/robocon2023_b_dash/share/robocon2023_b_dash/package.dsv'
[5.809s] INFO:colcon.colcon_core.shell:Creating package script '/home/ros-industrial/robocon_ws/install/robocon2023_b_dash/share/robocon2023_b_dash/package.sh'
[5.810s] INFO:colcon.colcon_core.shell:Creating package script '/home/ros-industrial/robocon_ws/install/robocon2023_b_dash/share/robocon2023_b_dash/package.bash'
[5.810s] INFO:colcon.colcon_core.shell:Creating package script '/home/ros-industrial/robocon_ws/install/robocon2023_b_dash/share/robocon2023_b_dash/package.zsh'
[5.810s] Level 1:colcon.colcon_core.environment:create_file_with_runtime_dependencies(/home/ros-industrial/robocon_ws/install/robocon2023_b_dash/share/colcon-core/packages/robocon2023_b_dash)
[5.811s] DEBUG:colcon.colcon_parallel_executor.executor.parallel:closing loop
[5.811s] DEBUG:colcon.colcon_parallel_executor.executor.parallel:loop closed
[5.812s] DEBUG:colcon.colcon_parallel_executor.executor.parallel:run_until_complete finished with '0'
[5.812s] DEBUG:colcon.colcon_core.event_reactor:joining thread
[5.835s] INFO:colcon.colcon_core.plugin_system:Skipping extension 'colcon_notification.desktop_notification.terminal_notifier': Not used on non-Darwin systems
[5.835s] INFO:colcon.colcon_core.plugin_system:Skipping extension 'colcon_notification.desktop_notification.win32': Not used on non-Windows systems
[5.835s] INFO:colcon.colcon_notification.desktop_notification:Sending desktop notification using 'notify2'
[5.846s] DEBUG:colcon.colcon_core.event_reactor:joined thread
[5.868s] INFO:colcon.colcon_core.shell:Creating prefix script '/home/ros-industrial/robocon_ws/install/local_setup.ps1'
[5.868s] INFO:colcon.colcon_core.shell:Creating prefix util module '/home/ros-industrial/robocon_ws/install/_local_setup_util_ps1.py'
[5.869s] INFO:colcon.colcon_core.shell:Creating prefix chain script '/home/ros-industrial/robocon_ws/install/setup.ps1'
[5.890s] INFO:colcon.colcon_core.shell:Creating prefix script '/home/ros-industrial/robocon_ws/install/local_setup.sh'
[5.891s] INFO:colcon.colcon_core.shell:Creating prefix util module '/home/ros-industrial/robocon_ws/install/_local_setup_util_sh.py'
[5.891s] INFO:colcon.colcon_core.shell:Creating prefix chain script '/home/ros-industrial/robocon_ws/install/setup.sh'
[5.912s] INFO:colcon.colcon_core.shell:Creating prefix script '/home/ros-industrial/robocon_ws/install/local_setup.bash'
[5.912s] INFO:colcon.colcon_core.shell:Creating prefix chain script '/home/ros-industrial/robocon_ws/install/setup.bash'
[5.935s] INFO:colcon.colcon_core.shell:Creating prefix script '/home/ros-industrial/robocon_ws/install/local_setup.zsh'
[5.935s] INFO:colcon.colcon_core.shell:Creating prefix chain script '/home/ros-industrial/robocon_ws/install/setup.zsh'
