[0.156s] DEBUG:colcon:Command line arguments: ['/usr/bin/colcon', 'build']
[0.156s] DEBUG:colcon:Parsed command line arguments: Namespace(allow_overriding=[], ament_cmake_args=None, base_paths=['.'], build_base='build', catkin_cmake_args=None, catkin_skip_building_tests=False, cmake_args=None, cmake_clean_cache=False, cmake_clean_first=False, cmake_force_configure=False, cmake_target=None, cmake_target_skip_unavailable=False, continue_on_error=False, event_handlers=None, executor='parallel', ignore_user_meta=False, install_base='install', log_base=None, log_level=None, main=<bound method BuildVerb.main of <colcon_core.verb.build.BuildVerb object at 0x7fa349e3a7f0>>, merge_install=False, metas=['./colcon.meta'], packages_above=None, packages_above_and_dependencies=None, packages_above_depth=None, packages_end=None, packages_ignore=None, packages_ignore_regex=None, packages_select=None, packages_select_build_failed=False, packages_select_by_dep=None, packages_select_regex=None, packages_select_test_failures=False, packages_skip=None, packages_skip_build_finished=False, packages_skip_by_dep=None, packages_skip_regex=None, packages_skip_test_passed=False, packages_skip_up_to=None, packages_start=None, packages_up_to=None, packages_up_to_regex=None, parallel_workers=8, paths=None, symlink_install=False, test_result_base=None, verb_extension=<colcon_core.verb.build.BuildVerb object at 0x7fa349e3a7f0>, verb_name='build', verb_parser=<colcon_defaults.argument_parser.defaults.DefaultArgumentsDecorator object at 0x7fa349e3ad60>)
[0.171s] Level 1:colcon.colcon_core.package_discovery:discover_packages(colcon_meta) check parameters
[0.171s] Level 1:colcon.colcon_core.package_discovery:discover_packages(recursive) check parameters
[0.171s] Level 1:colcon.colcon_core.package_discovery:discover_packages(ignore) check parameters
[0.171s] Level 1:colcon.colcon_core.package_discovery:discover_packages(path) check parameters
[0.171s] Level 1:colcon.colcon_core.package_discovery:discover_packages(colcon_meta) discover
[0.171s] Level 1:colcon.colcon_core.package_discovery:discover_packages(recursive) discover
[0.171s] INFO:colcon.colcon_core.package_discovery:Crawling recursively for packages in '/home/ros-industrial/robocon_ws'
[0.171s] Level 1:colcon.colcon_core.package_identification:_identify(.) by extensions ['ignore', 'ignore_ament_install']
[0.171s] Level 1:colcon.colcon_core.package_identification:_identify(.) by extension 'ignore'
[0.171s] Level 1:colcon.colcon_core.package_identification:_identify(.) by extension 'ignore_ament_install'
[0.171s] Level 1:colcon.colcon_core.package_identification:_identify(.) by extensions ['colcon_pkg']
[0.171s] Level 1:colcon.colcon_core.package_identification:_identify(.) by extension 'colcon_pkg'
[0.171s] Level 1:colcon.colcon_core.package_identification:_identify(.) by extensions ['colcon_meta']
[0.171s] Level 1:colcon.colcon_core.package_identification:_identify(.) by extension 'colcon_meta'
[0.171s] Level 1:colcon.colcon_core.package_identification:_identify(.) by extensions ['ros']
[0.171s] Level 1:colcon.colcon_core.package_identification:_identify(.) by extension 'ros'
[0.182s] Level 1:colcon.colcon_core.package_identification:_identify(.) by extensions ['cmake', 'python']
[0.182s] Level 1:colcon.colcon_core.package_identification:_identify(.) by extension 'cmake'
[0.182s] Level 1:colcon.colcon_core.package_identification:_identify(.) by extension 'python'
[0.182s] Level 1:colcon.colcon_core.package_identification:_identify(.) by extensions ['python_setup_py']
[0.182s] Level 1:colcon.colcon_core.package_identification:_identify(.) by extension 'python_setup_py'
[0.182s] Level 1:colcon.colcon_core.package_identification:_identify(build) by extensions ['ignore', 'ignore_ament_install']
[0.183s] Level 1:colcon.colcon_core.package_identification:_identify(build) by extension 'ignore'
[0.183s] Level 1:colcon.colcon_core.package_identification:_identify(build) ignored
[0.183s] Level 1:colcon.colcon_core.package_identification:_identify(install) by extensions ['ignore', 'ignore_ament_install']
[0.183s] Level 1:colcon.colcon_core.package_identification:_identify(install) by extension 'ignore'
[0.183s] Level 1:colcon.colcon_core.package_identification:_identify(install) ignored
[0.183s] Level 1:colcon.colcon_core.package_identification:_identify(log) by extensions ['ignore', 'ignore_ament_install']
[0.183s] Level 1:colcon.colcon_core.package_identification:_identify(log) by extension 'ignore'
[0.183s] Level 1:colcon.colcon_core.package_identification:_identify(log) ignored
[0.183s] Level 1:colcon.colcon_core.package_identification:_identify(src) by extensions ['ignore', 'ignore_ament_install']
[0.183s] Level 1:colcon.colcon_core.package_identification:_identify(src) by extension 'ignore'
[0.183s] Level 1:colcon.colcon_core.package_identification:_identify(src) by extension 'ignore_ament_install'
[0.183s] Level 1:colcon.colcon_core.package_identification:_identify(src) by extensions ['colcon_pkg']
[0.183s] Level 1:colcon.colcon_core.package_identification:_identify(src) by extension 'colcon_pkg'
[0.183s] Level 1:colcon.colcon_core.package_identification:_identify(src) by extensions ['colcon_meta']
[0.183s] Level 1:colcon.colcon_core.package_identification:_identify(src) by extension 'colcon_meta'
[0.183s] Level 1:colcon.colcon_core.package_identification:_identify(src) by extensions ['ros']
[0.183s] Level 1:colcon.colcon_core.package_identification:_identify(src) by extension 'ros'
[0.183s] Level 1:colcon.colcon_core.package_identification:_identify(src) by extensions ['cmake', 'python']
[0.183s] Level 1:colcon.colcon_core.package_identification:_identify(src) by extension 'cmake'
[0.183s] Level 1:colcon.colcon_core.package_identification:_identify(src) by extension 'python'
[0.183s] Level 1:colcon.colcon_core.package_identification:_identify(src) by extensions ['python_setup_py']
[0.183s] Level 1:colcon.colcon_core.package_identification:_identify(src) by extension 'python_setup_py'
[0.183s] Level 1:colcon.colcon_core.package_identification:_identify(src/ros_to_kimd) by extensions ['ignore', 'ignore_ament_install']
[0.183s] Level 1:colcon.colcon_core.package_identification:_identify(src/ros_to_kimd) by extension 'ignore'
[0.183s] Level 1:colcon.colcon_core.package_identification:_identify(src/ros_to_kimd) by extension 'ignore_ament_install'
[0.183s] Level 1:colcon.colcon_core.package_identification:_identify(src/ros_to_kimd) by extensions ['colcon_pkg']
[0.183s] Level 1:colcon.colcon_core.package_identification:_identify(src/ros_to_kimd) by extension 'colcon_pkg'
[0.183s] Level 1:colcon.colcon_core.package_identification:_identify(src/ros_to_kimd) by extensions ['colcon_meta']
[0.183s] Level 1:colcon.colcon_core.package_identification:_identify(src/ros_to_kimd) by extension 'colcon_meta'
[0.183s] Level 1:colcon.colcon_core.package_identification:_identify(src/ros_to_kimd) by extensions ['ros']
[0.183s] Level 1:colcon.colcon_core.package_identification:_identify(src/ros_to_kimd) by extension 'ros'
[0.185s] DEBUG:colcon.colcon_core.package_identification:Package 'src/ros_to_kimd' with type 'ros.ament_cmake' and name 'ros_to_kimd'
[0.185s] Level 1:colcon.colcon_core.package_discovery:discover_packages(recursive) using defaults
[0.185s] Level 1:colcon.colcon_core.package_discovery:discover_packages(ignore) discover
[0.185s] Level 1:colcon.colcon_core.package_discovery:discover_packages(ignore) using defaults
[0.185s] Level 1:colcon.colcon_core.package_discovery:discover_packages(path) discover
[0.185s] Level 1:colcon.colcon_core.package_discovery:discover_packages(path) using defaults
[0.195s] Level 1:colcon.colcon_core.package_discovery:discover_packages(prefix_path) check parameters
[0.195s] Level 1:colcon.colcon_core.package_discovery:discover_packages(prefix_path) discover
[0.197s] DEBUG:colcon.colcon_installed_package_information.package_discovery:Found 318 installed packages in /opt/ros/foxy
[0.198s] Level 1:colcon.colcon_core.package_discovery:discover_packages(prefix_path) using defaults
[0.237s] Level 5:colcon.colcon_core.verb:set package 'ros_to_kimd' build argument 'cmake_args' from command line to 'None'
[0.237s] Level 5:colcon.colcon_core.verb:set package 'ros_to_kimd' build argument 'cmake_target' from command line to 'None'
[0.237s] Level 5:colcon.colcon_core.verb:set package 'ros_to_kimd' build argument 'cmake_target_skip_unavailable' from command line to 'False'
[0.237s] Level 5:colcon.colcon_core.verb:set package 'ros_to_kimd' build argument 'cmake_clean_cache' from command line to 'False'
[0.237s] Level 5:colcon.colcon_core.verb:set package 'ros_to_kimd' build argument 'cmake_clean_first' from command line to 'False'
[0.237s] Level 5:colcon.colcon_core.verb:set package 'ros_to_kimd' build argument 'cmake_force_configure' from command line to 'False'
[0.237s] Level 5:colcon.colcon_core.verb:set package 'ros_to_kimd' build argument 'ament_cmake_args' from command line to 'None'
[0.237s] Level 5:colcon.colcon_core.verb:set package 'ros_to_kimd' build argument 'catkin_cmake_args' from command line to 'None'
[0.237s] Level 5:colcon.colcon_core.verb:set package 'ros_to_kimd' build argument 'catkin_skip_building_tests' from command line to 'False'
[0.237s] DEBUG:colcon.colcon_core.verb:Building package 'ros_to_kimd' with the following arguments: {'ament_cmake_args': None, 'build_base': '/home/ros-industrial/robocon_ws/build/ros_to_kimd', 'catkin_cmake_args': None, 'catkin_skip_building_tests': False, 'cmake_args': None, 'cmake_clean_cache': False, 'cmake_clean_first': False, 'cmake_force_configure': False, 'cmake_target': None, 'cmake_target_skip_unavailable': False, 'install_base': '/home/ros-industrial/robocon_ws/install/ros_to_kimd', 'merge_install': False, 'path': '/home/ros-industrial/robocon_ws/src/ros_to_kimd', 'symlink_install': False, 'test_result_base': None}
[0.237s] INFO:colcon.colcon_core.executor:Executing jobs using 'parallel' executor
[0.239s] DEBUG:colcon.colcon_parallel_executor.executor.parallel:run_until_complete
[0.239s] INFO:colcon.colcon_ros.task.ament_cmake.build:Building ROS package in '/home/ros-industrial/robocon_ws/src/ros_to_kimd' with build type 'ament_cmake'
[0.239s] INFO:colcon.colcon_cmake.task.cmake.build:Building CMake package in '/home/ros-industrial/robocon_ws/src/ros_to_kimd'
[0.242s] INFO:colcon.colcon_core.plugin_system:Skipping extension 'colcon_core.shell.bat': Not used on non-Windows systems
[0.242s] INFO:colcon.colcon_core.shell:Skip shell extension 'powershell' for command environment: Not usable outside of PowerShell
[0.242s] DEBUG:colcon.colcon_core.shell:Skip shell extension 'dsv' for command environment
[0.250s] DEBUG:colcon.colcon_core.event_handler.log_command:Invoking command in '/home/ros-industrial/robocon_ws/build/ros_to_kimd': CMAKE_PREFIX_PATH=/opt/ros/foxy /usr/bin/cmake /home/ros-industrial/robocon_ws/src/ros_to_kimd -DCMAKE_INSTALL_PREFIX=/home/ros-industrial/robocon_ws/install/ros_to_kimd
[1.255s] DEBUG:colcon.colcon_core.event_handler.log_command:Invoked command in '/home/ros-industrial/robocon_ws/build/ros_to_kimd' returned '0': CMAKE_PREFIX_PATH=/opt/ros/foxy /usr/bin/cmake /home/ros-industrial/robocon_ws/src/ros_to_kimd -DCMAKE_INSTALL_PREFIX=/home/ros-industrial/robocon_ws/install/ros_to_kimd
[1.258s] DEBUG:colcon.colcon_core.event_handler.log_command:Invoking command in '/home/ros-industrial/robocon_ws/build/ros_to_kimd': CMAKE_PREFIX_PATH=/opt/ros/foxy /usr/bin/cmake --build /home/ros-industrial/robocon_ws/build/ros_to_kimd -- -j8 -l8
[2.674s] DEBUG:colcon.colcon_core.event_handler.log_command:Invoked command in '/home/ros-industrial/robocon_ws/build/ros_to_kimd' returned '2': CMAKE_PREFIX_PATH=/opt/ros/foxy /usr/bin/cmake --build /home/ros-industrial/robocon_ws/build/ros_to_kimd -- -j8 -l8
[2.690s] Level 1:colcon.colcon_core.environment:create_environment_scripts_only(ros_to_kimd)
[2.693s] Level 1:colcon.colcon_core.environment:checking '/home/ros-industrial/robocon_ws/install/ros_to_kimd' for CMake module files
[2.694s] Level 1:colcon.colcon_core.environment:checking '/home/ros-industrial/robocon_ws/install/ros_to_kimd' for CMake config files
[2.694s] Level 1:colcon.colcon_core.environment:checking '/home/ros-industrial/robocon_ws/install/ros_to_kimd/bin'
[2.694s] Level 1:colcon.colcon_core.environment:checking '/home/ros-industrial/robocon_ws/install/ros_to_kimd/lib/pkgconfig/ros_to_kimd.pc'
[2.694s] Level 1:colcon.colcon_core.environment:checking '/home/ros-industrial/robocon_ws/install/ros_to_kimd/lib/python3.8/site-packages'
[2.694s] Level 1:colcon.colcon_core.environment:checking '/home/ros-industrial/robocon_ws/install/ros_to_kimd/bin'
[2.695s] INFO:colcon.colcon_core.shell:Creating package script '/home/ros-industrial/robocon_ws/install/ros_to_kimd/share/ros_to_kimd/package.ps1'
[2.695s] INFO:colcon.colcon_core.shell:Creating package descriptor '/home/ros-industrial/robocon_ws/install/ros_to_kimd/share/ros_to_kimd/package.dsv'
[2.696s] INFO:colcon.colcon_core.shell:Creating package script '/home/ros-industrial/robocon_ws/install/ros_to_kimd/share/ros_to_kimd/package.sh'
[2.696s] INFO:colcon.colcon_core.shell:Creating package script '/home/ros-industrial/robocon_ws/install/ros_to_kimd/share/ros_to_kimd/package.bash'
[2.696s] INFO:colcon.colcon_core.shell:Creating package script '/home/ros-industrial/robocon_ws/install/ros_to_kimd/share/ros_to_kimd/package.zsh'
[2.697s] Level 1:colcon.colcon_core.environment:create_file_with_runtime_dependencies(/home/ros-industrial/robocon_ws/install/ros_to_kimd/share/colcon-core/packages/ros_to_kimd)
[2.708s] DEBUG:colcon.colcon_parallel_executor.executor.parallel:closing loop
[2.708s] DEBUG:colcon.colcon_parallel_executor.executor.parallel:loop closed
[2.708s] DEBUG:colcon.colcon_parallel_executor.executor.parallel:run_until_complete finished with '2'
[2.708s] DEBUG:colcon.colcon_core.event_reactor:joining thread
[2.712s] INFO:colcon.colcon_core.plugin_system:Skipping extension 'colcon_notification.desktop_notification.terminal_notifier': Not used on non-Darwin systems
[2.712s] INFO:colcon.colcon_core.plugin_system:Skipping extension 'colcon_notification.desktop_notification.win32': Not used on non-Windows systems
[2.712s] INFO:colcon.colcon_notification.desktop_notification:Sending desktop notification using 'notify2'
[2.729s] DEBUG:colcon.colcon_core.event_reactor:joined thread
[2.730s] INFO:colcon.colcon_core.shell:Creating prefix script '/home/ros-industrial/robocon_ws/install/local_setup.ps1'
[2.731s] INFO:colcon.colcon_core.shell:Creating prefix util module '/home/ros-industrial/robocon_ws/install/_local_setup_util_ps1.py'
[2.731s] INFO:colcon.colcon_core.shell:Creating prefix chain script '/home/ros-industrial/robocon_ws/install/setup.ps1'
[2.732s] INFO:colcon.colcon_core.shell:Creating prefix script '/home/ros-industrial/robocon_ws/install/local_setup.sh'
[2.733s] INFO:colcon.colcon_core.shell:Creating prefix util module '/home/ros-industrial/robocon_ws/install/_local_setup_util_sh.py'
[2.733s] INFO:colcon.colcon_core.shell:Creating prefix chain script '/home/ros-industrial/robocon_ws/install/setup.sh'
[2.734s] INFO:colcon.colcon_core.shell:Creating prefix script '/home/ros-industrial/robocon_ws/install/local_setup.bash'
[2.734s] INFO:colcon.colcon_core.shell:Creating prefix chain script '/home/ros-industrial/robocon_ws/install/setup.bash'
[2.735s] INFO:colcon.colcon_core.shell:Creating prefix script '/home/ros-industrial/robocon_ws/install/local_setup.zsh'
[2.735s] INFO:colcon.colcon_core.shell:Creating prefix chain script '/home/ros-industrial/robocon_ws/install/setup.zsh'
