[0.677s] Invoking command in '/home/kaibuchisoma/robocon_ws/build/robocon2023_b_dash_transceiver': CMAKE_PREFIX_PATH=${CMAKE_PREFIX_PATH}:/home/kaibuchisoma/robocon_ws/install/fruit_detection:/opt/ros/humble /usr/bin/cmake /home/kaibuchisoma/robocon_ws/src/robocon2023_b_dash_transceiver -DCMAKE_INSTALL_PREFIX=/home/kaibuchisoma/robocon_ws/install/robocon2023_b_dash_transceiver
[0.758s] -- The C compiler identification is GNU 11.4.0
[0.844s] -- The CXX compiler identification is GNU 11.4.0
[0.854s] -- Detecting C compiler ABI info
[0.971s] -- Detecting C compiler ABI info - done
[0.982s] -- Check for working C compiler: /usr/bin/cc - skipped
[0.982s] -- Detecting C compile features
[0.983s] -- Detecting C compile features - done
[0.987s] -- Detecting CXX compiler ABI info
[1.136s] -- Detecting CXX compiler ABI info - done
[1.155s] -- Check for working CXX compiler: /usr/bin/c++ - skipped
[1.155s] -- Detecting CXX compile features
[1.156s] -- Detecting CXX compile features - done
[1.162s] -- Found ament_cmake: 1.3.5 (/opt/ros/humble/share/ament_cmake/cmake)
[1.429s] -- Found Python3: /usr/bin/python3.10 (found version "3.10.12") found components: Interpreter 
[1.615s] -- Found rclcpp: 16.0.6 (/opt/ros/humble/share/rclcpp/cmake)
[1.700s] -- Found rosidl_generator_c: 3.1.5 (/opt/ros/humble/share/rosidl_generator_c/cmake)
[1.711s] -- Found rosidl_adapter: 3.1.5 (/opt/ros/humble/share/rosidl_adapter/cmake)
[1.729s] -- Found rosidl_generator_cpp: 3.1.5 (/opt/ros/humble/share/rosidl_generator_cpp/cmake)
[1.757s] -- Using all available rosidl_typesupport_c: rosidl_typesupport_fastrtps_c;rosidl_typesupport_introspection_c
[1.788s] -- Using all available rosidl_typesupport_cpp: rosidl_typesupport_fastrtps_cpp;rosidl_typesupport_introspection_cpp
[1.875s] -- Found rmw_implementation_cmake: 6.1.1 (/opt/ros/humble/share/rmw_implementation_cmake/cmake)
[1.879s] -- Found rmw_fastrtps_cpp: 6.2.4 (/opt/ros/humble/share/rmw_fastrtps_cpp/cmake)
[2.034s] -- Found OpenSSL: /usr/lib/x86_64-linux-gnu/libcrypto.so (found version "3.0.2")  
[2.073s] -- Found FastRTPS: /opt/ros/humble/include  
[2.137s] -- Using RMW implementation 'rmw_fastrtps_cpp' as default
[2.151s] -- Looking for pthread.h
[2.249s] -- Looking for pthread.h - found
[2.249s] -- Performing Test CMAKE_HAVE_LIBC_PTHREAD
[2.375s] -- Performing Test CMAKE_HAVE_LIBC_PTHREAD - Success
[2.380s] -- Found Threads: TRUE  
[2.606s] -- Found rclcpp_components: 16.0.6 (/opt/ros/humble/share/rclcpp_components/cmake)
[2.686s] -- Found sdl2_vendor: 3.1.0 (/opt/ros/humble/share/sdl2_vendor/cmake)
[2.695s] -- Found sensor_msgs: 4.2.3 (/opt/ros/humble/share/sensor_msgs/cmake)
[2.845s] -- Found ament_lint_auto: 0.12.8 (/opt/ros/humble/share/ament_lint_auto/cmake)
[2.947s] -- Added test 'cppcheck' to perform static code analysis on C / C++ code
[2.947s] -- Configured cppcheck include dirs: $<BUILD_INTERFACE:/home/kaibuchisoma/robocon_ws/src/robocon2023_b_dash_transceiver/include>
[2.947s] -- Configured cppcheck exclude dirs and/or files: 
[2.949s] -- Added test 'cpplint' to check C / C++ code against the Google style
[2.949s] -- Configured cpplint exclude dirs and/or files: 
[2.949s] -- Added test 'flake8' to check Python code syntax and style conventions
[2.950s] -- Added test 'lint_cmake' to check CMake code style
[2.951s] -- Added test 'pep257' to check Python code against some of the docstring style conventions in PEP 257
[2.953s] -- Added test 'uncrustify' to check C / C++ code style
[2.953s] -- Configured uncrustify additional arguments: 
[2.954s] -- Added test 'xmllint' to check XML markup files
[2.956s] -- Configuring done
[3.001s] -- Generating done
[3.006s] -- Build files have been written to: /home/kaibuchisoma/robocon_ws/build/robocon2023_b_dash_transceiver
[3.027s] Invoked command in '/home/kaibuchisoma/robocon_ws/build/robocon2023_b_dash_transceiver' returned '0': CMAKE_PREFIX_PATH=${CMAKE_PREFIX_PATH}:/home/kaibuchisoma/robocon_ws/install/fruit_detection:/opt/ros/humble /usr/bin/cmake /home/kaibuchisoma/robocon_ws/src/robocon2023_b_dash_transceiver -DCMAKE_INSTALL_PREFIX=/home/kaibuchisoma/robocon_ws/install/robocon2023_b_dash_transceiver
[3.030s] Invoking command in '/home/kaibuchisoma/robocon_ws/build/robocon2023_b_dash_transceiver': CMAKE_PREFIX_PATH=${CMAKE_PREFIX_PATH}:/home/kaibuchisoma/robocon_ws/install/fruit_detection:/opt/ros/humble /usr/bin/cmake --build /home/kaibuchisoma/robocon_ws/build/robocon2023_b_dash_transceiver -- -j12 -l12
[3.105s] [35m[1mConsolidate compiler generated dependencies of target joy[0m
[3.109s] [35m[1mConsolidate compiler generated dependencies of target joy_node[0m
[3.110s] [35m[1mConsolidate compiler generated dependencies of target usb920_node[0m
[3.139s] [35m[1mConsolidate compiler generated dependencies of target joy_enumerate_devices[0m
[3.147s] [35m[1mConsolidate compiler generated dependencies of target program_checker_node[0m
[3.162s] [ 20%] Built target usb920_node
[3.175s] [ 40%] Built target joy
[3.176s] [ 60%] Built target joy_node
[3.179s] [ 80%] Built target joy_enumerate_devices
[3.185s] [100%] Built target program_checker_node
[3.293s] Invoked command in '/home/kaibuchisoma/robocon_ws/build/robocon2023_b_dash_transceiver' returned '0': CMAKE_PREFIX_PATH=${CMAKE_PREFIX_PATH}:/home/kaibuchisoma/robocon_ws/install/fruit_detection:/opt/ros/humble /usr/bin/cmake --build /home/kaibuchisoma/robocon_ws/build/robocon2023_b_dash_transceiver -- -j12 -l12
[3.508s] Invoking command in '/home/kaibuchisoma/robocon_ws/build/robocon2023_b_dash_transceiver': CMAKE_PREFIX_PATH=${CMAKE_PREFIX_PATH}:/home/kaibuchisoma/robocon_ws/install/fruit_detection:/opt/ros/humble /usr/bin/cmake --install /home/kaibuchisoma/robocon_ws/build/robocon2023_b_dash_transceiver
[3.519s] -- Install configuration: ""
[3.523s] -- Up-to-date: /home/kaibuchisoma/robocon_ws/install/robocon2023_b_dash_transceiver/lib/libjoy.so
[3.524s] -- Up-to-date: /home/kaibuchisoma/robocon_ws/install/robocon2023_b_dash_transceiver/lib/robocon2023_b_dash_transceiver/joy_node
[3.525s] -- Up-to-date: /home/kaibuchisoma/robocon_ws/install/robocon2023_b_dash_transceiver/lib/robocon2023_b_dash_transceiver/joy_enumerate_devices
[3.525s] -- Up-to-date: /home/kaibuchisoma/robocon_ws/install/robocon2023_b_dash_transceiver/include/robocon2023_b_dash_transceiver
[3.526s] -- Up-to-date: /home/kaibuchisoma/robocon_ws/install/robocon2023_b_dash_transceiver/include/robocon2023_b_dash_transceiver/robocon2023_b_dash_transceiver
[3.526s] -- Up-to-date: /home/kaibuchisoma/robocon_ws/install/robocon2023_b_dash_transceiver/include/robocon2023_b_dash_transceiver/robocon2023_b_dash_transceiver/DualShock.h
[3.526s] -- Up-to-date: /home/kaibuchisoma/robocon_ws/install/robocon2023_b_dash_transceiver/include/robocon2023_b_dash_transceiver/robocon2023_b_dash_transceiver/joy.hpp
[3.526s] -- Up-to-date: /home/kaibuchisoma/robocon_ws/install/robocon2023_b_dash_transceiver/share/robocon2023_b_dash_transceiver/config
[3.527s] -- Up-to-date: /home/kaibuchisoma/robocon_ws/install/robocon2023_b_dash_transceiver/share/robocon2023_b_dash_transceiver/launch
[3.527s] -- Up-to-date: /home/kaibuchisoma/robocon_ws/install/robocon2023_b_dash_transceiver/share/robocon2023_b_dash_transceiver/launch/all_launch.py
[3.528s] -- Up-to-date: /home/kaibuchisoma/robocon_ws/install/robocon2023_b_dash_transceiver/lib/robocon2023_b_dash_transceiver/usb920_node
[3.529s] -- Up-to-date: /home/kaibuchisoma/robocon_ws/install/robocon2023_b_dash_transceiver/lib/robocon2023_b_dash_transceiver/program_checker_node
[3.530s] -- Up-to-date: /home/kaibuchisoma/robocon_ws/install/robocon2023_b_dash_transceiver/share/ament_index/resource_index/package_run_dependencies/robocon2023_b_dash_transceiver
[3.530s] -- Up-to-date: /home/kaibuchisoma/robocon_ws/install/robocon2023_b_dash_transceiver/share/ament_index/resource_index/parent_prefix_path/robocon2023_b_dash_transceiver
[3.530s] -- Up-to-date: /home/kaibuchisoma/robocon_ws/install/robocon2023_b_dash_transceiver/share/robocon2023_b_dash_transceiver/environment/ament_prefix_path.sh
[3.532s] -- Installing: /home/kaibuchisoma/robocon_ws/install/robocon2023_b_dash_transceiver/share/robocon2023_b_dash_transceiver/environment/ament_prefix_path.dsv
[3.532s] -- Up-to-date: /home/kaibuchisoma/robocon_ws/install/robocon2023_b_dash_transceiver/share/robocon2023_b_dash_transceiver/environment/path.sh
[3.532s] -- Installing: /home/kaibuchisoma/robocon_ws/install/robocon2023_b_dash_transceiver/share/robocon2023_b_dash_transceiver/environment/path.dsv
[3.532s] -- Up-to-date: /home/kaibuchisoma/robocon_ws/install/robocon2023_b_dash_transceiver/share/robocon2023_b_dash_transceiver/local_setup.bash
[3.533s] -- Up-to-date: /home/kaibuchisoma/robocon_ws/install/robocon2023_b_dash_transceiver/share/robocon2023_b_dash_transceiver/local_setup.sh
[3.533s] -- Up-to-date: /home/kaibuchisoma/robocon_ws/install/robocon2023_b_dash_transceiver/share/robocon2023_b_dash_transceiver/local_setup.zsh
[3.533s] -- Installing: /home/kaibuchisoma/robocon_ws/install/robocon2023_b_dash_transceiver/share/robocon2023_b_dash_transceiver/local_setup.dsv
[3.533s] -- Installing: /home/kaibuchisoma/robocon_ws/install/robocon2023_b_dash_transceiver/share/robocon2023_b_dash_transceiver/package.dsv
[3.534s] -- Up-to-date: /home/kaibuchisoma/robocon_ws/install/robocon2023_b_dash_transceiver/share/ament_index/resource_index/packages/robocon2023_b_dash_transceiver
[3.534s] -- Up-to-date: /home/kaibuchisoma/robocon_ws/install/robocon2023_b_dash_transceiver/share/ament_index/resource_index/rclcpp_components/robocon2023_b_dash_transceiver
[3.534s] -- Up-to-date: /home/kaibuchisoma/robocon_ws/install/robocon2023_b_dash_transceiver/share/robocon2023_b_dash_transceiver/cmake/export_joyExport.cmake
[3.534s] -- Up-to-date: /home/kaibuchisoma/robocon_ws/install/robocon2023_b_dash_transceiver/share/robocon2023_b_dash_transceiver/cmake/export_joyExport-noconfig.cmake
[3.535s] -- Up-to-date: /home/kaibuchisoma/robocon_ws/install/robocon2023_b_dash_transceiver/share/robocon2023_b_dash_transceiver/cmake/ament_cmake_export_targets-extras.cmake
[3.535s] -- Up-to-date: /home/kaibuchisoma/robocon_ws/install/robocon2023_b_dash_transceiver/share/robocon2023_b_dash_transceiver/cmake/ament_cmake_export_dependencies-extras.cmake
[3.535s] -- Up-to-date: /home/kaibuchisoma/robocon_ws/install/robocon2023_b_dash_transceiver/share/robocon2023_b_dash_transceiver/cmake/robocon2023_b_dash_transceiverConfig.cmake
[3.535s] -- Up-to-date: /home/kaibuchisoma/robocon_ws/install/robocon2023_b_dash_transceiver/share/robocon2023_b_dash_transceiver/cmake/robocon2023_b_dash_transceiverConfig-version.cmake
[3.536s] -- Up-to-date: /home/kaibuchisoma/robocon_ws/install/robocon2023_b_dash_transceiver/share/robocon2023_b_dash_transceiver/package.xml
[3.648s] Invoked command in '/home/kaibuchisoma/robocon_ws/build/robocon2023_b_dash_transceiver' returned '0': CMAKE_PREFIX_PATH=${CMAKE_PREFIX_PATH}:/home/kaibuchisoma/robocon_ws/install/fruit_detection:/opt/ros/humble /usr/bin/cmake --install /home/kaibuchisoma/robocon_ws/build/robocon2023_b_dash_transceiver
