[0.908s] Invoking command in '/home/ros-industrial/robocon_ws/build/robocon2023_b_dash': CMAKE_PREFIX_PATH=${CMAKE_PREFIX_PATH}:/opt/ros/foxy /usr/bin/cmake /home/ros-industrial/robocon_ws/src/robocon2023_b_dash -DCMAKE_INSTALL_PREFIX=/home/ros-industrial/robocon_ws/install/robocon2023_b_dash
[1.227s] -- The C compiler identification is GNU 9.4.0
[1.602s] -- The CXX compiler identification is GNU 9.4.0
[1.610s] -- Check for working C compiler: /usr/bin/cc
[1.754s] -- Check for working C compiler: /usr/bin/cc -- works
[1.755s] -- Detecting C compiler ABI info
[1.848s] -- Detecting C compiler ABI info - done
[1.868s] -- Detecting C compile features
[1.869s] -- Detecting C compile features - done
[1.874s] -- Check for working CXX compiler: /usr/bin/c++
[2.014s] -- Check for working CXX compiler: /usr/bin/c++ -- works
[2.014s] -- Detecting CXX compiler ABI info
[2.188s] -- Detecting CXX compiler ABI info - done
[2.205s] -- Detecting CXX compile features
[2.205s] -- Detecting CXX compile features - done
[2.235s] -- Found ament_cmake: 0.9.12 (/opt/ros/foxy/share/ament_cmake/cmake)
[2.284s] -- Found PythonInterp: /usr/bin/python3 (found suitable version "3.8.10", minimum required is "3") 
[2.285s] -- Using PYTHON_EXECUTABLE: /usr/bin/python3
[2.683s] -- Found rclcpp: 2.4.3 (/opt/ros/foxy/share/rclcpp/cmake)
[2.772s] -- Using all available rosidl_typesupport_c: rosidl_typesupport_fastrtps_c;rosidl_typesupport_introspection_c
[2.788s] -- Found rosidl_adapter: 1.3.1 (/opt/ros/foxy/share/rosidl_adapter/cmake)
[2.985s] -- Found OpenSSL: /usr/lib/x86_64-linux-gnu/libcrypto.so (found version "1.1.1f")  
[3.048s] -- Found FastRTPS: /opt/ros/foxy/include  
[3.192s] -- Using all available rosidl_typesupport_cpp: rosidl_typesupport_fastrtps_cpp;rosidl_typesupport_introspection_cpp
[3.295s] -- Found rmw_implementation_cmake: 1.0.4 (/opt/ros/foxy/share/rmw_implementation_cmake/cmake)
[3.300s] -- Using RMW implementation 'rmw_fastrtps_cpp' as default
[3.302s] -- Looking for pthread.h
[3.491s] -- Looking for pthread.h - found
[3.491s] -- Performing Test CMAKE_HAVE_LIBC_PTHREAD
[3.604s] -- Performing Test CMAKE_HAVE_LIBC_PTHREAD - Failed
[3.605s] -- Looking for pthread_create in pthreads
[3.683s] -- Looking for pthread_create in pthreads - not found
[3.683s] -- Looking for pthread_create in pthread
[3.772s] -- Looking for pthread_create in pthread - found
[3.772s] -- Found Threads: TRUE  
[3.993s] -- Found sensor_msgs: 2.0.5 (/opt/ros/foxy/share/sensor_msgs/cmake)
[4.174s] -- Found ament_lint_auto: 0.9.8 (/opt/ros/foxy/share/ament_lint_auto/cmake)
[4.268s] -- Added test 'copyright' to check source files copyright and LICENSE
[4.272s] -- Added test 'cppcheck' to perform static code analysis on C / C++ code
[4.273s] -- Configured cppcheck include dirs: 
[4.273s] -- Configured cppcheck exclude dirs and/or files: 
[4.275s] -- Added test 'cpplint' to check C / C++ code against the Google style
[4.275s] -- Configured cpplint exclude dirs and/or files: 
[4.276s] -- Added test 'flake8' to check Python code syntax and style conventions
[4.277s] -- Added test 'lint_cmake' to check CMake code style
[4.278s] -- Added test 'pep257' to check Python code against some of the style conventions in PEP 257
[4.280s] -- Added test 'uncrustify' to check C / C++ code style
[4.281s] -- Configured uncrustify additional arguments: 
[4.281s] -- Added test 'xmllint' to check XML markup files
[4.295s] -- Configuring done
[4.401s] -- Generating done
[4.407s] -- Build files have been written to: /home/ros-industrial/robocon_ws/build/robocon2023_b_dash
[4.431s] Invoked command in '/home/ros-industrial/robocon_ws/build/robocon2023_b_dash' returned '0': CMAKE_PREFIX_PATH=${CMAKE_PREFIX_PATH}:/opt/ros/foxy /usr/bin/cmake /home/ros-industrial/robocon_ws/src/robocon2023_b_dash -DCMAKE_INSTALL_PREFIX=/home/ros-industrial/robocon_ws/install/robocon2023_b_dash
[4.435s] Invoking command in '/home/ros-industrial/robocon_ws/build/robocon2023_b_dash': CMAKE_PREFIX_PATH=${CMAKE_PREFIX_PATH}:/opt/ros/foxy /usr/bin/cmake --build /home/ros-industrial/robocon_ws/build/robocon2023_b_dash -- -j8 -l8
[4.520s] [35m[1mScanning dependencies of target BeltLiner_Controller[0m
[4.521s] [35m[1mScanning dependencies of target Xmove_Controller[0m
[4.521s] [35m[1mScanning dependencies of target SerialKIMD[0m
[4.521s] [35m[1mScanning dependencies of target KiwiMotion[0m
[4.521s] [35m[1mScanning dependencies of target Transmitter920[0m
[4.524s] [35m[1mScanning dependencies of target Solenoid_Controller[0m
[4.525s] [35m[1mScanning dependencies of target Receiver920[0m
[4.526s] [35m[1mScanning dependencies of target DriveMotion[0m
[4.556s] [  7%] Built target BeltLiner_Controller
[4.566s] [ 17%] Built target Transmitter920
[4.567s] [ 21%] Built target KiwiMotion
[4.568s] [ 28%] Built target SerialKIMD
[4.569s] [ 35%] Built target Solenoid_Controller
[4.579s] [ 42%] Built target Receiver920
[4.580s] [35m[1mScanning dependencies of target Drive_Controller[0m
[4.580s] [ 50%] Built target Xmove_Controller
[4.582s] [35m[1mScanning dependencies of target Upper_Controller[0m
[4.582s] [35m[1mScanning dependencies of target WallUpMotion[0m
[4.588s] [35m[1mScanning dependencies of target RopeMotion[0m
[4.589s] [ 57%] Built target DriveMotion
[4.589s] [35m[1mScanning dependencies of target Crawl_Controller[0m
[4.604s] [35m[1mScanning dependencies of target MotionMaster[0m
[4.622s] [ 64%] Built target Drive_Controller
[4.622s] [ 71%] Built target WallUpMotion
[4.628s] [ 78%] Built target Upper_Controller
[4.628s] [ 85%] Built target Crawl_Controller
[4.632s] [ 92%] Built target RopeMotion
[4.645s] [100%] Built target MotionMaster
[4.677s] Invoked command in '/home/ros-industrial/robocon_ws/build/robocon2023_b_dash' returned '0': CMAKE_PREFIX_PATH=${CMAKE_PREFIX_PATH}:/opt/ros/foxy /usr/bin/cmake --build /home/ros-industrial/robocon_ws/build/robocon2023_b_dash -- -j8 -l8
[5.112s] Invoking command in '/home/ros-industrial/robocon_ws/build/robocon2023_b_dash': CMAKE_PREFIX_PATH=${CMAKE_PREFIX_PATH}:/opt/ros/foxy /usr/bin/cmake --install /home/ros-industrial/robocon_ws/build/robocon2023_b_dash
[5.124s] -- Install configuration: ""
[5.130s] -- Up-to-date: /home/ros-industrial/robocon_ws/install/robocon2023_b_dash/lib/robocon2023_b_dash/SerialKIMD
[5.155s] -- Up-to-date: /home/ros-industrial/robocon_ws/install/robocon2023_b_dash/lib/robocon2023_b_dash/Xmove_Controller
[5.156s] -- Up-to-date: /home/ros-industrial/robocon_ws/install/robocon2023_b_dash/lib/robocon2023_b_dash/DriveMotion
[5.157s] -- Up-to-date: /home/ros-industrial/robocon_ws/install/robocon2023_b_dash/lib/robocon2023_b_dash/Drive_Controller
[5.157s] -- Up-to-date: /home/ros-industrial/robocon_ws/install/robocon2023_b_dash/lib/robocon2023_b_dash/Upper_Controller
[5.157s] -- Up-to-date: /home/ros-industrial/robocon_ws/install/robocon2023_b_dash/lib/robocon2023_b_dash/WallUpMotion
[5.159s] -- Up-to-date: /home/ros-industrial/robocon_ws/install/robocon2023_b_dash/lib/robocon2023_b_dash/Crawl_Controller
[5.162s] -- Up-to-date: /home/ros-industrial/robocon_ws/install/robocon2023_b_dash/lib/robocon2023_b_dash/Solenoid_Controller
[5.165s] -- Up-to-date: /home/ros-industrial/robocon_ws/install/robocon2023_b_dash/lib/robocon2023_b_dash/BeltLiner_Controller
[5.166s] -- Up-to-date: /home/ros-industrial/robocon_ws/install/robocon2023_b_dash/lib/robocon2023_b_dash/RopeMotion
[5.166s] -- Up-to-date: /home/ros-industrial/robocon_ws/install/robocon2023_b_dash/lib/robocon2023_b_dash/MotionMaster
[5.166s] -- Up-to-date: /home/ros-industrial/robocon_ws/install/robocon2023_b_dash/lib/robocon2023_b_dash/KiwiMotion
[5.166s] -- Up-to-date: /home/ros-industrial/robocon_ws/install/robocon2023_b_dash/lib/robocon2023_b_dash/Transmitter920
[5.167s] -- Up-to-date: /home/ros-industrial/robocon_ws/install/robocon2023_b_dash/lib/robocon2023_b_dash/Receiver920
[5.167s] -- Up-to-date: /home/ros-industrial/robocon_ws/install/robocon2023_b_dash/share/ament_index/resource_index/package_run_dependencies/robocon2023_b_dash
[5.167s] -- Up-to-date: /home/ros-industrial/robocon_ws/install/robocon2023_b_dash/share/ament_index/resource_index/parent_prefix_path/robocon2023_b_dash
[5.167s] -- Up-to-date: /home/ros-industrial/robocon_ws/install/robocon2023_b_dash/share/robocon2023_b_dash/environment/ament_prefix_path.sh
[5.168s] -- Installing: /home/ros-industrial/robocon_ws/install/robocon2023_b_dash/share/robocon2023_b_dash/environment/ament_prefix_path.dsv
[5.168s] -- Up-to-date: /home/ros-industrial/robocon_ws/install/robocon2023_b_dash/share/robocon2023_b_dash/environment/path.sh
[5.168s] -- Installing: /home/ros-industrial/robocon_ws/install/robocon2023_b_dash/share/robocon2023_b_dash/environment/path.dsv
[5.168s] -- Up-to-date: /home/ros-industrial/robocon_ws/install/robocon2023_b_dash/share/robocon2023_b_dash/local_setup.bash
[5.168s] -- Up-to-date: /home/ros-industrial/robocon_ws/install/robocon2023_b_dash/share/robocon2023_b_dash/local_setup.sh
[5.168s] -- Up-to-date: /home/ros-industrial/robocon_ws/install/robocon2023_b_dash/share/robocon2023_b_dash/local_setup.zsh
[5.168s] -- Installing: /home/ros-industrial/robocon_ws/install/robocon2023_b_dash/share/robocon2023_b_dash/local_setup.dsv
[5.169s] -- Installing: /home/ros-industrial/robocon_ws/install/robocon2023_b_dash/share/robocon2023_b_dash/package.dsv
[5.169s] -- Up-to-date: /home/ros-industrial/robocon_ws/install/robocon2023_b_dash/share/ament_index/resource_index/packages/robocon2023_b_dash
[5.169s] -- Up-to-date: /home/ros-industrial/robocon_ws/install/robocon2023_b_dash/share/robocon2023_b_dash/cmake/robocon2023_b_dashConfig.cmake
[5.169s] -- Up-to-date: /home/ros-industrial/robocon_ws/install/robocon2023_b_dash/share/robocon2023_b_dash/cmake/robocon2023_b_dashConfig-version.cmake
[5.169s] -- Up-to-date: /home/ros-industrial/robocon_ws/install/robocon2023_b_dash/share/robocon2023_b_dash/package.xml
[5.600s] Invoked command in '/home/ros-industrial/robocon_ws/build/robocon2023_b_dash' returned '0': CMAKE_PREFIX_PATH=${CMAKE_PREFIX_PATH}:/opt/ros/foxy /usr/bin/cmake --install /home/ros-industrial/robocon_ws/build/robocon2023_b_dash
