[0.423s] Invoking command in '/home/ros-industrial/robocon_ws/build/robocon2023_b_dash': CMAKE_PREFIX_PATH=${CMAKE_PREFIX_PATH}:/opt/ros/foxy /usr/bin/cmake --build /home/ros-industrial/robocon_ws/build/robocon2023_b_dash -- -j8 -l8
[0.476s] [ 10%] Built target SerialKIMD
[0.477s] [ 20%] Built target BeltLiner_Controller
[0.487s] [35m[1mScanning dependencies of target RopeMotion[0m
[0.504s] [ 30%] Built target Upper_Controller
[0.507s] [ 35%] [32mBuilding CXX object CMakeFiles/RopeMotion.dir/src/Rope_Motion.cpp.o[0m
[0.532s] [ 45%] Built target WallUpMotion
[0.569s] [ 55%] Built target Crawl_Controller
[0.592s] [ 65%] Built target Drive_Controller
[0.610s] [ 75%] Built target DriveMotion
[0.631s] [ 85%] Built target Solenoid_Controller
[0.652s] [ 95%] Built target Xmove_Controller
[1.337s] In file included from [01m[K/home/ros-industrial/robocon_ws/src/robocon2023_b_dash/src/Rope_Motion.hpp:7[m[K,
[1.337s]                  from [01m[K/home/ros-industrial/robocon_ws/src/robocon2023_b_dash/src/Rope_Motion.cpp:2[m[K:
[1.337s] [01m[K/home/ros-industrial/robocon_ws/src/robocon2023_b_dash/src/RoboconMsg/ABU2023_GenericOutput_Header.h:19:2:[m[K [01;35m[Kwarning: [m[KISO C++ prohibits anonymous structs [[01;35m[K-Wpedantic[m[K]
[1.337s]    19 |  [01;35m[K}[m[K;
[1.337s]       |  [01;35m[K^[m[K
[3.721s] [100%] [32m[1mLinking CXX executable RopeMotion[0m
[3.871s] [100%] Built target RopeMotion
[3.879s] Invoked command in '/home/ros-industrial/robocon_ws/build/robocon2023_b_dash' returned '0': CMAKE_PREFIX_PATH=${CMAKE_PREFIX_PATH}:/opt/ros/foxy /usr/bin/cmake --build /home/ros-industrial/robocon_ws/build/robocon2023_b_dash -- -j8 -l8
[3.911s] Invoking command in '/home/ros-industrial/robocon_ws/build/robocon2023_b_dash': CMAKE_PREFIX_PATH=${CMAKE_PREFIX_PATH}:/opt/ros/foxy /usr/bin/cmake --install /home/ros-industrial/robocon_ws/build/robocon2023_b_dash
[3.916s] -- Install configuration: ""
[3.916s] -- Up-to-date: /home/ros-industrial/robocon_ws/install/robocon2023_b_dash/lib/robocon2023_b_dash/SerialKIMD
[3.916s] -- Up-to-date: /home/ros-industrial/robocon_ws/install/robocon2023_b_dash/lib/robocon2023_b_dash/Xmove_Controller
[3.916s] -- Up-to-date: /home/ros-industrial/robocon_ws/install/robocon2023_b_dash/lib/robocon2023_b_dash/DriveMotion
[3.917s] -- Up-to-date: /home/ros-industrial/robocon_ws/install/robocon2023_b_dash/lib/robocon2023_b_dash/Drive_Controller
[3.917s] -- Up-to-date: /home/ros-industrial/robocon_ws/install/robocon2023_b_dash/lib/robocon2023_b_dash/Upper_Controller
[3.917s] -- Up-to-date: /home/ros-industrial/robocon_ws/install/robocon2023_b_dash/lib/robocon2023_b_dash/WallUpMotion
[3.917s] -- Up-to-date: /home/ros-industrial/robocon_ws/install/robocon2023_b_dash/lib/robocon2023_b_dash/Crawl_Controller
[3.918s] -- Up-to-date: /home/ros-industrial/robocon_ws/install/robocon2023_b_dash/lib/robocon2023_b_dash/Solenoid_Controller
[3.918s] -- Up-to-date: /home/ros-industrial/robocon_ws/install/robocon2023_b_dash/lib/robocon2023_b_dash/BeltLiner_Controller
[3.918s] -- Installing: /home/ros-industrial/robocon_ws/install/robocon2023_b_dash/lib/robocon2023_b_dash/RopeMotion
[3.919s] -- Set runtime path of "/home/ros-industrial/robocon_ws/install/robocon2023_b_dash/lib/robocon2023_b_dash/RopeMotion" to ""
[3.920s] -- Up-to-date: /home/ros-industrial/robocon_ws/install/robocon2023_b_dash/share/ament_index/resource_index/package_run_dependencies/robocon2023_b_dash
[3.920s] -- Up-to-date: /home/ros-industrial/robocon_ws/install/robocon2023_b_dash/share/ament_index/resource_index/parent_prefix_path/robocon2023_b_dash
[3.920s] -- Up-to-date: /home/ros-industrial/robocon_ws/install/robocon2023_b_dash/share/robocon2023_b_dash/environment/ament_prefix_path.sh
[3.920s] -- Up-to-date: /home/ros-industrial/robocon_ws/install/robocon2023_b_dash/share/robocon2023_b_dash/environment/ament_prefix_path.dsv
[3.920s] -- Up-to-date: /home/ros-industrial/robocon_ws/install/robocon2023_b_dash/share/robocon2023_b_dash/environment/path.sh
[3.920s] -- Up-to-date: /home/ros-industrial/robocon_ws/install/robocon2023_b_dash/share/robocon2023_b_dash/environment/path.dsv
[3.920s] -- Up-to-date: /home/ros-industrial/robocon_ws/install/robocon2023_b_dash/share/robocon2023_b_dash/local_setup.bash
[3.920s] -- Up-to-date: /home/ros-industrial/robocon_ws/install/robocon2023_b_dash/share/robocon2023_b_dash/local_setup.sh
[3.920s] -- Up-to-date: /home/ros-industrial/robocon_ws/install/robocon2023_b_dash/share/robocon2023_b_dash/local_setup.zsh
[3.920s] -- Up-to-date: /home/ros-industrial/robocon_ws/install/robocon2023_b_dash/share/robocon2023_b_dash/local_setup.dsv
[3.920s] -- Installing: /home/ros-industrial/robocon_ws/install/robocon2023_b_dash/share/robocon2023_b_dash/package.dsv
[3.921s] -- Up-to-date: /home/ros-industrial/robocon_ws/install/robocon2023_b_dash/share/ament_index/resource_index/packages/robocon2023_b_dash
[3.921s] -- Up-to-date: /home/ros-industrial/robocon_ws/install/robocon2023_b_dash/share/robocon2023_b_dash/cmake/robocon2023_b_dashConfig.cmake
[3.921s] -- Up-to-date: /home/ros-industrial/robocon_ws/install/robocon2023_b_dash/share/robocon2023_b_dash/cmake/robocon2023_b_dashConfig-version.cmake
[3.921s] -- Up-to-date: /home/ros-industrial/robocon_ws/install/robocon2023_b_dash/share/robocon2023_b_dash/package.xml
[3.922s] Invoked command in '/home/ros-industrial/robocon_ws/build/robocon2023_b_dash' returned '0': CMAKE_PREFIX_PATH=${CMAKE_PREFIX_PATH}:/opt/ros/foxy /usr/bin/cmake --install /home/ros-industrial/robocon_ws/build/robocon2023_b_dash
