[0.477s] Invoking command in '/home/kaibuchisoma/robocon_ws/build/robocon2023_b_dash': CMAKE_PREFIX_PATH=${CMAKE_PREFIX_PATH}:/home/kaibuchisoma/robocon_ws/install/fruit_detection:/opt/ros/humble /usr/bin/cmake --build /home/kaibuchisoma/robocon_ws/build/robocon2023_b_dash -- -j12 -l12
[0.563s] [ 13%] Built target Xmove_Controller
[0.564s] [ 22%] Built target Drive_Controller
[0.565s] [ 27%] Built target SerialKIMD
[0.566s] [ 36%] Built target Upper_Controller
[0.567s] [ 45%] Built target BeltLiner_Controller
[0.568s] [ 59%] Built target receiver
[0.568s] [ 63%] Built target DriveMotion
[0.572s] [ 72%] Built target Solenoid_Controller
[0.573s] [ 81%] Built target RopeMotion
[0.574s] [ 90%] Built target WallUpMotion
[0.580s] [100%] Built target Crawl_Controller
[0.598s] Invoked command in '/home/kaibuchisoma/robocon_ws/build/robocon2023_b_dash' returned '0': CMAKE_PREFIX_PATH=${CMAKE_PREFIX_PATH}:/home/kaibuchisoma/robocon_ws/install/fruit_detection:/opt/ros/humble /usr/bin/cmake --build /home/kaibuchisoma/robocon_ws/build/robocon2023_b_dash -- -j12 -l12
[0.727s] Invoking command in '/home/kaibuchisoma/robocon_ws/build/robocon2023_b_dash': CMAKE_PREFIX_PATH=${CMAKE_PREFIX_PATH}:/home/kaibuchisoma/robocon_ws/install/fruit_detection:/opt/ros/humble /usr/bin/cmake --install /home/kaibuchisoma/robocon_ws/build/robocon2023_b_dash
[0.736s] -- Install configuration: ""
[0.736s] -- Up-to-date: /home/kaibuchisoma/robocon_ws/install/robocon2023_b_dash/lib/robocon2023_b_dash/SerialKIMD
[0.737s] -- Up-to-date: /home/kaibuchisoma/robocon_ws/install/robocon2023_b_dash/lib/robocon2023_b_dash/Xmove_Controller
[0.737s] -- Up-to-date: /home/kaibuchisoma/robocon_ws/install/robocon2023_b_dash/lib/robocon2023_b_dash/DriveMotion
[0.738s] -- Up-to-date: /home/kaibuchisoma/robocon_ws/install/robocon2023_b_dash/lib/robocon2023_b_dash/Drive_Controller
[0.738s] -- Up-to-date: /home/kaibuchisoma/robocon_ws/install/robocon2023_b_dash/lib/robocon2023_b_dash/Upper_Controller
[0.739s] -- Up-to-date: /home/kaibuchisoma/robocon_ws/install/robocon2023_b_dash/lib/robocon2023_b_dash/WallUpMotion
[0.739s] -- Up-to-date: /home/kaibuchisoma/robocon_ws/install/robocon2023_b_dash/lib/robocon2023_b_dash/Crawl_Controller
[0.740s] -- Up-to-date: /home/kaibuchisoma/robocon_ws/install/robocon2023_b_dash/lib/robocon2023_b_dash/Solenoid_Controller
[0.740s] -- Up-to-date: /home/kaibuchisoma/robocon_ws/install/robocon2023_b_dash/lib/robocon2023_b_dash/BeltLiner_Controller
[0.741s] -- Up-to-date: /home/kaibuchisoma/robocon_ws/install/robocon2023_b_dash/lib/robocon2023_b_dash/RopeMotion
[0.741s] -- Up-to-date: /home/kaibuchisoma/robocon_ws/install/robocon2023_b_dash/lib/robocon2023_b_dash/receiver
[0.741s] -- Up-to-date: /home/kaibuchisoma/robocon_ws/install/robocon2023_b_dash/share/ament_index/resource_index/package_run_dependencies/robocon2023_b_dash
[0.742s] -- Up-to-date: /home/kaibuchisoma/robocon_ws/install/robocon2023_b_dash/share/ament_index/resource_index/parent_prefix_path/robocon2023_b_dash
[0.742s] -- Up-to-date: /home/kaibuchisoma/robocon_ws/install/robocon2023_b_dash/share/robocon2023_b_dash/environment/ament_prefix_path.sh
[0.742s] -- Up-to-date: /home/kaibuchisoma/robocon_ws/install/robocon2023_b_dash/share/robocon2023_b_dash/environment/ament_prefix_path.dsv
[0.742s] -- Up-to-date: /home/kaibuchisoma/robocon_ws/install/robocon2023_b_dash/share/robocon2023_b_dash/environment/path.sh
[0.742s] -- Up-to-date: /home/kaibuchisoma/robocon_ws/install/robocon2023_b_dash/share/robocon2023_b_dash/environment/path.dsv
[0.742s] -- Up-to-date: /home/kaibuchisoma/robocon_ws/install/robocon2023_b_dash/share/robocon2023_b_dash/local_setup.bash
[0.742s] -- Up-to-date: /home/kaibuchisoma/robocon_ws/install/robocon2023_b_dash/share/robocon2023_b_dash/local_setup.sh
[0.742s] -- Up-to-date: /home/kaibuchisoma/robocon_ws/install/robocon2023_b_dash/share/robocon2023_b_dash/local_setup.zsh
[0.742s] -- Up-to-date: /home/kaibuchisoma/robocon_ws/install/robocon2023_b_dash/share/robocon2023_b_dash/local_setup.dsv
[0.742s] -- Installing: /home/kaibuchisoma/robocon_ws/install/robocon2023_b_dash/share/robocon2023_b_dash/package.dsv
[0.743s] -- Up-to-date: /home/kaibuchisoma/robocon_ws/install/robocon2023_b_dash/share/ament_index/resource_index/packages/robocon2023_b_dash
[0.743s] -- Up-to-date: /home/kaibuchisoma/robocon_ws/install/robocon2023_b_dash/share/robocon2023_b_dash/cmake/robocon2023_b_dashConfig.cmake
[0.743s] -- Up-to-date: /home/kaibuchisoma/robocon_ws/install/robocon2023_b_dash/share/robocon2023_b_dash/cmake/robocon2023_b_dashConfig-version.cmake
[0.743s] -- Up-to-date: /home/kaibuchisoma/robocon_ws/install/robocon2023_b_dash/share/robocon2023_b_dash/package.xml
[0.745s] Invoked command in '/home/kaibuchisoma/robocon_ws/build/robocon2023_b_dash' returned '0': CMAKE_PREFIX_PATH=${CMAKE_PREFIX_PATH}:/home/kaibuchisoma/robocon_ws/install/fruit_detection:/opt/ros/humble /usr/bin/cmake --install /home/kaibuchisoma/robocon_ws/build/robocon2023_b_dash
