[0.583s] Invoking command in '/home/kaibuchisoma/robocon_ws/build/robocon2023_b_dash_receiver': CMAKE_PREFIX_PATH=${CMAKE_PREFIX_PATH}:/home/kaibuchisoma/robocon_ws/install/fruit_detection:/opt/ros/humble /usr/bin/cmake /home/kaibuchisoma/robocon_ws/src/robocon2023_b_dash_receiver -DCMAKE_INSTALL_PREFIX=/home/kaibuchisoma/robocon_ws/install/robocon2023_b_dash_receiver
[0.664s] -- The C compiler identification is GNU 11.4.0
[0.741s] -- The CXX compiler identification is GNU 11.4.0
[0.752s] -- Detecting C compiler ABI info
[0.864s] -- Detecting C compiler ABI info - done
[0.873s] -- Check for working C compiler: /usr/bin/cc - skipped
[0.873s] -- Detecting C compile features
[0.874s] -- Detecting C compile features - done
[0.878s] -- Detecting CXX compiler ABI info
[1.025s] -- Detecting CXX compiler ABI info - done
[1.038s] -- Check for working CXX compiler: /usr/bin/c++ - skipped
[1.038s] -- Detecting CXX compile features
[1.045s] -- Detecting CXX compile features - done
[1.055s] -- Found ament_cmake: 1.3.5 (/opt/ros/humble/share/ament_cmake/cmake)
[1.359s] -- Found Python3: /usr/bin/python3.10 (found version "3.10.12") found components: Interpreter 
[1.490s] -- Found rclcpp: 16.0.6 (/opt/ros/humble/share/rclcpp/cmake)
[1.572s] -- Found rosidl_generator_c: 3.1.5 (/opt/ros/humble/share/rosidl_generator_c/cmake)
[1.583s] -- Found rosidl_adapter: 3.1.5 (/opt/ros/humble/share/rosidl_adapter/cmake)
[1.599s] -- Found rosidl_generator_cpp: 3.1.5 (/opt/ros/humble/share/rosidl_generator_cpp/cmake)
[1.625s] -- Using all available rosidl_typesupport_c: rosidl_typesupport_fastrtps_c;rosidl_typesupport_introspection_c
[1.662s] -- Using all available rosidl_typesupport_cpp: rosidl_typesupport_fastrtps_cpp;rosidl_typesupport_introspection_cpp
[1.794s] -- Found rmw_implementation_cmake: 6.1.1 (/opt/ros/humble/share/rmw_implementation_cmake/cmake)
[1.800s] -- Found rmw_fastrtps_cpp: 6.2.4 (/opt/ros/humble/share/rmw_fastrtps_cpp/cmake)
[1.971s] -- Found OpenSSL: /usr/lib/x86_64-linux-gnu/libcrypto.so (found version "3.0.2")  
[2.023s] -- Found FastRTPS: /opt/ros/humble/include  
[2.105s] -- Using RMW implementation 'rmw_fastrtps_cpp' as default
[2.123s] -- Looking for pthread.h
[2.230s] -- Looking for pthread.h - found
[2.231s] -- Performing Test CMAKE_HAVE_LIBC_PTHREAD
[2.351s] -- Performing Test CMAKE_HAVE_LIBC_PTHREAD - Success
[2.353s] -- Found Threads: TRUE  
[2.670s] -- Found sensor_msgs: 4.2.3 (/opt/ros/humble/share/sensor_msgs/cmake)
[2.930s] -- Found ament_lint_auto: 0.12.8 (/opt/ros/humble/share/ament_lint_auto/cmake)
[3.070s] -- Added test 'cppcheck' to perform static code analysis on C / C++ code
[3.070s] -- Configured cppcheck include dirs: $<BUILD_INTERFACE:/home/kaibuchisoma/robocon_ws/src/robocon2023_b_dash_receiver/include>
[3.070s] -- Configured cppcheck exclude dirs and/or files: 
[3.070s] -- Added test 'lint_cmake' to check CMake code style
[3.071s] -- Added test 'uncrustify' to check C / C++ code style
[3.071s] -- Configured uncrustify additional arguments: 
[3.072s] -- Added test 'xmllint' to check XML markup files
[3.075s] -- Configuring done
[3.113s] -- Generating done
[3.114s] -- Build files have been written to: /home/kaibuchisoma/robocon_ws/build/robocon2023_b_dash_receiver
[3.186s] Invoked command in '/home/kaibuchisoma/robocon_ws/build/robocon2023_b_dash_receiver' returned '0': CMAKE_PREFIX_PATH=${CMAKE_PREFIX_PATH}:/home/kaibuchisoma/robocon_ws/install/fruit_detection:/opt/ros/humble /usr/bin/cmake /home/kaibuchisoma/robocon_ws/src/robocon2023_b_dash_receiver -DCMAKE_INSTALL_PREFIX=/home/kaibuchisoma/robocon_ws/install/robocon2023_b_dash_receiver
[3.188s] Invoking command in '/home/kaibuchisoma/robocon_ws/build/robocon2023_b_dash_receiver': CMAKE_PREFIX_PATH=${CMAKE_PREFIX_PATH}:/home/kaibuchisoma/robocon_ws/install/fruit_detection:/opt/ros/humble /usr/bin/cmake --build /home/kaibuchisoma/robocon_ws/build/robocon2023_b_dash_receiver -- -j12 -l12
[3.253s] [35m[1mConsolidate compiler generated dependencies of target receiver[0m
[3.254s] [35m[1mConsolidate compiler generated dependencies of target program_checker[0m
[3.299s] [ 50%] Built target program_checker
[3.304s] [100%] Built target receiver
[3.430s] Invoked command in '/home/kaibuchisoma/robocon_ws/build/robocon2023_b_dash_receiver' returned '0': CMAKE_PREFIX_PATH=${CMAKE_PREFIX_PATH}:/home/kaibuchisoma/robocon_ws/install/fruit_detection:/opt/ros/humble /usr/bin/cmake --build /home/kaibuchisoma/robocon_ws/build/robocon2023_b_dash_receiver -- -j12 -l12
[3.634s] Invoking command in '/home/kaibuchisoma/robocon_ws/build/robocon2023_b_dash_receiver': CMAKE_PREFIX_PATH=${CMAKE_PREFIX_PATH}:/home/kaibuchisoma/robocon_ws/install/fruit_detection:/opt/ros/humble /usr/bin/cmake --install /home/kaibuchisoma/robocon_ws/build/robocon2023_b_dash_receiver
[3.649s] -- Install configuration: ""
[3.649s] -- Up-to-date: /home/kaibuchisoma/robocon_ws/install/robocon2023_b_dash_receiver/lib/robocon2023_b_dash_receiver/receiver
[3.650s] -- Up-to-date: /home/kaibuchisoma/robocon_ws/install/robocon2023_b_dash_receiver/lib/robocon2023_b_dash_receiver/program_checker
[3.651s] -- Up-to-date: /home/kaibuchisoma/robocon_ws/install/robocon2023_b_dash_receiver/share/ament_index/resource_index/package_run_dependencies/robocon2023_b_dash_receiver
[3.651s] -- Up-to-date: /home/kaibuchisoma/robocon_ws/install/robocon2023_b_dash_receiver/share/ament_index/resource_index/parent_prefix_path/robocon2023_b_dash_receiver
[3.651s] -- Up-to-date: /home/kaibuchisoma/robocon_ws/install/robocon2023_b_dash_receiver/share/robocon2023_b_dash_receiver/environment/ament_prefix_path.sh
[3.651s] -- Installing: /home/kaibuchisoma/robocon_ws/install/robocon2023_b_dash_receiver/share/robocon2023_b_dash_receiver/environment/ament_prefix_path.dsv
[3.651s] -- Up-to-date: /home/kaibuchisoma/robocon_ws/install/robocon2023_b_dash_receiver/share/robocon2023_b_dash_receiver/environment/path.sh
[3.651s] -- Installing: /home/kaibuchisoma/robocon_ws/install/robocon2023_b_dash_receiver/share/robocon2023_b_dash_receiver/environment/path.dsv
[3.651s] -- Up-to-date: /home/kaibuchisoma/robocon_ws/install/robocon2023_b_dash_receiver/share/robocon2023_b_dash_receiver/local_setup.bash
[3.652s] -- Up-to-date: /home/kaibuchisoma/robocon_ws/install/robocon2023_b_dash_receiver/share/robocon2023_b_dash_receiver/local_setup.sh
[3.652s] -- Up-to-date: /home/kaibuchisoma/robocon_ws/install/robocon2023_b_dash_receiver/share/robocon2023_b_dash_receiver/local_setup.zsh
[3.652s] -- Installing: /home/kaibuchisoma/robocon_ws/install/robocon2023_b_dash_receiver/share/robocon2023_b_dash_receiver/local_setup.dsv
[3.653s] -- Installing: /home/kaibuchisoma/robocon_ws/install/robocon2023_b_dash_receiver/share/robocon2023_b_dash_receiver/package.dsv
[3.653s] -- Up-to-date: /home/kaibuchisoma/robocon_ws/install/robocon2023_b_dash_receiver/share/ament_index/resource_index/packages/robocon2023_b_dash_receiver
[3.653s] -- Up-to-date: /home/kaibuchisoma/robocon_ws/install/robocon2023_b_dash_receiver/share/robocon2023_b_dash_receiver/cmake/robocon2023_b_dash_receiverConfig.cmake
[3.653s] -- Up-to-date: /home/kaibuchisoma/robocon_ws/install/robocon2023_b_dash_receiver/share/robocon2023_b_dash_receiver/cmake/robocon2023_b_dash_receiverConfig-version.cmake
[3.658s] -- Up-to-date: /home/kaibuchisoma/robocon_ws/install/robocon2023_b_dash_receiver/share/robocon2023_b_dash_receiver/package.xml
[3.669s] Invoked command in '/home/kaibuchisoma/robocon_ws/build/robocon2023_b_dash_receiver' returned '0': CMAKE_PREFIX_PATH=${CMAKE_PREFIX_PATH}:/home/kaibuchisoma/robocon_ws/install/fruit_detection:/opt/ros/humble /usr/bin/cmake --install /home/kaibuchisoma/robocon_ws/build/robocon2023_b_dash_receiver
