[0.545s] Invoking command in '/home/roboconb/robocon_ws': PYTHONPATH=/home/roboconb/robocon_ws/build/fruit_detection/prefix_override:/home/roboconb/robocon_ws/install/fruit_detection/lib/python3.10/site-packages:${PYTHONPATH} /usr/bin/python3 setup.py egg_info --egg-base build/fruit_detection build --build-base /home/roboconb/robocon_ws/build/fruit_detection/build install --record /home/roboconb/robocon_ws/build/fruit_detection/install.log --single-version-externally-managed
[0.759s] running egg_info
[0.760s] writing build/fruit_detection/fruit_detection.egg-info/PKG-INFO
[0.760s] writing dependency_links to build/fruit_detection/fruit_detection.egg-info/dependency_links.txt
[0.761s] writing entry points to build/fruit_detection/fruit_detection.egg-info/entry_points.txt
[0.761s] writing requirements to build/fruit_detection/fruit_detection.egg-info/requires.txt
[0.761s] writing top-level names to build/fruit_detection/fruit_detection.egg-info/top_level.txt
[0.763s] reading manifest file 'build/fruit_detection/fruit_detection.egg-info/SOURCES.txt'
[0.763s] adding license file 'LICENSE'
[0.765s] writing manifest file 'build/fruit_detection/fruit_detection.egg-info/SOURCES.txt'
[0.765s] running build
[0.765s] running build_py
[0.765s] running install
[0.765s] /usr/lib/python3/dist-packages/setuptools/command/install.py:34: SetuptoolsDeprecationWarning: setup.py install is deprecated. Use build and pip and other standards-based tools.
[0.765s]   warnings.warn(
[0.765s] running install_lib
[0.767s] running install_data
[0.767s] running install_egg_info
[0.769s] removing '/home/roboconb/robocon_ws/install/fruit_detection/lib/python3.10/site-packages/fruit_detection-0.0.1-py3.10.egg-info' (and everything under it)
[0.769s] Copying build/fruit_detection/fruit_detection.egg-info to /home/roboconb/robocon_ws/install/fruit_detection/lib/python3.10/site-packages/fruit_detection-0.0.1-py3.10.egg-info
[0.770s] running install_scripts
[0.788s] Installing listener script to /home/roboconb/robocon_ws/install/fruit_detection/lib/fruit_detection
[0.788s] Installing onnx script to /home/roboconb/robocon_ws/install/fruit_detection/lib/fruit_detection
[0.788s] Installing pubdetect script to /home/roboconb/robocon_ws/install/fruit_detection/lib/fruit_detection
[0.789s] Installing talker script to /home/roboconb/robocon_ws/install/fruit_detection/lib/fruit_detection
[0.789s] Installing torch script to /home/roboconb/robocon_ws/install/fruit_detection/lib/fruit_detection
[0.789s] Installing vino script to /home/roboconb/robocon_ws/install/fruit_detection/lib/fruit_detection
[0.789s] writing list of installed files to '/home/roboconb/robocon_ws/build/fruit_detection/install.log'
[0.809s] Invoked command in '/home/roboconb/robocon_ws' returned '0': PYTHONPATH=/home/roboconb/robocon_ws/build/fruit_detection/prefix_override:/home/roboconb/robocon_ws/install/fruit_detection/lib/python3.10/site-packages:${PYTHONPATH} /usr/bin/python3 setup.py egg_info --egg-base build/fruit_detection build --build-base /home/roboconb/robocon_ws/build/fruit_detection/build install --record /home/roboconb/robocon_ws/build/fruit_detection/install.log --single-version-externally-managed
