[0.426s] Invoking command in '/home/ros-industrial/robocon_ws/build/robocon2023_b_dash': CMAKE_PREFIX_PATH=${CMAKE_PREFIX_PATH}:/opt/ros/foxy /usr/bin/cmake --build /home/ros-industrial/robocon_ws/build/robocon2023_b_dash -- -j8 -l8
[0.474s] [35m[1mScanning dependencies of target Upper_Controller[0m
[0.483s] [ 20%] Built target SerialKIMD
[0.485s] [ 40%] Built target DriveMotion
[0.488s] [ 60%] Built target Xmove_Controller
[0.489s] [ 80%] Built target Drive_Controller
[0.493s] [ 90%] [32mBuilding CXX object CMakeFiles/Upper_Controller.dir/src/Upper_Controller.cpp.o[0m
[1.358s] In file included from [01m[K/home/ros-industrial/robocon_ws/src/robocon2023_b_dash/src/Upper_Controller.hpp:7[m[K,
[1.358s]                  from [01m[K/home/ros-industrial/robocon_ws/src/robocon2023_b_dash/src/Upper_Controller.cpp:2[m[K:
[1.358s] [01m[K/home/ros-industrial/robocon_ws/src/robocon2023_b_dash/src/RoboconMsg/ABU2023_GenericOutput_Header.h:19:2:[m[K [01;35m[Kwarning: [m[KISO C++ prohibits anonymous structs [[01;35m[K-Wpedantic[m[K]
[1.358s]    19 |  [01;35m[K}[m[K;
[1.358s]       |  [01;35m[K^[m[K
[1.389s] [01m[K/home/ros-industrial/robocon_ws/src/robocon2023_b_dash/src/Upper_Controller.cpp:[m[K In member function ‘[01m[Kvoid Upper_Controller_Node::timer_callback()[m[K’:
[1.389s] [01m[K/home/ros-industrial/robocon_ws/src/robocon2023_b_dash/src/Upper_Controller.cpp:81:43:[m[K [01;35m[Kwarning: [m[Ksuggest parentheses around comparison in operand of ‘[01m[K&[m[K’ [[01;35m[K-Wparentheses[m[K]
[1.389s]    81 |     if ((this->button_state >> 0) & [01;35m[K0b001 == 1[m[K) // left
[1.389s]       |                                     [01;35m[K~~~~~~^~~~[m[K
[1.389s] [01m[K/home/ros-industrial/robocon_ws/src/robocon2023_b_dash/src/Upper_Controller.cpp:87:49:[m[K [01;35m[Kwarning: [m[Ksuggest parentheses around comparison in operand of ‘[01m[K&[m[K’ [[01;35m[K-Wparentheses[m[K]
[1.389s]    87 |     else if ((this->button_state >> 1) & [01;35m[K0b0001 == 1[m[K) // right
[1.389s]       |                                          [01;35m[K~~~~~~~^~~~[m[K
[1.389s] [01m[K/home/ros-industrial/robocon_ws/src/robocon2023_b_dash/src/Upper_Controller.cpp:92:49:[m[K [01;35m[Kwarning: [m[Ksuggest parentheses around comparison in operand of ‘[01m[K&[m[K’ [[01;35m[K-Wparentheses[m[K]
[1.389s]    92 |     else if ((this->button_state >> 2) & [01;35m[K0b0001 == 1[m[K) // up
[1.390s]       |                                          [01;35m[K~~~~~~~^~~~[m[K
[1.390s] [01m[K/home/ros-industrial/robocon_ws/src/robocon2023_b_dash/src/Upper_Controller.cpp:97:49:[m[K [01;35m[Kwarning: [m[Ksuggest parentheses around comparison in operand of ‘[01m[K&[m[K’ [[01;35m[K-Wparentheses[m[K]
[1.390s]    97 |     else if ((this->button_state >> 3) & [01;35m[K0b0001 == 1[m[K) // down
[1.390s]       |                                          [01;35m[K~~~~~~~^~~~[m[K
[3.965s] [100%] [32m[1mLinking CXX executable Upper_Controller[0m
[4.125s] [100%] Built target Upper_Controller
[4.132s] Invoked command in '/home/ros-industrial/robocon_ws/build/robocon2023_b_dash' returned '0': CMAKE_PREFIX_PATH=${CMAKE_PREFIX_PATH}:/opt/ros/foxy /usr/bin/cmake --build /home/ros-industrial/robocon_ws/build/robocon2023_b_dash -- -j8 -l8
[4.157s] Invoking command in '/home/ros-industrial/robocon_ws/build/robocon2023_b_dash': CMAKE_PREFIX_PATH=${CMAKE_PREFIX_PATH}:/opt/ros/foxy /usr/bin/cmake --install /home/ros-industrial/robocon_ws/build/robocon2023_b_dash
[4.161s] -- Install configuration: ""
[4.162s] -- Up-to-date: /home/ros-industrial/robocon_ws/install/robocon2023_b_dash/lib/robocon2023_b_dash/SerialKIMD
[4.162s] -- Up-to-date: /home/ros-industrial/robocon_ws/install/robocon2023_b_dash/lib/robocon2023_b_dash/Xmove_Controller
[4.162s] -- Up-to-date: /home/ros-industrial/robocon_ws/install/robocon2023_b_dash/lib/robocon2023_b_dash/DriveMotion
[4.162s] -- Up-to-date: /home/ros-industrial/robocon_ws/install/robocon2023_b_dash/lib/robocon2023_b_dash/Drive_Controller
[4.162s] -- Installing: /home/ros-industrial/robocon_ws/install/robocon2023_b_dash/lib/robocon2023_b_dash/Upper_Controller
[4.164s] -- Set runtime path of "/home/ros-industrial/robocon_ws/install/robocon2023_b_dash/lib/robocon2023_b_dash/Upper_Controller" to ""
[4.164s] -- Up-to-date: /home/ros-industrial/robocon_ws/install/robocon2023_b_dash/share/ament_index/resource_index/package_run_dependencies/robocon2023_b_dash
[4.164s] -- Up-to-date: /home/ros-industrial/robocon_ws/install/robocon2023_b_dash/share/ament_index/resource_index/parent_prefix_path/robocon2023_b_dash
[4.164s] -- Up-to-date: /home/ros-industrial/robocon_ws/install/robocon2023_b_dash/share/robocon2023_b_dash/environment/ament_prefix_path.sh
[4.164s] -- Up-to-date: /home/ros-industrial/robocon_ws/install/robocon2023_b_dash/share/robocon2023_b_dash/environment/ament_prefix_path.dsv
[4.164s] -- Up-to-date: /home/ros-industrial/robocon_ws/install/robocon2023_b_dash/share/robocon2023_b_dash/environment/path.sh
[4.164s] -- Up-to-date: /home/ros-industrial/robocon_ws/install/robocon2023_b_dash/share/robocon2023_b_dash/environment/path.dsv
[4.164s] -- Up-to-date: /home/ros-industrial/robocon_ws/install/robocon2023_b_dash/share/robocon2023_b_dash/local_setup.bash
[4.165s] -- Up-to-date: /home/ros-industrial/robocon_ws/install/robocon2023_b_dash/share/robocon2023_b_dash/local_setup.sh
[4.165s] -- Up-to-date: /home/ros-industrial/robocon_ws/install/robocon2023_b_dash/share/robocon2023_b_dash/local_setup.zsh
[4.165s] -- Up-to-date: /home/ros-industrial/robocon_ws/install/robocon2023_b_dash/share/robocon2023_b_dash/local_setup.dsv
[4.165s] -- Installing: /home/ros-industrial/robocon_ws/install/robocon2023_b_dash/share/robocon2023_b_dash/package.dsv
[4.165s] -- Up-to-date: /home/ros-industrial/robocon_ws/install/robocon2023_b_dash/share/ament_index/resource_index/packages/robocon2023_b_dash
[4.165s] -- Up-to-date: /home/ros-industrial/robocon_ws/install/robocon2023_b_dash/share/robocon2023_b_dash/cmake/robocon2023_b_dashConfig.cmake
[4.165s] -- Up-to-date: /home/ros-industrial/robocon_ws/install/robocon2023_b_dash/share/robocon2023_b_dash/cmake/robocon2023_b_dashConfig-version.cmake
[4.165s] -- Up-to-date: /home/ros-industrial/robocon_ws/install/robocon2023_b_dash/share/robocon2023_b_dash/package.xml
[4.166s] Invoked command in '/home/ros-industrial/robocon_ws/build/robocon2023_b_dash' returned '0': CMAKE_PREFIX_PATH=${CMAKE_PREFIX_PATH}:/opt/ros/foxy /usr/bin/cmake --install /home/ros-industrial/robocon_ws/build/robocon2023_b_dash
