[1.062s] DEBUG:colcon:Command line arguments: ['/usr/bin/colcon', 'build']
[1.062s] DEBUG:colcon:Parsed command line arguments: Namespace(allow_overriding=[], ament_cmake_args=None, base_paths=['.'], build_base='build', catkin_cmake_args=None, catkin_skip_building_tests=False, cmake_args=None, cmake_clean_cache=False, cmake_clean_first=False, cmake_force_configure=False, cmake_target=None, cmake_target_skip_unavailable=False, continue_on_error=False, event_handlers=None, executor='parallel', ignore_user_meta=False, install_base='install', log_base=None, log_level=None, main=<bound method BuildVerb.main of <colcon_core.verb.build.BuildVerb object at 0x7fea2bff5040>>, merge_install=False, metas=['./colcon.meta'], packages_above=None, packages_above_and_dependencies=None, packages_above_depth=None, packages_end=None, packages_ignore=None, packages_ignore_regex=None, packages_select=None, packages_select_build_failed=False, packages_select_by_dep=None, packages_select_regex=None, packages_select_test_failures=False, packages_skip=None, packages_skip_build_finished=False, packages_skip_by_dep=None, packages_skip_regex=None, packages_skip_test_passed=False, packages_skip_up_to=None, packages_start=None, packages_up_to=None, packages_up_to_regex=None, parallel_workers=8, paths=None, symlink_install=False, test_result_base=None, verb_extension=<colcon_core.verb.build.BuildVerb object at 0x7fea2bff5040>, verb_name='build', verb_parser=<colcon_defaults.argument_parser.defaults.DefaultArgumentsDecorator object at 0x7fea2bff55e0>)
[1.108s] Level 1:colcon.colcon_core.package_discovery:discover_packages(colcon_meta) check parameters
[1.108s] Level 1:colcon.colcon_core.package_discovery:discover_packages(recursive) check parameters
[1.108s] Level 1:colcon.colcon_core.package_discovery:discover_packages(ignore) check parameters
[1.108s] Level 1:colcon.colcon_core.package_discovery:discover_packages(path) check parameters
[1.108s] Level 1:colcon.colcon_core.package_discovery:discover_packages(colcon_meta) discover
[1.108s] Level 1:colcon.colcon_core.package_discovery:discover_packages(recursive) discover
[1.108s] INFO:colcon.colcon_core.package_discovery:Crawling recursively for packages in '/home/ros-industrial/robocon_ws'
[1.109s] Level 1:colcon.colcon_core.package_identification:_identify(.) by extensions ['ignore', 'ignore_ament_install']
[1.109s] Level 1:colcon.colcon_core.package_identification:_identify(.) by extension 'ignore'
[1.109s] Level 1:colcon.colcon_core.package_identification:_identify(.) by extension 'ignore_ament_install'
[1.109s] Level 1:colcon.colcon_core.package_identification:_identify(.) by extensions ['colcon_pkg']
[1.109s] Level 1:colcon.colcon_core.package_identification:_identify(.) by extension 'colcon_pkg'
[1.109s] Level 1:colcon.colcon_core.package_identification:_identify(.) by extensions ['colcon_meta']
[1.109s] Level 1:colcon.colcon_core.package_identification:_identify(.) by extension 'colcon_meta'
[1.109s] Level 1:colcon.colcon_core.package_identification:_identify(.) by extensions ['ros']
[1.109s] Level 1:colcon.colcon_core.package_identification:_identify(.) by extension 'ros'
[1.115s] Level 1:colcon.colcon_core.package_identification:_identify(.) by extensions ['cmake', 'python']
[1.115s] Level 1:colcon.colcon_core.package_identification:_identify(.) by extension 'cmake'
[1.115s] Level 1:colcon.colcon_core.package_identification:_identify(.) by extension 'python'
[1.115s] Level 1:colcon.colcon_core.package_identification:_identify(.) by extensions ['python_setup_py']
[1.115s] Level 1:colcon.colcon_core.package_identification:_identify(.) by extension 'python_setup_py'
[1.115s] Level 1:colcon.colcon_core.package_identification:_identify(build) by extensions ['ignore', 'ignore_ament_install']
[1.115s] Level 1:colcon.colcon_core.package_identification:_identify(build) by extension 'ignore'
[1.115s] Level 1:colcon.colcon_core.package_identification:_identify(build) ignored
[1.115s] Level 1:colcon.colcon_core.package_identification:_identify(install) by extensions ['ignore', 'ignore_ament_install']
[1.115s] Level 1:colcon.colcon_core.package_identification:_identify(install) by extension 'ignore'
[1.115s] Level 1:colcon.colcon_core.package_identification:_identify(install) ignored
[1.116s] Level 1:colcon.colcon_core.package_identification:_identify(log) by extensions ['ignore', 'ignore_ament_install']
[1.116s] Level 1:colcon.colcon_core.package_identification:_identify(log) by extension 'ignore'
[1.116s] Level 1:colcon.colcon_core.package_identification:_identify(log) ignored
[1.116s] Level 1:colcon.colcon_core.package_identification:_identify(src) by extensions ['ignore', 'ignore_ament_install']
[1.116s] Level 1:colcon.colcon_core.package_identification:_identify(src) by extension 'ignore'
[1.116s] Level 1:colcon.colcon_core.package_identification:_identify(src) by extension 'ignore_ament_install'
[1.116s] Level 1:colcon.colcon_core.package_identification:_identify(src) by extensions ['colcon_pkg']
[1.116s] Level 1:colcon.colcon_core.package_identification:_identify(src) by extension 'colcon_pkg'
[1.116s] Level 1:colcon.colcon_core.package_identification:_identify(src) by extensions ['colcon_meta']
[1.116s] Level 1:colcon.colcon_core.package_identification:_identify(src) by extension 'colcon_meta'
[1.116s] Level 1:colcon.colcon_core.package_identification:_identify(src) by extensions ['ros']
[1.116s] Level 1:colcon.colcon_core.package_identification:_identify(src) by extension 'ros'
[1.116s] Level 1:colcon.colcon_core.package_identification:_identify(src) by extensions ['cmake', 'python']
[1.116s] Level 1:colcon.colcon_core.package_identification:_identify(src) by extension 'cmake'
[1.116s] Level 1:colcon.colcon_core.package_identification:_identify(src) by extension 'python'
[1.116s] Level 1:colcon.colcon_core.package_identification:_identify(src) by extensions ['python_setup_py']
[1.116s] Level 1:colcon.colcon_core.package_identification:_identify(src) by extension 'python_setup_py'
[1.116s] Level 1:colcon.colcon_core.package_identification:_identify(src/build) by extensions ['ignore', 'ignore_ament_install']
[1.116s] Level 1:colcon.colcon_core.package_identification:_identify(src/build) by extension 'ignore'
[1.116s] Level 1:colcon.colcon_core.package_identification:_identify(src/build) ignored
[1.116s] Level 1:colcon.colcon_core.package_identification:_identify(src/install) by extensions ['ignore', 'ignore_ament_install']
[1.116s] Level 1:colcon.colcon_core.package_identification:_identify(src/install) by extension 'ignore'
[1.116s] Level 1:colcon.colcon_core.package_identification:_identify(src/install) ignored
[1.116s] Level 1:colcon.colcon_core.package_identification:_identify(src/log) by extensions ['ignore', 'ignore_ament_install']
[1.116s] Level 1:colcon.colcon_core.package_identification:_identify(src/log) by extension 'ignore'
[1.116s] Level 1:colcon.colcon_core.package_identification:_identify(src/log) ignored
[1.116s] Level 1:colcon.colcon_core.package_identification:_identify(src/remove_920mhz) by extensions ['ignore', 'ignore_ament_install']
[1.116s] Level 1:colcon.colcon_core.package_identification:_identify(src/remove_920mhz) by extension 'ignore'
[1.116s] Level 1:colcon.colcon_core.package_identification:_identify(src/remove_920mhz) by extension 'ignore_ament_install'
[1.116s] Level 1:colcon.colcon_core.package_identification:_identify(src/remove_920mhz) by extensions ['colcon_pkg']
[1.116s] Level 1:colcon.colcon_core.package_identification:_identify(src/remove_920mhz) by extension 'colcon_pkg'
[1.116s] Level 1:colcon.colcon_core.package_identification:_identify(src/remove_920mhz) by extensions ['colcon_meta']
[1.116s] Level 1:colcon.colcon_core.package_identification:_identify(src/remove_920mhz) by extension 'colcon_meta'
[1.116s] Level 1:colcon.colcon_core.package_identification:_identify(src/remove_920mhz) by extensions ['ros']
[1.117s] Level 1:colcon.colcon_core.package_identification:_identify(src/remove_920mhz) by extension 'ros'
[1.117s] Level 1:colcon.colcon_core.package_identification:_identify(src/remove_920mhz) by extensions ['cmake', 'python']
[1.117s] Level 1:colcon.colcon_core.package_identification:_identify(src/remove_920mhz) by extension 'cmake'
[1.117s] Level 1:colcon.colcon_core.package_identification:_identify(src/remove_920mhz) by extension 'python'
[1.117s] Level 1:colcon.colcon_core.package_identification:_identify(src/remove_920mhz) by extensions ['python_setup_py']
[1.117s] Level 1:colcon.colcon_core.package_identification:_identify(src/remove_920mhz) by extension 'python_setup_py'
[1.117s] Level 1:colcon.colcon_core.package_identification:_identify(src/robocon2023_b_dash) by extensions ['ignore', 'ignore_ament_install']
[1.117s] Level 1:colcon.colcon_core.package_identification:_identify(src/robocon2023_b_dash) by extension 'ignore'
[1.117s] Level 1:colcon.colcon_core.package_identification:_identify(src/robocon2023_b_dash) by extension 'ignore_ament_install'
[1.117s] Level 1:colcon.colcon_core.package_identification:_identify(src/robocon2023_b_dash) by extensions ['colcon_pkg']
[1.117s] Level 1:colcon.colcon_core.package_identification:_identify(src/robocon2023_b_dash) by extension 'colcon_pkg'
[1.117s] Level 1:colcon.colcon_core.package_identification:_identify(src/robocon2023_b_dash) by extensions ['colcon_meta']
[1.117s] Level 1:colcon.colcon_core.package_identification:_identify(src/robocon2023_b_dash) by extension 'colcon_meta'
[1.117s] Level 1:colcon.colcon_core.package_identification:_identify(src/robocon2023_b_dash) by extensions ['ros']
[1.117s] Level 1:colcon.colcon_core.package_identification:_identify(src/robocon2023_b_dash) by extension 'ros'
[1.118s] DEBUG:colcon.colcon_core.package_identification:Package 'src/robocon2023_b_dash' with type 'ros.ament_cmake' and name 'robocon2023_b_dash'
[1.118s] Level 1:colcon.colcon_core.package_identification:_identify(src/ros_to_kimd) by extensions ['ignore', 'ignore_ament_install']
[1.118s] Level 1:colcon.colcon_core.package_identification:_identify(src/ros_to_kimd) by extension 'ignore'
[1.118s] Level 1:colcon.colcon_core.package_identification:_identify(src/ros_to_kimd) by extension 'ignore_ament_install'
[1.118s] Level 1:colcon.colcon_core.package_identification:_identify(src/ros_to_kimd) by extensions ['colcon_pkg']
[1.118s] Level 1:colcon.colcon_core.package_identification:_identify(src/ros_to_kimd) by extension 'colcon_pkg'
[1.118s] Level 1:colcon.colcon_core.package_identification:_identify(src/ros_to_kimd) by extensions ['colcon_meta']
[1.118s] Level 1:colcon.colcon_core.package_identification:_identify(src/ros_to_kimd) by extension 'colcon_meta'
[1.118s] Level 1:colcon.colcon_core.package_identification:_identify(src/ros_to_kimd) by extensions ['ros']
[1.118s] Level 1:colcon.colcon_core.package_identification:_identify(src/ros_to_kimd) by extension 'ros'
[1.119s] DEBUG:colcon.colcon_core.package_identification:Package 'src/ros_to_kimd' with type 'ros.ament_cmake' and name 'ros_to_kimd'
[1.119s] Level 1:colcon.colcon_core.package_identification:_identify(src/sllidar_ros2) by extensions ['ignore', 'ignore_ament_install']
[1.119s] Level 1:colcon.colcon_core.package_identification:_identify(src/sllidar_ros2) by extension 'ignore'
[1.119s] Level 1:colcon.colcon_core.package_identification:_identify(src/sllidar_ros2) by extension 'ignore_ament_install'
[1.119s] Level 1:colcon.colcon_core.package_identification:_identify(src/sllidar_ros2) by extensions ['colcon_pkg']
[1.119s] Level 1:colcon.colcon_core.package_identification:_identify(src/sllidar_ros2) by extension 'colcon_pkg'
[1.119s] Level 1:colcon.colcon_core.package_identification:_identify(src/sllidar_ros2) by extensions ['colcon_meta']
[1.119s] Level 1:colcon.colcon_core.package_identification:_identify(src/sllidar_ros2) by extension 'colcon_meta'
[1.119s] Level 1:colcon.colcon_core.package_identification:_identify(src/sllidar_ros2) by extensions ['ros']
[1.119s] Level 1:colcon.colcon_core.package_identification:_identify(src/sllidar_ros2) by extension 'ros'
[1.119s] DEBUG:colcon.colcon_core.package_identification:Package 'src/sllidar_ros2' with type 'ros.ament_cmake' and name 'sllidar_ros2'
[1.119s] Level 1:colcon.colcon_core.package_identification:_identify(src/time_practice) by extensions ['ignore', 'ignore_ament_install']
[1.119s] Level 1:colcon.colcon_core.package_identification:_identify(src/time_practice) by extension 'ignore'
[1.119s] Level 1:colcon.colcon_core.package_identification:_identify(src/time_practice) by extension 'ignore_ament_install'
[1.119s] Level 1:colcon.colcon_core.package_identification:_identify(src/time_practice) by extensions ['colcon_pkg']
[1.119s] Level 1:colcon.colcon_core.package_identification:_identify(src/time_practice) by extension 'colcon_pkg'
[1.119s] Level 1:colcon.colcon_core.package_identification:_identify(src/time_practice) by extensions ['colcon_meta']
[1.119s] Level 1:colcon.colcon_core.package_identification:_identify(src/time_practice) by extension 'colcon_meta'
[1.119s] Level 1:colcon.colcon_core.package_identification:_identify(src/time_practice) by extensions ['ros']
[1.120s] Level 1:colcon.colcon_core.package_identification:_identify(src/time_practice) by extension 'ros'
[1.120s] DEBUG:colcon.colcon_core.package_identification:Package 'src/time_practice' with type 'ros.ament_cmake' and name 'time_practice'
[1.120s] Level 1:colcon.colcon_core.package_identification:_identify(src/usb920_ver2) by extensions ['ignore', 'ignore_ament_install']
[1.120s] Level 1:colcon.colcon_core.package_identification:_identify(src/usb920_ver2) by extension 'ignore'
[1.120s] Level 1:colcon.colcon_core.package_identification:_identify(src/usb920_ver2) by extension 'ignore_ament_install'
[1.120s] Level 1:colcon.colcon_core.package_identification:_identify(src/usb920_ver2) by extensions ['colcon_pkg']
[1.120s] Level 1:colcon.colcon_core.package_identification:_identify(src/usb920_ver2) by extension 'colcon_pkg'
[1.120s] Level 1:colcon.colcon_core.package_identification:_identify(src/usb920_ver2) by extensions ['colcon_meta']
[1.120s] Level 1:colcon.colcon_core.package_identification:_identify(src/usb920_ver2) by extension 'colcon_meta'
[1.120s] Level 1:colcon.colcon_core.package_identification:_identify(src/usb920_ver2) by extensions ['ros']
[1.120s] Level 1:colcon.colcon_core.package_identification:_identify(src/usb920_ver2) by extension 'ros'
[1.120s] DEBUG:colcon.colcon_core.package_identification:Package 'src/usb920_ver2' with type 'ros.ament_cmake' and name 'usb920_ver2'
[1.120s] Level 1:colcon.colcon_core.package_discovery:discover_packages(recursive) using defaults
[1.120s] Level 1:colcon.colcon_core.package_discovery:discover_packages(ignore) discover
[1.120s] Level 1:colcon.colcon_core.package_discovery:discover_packages(ignore) using defaults
[1.120s] Level 1:colcon.colcon_core.package_discovery:discover_packages(path) discover
[1.120s] Level 1:colcon.colcon_core.package_discovery:discover_packages(path) using defaults
[1.224s] Level 1:colcon.colcon_core.package_discovery:discover_packages(prefix_path) check parameters
[1.224s] Level 1:colcon.colcon_core.package_discovery:discover_packages(prefix_path) discover
[1.260s] DEBUG:colcon.colcon_installed_package_information.package_discovery:Found 5 installed packages in /home/ros-industrial/robocon_ws/install
[1.279s] DEBUG:colcon.colcon_installed_package_information.package_discovery:Found 318 installed packages in /opt/ros/foxy
[1.280s] Level 1:colcon.colcon_core.package_discovery:discover_packages(prefix_path) using defaults
[1.363s] Level 5:colcon.colcon_core.verb:set package 'robocon2023_b_dash' build argument 'cmake_args' from command line to 'None'
[1.363s] Level 5:colcon.colcon_core.verb:set package 'robocon2023_b_dash' build argument 'cmake_target' from command line to 'None'
[1.363s] Level 5:colcon.colcon_core.verb:set package 'robocon2023_b_dash' build argument 'cmake_target_skip_unavailable' from command line to 'False'
[1.363s] Level 5:colcon.colcon_core.verb:set package 'robocon2023_b_dash' build argument 'cmake_clean_cache' from command line to 'False'
[1.363s] Level 5:colcon.colcon_core.verb:set package 'robocon2023_b_dash' build argument 'cmake_clean_first' from command line to 'False'
[1.363s] Level 5:colcon.colcon_core.verb:set package 'robocon2023_b_dash' build argument 'cmake_force_configure' from command line to 'False'
[1.363s] Level 5:colcon.colcon_core.verb:set package 'robocon2023_b_dash' build argument 'ament_cmake_args' from command line to 'None'
[1.363s] Level 5:colcon.colcon_core.verb:set package 'robocon2023_b_dash' build argument 'catkin_cmake_args' from command line to 'None'
[1.363s] Level 5:colcon.colcon_core.verb:set package 'robocon2023_b_dash' build argument 'catkin_skip_building_tests' from command line to 'False'
[1.363s] DEBUG:colcon.colcon_core.verb:Building package 'robocon2023_b_dash' with the following arguments: {'ament_cmake_args': None, 'build_base': '/home/ros-industrial/robocon_ws/build/robocon2023_b_dash', 'catkin_cmake_args': None, 'catkin_skip_building_tests': False, 'cmake_args': None, 'cmake_clean_cache': False, 'cmake_clean_first': False, 'cmake_force_configure': False, 'cmake_target': None, 'cmake_target_skip_unavailable': False, 'install_base': '/home/ros-industrial/robocon_ws/install/robocon2023_b_dash', 'merge_install': False, 'path': '/home/ros-industrial/robocon_ws/src/robocon2023_b_dash', 'symlink_install': False, 'test_result_base': None}
[1.381s] Level 5:colcon.colcon_core.verb:set package 'ros_to_kimd' build argument 'cmake_args' from command line to 'None'
[1.381s] Level 5:colcon.colcon_core.verb:set package 'ros_to_kimd' build argument 'cmake_target' from command line to 'None'
[1.381s] Level 5:colcon.colcon_core.verb:set package 'ros_to_kimd' build argument 'cmake_target_skip_unavailable' from command line to 'False'
[1.381s] Level 5:colcon.colcon_core.verb:set package 'ros_to_kimd' build argument 'cmake_clean_cache' from command line to 'False'
[1.381s] Level 5:colcon.colcon_core.verb:set package 'ros_to_kimd' build argument 'cmake_clean_first' from command line to 'False'
[1.381s] Level 5:colcon.colcon_core.verb:set package 'ros_to_kimd' build argument 'cmake_force_configure' from command line to 'False'
[1.381s] Level 5:colcon.colcon_core.verb:set package 'ros_to_kimd' build argument 'ament_cmake_args' from command line to 'None'
[1.381s] Level 5:colcon.colcon_core.verb:set package 'ros_to_kimd' build argument 'catkin_cmake_args' from command line to 'None'
[1.381s] Level 5:colcon.colcon_core.verb:set package 'ros_to_kimd' build argument 'catkin_skip_building_tests' from command line to 'False'
[1.381s] DEBUG:colcon.colcon_core.verb:Building package 'ros_to_kimd' with the following arguments: {'ament_cmake_args': None, 'build_base': '/home/ros-industrial/robocon_ws/build/ros_to_kimd', 'catkin_cmake_args': None, 'catkin_skip_building_tests': False, 'cmake_args': None, 'cmake_clean_cache': False, 'cmake_clean_first': False, 'cmake_force_configure': False, 'cmake_target': None, 'cmake_target_skip_unavailable': False, 'install_base': '/home/ros-industrial/robocon_ws/install/ros_to_kimd', 'merge_install': False, 'path': '/home/ros-industrial/robocon_ws/src/ros_to_kimd', 'symlink_install': False, 'test_result_base': None}
[1.399s] Level 5:colcon.colcon_core.verb:set package 'sllidar_ros2' build argument 'cmake_args' from command line to 'None'
[1.399s] Level 5:colcon.colcon_core.verb:set package 'sllidar_ros2' build argument 'cmake_target' from command line to 'None'
[1.399s] Level 5:colcon.colcon_core.verb:set package 'sllidar_ros2' build argument 'cmake_target_skip_unavailable' from command line to 'False'
[1.399s] Level 5:colcon.colcon_core.verb:set package 'sllidar_ros2' build argument 'cmake_clean_cache' from command line to 'False'
[1.399s] Level 5:colcon.colcon_core.verb:set package 'sllidar_ros2' build argument 'cmake_clean_first' from command line to 'False'
[1.399s] Level 5:colcon.colcon_core.verb:set package 'sllidar_ros2' build argument 'cmake_force_configure' from command line to 'False'
[1.399s] Level 5:colcon.colcon_core.verb:set package 'sllidar_ros2' build argument 'ament_cmake_args' from command line to 'None'
[1.399s] Level 5:colcon.colcon_core.verb:set package 'sllidar_ros2' build argument 'catkin_cmake_args' from command line to 'None'
[1.399s] Level 5:colcon.colcon_core.verb:set package 'sllidar_ros2' build argument 'catkin_skip_building_tests' from command line to 'False'
[1.399s] DEBUG:colcon.colcon_core.verb:Building package 'sllidar_ros2' with the following arguments: {'ament_cmake_args': None, 'build_base': '/home/ros-industrial/robocon_ws/build/sllidar_ros2', 'catkin_cmake_args': None, 'catkin_skip_building_tests': False, 'cmake_args': None, 'cmake_clean_cache': False, 'cmake_clean_first': False, 'cmake_force_configure': False, 'cmake_target': None, 'cmake_target_skip_unavailable': False, 'install_base': '/home/ros-industrial/robocon_ws/install/sllidar_ros2', 'merge_install': False, 'path': '/home/ros-industrial/robocon_ws/src/sllidar_ros2', 'symlink_install': False, 'test_result_base': None}
[1.417s] Level 5:colcon.colcon_core.verb:set package 'time_practice' build argument 'cmake_args' from command line to 'None'
[1.417s] Level 5:colcon.colcon_core.verb:set package 'time_practice' build argument 'cmake_target' from command line to 'None'
[1.417s] Level 5:colcon.colcon_core.verb:set package 'time_practice' build argument 'cmake_target_skip_unavailable' from command line to 'False'
[1.417s] Level 5:colcon.colcon_core.verb:set package 'time_practice' build argument 'cmake_clean_cache' from command line to 'False'
[1.417s] Level 5:colcon.colcon_core.verb:set package 'time_practice' build argument 'cmake_clean_first' from command line to 'False'
[1.417s] Level 5:colcon.colcon_core.verb:set package 'time_practice' build argument 'cmake_force_configure' from command line to 'False'
[1.417s] Level 5:colcon.colcon_core.verb:set package 'time_practice' build argument 'ament_cmake_args' from command line to 'None'
[1.417s] Level 5:colcon.colcon_core.verb:set package 'time_practice' build argument 'catkin_cmake_args' from command line to 'None'
[1.417s] Level 5:colcon.colcon_core.verb:set package 'time_practice' build argument 'catkin_skip_building_tests' from command line to 'False'
[1.417s] DEBUG:colcon.colcon_core.verb:Building package 'time_practice' with the following arguments: {'ament_cmake_args': None, 'build_base': '/home/ros-industrial/robocon_ws/build/time_practice', 'catkin_cmake_args': None, 'catkin_skip_building_tests': False, 'cmake_args': None, 'cmake_clean_cache': False, 'cmake_clean_first': False, 'cmake_force_configure': False, 'cmake_target': None, 'cmake_target_skip_unavailable': False, 'install_base': '/home/ros-industrial/robocon_ws/install/time_practice', 'merge_install': False, 'path': '/home/ros-industrial/robocon_ws/src/time_practice', 'symlink_install': False, 'test_result_base': None}
[1.436s] Level 5:colcon.colcon_core.verb:set package 'usb920_ver2' build argument 'cmake_args' from command line to 'None'
[1.436s] Level 5:colcon.colcon_core.verb:set package 'usb920_ver2' build argument 'cmake_target' from command line to 'None'
[1.436s] Level 5:colcon.colcon_core.verb:set package 'usb920_ver2' build argument 'cmake_target_skip_unavailable' from command line to 'False'
[1.436s] Level 5:colcon.colcon_core.verb:set package 'usb920_ver2' build argument 'cmake_clean_cache' from command line to 'False'
[1.436s] Level 5:colcon.colcon_core.verb:set package 'usb920_ver2' build argument 'cmake_clean_first' from command line to 'False'
[1.436s] Level 5:colcon.colcon_core.verb:set package 'usb920_ver2' build argument 'cmake_force_configure' from command line to 'False'
[1.436s] Level 5:colcon.colcon_core.verb:set package 'usb920_ver2' build argument 'ament_cmake_args' from command line to 'None'
[1.436s] Level 5:colcon.colcon_core.verb:set package 'usb920_ver2' build argument 'catkin_cmake_args' from command line to 'None'
[1.436s] Level 5:colcon.colcon_core.verb:set package 'usb920_ver2' build argument 'catkin_skip_building_tests' from command line to 'False'
[1.436s] DEBUG:colcon.colcon_core.verb:Building package 'usb920_ver2' with the following arguments: {'ament_cmake_args': None, 'build_base': '/home/ros-industrial/robocon_ws/build/usb920_ver2', 'catkin_cmake_args': None, 'catkin_skip_building_tests': False, 'cmake_args': None, 'cmake_clean_cache': False, 'cmake_clean_first': False, 'cmake_force_configure': False, 'cmake_target': None, 'cmake_target_skip_unavailable': False, 'install_base': '/home/ros-industrial/robocon_ws/install/usb920_ver2', 'merge_install': False, 'path': '/home/ros-industrial/robocon_ws/src/usb920_ver2', 'symlink_install': False, 'test_result_base': None}
[1.453s] INFO:colcon.colcon_core.executor:Executing jobs using 'parallel' executor
[1.472s] DEBUG:colcon.colcon_parallel_executor.executor.parallel:run_until_complete
[1.472s] INFO:colcon.colcon_ros.task.ament_cmake.build:Building ROS package in '/home/ros-industrial/robocon_ws/src/robocon2023_b_dash' with build type 'ament_cmake'
[1.473s] INFO:colcon.colcon_cmake.task.cmake.build:Building CMake package in '/home/ros-industrial/robocon_ws/src/robocon2023_b_dash'
[1.492s] INFO:colcon.colcon_core.plugin_system:Skipping extension 'colcon_core.shell.bat': Not used on non-Windows systems
[1.492s] INFO:colcon.colcon_core.shell:Skip shell extension 'powershell' for command environment: Not usable outside of PowerShell
[1.492s] DEBUG:colcon.colcon_core.shell:Skip shell extension 'dsv' for command environment
[1.552s] INFO:colcon.colcon_ros.task.ament_cmake.build:Building ROS package in '/home/ros-industrial/robocon_ws/src/ros_to_kimd' with build type 'ament_cmake'
[1.553s] INFO:colcon.colcon_cmake.task.cmake.build:Building CMake package in '/home/ros-industrial/robocon_ws/src/ros_to_kimd'
[1.571s] INFO:colcon.colcon_core.shell:Skip shell extension 'powershell' for command environment: Not usable outside of PowerShell
[1.571s] DEBUG:colcon.colcon_core.shell:Skip shell extension 'dsv' for command environment
[1.634s] INFO:colcon.colcon_ros.task.ament_cmake.build:Building ROS package in '/home/ros-industrial/robocon_ws/src/sllidar_ros2' with build type 'ament_cmake'
[1.634s] INFO:colcon.colcon_cmake.task.cmake.build:Building CMake package in '/home/ros-industrial/robocon_ws/src/sllidar_ros2'
[1.653s] INFO:colcon.colcon_core.shell:Skip shell extension 'powershell' for command environment: Not usable outside of PowerShell
[1.653s] DEBUG:colcon.colcon_core.shell:Skip shell extension 'dsv' for command environment
[1.715s] INFO:colcon.colcon_ros.task.ament_cmake.build:Building ROS package in '/home/ros-industrial/robocon_ws/src/time_practice' with build type 'ament_cmake'
[1.715s] INFO:colcon.colcon_cmake.task.cmake.build:Building CMake package in '/home/ros-industrial/robocon_ws/src/time_practice'
[1.736s] INFO:colcon.colcon_core.shell:Skip shell extension 'powershell' for command environment: Not usable outside of PowerShell
[1.736s] DEBUG:colcon.colcon_core.shell:Skip shell extension 'dsv' for command environment
[1.801s] INFO:colcon.colcon_ros.task.ament_cmake.build:Building ROS package in '/home/ros-industrial/robocon_ws/src/usb920_ver2' with build type 'ament_cmake'
[1.801s] INFO:colcon.colcon_cmake.task.cmake.build:Building CMake package in '/home/ros-industrial/robocon_ws/src/usb920_ver2'
[1.822s] INFO:colcon.colcon_core.shell:Skip shell extension 'powershell' for command environment: Not usable outside of PowerShell
[1.822s] DEBUG:colcon.colcon_core.shell:Skip shell extension 'dsv' for command environment
[1.896s] DEBUG:colcon.colcon_core.event_handler.log_command:Invoking command in '/home/ros-industrial/robocon_ws/build/robocon2023_b_dash': CMAKE_PREFIX_PATH=${CMAKE_PREFIX_PATH}:/opt/ros/foxy /usr/bin/cmake --build /home/ros-industrial/robocon_ws/build/robocon2023_b_dash -- -j8 -l8
[1.902s] DEBUG:colcon.colcon_core.event_handler.log_command:Invoking command in '/home/ros-industrial/robocon_ws/build/ros_to_kimd': CMAKE_PREFIX_PATH=${CMAKE_PREFIX_PATH}:/opt/ros/foxy /usr/bin/cmake --build /home/ros-industrial/robocon_ws/build/ros_to_kimd -- -j8 -l8
[1.905s] DEBUG:colcon.colcon_core.event_handler.log_command:Invoking command in '/home/ros-industrial/robocon_ws/build/sllidar_ros2': CMAKE_PREFIX_PATH=${CMAKE_PREFIX_PATH}:/opt/ros/foxy /usr/bin/cmake --build /home/ros-industrial/robocon_ws/build/sllidar_ros2 -- -j8 -l8
[1.911s] DEBUG:colcon.colcon_core.event_handler.log_command:Invoking command in '/home/ros-industrial/robocon_ws/build/time_practice': CMAKE_PREFIX_PATH=${CMAKE_PREFIX_PATH}:/opt/ros/foxy /usr/bin/cmake --build /home/ros-industrial/robocon_ws/build/time_practice -- -j8 -l8
[1.917s] DEBUG:colcon.colcon_core.event_handler.log_command:Invoking command in '/home/ros-industrial/robocon_ws/build/usb920_ver2': CMAKE_PREFIX_PATH=${CMAKE_PREFIX_PATH}:/opt/ros/foxy /usr/bin/cmake --build /home/ros-industrial/robocon_ws/build/usb920_ver2 -- -j8 -l8
[1.963s] DEBUG:colcon.colcon_core.event_handler.log_command:Invoked command in '/home/ros-industrial/robocon_ws/build/ros_to_kimd' returned '0': CMAKE_PREFIX_PATH=${CMAKE_PREFIX_PATH}:/opt/ros/foxy /usr/bin/cmake --build /home/ros-industrial/robocon_ws/build/ros_to_kimd -- -j8 -l8
[1.971s] DEBUG:colcon.colcon_core.event_handler.log_command:Invoked command in '/home/ros-industrial/robocon_ws/build/time_practice' returned '0': CMAKE_PREFIX_PATH=${CMAKE_PREFIX_PATH}:/opt/ros/foxy /usr/bin/cmake --build /home/ros-industrial/robocon_ws/build/time_practice -- -j8 -l8
[1.981s] DEBUG:colcon.colcon_core.event_handler.log_command:Invoked command in '/home/ros-industrial/robocon_ws/build/usb920_ver2' returned '0': CMAKE_PREFIX_PATH=${CMAKE_PREFIX_PATH}:/opt/ros/foxy /usr/bin/cmake --build /home/ros-industrial/robocon_ws/build/usb920_ver2 -- -j8 -l8
[1.985s] DEBUG:colcon.colcon_core.event_handler.log_command:Invoked command in '/home/ros-industrial/robocon_ws/build/sllidar_ros2' returned '0': CMAKE_PREFIX_PATH=${CMAKE_PREFIX_PATH}:/opt/ros/foxy /usr/bin/cmake --build /home/ros-industrial/robocon_ws/build/sllidar_ros2 -- -j8 -l8
[2.002s] DEBUG:colcon.colcon_core.event_handler.log_command:Invoking command in '/home/ros-industrial/robocon_ws/build/ros_to_kimd': CMAKE_PREFIX_PATH=${CMAKE_PREFIX_PATH}:/opt/ros/foxy /usr/bin/cmake --install /home/ros-industrial/robocon_ws/build/ros_to_kimd
[2.005s] DEBUG:colcon.colcon_core.event_handler.log_command:Invoking command in '/home/ros-industrial/robocon_ws/build/time_practice': CMAKE_PREFIX_PATH=${CMAKE_PREFIX_PATH}:/opt/ros/foxy /usr/bin/cmake --install /home/ros-industrial/robocon_ws/build/time_practice
[2.012s] DEBUG:colcon.colcon_core.event_handler.log_command:Invoking command in '/home/ros-industrial/robocon_ws/build/usb920_ver2': CMAKE_PREFIX_PATH=${CMAKE_PREFIX_PATH}:/opt/ros/foxy /usr/bin/cmake --install /home/ros-industrial/robocon_ws/build/usb920_ver2
[2.016s] Level 1:colcon.colcon_core.environment:create_environment_scripts_only(ros_to_kimd)
[2.017s] DEBUG:colcon.colcon_core.event_handler.log_command:Invoked command in '/home/ros-industrial/robocon_ws/build/ros_to_kimd' returned '0': CMAKE_PREFIX_PATH=${CMAKE_PREFIX_PATH}:/opt/ros/foxy /usr/bin/cmake --install /home/ros-industrial/robocon_ws/build/ros_to_kimd
[2.055s] Level 1:colcon.colcon_core.environment:checking '/home/ros-industrial/robocon_ws/install/ros_to_kimd' for CMake module files
[2.055s] Level 1:colcon.colcon_core.environment:checking '/home/ros-industrial/robocon_ws/install/ros_to_kimd' for CMake config files
[2.055s] Level 1:colcon.colcon_core.shell:create_environment_hook('ros_to_kimd', 'cmake_prefix_path')
[2.078s] INFO:colcon.colcon_core.shell:Creating environment hook '/home/ros-industrial/robocon_ws/install/ros_to_kimd/share/ros_to_kimd/hook/cmake_prefix_path.ps1'
[2.079s] INFO:colcon.colcon_core.shell:Creating environment descriptor '/home/ros-industrial/robocon_ws/install/ros_to_kimd/share/ros_to_kimd/hook/cmake_prefix_path.dsv'
[2.079s] INFO:colcon.colcon_core.shell:Creating environment hook '/home/ros-industrial/robocon_ws/install/ros_to_kimd/share/ros_to_kimd/hook/cmake_prefix_path.sh'
[2.080s] Level 1:colcon.colcon_core.environment:checking '/home/ros-industrial/robocon_ws/install/ros_to_kimd/lib'
[2.080s] Level 1:colcon.colcon_core.environment:checking '/home/ros-industrial/robocon_ws/install/ros_to_kimd/bin'
[2.080s] Level 1:colcon.colcon_core.environment:checking '/home/ros-industrial/robocon_ws/install/ros_to_kimd/lib/pkgconfig/ros_to_kimd.pc'
[2.080s] Level 1:colcon.colcon_core.environment:checking '/home/ros-industrial/robocon_ws/install/ros_to_kimd/lib/python3.8/site-packages'
[2.080s] Level 1:colcon.colcon_core.environment:checking '/home/ros-industrial/robocon_ws/install/ros_to_kimd/bin'
[2.102s] INFO:colcon.colcon_core.shell:Creating package script '/home/ros-industrial/robocon_ws/install/ros_to_kimd/share/ros_to_kimd/package.ps1'
[2.103s] INFO:colcon.colcon_core.shell:Creating package descriptor '/home/ros-industrial/robocon_ws/install/ros_to_kimd/share/ros_to_kimd/package.dsv'
[2.103s] INFO:colcon.colcon_core.shell:Creating package script '/home/ros-industrial/robocon_ws/install/ros_to_kimd/share/ros_to_kimd/package.sh'
[2.104s] INFO:colcon.colcon_core.shell:Creating package script '/home/ros-industrial/robocon_ws/install/ros_to_kimd/share/ros_to_kimd/package.bash'
[2.104s] INFO:colcon.colcon_core.shell:Creating package script '/home/ros-industrial/robocon_ws/install/ros_to_kimd/share/ros_to_kimd/package.zsh'
[2.104s] Level 1:colcon.colcon_core.environment:create_file_with_runtime_dependencies(/home/ros-industrial/robocon_ws/install/ros_to_kimd/share/colcon-core/packages/ros_to_kimd)
[2.113s] Level 1:colcon.colcon_core.environment:create_environment_scripts_only(time_practice)
[2.114s] DEBUG:colcon.colcon_core.event_handler.log_command:Invoked command in '/home/ros-industrial/robocon_ws/build/time_practice' returned '0': CMAKE_PREFIX_PATH=${CMAKE_PREFIX_PATH}:/opt/ros/foxy /usr/bin/cmake --install /home/ros-industrial/robocon_ws/build/time_practice
[2.138s] Level 1:colcon.colcon_core.environment:checking '/home/ros-industrial/robocon_ws/install/time_practice' for CMake module files
[2.139s] Level 1:colcon.colcon_core.environment:checking '/home/ros-industrial/robocon_ws/install/time_practice' for CMake config files
[2.139s] Level 1:colcon.colcon_core.shell:create_environment_hook('time_practice', 'cmake_prefix_path')
[2.160s] INFO:colcon.colcon_core.shell:Creating environment hook '/home/ros-industrial/robocon_ws/install/time_practice/share/time_practice/hook/cmake_prefix_path.ps1'
[2.161s] INFO:colcon.colcon_core.shell:Creating environment descriptor '/home/ros-industrial/robocon_ws/install/time_practice/share/time_practice/hook/cmake_prefix_path.dsv'
[2.161s] INFO:colcon.colcon_core.shell:Creating environment hook '/home/ros-industrial/robocon_ws/install/time_practice/share/time_practice/hook/cmake_prefix_path.sh'
[2.162s] Level 1:colcon.colcon_core.environment:checking '/home/ros-industrial/robocon_ws/install/time_practice/lib'
[2.162s] Level 1:colcon.colcon_core.environment:checking '/home/ros-industrial/robocon_ws/install/time_practice/bin'
[2.162s] Level 1:colcon.colcon_core.environment:checking '/home/ros-industrial/robocon_ws/install/time_practice/lib/pkgconfig/time_practice.pc'
[2.162s] Level 1:colcon.colcon_core.environment:checking '/home/ros-industrial/robocon_ws/install/time_practice/lib/python3.8/site-packages'
[2.162s] Level 1:colcon.colcon_core.environment:checking '/home/ros-industrial/robocon_ws/install/time_practice/bin'
[2.184s] INFO:colcon.colcon_core.shell:Creating package script '/home/ros-industrial/robocon_ws/install/time_practice/share/time_practice/package.ps1'
[2.185s] INFO:colcon.colcon_core.shell:Creating package descriptor '/home/ros-industrial/robocon_ws/install/time_practice/share/time_practice/package.dsv'
[2.185s] INFO:colcon.colcon_core.shell:Creating package script '/home/ros-industrial/robocon_ws/install/time_practice/share/time_practice/package.sh'
[2.185s] INFO:colcon.colcon_core.shell:Creating package script '/home/ros-industrial/robocon_ws/install/time_practice/share/time_practice/package.bash'
[2.186s] INFO:colcon.colcon_core.shell:Creating package script '/home/ros-industrial/robocon_ws/install/time_practice/share/time_practice/package.zsh'
[2.186s] Level 1:colcon.colcon_core.environment:create_file_with_runtime_dependencies(/home/ros-industrial/robocon_ws/install/time_practice/share/colcon-core/packages/time_practice)
[2.189s] Level 1:colcon.colcon_core.environment:create_environment_scripts_only(usb920_ver2)
[2.190s] DEBUG:colcon.colcon_core.event_handler.log_command:Invoked command in '/home/ros-industrial/robocon_ws/build/usb920_ver2' returned '0': CMAKE_PREFIX_PATH=${CMAKE_PREFIX_PATH}:/opt/ros/foxy /usr/bin/cmake --install /home/ros-industrial/robocon_ws/build/usb920_ver2
[2.214s] Level 1:colcon.colcon_core.environment:checking '/home/ros-industrial/robocon_ws/install/usb920_ver2' for CMake module files
[2.215s] Level 1:colcon.colcon_core.environment:checking '/home/ros-industrial/robocon_ws/install/usb920_ver2' for CMake config files
[2.215s] Level 1:colcon.colcon_core.shell:create_environment_hook('usb920_ver2', 'cmake_prefix_path')
[2.238s] INFO:colcon.colcon_core.shell:Creating environment hook '/home/ros-industrial/robocon_ws/install/usb920_ver2/share/usb920_ver2/hook/cmake_prefix_path.ps1'
[2.239s] INFO:colcon.colcon_core.shell:Creating environment descriptor '/home/ros-industrial/robocon_ws/install/usb920_ver2/share/usb920_ver2/hook/cmake_prefix_path.dsv'
[2.239s] INFO:colcon.colcon_core.shell:Creating environment hook '/home/ros-industrial/robocon_ws/install/usb920_ver2/share/usb920_ver2/hook/cmake_prefix_path.sh'
[2.240s] Level 1:colcon.colcon_core.environment:checking '/home/ros-industrial/robocon_ws/install/usb920_ver2/lib'
[2.240s] Level 1:colcon.colcon_core.environment:checking '/home/ros-industrial/robocon_ws/install/usb920_ver2/bin'
[2.240s] Level 1:colcon.colcon_core.environment:checking '/home/ros-industrial/robocon_ws/install/usb920_ver2/lib/pkgconfig/usb920_ver2.pc'
[2.240s] Level 1:colcon.colcon_core.environment:checking '/home/ros-industrial/robocon_ws/install/usb920_ver2/lib/python3.8/site-packages'
[2.240s] Level 1:colcon.colcon_core.environment:checking '/home/ros-industrial/robocon_ws/install/usb920_ver2/bin'
[2.261s] INFO:colcon.colcon_core.shell:Creating package script '/home/ros-industrial/robocon_ws/install/usb920_ver2/share/usb920_ver2/package.ps1'
[2.262s] INFO:colcon.colcon_core.shell:Creating package descriptor '/home/ros-industrial/robocon_ws/install/usb920_ver2/share/usb920_ver2/package.dsv'
[2.262s] INFO:colcon.colcon_core.shell:Creating package script '/home/ros-industrial/robocon_ws/install/usb920_ver2/share/usb920_ver2/package.sh'
[2.263s] INFO:colcon.colcon_core.shell:Creating package script '/home/ros-industrial/robocon_ws/install/usb920_ver2/share/usb920_ver2/package.bash'
[2.263s] INFO:colcon.colcon_core.shell:Creating package script '/home/ros-industrial/robocon_ws/install/usb920_ver2/share/usb920_ver2/package.zsh'
[2.263s] Level 1:colcon.colcon_core.environment:create_file_with_runtime_dependencies(/home/ros-industrial/robocon_ws/install/usb920_ver2/share/colcon-core/packages/usb920_ver2)
[2.274s] DEBUG:colcon.colcon_core.event_handler.log_command:Invoking command in '/home/ros-industrial/robocon_ws/build/sllidar_ros2': CMAKE_PREFIX_PATH=${CMAKE_PREFIX_PATH}:/opt/ros/foxy /usr/bin/cmake --install /home/ros-industrial/robocon_ws/build/sllidar_ros2
[2.308s] Level 1:colcon.colcon_core.environment:create_environment_scripts_only(ros_to_kimd)
[2.330s] Level 1:colcon.colcon_core.environment:checking '/home/ros-industrial/robocon_ws/install/ros_to_kimd' for CMake module files
[2.330s] Level 1:colcon.colcon_core.environment:checking '/home/ros-industrial/robocon_ws/install/ros_to_kimd' for CMake config files
[2.331s] Level 1:colcon.colcon_core.shell:create_environment_hook('ros_to_kimd', 'cmake_prefix_path')
[2.353s] INFO:colcon.colcon_core.shell:Creating environment hook '/home/ros-industrial/robocon_ws/install/ros_to_kimd/share/ros_to_kimd/hook/cmake_prefix_path.ps1'
[2.354s] INFO:colcon.colcon_core.shell:Creating environment descriptor '/home/ros-industrial/robocon_ws/install/ros_to_kimd/share/ros_to_kimd/hook/cmake_prefix_path.dsv'
[2.354s] INFO:colcon.colcon_core.shell:Creating environment hook '/home/ros-industrial/robocon_ws/install/ros_to_kimd/share/ros_to_kimd/hook/cmake_prefix_path.sh'
[2.355s] Level 1:colcon.colcon_core.environment:checking '/home/ros-industrial/robocon_ws/install/ros_to_kimd/lib'
[2.355s] Level 1:colcon.colcon_core.environment:checking '/home/ros-industrial/robocon_ws/install/ros_to_kimd/bin'
[2.355s] Level 1:colcon.colcon_core.environment:checking '/home/ros-industrial/robocon_ws/install/ros_to_kimd/lib/pkgconfig/ros_to_kimd.pc'
[2.355s] Level 1:colcon.colcon_core.environment:checking '/home/ros-industrial/robocon_ws/install/ros_to_kimd/lib/python3.8/site-packages'
[2.355s] Level 1:colcon.colcon_core.environment:checking '/home/ros-industrial/robocon_ws/install/ros_to_kimd/bin'
[2.377s] INFO:colcon.colcon_core.shell:Creating package script '/home/ros-industrial/robocon_ws/install/ros_to_kimd/share/ros_to_kimd/package.ps1'
[2.378s] INFO:colcon.colcon_core.shell:Creating package descriptor '/home/ros-industrial/robocon_ws/install/ros_to_kimd/share/ros_to_kimd/package.dsv'
[2.378s] INFO:colcon.colcon_core.shell:Creating package script '/home/ros-industrial/robocon_ws/install/ros_to_kimd/share/ros_to_kimd/package.sh'
[2.379s] INFO:colcon.colcon_core.shell:Creating package script '/home/ros-industrial/robocon_ws/install/ros_to_kimd/share/ros_to_kimd/package.bash'
[2.379s] INFO:colcon.colcon_core.shell:Creating package script '/home/ros-industrial/robocon_ws/install/ros_to_kimd/share/ros_to_kimd/package.zsh'
[2.379s] Level 1:colcon.colcon_core.environment:create_file_with_runtime_dependencies(/home/ros-industrial/robocon_ws/install/ros_to_kimd/share/colcon-core/packages/ros_to_kimd)
[2.403s] Level 1:colcon.colcon_core.environment:create_environment_scripts_only(time_practice)
[2.427s] Level 1:colcon.colcon_core.environment:checking '/home/ros-industrial/robocon_ws/install/time_practice' for CMake module files
[2.427s] Level 1:colcon.colcon_core.environment:checking '/home/ros-industrial/robocon_ws/install/time_practice' for CMake config files
[2.427s] Level 1:colcon.colcon_core.shell:create_environment_hook('time_practice', 'cmake_prefix_path')
[2.450s] INFO:colcon.colcon_core.shell:Creating environment hook '/home/ros-industrial/robocon_ws/install/time_practice/share/time_practice/hook/cmake_prefix_path.ps1'
[2.450s] INFO:colcon.colcon_core.shell:Creating environment descriptor '/home/ros-industrial/robocon_ws/install/time_practice/share/time_practice/hook/cmake_prefix_path.dsv'
[2.451s] INFO:colcon.colcon_core.shell:Creating environment hook '/home/ros-industrial/robocon_ws/install/time_practice/share/time_practice/hook/cmake_prefix_path.sh'
[2.451s] Level 1:colcon.colcon_core.environment:checking '/home/ros-industrial/robocon_ws/install/time_practice/lib'
[2.451s] Level 1:colcon.colcon_core.environment:checking '/home/ros-industrial/robocon_ws/install/time_practice/bin'
[2.451s] Level 1:colcon.colcon_core.environment:checking '/home/ros-industrial/robocon_ws/install/time_practice/lib/pkgconfig/time_practice.pc'
[2.451s] Level 1:colcon.colcon_core.environment:checking '/home/ros-industrial/robocon_ws/install/time_practice/lib/python3.8/site-packages'
[2.451s] Level 1:colcon.colcon_core.environment:checking '/home/ros-industrial/robocon_ws/install/time_practice/bin'
[2.473s] INFO:colcon.colcon_core.shell:Creating package script '/home/ros-industrial/robocon_ws/install/time_practice/share/time_practice/package.ps1'
[2.474s] INFO:colcon.colcon_core.shell:Creating package descriptor '/home/ros-industrial/robocon_ws/install/time_practice/share/time_practice/package.dsv'
[2.474s] INFO:colcon.colcon_core.shell:Creating package script '/home/ros-industrial/robocon_ws/install/time_practice/share/time_practice/package.sh'
[2.474s] INFO:colcon.colcon_core.shell:Creating package script '/home/ros-industrial/robocon_ws/install/time_practice/share/time_practice/package.bash'
[2.475s] INFO:colcon.colcon_core.shell:Creating package script '/home/ros-industrial/robocon_ws/install/time_practice/share/time_practice/package.zsh'
[2.475s] Level 1:colcon.colcon_core.environment:create_file_with_runtime_dependencies(/home/ros-industrial/robocon_ws/install/time_practice/share/colcon-core/packages/time_practice)
[2.476s] Level 1:colcon.colcon_core.environment:create_environment_scripts_only(sllidar_ros2)
[2.477s] DEBUG:colcon.colcon_core.event_handler.log_command:Invoked command in '/home/ros-industrial/robocon_ws/build/sllidar_ros2' returned '0': CMAKE_PREFIX_PATH=${CMAKE_PREFIX_PATH}:/opt/ros/foxy /usr/bin/cmake --install /home/ros-industrial/robocon_ws/build/sllidar_ros2
[2.500s] Level 1:colcon.colcon_core.environment:checking '/home/ros-industrial/robocon_ws/install/sllidar_ros2' for CMake module files
[2.500s] Level 1:colcon.colcon_core.environment:checking '/home/ros-industrial/robocon_ws/install/sllidar_ros2' for CMake config files
[2.500s] Level 1:colcon.colcon_core.shell:create_environment_hook('sllidar_ros2', 'cmake_prefix_path')
[2.523s] INFO:colcon.colcon_core.shell:Creating environment hook '/home/ros-industrial/robocon_ws/install/sllidar_ros2/share/sllidar_ros2/hook/cmake_prefix_path.ps1'
[2.524s] INFO:colcon.colcon_core.shell:Creating environment descriptor '/home/ros-industrial/robocon_ws/install/sllidar_ros2/share/sllidar_ros2/hook/cmake_prefix_path.dsv'
[2.524s] INFO:colcon.colcon_core.shell:Creating environment hook '/home/ros-industrial/robocon_ws/install/sllidar_ros2/share/sllidar_ros2/hook/cmake_prefix_path.sh'
[2.525s] Level 1:colcon.colcon_core.environment:checking '/home/ros-industrial/robocon_ws/install/sllidar_ros2/lib'
[2.525s] Level 1:colcon.colcon_core.environment:checking '/home/ros-industrial/robocon_ws/install/sllidar_ros2/bin'
[2.525s] Level 1:colcon.colcon_core.environment:checking '/home/ros-industrial/robocon_ws/install/sllidar_ros2/lib/pkgconfig/sllidar_ros2.pc'
[2.525s] Level 1:colcon.colcon_core.environment:checking '/home/ros-industrial/robocon_ws/install/sllidar_ros2/lib/python3.8/site-packages'
[2.525s] Level 1:colcon.colcon_core.environment:checking '/home/ros-industrial/robocon_ws/install/sllidar_ros2/bin'
[2.547s] INFO:colcon.colcon_core.shell:Creating package script '/home/ros-industrial/robocon_ws/install/sllidar_ros2/share/sllidar_ros2/package.ps1'
[2.547s] INFO:colcon.colcon_core.shell:Creating package descriptor '/home/ros-industrial/robocon_ws/install/sllidar_ros2/share/sllidar_ros2/package.dsv'
[2.548s] INFO:colcon.colcon_core.shell:Creating package script '/home/ros-industrial/robocon_ws/install/sllidar_ros2/share/sllidar_ros2/package.sh'
[2.548s] INFO:colcon.colcon_core.shell:Creating package script '/home/ros-industrial/robocon_ws/install/sllidar_ros2/share/sllidar_ros2/package.bash'
[2.548s] INFO:colcon.colcon_core.shell:Creating package script '/home/ros-industrial/robocon_ws/install/sllidar_ros2/share/sllidar_ros2/package.zsh'
[2.548s] Level 1:colcon.colcon_core.environment:create_file_with_runtime_dependencies(/home/ros-industrial/robocon_ws/install/sllidar_ros2/share/colcon-core/packages/sllidar_ros2)
[2.573s] Level 1:colcon.colcon_core.environment:create_environment_scripts_only(usb920_ver2)
[2.596s] Level 1:colcon.colcon_core.environment:checking '/home/ros-industrial/robocon_ws/install/usb920_ver2' for CMake module files
[2.597s] Level 1:colcon.colcon_core.environment:checking '/home/ros-industrial/robocon_ws/install/usb920_ver2' for CMake config files
[2.597s] Level 1:colcon.colcon_core.shell:create_environment_hook('usb920_ver2', 'cmake_prefix_path')
[2.618s] INFO:colcon.colcon_core.shell:Creating environment hook '/home/ros-industrial/robocon_ws/install/usb920_ver2/share/usb920_ver2/hook/cmake_prefix_path.ps1'
[2.619s] INFO:colcon.colcon_core.shell:Creating environment descriptor '/home/ros-industrial/robocon_ws/install/usb920_ver2/share/usb920_ver2/hook/cmake_prefix_path.dsv'
[2.619s] INFO:colcon.colcon_core.shell:Creating environment hook '/home/ros-industrial/robocon_ws/install/usb920_ver2/share/usb920_ver2/hook/cmake_prefix_path.sh'
[2.620s] Level 1:colcon.colcon_core.environment:checking '/home/ros-industrial/robocon_ws/install/usb920_ver2/lib'
[2.620s] Level 1:colcon.colcon_core.environment:checking '/home/ros-industrial/robocon_ws/install/usb920_ver2/bin'
[2.620s] Level 1:colcon.colcon_core.environment:checking '/home/ros-industrial/robocon_ws/install/usb920_ver2/lib/pkgconfig/usb920_ver2.pc'
[2.620s] Level 1:colcon.colcon_core.environment:checking '/home/ros-industrial/robocon_ws/install/usb920_ver2/lib/python3.8/site-packages'
[2.620s] Level 1:colcon.colcon_core.environment:checking '/home/ros-industrial/robocon_ws/install/usb920_ver2/bin'
[2.643s] INFO:colcon.colcon_core.shell:Creating package script '/home/ros-industrial/robocon_ws/install/usb920_ver2/share/usb920_ver2/package.ps1'
[2.643s] INFO:colcon.colcon_core.shell:Creating package descriptor '/home/ros-industrial/robocon_ws/install/usb920_ver2/share/usb920_ver2/package.dsv'
[2.644s] INFO:colcon.colcon_core.shell:Creating package script '/home/ros-industrial/robocon_ws/install/usb920_ver2/share/usb920_ver2/package.sh'
[2.644s] INFO:colcon.colcon_core.shell:Creating package script '/home/ros-industrial/robocon_ws/install/usb920_ver2/share/usb920_ver2/package.bash'
[2.644s] INFO:colcon.colcon_core.shell:Creating package script '/home/ros-industrial/robocon_ws/install/usb920_ver2/share/usb920_ver2/package.zsh'
[2.645s] Level 1:colcon.colcon_core.environment:create_file_with_runtime_dependencies(/home/ros-industrial/robocon_ws/install/usb920_ver2/share/colcon-core/packages/usb920_ver2)
[2.668s] Level 1:colcon.colcon_core.environment:create_environment_scripts_only(sllidar_ros2)
[2.691s] Level 1:colcon.colcon_core.environment:checking '/home/ros-industrial/robocon_ws/install/sllidar_ros2' for CMake module files
[2.691s] Level 1:colcon.colcon_core.environment:checking '/home/ros-industrial/robocon_ws/install/sllidar_ros2' for CMake config files
[2.691s] Level 1:colcon.colcon_core.shell:create_environment_hook('sllidar_ros2', 'cmake_prefix_path')
[2.712s] INFO:colcon.colcon_core.shell:Creating environment hook '/home/ros-industrial/robocon_ws/install/sllidar_ros2/share/sllidar_ros2/hook/cmake_prefix_path.ps1'
[2.713s] INFO:colcon.colcon_core.shell:Creating environment descriptor '/home/ros-industrial/robocon_ws/install/sllidar_ros2/share/sllidar_ros2/hook/cmake_prefix_path.dsv'
[2.713s] INFO:colcon.colcon_core.shell:Creating environment hook '/home/ros-industrial/robocon_ws/install/sllidar_ros2/share/sllidar_ros2/hook/cmake_prefix_path.sh'
[2.714s] Level 1:colcon.colcon_core.environment:checking '/home/ros-industrial/robocon_ws/install/sllidar_ros2/lib'
[2.714s] Level 1:colcon.colcon_core.environment:checking '/home/ros-industrial/robocon_ws/install/sllidar_ros2/bin'
[2.714s] Level 1:colcon.colcon_core.environment:checking '/home/ros-industrial/robocon_ws/install/sllidar_ros2/lib/pkgconfig/sllidar_ros2.pc'
[2.714s] Level 1:colcon.colcon_core.environment:checking '/home/ros-industrial/robocon_ws/install/sllidar_ros2/lib/python3.8/site-packages'
[2.714s] Level 1:colcon.colcon_core.environment:checking '/home/ros-industrial/robocon_ws/install/sllidar_ros2/bin'
[2.738s] INFO:colcon.colcon_core.shell:Creating package script '/home/ros-industrial/robocon_ws/install/sllidar_ros2/share/sllidar_ros2/package.ps1'
[2.738s] INFO:colcon.colcon_core.shell:Creating package descriptor '/home/ros-industrial/robocon_ws/install/sllidar_ros2/share/sllidar_ros2/package.dsv'
[2.739s] INFO:colcon.colcon_core.shell:Creating package script '/home/ros-industrial/robocon_ws/install/sllidar_ros2/share/sllidar_ros2/package.sh'
[2.739s] INFO:colcon.colcon_core.shell:Creating package script '/home/ros-industrial/robocon_ws/install/sllidar_ros2/share/sllidar_ros2/package.bash'
[2.740s] INFO:colcon.colcon_core.shell:Creating package script '/home/ros-industrial/robocon_ws/install/sllidar_ros2/share/sllidar_ros2/package.zsh'
[2.740s] Level 1:colcon.colcon_core.environment:create_file_with_runtime_dependencies(/home/ros-industrial/robocon_ws/install/sllidar_ros2/share/colcon-core/packages/sllidar_ros2)
[5.611s] DEBUG:colcon.colcon_core.event_handler.log_command:Invoked command in '/home/ros-industrial/robocon_ws/build/robocon2023_b_dash' returned '0': CMAKE_PREFIX_PATH=${CMAKE_PREFIX_PATH}:/opt/ros/foxy /usr/bin/cmake --build /home/ros-industrial/robocon_ws/build/robocon2023_b_dash -- -j8 -l8
[5.639s] DEBUG:colcon.colcon_core.event_handler.log_command:Invoking command in '/home/ros-industrial/robocon_ws/build/robocon2023_b_dash': CMAKE_PREFIX_PATH=${CMAKE_PREFIX_PATH}:/opt/ros/foxy /usr/bin/cmake --install /home/ros-industrial/robocon_ws/build/robocon2023_b_dash
[5.649s] Level 1:colcon.colcon_core.environment:create_environment_scripts_only(robocon2023_b_dash)
[5.649s] DEBUG:colcon.colcon_core.event_handler.log_command:Invoked command in '/home/ros-industrial/robocon_ws/build/robocon2023_b_dash' returned '0': CMAKE_PREFIX_PATH=${CMAKE_PREFIX_PATH}:/opt/ros/foxy /usr/bin/cmake --install /home/ros-industrial/robocon_ws/build/robocon2023_b_dash
[5.670s] Level 1:colcon.colcon_core.environment:checking '/home/ros-industrial/robocon_ws/install/robocon2023_b_dash' for CMake module files
[5.670s] Level 1:colcon.colcon_core.environment:checking '/home/ros-industrial/robocon_ws/install/robocon2023_b_dash' for CMake config files
[5.670s] Level 1:colcon.colcon_core.shell:create_environment_hook('robocon2023_b_dash', 'cmake_prefix_path')
[5.689s] INFO:colcon.colcon_core.shell:Creating environment hook '/home/ros-industrial/robocon_ws/install/robocon2023_b_dash/share/robocon2023_b_dash/hook/cmake_prefix_path.ps1'
[5.690s] INFO:colcon.colcon_core.shell:Creating environment descriptor '/home/ros-industrial/robocon_ws/install/robocon2023_b_dash/share/robocon2023_b_dash/hook/cmake_prefix_path.dsv'
[5.690s] INFO:colcon.colcon_core.shell:Creating environment hook '/home/ros-industrial/robocon_ws/install/robocon2023_b_dash/share/robocon2023_b_dash/hook/cmake_prefix_path.sh'
[5.691s] Level 1:colcon.colcon_core.environment:checking '/home/ros-industrial/robocon_ws/install/robocon2023_b_dash/lib'
[5.691s] Level 1:colcon.colcon_core.environment:checking '/home/ros-industrial/robocon_ws/install/robocon2023_b_dash/bin'
[5.691s] Level 1:colcon.colcon_core.environment:checking '/home/ros-industrial/robocon_ws/install/robocon2023_b_dash/lib/pkgconfig/robocon2023_b_dash.pc'
[5.691s] Level 1:colcon.colcon_core.environment:checking '/home/ros-industrial/robocon_ws/install/robocon2023_b_dash/lib/python3.8/site-packages'
[5.691s] Level 1:colcon.colcon_core.environment:checking '/home/ros-industrial/robocon_ws/install/robocon2023_b_dash/bin'
[5.719s] INFO:colcon.colcon_core.shell:Creating package script '/home/ros-industrial/robocon_ws/install/robocon2023_b_dash/share/robocon2023_b_dash/package.ps1'
[5.719s] INFO:colcon.colcon_core.shell:Creating package descriptor '/home/ros-industrial/robocon_ws/install/robocon2023_b_dash/share/robocon2023_b_dash/package.dsv'
[5.720s] INFO:colcon.colcon_core.shell:Creating package script '/home/ros-industrial/robocon_ws/install/robocon2023_b_dash/share/robocon2023_b_dash/package.sh'
[5.720s] INFO:colcon.colcon_core.shell:Creating package script '/home/ros-industrial/robocon_ws/install/robocon2023_b_dash/share/robocon2023_b_dash/package.bash'
[5.720s] INFO:colcon.colcon_core.shell:Creating package script '/home/ros-industrial/robocon_ws/install/robocon2023_b_dash/share/robocon2023_b_dash/package.zsh'
[5.721s] Level 1:colcon.colcon_core.environment:create_file_with_runtime_dependencies(/home/ros-industrial/robocon_ws/install/robocon2023_b_dash/share/colcon-core/packages/robocon2023_b_dash)
[5.772s] Level 1:colcon.colcon_core.environment:create_environment_scripts_only(robocon2023_b_dash)
[5.792s] Level 1:colcon.colcon_core.environment:checking '/home/ros-industrial/robocon_ws/install/robocon2023_b_dash' for CMake module files
[5.792s] Level 1:colcon.colcon_core.environment:checking '/home/ros-industrial/robocon_ws/install/robocon2023_b_dash' for CMake config files
[5.792s] Level 1:colcon.colcon_core.shell:create_environment_hook('robocon2023_b_dash', 'cmake_prefix_path')
[5.811s] INFO:colcon.colcon_core.shell:Creating environment hook '/home/ros-industrial/robocon_ws/install/robocon2023_b_dash/share/robocon2023_b_dash/hook/cmake_prefix_path.ps1'
[5.812s] INFO:colcon.colcon_core.shell:Creating environment descriptor '/home/ros-industrial/robocon_ws/install/robocon2023_b_dash/share/robocon2023_b_dash/hook/cmake_prefix_path.dsv'
[5.812s] INFO:colcon.colcon_core.shell:Creating environment hook '/home/ros-industrial/robocon_ws/install/robocon2023_b_dash/share/robocon2023_b_dash/hook/cmake_prefix_path.sh'
[5.813s] Level 1:colcon.colcon_core.environment:checking '/home/ros-industrial/robocon_ws/install/robocon2023_b_dash/lib'
[5.813s] Level 1:colcon.colcon_core.environment:checking '/home/ros-industrial/robocon_ws/install/robocon2023_b_dash/bin'
[5.813s] Level 1:colcon.colcon_core.environment:checking '/home/ros-industrial/robocon_ws/install/robocon2023_b_dash/lib/pkgconfig/robocon2023_b_dash.pc'
[5.813s] Level 1:colcon.colcon_core.environment:checking '/home/ros-industrial/robocon_ws/install/robocon2023_b_dash/lib/python3.8/site-packages'
[5.813s] Level 1:colcon.colcon_core.environment:checking '/home/ros-industrial/robocon_ws/install/robocon2023_b_dash/bin'
[5.832s] INFO:colcon.colcon_core.shell:Creating package script '/home/ros-industrial/robocon_ws/install/robocon2023_b_dash/share/robocon2023_b_dash/package.ps1'
[5.833s] INFO:colcon.colcon_core.shell:Creating package descriptor '/home/ros-industrial/robocon_ws/install/robocon2023_b_dash/share/robocon2023_b_dash/package.dsv'
[5.833s] INFO:colcon.colcon_core.shell:Creating package script '/home/ros-industrial/robocon_ws/install/robocon2023_b_dash/share/robocon2023_b_dash/package.sh'
[5.833s] INFO:colcon.colcon_core.shell:Creating package script '/home/ros-industrial/robocon_ws/install/robocon2023_b_dash/share/robocon2023_b_dash/package.bash'
[5.834s] INFO:colcon.colcon_core.shell:Creating package script '/home/ros-industrial/robocon_ws/install/robocon2023_b_dash/share/robocon2023_b_dash/package.zsh'
[5.834s] Level 1:colcon.colcon_core.environment:create_file_with_runtime_dependencies(/home/ros-industrial/robocon_ws/install/robocon2023_b_dash/share/colcon-core/packages/robocon2023_b_dash)
[5.834s] DEBUG:colcon.colcon_parallel_executor.executor.parallel:closing loop
[5.835s] DEBUG:colcon.colcon_parallel_executor.executor.parallel:loop closed
[5.835s] DEBUG:colcon.colcon_parallel_executor.executor.parallel:run_until_complete finished with '0'
[5.836s] DEBUG:colcon.colcon_core.event_reactor:joining thread
[5.858s] INFO:colcon.colcon_core.plugin_system:Skipping extension 'colcon_notification.desktop_notification.terminal_notifier': Not used on non-Darwin systems
[5.858s] INFO:colcon.colcon_core.plugin_system:Skipping extension 'colcon_notification.desktop_notification.win32': Not used on non-Windows systems
[5.858s] INFO:colcon.colcon_notification.desktop_notification:Sending desktop notification using 'notify2'
[5.870s] DEBUG:colcon.colcon_core.event_reactor:joined thread
[5.892s] INFO:colcon.colcon_core.shell:Creating prefix script '/home/ros-industrial/robocon_ws/install/local_setup.ps1'
[5.892s] INFO:colcon.colcon_core.shell:Creating prefix util module '/home/ros-industrial/robocon_ws/install/_local_setup_util_ps1.py'
[5.893s] INFO:colcon.colcon_core.shell:Creating prefix chain script '/home/ros-industrial/robocon_ws/install/setup.ps1'
[5.914s] INFO:colcon.colcon_core.shell:Creating prefix script '/home/ros-industrial/robocon_ws/install/local_setup.sh'
[5.914s] INFO:colcon.colcon_core.shell:Creating prefix util module '/home/ros-industrial/robocon_ws/install/_local_setup_util_sh.py'
[5.915s] INFO:colcon.colcon_core.shell:Creating prefix chain script '/home/ros-industrial/robocon_ws/install/setup.sh'
[5.937s] INFO:colcon.colcon_core.shell:Creating prefix script '/home/ros-industrial/robocon_ws/install/local_setup.bash'
[5.938s] INFO:colcon.colcon_core.shell:Creating prefix chain script '/home/ros-industrial/robocon_ws/install/setup.bash'
[5.958s] INFO:colcon.colcon_core.shell:Creating prefix script '/home/ros-industrial/robocon_ws/install/local_setup.zsh'
[5.959s] INFO:colcon.colcon_core.shell:Creating prefix chain script '/home/ros-industrial/robocon_ws/install/setup.zsh'
