[0.444s] Invoking command in '/home/ros-industrial/robocon_ws/build/robocon2023_b_dash': CMAKE_PREFIX_PATH=${CMAKE_PREFIX_PATH}:/opt/ros/foxy /usr/bin/cmake --build /home/ros-industrial/robocon_ws/build/robocon2023_b_dash -- -j8 -l8
[0.500s] [ 10%] Built target BeltLiner_Controller
[0.501s] [ 20%] Built target SerialKIMD
[0.508s] [ 30%] Built target Solenoid_Controller
[0.516s] [ 40%] Built target Xmove_Controller
[0.523s] [35m[1mScanning dependencies of target RopeMotion[0m
[0.540s] [ 50%] Built target Drive_Controller
[0.542s] [ 60%] Built target Crawl_Controller
[0.542s] [ 65%] [32mBuilding CXX object CMakeFiles/RopeMotion.dir/src/Rope_Motion.cpp.o[0m
[0.551s] [ 75%] Built target WallUpMotion
[0.580s] [ 85%] Built target Upper_Controller
[0.581s] [ 95%] Built target DriveMotion
[1.417s] In file included from [01m[K/home/ros-industrial/robocon_ws/src/robocon2023_b_dash/src/Rope_Motion.hpp:7[m[K,
[1.417s]                  from [01m[K/home/ros-industrial/robocon_ws/src/robocon2023_b_dash/src/Rope_Motion.cpp:2[m[K:
[1.417s] [01m[K/home/ros-industrial/robocon_ws/src/robocon2023_b_dash/src/RoboconMsg/ABU2023_GenericOutput_Header.h:19:2:[m[K [01;35m[Kwarning: [m[KISO C++ prohibits anonymous structs [[01;35m[K-Wpedantic[m[K]
[1.417s]    19 |  [01;35m[K}[m[K;
[1.418s]       |  [01;35m[K^[m[K
[4.258s] [100%] [32m[1mLinking CXX executable RopeMotion[0m
[4.414s] [100%] Built target RopeMotion
[4.423s] Invoked command in '/home/ros-industrial/robocon_ws/build/robocon2023_b_dash' returned '0': CMAKE_PREFIX_PATH=${CMAKE_PREFIX_PATH}:/opt/ros/foxy /usr/bin/cmake --build /home/ros-industrial/robocon_ws/build/robocon2023_b_dash -- -j8 -l8
[4.455s] Invoking command in '/home/ros-industrial/robocon_ws/build/robocon2023_b_dash': CMAKE_PREFIX_PATH=${CMAKE_PREFIX_PATH}:/opt/ros/foxy /usr/bin/cmake --install /home/ros-industrial/robocon_ws/build/robocon2023_b_dash
[4.460s] -- Install configuration: ""
[4.461s] -- Up-to-date: /home/ros-industrial/robocon_ws/install/robocon2023_b_dash/lib/robocon2023_b_dash/SerialKIMD
[4.461s] -- Up-to-date: /home/ros-industrial/robocon_ws/install/robocon2023_b_dash/lib/robocon2023_b_dash/Xmove_Controller
[4.462s] -- Up-to-date: /home/ros-industrial/robocon_ws/install/robocon2023_b_dash/lib/robocon2023_b_dash/DriveMotion
[4.462s] -- Up-to-date: /home/ros-industrial/robocon_ws/install/robocon2023_b_dash/lib/robocon2023_b_dash/Drive_Controller
[4.462s] -- Up-to-date: /home/ros-industrial/robocon_ws/install/robocon2023_b_dash/lib/robocon2023_b_dash/Upper_Controller
[4.463s] -- Up-to-date: /home/ros-industrial/robocon_ws/install/robocon2023_b_dash/lib/robocon2023_b_dash/WallUpMotion
[4.463s] -- Up-to-date: /home/ros-industrial/robocon_ws/install/robocon2023_b_dash/lib/robocon2023_b_dash/Crawl_Controller
[4.463s] -- Up-to-date: /home/ros-industrial/robocon_ws/install/robocon2023_b_dash/lib/robocon2023_b_dash/Solenoid_Controller
[4.463s] -- Up-to-date: /home/ros-industrial/robocon_ws/install/robocon2023_b_dash/lib/robocon2023_b_dash/BeltLiner_Controller
[4.463s] -- Installing: /home/ros-industrial/robocon_ws/install/robocon2023_b_dash/lib/robocon2023_b_dash/RopeMotion
[4.464s] -- Set runtime path of "/home/ros-industrial/robocon_ws/install/robocon2023_b_dash/lib/robocon2023_b_dash/RopeMotion" to ""
[4.464s] -- Up-to-date: /home/ros-industrial/robocon_ws/install/robocon2023_b_dash/share/ament_index/resource_index/package_run_dependencies/robocon2023_b_dash
[4.465s] -- Up-to-date: /home/ros-industrial/robocon_ws/install/robocon2023_b_dash/share/ament_index/resource_index/parent_prefix_path/robocon2023_b_dash
[4.465s] -- Up-to-date: /home/ros-industrial/robocon_ws/install/robocon2023_b_dash/share/robocon2023_b_dash/environment/ament_prefix_path.sh
[4.465s] -- Up-to-date: /home/ros-industrial/robocon_ws/install/robocon2023_b_dash/share/robocon2023_b_dash/environment/ament_prefix_path.dsv
[4.465s] -- Up-to-date: /home/ros-industrial/robocon_ws/install/robocon2023_b_dash/share/robocon2023_b_dash/environment/path.sh
[4.465s] -- Up-to-date: /home/ros-industrial/robocon_ws/install/robocon2023_b_dash/share/robocon2023_b_dash/environment/path.dsv
[4.465s] -- Up-to-date: /home/ros-industrial/robocon_ws/install/robocon2023_b_dash/share/robocon2023_b_dash/local_setup.bash
[4.466s] -- Up-to-date: /home/ros-industrial/robocon_ws/install/robocon2023_b_dash/share/robocon2023_b_dash/local_setup.sh
[4.466s] -- Up-to-date: /home/ros-industrial/robocon_ws/install/robocon2023_b_dash/share/robocon2023_b_dash/local_setup.zsh
[4.466s] -- Up-to-date: /home/ros-industrial/robocon_ws/install/robocon2023_b_dash/share/robocon2023_b_dash/local_setup.dsv
[4.466s] -- Installing: /home/ros-industrial/robocon_ws/install/robocon2023_b_dash/share/robocon2023_b_dash/package.dsv
[4.466s] -- Up-to-date: /home/ros-industrial/robocon_ws/install/robocon2023_b_dash/share/ament_index/resource_index/packages/robocon2023_b_dash
[4.467s] -- Up-to-date: /home/ros-industrial/robocon_ws/install/robocon2023_b_dash/share/robocon2023_b_dash/cmake/robocon2023_b_dashConfig.cmake
[4.467s] -- Up-to-date: /home/ros-industrial/robocon_ws/install/robocon2023_b_dash/share/robocon2023_b_dash/cmake/robocon2023_b_dashConfig-version.cmake
[4.467s] -- Up-to-date: /home/ros-industrial/robocon_ws/install/robocon2023_b_dash/share/robocon2023_b_dash/package.xml
[4.467s] Invoked command in '/home/ros-industrial/robocon_ws/build/robocon2023_b_dash' returned '0': CMAKE_PREFIX_PATH=${CMAKE_PREFIX_PATH}:/opt/ros/foxy /usr/bin/cmake --install /home/ros-industrial/robocon_ws/build/robocon2023_b_dash
