[0.704s] Invoking command in '/home/roboconb/robocon_ws/src/fruit_detection': PYTHONPATH=/home/roboconb/robocon_ws/build/fruit_detection/prefix_override:/home/roboconb/robocon_ws/install/fruit_detection/lib/python3.10/site-packages:${PYTHONPATH} /usr/bin/python3 setup.py egg_info --egg-base ../../build/fruit_detection build --build-base /home/roboconb/robocon_ws/build/fruit_detection/build install --record /home/roboconb/robocon_ws/build/fruit_detection/install.log --single-version-externally-managed
[0.969s] running egg_info
[0.970s] writing ../../build/fruit_detection/fruit_detection.egg-info/PKG-INFO
[0.970s] writing dependency_links to ../../build/fruit_detection/fruit_detection.egg-info/dependency_links.txt
[0.970s] writing entry points to ../../build/fruit_detection/fruit_detection.egg-info/entry_points.txt
[0.970s] writing requirements to ../../build/fruit_detection/fruit_detection.egg-info/requires.txt
[0.970s] writing top-level names to ../../build/fruit_detection/fruit_detection.egg-info/top_level.txt
[0.972s] reading manifest file '../../build/fruit_detection/fruit_detection.egg-info/SOURCES.txt'
[0.972s] adding license file 'LICENSE'
[0.973s] writing manifest file '../../build/fruit_detection/fruit_detection.egg-info/SOURCES.txt'
[0.973s] running build
[0.973s] running build_py
[0.973s] copying fruit_detection/pubdetect.py -> /home/roboconb/robocon_ws/build/fruit_detection/build/lib/fruit_detection
[0.974s] copying fruit_detection/pubdetect copy.py -> /home/roboconb/robocon_ws/build/fruit_detection/build/lib/fruit_detection
[0.974s] running install
[0.974s] /usr/lib/python3/dist-packages/setuptools/command/install.py:34: SetuptoolsDeprecationWarning: setup.py install is deprecated. Use build and pip and other standards-based tools.
[0.974s]   warnings.warn(
[0.974s] running install_lib
[0.975s] copying /home/roboconb/robocon_ws/build/fruit_detection/build/lib/fruit_detection/pubdetect.py -> /home/roboconb/robocon_ws/install/fruit_detection/lib/python3.10/site-packages/fruit_detection
[0.976s] copying /home/roboconb/robocon_ws/build/fruit_detection/build/lib/fruit_detection/pubdetect copy.py -> /home/roboconb/robocon_ws/install/fruit_detection/lib/python3.10/site-packages/fruit_detection
[0.976s] byte-compiling /home/roboconb/robocon_ws/install/fruit_detection/lib/python3.10/site-packages/fruit_detection/pubdetect.py to pubdetect.cpython-310.pyc
[0.978s] byte-compiling /home/roboconb/robocon_ws/install/fruit_detection/lib/python3.10/site-packages/fruit_detection/pubdetect copy.py to pubdetect copy.cpython-310.pyc
[0.979s] running install_data
[0.980s] running install_egg_info
[0.982s] removing '/home/roboconb/robocon_ws/install/fruit_detection/lib/python3.10/site-packages/fruit_detection-0.0.1-py3.10.egg-info' (and everything under it)
[0.982s] Copying ../../build/fruit_detection/fruit_detection.egg-info to /home/roboconb/robocon_ws/install/fruit_detection/lib/python3.10/site-packages/fruit_detection-0.0.1-py3.10.egg-info
[0.983s] running install_scripts
[1.001s] Installing listener script to /home/roboconb/robocon_ws/install/fruit_detection/lib/fruit_detection
[1.001s] Installing onnx script to /home/roboconb/robocon_ws/install/fruit_detection/lib/fruit_detection
[1.001s] Installing pubdetect script to /home/roboconb/robocon_ws/install/fruit_detection/lib/fruit_detection
[1.001s] Installing talker script to /home/roboconb/robocon_ws/install/fruit_detection/lib/fruit_detection
[1.001s] Installing torch script to /home/roboconb/robocon_ws/install/fruit_detection/lib/fruit_detection
[1.001s] Installing vino script to /home/roboconb/robocon_ws/install/fruit_detection/lib/fruit_detection
[1.002s] writing list of installed files to '/home/roboconb/robocon_ws/build/fruit_detection/install.log'
[1.024s] Invoked command in '/home/roboconb/robocon_ws/src/fruit_detection' returned '0': PYTHONPATH=/home/roboconb/robocon_ws/build/fruit_detection/prefix_override:/home/roboconb/robocon_ws/install/fruit_detection/lib/python3.10/site-packages:${PYTHONPATH} /usr/bin/python3 setup.py egg_info --egg-base ../../build/fruit_detection build --build-base /home/roboconb/robocon_ws/build/fruit_detection/build install --record /home/roboconb/robocon_ws/build/fruit_detection/install.log --single-version-externally-managed
