[0.810s] DEBUG:colcon:Command line arguments: ['/usr/bin/colcon', 'build', '--cmake-clean-cache']
[0.810s] DEBUG:colcon:Parsed command line arguments: Namespace(log_base=None, log_level=None, verb_name='build', build_base='build', install_base='install', merge_install=False, symlink_install=False, test_result_base=None, continue_on_error=False, executor='parallel', parallel_workers=12, event_handlers=None, ignore_user_meta=False, metas=['./colcon.meta'], base_paths=['.'], packages_ignore=None, packages_ignore_regex=None, paths=None, packages_up_to=None, packages_up_to_regex=None, packages_above=None, packages_above_and_dependencies=None, packages_above_depth=None, packages_select_by_dep=None, packages_skip_by_dep=None, packages_skip_up_to=None, packages_select_build_failed=False, packages_skip_build_finished=False, packages_select_test_failures=False, packages_skip_test_passed=False, packages_select=None, packages_skip=None, packages_select_regex=None, packages_skip_regex=None, packages_start=None, packages_end=None, allow_overriding=[], cmake_args=None, cmake_target=None, cmake_target_skip_unavailable=False, cmake_clean_cache=True, cmake_clean_first=False, cmake_force_configure=False, ament_cmake_args=None, catkin_cmake_args=None, catkin_skip_building_tests=False, verb_parser=<colcon_defaults.argument_parser.defaults.DefaultArgumentsDecorator object at 0x7f9691e8c3d0>, verb_extension=<colcon_core.verb.build.BuildVerb object at 0x7f9691e635b0>, main=<bound method BuildVerb.main of <colcon_core.verb.build.BuildVerb object at 0x7f9691e635b0>>)
[0.847s] Level 1:colcon.colcon_core.package_discovery:discover_packages(colcon_meta) check parameters
[0.847s] Level 1:colcon.colcon_core.package_discovery:discover_packages(recursive) check parameters
[0.847s] Level 1:colcon.colcon_core.package_discovery:discover_packages(ignore) check parameters
[0.847s] Level 1:colcon.colcon_core.package_discovery:discover_packages(path) check parameters
[0.847s] Level 1:colcon.colcon_core.package_discovery:discover_packages(colcon_meta) discover
[0.847s] Level 1:colcon.colcon_core.package_discovery:discover_packages(recursive) discover
[0.847s] INFO:colcon.colcon_core.package_discovery:Crawling recursively for packages in '/home/kaibuchisoma/robocon_ws/RoboconDetectionFruit'
[0.848s] Level 1:colcon.colcon_core.package_identification:_identify(.) by extensions ['ignore', 'ignore_ament_install']
[0.848s] Level 1:colcon.colcon_core.package_identification:_identify(.) by extension 'ignore'
[0.848s] Level 1:colcon.colcon_core.package_identification:_identify(.) by extension 'ignore_ament_install'
[0.848s] Level 1:colcon.colcon_core.package_identification:_identify(.) by extensions ['colcon_pkg']
[0.848s] Level 1:colcon.colcon_core.package_identification:_identify(.) by extension 'colcon_pkg'
[0.848s] Level 1:colcon.colcon_core.package_identification:_identify(.) by extensions ['colcon_meta']
[0.848s] Level 1:colcon.colcon_core.package_identification:_identify(.) by extension 'colcon_meta'
[0.848s] Level 1:colcon.colcon_core.package_identification:_identify(.) by extensions ['ros']
[0.848s] Level 1:colcon.colcon_core.package_identification:_identify(.) by extension 'ros'
[0.856s] Level 1:colcon.colcon_core.package_identification:_identify(.) by extensions ['cmake', 'python']
[0.856s] Level 1:colcon.colcon_core.package_identification:_identify(.) by extension 'cmake'
[0.856s] Level 1:colcon.colcon_core.package_identification:_identify(.) by extension 'python'
[0.856s] Level 1:colcon.colcon_core.package_identification:_identify(.) by extensions ['python_setup_py']
[0.856s] Level 1:colcon.colcon_core.package_identification:_identify(.) by extension 'python_setup_py'
[0.856s] Level 1:colcon.colcon_core.package_identification:_identify(build) by extensions ['ignore', 'ignore_ament_install']
[0.856s] Level 1:colcon.colcon_core.package_identification:_identify(build) by extension 'ignore'
[0.857s] Level 1:colcon.colcon_core.package_identification:_identify(build) ignored
[0.857s] Level 1:colcon.colcon_core.package_identification:_identify(install) by extensions ['ignore', 'ignore_ament_install']
[0.857s] Level 1:colcon.colcon_core.package_identification:_identify(install) by extension 'ignore'
[0.857s] Level 1:colcon.colcon_core.package_identification:_identify(install) ignored
[0.857s] Level 1:colcon.colcon_core.package_identification:_identify(log) by extensions ['ignore', 'ignore_ament_install']
[0.857s] Level 1:colcon.colcon_core.package_identification:_identify(log) by extension 'ignore'
[0.857s] Level 1:colcon.colcon_core.package_identification:_identify(log) ignored
[0.857s] Level 1:colcon.colcon_core.package_identification:_identify(src) by extensions ['ignore', 'ignore_ament_install']
[0.857s] Level 1:colcon.colcon_core.package_identification:_identify(src) by extension 'ignore'
[0.857s] Level 1:colcon.colcon_core.package_identification:_identify(src) by extension 'ignore_ament_install'
[0.857s] Level 1:colcon.colcon_core.package_identification:_identify(src) by extensions ['colcon_pkg']
[0.857s] Level 1:colcon.colcon_core.package_identification:_identify(src) by extension 'colcon_pkg'
[0.858s] Level 1:colcon.colcon_core.package_identification:_identify(src) by extensions ['colcon_meta']
[0.858s] Level 1:colcon.colcon_core.package_identification:_identify(src) by extension 'colcon_meta'
[0.858s] Level 1:colcon.colcon_core.package_identification:_identify(src) by extensions ['ros']
[0.858s] Level 1:colcon.colcon_core.package_identification:_identify(src) by extension 'ros'
[0.858s] Level 1:colcon.colcon_core.package_identification:_identify(src) by extensions ['cmake', 'python']
[0.858s] Level 1:colcon.colcon_core.package_identification:_identify(src) by extension 'cmake'
[0.858s] Level 1:colcon.colcon_core.package_identification:_identify(src) by extension 'python'
[0.858s] Level 1:colcon.colcon_core.package_identification:_identify(src) by extensions ['python_setup_py']
[0.858s] Level 1:colcon.colcon_core.package_identification:_identify(src) by extension 'python_setup_py'
[0.858s] Level 1:colcon.colcon_core.package_identification:_identify(src/build) by extensions ['ignore', 'ignore_ament_install']
[0.858s] Level 1:colcon.colcon_core.package_identification:_identify(src/build) by extension 'ignore'
[0.858s] Level 1:colcon.colcon_core.package_identification:_identify(src/build) ignored
[0.858s] Level 1:colcon.colcon_core.package_identification:_identify(src/fruit_detection) by extensions ['ignore', 'ignore_ament_install']
[0.858s] Level 1:colcon.colcon_core.package_identification:_identify(src/fruit_detection) by extension 'ignore'
[0.858s] Level 1:colcon.colcon_core.package_identification:_identify(src/fruit_detection) by extension 'ignore_ament_install'
[0.858s] Level 1:colcon.colcon_core.package_identification:_identify(src/fruit_detection) by extensions ['colcon_pkg']
[0.858s] Level 1:colcon.colcon_core.package_identification:_identify(src/fruit_detection) by extension 'colcon_pkg'
[0.858s] Level 1:colcon.colcon_core.package_identification:_identify(src/fruit_detection) by extensions ['colcon_meta']
[0.858s] Level 1:colcon.colcon_core.package_identification:_identify(src/fruit_detection) by extension 'colcon_meta'
[0.858s] Level 1:colcon.colcon_core.package_identification:_identify(src/fruit_detection) by extensions ['ros']
[0.858s] Level 1:colcon.colcon_core.package_identification:_identify(src/fruit_detection) by extension 'ros'
[0.860s] DEBUG:colcon.colcon_core.package_identification:Package 'src/fruit_detection' with type 'ros.ament_python' and name 'fruit_detection'
[0.860s] Level 1:colcon.colcon_core.package_identification:_identify(src/install) by extensions ['ignore', 'ignore_ament_install']
[0.860s] Level 1:colcon.colcon_core.package_identification:_identify(src/install) by extension 'ignore'
[0.860s] Level 1:colcon.colcon_core.package_identification:_identify(src/install) ignored
[0.860s] Level 1:colcon.colcon_core.package_identification:_identify(src/log) by extensions ['ignore', 'ignore_ament_install']
[0.860s] Level 1:colcon.colcon_core.package_identification:_identify(src/log) by extension 'ignore'
[0.860s] Level 1:colcon.colcon_core.package_identification:_identify(src/log) ignored
[0.861s] Level 1:colcon.colcon_core.package_identification:_identify(src/robocon2023_b_dash) by extensions ['ignore', 'ignore_ament_install']
[0.861s] Level 1:colcon.colcon_core.package_identification:_identify(src/robocon2023_b_dash) by extension 'ignore'
[0.861s] Level 1:colcon.colcon_core.package_identification:_identify(src/robocon2023_b_dash) by extension 'ignore_ament_install'
[0.861s] Level 1:colcon.colcon_core.package_identification:_identify(src/robocon2023_b_dash) by extensions ['colcon_pkg']
[0.861s] Level 1:colcon.colcon_core.package_identification:_identify(src/robocon2023_b_dash) by extension 'colcon_pkg'
[0.861s] Level 1:colcon.colcon_core.package_identification:_identify(src/robocon2023_b_dash) by extensions ['colcon_meta']
[0.861s] Level 1:colcon.colcon_core.package_identification:_identify(src/robocon2023_b_dash) by extension 'colcon_meta'
[0.861s] Level 1:colcon.colcon_core.package_identification:_identify(src/robocon2023_b_dash) by extensions ['ros']
[0.861s] Level 1:colcon.colcon_core.package_identification:_identify(src/robocon2023_b_dash) by extension 'ros'
[0.861s] DEBUG:colcon.colcon_core.package_identification:Package 'src/robocon2023_b_dash' with type 'ros.ament_cmake' and name 'robocon2023_b_dash'
[0.861s] Level 1:colcon.colcon_core.package_identification:_identify(src/ros_to_kimd) by extensions ['ignore', 'ignore_ament_install']
[0.861s] Level 1:colcon.colcon_core.package_identification:_identify(src/ros_to_kimd) by extension 'ignore'
[0.861s] Level 1:colcon.colcon_core.package_identification:_identify(src/ros_to_kimd) by extension 'ignore_ament_install'
[0.861s] Level 1:colcon.colcon_core.package_identification:_identify(src/ros_to_kimd) by extensions ['colcon_pkg']
[0.861s] Level 1:colcon.colcon_core.package_identification:_identify(src/ros_to_kimd) by extension 'colcon_pkg'
[0.861s] Level 1:colcon.colcon_core.package_identification:_identify(src/ros_to_kimd) by extensions ['colcon_meta']
[0.861s] Level 1:colcon.colcon_core.package_identification:_identify(src/ros_to_kimd) by extension 'colcon_meta'
[0.861s] Level 1:colcon.colcon_core.package_identification:_identify(src/ros_to_kimd) by extensions ['ros']
[0.862s] Level 1:colcon.colcon_core.package_identification:_identify(src/ros_to_kimd) by extension 'ros'
[0.862s] DEBUG:colcon.colcon_core.package_identification:Package 'src/ros_to_kimd' with type 'ros.ament_cmake' and name 'ros_to_kimd'
[0.862s] Level 1:colcon.colcon_core.package_discovery:discover_packages(recursive) using defaults
[0.862s] Level 1:colcon.colcon_core.package_discovery:discover_packages(ignore) discover
[0.862s] Level 1:colcon.colcon_core.package_discovery:discover_packages(ignore) using defaults
[0.862s] Level 1:colcon.colcon_core.package_discovery:discover_packages(path) discover
[0.862s] Level 1:colcon.colcon_core.package_discovery:discover_packages(path) using defaults
[0.937s] Level 1:colcon.colcon_core.package_discovery:discover_packages(prefix_path) check parameters
[0.937s] Level 1:colcon.colcon_core.package_discovery:discover_packages(prefix_path) discover
[0.964s] DEBUG:colcon.colcon_installed_package_information.package_discovery:Found 271 installed packages in /opt/ros/humble
[0.965s] Level 1:colcon.colcon_core.package_discovery:discover_packages(prefix_path) using defaults
[1.046s] Level 5:colcon.colcon_core.verb:set package 'fruit_detection' build argument 'cmake_args' from command line to 'None'
[1.046s] Level 5:colcon.colcon_core.verb:set package 'fruit_detection' build argument 'cmake_target' from command line to 'None'
[1.046s] Level 5:colcon.colcon_core.verb:set package 'fruit_detection' build argument 'cmake_target_skip_unavailable' from command line to 'False'
[1.046s] Level 5:colcon.colcon_core.verb:set package 'fruit_detection' build argument 'cmake_clean_cache' from command line to 'True'
[1.046s] Level 5:colcon.colcon_core.verb:set package 'fruit_detection' build argument 'cmake_clean_first' from command line to 'False'
[1.046s] Level 5:colcon.colcon_core.verb:set package 'fruit_detection' build argument 'cmake_force_configure' from command line to 'False'
[1.046s] Level 5:colcon.colcon_core.verb:set package 'fruit_detection' build argument 'ament_cmake_args' from command line to 'None'
[1.046s] Level 5:colcon.colcon_core.verb:set package 'fruit_detection' build argument 'catkin_cmake_args' from command line to 'None'
[1.046s] Level 5:colcon.colcon_core.verb:set package 'fruit_detection' build argument 'catkin_skip_building_tests' from command line to 'False'
[1.046s] DEBUG:colcon.colcon_core.verb:Building package 'fruit_detection' with the following arguments: {'ament_cmake_args': None, 'build_base': '/home/kaibuchisoma/robocon_ws/RoboconDetectionFruit/build/fruit_detection', 'catkin_cmake_args': None, 'catkin_skip_building_tests': False, 'cmake_args': None, 'cmake_clean_cache': True, 'cmake_clean_first': False, 'cmake_force_configure': False, 'cmake_target': None, 'cmake_target_skip_unavailable': False, 'install_base': '/home/kaibuchisoma/robocon_ws/RoboconDetectionFruit/install/fruit_detection', 'merge_install': False, 'path': '/home/kaibuchisoma/robocon_ws/RoboconDetectionFruit/src/fruit_detection', 'symlink_install': False, 'test_result_base': None}
[1.059s] Level 5:colcon.colcon_core.verb:set package 'robocon2023_b_dash' build argument 'cmake_args' from command line to 'None'
[1.059s] Level 5:colcon.colcon_core.verb:set package 'robocon2023_b_dash' build argument 'cmake_target' from command line to 'None'
[1.059s] Level 5:colcon.colcon_core.verb:set package 'robocon2023_b_dash' build argument 'cmake_target_skip_unavailable' from command line to 'False'
[1.059s] Level 5:colcon.colcon_core.verb:set package 'robocon2023_b_dash' build argument 'cmake_clean_cache' from command line to 'True'
[1.059s] Level 5:colcon.colcon_core.verb:set package 'robocon2023_b_dash' build argument 'cmake_clean_first' from command line to 'False'
[1.060s] Level 5:colcon.colcon_core.verb:set package 'robocon2023_b_dash' build argument 'cmake_force_configure' from command line to 'False'
[1.060s] Level 5:colcon.colcon_core.verb:set package 'robocon2023_b_dash' build argument 'ament_cmake_args' from command line to 'None'
[1.060s] Level 5:colcon.colcon_core.verb:set package 'robocon2023_b_dash' build argument 'catkin_cmake_args' from command line to 'None'
[1.060s] Level 5:colcon.colcon_core.verb:set package 'robocon2023_b_dash' build argument 'catkin_skip_building_tests' from command line to 'False'
[1.060s] DEBUG:colcon.colcon_core.verb:Building package 'robocon2023_b_dash' with the following arguments: {'ament_cmake_args': None, 'build_base': '/home/kaibuchisoma/robocon_ws/RoboconDetectionFruit/build/robocon2023_b_dash', 'catkin_cmake_args': None, 'catkin_skip_building_tests': False, 'cmake_args': None, 'cmake_clean_cache': True, 'cmake_clean_first': False, 'cmake_force_configure': False, 'cmake_target': None, 'cmake_target_skip_unavailable': False, 'install_base': '/home/kaibuchisoma/robocon_ws/RoboconDetectionFruit/install/robocon2023_b_dash', 'merge_install': False, 'path': '/home/kaibuchisoma/robocon_ws/RoboconDetectionFruit/src/robocon2023_b_dash', 'symlink_install': False, 'test_result_base': None}
[1.072s] Level 5:colcon.colcon_core.verb:set package 'ros_to_kimd' build argument 'cmake_args' from command line to 'None'
[1.072s] Level 5:colcon.colcon_core.verb:set package 'ros_to_kimd' build argument 'cmake_target' from command line to 'None'
[1.072s] Level 5:colcon.colcon_core.verb:set package 'ros_to_kimd' build argument 'cmake_target_skip_unavailable' from command line to 'False'
[1.072s] Level 5:colcon.colcon_core.verb:set package 'ros_to_kimd' build argument 'cmake_clean_cache' from command line to 'True'
[1.072s] Level 5:colcon.colcon_core.verb:set package 'ros_to_kimd' build argument 'cmake_clean_first' from command line to 'False'
[1.072s] Level 5:colcon.colcon_core.verb:set package 'ros_to_kimd' build argument 'cmake_force_configure' from command line to 'False'
[1.072s] Level 5:colcon.colcon_core.verb:set package 'ros_to_kimd' build argument 'ament_cmake_args' from command line to 'None'
[1.072s] Level 5:colcon.colcon_core.verb:set package 'ros_to_kimd' build argument 'catkin_cmake_args' from command line to 'None'
[1.072s] Level 5:colcon.colcon_core.verb:set package 'ros_to_kimd' build argument 'catkin_skip_building_tests' from command line to 'False'
[1.072s] DEBUG:colcon.colcon_core.verb:Building package 'ros_to_kimd' with the following arguments: {'ament_cmake_args': None, 'build_base': '/home/kaibuchisoma/robocon_ws/RoboconDetectionFruit/build/ros_to_kimd', 'catkin_cmake_args': None, 'catkin_skip_building_tests': False, 'cmake_args': None, 'cmake_clean_cache': True, 'cmake_clean_first': False, 'cmake_force_configure': False, 'cmake_target': None, 'cmake_target_skip_unavailable': False, 'install_base': '/home/kaibuchisoma/robocon_ws/RoboconDetectionFruit/install/ros_to_kimd', 'merge_install': False, 'path': '/home/kaibuchisoma/robocon_ws/RoboconDetectionFruit/src/ros_to_kimd', 'symlink_install': False, 'test_result_base': None}
[1.085s] INFO:colcon.colcon_core.executor:Executing jobs using 'parallel' executor
[1.098s] DEBUG:colcon.colcon_parallel_executor.executor.parallel:run_until_complete
[1.099s] INFO:colcon.colcon_ros.task.ament_python.build:Building ROS package in '/home/kaibuchisoma/robocon_ws/RoboconDetectionFruit/src/fruit_detection' with build type 'ament_python'
[1.099s] Level 1:colcon.colcon_core.shell:create_environment_hook('fruit_detection', 'ament_prefix_path')
[1.117s] INFO:colcon.colcon_core.plugin_system:Skipping extension 'colcon_core.shell.bat': Not used on non-Windows systems
[1.117s] INFO:colcon.colcon_core.shell:Creating environment hook '/home/kaibuchisoma/robocon_ws/RoboconDetectionFruit/install/fruit_detection/share/fruit_detection/hook/ament_prefix_path.ps1'
[1.118s] INFO:colcon.colcon_core.shell:Creating environment descriptor '/home/kaibuchisoma/robocon_ws/RoboconDetectionFruit/install/fruit_detection/share/fruit_detection/hook/ament_prefix_path.dsv'
[1.119s] INFO:colcon.colcon_core.shell:Creating environment hook '/home/kaibuchisoma/robocon_ws/RoboconDetectionFruit/install/fruit_detection/share/fruit_detection/hook/ament_prefix_path.sh'
[1.138s] INFO:colcon.colcon_core.shell:Skip shell extension 'powershell' for command environment: Not usable outside of PowerShell
[1.138s] DEBUG:colcon.colcon_core.shell:Skip shell extension 'dsv' for command environment
[1.174s] INFO:colcon.colcon_ros.task.ament_cmake.build:Building ROS package in '/home/kaibuchisoma/robocon_ws/RoboconDetectionFruit/src/robocon2023_b_dash' with build type 'ament_cmake'
[1.174s] INFO:colcon.colcon_cmake.task.cmake.build:Building CMake package in '/home/kaibuchisoma/robocon_ws/RoboconDetectionFruit/src/robocon2023_b_dash'
[1.189s] INFO:colcon.colcon_core.shell:Skip shell extension 'powershell' for command environment: Not usable outside of PowerShell
[1.189s] DEBUG:colcon.colcon_core.shell:Skip shell extension 'dsv' for command environment
[1.226s] INFO:colcon.colcon_ros.task.ament_cmake.build:Building ROS package in '/home/kaibuchisoma/robocon_ws/RoboconDetectionFruit/src/ros_to_kimd' with build type 'ament_cmake'
[1.226s] INFO:colcon.colcon_cmake.task.cmake.build:Building CMake package in '/home/kaibuchisoma/robocon_ws/RoboconDetectionFruit/src/ros_to_kimd'
[1.238s] INFO:colcon.colcon_core.shell:Skip shell extension 'powershell' for command environment: Not usable outside of PowerShell
[1.238s] DEBUG:colcon.colcon_core.shell:Skip shell extension 'dsv' for command environment
[1.479s] INFO:colcon.colcon_core.task.python.build:Building Python package in '/home/kaibuchisoma/robocon_ws/RoboconDetectionFruit/src/fruit_detection'
[1.492s] INFO:colcon.colcon_core.shell:Skip shell extension 'powershell' for command environment: Not usable outside of PowerShell
[1.492s] DEBUG:colcon.colcon_core.shell:Skip shell extension 'dsv' for command environment
[1.523s] DEBUG:colcon.colcon_core.event_handler.log_command:Invoking command in '/home/kaibuchisoma/robocon_ws/RoboconDetectionFruit/build/robocon2023_b_dash': CMAKE_PREFIX_PATH=/opt/ros/humble /usr/bin/cmake /home/kaibuchisoma/robocon_ws/RoboconDetectionFruit/src/robocon2023_b_dash -DCMAKE_INSTALL_PREFIX=/home/kaibuchisoma/robocon_ws/RoboconDetectionFruit/install/robocon2023_b_dash
[1.527s] DEBUG:colcon.colcon_core.event_handler.log_command:Invoking command in '/home/kaibuchisoma/robocon_ws/RoboconDetectionFruit/build/ros_to_kimd': CMAKE_PREFIX_PATH=/opt/ros/humble /usr/bin/cmake /home/kaibuchisoma/robocon_ws/RoboconDetectionFruit/src/ros_to_kimd -DCMAKE_INSTALL_PREFIX=/home/kaibuchisoma/robocon_ws/RoboconDetectionFruit/install/ros_to_kimd
[1.796s] DEBUG:colcon.colcon_core.event_handler.log_command:Invoking command in '/home/kaibuchisoma/robocon_ws/RoboconDetectionFruit/src/fruit_detection': PYTHONPATH=/home/kaibuchisoma/robocon_ws/RoboconDetectionFruit/build/fruit_detection/prefix_override:/home/kaibuchisoma/robocon_ws/RoboconDetectionFruit/install/fruit_detection/lib/python3.10/site-packages:${PYTHONPATH} /usr/bin/python3 setup.py egg_info --egg-base ../../build/fruit_detection build --build-base /home/kaibuchisoma/robocon_ws/RoboconDetectionFruit/build/fruit_detection/build install --record /home/kaibuchisoma/robocon_ws/RoboconDetectionFruit/build/fruit_detection/install.log --single-version-externally-managed
[2.045s] DEBUG:colcon.colcon_core.event_handler.log_command:Invoked command in '/home/kaibuchisoma/robocon_ws/RoboconDetectionFruit/src/fruit_detection' returned '0': PYTHONPATH=/home/kaibuchisoma/robocon_ws/RoboconDetectionFruit/build/fruit_detection/prefix_override:/home/kaibuchisoma/robocon_ws/RoboconDetectionFruit/install/fruit_detection/lib/python3.10/site-packages:${PYTHONPATH} /usr/bin/python3 setup.py egg_info --egg-base ../../build/fruit_detection build --build-base /home/kaibuchisoma/robocon_ws/RoboconDetectionFruit/build/fruit_detection/build install --record /home/kaibuchisoma/robocon_ws/RoboconDetectionFruit/build/fruit_detection/install.log --single-version-externally-managed
[2.060s] Level 1:colcon.colcon_core.environment:checking '/home/kaibuchisoma/robocon_ws/RoboconDetectionFruit/install/fruit_detection' for CMake module files
[2.061s] Level 1:colcon.colcon_core.environment:checking '/home/kaibuchisoma/robocon_ws/RoboconDetectionFruit/install/fruit_detection' for CMake config files
[2.061s] Level 1:colcon.colcon_core.environment:checking '/home/kaibuchisoma/robocon_ws/RoboconDetectionFruit/install/fruit_detection/lib'
[2.061s] Level 1:colcon.colcon_core.environment:checking '/home/kaibuchisoma/robocon_ws/RoboconDetectionFruit/install/fruit_detection/bin'
[2.061s] Level 1:colcon.colcon_core.environment:checking '/home/kaibuchisoma/robocon_ws/RoboconDetectionFruit/install/fruit_detection/lib/pkgconfig/fruit_detection.pc'
[2.062s] Level 1:colcon.colcon_core.environment:checking '/home/kaibuchisoma/robocon_ws/RoboconDetectionFruit/install/fruit_detection/lib/python3.10/site-packages'
[2.062s] Level 1:colcon.colcon_core.shell:create_environment_hook('fruit_detection', 'pythonpath')
[2.076s] INFO:colcon.colcon_core.shell:Creating environment hook '/home/kaibuchisoma/robocon_ws/RoboconDetectionFruit/install/fruit_detection/share/fruit_detection/hook/pythonpath.ps1'
[2.077s] INFO:colcon.colcon_core.shell:Creating environment descriptor '/home/kaibuchisoma/robocon_ws/RoboconDetectionFruit/install/fruit_detection/share/fruit_detection/hook/pythonpath.dsv'
[2.077s] INFO:colcon.colcon_core.shell:Creating environment hook '/home/kaibuchisoma/robocon_ws/RoboconDetectionFruit/install/fruit_detection/share/fruit_detection/hook/pythonpath.sh'
[2.077s] Level 1:colcon.colcon_core.environment:checking '/home/kaibuchisoma/robocon_ws/RoboconDetectionFruit/install/fruit_detection/bin'
[2.078s] Level 1:colcon.colcon_core.environment:create_environment_scripts_only(fruit_detection)
[2.090s] INFO:colcon.colcon_core.shell:Creating package script '/home/kaibuchisoma/robocon_ws/RoboconDetectionFruit/install/fruit_detection/share/fruit_detection/package.ps1'
[2.091s] INFO:colcon.colcon_core.shell:Creating package descriptor '/home/kaibuchisoma/robocon_ws/RoboconDetectionFruit/install/fruit_detection/share/fruit_detection/package.dsv'
[2.091s] INFO:colcon.colcon_core.shell:Creating package script '/home/kaibuchisoma/robocon_ws/RoboconDetectionFruit/install/fruit_detection/share/fruit_detection/package.sh'
[2.092s] INFO:colcon.colcon_core.shell:Creating package script '/home/kaibuchisoma/robocon_ws/RoboconDetectionFruit/install/fruit_detection/share/fruit_detection/package.bash'
[2.092s] INFO:colcon.colcon_core.shell:Creating package script '/home/kaibuchisoma/robocon_ws/RoboconDetectionFruit/install/fruit_detection/share/fruit_detection/package.zsh'
[2.093s] Level 1:colcon.colcon_core.environment:create_file_with_runtime_dependencies(/home/kaibuchisoma/robocon_ws/RoboconDetectionFruit/install/fruit_detection/share/colcon-core/packages/fruit_detection)
[2.759s] DEBUG:colcon.colcon_core.event_handler.log_command:Invoked command in '/home/kaibuchisoma/robocon_ws/RoboconDetectionFruit/build/robocon2023_b_dash' returned '0': CMAKE_PREFIX_PATH=/opt/ros/humble /usr/bin/cmake /home/kaibuchisoma/robocon_ws/RoboconDetectionFruit/src/robocon2023_b_dash -DCMAKE_INSTALL_PREFIX=/home/kaibuchisoma/robocon_ws/RoboconDetectionFruit/install/robocon2023_b_dash
[2.761s] DEBUG:colcon.colcon_core.event_handler.log_command:Invoking command in '/home/kaibuchisoma/robocon_ws/RoboconDetectionFruit/build/robocon2023_b_dash': CMAKE_PREFIX_PATH=/opt/ros/humble /usr/bin/cmake --build /home/kaibuchisoma/robocon_ws/RoboconDetectionFruit/build/robocon2023_b_dash -- -j12 -l12
[2.773s] DEBUG:colcon.colcon_core.event_handler.log_command:Invoked command in '/home/kaibuchisoma/robocon_ws/RoboconDetectionFruit/build/ros_to_kimd' returned '0': CMAKE_PREFIX_PATH=/opt/ros/humble /usr/bin/cmake /home/kaibuchisoma/robocon_ws/RoboconDetectionFruit/src/ros_to_kimd -DCMAKE_INSTALL_PREFIX=/home/kaibuchisoma/robocon_ws/RoboconDetectionFruit/install/ros_to_kimd
[2.774s] DEBUG:colcon.colcon_core.event_handler.log_command:Invoking command in '/home/kaibuchisoma/robocon_ws/RoboconDetectionFruit/build/ros_to_kimd': CMAKE_PREFIX_PATH=/opt/ros/humble /usr/bin/cmake --build /home/kaibuchisoma/robocon_ws/RoboconDetectionFruit/build/ros_to_kimd -- -j12 -l12
[2.844s] DEBUG:colcon.colcon_core.event_handler.log_command:Invoked command in '/home/kaibuchisoma/robocon_ws/RoboconDetectionFruit/build/ros_to_kimd' returned '0': CMAKE_PREFIX_PATH=/opt/ros/humble /usr/bin/cmake --build /home/kaibuchisoma/robocon_ws/RoboconDetectionFruit/build/ros_to_kimd -- -j12 -l12
[2.879s] DEBUG:colcon.colcon_core.event_handler.log_command:Invoking command in '/home/kaibuchisoma/robocon_ws/RoboconDetectionFruit/build/ros_to_kimd': CMAKE_PREFIX_PATH=/opt/ros/humble /usr/bin/cmake --install /home/kaibuchisoma/robocon_ws/RoboconDetectionFruit/build/ros_to_kimd
[2.889s] Level 1:colcon.colcon_core.environment:create_environment_scripts_only(ros_to_kimd)
[2.889s] DEBUG:colcon.colcon_core.event_handler.log_command:Invoked command in '/home/kaibuchisoma/robocon_ws/RoboconDetectionFruit/build/ros_to_kimd' returned '0': CMAKE_PREFIX_PATH=/opt/ros/humble /usr/bin/cmake --install /home/kaibuchisoma/robocon_ws/RoboconDetectionFruit/build/ros_to_kimd
[2.903s] Level 1:colcon.colcon_core.environment:checking '/home/kaibuchisoma/robocon_ws/RoboconDetectionFruit/install/ros_to_kimd' for CMake module files
[2.903s] Level 1:colcon.colcon_core.environment:checking '/home/kaibuchisoma/robocon_ws/RoboconDetectionFruit/install/ros_to_kimd' for CMake config files
[2.904s] Level 1:colcon.colcon_core.shell:create_environment_hook('ros_to_kimd', 'cmake_prefix_path')
[2.918s] INFO:colcon.colcon_core.shell:Creating environment hook '/home/kaibuchisoma/robocon_ws/RoboconDetectionFruit/install/ros_to_kimd/share/ros_to_kimd/hook/cmake_prefix_path.ps1'
[2.918s] INFO:colcon.colcon_core.shell:Creating environment descriptor '/home/kaibuchisoma/robocon_ws/RoboconDetectionFruit/install/ros_to_kimd/share/ros_to_kimd/hook/cmake_prefix_path.dsv'
[2.918s] INFO:colcon.colcon_core.shell:Creating environment hook '/home/kaibuchisoma/robocon_ws/RoboconDetectionFruit/install/ros_to_kimd/share/ros_to_kimd/hook/cmake_prefix_path.sh'
[2.919s] Level 1:colcon.colcon_core.environment:checking '/home/kaibuchisoma/robocon_ws/RoboconDetectionFruit/install/ros_to_kimd/lib'
[2.919s] Level 1:colcon.colcon_core.environment:checking '/home/kaibuchisoma/robocon_ws/RoboconDetectionFruit/install/ros_to_kimd/bin'
[2.919s] Level 1:colcon.colcon_core.environment:checking '/home/kaibuchisoma/robocon_ws/RoboconDetectionFruit/install/ros_to_kimd/lib/pkgconfig/ros_to_kimd.pc'
[2.919s] Level 1:colcon.colcon_core.environment:checking '/home/kaibuchisoma/robocon_ws/RoboconDetectionFruit/install/ros_to_kimd/lib/python3.10/site-packages'
[2.919s] Level 1:colcon.colcon_core.environment:checking '/home/kaibuchisoma/robocon_ws/RoboconDetectionFruit/install/ros_to_kimd/bin'
[2.933s] INFO:colcon.colcon_core.shell:Creating package script '/home/kaibuchisoma/robocon_ws/RoboconDetectionFruit/install/ros_to_kimd/share/ros_to_kimd/package.ps1'
[2.933s] INFO:colcon.colcon_core.shell:Creating package descriptor '/home/kaibuchisoma/robocon_ws/RoboconDetectionFruit/install/ros_to_kimd/share/ros_to_kimd/package.dsv'
[2.934s] INFO:colcon.colcon_core.shell:Creating package script '/home/kaibuchisoma/robocon_ws/RoboconDetectionFruit/install/ros_to_kimd/share/ros_to_kimd/package.sh'
[2.934s] INFO:colcon.colcon_core.shell:Creating package script '/home/kaibuchisoma/robocon_ws/RoboconDetectionFruit/install/ros_to_kimd/share/ros_to_kimd/package.bash'
[2.934s] INFO:colcon.colcon_core.shell:Creating package script '/home/kaibuchisoma/robocon_ws/RoboconDetectionFruit/install/ros_to_kimd/share/ros_to_kimd/package.zsh'
[2.934s] Level 1:colcon.colcon_core.environment:create_file_with_runtime_dependencies(/home/kaibuchisoma/robocon_ws/RoboconDetectionFruit/install/ros_to_kimd/share/colcon-core/packages/ros_to_kimd)
[2.980s] Level 1:colcon.colcon_core.environment:create_environment_scripts_only(ros_to_kimd)
[2.998s] Level 1:colcon.colcon_core.environment:checking '/home/kaibuchisoma/robocon_ws/RoboconDetectionFruit/install/ros_to_kimd' for CMake module files
[2.998s] Level 1:colcon.colcon_core.environment:checking '/home/kaibuchisoma/robocon_ws/RoboconDetectionFruit/install/ros_to_kimd' for CMake config files
[2.998s] Level 1:colcon.colcon_core.shell:create_environment_hook('ros_to_kimd', 'cmake_prefix_path')
[3.013s] INFO:colcon.colcon_core.shell:Creating environment hook '/home/kaibuchisoma/robocon_ws/RoboconDetectionFruit/install/ros_to_kimd/share/ros_to_kimd/hook/cmake_prefix_path.ps1'
[3.014s] INFO:colcon.colcon_core.shell:Creating environment descriptor '/home/kaibuchisoma/robocon_ws/RoboconDetectionFruit/install/ros_to_kimd/share/ros_to_kimd/hook/cmake_prefix_path.dsv'
[3.014s] INFO:colcon.colcon_core.shell:Creating environment hook '/home/kaibuchisoma/robocon_ws/RoboconDetectionFruit/install/ros_to_kimd/share/ros_to_kimd/hook/cmake_prefix_path.sh'
[3.014s] Level 1:colcon.colcon_core.environment:checking '/home/kaibuchisoma/robocon_ws/RoboconDetectionFruit/install/ros_to_kimd/lib'
[3.014s] Level 1:colcon.colcon_core.environment:checking '/home/kaibuchisoma/robocon_ws/RoboconDetectionFruit/install/ros_to_kimd/bin'
[3.014s] Level 1:colcon.colcon_core.environment:checking '/home/kaibuchisoma/robocon_ws/RoboconDetectionFruit/install/ros_to_kimd/lib/pkgconfig/ros_to_kimd.pc'
[3.015s] Level 1:colcon.colcon_core.environment:checking '/home/kaibuchisoma/robocon_ws/RoboconDetectionFruit/install/ros_to_kimd/lib/python3.10/site-packages'
[3.015s] Level 1:colcon.colcon_core.environment:checking '/home/kaibuchisoma/robocon_ws/RoboconDetectionFruit/install/ros_to_kimd/bin'
[3.027s] INFO:colcon.colcon_core.shell:Creating package script '/home/kaibuchisoma/robocon_ws/RoboconDetectionFruit/install/ros_to_kimd/share/ros_to_kimd/package.ps1'
[3.028s] INFO:colcon.colcon_core.shell:Creating package descriptor '/home/kaibuchisoma/robocon_ws/RoboconDetectionFruit/install/ros_to_kimd/share/ros_to_kimd/package.dsv'
[3.028s] INFO:colcon.colcon_core.shell:Creating package script '/home/kaibuchisoma/robocon_ws/RoboconDetectionFruit/install/ros_to_kimd/share/ros_to_kimd/package.sh'
[3.028s] INFO:colcon.colcon_core.shell:Creating package script '/home/kaibuchisoma/robocon_ws/RoboconDetectionFruit/install/ros_to_kimd/share/ros_to_kimd/package.bash'
[3.029s] INFO:colcon.colcon_core.shell:Creating package script '/home/kaibuchisoma/robocon_ws/RoboconDetectionFruit/install/ros_to_kimd/share/ros_to_kimd/package.zsh'
[3.029s] Level 1:colcon.colcon_core.environment:create_file_with_runtime_dependencies(/home/kaibuchisoma/robocon_ws/RoboconDetectionFruit/install/ros_to_kimd/share/colcon-core/packages/ros_to_kimd)
[12.703s] DEBUG:colcon.colcon_core.event_handler.log_command:Invoked command in '/home/kaibuchisoma/robocon_ws/RoboconDetectionFruit/build/robocon2023_b_dash' returned '0': CMAKE_PREFIX_PATH=/opt/ros/humble /usr/bin/cmake --build /home/kaibuchisoma/robocon_ws/RoboconDetectionFruit/build/robocon2023_b_dash -- -j12 -l12
[12.745s] DEBUG:colcon.colcon_core.event_handler.log_command:Invoking command in '/home/kaibuchisoma/robocon_ws/RoboconDetectionFruit/build/robocon2023_b_dash': CMAKE_PREFIX_PATH=/opt/ros/humble /usr/bin/cmake --install /home/kaibuchisoma/robocon_ws/RoboconDetectionFruit/build/robocon2023_b_dash
[12.770s] Level 1:colcon.colcon_core.environment:create_environment_scripts_only(robocon2023_b_dash)
[12.770s] DEBUG:colcon.colcon_core.event_handler.log_command:Invoked command in '/home/kaibuchisoma/robocon_ws/RoboconDetectionFruit/build/robocon2023_b_dash' returned '0': CMAKE_PREFIX_PATH=/opt/ros/humble /usr/bin/cmake --install /home/kaibuchisoma/robocon_ws/RoboconDetectionFruit/build/robocon2023_b_dash
[12.784s] Level 1:colcon.colcon_core.environment:checking '/home/kaibuchisoma/robocon_ws/RoboconDetectionFruit/install/robocon2023_b_dash' for CMake module files
[12.784s] Level 1:colcon.colcon_core.environment:checking '/home/kaibuchisoma/robocon_ws/RoboconDetectionFruit/install/robocon2023_b_dash' for CMake config files
[12.784s] Level 1:colcon.colcon_core.shell:create_environment_hook('robocon2023_b_dash', 'cmake_prefix_path')
[12.797s] INFO:colcon.colcon_core.shell:Creating environment hook '/home/kaibuchisoma/robocon_ws/RoboconDetectionFruit/install/robocon2023_b_dash/share/robocon2023_b_dash/hook/cmake_prefix_path.ps1'
[12.798s] INFO:colcon.colcon_core.shell:Creating environment descriptor '/home/kaibuchisoma/robocon_ws/RoboconDetectionFruit/install/robocon2023_b_dash/share/robocon2023_b_dash/hook/cmake_prefix_path.dsv'
[12.798s] INFO:colcon.colcon_core.shell:Creating environment hook '/home/kaibuchisoma/robocon_ws/RoboconDetectionFruit/install/robocon2023_b_dash/share/robocon2023_b_dash/hook/cmake_prefix_path.sh'
[12.799s] Level 1:colcon.colcon_core.environment:checking '/home/kaibuchisoma/robocon_ws/RoboconDetectionFruit/install/robocon2023_b_dash/lib'
[12.799s] Level 1:colcon.colcon_core.environment:checking '/home/kaibuchisoma/robocon_ws/RoboconDetectionFruit/install/robocon2023_b_dash/bin'
[12.799s] Level 1:colcon.colcon_core.environment:checking '/home/kaibuchisoma/robocon_ws/RoboconDetectionFruit/install/robocon2023_b_dash/lib/pkgconfig/robocon2023_b_dash.pc'
[12.799s] Level 1:colcon.colcon_core.environment:checking '/home/kaibuchisoma/robocon_ws/RoboconDetectionFruit/install/robocon2023_b_dash/lib/python3.10/site-packages'
[12.799s] Level 1:colcon.colcon_core.environment:checking '/home/kaibuchisoma/robocon_ws/RoboconDetectionFruit/install/robocon2023_b_dash/bin'
[12.813s] INFO:colcon.colcon_core.shell:Creating package script '/home/kaibuchisoma/robocon_ws/RoboconDetectionFruit/install/robocon2023_b_dash/share/robocon2023_b_dash/package.ps1'
[12.814s] INFO:colcon.colcon_core.shell:Creating package descriptor '/home/kaibuchisoma/robocon_ws/RoboconDetectionFruit/install/robocon2023_b_dash/share/robocon2023_b_dash/package.dsv'
[12.814s] INFO:colcon.colcon_core.shell:Creating package script '/home/kaibuchisoma/robocon_ws/RoboconDetectionFruit/install/robocon2023_b_dash/share/robocon2023_b_dash/package.sh'
[12.814s] INFO:colcon.colcon_core.shell:Creating package script '/home/kaibuchisoma/robocon_ws/RoboconDetectionFruit/install/robocon2023_b_dash/share/robocon2023_b_dash/package.bash'
[12.815s] INFO:colcon.colcon_core.shell:Creating package script '/home/kaibuchisoma/robocon_ws/RoboconDetectionFruit/install/robocon2023_b_dash/share/robocon2023_b_dash/package.zsh'
[12.815s] Level 1:colcon.colcon_core.environment:create_file_with_runtime_dependencies(/home/kaibuchisoma/robocon_ws/RoboconDetectionFruit/install/robocon2023_b_dash/share/colcon-core/packages/robocon2023_b_dash)
[12.869s] Level 1:colcon.colcon_core.environment:create_environment_scripts_only(robocon2023_b_dash)
[12.884s] Level 1:colcon.colcon_core.environment:checking '/home/kaibuchisoma/robocon_ws/RoboconDetectionFruit/install/robocon2023_b_dash' for CMake module files
[12.884s] Level 1:colcon.colcon_core.environment:checking '/home/kaibuchisoma/robocon_ws/RoboconDetectionFruit/install/robocon2023_b_dash' for CMake config files
[12.884s] Level 1:colcon.colcon_core.shell:create_environment_hook('robocon2023_b_dash', 'cmake_prefix_path')
[12.898s] INFO:colcon.colcon_core.shell:Creating environment hook '/home/kaibuchisoma/robocon_ws/RoboconDetectionFruit/install/robocon2023_b_dash/share/robocon2023_b_dash/hook/cmake_prefix_path.ps1'
[12.899s] INFO:colcon.colcon_core.shell:Creating environment descriptor '/home/kaibuchisoma/robocon_ws/RoboconDetectionFruit/install/robocon2023_b_dash/share/robocon2023_b_dash/hook/cmake_prefix_path.dsv'
[12.899s] INFO:colcon.colcon_core.shell:Creating environment hook '/home/kaibuchisoma/robocon_ws/RoboconDetectionFruit/install/robocon2023_b_dash/share/robocon2023_b_dash/hook/cmake_prefix_path.sh'
[12.900s] Level 1:colcon.colcon_core.environment:checking '/home/kaibuchisoma/robocon_ws/RoboconDetectionFruit/install/robocon2023_b_dash/lib'
[12.900s] Level 1:colcon.colcon_core.environment:checking '/home/kaibuchisoma/robocon_ws/RoboconDetectionFruit/install/robocon2023_b_dash/bin'
[12.900s] Level 1:colcon.colcon_core.environment:checking '/home/kaibuchisoma/robocon_ws/RoboconDetectionFruit/install/robocon2023_b_dash/lib/pkgconfig/robocon2023_b_dash.pc'
[12.901s] Level 1:colcon.colcon_core.environment:checking '/home/kaibuchisoma/robocon_ws/RoboconDetectionFruit/install/robocon2023_b_dash/lib/python3.10/site-packages'
[12.901s] Level 1:colcon.colcon_core.environment:checking '/home/kaibuchisoma/robocon_ws/RoboconDetectionFruit/install/robocon2023_b_dash/bin'
[12.915s] INFO:colcon.colcon_core.shell:Creating package script '/home/kaibuchisoma/robocon_ws/RoboconDetectionFruit/install/robocon2023_b_dash/share/robocon2023_b_dash/package.ps1'
[12.916s] INFO:colcon.colcon_core.shell:Creating package descriptor '/home/kaibuchisoma/robocon_ws/RoboconDetectionFruit/install/robocon2023_b_dash/share/robocon2023_b_dash/package.dsv'
[12.916s] INFO:colcon.colcon_core.shell:Creating package script '/home/kaibuchisoma/robocon_ws/RoboconDetectionFruit/install/robocon2023_b_dash/share/robocon2023_b_dash/package.sh'
[12.917s] INFO:colcon.colcon_core.shell:Creating package script '/home/kaibuchisoma/robocon_ws/RoboconDetectionFruit/install/robocon2023_b_dash/share/robocon2023_b_dash/package.bash'
[12.917s] INFO:colcon.colcon_core.shell:Creating package script '/home/kaibuchisoma/robocon_ws/RoboconDetectionFruit/install/robocon2023_b_dash/share/robocon2023_b_dash/package.zsh'
[12.917s] Level 1:colcon.colcon_core.environment:create_file_with_runtime_dependencies(/home/kaibuchisoma/robocon_ws/RoboconDetectionFruit/install/robocon2023_b_dash/share/colcon-core/packages/robocon2023_b_dash)
[12.918s] DEBUG:colcon.colcon_parallel_executor.executor.parallel:closing loop
[12.918s] DEBUG:colcon.colcon_parallel_executor.executor.parallel:loop closed
[12.918s] DEBUG:colcon.colcon_parallel_executor.executor.parallel:run_until_complete finished with '0'
[12.918s] DEBUG:colcon.colcon_core.event_reactor:joining thread
[12.937s] INFO:colcon.colcon_core.plugin_system:Skipping extension 'colcon_notification.desktop_notification.terminal_notifier': Not used on non-Darwin systems
[12.937s] INFO:colcon.colcon_core.plugin_system:Skipping extension 'colcon_notification.desktop_notification.win32': Not used on non-Windows systems
[12.937s] INFO:colcon.colcon_notification.desktop_notification:Sending desktop notification using 'notify2'
[12.948s] DEBUG:colcon.colcon_core.event_reactor:joined thread
[12.964s] INFO:colcon.colcon_core.shell:Creating prefix script '/home/kaibuchisoma/robocon_ws/RoboconDetectionFruit/install/local_setup.ps1'
[12.965s] INFO:colcon.colcon_core.shell:Creating prefix util module '/home/kaibuchisoma/robocon_ws/RoboconDetectionFruit/install/_local_setup_util_ps1.py'
[12.966s] INFO:colcon.colcon_core.shell:Creating prefix chain script '/home/kaibuchisoma/robocon_ws/RoboconDetectionFruit/install/setup.ps1'
[12.980s] INFO:colcon.colcon_core.shell:Creating prefix script '/home/kaibuchisoma/robocon_ws/RoboconDetectionFruit/install/local_setup.sh'
[12.981s] INFO:colcon.colcon_core.shell:Creating prefix util module '/home/kaibuchisoma/robocon_ws/RoboconDetectionFruit/install/_local_setup_util_sh.py'
[12.981s] INFO:colcon.colcon_core.shell:Creating prefix chain script '/home/kaibuchisoma/robocon_ws/RoboconDetectionFruit/install/setup.sh'
[12.996s] INFO:colcon.colcon_core.shell:Creating prefix script '/home/kaibuchisoma/robocon_ws/RoboconDetectionFruit/install/local_setup.bash'
[12.996s] INFO:colcon.colcon_core.shell:Creating prefix chain script '/home/kaibuchisoma/robocon_ws/RoboconDetectionFruit/install/setup.bash'
[13.010s] INFO:colcon.colcon_core.shell:Creating prefix script '/home/kaibuchisoma/robocon_ws/RoboconDetectionFruit/install/local_setup.zsh'
[13.011s] INFO:colcon.colcon_core.shell:Creating prefix chain script '/home/kaibuchisoma/robocon_ws/RoboconDetectionFruit/install/setup.zsh'
