[0.762s] Invoking command in '/home/roboconb/robocon_ws/src/fruit_detection': PYTHONPATH=/home/roboconb/robocon_ws/build/fruit_detection/prefix_override:/home/roboconb/robocon_ws/install/fruit_detection/lib/python3.10/site-packages:${PYTHONPATH} /usr/bin/python3 setup.py egg_info --egg-base ../../build/fruit_detection build --build-base /home/roboconb/robocon_ws/build/fruit_detection/build install --record /home/roboconb/robocon_ws/build/fruit_detection/install.log --single-version-externally-managed
[1.024s] running egg_info
[1.025s] writing ../../build/fruit_detection/fruit_detection.egg-info/PKG-INFO
[1.025s] writing dependency_links to ../../build/fruit_detection/fruit_detection.egg-info/dependency_links.txt
[1.025s] writing entry points to ../../build/fruit_detection/fruit_detection.egg-info/entry_points.txt
[1.026s] writing requirements to ../../build/fruit_detection/fruit_detection.egg-info/requires.txt
[1.026s] writing top-level names to ../../build/fruit_detection/fruit_detection.egg-info/top_level.txt
[1.029s] reading manifest file '../../build/fruit_detection/fruit_detection.egg-info/SOURCES.txt'
[1.029s] adding license file 'LICENSE'
[1.031s] writing manifest file '../../build/fruit_detection/fruit_detection.egg-info/SOURCES.txt'
[1.031s] running build
[1.031s] running build_py
[1.031s] copying fruit_detection/pubdetect.py -> /home/roboconb/robocon_ws/build/fruit_detection/build/lib/fruit_detection
[1.032s] running install
[1.032s] /usr/lib/python3/dist-packages/setuptools/command/install.py:34: SetuptoolsDeprecationWarning: setup.py install is deprecated. Use build and pip and other standards-based tools.
[1.032s]   warnings.warn(
[1.032s] running install_lib
[1.033s] copying /home/roboconb/robocon_ws/build/fruit_detection/build/lib/fruit_detection/pubdetect.py -> /home/roboconb/robocon_ws/install/fruit_detection/lib/python3.10/site-packages/fruit_detection
[1.034s] byte-compiling /home/roboconb/robocon_ws/install/fruit_detection/lib/python3.10/site-packages/fruit_detection/pubdetect.py to pubdetect.cpython-310.pyc
[1.036s] running install_data
[1.036s] running install_egg_info
[1.038s] removing '/home/roboconb/robocon_ws/install/fruit_detection/lib/python3.10/site-packages/fruit_detection-0.0.1-py3.10.egg-info' (and everything under it)
[1.039s] Copying ../../build/fruit_detection/fruit_detection.egg-info to /home/roboconb/robocon_ws/install/fruit_detection/lib/python3.10/site-packages/fruit_detection-0.0.1-py3.10.egg-info
[1.040s] running install_scripts
[1.062s] Installing listener script to /home/roboconb/robocon_ws/install/fruit_detection/lib/fruit_detection
[1.062s] Installing onnx script to /home/roboconb/robocon_ws/install/fruit_detection/lib/fruit_detection
[1.062s] Installing pubdetect script to /home/roboconb/robocon_ws/install/fruit_detection/lib/fruit_detection
[1.063s] Installing talker script to /home/roboconb/robocon_ws/install/fruit_detection/lib/fruit_detection
[1.063s] Installing torch script to /home/roboconb/robocon_ws/install/fruit_detection/lib/fruit_detection
[1.063s] Installing vino script to /home/roboconb/robocon_ws/install/fruit_detection/lib/fruit_detection
[1.063s] writing list of installed files to '/home/roboconb/robocon_ws/build/fruit_detection/install.log'
[1.086s] Invoked command in '/home/roboconb/robocon_ws/src/fruit_detection' returned '0': PYTHONPATH=/home/roboconb/robocon_ws/build/fruit_detection/prefix_override:/home/roboconb/robocon_ws/install/fruit_detection/lib/python3.10/site-packages:${PYTHONPATH} /usr/bin/python3 setup.py egg_info --egg-base ../../build/fruit_detection build --build-base /home/roboconb/robocon_ws/build/fruit_detection/build install --record /home/roboconb/robocon_ws/build/fruit_detection/install.log --single-version-externally-managed
