[1.084s] DEBUG:colcon:Command line arguments: ['/usr/bin/colcon', 'build']
[1.085s] DEBUG:colcon:Parsed command line arguments: Namespace(log_base=None, log_level=None, verb_name='build', build_base='build', install_base='install', merge_install=False, symlink_install=False, test_result_base=None, continue_on_error=False, executor='parallel', parallel_workers=12, event_handlers=None, ignore_user_meta=False, metas=['./colcon.meta'], base_paths=['.'], packages_ignore=None, packages_ignore_regex=None, paths=None, packages_up_to=None, packages_up_to_regex=None, packages_above=None, packages_above_and_dependencies=None, packages_above_depth=None, packages_select_by_dep=None, packages_skip_by_dep=None, packages_skip_up_to=None, packages_select_build_failed=False, packages_skip_build_finished=False, packages_select_test_failures=False, packages_skip_test_passed=False, packages_select=None, packages_skip=None, packages_select_regex=None, packages_skip_regex=None, packages_start=None, packages_end=None, allow_overriding=[], cmake_args=None, cmake_target=None, cmake_target_skip_unavailable=False, cmake_clean_cache=False, cmake_clean_first=False, cmake_force_configure=False, ament_cmake_args=None, catkin_cmake_args=None, catkin_skip_building_tests=False, verb_parser=<colcon_defaults.argument_parser.defaults.DefaultArgumentsDecorator object at 0x7ff6b0e86e60>, verb_extension=<colcon_core.verb.build.BuildVerb object at 0x7ff6b0e85fc0>, main=<bound method BuildVerb.main of <colcon_core.verb.build.BuildVerb object at 0x7ff6b0e85fc0>>)
[1.133s] Level 1:colcon.colcon_core.package_discovery:discover_packages(colcon_meta) check parameters
[1.133s] Level 1:colcon.colcon_core.package_discovery:discover_packages(recursive) check parameters
[1.133s] Level 1:colcon.colcon_core.package_discovery:discover_packages(ignore) check parameters
[1.133s] Level 1:colcon.colcon_core.package_discovery:discover_packages(path) check parameters
[1.133s] Level 1:colcon.colcon_core.package_discovery:discover_packages(colcon_meta) discover
[1.133s] Level 1:colcon.colcon_core.package_discovery:discover_packages(recursive) discover
[1.133s] INFO:colcon.colcon_core.package_discovery:Crawling recursively for packages in '/home/kaibuchisoma/robocon_ws'
[1.133s] Level 1:colcon.colcon_core.package_identification:_identify(.) by extensions ['ignore', 'ignore_ament_install']
[1.133s] Level 1:colcon.colcon_core.package_identification:_identify(.) by extension 'ignore'
[1.133s] Level 1:colcon.colcon_core.package_identification:_identify(.) by extension 'ignore_ament_install'
[1.133s] Level 1:colcon.colcon_core.package_identification:_identify(.) by extensions ['colcon_pkg']
[1.134s] Level 1:colcon.colcon_core.package_identification:_identify(.) by extension 'colcon_pkg'
[1.134s] Level 1:colcon.colcon_core.package_identification:_identify(.) by extensions ['colcon_meta']
[1.134s] Level 1:colcon.colcon_core.package_identification:_identify(.) by extension 'colcon_meta'
[1.134s] Level 1:colcon.colcon_core.package_identification:_identify(.) by extensions ['ros']
[1.134s] Level 1:colcon.colcon_core.package_identification:_identify(.) by extension 'ros'
[1.145s] Level 1:colcon.colcon_core.package_identification:_identify(.) by extensions ['cmake', 'python']
[1.145s] Level 1:colcon.colcon_core.package_identification:_identify(.) by extension 'cmake'
[1.145s] Level 1:colcon.colcon_core.package_identification:_identify(.) by extension 'python'
[1.145s] Level 1:colcon.colcon_core.package_identification:_identify(.) by extensions ['python_setup_py']
[1.145s] Level 1:colcon.colcon_core.package_identification:_identify(.) by extension 'python_setup_py'
[1.145s] Level 1:colcon.colcon_core.package_identification:_identify(build) by extensions ['ignore', 'ignore_ament_install']
[1.145s] Level 1:colcon.colcon_core.package_identification:_identify(build) by extension 'ignore'
[1.145s] Level 1:colcon.colcon_core.package_identification:_identify(build) ignored
[1.146s] Level 1:colcon.colcon_core.package_identification:_identify(install) by extensions ['ignore', 'ignore_ament_install']
[1.146s] Level 1:colcon.colcon_core.package_identification:_identify(install) by extension 'ignore'
[1.146s] Level 1:colcon.colcon_core.package_identification:_identify(install) ignored
[1.146s] Level 1:colcon.colcon_core.package_identification:_identify(log) by extensions ['ignore', 'ignore_ament_install']
[1.146s] Level 1:colcon.colcon_core.package_identification:_identify(log) by extension 'ignore'
[1.146s] Level 1:colcon.colcon_core.package_identification:_identify(log) ignored
[1.146s] Level 1:colcon.colcon_core.package_identification:_identify(src) by extensions ['ignore', 'ignore_ament_install']
[1.146s] Level 1:colcon.colcon_core.package_identification:_identify(src) by extension 'ignore'
[1.146s] Level 1:colcon.colcon_core.package_identification:_identify(src) by extension 'ignore_ament_install'
[1.147s] Level 1:colcon.colcon_core.package_identification:_identify(src) by extensions ['colcon_pkg']
[1.147s] Level 1:colcon.colcon_core.package_identification:_identify(src) by extension 'colcon_pkg'
[1.147s] Level 1:colcon.colcon_core.package_identification:_identify(src) by extensions ['colcon_meta']
[1.147s] Level 1:colcon.colcon_core.package_identification:_identify(src) by extension 'colcon_meta'
[1.147s] Level 1:colcon.colcon_core.package_identification:_identify(src) by extensions ['ros']
[1.147s] Level 1:colcon.colcon_core.package_identification:_identify(src) by extension 'ros'
[1.147s] Level 1:colcon.colcon_core.package_identification:_identify(src) by extensions ['cmake', 'python']
[1.147s] Level 1:colcon.colcon_core.package_identification:_identify(src) by extension 'cmake'
[1.147s] Level 1:colcon.colcon_core.package_identification:_identify(src) by extension 'python'
[1.147s] Level 1:colcon.colcon_core.package_identification:_identify(src) by extensions ['python_setup_py']
[1.147s] Level 1:colcon.colcon_core.package_identification:_identify(src) by extension 'python_setup_py'
[1.147s] Level 1:colcon.colcon_core.package_identification:_identify(src/build) by extensions ['ignore', 'ignore_ament_install']
[1.147s] Level 1:colcon.colcon_core.package_identification:_identify(src/build) by extension 'ignore'
[1.147s] Level 1:colcon.colcon_core.package_identification:_identify(src/build) ignored
[1.148s] Level 1:colcon.colcon_core.package_identification:_identify(src/fruit_detection) by extensions ['ignore', 'ignore_ament_install']
[1.148s] Level 1:colcon.colcon_core.package_identification:_identify(src/fruit_detection) by extension 'ignore'
[1.148s] Level 1:colcon.colcon_core.package_identification:_identify(src/fruit_detection) by extension 'ignore_ament_install'
[1.148s] Level 1:colcon.colcon_core.package_identification:_identify(src/fruit_detection) by extensions ['colcon_pkg']
[1.148s] Level 1:colcon.colcon_core.package_identification:_identify(src/fruit_detection) by extension 'colcon_pkg'
[1.148s] Level 1:colcon.colcon_core.package_identification:_identify(src/fruit_detection) by extensions ['colcon_meta']
[1.148s] Level 1:colcon.colcon_core.package_identification:_identify(src/fruit_detection) by extension 'colcon_meta'
[1.148s] Level 1:colcon.colcon_core.package_identification:_identify(src/fruit_detection) by extensions ['ros']
[1.148s] Level 1:colcon.colcon_core.package_identification:_identify(src/fruit_detection) by extension 'ros'
[1.150s] DEBUG:colcon.colcon_core.package_identification:Package 'src/fruit_detection' with type 'ros.ament_python' and name 'fruit_detection'
[1.150s] Level 1:colcon.colcon_core.package_identification:_identify(src/install) by extensions ['ignore', 'ignore_ament_install']
[1.150s] Level 1:colcon.colcon_core.package_identification:_identify(src/install) by extension 'ignore'
[1.150s] Level 1:colcon.colcon_core.package_identification:_identify(src/install) ignored
[1.151s] Level 1:colcon.colcon_core.package_identification:_identify(src/log) by extensions ['ignore', 'ignore_ament_install']
[1.151s] Level 1:colcon.colcon_core.package_identification:_identify(src/log) by extension 'ignore'
[1.151s] Level 1:colcon.colcon_core.package_identification:_identify(src/log) ignored
[1.151s] Level 1:colcon.colcon_core.package_identification:_identify(src/robocon2023_b_dash) by extensions ['ignore', 'ignore_ament_install']
[1.151s] Level 1:colcon.colcon_core.package_identification:_identify(src/robocon2023_b_dash) by extension 'ignore'
[1.151s] Level 1:colcon.colcon_core.package_identification:_identify(src/robocon2023_b_dash) by extension 'ignore_ament_install'
[1.151s] Level 1:colcon.colcon_core.package_identification:_identify(src/robocon2023_b_dash) by extensions ['colcon_pkg']
[1.151s] Level 1:colcon.colcon_core.package_identification:_identify(src/robocon2023_b_dash) by extension 'colcon_pkg'
[1.151s] Level 1:colcon.colcon_core.package_identification:_identify(src/robocon2023_b_dash) by extensions ['colcon_meta']
[1.151s] Level 1:colcon.colcon_core.package_identification:_identify(src/robocon2023_b_dash) by extension 'colcon_meta'
[1.151s] Level 1:colcon.colcon_core.package_identification:_identify(src/robocon2023_b_dash) by extensions ['ros']
[1.151s] Level 1:colcon.colcon_core.package_identification:_identify(src/robocon2023_b_dash) by extension 'ros'
[1.152s] DEBUG:colcon.colcon_core.package_identification:Package 'src/robocon2023_b_dash' with type 'ros.ament_cmake' and name 'robocon2023_b_dash'
[1.152s] Level 1:colcon.colcon_core.package_identification:_identify(src/ros_to_kimd) by extensions ['ignore', 'ignore_ament_install']
[1.152s] Level 1:colcon.colcon_core.package_identification:_identify(src/ros_to_kimd) by extension 'ignore'
[1.152s] Level 1:colcon.colcon_core.package_identification:_identify(src/ros_to_kimd) by extension 'ignore_ament_install'
[1.152s] Level 1:colcon.colcon_core.package_identification:_identify(src/ros_to_kimd) by extensions ['colcon_pkg']
[1.152s] Level 1:colcon.colcon_core.package_identification:_identify(src/ros_to_kimd) by extension 'colcon_pkg'
[1.152s] Level 1:colcon.colcon_core.package_identification:_identify(src/ros_to_kimd) by extensions ['colcon_meta']
[1.152s] Level 1:colcon.colcon_core.package_identification:_identify(src/ros_to_kimd) by extension 'colcon_meta'
[1.152s] Level 1:colcon.colcon_core.package_identification:_identify(src/ros_to_kimd) by extensions ['ros']
[1.152s] Level 1:colcon.colcon_core.package_identification:_identify(src/ros_to_kimd) by extension 'ros'
[1.152s] DEBUG:colcon.colcon_core.package_identification:Package 'src/ros_to_kimd' with type 'ros.ament_cmake' and name 'ros_to_kimd'
[1.152s] Level 1:colcon.colcon_core.package_discovery:discover_packages(recursive) using defaults
[1.152s] Level 1:colcon.colcon_core.package_discovery:discover_packages(ignore) discover
[1.152s] Level 1:colcon.colcon_core.package_discovery:discover_packages(ignore) using defaults
[1.153s] Level 1:colcon.colcon_core.package_discovery:discover_packages(path) discover
[1.153s] Level 1:colcon.colcon_core.package_discovery:discover_packages(path) using defaults
[1.245s] Level 1:colcon.colcon_core.package_discovery:discover_packages(prefix_path) check parameters
[1.246s] Level 1:colcon.colcon_core.package_discovery:discover_packages(prefix_path) discover
[1.279s] DEBUG:colcon.colcon_installed_package_information.package_discovery:Found 3 installed packages in /home/kaibuchisoma/robocon_ws/install
[1.296s] DEBUG:colcon.colcon_installed_package_information.package_discovery:Found 271 installed packages in /opt/ros/humble
[1.297s] Level 1:colcon.colcon_core.package_discovery:discover_packages(prefix_path) using defaults
[1.399s] Level 5:colcon.colcon_core.verb:set package 'fruit_detection' build argument 'cmake_args' from command line to 'None'
[1.400s] Level 5:colcon.colcon_core.verb:set package 'fruit_detection' build argument 'cmake_target' from command line to 'None'
[1.400s] Level 5:colcon.colcon_core.verb:set package 'fruit_detection' build argument 'cmake_target_skip_unavailable' from command line to 'False'
[1.400s] Level 5:colcon.colcon_core.verb:set package 'fruit_detection' build argument 'cmake_clean_cache' from command line to 'False'
[1.400s] Level 5:colcon.colcon_core.verb:set package 'fruit_detection' build argument 'cmake_clean_first' from command line to 'False'
[1.400s] Level 5:colcon.colcon_core.verb:set package 'fruit_detection' build argument 'cmake_force_configure' from command line to 'False'
[1.400s] Level 5:colcon.colcon_core.verb:set package 'fruit_detection' build argument 'ament_cmake_args' from command line to 'None'
[1.400s] Level 5:colcon.colcon_core.verb:set package 'fruit_detection' build argument 'catkin_cmake_args' from command line to 'None'
[1.400s] Level 5:colcon.colcon_core.verb:set package 'fruit_detection' build argument 'catkin_skip_building_tests' from command line to 'False'
[1.400s] DEBUG:colcon.colcon_core.verb:Building package 'fruit_detection' with the following arguments: {'ament_cmake_args': None, 'build_base': '/home/kaibuchisoma/robocon_ws/build/fruit_detection', 'catkin_cmake_args': None, 'catkin_skip_building_tests': False, 'cmake_args': None, 'cmake_clean_cache': False, 'cmake_clean_first': False, 'cmake_force_configure': False, 'cmake_target': None, 'cmake_target_skip_unavailable': False, 'install_base': '/home/kaibuchisoma/robocon_ws/install/fruit_detection', 'merge_install': False, 'path': '/home/kaibuchisoma/robocon_ws/src/fruit_detection', 'symlink_install': False, 'test_result_base': None}
[1.415s] Level 5:colcon.colcon_core.verb:set package 'robocon2023_b_dash' build argument 'cmake_args' from command line to 'None'
[1.415s] Level 5:colcon.colcon_core.verb:set package 'robocon2023_b_dash' build argument 'cmake_target' from command line to 'None'
[1.415s] Level 5:colcon.colcon_core.verb:set package 'robocon2023_b_dash' build argument 'cmake_target_skip_unavailable' from command line to 'False'
[1.415s] Level 5:colcon.colcon_core.verb:set package 'robocon2023_b_dash' build argument 'cmake_clean_cache' from command line to 'False'
[1.415s] Level 5:colcon.colcon_core.verb:set package 'robocon2023_b_dash' build argument 'cmake_clean_first' from command line to 'False'
[1.415s] Level 5:colcon.colcon_core.verb:set package 'robocon2023_b_dash' build argument 'cmake_force_configure' from command line to 'False'
[1.415s] Level 5:colcon.colcon_core.verb:set package 'robocon2023_b_dash' build argument 'ament_cmake_args' from command line to 'None'
[1.416s] Level 5:colcon.colcon_core.verb:set package 'robocon2023_b_dash' build argument 'catkin_cmake_args' from command line to 'None'
[1.416s] Level 5:colcon.colcon_core.verb:set package 'robocon2023_b_dash' build argument 'catkin_skip_building_tests' from command line to 'False'
[1.416s] DEBUG:colcon.colcon_core.verb:Building package 'robocon2023_b_dash' with the following arguments: {'ament_cmake_args': None, 'build_base': '/home/kaibuchisoma/robocon_ws/build/robocon2023_b_dash', 'catkin_cmake_args': None, 'catkin_skip_building_tests': False, 'cmake_args': None, 'cmake_clean_cache': False, 'cmake_clean_first': False, 'cmake_force_configure': False, 'cmake_target': None, 'cmake_target_skip_unavailable': False, 'install_base': '/home/kaibuchisoma/robocon_ws/install/robocon2023_b_dash', 'merge_install': False, 'path': '/home/kaibuchisoma/robocon_ws/src/robocon2023_b_dash', 'symlink_install': False, 'test_result_base': None}
[1.431s] Level 5:colcon.colcon_core.verb:set package 'ros_to_kimd' build argument 'cmake_args' from command line to 'None'
[1.431s] Level 5:colcon.colcon_core.verb:set package 'ros_to_kimd' build argument 'cmake_target' from command line to 'None'
[1.431s] Level 5:colcon.colcon_core.verb:set package 'ros_to_kimd' build argument 'cmake_target_skip_unavailable' from command line to 'False'
[1.431s] Level 5:colcon.colcon_core.verb:set package 'ros_to_kimd' build argument 'cmake_clean_cache' from command line to 'False'
[1.431s] Level 5:colcon.colcon_core.verb:set package 'ros_to_kimd' build argument 'cmake_clean_first' from command line to 'False'
[1.431s] Level 5:colcon.colcon_core.verb:set package 'ros_to_kimd' build argument 'cmake_force_configure' from command line to 'False'
[1.431s] Level 5:colcon.colcon_core.verb:set package 'ros_to_kimd' build argument 'ament_cmake_args' from command line to 'None'
[1.431s] Level 5:colcon.colcon_core.verb:set package 'ros_to_kimd' build argument 'catkin_cmake_args' from command line to 'None'
[1.431s] Level 5:colcon.colcon_core.verb:set package 'ros_to_kimd' build argument 'catkin_skip_building_tests' from command line to 'False'
[1.431s] DEBUG:colcon.colcon_core.verb:Building package 'ros_to_kimd' with the following arguments: {'ament_cmake_args': None, 'build_base': '/home/kaibuchisoma/robocon_ws/build/ros_to_kimd', 'catkin_cmake_args': None, 'catkin_skip_building_tests': False, 'cmake_args': None, 'cmake_clean_cache': False, 'cmake_clean_first': False, 'cmake_force_configure': False, 'cmake_target': None, 'cmake_target_skip_unavailable': False, 'install_base': '/home/kaibuchisoma/robocon_ws/install/ros_to_kimd', 'merge_install': False, 'path': '/home/kaibuchisoma/robocon_ws/src/ros_to_kimd', 'symlink_install': False, 'test_result_base': None}
[1.446s] INFO:colcon.colcon_core.executor:Executing jobs using 'parallel' executor
[1.462s] DEBUG:colcon.colcon_parallel_executor.executor.parallel:run_until_complete
[1.462s] INFO:colcon.colcon_ros.task.ament_python.build:Building ROS package in '/home/kaibuchisoma/robocon_ws/src/fruit_detection' with build type 'ament_python'
[1.462s] Level 1:colcon.colcon_core.shell:create_environment_hook('fruit_detection', 'ament_prefix_path')
[1.478s] INFO:colcon.colcon_core.plugin_system:Skipping extension 'colcon_core.shell.bat': Not used on non-Windows systems
[1.478s] INFO:colcon.colcon_core.shell:Creating environment hook '/home/kaibuchisoma/robocon_ws/install/fruit_detection/share/fruit_detection/hook/ament_prefix_path.ps1'
[1.479s] INFO:colcon.colcon_core.shell:Creating environment descriptor '/home/kaibuchisoma/robocon_ws/install/fruit_detection/share/fruit_detection/hook/ament_prefix_path.dsv'
[1.480s] INFO:colcon.colcon_core.shell:Creating environment hook '/home/kaibuchisoma/robocon_ws/install/fruit_detection/share/fruit_detection/hook/ament_prefix_path.sh'
[1.495s] INFO:colcon.colcon_core.shell:Skip shell extension 'powershell' for command environment: Not usable outside of PowerShell
[1.495s] DEBUG:colcon.colcon_core.shell:Skip shell extension 'dsv' for command environment
[1.542s] INFO:colcon.colcon_ros.task.ament_cmake.build:Building ROS package in '/home/kaibuchisoma/robocon_ws/src/robocon2023_b_dash' with build type 'ament_cmake'
[1.543s] INFO:colcon.colcon_cmake.task.cmake.build:Building CMake package in '/home/kaibuchisoma/robocon_ws/src/robocon2023_b_dash'
[1.558s] INFO:colcon.colcon_core.shell:Skip shell extension 'powershell' for command environment: Not usable outside of PowerShell
[1.558s] DEBUG:colcon.colcon_core.shell:Skip shell extension 'dsv' for command environment
[1.607s] INFO:colcon.colcon_ros.task.ament_cmake.build:Building ROS package in '/home/kaibuchisoma/robocon_ws/src/ros_to_kimd' with build type 'ament_cmake'
[1.607s] INFO:colcon.colcon_cmake.task.cmake.build:Building CMake package in '/home/kaibuchisoma/robocon_ws/src/ros_to_kimd'
[1.623s] INFO:colcon.colcon_core.shell:Skip shell extension 'powershell' for command environment: Not usable outside of PowerShell
[1.623s] DEBUG:colcon.colcon_core.shell:Skip shell extension 'dsv' for command environment
[1.926s] INFO:colcon.colcon_core.task.python.build:Building Python package in '/home/kaibuchisoma/robocon_ws/src/fruit_detection'
[1.941s] INFO:colcon.colcon_core.shell:Skip shell extension 'powershell' for command environment: Not usable outside of PowerShell
[1.942s] DEBUG:colcon.colcon_core.shell:Skip shell extension 'dsv' for command environment
[1.994s] DEBUG:colcon.colcon_core.event_handler.log_command:Invoking command in '/home/kaibuchisoma/robocon_ws/build/robocon2023_b_dash': CMAKE_PREFIX_PATH=${CMAKE_PREFIX_PATH}:/home/kaibuchisoma/robocon_ws/install/fruit_detection:/opt/ros/humble /usr/bin/cmake --build /home/kaibuchisoma/robocon_ws/build/robocon2023_b_dash -- -j12 -l12
[1.997s] DEBUG:colcon.colcon_core.event_handler.log_command:Invoking command in '/home/kaibuchisoma/robocon_ws/build/ros_to_kimd': CMAKE_PREFIX_PATH=${CMAKE_PREFIX_PATH}:/home/kaibuchisoma/robocon_ws/install/fruit_detection:/opt/ros/humble /usr/bin/cmake --build /home/kaibuchisoma/robocon_ws/build/ros_to_kimd -- -j12 -l12
[2.112s] DEBUG:colcon.colcon_core.event_handler.log_command:Invoked command in '/home/kaibuchisoma/robocon_ws/build/ros_to_kimd' returned '0': CMAKE_PREFIX_PATH=${CMAKE_PREFIX_PATH}:/home/kaibuchisoma/robocon_ws/install/fruit_detection:/opt/ros/humble /usr/bin/cmake --build /home/kaibuchisoma/robocon_ws/build/ros_to_kimd -- -j12 -l12
[2.164s] DEBUG:colcon.colcon_core.event_handler.log_command:Invoking command in '/home/kaibuchisoma/robocon_ws/build/ros_to_kimd': CMAKE_PREFIX_PATH=${CMAKE_PREFIX_PATH}:/home/kaibuchisoma/robocon_ws/install/fruit_detection:/opt/ros/humble /usr/bin/cmake --install /home/kaibuchisoma/robocon_ws/build/ros_to_kimd
[2.176s] Level 1:colcon.colcon_core.environment:create_environment_scripts_only(ros_to_kimd)
[2.177s] DEBUG:colcon.colcon_core.event_handler.log_command:Invoked command in '/home/kaibuchisoma/robocon_ws/build/ros_to_kimd' returned '0': CMAKE_PREFIX_PATH=${CMAKE_PREFIX_PATH}:/home/kaibuchisoma/robocon_ws/install/fruit_detection:/opt/ros/humble /usr/bin/cmake --install /home/kaibuchisoma/robocon_ws/build/ros_to_kimd
[2.197s] Level 1:colcon.colcon_core.environment:checking '/home/kaibuchisoma/robocon_ws/install/ros_to_kimd' for CMake module files
[2.198s] Level 1:colcon.colcon_core.environment:checking '/home/kaibuchisoma/robocon_ws/install/ros_to_kimd' for CMake config files
[2.198s] Level 1:colcon.colcon_core.shell:create_environment_hook('ros_to_kimd', 'cmake_prefix_path')
[2.215s] INFO:colcon.colcon_core.shell:Creating environment hook '/home/kaibuchisoma/robocon_ws/install/ros_to_kimd/share/ros_to_kimd/hook/cmake_prefix_path.ps1'
[2.216s] INFO:colcon.colcon_core.shell:Creating environment descriptor '/home/kaibuchisoma/robocon_ws/install/ros_to_kimd/share/ros_to_kimd/hook/cmake_prefix_path.dsv'
[2.216s] INFO:colcon.colcon_core.shell:Creating environment hook '/home/kaibuchisoma/robocon_ws/install/ros_to_kimd/share/ros_to_kimd/hook/cmake_prefix_path.sh'
[2.217s] Level 1:colcon.colcon_core.environment:checking '/home/kaibuchisoma/robocon_ws/install/ros_to_kimd/lib'
[2.217s] Level 1:colcon.colcon_core.environment:checking '/home/kaibuchisoma/robocon_ws/install/ros_to_kimd/bin'
[2.217s] Level 1:colcon.colcon_core.environment:checking '/home/kaibuchisoma/robocon_ws/install/ros_to_kimd/lib/pkgconfig/ros_to_kimd.pc'
[2.217s] Level 1:colcon.colcon_core.environment:checking '/home/kaibuchisoma/robocon_ws/install/ros_to_kimd/lib/python3.10/site-packages'
[2.217s] Level 1:colcon.colcon_core.environment:checking '/home/kaibuchisoma/robocon_ws/install/ros_to_kimd/bin'
[2.234s] INFO:colcon.colcon_core.shell:Creating package script '/home/kaibuchisoma/robocon_ws/install/ros_to_kimd/share/ros_to_kimd/package.ps1'
[2.235s] INFO:colcon.colcon_core.shell:Creating package descriptor '/home/kaibuchisoma/robocon_ws/install/ros_to_kimd/share/ros_to_kimd/package.dsv'
[2.236s] INFO:colcon.colcon_core.shell:Creating package script '/home/kaibuchisoma/robocon_ws/install/ros_to_kimd/share/ros_to_kimd/package.sh'
[2.236s] INFO:colcon.colcon_core.shell:Creating package script '/home/kaibuchisoma/robocon_ws/install/ros_to_kimd/share/ros_to_kimd/package.bash'
[2.237s] INFO:colcon.colcon_core.shell:Creating package script '/home/kaibuchisoma/robocon_ws/install/ros_to_kimd/share/ros_to_kimd/package.zsh'
[2.238s] Level 1:colcon.colcon_core.environment:create_file_with_runtime_dependencies(/home/kaibuchisoma/robocon_ws/install/ros_to_kimd/share/colcon-core/packages/ros_to_kimd)
[2.292s] Level 1:colcon.colcon_core.environment:create_environment_scripts_only(ros_to_kimd)
[2.310s] Level 1:colcon.colcon_core.environment:checking '/home/kaibuchisoma/robocon_ws/install/ros_to_kimd' for CMake module files
[2.311s] Level 1:colcon.colcon_core.environment:checking '/home/kaibuchisoma/robocon_ws/install/ros_to_kimd' for CMake config files
[2.311s] Level 1:colcon.colcon_core.shell:create_environment_hook('ros_to_kimd', 'cmake_prefix_path')
[2.328s] INFO:colcon.colcon_core.shell:Creating environment hook '/home/kaibuchisoma/robocon_ws/install/ros_to_kimd/share/ros_to_kimd/hook/cmake_prefix_path.ps1'
[2.329s] INFO:colcon.colcon_core.shell:Creating environment descriptor '/home/kaibuchisoma/robocon_ws/install/ros_to_kimd/share/ros_to_kimd/hook/cmake_prefix_path.dsv'
[2.329s] INFO:colcon.colcon_core.shell:Creating environment hook '/home/kaibuchisoma/robocon_ws/install/ros_to_kimd/share/ros_to_kimd/hook/cmake_prefix_path.sh'
[2.330s] Level 1:colcon.colcon_core.environment:checking '/home/kaibuchisoma/robocon_ws/install/ros_to_kimd/lib'
[2.330s] Level 1:colcon.colcon_core.environment:checking '/home/kaibuchisoma/robocon_ws/install/ros_to_kimd/bin'
[2.330s] Level 1:colcon.colcon_core.environment:checking '/home/kaibuchisoma/robocon_ws/install/ros_to_kimd/lib/pkgconfig/ros_to_kimd.pc'
[2.331s] Level 1:colcon.colcon_core.environment:checking '/home/kaibuchisoma/robocon_ws/install/ros_to_kimd/lib/python3.10/site-packages'
[2.331s] Level 1:colcon.colcon_core.environment:checking '/home/kaibuchisoma/robocon_ws/install/ros_to_kimd/bin'
[2.348s] INFO:colcon.colcon_core.shell:Creating package script '/home/kaibuchisoma/robocon_ws/install/ros_to_kimd/share/ros_to_kimd/package.ps1'
[2.349s] INFO:colcon.colcon_core.shell:Creating package descriptor '/home/kaibuchisoma/robocon_ws/install/ros_to_kimd/share/ros_to_kimd/package.dsv'
[2.349s] INFO:colcon.colcon_core.shell:Creating package script '/home/kaibuchisoma/robocon_ws/install/ros_to_kimd/share/ros_to_kimd/package.sh'
[2.350s] INFO:colcon.colcon_core.shell:Creating package script '/home/kaibuchisoma/robocon_ws/install/ros_to_kimd/share/ros_to_kimd/package.bash'
[2.351s] INFO:colcon.colcon_core.shell:Creating package script '/home/kaibuchisoma/robocon_ws/install/ros_to_kimd/share/ros_to_kimd/package.zsh'
[2.351s] Level 1:colcon.colcon_core.environment:create_file_with_runtime_dependencies(/home/kaibuchisoma/robocon_ws/install/ros_to_kimd/share/colcon-core/packages/ros_to_kimd)
[2.373s] DEBUG:colcon.colcon_core.event_handler.log_command:Invoking command in '/home/kaibuchisoma/robocon_ws/src/fruit_detection': PYTHONPATH=/home/kaibuchisoma/robocon_ws/build/fruit_detection/prefix_override:/home/kaibuchisoma/robocon_ws/install/fruit_detection/lib/python3.10/site-packages:${PYTHONPATH} /usr/bin/python3 setup.py egg_info --egg-base ../../build/fruit_detection build --build-base /home/kaibuchisoma/robocon_ws/build/fruit_detection/build install --record /home/kaibuchisoma/robocon_ws/build/fruit_detection/install.log --single-version-externally-managed
[2.421s] DEBUG:colcon.colcon_core.event_handler.log_command:Invoked command in '/home/kaibuchisoma/robocon_ws/build/robocon2023_b_dash' returned '0': CMAKE_PREFIX_PATH=${CMAKE_PREFIX_PATH}:/home/kaibuchisoma/robocon_ws/install/fruit_detection:/opt/ros/humble /usr/bin/cmake --build /home/kaibuchisoma/robocon_ws/build/robocon2023_b_dash -- -j12 -l12
[2.496s] DEBUG:colcon.colcon_core.event_handler.log_command:Invoking command in '/home/kaibuchisoma/robocon_ws/build/robocon2023_b_dash': CMAKE_PREFIX_PATH=${CMAKE_PREFIX_PATH}:/home/kaibuchisoma/robocon_ws/install/fruit_detection:/opt/ros/humble /usr/bin/cmake --install /home/kaibuchisoma/robocon_ws/build/robocon2023_b_dash
[2.512s] Level 1:colcon.colcon_core.environment:create_environment_scripts_only(robocon2023_b_dash)
[2.513s] DEBUG:colcon.colcon_core.event_handler.log_command:Invoked command in '/home/kaibuchisoma/robocon_ws/build/robocon2023_b_dash' returned '0': CMAKE_PREFIX_PATH=${CMAKE_PREFIX_PATH}:/home/kaibuchisoma/robocon_ws/install/fruit_detection:/opt/ros/humble /usr/bin/cmake --install /home/kaibuchisoma/robocon_ws/build/robocon2023_b_dash
[2.537s] Level 1:colcon.colcon_core.environment:checking '/home/kaibuchisoma/robocon_ws/install/robocon2023_b_dash' for CMake module files
[2.539s] Level 1:colcon.colcon_core.environment:checking '/home/kaibuchisoma/robocon_ws/install/robocon2023_b_dash' for CMake config files
[2.539s] Level 1:colcon.colcon_core.shell:create_environment_hook('robocon2023_b_dash', 'cmake_prefix_path')
[2.556s] INFO:colcon.colcon_core.shell:Creating environment hook '/home/kaibuchisoma/robocon_ws/install/robocon2023_b_dash/share/robocon2023_b_dash/hook/cmake_prefix_path.ps1'
[2.557s] INFO:colcon.colcon_core.shell:Creating environment descriptor '/home/kaibuchisoma/robocon_ws/install/robocon2023_b_dash/share/robocon2023_b_dash/hook/cmake_prefix_path.dsv'
[2.557s] INFO:colcon.colcon_core.shell:Creating environment hook '/home/kaibuchisoma/robocon_ws/install/robocon2023_b_dash/share/robocon2023_b_dash/hook/cmake_prefix_path.sh'
[2.557s] Level 1:colcon.colcon_core.environment:checking '/home/kaibuchisoma/robocon_ws/install/robocon2023_b_dash/lib'
[2.558s] Level 1:colcon.colcon_core.environment:checking '/home/kaibuchisoma/robocon_ws/install/robocon2023_b_dash/bin'
[2.558s] Level 1:colcon.colcon_core.environment:checking '/home/kaibuchisoma/robocon_ws/install/robocon2023_b_dash/lib/pkgconfig/robocon2023_b_dash.pc'
[2.558s] Level 1:colcon.colcon_core.environment:checking '/home/kaibuchisoma/robocon_ws/install/robocon2023_b_dash/lib/python3.10/site-packages'
[2.558s] Level 1:colcon.colcon_core.environment:checking '/home/kaibuchisoma/robocon_ws/install/robocon2023_b_dash/bin'
[2.575s] INFO:colcon.colcon_core.shell:Creating package script '/home/kaibuchisoma/robocon_ws/install/robocon2023_b_dash/share/robocon2023_b_dash/package.ps1'
[2.576s] INFO:colcon.colcon_core.shell:Creating package descriptor '/home/kaibuchisoma/robocon_ws/install/robocon2023_b_dash/share/robocon2023_b_dash/package.dsv'
[2.576s] INFO:colcon.colcon_core.shell:Creating package script '/home/kaibuchisoma/robocon_ws/install/robocon2023_b_dash/share/robocon2023_b_dash/package.sh'
[2.576s] INFO:colcon.colcon_core.shell:Creating package script '/home/kaibuchisoma/robocon_ws/install/robocon2023_b_dash/share/robocon2023_b_dash/package.bash'
[2.577s] INFO:colcon.colcon_core.shell:Creating package script '/home/kaibuchisoma/robocon_ws/install/robocon2023_b_dash/share/robocon2023_b_dash/package.zsh'
[2.577s] Level 1:colcon.colcon_core.environment:create_file_with_runtime_dependencies(/home/kaibuchisoma/robocon_ws/install/robocon2023_b_dash/share/colcon-core/packages/robocon2023_b_dash)
[2.671s] Level 1:colcon.colcon_core.environment:create_environment_scripts_only(robocon2023_b_dash)
[2.686s] Level 1:colcon.colcon_core.environment:checking '/home/kaibuchisoma/robocon_ws/install/robocon2023_b_dash' for CMake module files
[2.686s] Level 1:colcon.colcon_core.environment:checking '/home/kaibuchisoma/robocon_ws/install/robocon2023_b_dash' for CMake config files
[2.687s] Level 1:colcon.colcon_core.shell:create_environment_hook('robocon2023_b_dash', 'cmake_prefix_path')
[2.702s] INFO:colcon.colcon_core.shell:Creating environment hook '/home/kaibuchisoma/robocon_ws/install/robocon2023_b_dash/share/robocon2023_b_dash/hook/cmake_prefix_path.ps1'
[2.702s] INFO:colcon.colcon_core.shell:Creating environment descriptor '/home/kaibuchisoma/robocon_ws/install/robocon2023_b_dash/share/robocon2023_b_dash/hook/cmake_prefix_path.dsv'
[2.702s] INFO:colcon.colcon_core.shell:Creating environment hook '/home/kaibuchisoma/robocon_ws/install/robocon2023_b_dash/share/robocon2023_b_dash/hook/cmake_prefix_path.sh'
[2.703s] Level 1:colcon.colcon_core.environment:checking '/home/kaibuchisoma/robocon_ws/install/robocon2023_b_dash/lib'
[2.703s] Level 1:colcon.colcon_core.environment:checking '/home/kaibuchisoma/robocon_ws/install/robocon2023_b_dash/bin'
[2.703s] Level 1:colcon.colcon_core.environment:checking '/home/kaibuchisoma/robocon_ws/install/robocon2023_b_dash/lib/pkgconfig/robocon2023_b_dash.pc'
[2.703s] Level 1:colcon.colcon_core.environment:checking '/home/kaibuchisoma/robocon_ws/install/robocon2023_b_dash/lib/python3.10/site-packages'
[2.703s] Level 1:colcon.colcon_core.environment:checking '/home/kaibuchisoma/robocon_ws/install/robocon2023_b_dash/bin'
[2.719s] INFO:colcon.colcon_core.shell:Creating package script '/home/kaibuchisoma/robocon_ws/install/robocon2023_b_dash/share/robocon2023_b_dash/package.ps1'
[2.720s] INFO:colcon.colcon_core.shell:Creating package descriptor '/home/kaibuchisoma/robocon_ws/install/robocon2023_b_dash/share/robocon2023_b_dash/package.dsv'
[2.720s] INFO:colcon.colcon_core.shell:Creating package script '/home/kaibuchisoma/robocon_ws/install/robocon2023_b_dash/share/robocon2023_b_dash/package.sh'
[2.721s] INFO:colcon.colcon_core.shell:Creating package script '/home/kaibuchisoma/robocon_ws/install/robocon2023_b_dash/share/robocon2023_b_dash/package.bash'
[2.721s] INFO:colcon.colcon_core.shell:Creating package script '/home/kaibuchisoma/robocon_ws/install/robocon2023_b_dash/share/robocon2023_b_dash/package.zsh'
[2.721s] Level 1:colcon.colcon_core.environment:create_file_with_runtime_dependencies(/home/kaibuchisoma/robocon_ws/install/robocon2023_b_dash/share/colcon-core/packages/robocon2023_b_dash)
[2.723s] DEBUG:colcon.colcon_core.event_handler.log_command:Invoked command in '/home/kaibuchisoma/robocon_ws/src/fruit_detection' returned '0': PYTHONPATH=/home/kaibuchisoma/robocon_ws/build/fruit_detection/prefix_override:/home/kaibuchisoma/robocon_ws/install/fruit_detection/lib/python3.10/site-packages:${PYTHONPATH} /usr/bin/python3 setup.py egg_info --egg-base ../../build/fruit_detection build --build-base /home/kaibuchisoma/robocon_ws/build/fruit_detection/build install --record /home/kaibuchisoma/robocon_ws/build/fruit_detection/install.log --single-version-externally-managed
[2.738s] Level 1:colcon.colcon_core.environment:checking '/home/kaibuchisoma/robocon_ws/install/fruit_detection' for CMake module files
[2.738s] Level 1:colcon.colcon_core.environment:checking '/home/kaibuchisoma/robocon_ws/install/fruit_detection' for CMake config files
[2.739s] Level 1:colcon.colcon_core.environment:checking '/home/kaibuchisoma/robocon_ws/install/fruit_detection/lib'
[2.739s] Level 1:colcon.colcon_core.environment:checking '/home/kaibuchisoma/robocon_ws/install/fruit_detection/bin'
[2.739s] Level 1:colcon.colcon_core.environment:checking '/home/kaibuchisoma/robocon_ws/install/fruit_detection/lib/pkgconfig/fruit_detection.pc'
[2.739s] Level 1:colcon.colcon_core.environment:checking '/home/kaibuchisoma/robocon_ws/install/fruit_detection/lib/python3.10/site-packages'
[2.739s] Level 1:colcon.colcon_core.shell:create_environment_hook('fruit_detection', 'pythonpath')
[2.755s] INFO:colcon.colcon_core.shell:Creating environment hook '/home/kaibuchisoma/robocon_ws/install/fruit_detection/share/fruit_detection/hook/pythonpath.ps1'
[2.755s] INFO:colcon.colcon_core.shell:Creating environment descriptor '/home/kaibuchisoma/robocon_ws/install/fruit_detection/share/fruit_detection/hook/pythonpath.dsv'
[2.756s] INFO:colcon.colcon_core.shell:Creating environment hook '/home/kaibuchisoma/robocon_ws/install/fruit_detection/share/fruit_detection/hook/pythonpath.sh'
[2.756s] Level 1:colcon.colcon_core.environment:checking '/home/kaibuchisoma/robocon_ws/install/fruit_detection/bin'
[2.756s] Level 1:colcon.colcon_core.environment:create_environment_scripts_only(fruit_detection)
[2.775s] INFO:colcon.colcon_core.shell:Creating package script '/home/kaibuchisoma/robocon_ws/install/fruit_detection/share/fruit_detection/package.ps1'
[2.775s] INFO:colcon.colcon_core.shell:Creating package descriptor '/home/kaibuchisoma/robocon_ws/install/fruit_detection/share/fruit_detection/package.dsv'
[2.776s] INFO:colcon.colcon_core.shell:Creating package script '/home/kaibuchisoma/robocon_ws/install/fruit_detection/share/fruit_detection/package.sh'
[2.776s] INFO:colcon.colcon_core.shell:Creating package script '/home/kaibuchisoma/robocon_ws/install/fruit_detection/share/fruit_detection/package.bash'
[2.776s] INFO:colcon.colcon_core.shell:Creating package script '/home/kaibuchisoma/robocon_ws/install/fruit_detection/share/fruit_detection/package.zsh'
[2.777s] Level 1:colcon.colcon_core.environment:create_file_with_runtime_dependencies(/home/kaibuchisoma/robocon_ws/install/fruit_detection/share/colcon-core/packages/fruit_detection)
[2.777s] DEBUG:colcon.colcon_parallel_executor.executor.parallel:closing loop
[2.777s] DEBUG:colcon.colcon_parallel_executor.executor.parallel:loop closed
[2.777s] DEBUG:colcon.colcon_parallel_executor.executor.parallel:run_until_complete finished with '0'
[2.777s] DEBUG:colcon.colcon_core.event_reactor:joining thread
[2.799s] INFO:colcon.colcon_core.plugin_system:Skipping extension 'colcon_notification.desktop_notification.terminal_notifier': Not used on non-Darwin systems
[2.799s] INFO:colcon.colcon_core.plugin_system:Skipping extension 'colcon_notification.desktop_notification.win32': Not used on non-Windows systems
[2.799s] INFO:colcon.colcon_notification.desktop_notification:Sending desktop notification using 'notify2'
[2.814s] DEBUG:colcon.colcon_core.event_reactor:joined thread
[2.830s] INFO:colcon.colcon_core.shell:Creating prefix script '/home/kaibuchisoma/robocon_ws/install/local_setup.ps1'
[2.831s] INFO:colcon.colcon_core.shell:Creating prefix util module '/home/kaibuchisoma/robocon_ws/install/_local_setup_util_ps1.py'
[2.832s] INFO:colcon.colcon_core.shell:Creating prefix chain script '/home/kaibuchisoma/robocon_ws/install/setup.ps1'
[2.848s] INFO:colcon.colcon_core.shell:Creating prefix script '/home/kaibuchisoma/robocon_ws/install/local_setup.sh'
[2.849s] INFO:colcon.colcon_core.shell:Creating prefix util module '/home/kaibuchisoma/robocon_ws/install/_local_setup_util_sh.py'
[2.849s] INFO:colcon.colcon_core.shell:Creating prefix chain script '/home/kaibuchisoma/robocon_ws/install/setup.sh'
[2.865s] INFO:colcon.colcon_core.shell:Creating prefix script '/home/kaibuchisoma/robocon_ws/install/local_setup.bash'
[2.866s] INFO:colcon.colcon_core.shell:Creating prefix chain script '/home/kaibuchisoma/robocon_ws/install/setup.bash'
[2.882s] INFO:colcon.colcon_core.shell:Creating prefix script '/home/kaibuchisoma/robocon_ws/install/local_setup.zsh'
[2.882s] INFO:colcon.colcon_core.shell:Creating prefix chain script '/home/kaibuchisoma/robocon_ws/install/setup.zsh'
