[0.800s] DEBUG:colcon:Command line arguments: ['/usr/bin/colcon', 'build', '--cmake-clean-cache']
[0.800s] DEBUG:colcon:Parsed command line arguments: Namespace(log_base=None, log_level=None, verb_name='build', build_base='build', install_base='install', merge_install=False, symlink_install=False, test_result_base=None, continue_on_error=False, executor='parallel', parallel_workers=12, event_handlers=None, ignore_user_meta=False, metas=['./colcon.meta'], base_paths=['.'], packages_ignore=None, packages_ignore_regex=None, paths=None, packages_up_to=None, packages_up_to_regex=None, packages_above=None, packages_above_and_dependencies=None, packages_above_depth=None, packages_select_by_dep=None, packages_skip_by_dep=None, packages_skip_up_to=None, packages_select_build_failed=False, packages_skip_build_finished=False, packages_select_test_failures=False, packages_skip_test_passed=False, packages_select=None, packages_skip=None, packages_select_regex=None, packages_skip_regex=None, packages_start=None, packages_end=None, allow_overriding=[], cmake_args=None, cmake_target=None, cmake_target_skip_unavailable=False, cmake_clean_cache=True, cmake_clean_first=False, cmake_force_configure=False, ament_cmake_args=None, catkin_cmake_args=None, catkin_skip_building_tests=False, verb_parser=<colcon_defaults.argument_parser.defaults.DefaultArgumentsDecorator object at 0x7f0dfa3c9ea0>, verb_extension=<colcon_core.verb.build.BuildVerb object at 0x7f0dfa397bb0>, main=<bound method BuildVerb.main of <colcon_core.verb.build.BuildVerb object at 0x7f0dfa397bb0>>)
[0.838s] Level 1:colcon.colcon_core.package_discovery:discover_packages(colcon_meta) check parameters
[0.838s] Level 1:colcon.colcon_core.package_discovery:discover_packages(recursive) check parameters
[0.838s] Level 1:colcon.colcon_core.package_discovery:discover_packages(ignore) check parameters
[0.838s] Level 1:colcon.colcon_core.package_discovery:discover_packages(path) check parameters
[0.838s] Level 1:colcon.colcon_core.package_discovery:discover_packages(colcon_meta) discover
[0.838s] Level 1:colcon.colcon_core.package_discovery:discover_packages(recursive) discover
[0.838s] INFO:colcon.colcon_core.package_discovery:Crawling recursively for packages in '/home/kaibuchisoma/robocon_ws/RoboconDetectionFruit'
[0.838s] Level 1:colcon.colcon_core.package_identification:_identify(.) by extensions ['ignore', 'ignore_ament_install']
[0.838s] Level 1:colcon.colcon_core.package_identification:_identify(.) by extension 'ignore'
[0.838s] Level 1:colcon.colcon_core.package_identification:_identify(.) by extension 'ignore_ament_install'
[0.838s] Level 1:colcon.colcon_core.package_identification:_identify(.) by extensions ['colcon_pkg']
[0.838s] Level 1:colcon.colcon_core.package_identification:_identify(.) by extension 'colcon_pkg'
[0.838s] Level 1:colcon.colcon_core.package_identification:_identify(.) by extensions ['colcon_meta']
[0.838s] Level 1:colcon.colcon_core.package_identification:_identify(.) by extension 'colcon_meta'
[0.838s] Level 1:colcon.colcon_core.package_identification:_identify(.) by extensions ['ros']
[0.838s] Level 1:colcon.colcon_core.package_identification:_identify(.) by extension 'ros'
[0.847s] Level 1:colcon.colcon_core.package_identification:_identify(.) by extensions ['cmake', 'python']
[0.847s] Level 1:colcon.colcon_core.package_identification:_identify(.) by extension 'cmake'
[0.847s] Level 1:colcon.colcon_core.package_identification:_identify(.) by extension 'python'
[0.847s] Level 1:colcon.colcon_core.package_identification:_identify(.) by extensions ['python_setup_py']
[0.847s] Level 1:colcon.colcon_core.package_identification:_identify(.) by extension 'python_setup_py'
[0.847s] Level 1:colcon.colcon_core.package_identification:_identify(build) by extensions ['ignore', 'ignore_ament_install']
[0.847s] Level 1:colcon.colcon_core.package_identification:_identify(build) by extension 'ignore'
[0.847s] Level 1:colcon.colcon_core.package_identification:_identify(build) ignored
[0.848s] Level 1:colcon.colcon_core.package_identification:_identify(install) by extensions ['ignore', 'ignore_ament_install']
[0.848s] Level 1:colcon.colcon_core.package_identification:_identify(install) by extension 'ignore'
[0.848s] Level 1:colcon.colcon_core.package_identification:_identify(install) ignored
[0.848s] Level 1:colcon.colcon_core.package_identification:_identify(log) by extensions ['ignore', 'ignore_ament_install']
[0.848s] Level 1:colcon.colcon_core.package_identification:_identify(log) by extension 'ignore'
[0.848s] Level 1:colcon.colcon_core.package_identification:_identify(log) ignored
[0.848s] Level 1:colcon.colcon_core.package_identification:_identify(src) by extensions ['ignore', 'ignore_ament_install']
[0.848s] Level 1:colcon.colcon_core.package_identification:_identify(src) by extension 'ignore'
[0.848s] Level 1:colcon.colcon_core.package_identification:_identify(src) by extension 'ignore_ament_install'
[0.848s] Level 1:colcon.colcon_core.package_identification:_identify(src) by extensions ['colcon_pkg']
[0.849s] Level 1:colcon.colcon_core.package_identification:_identify(src) by extension 'colcon_pkg'
[0.849s] Level 1:colcon.colcon_core.package_identification:_identify(src) by extensions ['colcon_meta']
[0.849s] Level 1:colcon.colcon_core.package_identification:_identify(src) by extension 'colcon_meta'
[0.849s] Level 1:colcon.colcon_core.package_identification:_identify(src) by extensions ['ros']
[0.849s] Level 1:colcon.colcon_core.package_identification:_identify(src) by extension 'ros'
[0.849s] Level 1:colcon.colcon_core.package_identification:_identify(src) by extensions ['cmake', 'python']
[0.849s] Level 1:colcon.colcon_core.package_identification:_identify(src) by extension 'cmake'
[0.849s] Level 1:colcon.colcon_core.package_identification:_identify(src) by extension 'python'
[0.849s] Level 1:colcon.colcon_core.package_identification:_identify(src) by extensions ['python_setup_py']
[0.849s] Level 1:colcon.colcon_core.package_identification:_identify(src) by extension 'python_setup_py'
[0.849s] Level 1:colcon.colcon_core.package_identification:_identify(src/build) by extensions ['ignore', 'ignore_ament_install']
[0.849s] Level 1:colcon.colcon_core.package_identification:_identify(src/build) by extension 'ignore'
[0.849s] Level 1:colcon.colcon_core.package_identification:_identify(src/build) ignored
[0.849s] Level 1:colcon.colcon_core.package_identification:_identify(src/fruit_detection) by extensions ['ignore', 'ignore_ament_install']
[0.849s] Level 1:colcon.colcon_core.package_identification:_identify(src/fruit_detection) by extension 'ignore'
[0.849s] Level 1:colcon.colcon_core.package_identification:_identify(src/fruit_detection) by extension 'ignore_ament_install'
[0.849s] Level 1:colcon.colcon_core.package_identification:_identify(src/fruit_detection) by extensions ['colcon_pkg']
[0.849s] Level 1:colcon.colcon_core.package_identification:_identify(src/fruit_detection) by extension 'colcon_pkg'
[0.850s] Level 1:colcon.colcon_core.package_identification:_identify(src/fruit_detection) by extensions ['colcon_meta']
[0.850s] Level 1:colcon.colcon_core.package_identification:_identify(src/fruit_detection) by extension 'colcon_meta'
[0.850s] Level 1:colcon.colcon_core.package_identification:_identify(src/fruit_detection) by extensions ['ros']
[0.850s] Level 1:colcon.colcon_core.package_identification:_identify(src/fruit_detection) by extension 'ros'
[0.851s] DEBUG:colcon.colcon_core.package_identification:Package 'src/fruit_detection' with type 'ros.ament_python' and name 'fruit_detection'
[0.851s] Level 1:colcon.colcon_core.package_identification:_identify(src/install) by extensions ['ignore', 'ignore_ament_install']
[0.852s] Level 1:colcon.colcon_core.package_identification:_identify(src/install) by extension 'ignore'
[0.852s] Level 1:colcon.colcon_core.package_identification:_identify(src/install) ignored
[0.852s] Level 1:colcon.colcon_core.package_identification:_identify(src/log) by extensions ['ignore', 'ignore_ament_install']
[0.852s] Level 1:colcon.colcon_core.package_identification:_identify(src/log) by extension 'ignore'
[0.852s] Level 1:colcon.colcon_core.package_identification:_identify(src/log) ignored
[0.852s] Level 1:colcon.colcon_core.package_identification:_identify(src/robocon2023_b_dash) by extensions ['ignore', 'ignore_ament_install']
[0.852s] Level 1:colcon.colcon_core.package_identification:_identify(src/robocon2023_b_dash) by extension 'ignore'
[0.852s] Level 1:colcon.colcon_core.package_identification:_identify(src/robocon2023_b_dash) by extension 'ignore_ament_install'
[0.852s] Level 1:colcon.colcon_core.package_identification:_identify(src/robocon2023_b_dash) by extensions ['colcon_pkg']
[0.852s] Level 1:colcon.colcon_core.package_identification:_identify(src/robocon2023_b_dash) by extension 'colcon_pkg'
[0.852s] Level 1:colcon.colcon_core.package_identification:_identify(src/robocon2023_b_dash) by extensions ['colcon_meta']
[0.852s] Level 1:colcon.colcon_core.package_identification:_identify(src/robocon2023_b_dash) by extension 'colcon_meta'
[0.852s] Level 1:colcon.colcon_core.package_identification:_identify(src/robocon2023_b_dash) by extensions ['ros']
[0.852s] Level 1:colcon.colcon_core.package_identification:_identify(src/robocon2023_b_dash) by extension 'ros'
[0.853s] DEBUG:colcon.colcon_core.package_identification:Package 'src/robocon2023_b_dash' with type 'ros.ament_cmake' and name 'robocon2023_b_dash'
[0.853s] Level 1:colcon.colcon_core.package_identification:_identify(src/ros_to_kimd) by extensions ['ignore', 'ignore_ament_install']
[0.853s] Level 1:colcon.colcon_core.package_identification:_identify(src/ros_to_kimd) by extension 'ignore'
[0.853s] Level 1:colcon.colcon_core.package_identification:_identify(src/ros_to_kimd) by extension 'ignore_ament_install'
[0.853s] Level 1:colcon.colcon_core.package_identification:_identify(src/ros_to_kimd) by extensions ['colcon_pkg']
[0.853s] Level 1:colcon.colcon_core.package_identification:_identify(src/ros_to_kimd) by extension 'colcon_pkg'
[0.853s] Level 1:colcon.colcon_core.package_identification:_identify(src/ros_to_kimd) by extensions ['colcon_meta']
[0.853s] Level 1:colcon.colcon_core.package_identification:_identify(src/ros_to_kimd) by extension 'colcon_meta'
[0.853s] Level 1:colcon.colcon_core.package_identification:_identify(src/ros_to_kimd) by extensions ['ros']
[0.853s] Level 1:colcon.colcon_core.package_identification:_identify(src/ros_to_kimd) by extension 'ros'
[0.853s] DEBUG:colcon.colcon_core.package_identification:Package 'src/ros_to_kimd' with type 'ros.ament_cmake' and name 'ros_to_kimd'
[0.854s] Level 1:colcon.colcon_core.package_discovery:discover_packages(recursive) using defaults
[0.854s] Level 1:colcon.colcon_core.package_discovery:discover_packages(ignore) discover
[0.854s] Level 1:colcon.colcon_core.package_discovery:discover_packages(ignore) using defaults
[0.854s] Level 1:colcon.colcon_core.package_discovery:discover_packages(path) discover
[0.854s] Level 1:colcon.colcon_core.package_discovery:discover_packages(path) using defaults
[0.927s] Level 1:colcon.colcon_core.package_discovery:discover_packages(prefix_path) check parameters
[0.928s] Level 1:colcon.colcon_core.package_discovery:discover_packages(prefix_path) discover
[0.952s] DEBUG:colcon.colcon_installed_package_information.package_discovery:Found 3 installed packages in /home/kaibuchisoma/robocon_ws/RoboconDetectionFruit/install
[0.965s] DEBUG:colcon.colcon_installed_package_information.package_discovery:Found 271 installed packages in /opt/ros/humble
[0.966s] Level 1:colcon.colcon_core.package_discovery:discover_packages(prefix_path) using defaults
[1.049s] Level 5:colcon.colcon_core.verb:set package 'fruit_detection' build argument 'cmake_args' from command line to 'None'
[1.049s] Level 5:colcon.colcon_core.verb:set package 'fruit_detection' build argument 'cmake_target' from command line to 'None'
[1.049s] Level 5:colcon.colcon_core.verb:set package 'fruit_detection' build argument 'cmake_target_skip_unavailable' from command line to 'False'
[1.049s] Level 5:colcon.colcon_core.verb:set package 'fruit_detection' build argument 'cmake_clean_cache' from command line to 'True'
[1.049s] Level 5:colcon.colcon_core.verb:set package 'fruit_detection' build argument 'cmake_clean_first' from command line to 'False'
[1.049s] Level 5:colcon.colcon_core.verb:set package 'fruit_detection' build argument 'cmake_force_configure' from command line to 'False'
[1.049s] Level 5:colcon.colcon_core.verb:set package 'fruit_detection' build argument 'ament_cmake_args' from command line to 'None'
[1.049s] Level 5:colcon.colcon_core.verb:set package 'fruit_detection' build argument 'catkin_cmake_args' from command line to 'None'
[1.049s] Level 5:colcon.colcon_core.verb:set package 'fruit_detection' build argument 'catkin_skip_building_tests' from command line to 'False'
[1.049s] DEBUG:colcon.colcon_core.verb:Building package 'fruit_detection' with the following arguments: {'ament_cmake_args': None, 'build_base': '/home/kaibuchisoma/robocon_ws/RoboconDetectionFruit/build/fruit_detection', 'catkin_cmake_args': None, 'catkin_skip_building_tests': False, 'cmake_args': None, 'cmake_clean_cache': True, 'cmake_clean_first': False, 'cmake_force_configure': False, 'cmake_target': None, 'cmake_target_skip_unavailable': False, 'install_base': '/home/kaibuchisoma/robocon_ws/RoboconDetectionFruit/install/fruit_detection', 'merge_install': False, 'path': '/home/kaibuchisoma/robocon_ws/RoboconDetectionFruit/src/fruit_detection', 'symlink_install': False, 'test_result_base': None}
[1.062s] Level 5:colcon.colcon_core.verb:set package 'robocon2023_b_dash' build argument 'cmake_args' from command line to 'None'
[1.062s] Level 5:colcon.colcon_core.verb:set package 'robocon2023_b_dash' build argument 'cmake_target' from command line to 'None'
[1.062s] Level 5:colcon.colcon_core.verb:set package 'robocon2023_b_dash' build argument 'cmake_target_skip_unavailable' from command line to 'False'
[1.062s] Level 5:colcon.colcon_core.verb:set package 'robocon2023_b_dash' build argument 'cmake_clean_cache' from command line to 'True'
[1.062s] Level 5:colcon.colcon_core.verb:set package 'robocon2023_b_dash' build argument 'cmake_clean_first' from command line to 'False'
[1.063s] Level 5:colcon.colcon_core.verb:set package 'robocon2023_b_dash' build argument 'cmake_force_configure' from command line to 'False'
[1.063s] Level 5:colcon.colcon_core.verb:set package 'robocon2023_b_dash' build argument 'ament_cmake_args' from command line to 'None'
[1.063s] Level 5:colcon.colcon_core.verb:set package 'robocon2023_b_dash' build argument 'catkin_cmake_args' from command line to 'None'
[1.063s] Level 5:colcon.colcon_core.verb:set package 'robocon2023_b_dash' build argument 'catkin_skip_building_tests' from command line to 'False'
[1.063s] DEBUG:colcon.colcon_core.verb:Building package 'robocon2023_b_dash' with the following arguments: {'ament_cmake_args': None, 'build_base': '/home/kaibuchisoma/robocon_ws/RoboconDetectionFruit/build/robocon2023_b_dash', 'catkin_cmake_args': None, 'catkin_skip_building_tests': False, 'cmake_args': None, 'cmake_clean_cache': True, 'cmake_clean_first': False, 'cmake_force_configure': False, 'cmake_target': None, 'cmake_target_skip_unavailable': False, 'install_base': '/home/kaibuchisoma/robocon_ws/RoboconDetectionFruit/install/robocon2023_b_dash', 'merge_install': False, 'path': '/home/kaibuchisoma/robocon_ws/RoboconDetectionFruit/src/robocon2023_b_dash', 'symlink_install': False, 'test_result_base': None}
[1.075s] Level 5:colcon.colcon_core.verb:set package 'ros_to_kimd' build argument 'cmake_args' from command line to 'None'
[1.075s] Level 5:colcon.colcon_core.verb:set package 'ros_to_kimd' build argument 'cmake_target' from command line to 'None'
[1.075s] Level 5:colcon.colcon_core.verb:set package 'ros_to_kimd' build argument 'cmake_target_skip_unavailable' from command line to 'False'
[1.075s] Level 5:colcon.colcon_core.verb:set package 'ros_to_kimd' build argument 'cmake_clean_cache' from command line to 'True'
[1.075s] Level 5:colcon.colcon_core.verb:set package 'ros_to_kimd' build argument 'cmake_clean_first' from command line to 'False'
[1.075s] Level 5:colcon.colcon_core.verb:set package 'ros_to_kimd' build argument 'cmake_force_configure' from command line to 'False'
[1.075s] Level 5:colcon.colcon_core.verb:set package 'ros_to_kimd' build argument 'ament_cmake_args' from command line to 'None'
[1.075s] Level 5:colcon.colcon_core.verb:set package 'ros_to_kimd' build argument 'catkin_cmake_args' from command line to 'None'
[1.075s] Level 5:colcon.colcon_core.verb:set package 'ros_to_kimd' build argument 'catkin_skip_building_tests' from command line to 'False'
[1.075s] DEBUG:colcon.colcon_core.verb:Building package 'ros_to_kimd' with the following arguments: {'ament_cmake_args': None, 'build_base': '/home/kaibuchisoma/robocon_ws/RoboconDetectionFruit/build/ros_to_kimd', 'catkin_cmake_args': None, 'catkin_skip_building_tests': False, 'cmake_args': None, 'cmake_clean_cache': True, 'cmake_clean_first': False, 'cmake_force_configure': False, 'cmake_target': None, 'cmake_target_skip_unavailable': False, 'install_base': '/home/kaibuchisoma/robocon_ws/RoboconDetectionFruit/install/ros_to_kimd', 'merge_install': False, 'path': '/home/kaibuchisoma/robocon_ws/RoboconDetectionFruit/src/ros_to_kimd', 'symlink_install': False, 'test_result_base': None}
[1.088s] INFO:colcon.colcon_core.executor:Executing jobs using 'parallel' executor
[1.102s] DEBUG:colcon.colcon_parallel_executor.executor.parallel:run_until_complete
[1.102s] INFO:colcon.colcon_ros.task.ament_python.build:Building ROS package in '/home/kaibuchisoma/robocon_ws/RoboconDetectionFruit/src/fruit_detection' with build type 'ament_python'
[1.102s] Level 1:colcon.colcon_core.shell:create_environment_hook('fruit_detection', 'ament_prefix_path')
[1.117s] INFO:colcon.colcon_core.plugin_system:Skipping extension 'colcon_core.shell.bat': Not used on non-Windows systems
[1.117s] INFO:colcon.colcon_core.shell:Creating environment hook '/home/kaibuchisoma/robocon_ws/RoboconDetectionFruit/install/fruit_detection/share/fruit_detection/hook/ament_prefix_path.ps1'
[1.117s] INFO:colcon.colcon_core.shell:Creating environment descriptor '/home/kaibuchisoma/robocon_ws/RoboconDetectionFruit/install/fruit_detection/share/fruit_detection/hook/ament_prefix_path.dsv'
[1.118s] INFO:colcon.colcon_core.shell:Creating environment hook '/home/kaibuchisoma/robocon_ws/RoboconDetectionFruit/install/fruit_detection/share/fruit_detection/hook/ament_prefix_path.sh'
[1.131s] INFO:colcon.colcon_core.shell:Skip shell extension 'powershell' for command environment: Not usable outside of PowerShell
[1.131s] DEBUG:colcon.colcon_core.shell:Skip shell extension 'dsv' for command environment
[1.171s] INFO:colcon.colcon_ros.task.ament_cmake.build:Building ROS package in '/home/kaibuchisoma/robocon_ws/RoboconDetectionFruit/src/robocon2023_b_dash' with build type 'ament_cmake'
[1.171s] INFO:colcon.colcon_cmake.task.cmake.build:Building CMake package in '/home/kaibuchisoma/robocon_ws/RoboconDetectionFruit/src/robocon2023_b_dash'
[1.184s] INFO:colcon.colcon_core.shell:Skip shell extension 'powershell' for command environment: Not usable outside of PowerShell
[1.184s] DEBUG:colcon.colcon_core.shell:Skip shell extension 'dsv' for command environment
[1.224s] INFO:colcon.colcon_ros.task.ament_cmake.build:Building ROS package in '/home/kaibuchisoma/robocon_ws/RoboconDetectionFruit/src/ros_to_kimd' with build type 'ament_cmake'
[1.224s] INFO:colcon.colcon_cmake.task.cmake.build:Building CMake package in '/home/kaibuchisoma/robocon_ws/RoboconDetectionFruit/src/ros_to_kimd'
[1.237s] INFO:colcon.colcon_core.shell:Skip shell extension 'powershell' for command environment: Not usable outside of PowerShell
[1.237s] DEBUG:colcon.colcon_core.shell:Skip shell extension 'dsv' for command environment
[1.514s] INFO:colcon.colcon_core.task.python.build:Building Python package in '/home/kaibuchisoma/robocon_ws/RoboconDetectionFruit/src/fruit_detection'
[1.528s] INFO:colcon.colcon_core.shell:Skip shell extension 'powershell' for command environment: Not usable outside of PowerShell
[1.528s] DEBUG:colcon.colcon_core.shell:Skip shell extension 'dsv' for command environment
[1.570s] DEBUG:colcon.colcon_core.event_handler.log_command:Invoking command in '/home/kaibuchisoma/robocon_ws/RoboconDetectionFruit/build/robocon2023_b_dash': CMAKE_PREFIX_PATH=${CMAKE_PREFIX_PATH}:/home/kaibuchisoma/robocon_ws/RoboconDetectionFruit/install/fruit_detection:/opt/ros/humble /usr/bin/cmake /home/kaibuchisoma/robocon_ws/RoboconDetectionFruit/src/robocon2023_b_dash -DCMAKE_INSTALL_PREFIX=/home/kaibuchisoma/robocon_ws/RoboconDetectionFruit/install/robocon2023_b_dash
[1.573s] DEBUG:colcon.colcon_core.event_handler.log_command:Invoking command in '/home/kaibuchisoma/robocon_ws/RoboconDetectionFruit/build/ros_to_kimd': CMAKE_PREFIX_PATH=${CMAKE_PREFIX_PATH}:/home/kaibuchisoma/robocon_ws/RoboconDetectionFruit/install/fruit_detection:/opt/ros/humble /usr/bin/cmake /home/kaibuchisoma/robocon_ws/RoboconDetectionFruit/src/ros_to_kimd -DCMAKE_INSTALL_PREFIX=/home/kaibuchisoma/robocon_ws/RoboconDetectionFruit/install/ros_to_kimd
[1.842s] DEBUG:colcon.colcon_core.event_handler.log_command:Invoking command in '/home/kaibuchisoma/robocon_ws/RoboconDetectionFruit/src/fruit_detection': PYTHONPATH=/home/kaibuchisoma/robocon_ws/RoboconDetectionFruit/build/fruit_detection/prefix_override:/home/kaibuchisoma/robocon_ws/RoboconDetectionFruit/install/fruit_detection/lib/python3.10/site-packages:${PYTHONPATH} /usr/bin/python3 setup.py egg_info --egg-base ../../build/fruit_detection build --build-base /home/kaibuchisoma/robocon_ws/RoboconDetectionFruit/build/fruit_detection/build install --record /home/kaibuchisoma/robocon_ws/RoboconDetectionFruit/build/fruit_detection/install.log --single-version-externally-managed
[2.080s] DEBUG:colcon.colcon_core.event_handler.log_command:Invoked command in '/home/kaibuchisoma/robocon_ws/RoboconDetectionFruit/src/fruit_detection' returned '0': PYTHONPATH=/home/kaibuchisoma/robocon_ws/RoboconDetectionFruit/build/fruit_detection/prefix_override:/home/kaibuchisoma/robocon_ws/RoboconDetectionFruit/install/fruit_detection/lib/python3.10/site-packages:${PYTHONPATH} /usr/bin/python3 setup.py egg_info --egg-base ../../build/fruit_detection build --build-base /home/kaibuchisoma/robocon_ws/RoboconDetectionFruit/build/fruit_detection/build install --record /home/kaibuchisoma/robocon_ws/RoboconDetectionFruit/build/fruit_detection/install.log --single-version-externally-managed
[2.094s] Level 1:colcon.colcon_core.environment:checking '/home/kaibuchisoma/robocon_ws/RoboconDetectionFruit/install/fruit_detection' for CMake module files
[2.094s] Level 1:colcon.colcon_core.environment:checking '/home/kaibuchisoma/robocon_ws/RoboconDetectionFruit/install/fruit_detection' for CMake config files
[2.095s] Level 1:colcon.colcon_core.environment:checking '/home/kaibuchisoma/robocon_ws/RoboconDetectionFruit/install/fruit_detection/lib'
[2.095s] Level 1:colcon.colcon_core.environment:checking '/home/kaibuchisoma/robocon_ws/RoboconDetectionFruit/install/fruit_detection/bin'
[2.095s] Level 1:colcon.colcon_core.environment:checking '/home/kaibuchisoma/robocon_ws/RoboconDetectionFruit/install/fruit_detection/lib/pkgconfig/fruit_detection.pc'
[2.095s] Level 1:colcon.colcon_core.environment:checking '/home/kaibuchisoma/robocon_ws/RoboconDetectionFruit/install/fruit_detection/lib/python3.10/site-packages'
[2.095s] Level 1:colcon.colcon_core.shell:create_environment_hook('fruit_detection', 'pythonpath')
[2.108s] INFO:colcon.colcon_core.shell:Creating environment hook '/home/kaibuchisoma/robocon_ws/RoboconDetectionFruit/install/fruit_detection/share/fruit_detection/hook/pythonpath.ps1'
[2.109s] INFO:colcon.colcon_core.shell:Creating environment descriptor '/home/kaibuchisoma/robocon_ws/RoboconDetectionFruit/install/fruit_detection/share/fruit_detection/hook/pythonpath.dsv'
[2.109s] INFO:colcon.colcon_core.shell:Creating environment hook '/home/kaibuchisoma/robocon_ws/RoboconDetectionFruit/install/fruit_detection/share/fruit_detection/hook/pythonpath.sh'
[2.109s] Level 1:colcon.colcon_core.environment:checking '/home/kaibuchisoma/robocon_ws/RoboconDetectionFruit/install/fruit_detection/bin'
[2.109s] Level 1:colcon.colcon_core.environment:create_environment_scripts_only(fruit_detection)
[2.121s] INFO:colcon.colcon_core.shell:Creating package script '/home/kaibuchisoma/robocon_ws/RoboconDetectionFruit/install/fruit_detection/share/fruit_detection/package.ps1'
[2.122s] INFO:colcon.colcon_core.shell:Creating package descriptor '/home/kaibuchisoma/robocon_ws/RoboconDetectionFruit/install/fruit_detection/share/fruit_detection/package.dsv'
[2.123s] INFO:colcon.colcon_core.shell:Creating package script '/home/kaibuchisoma/robocon_ws/RoboconDetectionFruit/install/fruit_detection/share/fruit_detection/package.sh'
[2.123s] INFO:colcon.colcon_core.shell:Creating package script '/home/kaibuchisoma/robocon_ws/RoboconDetectionFruit/install/fruit_detection/share/fruit_detection/package.bash'
[2.124s] INFO:colcon.colcon_core.shell:Creating package script '/home/kaibuchisoma/robocon_ws/RoboconDetectionFruit/install/fruit_detection/share/fruit_detection/package.zsh'
[2.124s] Level 1:colcon.colcon_core.environment:create_file_with_runtime_dependencies(/home/kaibuchisoma/robocon_ws/RoboconDetectionFruit/install/fruit_detection/share/colcon-core/packages/fruit_detection)
[2.822s] DEBUG:colcon.colcon_core.event_handler.log_command:Invoked command in '/home/kaibuchisoma/robocon_ws/RoboconDetectionFruit/build/robocon2023_b_dash' returned '0': CMAKE_PREFIX_PATH=${CMAKE_PREFIX_PATH}:/home/kaibuchisoma/robocon_ws/RoboconDetectionFruit/install/fruit_detection:/opt/ros/humble /usr/bin/cmake /home/kaibuchisoma/robocon_ws/RoboconDetectionFruit/src/robocon2023_b_dash -DCMAKE_INSTALL_PREFIX=/home/kaibuchisoma/robocon_ws/RoboconDetectionFruit/install/robocon2023_b_dash
[2.824s] DEBUG:colcon.colcon_core.event_handler.log_command:Invoking command in '/home/kaibuchisoma/robocon_ws/RoboconDetectionFruit/build/robocon2023_b_dash': CMAKE_PREFIX_PATH=${CMAKE_PREFIX_PATH}:/home/kaibuchisoma/robocon_ws/RoboconDetectionFruit/install/fruit_detection:/opt/ros/humble /usr/bin/cmake --build /home/kaibuchisoma/robocon_ws/RoboconDetectionFruit/build/robocon2023_b_dash -- -j12 -l12
[2.840s] DEBUG:colcon.colcon_core.event_handler.log_command:Invoked command in '/home/kaibuchisoma/robocon_ws/RoboconDetectionFruit/build/ros_to_kimd' returned '0': CMAKE_PREFIX_PATH=${CMAKE_PREFIX_PATH}:/home/kaibuchisoma/robocon_ws/RoboconDetectionFruit/install/fruit_detection:/opt/ros/humble /usr/bin/cmake /home/kaibuchisoma/robocon_ws/RoboconDetectionFruit/src/ros_to_kimd -DCMAKE_INSTALL_PREFIX=/home/kaibuchisoma/robocon_ws/RoboconDetectionFruit/install/ros_to_kimd
[2.842s] DEBUG:colcon.colcon_core.event_handler.log_command:Invoking command in '/home/kaibuchisoma/robocon_ws/RoboconDetectionFruit/build/ros_to_kimd': CMAKE_PREFIX_PATH=${CMAKE_PREFIX_PATH}:/home/kaibuchisoma/robocon_ws/RoboconDetectionFruit/install/fruit_detection:/opt/ros/humble /usr/bin/cmake --build /home/kaibuchisoma/robocon_ws/RoboconDetectionFruit/build/ros_to_kimd -- -j12 -l12
[2.911s] DEBUG:colcon.colcon_core.event_handler.log_command:Invoked command in '/home/kaibuchisoma/robocon_ws/RoboconDetectionFruit/build/ros_to_kimd' returned '0': CMAKE_PREFIX_PATH=${CMAKE_PREFIX_PATH}:/home/kaibuchisoma/robocon_ws/RoboconDetectionFruit/install/fruit_detection:/opt/ros/humble /usr/bin/cmake --build /home/kaibuchisoma/robocon_ws/RoboconDetectionFruit/build/ros_to_kimd -- -j12 -l12
[2.945s] DEBUG:colcon.colcon_core.event_handler.log_command:Invoking command in '/home/kaibuchisoma/robocon_ws/RoboconDetectionFruit/build/ros_to_kimd': CMAKE_PREFIX_PATH=${CMAKE_PREFIX_PATH}:/home/kaibuchisoma/robocon_ws/RoboconDetectionFruit/install/fruit_detection:/opt/ros/humble /usr/bin/cmake --install /home/kaibuchisoma/robocon_ws/RoboconDetectionFruit/build/ros_to_kimd
[2.957s] Level 1:colcon.colcon_core.environment:create_environment_scripts_only(ros_to_kimd)
[2.957s] DEBUG:colcon.colcon_core.event_handler.log_command:Invoked command in '/home/kaibuchisoma/robocon_ws/RoboconDetectionFruit/build/ros_to_kimd' returned '0': CMAKE_PREFIX_PATH=${CMAKE_PREFIX_PATH}:/home/kaibuchisoma/robocon_ws/RoboconDetectionFruit/install/fruit_detection:/opt/ros/humble /usr/bin/cmake --install /home/kaibuchisoma/robocon_ws/RoboconDetectionFruit/build/ros_to_kimd
[2.971s] Level 1:colcon.colcon_core.environment:checking '/home/kaibuchisoma/robocon_ws/RoboconDetectionFruit/install/ros_to_kimd' for CMake module files
[2.972s] Level 1:colcon.colcon_core.environment:checking '/home/kaibuchisoma/robocon_ws/RoboconDetectionFruit/install/ros_to_kimd' for CMake config files
[2.972s] Level 1:colcon.colcon_core.shell:create_environment_hook('ros_to_kimd', 'cmake_prefix_path')
[2.986s] INFO:colcon.colcon_core.shell:Creating environment hook '/home/kaibuchisoma/robocon_ws/RoboconDetectionFruit/install/ros_to_kimd/share/ros_to_kimd/hook/cmake_prefix_path.ps1'
[2.987s] INFO:colcon.colcon_core.shell:Creating environment descriptor '/home/kaibuchisoma/robocon_ws/RoboconDetectionFruit/install/ros_to_kimd/share/ros_to_kimd/hook/cmake_prefix_path.dsv'
[2.987s] INFO:colcon.colcon_core.shell:Creating environment hook '/home/kaibuchisoma/robocon_ws/RoboconDetectionFruit/install/ros_to_kimd/share/ros_to_kimd/hook/cmake_prefix_path.sh'
[2.988s] Level 1:colcon.colcon_core.environment:checking '/home/kaibuchisoma/robocon_ws/RoboconDetectionFruit/install/ros_to_kimd/lib'
[2.988s] Level 1:colcon.colcon_core.environment:checking '/home/kaibuchisoma/robocon_ws/RoboconDetectionFruit/install/ros_to_kimd/bin'
[2.988s] Level 1:colcon.colcon_core.environment:checking '/home/kaibuchisoma/robocon_ws/RoboconDetectionFruit/install/ros_to_kimd/lib/pkgconfig/ros_to_kimd.pc'
[2.988s] Level 1:colcon.colcon_core.environment:checking '/home/kaibuchisoma/robocon_ws/RoboconDetectionFruit/install/ros_to_kimd/lib/python3.10/site-packages'
[2.988s] Level 1:colcon.colcon_core.environment:checking '/home/kaibuchisoma/robocon_ws/RoboconDetectionFruit/install/ros_to_kimd/bin'
[3.004s] INFO:colcon.colcon_core.shell:Creating package script '/home/kaibuchisoma/robocon_ws/RoboconDetectionFruit/install/ros_to_kimd/share/ros_to_kimd/package.ps1'
[3.004s] INFO:colcon.colcon_core.shell:Creating package descriptor '/home/kaibuchisoma/robocon_ws/RoboconDetectionFruit/install/ros_to_kimd/share/ros_to_kimd/package.dsv'
[3.005s] INFO:colcon.colcon_core.shell:Creating package script '/home/kaibuchisoma/robocon_ws/RoboconDetectionFruit/install/ros_to_kimd/share/ros_to_kimd/package.sh'
[3.005s] INFO:colcon.colcon_core.shell:Creating package script '/home/kaibuchisoma/robocon_ws/RoboconDetectionFruit/install/ros_to_kimd/share/ros_to_kimd/package.bash'
[3.005s] INFO:colcon.colcon_core.shell:Creating package script '/home/kaibuchisoma/robocon_ws/RoboconDetectionFruit/install/ros_to_kimd/share/ros_to_kimd/package.zsh'
[3.006s] Level 1:colcon.colcon_core.environment:create_file_with_runtime_dependencies(/home/kaibuchisoma/robocon_ws/RoboconDetectionFruit/install/ros_to_kimd/share/colcon-core/packages/ros_to_kimd)
[3.046s] Level 1:colcon.colcon_core.environment:create_environment_scripts_only(ros_to_kimd)
[3.059s] Level 1:colcon.colcon_core.environment:checking '/home/kaibuchisoma/robocon_ws/RoboconDetectionFruit/install/ros_to_kimd' for CMake module files
[3.059s] Level 1:colcon.colcon_core.environment:checking '/home/kaibuchisoma/robocon_ws/RoboconDetectionFruit/install/ros_to_kimd' for CMake config files
[3.059s] Level 1:colcon.colcon_core.shell:create_environment_hook('ros_to_kimd', 'cmake_prefix_path')
[3.071s] INFO:colcon.colcon_core.shell:Creating environment hook '/home/kaibuchisoma/robocon_ws/RoboconDetectionFruit/install/ros_to_kimd/share/ros_to_kimd/hook/cmake_prefix_path.ps1'
[3.072s] INFO:colcon.colcon_core.shell:Creating environment descriptor '/home/kaibuchisoma/robocon_ws/RoboconDetectionFruit/install/ros_to_kimd/share/ros_to_kimd/hook/cmake_prefix_path.dsv'
[3.072s] INFO:colcon.colcon_core.shell:Creating environment hook '/home/kaibuchisoma/robocon_ws/RoboconDetectionFruit/install/ros_to_kimd/share/ros_to_kimd/hook/cmake_prefix_path.sh'
[3.072s] Level 1:colcon.colcon_core.environment:checking '/home/kaibuchisoma/robocon_ws/RoboconDetectionFruit/install/ros_to_kimd/lib'
[3.072s] Level 1:colcon.colcon_core.environment:checking '/home/kaibuchisoma/robocon_ws/RoboconDetectionFruit/install/ros_to_kimd/bin'
[3.073s] Level 1:colcon.colcon_core.environment:checking '/home/kaibuchisoma/robocon_ws/RoboconDetectionFruit/install/ros_to_kimd/lib/pkgconfig/ros_to_kimd.pc'
[3.073s] Level 1:colcon.colcon_core.environment:checking '/home/kaibuchisoma/robocon_ws/RoboconDetectionFruit/install/ros_to_kimd/lib/python3.10/site-packages'
[3.073s] Level 1:colcon.colcon_core.environment:checking '/home/kaibuchisoma/robocon_ws/RoboconDetectionFruit/install/ros_to_kimd/bin'
[3.085s] INFO:colcon.colcon_core.shell:Creating package script '/home/kaibuchisoma/robocon_ws/RoboconDetectionFruit/install/ros_to_kimd/share/ros_to_kimd/package.ps1'
[3.086s] INFO:colcon.colcon_core.shell:Creating package descriptor '/home/kaibuchisoma/robocon_ws/RoboconDetectionFruit/install/ros_to_kimd/share/ros_to_kimd/package.dsv'
[3.086s] INFO:colcon.colcon_core.shell:Creating package script '/home/kaibuchisoma/robocon_ws/RoboconDetectionFruit/install/ros_to_kimd/share/ros_to_kimd/package.sh'
[3.086s] INFO:colcon.colcon_core.shell:Creating package script '/home/kaibuchisoma/robocon_ws/RoboconDetectionFruit/install/ros_to_kimd/share/ros_to_kimd/package.bash'
[3.087s] INFO:colcon.colcon_core.shell:Creating package script '/home/kaibuchisoma/robocon_ws/RoboconDetectionFruit/install/ros_to_kimd/share/ros_to_kimd/package.zsh'
[3.087s] Level 1:colcon.colcon_core.environment:create_file_with_runtime_dependencies(/home/kaibuchisoma/robocon_ws/RoboconDetectionFruit/install/ros_to_kimd/share/colcon-core/packages/ros_to_kimd)
[7.699s] DEBUG:colcon.colcon_core.event_handler.log_command:Invoked command in '/home/kaibuchisoma/robocon_ws/RoboconDetectionFruit/build/robocon2023_b_dash' returned '2': CMAKE_PREFIX_PATH=${CMAKE_PREFIX_PATH}:/home/kaibuchisoma/robocon_ws/RoboconDetectionFruit/install/fruit_detection:/opt/ros/humble /usr/bin/cmake --build /home/kaibuchisoma/robocon_ws/RoboconDetectionFruit/build/robocon2023_b_dash -- -j12 -l12
[7.744s] Level 1:colcon.colcon_core.environment:create_environment_scripts_only(robocon2023_b_dash)
[7.757s] Level 1:colcon.colcon_core.environment:checking '/home/kaibuchisoma/robocon_ws/RoboconDetectionFruit/install/robocon2023_b_dash' for CMake module files
[7.757s] Level 1:colcon.colcon_core.environment:checking '/home/kaibuchisoma/robocon_ws/RoboconDetectionFruit/install/robocon2023_b_dash' for CMake config files
[7.757s] Level 1:colcon.colcon_core.shell:create_environment_hook('robocon2023_b_dash', 'cmake_prefix_path')
[7.769s] INFO:colcon.colcon_core.shell:Creating environment hook '/home/kaibuchisoma/robocon_ws/RoboconDetectionFruit/install/robocon2023_b_dash/share/robocon2023_b_dash/hook/cmake_prefix_path.ps1'
[7.769s] INFO:colcon.colcon_core.shell:Creating environment descriptor '/home/kaibuchisoma/robocon_ws/RoboconDetectionFruit/install/robocon2023_b_dash/share/robocon2023_b_dash/hook/cmake_prefix_path.dsv'
[7.770s] INFO:colcon.colcon_core.shell:Creating environment hook '/home/kaibuchisoma/robocon_ws/RoboconDetectionFruit/install/robocon2023_b_dash/share/robocon2023_b_dash/hook/cmake_prefix_path.sh'
[7.770s] Level 1:colcon.colcon_core.environment:checking '/home/kaibuchisoma/robocon_ws/RoboconDetectionFruit/install/robocon2023_b_dash/lib'
[7.770s] Level 1:colcon.colcon_core.environment:checking '/home/kaibuchisoma/robocon_ws/RoboconDetectionFruit/install/robocon2023_b_dash/bin'
[7.770s] Level 1:colcon.colcon_core.environment:checking '/home/kaibuchisoma/robocon_ws/RoboconDetectionFruit/install/robocon2023_b_dash/lib/pkgconfig/robocon2023_b_dash.pc'
[7.771s] Level 1:colcon.colcon_core.environment:checking '/home/kaibuchisoma/robocon_ws/RoboconDetectionFruit/install/robocon2023_b_dash/lib/python3.10/site-packages'
[7.771s] Level 1:colcon.colcon_core.environment:checking '/home/kaibuchisoma/robocon_ws/RoboconDetectionFruit/install/robocon2023_b_dash/bin'
[7.783s] INFO:colcon.colcon_core.shell:Creating package script '/home/kaibuchisoma/robocon_ws/RoboconDetectionFruit/install/robocon2023_b_dash/share/robocon2023_b_dash/package.ps1'
[7.783s] INFO:colcon.colcon_core.shell:Creating package descriptor '/home/kaibuchisoma/robocon_ws/RoboconDetectionFruit/install/robocon2023_b_dash/share/robocon2023_b_dash/package.dsv'
[7.784s] INFO:colcon.colcon_core.shell:Creating package script '/home/kaibuchisoma/robocon_ws/RoboconDetectionFruit/install/robocon2023_b_dash/share/robocon2023_b_dash/package.sh'
[7.784s] INFO:colcon.colcon_core.shell:Creating package script '/home/kaibuchisoma/robocon_ws/RoboconDetectionFruit/install/robocon2023_b_dash/share/robocon2023_b_dash/package.bash'
[7.784s] INFO:colcon.colcon_core.shell:Creating package script '/home/kaibuchisoma/robocon_ws/RoboconDetectionFruit/install/robocon2023_b_dash/share/robocon2023_b_dash/package.zsh'
[7.785s] Level 1:colcon.colcon_core.environment:create_file_with_runtime_dependencies(/home/kaibuchisoma/robocon_ws/RoboconDetectionFruit/install/robocon2023_b_dash/share/colcon-core/packages/robocon2023_b_dash)
[7.785s] DEBUG:colcon.colcon_parallel_executor.executor.parallel:closing loop
[7.785s] DEBUG:colcon.colcon_parallel_executor.executor.parallel:loop closed
[7.785s] DEBUG:colcon.colcon_parallel_executor.executor.parallel:run_until_complete finished with '2'
[7.785s] DEBUG:colcon.colcon_core.event_reactor:joining thread
[7.801s] INFO:colcon.colcon_core.plugin_system:Skipping extension 'colcon_notification.desktop_notification.terminal_notifier': Not used on non-Darwin systems
[7.801s] INFO:colcon.colcon_core.plugin_system:Skipping extension 'colcon_notification.desktop_notification.win32': Not used on non-Windows systems
[7.801s] INFO:colcon.colcon_notification.desktop_notification:Sending desktop notification using 'notify2'
[7.809s] DEBUG:colcon.colcon_core.event_reactor:joined thread
[7.823s] INFO:colcon.colcon_core.shell:Creating prefix script '/home/kaibuchisoma/robocon_ws/RoboconDetectionFruit/install/local_setup.ps1'
[7.824s] INFO:colcon.colcon_core.shell:Creating prefix util module '/home/kaibuchisoma/robocon_ws/RoboconDetectionFruit/install/_local_setup_util_ps1.py'
[7.825s] INFO:colcon.colcon_core.shell:Creating prefix chain script '/home/kaibuchisoma/robocon_ws/RoboconDetectionFruit/install/setup.ps1'
[7.837s] INFO:colcon.colcon_core.shell:Creating prefix script '/home/kaibuchisoma/robocon_ws/RoboconDetectionFruit/install/local_setup.sh'
[7.837s] INFO:colcon.colcon_core.shell:Creating prefix util module '/home/kaibuchisoma/robocon_ws/RoboconDetectionFruit/install/_local_setup_util_sh.py'
[7.838s] INFO:colcon.colcon_core.shell:Creating prefix chain script '/home/kaibuchisoma/robocon_ws/RoboconDetectionFruit/install/setup.sh'
[7.850s] INFO:colcon.colcon_core.shell:Creating prefix script '/home/kaibuchisoma/robocon_ws/RoboconDetectionFruit/install/local_setup.bash'
[7.851s] INFO:colcon.colcon_core.shell:Creating prefix chain script '/home/kaibuchisoma/robocon_ws/RoboconDetectionFruit/install/setup.bash'
[7.863s] INFO:colcon.colcon_core.shell:Creating prefix script '/home/kaibuchisoma/robocon_ws/RoboconDetectionFruit/install/local_setup.zsh'
[7.863s] INFO:colcon.colcon_core.shell:Creating prefix chain script '/home/kaibuchisoma/robocon_ws/RoboconDetectionFruit/install/setup.zsh'
