[0.893s] Invoking command in '/home/kaibuchisoma/robocon_ws/RoboconDetectionFruit/src/fruit_detection': PYTHONPATH=/home/kaibuchisoma/robocon_ws/RoboconDetectionFruit/build/fruit_detection/prefix_override:/home/kaibuchisoma/robocon_ws/RoboconDetectionFruit/install/fruit_detection/lib/python3.10/site-packages:${PYTHONPATH} /usr/bin/python3 setup.py egg_info --egg-base ../../build/fruit_detection build --build-base /home/kaibuchisoma/robocon_ws/RoboconDetectionFruit/build/fruit_detection/build install --record /home/kaibuchisoma/robocon_ws/RoboconDetectionFruit/build/fruit_detection/install.log --single-version-externally-managed
[1.150s] running egg_info
[1.151s] writing ../../build/fruit_detection/fruit_detection.egg-info/PKG-INFO
[1.151s] writing dependency_links to ../../build/fruit_detection/fruit_detection.egg-info/dependency_links.txt
[1.151s] writing entry points to ../../build/fruit_detection/fruit_detection.egg-info/entry_points.txt
[1.152s] writing requirements to ../../build/fruit_detection/fruit_detection.egg-info/requires.txt
[1.152s] writing top-level names to ../../build/fruit_detection/fruit_detection.egg-info/top_level.txt
[1.153s] reading manifest file '../../build/fruit_detection/fruit_detection.egg-info/SOURCES.txt'
[1.154s] writing manifest file '../../build/fruit_detection/fruit_detection.egg-info/SOURCES.txt'
[1.155s] running build
[1.155s] running build_py
[1.155s] running install
[1.155s] /usr/lib/python3/dist-packages/setuptools/command/install.py:34: SetuptoolsDeprecationWarning: setup.py install is deprecated. Use build and pip and other standards-based tools.
[1.156s]   warnings.warn(
[1.156s] running install_lib
[1.157s] running install_data
[1.158s] running install_egg_info
[1.159s] removing '/home/kaibuchisoma/robocon_ws/RoboconDetectionFruit/install/fruit_detection/lib/python3.10/site-packages/fruit_detection-0.0.1-py3.10.egg-info' (and everything under it)
[1.160s] Copying ../../build/fruit_detection/fruit_detection.egg-info to /home/kaibuchisoma/robocon_ws/RoboconDetectionFruit/install/fruit_detection/lib/python3.10/site-packages/fruit_detection-0.0.1-py3.10.egg-info
[1.161s] running install_scripts
[1.184s] Installing listener script to /home/kaibuchisoma/robocon_ws/RoboconDetectionFruit/install/fruit_detection/lib/fruit_detection
[1.184s] Installing pubdetect script to /home/kaibuchisoma/robocon_ws/RoboconDetectionFruit/install/fruit_detection/lib/fruit_detection
[1.185s] Installing talker script to /home/kaibuchisoma/robocon_ws/RoboconDetectionFruit/install/fruit_detection/lib/fruit_detection
[1.185s] writing list of installed files to '/home/kaibuchisoma/robocon_ws/RoboconDetectionFruit/build/fruit_detection/install.log'
[1.219s] Invoked command in '/home/kaibuchisoma/robocon_ws/RoboconDetectionFruit/src/fruit_detection' returned '0': PYTHONPATH=/home/kaibuchisoma/robocon_ws/RoboconDetectionFruit/build/fruit_detection/prefix_override:/home/kaibuchisoma/robocon_ws/RoboconDetectionFruit/install/fruit_detection/lib/python3.10/site-packages:${PYTHONPATH} /usr/bin/python3 setup.py egg_info --egg-base ../../build/fruit_detection build --build-base /home/kaibuchisoma/robocon_ws/RoboconDetectionFruit/build/fruit_detection/build install --record /home/kaibuchisoma/robocon_ws/RoboconDetectionFruit/build/fruit_detection/install.log --single-version-externally-managed
