[0.529s] Invoking command in '/home/kaibuchisoma/usbから/RoboconDetectionFruit-master/build/robocon2023_b_dash': CMAKE_PREFIX_PATH=${CMAKE_PREFIX_PATH}:/home/kaibuchisoma/usbから/RoboconDetectionFruit-master/install/fruit_detection:/home/kaibuchisoma/robocon_ws/install/fruit_detection:/opt/ros/humble /usr/bin/cmake --build /home/kaibuchisoma/usbから/RoboconDetectionFruit-master/build/robocon2023_b_dash -- -j12 -l12
[0.613s] [ 13%] Built target Upper_Controller
[0.613s] [ 31%] Built target Xmove_Controller
[0.613s] [ 36%] Built target Crawl_Controller
[0.614s] [ 45%] Built target Drive_Controller
[0.615s] [ 45%] Built target DriveMotion
[0.616s] [ 54%] Built target SerialKIMD
[0.616s] [ 63%] Built target BeltLiner_Controller
[0.618s] [ 72%] Built target WallUpMotion
[0.620s] [ 81%] Built target Solenoid_Controller
[0.626s] [ 90%] Built target RopeMotion
[0.627s] [100%] Built target receiver
[0.646s] Invoked command in '/home/kaibuchisoma/usbから/RoboconDetectionFruit-master/build/robocon2023_b_dash' returned '0': CMAKE_PREFIX_PATH=${CMAKE_PREFIX_PATH}:/home/kaibuchisoma/usbから/RoboconDetectionFruit-master/install/fruit_detection:/home/kaibuchisoma/robocon_ws/install/fruit_detection:/opt/ros/humble /usr/bin/cmake --build /home/kaibuchisoma/usbから/RoboconDetectionFruit-master/build/robocon2023_b_dash -- -j12 -l12
[0.756s] Invoking command in '/home/kaibuchisoma/usbから/RoboconDetectionFruit-master/build/robocon2023_b_dash': CMAKE_PREFIX_PATH=${CMAKE_PREFIX_PATH}:/home/kaibuchisoma/usbから/RoboconDetectionFruit-master/install/fruit_detection:/home/kaibuchisoma/robocon_ws/install/fruit_detection:/opt/ros/humble /usr/bin/cmake --install /home/kaibuchisoma/usbから/RoboconDetectionFruit-master/build/robocon2023_b_dash
[0.764s] -- Install configuration: ""
[0.764s] -- Up-to-date: /home/kaibuchisoma/usbから/RoboconDetectionFruit-master/install/robocon2023_b_dash/lib/robocon2023_b_dash/SerialKIMD
[0.764s] -- Up-to-date: /home/kaibuchisoma/usbから/RoboconDetectionFruit-master/install/robocon2023_b_dash/lib/robocon2023_b_dash/Xmove_Controller
[0.765s] -- Up-to-date: /home/kaibuchisoma/usbから/RoboconDetectionFruit-master/install/robocon2023_b_dash/lib/robocon2023_b_dash/DriveMotion
[0.765s] -- Up-to-date: /home/kaibuchisoma/usbから/RoboconDetectionFruit-master/install/robocon2023_b_dash/lib/robocon2023_b_dash/Drive_Controller
[0.766s] -- Up-to-date: /home/kaibuchisoma/usbから/RoboconDetectionFruit-master/install/robocon2023_b_dash/lib/robocon2023_b_dash/Upper_Controller
[0.766s] -- Up-to-date: /home/kaibuchisoma/usbから/RoboconDetectionFruit-master/install/robocon2023_b_dash/lib/robocon2023_b_dash/WallUpMotion
[0.766s] -- Up-to-date: /home/kaibuchisoma/usbから/RoboconDetectionFruit-master/install/robocon2023_b_dash/lib/robocon2023_b_dash/Crawl_Controller
[0.767s] -- Up-to-date: /home/kaibuchisoma/usbから/RoboconDetectionFruit-master/install/robocon2023_b_dash/lib/robocon2023_b_dash/Solenoid_Controller
[0.767s] -- Up-to-date: /home/kaibuchisoma/usbから/RoboconDetectionFruit-master/install/robocon2023_b_dash/lib/robocon2023_b_dash/BeltLiner_Controller
[0.768s] -- Up-to-date: /home/kaibuchisoma/usbから/RoboconDetectionFruit-master/install/robocon2023_b_dash/lib/robocon2023_b_dash/RopeMotion
[0.768s] -- Up-to-date: /home/kaibuchisoma/usbから/RoboconDetectionFruit-master/install/robocon2023_b_dash/lib/robocon2023_b_dash/receiver
[0.768s] -- Up-to-date: /home/kaibuchisoma/usbから/RoboconDetectionFruit-master/install/robocon2023_b_dash/share/ament_index/resource_index/package_run_dependencies/robocon2023_b_dash
[0.768s] -- Up-to-date: /home/kaibuchisoma/usbから/RoboconDetectionFruit-master/install/robocon2023_b_dash/share/ament_index/resource_index/parent_prefix_path/robocon2023_b_dash
[0.768s] -- Up-to-date: /home/kaibuchisoma/usbから/RoboconDetectionFruit-master/install/robocon2023_b_dash/share/robocon2023_b_dash/environment/ament_prefix_path.sh
[0.769s] -- Up-to-date: /home/kaibuchisoma/usbから/RoboconDetectionFruit-master/install/robocon2023_b_dash/share/robocon2023_b_dash/environment/ament_prefix_path.dsv
[0.769s] -- Up-to-date: /home/kaibuchisoma/usbから/RoboconDetectionFruit-master/install/robocon2023_b_dash/share/robocon2023_b_dash/environment/path.sh
[0.769s] -- Up-to-date: /home/kaibuchisoma/usbから/RoboconDetectionFruit-master/install/robocon2023_b_dash/share/robocon2023_b_dash/environment/path.dsv
[0.769s] -- Up-to-date: /home/kaibuchisoma/usbから/RoboconDetectionFruit-master/install/robocon2023_b_dash/share/robocon2023_b_dash/local_setup.bash
[0.769s] -- Up-to-date: /home/kaibuchisoma/usbから/RoboconDetectionFruit-master/install/robocon2023_b_dash/share/robocon2023_b_dash/local_setup.sh
[0.769s] -- Up-to-date: /home/kaibuchisoma/usbから/RoboconDetectionFruit-master/install/robocon2023_b_dash/share/robocon2023_b_dash/local_setup.zsh
[0.769s] -- Up-to-date: /home/kaibuchisoma/usbから/RoboconDetectionFruit-master/install/robocon2023_b_dash/share/robocon2023_b_dash/local_setup.dsv
[0.769s] -- Installing: /home/kaibuchisoma/usbから/RoboconDetectionFruit-master/install/robocon2023_b_dash/share/robocon2023_b_dash/package.dsv
[0.769s] -- Up-to-date: /home/kaibuchisoma/usbから/RoboconDetectionFruit-master/install/robocon2023_b_dash/share/ament_index/resource_index/packages/robocon2023_b_dash
[0.770s] -- Up-to-date: /home/kaibuchisoma/usbから/RoboconDetectionFruit-master/install/robocon2023_b_dash/share/robocon2023_b_dash/cmake/robocon2023_b_dashConfig.cmake
[0.770s] -- Up-to-date: /home/kaibuchisoma/usbから/RoboconDetectionFruit-master/install/robocon2023_b_dash/share/robocon2023_b_dash/cmake/robocon2023_b_dashConfig-version.cmake
[0.770s] -- Up-to-date: /home/kaibuchisoma/usbから/RoboconDetectionFruit-master/install/robocon2023_b_dash/share/robocon2023_b_dash/package.xml
[0.772s] Invoked command in '/home/kaibuchisoma/usbから/RoboconDetectionFruit-master/build/robocon2023_b_dash' returned '0': CMAKE_PREFIX_PATH=${CMAKE_PREFIX_PATH}:/home/kaibuchisoma/usbから/RoboconDetectionFruit-master/install/fruit_detection:/home/kaibuchisoma/robocon_ws/install/fruit_detection:/opt/ros/humble /usr/bin/cmake --install /home/kaibuchisoma/usbから/RoboconDetectionFruit-master/build/robocon2023_b_dash
