[1.273s] Invoking command in '/home/kaibuchisoma/usbから/RoboconDetectionFruit-master/src/fruit_detection': PYTHONPATH=/home/kaibuchisoma/usbから/RoboconDetectionFruit-master/build/fruit_detection/prefix_override:/home/kaibuchisoma/usbから/RoboconDetectionFruit-master/install/fruit_detection/lib/python3.10/site-packages:${PYTHONPATH} /usr/bin/python3 setup.py egg_info --egg-base ../../build/fruit_detection build --build-base /home/kaibuchisoma/usbから/RoboconDetectionFruit-master/build/fruit_detection/build install --record /home/kaibuchisoma/usbから/RoboconDetectionFruit-master/build/fruit_detection/install.log --single-version-externally-managed
[1.637s] running egg_info
[1.638s] writing ../../build/fruit_detection/fruit_detection.egg-info/PKG-INFO
[1.638s] writing dependency_links to ../../build/fruit_detection/fruit_detection.egg-info/dependency_links.txt
[1.638s] writing entry points to ../../build/fruit_detection/fruit_detection.egg-info/entry_points.txt
[1.638s] writing requirements to ../../build/fruit_detection/fruit_detection.egg-info/requires.txt
[1.639s] writing top-level names to ../../build/fruit_detection/fruit_detection.egg-info/top_level.txt
[1.641s] reading manifest file '../../build/fruit_detection/fruit_detection.egg-info/SOURCES.txt'
[1.642s] writing manifest file '../../build/fruit_detection/fruit_detection.egg-info/SOURCES.txt'
[1.643s] running build
[1.643s] running build_py
[1.643s] copying fruit_detection/pubdetect.py -> /home/kaibuchisoma/usbから/RoboconDetectionFruit-master/build/fruit_detection/build/lib/fruit_detection
[1.644s] running install
[1.644s] /usr/lib/python3/dist-packages/setuptools/command/install.py:34: SetuptoolsDeprecationWarning: setup.py install is deprecated. Use build and pip and other standards-based tools.
[1.645s]   warnings.warn(
[1.645s] running install_lib
[1.646s] copying /home/kaibuchisoma/usbから/RoboconDetectionFruit-master/build/fruit_detection/build/lib/fruit_detection/pubdetect.py -> /home/kaibuchisoma/usbから/RoboconDetectionFruit-master/install/fruit_detection/lib/python3.10/site-packages/fruit_detection
[1.647s] byte-compiling /home/kaibuchisoma/usbから/RoboconDetectionFruit-master/install/fruit_detection/lib/python3.10/site-packages/fruit_detection/pubdetect.py to pubdetect.cpython-310.pyc
[1.651s] running install_data
[1.651s] running install_egg_info
[1.653s] removing '/home/kaibuchisoma/usbから/RoboconDetectionFruit-master/install/fruit_detection/lib/python3.10/site-packages/fruit_detection-0.0.1-py3.10.egg-info' (and everything under it)
[1.654s] Copying ../../build/fruit_detection/fruit_detection.egg-info to /home/kaibuchisoma/usbから/RoboconDetectionFruit-master/install/fruit_detection/lib/python3.10/site-packages/fruit_detection-0.0.1-py3.10.egg-info
[1.655s] running install_scripts
[1.683s] Installing listener script to /home/kaibuchisoma/usbから/RoboconDetectionFruit-master/install/fruit_detection/lib/fruit_detection
[1.683s] Installing pubdetect script to /home/kaibuchisoma/usbから/RoboconDetectionFruit-master/install/fruit_detection/lib/fruit_detection
[1.684s] Installing talker script to /home/kaibuchisoma/usbから/RoboconDetectionFruit-master/install/fruit_detection/lib/fruit_detection
[1.684s] writing list of installed files to '/home/kaibuchisoma/usbから/RoboconDetectionFruit-master/build/fruit_detection/install.log'
[1.719s] Invoked command in '/home/kaibuchisoma/usbから/RoboconDetectionFruit-master/src/fruit_detection' returned '0': PYTHONPATH=/home/kaibuchisoma/usbから/RoboconDetectionFruit-master/build/fruit_detection/prefix_override:/home/kaibuchisoma/usbから/RoboconDetectionFruit-master/install/fruit_detection/lib/python3.10/site-packages:${PYTHONPATH} /usr/bin/python3 setup.py egg_info --egg-base ../../build/fruit_detection build --build-base /home/kaibuchisoma/usbから/RoboconDetectionFruit-master/build/fruit_detection/build install --record /home/kaibuchisoma/usbから/RoboconDetectionFruit-master/build/fruit_detection/install.log --single-version-externally-managed
