[0.555s] Invoking command in '/home/ros-industrial/robocon_ws/build/robocon2023_b_dash': CMAKE_PREFIX_PATH=${CMAKE_PREFIX_PATH}:/opt/ros/foxy /usr/bin/cmake --build /home/ros-industrial/robocon_ws/build/robocon2023_b_dash -- -j8 -l8
[0.603s] [35m[1mScanning dependencies of target Transmitter920[0m
[0.621s] [  7%] Built target Solenoid_Controller
[0.635s] [ 14%] Built target KiwiMotion
[0.637s] [ 21%] Built target Receiver920
[0.641s] [ 28%] Built target SerialKIMD
[0.641s] [ 35%] Built target Xmove_Controller
[0.643s] [ 42%] Built target BeltLiner_Controller
[0.643s] [ 46%] [32mBuilding CXX object CMakeFiles/Transmitter920.dir/src/Transmitter920.cpp.o[0m
[0.644s] [ 53%] Built target DriveMotion
[0.671s] [ 60%] Built target Drive_Controller
[0.677s] [ 67%] Built target Upper_Controller
[0.686s] [ 75%] Built target MotionMaster
[0.687s] [ 82%] Built target WallUpMotion
[0.690s] [ 89%] Built target RopeMotion
[0.690s] [ 96%] Built target Crawl_Controller
[1.552s] In file included from [01m[K/home/ros-industrial/robocon_ws/src/robocon2023_b_dash/src/Transmitter920.cpp:2[m[K:
[1.552s] [01m[K/home/ros-industrial/robocon_ws/src/robocon2023_b_dash/src/Transmitter920.hpp:24:5:[m[K [01;35m[Kwarning: [m[KISO C++ prohibits anonymous structs [[01;35m[K-Wpedantic[m[K]
[1.552s]    24 |     [01;35m[K}[m[K;
[1.552s]       |     [01;35m[K^[m[K
[1.572s] [01m[K/home/ros-industrial/robocon_ws/src/robocon2023_b_dash/src/Transmitter920.cpp:[m[K In member function ‘[01m[Kvoid Transmitter920_Node::EncodeCOBSdata()[m[K’:
[1.572s] [01m[K/home/ros-industrial/robocon_ws/src/robocon2023_b_dash/src/Transmitter920.cpp:133:23:[m[K [01;35m[Kwarning: [m[Kcomparison of integer expressions of different signedness: ‘[01m[Kint[m[K’ and ‘[01m[Klong unsigned int[m[K’ [[01;35m[K-Wsign-compare[m[K]
[1.572s]   133 |     for (int i = 0; [01;35m[Ki < sizeof(this->compress_data) + 1[m[K; i++)
[1.573s]       |                     [01;35m[K~~^~~~~~~~~~~~~~~~~~~~~~~~~~~~~~~~~[m[K
[1.573s] [01m[K/home/ros-industrial/robocon_ws/src/robocon2023_b_dash/src/Transmitter920.cpp:[m[K In member function ‘[01m[Kvoid Transmitter920_Node::DecodeCOBSdata()[m[K’:
[1.573s] [01m[K/home/ros-industrial/robocon_ws/src/robocon2023_b_dash/src/Transmitter920.cpp:155:23:[m[K [01;35m[Kwarning: [m[Kcomparison of integer expressions of different signedness: ‘[01m[Kint[m[K’ and ‘[01m[Klong unsigned int[m[K’ [[01;35m[K-Wsign-compare[m[K]
[1.573s]   155 |     for (int i = 0; [01;35m[Ki < sizeof(temp_cobs)[m[K; i++)
[1.573s]       |                     [01;35m[K~~^~~~~~~~~~~~~~~~~~~[m[K
[1.574s] [01m[K/home/ros-industrial/robocon_ws/src/robocon2023_b_dash/src/Transmitter920.cpp:162:14:[m[K [01;35m[Kwarning: [m[Kcomparison of integer expressions of different signedness: ‘[01m[Kint[m[K’ and ‘[01m[Klong unsigned int[m[K’ [[01;35m[K-Wsign-compare[m[K]
[1.574s]   162 |     while ([01;35m[Ki < sizeof(this->receive_buf) - 1[m[K)
[1.574s]       |            [01;35m[K~~^~~~~~~~~~~~~~~~~~~~~~~~~~~~~~~[m[K
[1.574s] [01m[K/home/ros-industrial/robocon_ws/src/robocon2023_b_dash/src/Transmitter920.cpp:170:23:[m[K [01;35m[Kwarning: [m[Kcomparison of integer expressions of different signedness: ‘[01m[Kint[m[K’ and ‘[01m[Klong unsigned int[m[K’ [[01;35m[K-Wsign-compare[m[K]
[1.574s]   170 |     for (int i = 0; [01;35m[Ki < sizeof(this->receive_compress_data)[m[K; i++)
[1.575s]       |                     [01;35m[K~~^~~~~~~~~~~~~~~~~~~~~~~~~~~~~~~~~~~~~[m[K
[1.575s] [01m[K/home/ros-industrial/robocon_ws/src/robocon2023_b_dash/src/Transmitter920.cpp:[m[K In member function ‘[01m[Kvoid Transmitter920_Node::timer_callback()[m[K’:
[1.575s] [01m[K/home/ros-industrial/robocon_ws/src/robocon2023_b_dash/src/Transmitter920.cpp:218:23:[m[K [01;35m[Kwarning: [m[Kcomparison of integer expressions of different signedness: ‘[01m[Kint[m[K’ and ‘[01m[Klong unsigned int[m[K’ [[01;35m[K-Wsign-compare[m[K]
[1.575s]   218 |     for (int i = 0; [01;35m[Ki < sizeof(this->compress_data) + 2[m[K; i++)
[1.575s]       |                     [01;35m[K~~^~~~~~~~~~~~~~~~~~~~~~~~~~~~~~~~~[m[K
[1.581s] [01m[K/home/ros-industrial/robocon_ws/src/robocon2023_b_dash/src/Transmitter920.cpp:234:23:[m[K [01;35m[Kwarning: [m[Kcomparison of integer expressions of different signedness: ‘[01m[Kint[m[K’ and ‘[01m[Klong unsigned int[m[K’ [[01;35m[K-Wsign-compare[m[K]
[1.581s]   234 |     for (int i = 0; [01;35m[Ki < sizeof(this->cobs_data)[m[K; i++)
[1.581s]       |                     [01;35m[K~~^~~~~~~~~~~~~~~~~~~~~~~~~[m[K
[4.430s] [100%] [32m[1mLinking CXX executable Transmitter920[0m
[4.583s] [100%] Built target Transmitter920
[4.592s] Invoked command in '/home/ros-industrial/robocon_ws/build/robocon2023_b_dash' returned '0': CMAKE_PREFIX_PATH=${CMAKE_PREFIX_PATH}:/opt/ros/foxy /usr/bin/cmake --build /home/ros-industrial/robocon_ws/build/robocon2023_b_dash -- -j8 -l8
[4.631s] Invoking command in '/home/ros-industrial/robocon_ws/build/robocon2023_b_dash': CMAKE_PREFIX_PATH=${CMAKE_PREFIX_PATH}:/opt/ros/foxy /usr/bin/cmake --install /home/ros-industrial/robocon_ws/build/robocon2023_b_dash
[4.636s] -- Install configuration: ""
[4.637s] -- Up-to-date: /home/ros-industrial/robocon_ws/install/robocon2023_b_dash/lib/robocon2023_b_dash/SerialKIMD
[4.637s] -- Up-to-date: /home/ros-industrial/robocon_ws/install/robocon2023_b_dash/lib/robocon2023_b_dash/Xmove_Controller
[4.637s] -- Up-to-date: /home/ros-industrial/robocon_ws/install/robocon2023_b_dash/lib/robocon2023_b_dash/DriveMotion
[4.637s] -- Up-to-date: /home/ros-industrial/robocon_ws/install/robocon2023_b_dash/lib/robocon2023_b_dash/Drive_Controller
[4.638s] -- Up-to-date: /home/ros-industrial/robocon_ws/install/robocon2023_b_dash/lib/robocon2023_b_dash/Upper_Controller
[4.638s] -- Up-to-date: /home/ros-industrial/robocon_ws/install/robocon2023_b_dash/lib/robocon2023_b_dash/WallUpMotion
[4.638s] -- Up-to-date: /home/ros-industrial/robocon_ws/install/robocon2023_b_dash/lib/robocon2023_b_dash/Crawl_Controller
[4.638s] -- Up-to-date: /home/ros-industrial/robocon_ws/install/robocon2023_b_dash/lib/robocon2023_b_dash/Solenoid_Controller
[4.638s] -- Up-to-date: /home/ros-industrial/robocon_ws/install/robocon2023_b_dash/lib/robocon2023_b_dash/BeltLiner_Controller
[4.639s] -- Up-to-date: /home/ros-industrial/robocon_ws/install/robocon2023_b_dash/lib/robocon2023_b_dash/RopeMotion
[4.639s] -- Up-to-date: /home/ros-industrial/robocon_ws/install/robocon2023_b_dash/lib/robocon2023_b_dash/MotionMaster
[4.639s] -- Up-to-date: /home/ros-industrial/robocon_ws/install/robocon2023_b_dash/lib/robocon2023_b_dash/KiwiMotion
[4.639s] -- Installing: /home/ros-industrial/robocon_ws/install/robocon2023_b_dash/lib/robocon2023_b_dash/Transmitter920
[4.641s] -- Set runtime path of "/home/ros-industrial/robocon_ws/install/robocon2023_b_dash/lib/robocon2023_b_dash/Transmitter920" to ""
[4.641s] -- Up-to-date: /home/ros-industrial/robocon_ws/install/robocon2023_b_dash/lib/robocon2023_b_dash/Receiver920
[4.641s] -- Up-to-date: /home/ros-industrial/robocon_ws/install/robocon2023_b_dash/share/ament_index/resource_index/package_run_dependencies/robocon2023_b_dash
[4.642s] -- Up-to-date: /home/ros-industrial/robocon_ws/install/robocon2023_b_dash/share/ament_index/resource_index/parent_prefix_path/robocon2023_b_dash
[4.642s] -- Up-to-date: /home/ros-industrial/robocon_ws/install/robocon2023_b_dash/share/robocon2023_b_dash/environment/ament_prefix_path.sh
[4.642s] -- Up-to-date: /home/ros-industrial/robocon_ws/install/robocon2023_b_dash/share/robocon2023_b_dash/environment/ament_prefix_path.dsv
[4.642s] -- Up-to-date: /home/ros-industrial/robocon_ws/install/robocon2023_b_dash/share/robocon2023_b_dash/environment/path.sh
[4.642s] -- Up-to-date: /home/ros-industrial/robocon_ws/install/robocon2023_b_dash/share/robocon2023_b_dash/environment/path.dsv
[4.642s] -- Up-to-date: /home/ros-industrial/robocon_ws/install/robocon2023_b_dash/share/robocon2023_b_dash/local_setup.bash
[4.642s] -- Up-to-date: /home/ros-industrial/robocon_ws/install/robocon2023_b_dash/share/robocon2023_b_dash/local_setup.sh
[4.642s] -- Up-to-date: /home/ros-industrial/robocon_ws/install/robocon2023_b_dash/share/robocon2023_b_dash/local_setup.zsh
[4.642s] -- Up-to-date: /home/ros-industrial/robocon_ws/install/robocon2023_b_dash/share/robocon2023_b_dash/local_setup.dsv
[4.642s] -- Installing: /home/ros-industrial/robocon_ws/install/robocon2023_b_dash/share/robocon2023_b_dash/package.dsv
[4.642s] -- Up-to-date: /home/ros-industrial/robocon_ws/install/robocon2023_b_dash/share/ament_index/resource_index/packages/robocon2023_b_dash
[4.642s] -- Up-to-date: /home/ros-industrial/robocon_ws/install/robocon2023_b_dash/share/robocon2023_b_dash/cmake/robocon2023_b_dashConfig.cmake
[4.642s] -- Up-to-date: /home/ros-industrial/robocon_ws/install/robocon2023_b_dash/share/robocon2023_b_dash/cmake/robocon2023_b_dashConfig-version.cmake
[4.642s] -- Up-to-date: /home/ros-industrial/robocon_ws/install/robocon2023_b_dash/share/robocon2023_b_dash/package.xml
[4.644s] Invoked command in '/home/ros-industrial/robocon_ws/build/robocon2023_b_dash' returned '0': CMAKE_PREFIX_PATH=${CMAKE_PREFIX_PATH}:/opt/ros/foxy /usr/bin/cmake --install /home/ros-industrial/robocon_ws/build/robocon2023_b_dash
