[0.009s] Invoking command in '/home/ros-industrial/robocon_ws/build/ros_to_kimd': CMAKE_PREFIX_PATH=/opt/ros/foxy /usr/bin/cmake /home/ros-industrial/robocon_ws/src/ros_to_kimd -DCMAKE_INSTALL_PREFIX=/home/ros-industrial/robocon_ws/install/ros_to_kimd
[0.046s] -- The C compiler identification is GNU 9.4.0
[0.082s] -- The CXX compiler identification is GNU 9.4.0
[0.085s] -- Check for working C compiler: /usr/bin/cc
[0.129s] -- Check for working C compiler: /usr/bin/cc -- works
[0.130s] -- Detecting C compiler ABI info
[0.174s] -- Detecting C compiler ABI info - done
[0.181s] -- Detecting C compile features
[0.181s] -- Detecting C compile features - done
[0.183s] -- Check for working CXX compiler: /usr/bin/c++
[0.232s] -- Check for working CXX compiler: /usr/bin/c++ -- works
[0.233s] -- Detecting CXX compiler ABI info
[0.285s] -- Detecting CXX compiler ABI info - done
[0.291s] -- Detecting CXX compile features
[0.292s] -- Detecting CXX compile features - done
[0.293s] -- Found ament_cmake: 0.9.12 (/opt/ros/foxy/share/ament_cmake/cmake)
[0.307s] -- Found PythonInterp: /usr/bin/python3 (found suitable version "3.8.10", minimum required is "3") 
[0.307s] -- Using PYTHON_EXECUTABLE: /usr/bin/python3
[0.420s] -- Found rclcpp: 2.4.3 (/opt/ros/foxy/share/rclcpp/cmake)
[0.446s] -- Using all available rosidl_typesupport_c: rosidl_typesupport_fastrtps_c;rosidl_typesupport_introspection_c
[0.449s] -- Found rosidl_adapter: 1.3.1 (/opt/ros/foxy/share/rosidl_adapter/cmake)
[0.494s] -- Found OpenSSL: /usr/lib/x86_64-linux-gnu/libcrypto.so (found version "1.1.1f")  
[0.510s] -- Found FastRTPS: /opt/ros/foxy/include  
[0.555s] -- Using all available rosidl_typesupport_cpp: rosidl_typesupport_fastrtps_cpp;rosidl_typesupport_introspection_cpp
[0.589s] -- Found rmw_implementation_cmake: 1.0.4 (/opt/ros/foxy/share/rmw_implementation_cmake/cmake)
[0.590s] -- Using RMW implementation 'rmw_fastrtps_cpp' as default
[0.590s] -- Looking for pthread.h
[0.635s] -- Looking for pthread.h - found
[0.635s] -- Performing Test CMAKE_HAVE_LIBC_PTHREAD
[0.682s] -- Performing Test CMAKE_HAVE_LIBC_PTHREAD - Failed
[0.682s] -- Looking for pthread_create in pthreads
[0.718s] -- Looking for pthread_create in pthreads - not found
[0.718s] -- Looking for pthread_create in pthread
[0.763s] -- Looking for pthread_create in pthread - found
[0.763s] -- Found Threads: TRUE  
[0.866s] -- Found sensor_msgs: 2.0.5 (/opt/ros/foxy/share/sensor_msgs/cmake)
[0.953s] -- Found ament_lint_auto: 0.9.8 (/opt/ros/foxy/share/ament_lint_auto/cmake)
[1.000s] -- Added test 'copyright' to check source files copyright and LICENSE
[1.001s] -- Added test 'cppcheck' to perform static code analysis on C / C++ code
[1.001s] -- Configured cppcheck include dirs: 
[1.001s] -- Configured cppcheck exclude dirs and/or files: 
[1.001s] -- Added test 'cpplint' to check C / C++ code against the Google style
[1.001s] -- Configured cpplint exclude dirs and/or files: 
[1.001s] -- Added test 'lint_cmake' to check CMake code style
[1.002s] -- Added test 'uncrustify' to check C / C++ code style
[1.002s] -- Configured uncrustify additional arguments: 
[1.002s] -- Added test 'xmllint' to check XML markup files
[1.004s] -- Configuring done
[1.008s] -- Generating done
[1.009s] -- Build files have been written to: /home/ros-industrial/robocon_ws/build/ros_to_kimd
[1.014s] Invoked command in '/home/ros-industrial/robocon_ws/build/ros_to_kimd' returned '0': CMAKE_PREFIX_PATH=/opt/ros/foxy /usr/bin/cmake /home/ros-industrial/robocon_ws/src/ros_to_kimd -DCMAKE_INSTALL_PREFIX=/home/ros-industrial/robocon_ws/install/ros_to_kimd
[1.017s] Invoking command in '/home/ros-industrial/robocon_ws/build/ros_to_kimd': CMAKE_PREFIX_PATH=/opt/ros/foxy /usr/bin/cmake --build /home/ros-industrial/robocon_ws/build/ros_to_kimd -- -j8 -l8
[1.040s] [35m[1mScanning dependencies of target joysubtest[0m
[1.062s] [ 50%] [32mBuilding CXX object CMakeFiles/joysubtest.dir/src/kimd_send_joystick.cpp.o[0m
[1.779s] [01m[K/home/ros-industrial/robocon_ws/src/ros_to_kimd/src/kimd_send_joystick.cpp:[m[K In member function ‘[01m[Kvoid KiMDJoySubscriber::topic_callback(sensor_msgs::msg::Joy) const[m[K’:
[1.779s] [01m[K/home/ros-industrial/robocon_ws/src/ros_to_kimd/src/kimd_send_joystick.cpp:21:53:[m[K [01;35m[Kwarning: [m[Kunused parameter ‘[01m[Kmsg[m[K’ [[01;35m[K-Wunused-parameter[m[K]
[1.780s]    21 |     void topic_callback([01;35m[Kconst sensor_msgs::msg::Joy msg[m[K) const
[1.780s]       |                         [01;35m[K~~~~~~~~~~~~~~~~~~~~~~~~~~~~^~~[m[K
[1.940s] In file included from [01m[K/opt/ros/foxy/include/rclcpp/node_interfaces/node_topics_interface.hpp:32[m[K,
[1.940s]                  from [01m[K/opt/ros/foxy/include/rclcpp/node.hpp:55[m[K,
[1.940s]                  from [01m[K/opt/ros/foxy/include/rclcpp/executors/single_threaded_executor.hpp:28[m[K,
[1.940s]                  from [01m[K/opt/ros/foxy/include/rclcpp/executors.hpp:22[m[K,
[1.941s]                  from [01m[K/opt/ros/foxy/include/rclcpp/rclcpp.hpp:146[m[K,
[1.941s]                  from [01m[K/home/ros-industrial/robocon_ws/src/ros_to_kimd/src/kimd_send_joystick.cpp:3[m[K:
[1.941s] /opt/ros/foxy/include/rclcpp/subscription_factory.hpp: In instantiation of ‘[01m[Krclcpp::SubscriptionFactory rclcpp::create_subscription_factory(CallbackT&&, const rclcpp::SubscriptionOptionsWithAllocator<AllocatorT>&, typename MessageMemoryStrategyT::SharedPtr, std::shared_ptr<rclcpp::topic_statistics::SubscriptionTopicStatistics<CallbackMessageT> >) [with MessageT = sensor_msgs::msg::Joy_<std::allocator<void> >; CallbackT = std::_Bind<void (KiMDJoySubscriber::*(KiMDJoySubscriber*, std::_Placeholder<1>))(sensor_msgs::msg::Joy_<std::allocator<void> >) const>; AllocatorT = std::allocator<void>; CallbackMessageT = sensor_msgs::msg::Joy_<std::allocator<void> >; SubscriptionT = rclcpp::Subscription<sensor_msgs::msg::Joy_<std::allocator<void> > >; MessageMemoryStrategyT = rclcpp::message_memory_strategy::MessageMemoryStrategy<sensor_msgs::msg::Joy_<std::allocator<void> >, std::allocator<void> >; typename MessageMemoryStrategyT::SharedPtr = std::shared_ptr<rclcpp::message_memory_strategy::MessageMemoryStrategy<sensor_msgs::msg::Joy_<std::allocator<void> >, std::allocator<void> > >][m[K’:
[1.941s] [01m[K/opt/ros/foxy/include/rclcpp/create_subscription.hpp:144:63:[m[K   required from ‘[01m[Kstd::shared_ptr<SubscriptionT> rclcpp::create_subscription(NodeT&&, const string&, const rclcpp::QoS&, CallbackT&&, const rclcpp::SubscriptionOptionsWithAllocator<AllocatorT>&, typename MessageMemoryStrategyT::SharedPtr) [with MessageT = sensor_msgs::msg::Joy_<std::allocator<void> >; CallbackT = std::_Bind<void (KiMDJoySubscriber::*(KiMDJoySubscriber*, std::_Placeholder<1>))(sensor_msgs::msg::Joy_<std::allocator<void> >) const>; AllocatorT = std::allocator<void>; CallbackMessageT = sensor_msgs::msg::Joy_<std::allocator<void> >; SubscriptionT = rclcpp::Subscription<sensor_msgs::msg::Joy_<std::allocator<void> > >; MessageMemoryStrategyT = rclcpp::message_memory_strategy::MessageMemoryStrategy<sensor_msgs::msg::Joy_<std::allocator<void> >, std::allocator<void> >; NodeT = rclcpp::Node&; std::string = std::__cxx11::basic_string<char>; typename MessageMemoryStrategyT::SharedPtr = std::shared_ptr<rclcpp::message_memory_strategy::MessageMemoryStrategy<sensor_msgs::msg::Joy_<std::allocator<void> >, std::allocator<void> > >][m[K’
[1.941s] [01m[K/opt/ros/foxy/include/rclcpp/node_impl.hpp:98:47:[m[K   required from ‘[01m[Kstd::shared_ptr<SubscriptionT> rclcpp::Node::create_subscription(const string&, const rclcpp::QoS&, CallbackT&&, const rclcpp::SubscriptionOptionsWithAllocator<AllocatorT>&, typename MessageMemoryStrategyT::SharedPtr) [with MessageT = sensor_msgs::msg::Joy_<std::allocator<void> >; CallbackT = std::_Bind<void (KiMDJoySubscriber::*(KiMDJoySubscriber*, std::_Placeholder<1>))(sensor_msgs::msg::Joy_<std::allocator<void> >) const>; AllocatorT = std::allocator<void>; CallbackMessageT = sensor_msgs::msg::Joy_<std::allocator<void> >; SubscriptionT = rclcpp::Subscription<sensor_msgs::msg::Joy_<std::allocator<void> > >; MessageMemoryStrategyT = rclcpp::message_memory_strategy::MessageMemoryStrategy<sensor_msgs::msg::Joy_<std::allocator<void> >, std::allocator<void> >; std::string = std::__cxx11::basic_string<char>; typename MessageMemoryStrategyT::SharedPtr = std::shared_ptr<rclcpp::message_memory_strategy::MessageMemoryStrategy<sensor_msgs::msg::Joy_<std::allocator<void> >, std::allocator<void> > >][m[K’
[1.942s] [01m[K/home/ros-industrial/robocon_ws/src/ros_to_kimd/src/kimd_send_joystick.cpp:17:134:[m[K   required from here
[1.942s] [01m[K/opt/ros/foxy/include/rclcpp/subscription_factory.hpp:97:3:[m[K [01;31m[Kerror: [m[Kno matching function for call to ‘[01m[Krclcpp::AnySubscriptionCallback<sensor_msgs::msg::Joy_<std::allocator<void> >, std::allocator<void> >::set(std::_Bind<void (KiMDJoySubscriber::*(KiMDJoySubscriber*, std::_Placeholder<1>))(sensor_msgs::msg::Joy_<std::allocator<void> >) const>)[m[K’
[1.942s]    97 |   [01;31m[Kany_subscription_callback[m[K.set(std::forward<CallbackT>(callback));
[1.942s]       |   [01;31m[K^~~~~~~~~~~~~~~~~~~~~~~~~[m[K
[1.942s] In file included from [01m[K/opt/ros/foxy/include/rclcpp/subscription_base.hpp:29[m[K,
[1.942s]                  from [01m[K/opt/ros/foxy/include/rclcpp/callback_group.hpp:26[m[K,
[1.942s]                  from [01m[K/opt/ros/foxy/include/rclcpp/any_executable.hpp:20[m[K,
[1.942s]                  from [01m[K/opt/ros/foxy/include/rclcpp/memory_strategy.hpp:24[m[K,
[1.942s]                  from [01m[K/opt/ros/foxy/include/rclcpp/memory_strategies.hpp:18[m[K,
[1.943s]                  from [01m[K/opt/ros/foxy/include/rclcpp/executor_options.hpp:20[m[K,
[1.943s]                  from [01m[K/opt/ros/foxy/include/rclcpp/executor.hpp:33[m[K,
[1.943s]                  from [01m[K/opt/ros/foxy/include/rclcpp/executors/multi_threaded_executor.hpp:26[m[K,
[1.943s]                  from [01m[K/opt/ros/foxy/include/rclcpp/executors.hpp:21[m[K,
[1.943s]                  from [01m[K/opt/ros/foxy/include/rclcpp/rclcpp.hpp:146[m[K,
[1.943s]                  from [01m[K/home/ros-industrial/robocon_ws/src/ros_to_kimd/src/kimd_send_joystick.cpp:3[m[K:
[1.943s] [01m[K/opt/ros/foxy/include/rclcpp/any_subscription_callback.hpp:83:8:[m[K [01;36m[Knote: [m[Kcandidate: ‘[01m[Ktemplate<class CallbackT, typename std::enable_if<rclcpp::function_traits::same_arguments<CallbackT, std::function<void(std::shared_ptr<sensor_msgs::msg::Joy_<std::allocator<void> > >)> >::value, void>::type* <anonymous> > void rclcpp::AnySubscriptionCallback<MessageT, Alloc>::set(CallbackT) [with CallbackT = CallbackT; typename std::enable_if<rclcpp::function_traits::same_arguments<CallbackT, std::function<void(std::shared_ptr<_Tp>)> >::value>::type* <anonymous> = <enumerator>; MessageT = sensor_msgs::msg::Joy_<std::allocator<void> >; Alloc = std::allocator<void>][m[K’
[1.943s]    83 |   void [01;36m[Kset[m[K(CallbackT callback)
[1.944s]       |        [01;36m[K^~~[m[K
[1.944s] [01m[K/opt/ros/foxy/include/rclcpp/any_subscription_callback.hpp:83:8:[m[K [01;36m[Knote: [m[K  template argument deduction/substitution failed:
[1.944s] [01m[K/opt/ros/foxy/include/rclcpp/any_subscription_callback.hpp:81:17:[m[K [01;31m[Kerror: [m[Kno type named ‘[01m[Ktype[m[K’ in ‘[01m[Kstruct std::enable_if<false, void>[m[K’
[1.944s]    81 |     >::type * = [01;31m[Knullptr[m[K
[1.944s]       |                 [01;31m[K^~~~~~~[m[K
[1.944s] [01m[K/opt/ros/foxy/include/rclcpp/any_subscription_callback.hpp:97:8:[m[K [01;36m[Knote: [m[Kcandidate: ‘[01m[Ktemplate<class CallbackT, typename std::enable_if<rclcpp::function_traits::same_arguments<CallbackT, std::function<void(std::shared_ptr<sensor_msgs::msg::Joy_<std::allocator<void> > >, const rclcpp::MessageInfo&)> >::value, void>::type* <anonymous> > void rclcpp::AnySubscriptionCallback<MessageT, Alloc>::set(CallbackT) [with CallbackT = CallbackT; typename std::enable_if<rclcpp::function_traits::same_arguments<CallbackT, std::function<void(std::shared_ptr<_Tp>, const rclcpp::MessageInfo&)> >::value>::type* <anonymous> = <enumerator>; MessageT = sensor_msgs::msg::Joy_<std::allocator<void> >; Alloc = std::allocator<void>][m[K’
[1.944s]    97 |   void [01;36m[Kset[m[K(CallbackT callback)
[1.944s]       |        [01;36m[K^~~[m[K
[1.944s] [01m[K/opt/ros/foxy/include/rclcpp/any_subscription_callback.hpp:97:8:[m[K [01;36m[Knote: [m[K  template argument deduction/substitution failed:
[1.944s] [01m[K/opt/ros/foxy/include/rclcpp/any_subscription_callback.hpp:95:17:[m[K [01;31m[Kerror: [m[Kno type named ‘[01m[Ktype[m[K’ in ‘[01m[Kstruct std::enable_if<false, void>[m[K’
[1.944s]    95 |     >::type * = [01;31m[Knullptr[m[K
[1.944s]       |                 [01;31m[K^~~~~~~[m[K
[1.944s] [01m[K/opt/ros/foxy/include/rclcpp/any_subscription_callback.hpp:111:8:[m[K [01;36m[Knote: [m[Kcandidate: ‘[01m[Ktemplate<class CallbackT, typename std::enable_if<rclcpp::function_traits::same_arguments<CallbackT, std::function<void(std::shared_ptr<const sensor_msgs::msg::Joy_<std::allocator<void> > >)> >::value, void>::type* <anonymous> > void rclcpp::AnySubscriptionCallback<MessageT, Alloc>::set(CallbackT) [with CallbackT = CallbackT; typename std::enable_if<rclcpp::function_traits::same_arguments<CallbackT, std::function<void(std::shared_ptr<const _Tp>)> >::value>::type* <anonymous> = <enumerator>; MessageT = sensor_msgs::msg::Joy_<std::allocator<void> >; Alloc = std::allocator<void>][m[K’
[1.944s]   111 |   void [01;36m[Kset[m[K(CallbackT callback)
[1.945s]       |        [01;36m[K^~~[m[K
[1.945s] [01m[K/opt/ros/foxy/include/rclcpp/any_subscription_callback.hpp:111:8:[m[K [01;36m[Knote: [m[K  template argument deduction/substitution failed:
[1.945s] [01m[K/opt/ros/foxy/include/rclcpp/any_subscription_callback.hpp:109:17:[m[K [01;31m[Kerror: [m[Kno type named ‘[01m[Ktype[m[K’ in ‘[01m[Kstruct std::enable_if<false, void>[m[K’
[1.945s]   109 |     >::type * = [01;31m[Knullptr[m[K
[1.945s]       |                 [01;31m[K^~~~~~~[m[K
[1.945s] [01m[K/opt/ros/foxy/include/rclcpp/any_subscription_callback.hpp:125:8:[m[K [01;36m[Knote: [m[Kcandidate: ‘[01m[Ktemplate<class CallbackT, typename std::enable_if<rclcpp::function_traits::same_arguments<CallbackT, std::function<void(std::shared_ptr<const sensor_msgs::msg::Joy_<std::allocator<void> > >, const rclcpp::MessageInfo&)> >::value, void>::type* <anonymous> > void rclcpp::AnySubscriptionCallback<MessageT, Alloc>::set(CallbackT) [with CallbackT = CallbackT; typename std::enable_if<rclcpp::function_traits::same_arguments<CallbackT, std::function<void(std::shared_ptr<const _Tp>, const rclcpp::MessageInfo&)> >::value>::type* <anonymous> = <enumerator>; MessageT = sensor_msgs::msg::Joy_<std::allocator<void> >; Alloc = std::allocator<void>][m[K’
[1.945s]   125 |   void [01;36m[Kset[m[K(CallbackT callback)
[1.945s]       |        [01;36m[K^~~[m[K
[1.945s] [01m[K/opt/ros/foxy/include/rclcpp/any_subscription_callback.hpp:125:8:[m[K [01;36m[Knote: [m[K  template argument deduction/substitution failed:
[1.945s] [01m[K/opt/ros/foxy/include/rclcpp/any_subscription_callback.hpp:123:17:[m[K [01;31m[Kerror: [m[Kno type named ‘[01m[Ktype[m[K’ in ‘[01m[Kstruct std::enable_if<false, void>[m[K’
[1.945s]   123 |     >::type * = [01;31m[Knullptr[m[K
[1.945s]       |                 [01;31m[K^~~~~~~[m[K
[1.945s] [01m[K/opt/ros/foxy/include/rclcpp/any_subscription_callback.hpp:139:8:[m[K [01;36m[Knote: [m[Kcandidate: ‘[01m[Ktemplate<class CallbackT, typename std::enable_if<rclcpp::function_traits::same_arguments<CallbackT, std::function<void(std::unique_ptr<sensor_msgs::msg::Joy_<std::allocator<void> >, std::default_delete<sensor_msgs::msg::Joy_<std::allocator<void> > > >)> >::value, void>::type* <anonymous> > void rclcpp::AnySubscriptionCallback<MessageT, Alloc>::set(CallbackT) [with CallbackT = CallbackT; typename std::enable_if<rclcpp::function_traits::same_arguments<CallbackT, std::function<void(std::unique_ptr<MessageT, typename std::conditional<std::is_same<typename std::allocator_traits<typename std::allocator_traits<_Alloc>::rebind_traits<MessageT>::allocator_type>::rebind_alloc<MessageT>, typename std::allocator<void>::rebind<_Tp1>::other>::value, std::default_delete<_Tp>, rclcpp::allocator::AllocatorDeleter<typename std::allocator_traits<_Alloc>::rebind_traits<MessageT>::allocator_type> >::type>)> >::value>::type* <anonymous> = <enumerator>; MessageT = sensor_msgs::msg::Joy_<std::allocator<void> >; Alloc = std::allocator<void>][m[K’
[1.945s]   139 |   void [01;36m[Kset[m[K(CallbackT callback)
[1.945s]       |        [01;36m[K^~~[m[K
[1.945s] [01m[K/opt/ros/foxy/include/rclcpp/any_subscription_callback.hpp:139:8:[m[K [01;36m[Knote: [m[K  template argument deduction/substitution failed:
[1.946s] [01m[K/opt/ros/foxy/include/rclcpp/any_subscription_callback.hpp:137:17:[m[K [01;31m[Kerror: [m[Kno type named ‘[01m[Ktype[m[K’ in ‘[01m[Kstruct std::enable_if<false, void>[m[K’
[1.946s]   137 |     >::type * = [01;31m[Knullptr[m[K
[1.946s]       |                 [01;31m[K^~~~~~~[m[K
[1.946s] [01m[K/opt/ros/foxy/include/rclcpp/any_subscription_callback.hpp:153:8:[m[K [01;36m[Knote: [m[Kcandidate: ‘[01m[Ktemplate<class CallbackT, typename std::enable_if<rclcpp::function_traits::same_arguments<CallbackT, std::function<void(std::unique_ptr<sensor_msgs::msg::Joy_<std::allocator<void> >, std::default_delete<sensor_msgs::msg::Joy_<std::allocator<void> > > >, const rclcpp::MessageInfo&)> >::value, void>::type* <anonymous> > void rclcpp::AnySubscriptionCallback<MessageT, Alloc>::set(CallbackT) [with CallbackT = CallbackT; typename std::enable_if<rclcpp::function_traits::same_arguments<CallbackT, std::function<void(std::unique_ptr<MessageT, typename std::conditional<std::is_same<typename std::allocator_traits<typename std::allocator_traits<_Alloc>::rebind_traits<MessageT>::allocator_type>::rebind_alloc<MessageT>, typename std::allocator<void>::rebind<_Tp1>::other>::value, std::default_delete<_Tp>, rclcpp::allocator::AllocatorDeleter<typename std::allocator_traits<_Alloc>::rebind_traits<MessageT>::allocator_type> >::type>, const rclcpp::MessageInfo&)> >::value>::type* <anonymous> = <enumerator>; MessageT = sensor_msgs::msg::Joy_<std::allocator<void> >; Alloc = std::allocator<void>][m[K’
[1.946s]   153 |   void [01;36m[Kset[m[K(CallbackT callback)
[1.946s]       |        [01;36m[K^~~[m[K
[1.946s] [01m[K/opt/ros/foxy/include/rclcpp/any_subscription_callback.hpp:153:8:[m[K [01;36m[Knote: [m[K  template argument deduction/substitution failed:
[1.946s] [01m[K/opt/ros/foxy/include/rclcpp/any_subscription_callback.hpp:151:17:[m[K [01;31m[Kerror: [m[Kno type named ‘[01m[Ktype[m[K’ in ‘[01m[Kstruct std::enable_if<false, void>[m[K’
[1.946s]   151 |     >::type * = [01;31m[Knullptr[m[K
[1.946s]       |                 [01;31m[K^~~~~~~[m[K
[2.347s] In file included from [01m[K/usr/include/c++/9/future:48[m[K,
[2.347s]                  from [01m[K/opt/ros/foxy/include/rclcpp/executors.hpp:18[m[K,
[2.348s]                  from [01m[K/opt/ros/foxy/include/rclcpp/rclcpp.hpp:146[m[K,
[2.348s]                  from [01m[K/home/ros-industrial/robocon_ws/src/ros_to_kimd/src/kimd_send_joystick.cpp:3[m[K:
[2.348s] [01m[K/usr/include/c++/9/bits/std_function.h:[m[K At global scope:
[2.348s] [01m[K/usr/include/c++/9/bits/std_function.h:667:7:[m[K [01;31m[Kerror: [m[K‘[01m[Kstd::function<_Res(_ArgTypes ...)>::function(_Functor) [with _Functor = rclcpp::create_subscription_factory(CallbackT&&, const rclcpp::SubscriptionOptionsWithAllocator<AllocatorT>&, typename MessageMemoryStrategyT::SharedPtr, std::shared_ptr<rclcpp::topic_statistics::SubscriptionTopicStatistics<CallbackMessageT> >) [with MessageT = sensor_msgs::msg::Joy_<std::allocator<void> >; CallbackT = std::_Bind<void (KiMDJoySubscriber::*(KiMDJoySubscriber*, std::_Placeholder<1>))(sensor_msgs::msg::Joy_<std::allocator<void> >) const>; AllocatorT = std::allocator<void>; CallbackMessageT = sensor_msgs::msg::Joy_<std::allocator<void> >; SubscriptionT = rclcpp::Subscription<sensor_msgs::msg::Joy_<std::allocator<void> > >; MessageMemoryStrategyT = rclcpp::message_memory_strategy::MessageMemoryStrategy<sensor_msgs::msg::Joy_<std::allocator<void> >, std::allocator<void> >; typename MessageMemoryStrategyT::SharedPtr = std::shared_ptr<rclcpp::message_memory_strategy::MessageMemoryStrategy<sensor_msgs::msg::Joy_<std::allocator<void> >, std::allocator<void> > >]::<lambda(rclcpp::node_interfaces::NodeBaseInterface*, const string&, const rclcpp::QoS&)>; <template-parameter-2-2> = void; <template-parameter-2-3> = void; _Res = std::shared_ptr<rclcpp::SubscriptionBase>; _ArgTypes = {rclcpp::node_interfaces::NodeBaseInterface*, const std::__cxx11::basic_string<char, std::char_traits<char>, std::allocator<char> >&, const rclcpp::QoS&}][m[K’, declared using local type ‘[01m[Krclcpp::create_subscription_factory(CallbackT&&, const rclcpp::SubscriptionOptionsWithAllocator<AllocatorT>&, typename MessageMemoryStrategyT::SharedPtr, std::shared_ptr<rclcpp::topic_statistics::SubscriptionTopicStatistics<CallbackMessageT> >) [with MessageT = sensor_msgs::msg::Joy_<std::allocator<void> >; CallbackT = std::_Bind<void (KiMDJoySubscriber::*(KiMDJoySubscriber*, std::_Placeholder<1>))(sensor_msgs::msg::Joy_<std::allocator<void> >) const>; AllocatorT = std::allocator<void>; CallbackMessageT = sensor_msgs::msg::Joy_<std::allocator<void> >; SubscriptionT = rclcpp::Subscription<sensor_msgs::msg::Joy_<std::allocator<void> > >; MessageMemoryStrategyT = rclcpp::message_memory_strategy::MessageMemoryStrategy<sensor_msgs::msg::Joy_<std::allocator<void> >, std::allocator<void> >; typename MessageMemoryStrategyT::SharedPtr = std::shared_ptr<rclcpp::message_memory_strategy::MessageMemoryStrategy<sensor_msgs::msg::Joy_<std::allocator<void> >, std::allocator<void> > >]::<lambda(rclcpp::node_interfaces::NodeBaseInterface*, const string&, const rclcpp::QoS&)>[m[K’, is used but never defined [[01;31m[K-fpermissive[m[K]
[2.348s]   667 |       [01;31m[Kfunction<_Res(_ArgTypes...)>[m[K::
[2.348s]       |       [01;31m[K^~~~~~~~~~~~~~~~~~~~~~~~~~~~[m[K
[2.427s] make[2]: *** [CMakeFiles/joysubtest.dir/build.make:63: CMakeFiles/joysubtest.dir/src/kimd_send_joystick.cpp.o] Error 1
[2.427s] make[1]: *** [CMakeFiles/Makefile2:78: CMakeFiles/joysubtest.dir/all] Error 2
[2.428s] make: *** [Makefile:141: all] Error 2
[2.433s] Invoked command in '/home/ros-industrial/robocon_ws/build/ros_to_kimd' returned '2': CMAKE_PREFIX_PATH=/opt/ros/foxy /usr/bin/cmake --build /home/ros-industrial/robocon_ws/build/ros_to_kimd -- -j8 -l8
