[0.564s] Invoking command in '/home/kaibuchisoma/robocon_ws/build/ros_to_kimd': CMAKE_PREFIX_PATH=${CMAKE_PREFIX_PATH}:/home/kaibuchisoma/robocon_ws/install/fruit_detection:/opt/ros/humble /usr/bin/cmake /home/kaibuchisoma/robocon_ws/src/ros_to_kimd -DCMAKE_INSTALL_PREFIX=/home/kaibuchisoma/robocon_ws/install/ros_to_kimd
[0.644s] -- The C compiler identification is GNU 11.4.0
[0.727s] -- The CXX compiler identification is GNU 11.4.0
[0.741s] -- Detecting C compiler ABI info
[0.865s] -- Detecting C compiler ABI info - done
[0.880s] -- Check for working C compiler: /usr/bin/cc - skipped
[0.880s] -- Detecting C compile features
[0.881s] -- Detecting C compile features - done
[0.887s] -- Detecting CXX compiler ABI info
[1.054s] -- Detecting CXX compiler ABI info - done
[1.079s] -- Check for working CXX compiler: /usr/bin/c++ - skipped
[1.079s] -- Detecting CXX compile features
[1.079s] -- Detecting CXX compile features - done
[1.080s] -- Found ament_cmake: 1.3.5 (/opt/ros/humble/share/ament_cmake/cmake)
[1.380s] -- Found Python3: /usr/bin/python3.10 (found version "3.10.12") found components: Interpreter 
[1.564s] -- Found rclcpp: 16.0.6 (/opt/ros/humble/share/rclcpp/cmake)
[1.665s] -- Found rosidl_generator_c: 3.1.5 (/opt/ros/humble/share/rosidl_generator_c/cmake)
[1.678s] -- Found rosidl_adapter: 3.1.5 (/opt/ros/humble/share/rosidl_adapter/cmake)
[1.698s] -- Found rosidl_generator_cpp: 3.1.5 (/opt/ros/humble/share/rosidl_generator_cpp/cmake)
[1.730s] -- Using all available rosidl_typesupport_c: rosidl_typesupport_fastrtps_c;rosidl_typesupport_introspection_c
[1.776s] -- Using all available rosidl_typesupport_cpp: rosidl_typesupport_fastrtps_cpp;rosidl_typesupport_introspection_cpp
[1.939s] -- Found rmw_implementation_cmake: 6.1.1 (/opt/ros/humble/share/rmw_implementation_cmake/cmake)
[1.946s] -- Found rmw_fastrtps_cpp: 6.2.4 (/opt/ros/humble/share/rmw_fastrtps_cpp/cmake)
[2.121s] -- Found OpenSSL: /usr/lib/x86_64-linux-gnu/libcrypto.so (found version "3.0.2")  
[2.166s] -- Found FastRTPS: /opt/ros/humble/include  
[2.247s] -- Using RMW implementation 'rmw_fastrtps_cpp' as default
[2.263s] -- Looking for pthread.h
[2.372s] -- Looking for pthread.h - found
[2.373s] -- Performing Test CMAKE_HAVE_LIBC_PTHREAD
[2.487s] -- Performing Test CMAKE_HAVE_LIBC_PTHREAD - Success
[2.489s] -- Found Threads: TRUE  
[2.825s] -- Found sensor_msgs: 4.2.3 (/opt/ros/humble/share/sensor_msgs/cmake)
[2.997s] -- Found ament_lint_auto: 0.12.8 (/opt/ros/humble/share/ament_lint_auto/cmake)
[3.141s] -- Added test 'copyright' to check source files copyright and LICENSE
[3.162s] -- Added test 'cppcheck' to perform static code analysis on C / C++ code
[3.162s] -- Configured cppcheck include dirs: 
[3.163s] -- Configured cppcheck exclude dirs and/or files: 
[3.183s] -- Added test 'cpplint' to check C / C++ code against the Google style
[3.183s] -- Configured cpplint exclude dirs and/or files: 
[3.186s] -- Added test 'flake8' to check Python code syntax and style conventions
[3.192s] -- Added test 'lint_cmake' to check CMake code style
[3.194s] -- Added test 'pep257' to check Python code against some of the docstring style conventions in PEP 257
[3.221s] -- Added test 'uncrustify' to check C / C++ code style
[3.221s] -- Configured uncrustify additional arguments: 
[3.239s] -- Added test 'xmllint' to check XML markup files
[3.239s] -- Configuring done
[3.248s] -- Generating done
[3.251s] -- Build files have been written to: /home/kaibuchisoma/robocon_ws/build/ros_to_kimd
[3.297s] Invoked command in '/home/kaibuchisoma/robocon_ws/build/ros_to_kimd' returned '0': CMAKE_PREFIX_PATH=${CMAKE_PREFIX_PATH}:/home/kaibuchisoma/robocon_ws/install/fruit_detection:/opt/ros/humble /usr/bin/cmake /home/kaibuchisoma/robocon_ws/src/ros_to_kimd -DCMAKE_INSTALL_PREFIX=/home/kaibuchisoma/robocon_ws/install/ros_to_kimd
[3.298s] Invoking command in '/home/kaibuchisoma/robocon_ws/build/ros_to_kimd': CMAKE_PREFIX_PATH=${CMAKE_PREFIX_PATH}:/home/kaibuchisoma/robocon_ws/install/fruit_detection:/opt/ros/humble /usr/bin/cmake --build /home/kaibuchisoma/robocon_ws/build/ros_to_kimd -- -j12 -l12
[3.394s] [35m[1mConsolidate compiler generated dependencies of target ControlKimd[0m
[3.405s] [35m[1mConsolidate compiler generated dependencies of target joysubtest[0m
[3.459s] [ 50%] Built target ControlKimd
[3.472s] [100%] Built target joysubtest
[3.689s] Invoked command in '/home/kaibuchisoma/robocon_ws/build/ros_to_kimd' returned '0': CMAKE_PREFIX_PATH=${CMAKE_PREFIX_PATH}:/home/kaibuchisoma/robocon_ws/install/fruit_detection:/opt/ros/humble /usr/bin/cmake --build /home/kaibuchisoma/robocon_ws/build/ros_to_kimd -- -j12 -l12
[3.839s] Invoking command in '/home/kaibuchisoma/robocon_ws/build/ros_to_kimd': CMAKE_PREFIX_PATH=${CMAKE_PREFIX_PATH}:/home/kaibuchisoma/robocon_ws/install/fruit_detection:/opt/ros/humble /usr/bin/cmake --install /home/kaibuchisoma/robocon_ws/build/ros_to_kimd
[3.848s] -- Install configuration: ""
[3.848s] -- Up-to-date: /home/kaibuchisoma/robocon_ws/install/ros_to_kimd/lib/ros_to_kimd/joysubtest
[3.848s] -- Up-to-date: /home/kaibuchisoma/robocon_ws/install/ros_to_kimd/lib/ros_to_kimd/ControlKimd
[3.849s] -- Up-to-date: /home/kaibuchisoma/robocon_ws/install/ros_to_kimd/share/ament_index/resource_index/package_run_dependencies/ros_to_kimd
[3.849s] -- Up-to-date: /home/kaibuchisoma/robocon_ws/install/ros_to_kimd/share/ament_index/resource_index/parent_prefix_path/ros_to_kimd
[3.849s] -- Up-to-date: /home/kaibuchisoma/robocon_ws/install/ros_to_kimd/share/ros_to_kimd/environment/ament_prefix_path.sh
[3.849s] -- Installing: /home/kaibuchisoma/robocon_ws/install/ros_to_kimd/share/ros_to_kimd/environment/ament_prefix_path.dsv
[3.849s] -- Up-to-date: /home/kaibuchisoma/robocon_ws/install/ros_to_kimd/share/ros_to_kimd/environment/path.sh
[3.849s] -- Installing: /home/kaibuchisoma/robocon_ws/install/ros_to_kimd/share/ros_to_kimd/environment/path.dsv
[3.850s] -- Up-to-date: /home/kaibuchisoma/robocon_ws/install/ros_to_kimd/share/ros_to_kimd/local_setup.bash
[3.850s] -- Up-to-date: /home/kaibuchisoma/robocon_ws/install/ros_to_kimd/share/ros_to_kimd/local_setup.sh
[3.850s] -- Up-to-date: /home/kaibuchisoma/robocon_ws/install/ros_to_kimd/share/ros_to_kimd/local_setup.zsh
[3.850s] -- Installing: /home/kaibuchisoma/robocon_ws/install/ros_to_kimd/share/ros_to_kimd/local_setup.dsv
[3.850s] -- Installing: /home/kaibuchisoma/robocon_ws/install/ros_to_kimd/share/ros_to_kimd/package.dsv
[3.850s] -- Up-to-date: /home/kaibuchisoma/robocon_ws/install/ros_to_kimd/share/ament_index/resource_index/packages/ros_to_kimd
[3.850s] -- Up-to-date: /home/kaibuchisoma/robocon_ws/install/ros_to_kimd/share/ros_to_kimd/cmake/ros_to_kimdConfig.cmake
[3.851s] -- Up-to-date: /home/kaibuchisoma/robocon_ws/install/ros_to_kimd/share/ros_to_kimd/cmake/ros_to_kimdConfig-version.cmake
[3.851s] -- Up-to-date: /home/kaibuchisoma/robocon_ws/install/ros_to_kimd/share/ros_to_kimd/package.xml
[3.856s] Invoked command in '/home/kaibuchisoma/robocon_ws/build/ros_to_kimd' returned '0': CMAKE_PREFIX_PATH=${CMAKE_PREFIX_PATH}:/home/kaibuchisoma/robocon_ws/install/fruit_detection:/opt/ros/humble /usr/bin/cmake --install /home/kaibuchisoma/robocon_ws/build/ros_to_kimd
