[0.749s] Invoking command in '/home/kaibuchisoma/robocon_ws/build/robocon2023_b_dash_receiver': CMAKE_PREFIX_PATH=${CMAKE_PREFIX_PATH}:/home/kaibuchisoma/robocon_ws/install/fruit_detection:/opt/ros/humble /usr/bin/cmake /home/kaibuchisoma/robocon_ws/src/robocon2023_b_dash_receiver -DCMAKE_INSTALL_PREFIX=/home/kaibuchisoma/robocon_ws/install/robocon2023_b_dash_receiver
[0.831s] -- The C compiler identification is GNU 11.4.0
[0.931s] -- The CXX compiler identification is GNU 11.4.0
[0.945s] -- Detecting C compiler ABI info
[1.060s] -- Detecting C compiler ABI info - done
[1.072s] -- Check for working C compiler: /usr/bin/cc - skipped
[1.072s] -- Detecting C compile features
[1.074s] -- Detecting C compile features - done
[1.078s] -- Detecting CXX compiler ABI info
[1.231s] -- Detecting CXX compiler ABI info - done
[1.245s] -- Check for working CXX compiler: /usr/bin/c++ - skipped
[1.245s] -- Detecting CXX compile features
[1.246s] -- Detecting CXX compile features - done
[1.254s] -- Found ament_cmake: 1.3.5 (/opt/ros/humble/share/ament_cmake/cmake)
[1.565s] -- Found Python3: /usr/bin/python3.10 (found version "3.10.12") found components: Interpreter 
[1.726s] -- Found rclcpp: 16.0.6 (/opt/ros/humble/share/rclcpp/cmake)
[1.809s] -- Found rosidl_generator_c: 3.1.5 (/opt/ros/humble/share/rosidl_generator_c/cmake)
[1.820s] -- Found rosidl_adapter: 3.1.5 (/opt/ros/humble/share/rosidl_adapter/cmake)
[1.837s] -- Found rosidl_generator_cpp: 3.1.5 (/opt/ros/humble/share/rosidl_generator_cpp/cmake)
[1.864s] -- Using all available rosidl_typesupport_c: rosidl_typesupport_fastrtps_c;rosidl_typesupport_introspection_c
[1.903s] -- Using all available rosidl_typesupport_cpp: rosidl_typesupport_fastrtps_cpp;rosidl_typesupport_introspection_cpp
[2.038s] -- Found rmw_implementation_cmake: 6.1.1 (/opt/ros/humble/share/rmw_implementation_cmake/cmake)
[2.044s] -- Found rmw_fastrtps_cpp: 6.2.4 (/opt/ros/humble/share/rmw_fastrtps_cpp/cmake)
[2.204s] -- Found OpenSSL: /usr/lib/x86_64-linux-gnu/libcrypto.so (found version "3.0.2")  
[2.248s] -- Found FastRTPS: /opt/ros/humble/include  
[2.315s] -- Using RMW implementation 'rmw_fastrtps_cpp' as default
[2.330s] -- Looking for pthread.h
[2.442s] -- Looking for pthread.h - found
[2.442s] -- Performing Test CMAKE_HAVE_LIBC_PTHREAD
[2.565s] -- Performing Test CMAKE_HAVE_LIBC_PTHREAD - Success
[2.566s] -- Found Threads: TRUE  
[2.850s] -- Found sensor_msgs: 4.2.3 (/opt/ros/humble/share/sensor_msgs/cmake)
[3.000s] -- Found ament_lint_auto: 0.12.8 (/opt/ros/humble/share/ament_lint_auto/cmake)
[3.120s] -- Added test 'cppcheck' to perform static code analysis on C / C++ code
[3.120s] -- Configured cppcheck include dirs: $<BUILD_INTERFACE:/home/kaibuchisoma/robocon_ws/src/robocon2023_b_dash_receiver/include>
[3.120s] -- Configured cppcheck exclude dirs and/or files: 
[3.121s] -- Added test 'lint_cmake' to check CMake code style
[3.123s] -- Added test 'uncrustify' to check C / C++ code style
[3.123s] -- Configured uncrustify additional arguments: 
[3.124s] -- Added test 'xmllint' to check XML markup files
[3.125s] -- Configuring done
[3.144s] -- Generating done
[3.147s] -- Build files have been written to: /home/kaibuchisoma/robocon_ws/build/robocon2023_b_dash_receiver
[3.259s] Invoked command in '/home/kaibuchisoma/robocon_ws/build/robocon2023_b_dash_receiver' returned '0': CMAKE_PREFIX_PATH=${CMAKE_PREFIX_PATH}:/home/kaibuchisoma/robocon_ws/install/fruit_detection:/opt/ros/humble /usr/bin/cmake /home/kaibuchisoma/robocon_ws/src/robocon2023_b_dash_receiver -DCMAKE_INSTALL_PREFIX=/home/kaibuchisoma/robocon_ws/install/robocon2023_b_dash_receiver
[3.261s] Invoking command in '/home/kaibuchisoma/robocon_ws/build/robocon2023_b_dash_receiver': CMAKE_PREFIX_PATH=${CMAKE_PREFIX_PATH}:/home/kaibuchisoma/robocon_ws/install/fruit_detection:/opt/ros/humble /usr/bin/cmake --build /home/kaibuchisoma/robocon_ws/build/robocon2023_b_dash_receiver -- -j12 -l12
[3.329s] [35m[1mConsolidate compiler generated dependencies of target receiver[0m
[3.336s] [35m[1mConsolidate compiler generated dependencies of target program_checker[0m
[3.367s] [ 75%] Built target program_checker
[3.367s] [100%] Built target receiver
[3.443s] Invoked command in '/home/kaibuchisoma/robocon_ws/build/robocon2023_b_dash_receiver' returned '0': CMAKE_PREFIX_PATH=${CMAKE_PREFIX_PATH}:/home/kaibuchisoma/robocon_ws/install/fruit_detection:/opt/ros/humble /usr/bin/cmake --build /home/kaibuchisoma/robocon_ws/build/robocon2023_b_dash_receiver -- -j12 -l12
[3.626s] Invoking command in '/home/kaibuchisoma/robocon_ws/build/robocon2023_b_dash_receiver': CMAKE_PREFIX_PATH=${CMAKE_PREFIX_PATH}:/home/kaibuchisoma/robocon_ws/install/fruit_detection:/opt/ros/humble /usr/bin/cmake --install /home/kaibuchisoma/robocon_ws/build/robocon2023_b_dash_receiver
[3.635s] -- Install configuration: ""
[3.635s] -- Up-to-date: /home/kaibuchisoma/robocon_ws/install/robocon2023_b_dash_receiver/lib/robocon2023_b_dash_receiver/receiver
[3.637s] -- Up-to-date: /home/kaibuchisoma/robocon_ws/install/robocon2023_b_dash_receiver/lib/robocon2023_b_dash_receiver/program_checker
[3.639s] -- Up-to-date: /home/kaibuchisoma/robocon_ws/install/robocon2023_b_dash_receiver/share/ament_index/resource_index/package_run_dependencies/robocon2023_b_dash_receiver
[3.641s] -- Up-to-date: /home/kaibuchisoma/robocon_ws/install/robocon2023_b_dash_receiver/share/ament_index/resource_index/parent_prefix_path/robocon2023_b_dash_receiver
[3.641s] -- Up-to-date: /home/kaibuchisoma/robocon_ws/install/robocon2023_b_dash_receiver/share/robocon2023_b_dash_receiver/environment/ament_prefix_path.sh
[3.641s] -- Installing: /home/kaibuchisoma/robocon_ws/install/robocon2023_b_dash_receiver/share/robocon2023_b_dash_receiver/environment/ament_prefix_path.dsv
[3.642s] -- Up-to-date: /home/kaibuchisoma/robocon_ws/install/robocon2023_b_dash_receiver/share/robocon2023_b_dash_receiver/environment/path.sh
[3.642s] -- Installing: /home/kaibuchisoma/robocon_ws/install/robocon2023_b_dash_receiver/share/robocon2023_b_dash_receiver/environment/path.dsv
[3.642s] -- Up-to-date: /home/kaibuchisoma/robocon_ws/install/robocon2023_b_dash_receiver/share/robocon2023_b_dash_receiver/local_setup.bash
[3.642s] -- Up-to-date: /home/kaibuchisoma/robocon_ws/install/robocon2023_b_dash_receiver/share/robocon2023_b_dash_receiver/local_setup.sh
[3.643s] -- Up-to-date: /home/kaibuchisoma/robocon_ws/install/robocon2023_b_dash_receiver/share/robocon2023_b_dash_receiver/local_setup.zsh
[3.644s] -- Installing: /home/kaibuchisoma/robocon_ws/install/robocon2023_b_dash_receiver/share/robocon2023_b_dash_receiver/local_setup.dsv
[3.644s] -- Installing: /home/kaibuchisoma/robocon_ws/install/robocon2023_b_dash_receiver/share/robocon2023_b_dash_receiver/package.dsv
[3.644s] -- Up-to-date: /home/kaibuchisoma/robocon_ws/install/robocon2023_b_dash_receiver/share/ament_index/resource_index/packages/robocon2023_b_dash_receiver
[3.644s] -- Up-to-date: /home/kaibuchisoma/robocon_ws/install/robocon2023_b_dash_receiver/share/robocon2023_b_dash_receiver/cmake/robocon2023_b_dash_receiverConfig.cmake
[3.644s] -- Up-to-date: /home/kaibuchisoma/robocon_ws/install/robocon2023_b_dash_receiver/share/robocon2023_b_dash_receiver/cmake/robocon2023_b_dash_receiverConfig-version.cmake
[3.645s] -- Up-to-date: /home/kaibuchisoma/robocon_ws/install/robocon2023_b_dash_receiver/share/robocon2023_b_dash_receiver/package.xml
[3.857s] Invoked command in '/home/kaibuchisoma/robocon_ws/build/robocon2023_b_dash_receiver' returned '0': CMAKE_PREFIX_PATH=${CMAKE_PREFIX_PATH}:/home/kaibuchisoma/robocon_ws/install/fruit_detection:/opt/ros/humble /usr/bin/cmake --install /home/kaibuchisoma/robocon_ws/build/robocon2023_b_dash_receiver
