[0.519s] Invoking command in '/home/ros-industrial/robocon_ws/build/robocon2023_b_dash': CMAKE_PREFIX_PATH=${CMAKE_PREFIX_PATH}:/opt/ros/foxy /usr/bin/cmake --build /home/ros-industrial/robocon_ws/build/robocon2023_b_dash -- -j8 -l8
[0.565s] [35m[1mScanning dependencies of target Transmitter920[0m
[0.605s] [  7%] Built target KiwiMotion
[0.605s] [ 11%] [32mBuilding CXX object CMakeFiles/Transmitter920.dir/src/Transmitter920.cpp.o[0m
[0.606s] [ 19%] Built target SerialKIMD
[0.607s] [ 26%] Built target BeltLiner_Controller
[0.612s] [ 34%] Built target Xmove_Controller
[0.614s] [ 42%] Built target Solenoid_Controller
[0.614s] [ 50%] Built target Drive_Controller
[0.620s] [ 57%] Built target DriveMotion
[0.647s] [ 73%] Built target Upper_Controller
[0.647s] [ 73%] Built target RopeMotion
[0.650s] [ 80%] Built target WallUpMotion
[0.654s] [ 96%] Built target MotionMaster
[0.654s] [ 96%] Built target Crawl_Controller
[1.503s] [01m[K/home/ros-industrial/robocon_ws/src/robocon2023_b_dash/src/Transmitter920.cpp:[m[K In member function ‘[01m[Kvoid Transmitter920_Node::ExpandJoyData(uint8_t*)[m[K’:
[1.503s] [01m[K/home/ros-industrial/robocon_ws/src/robocon2023_b_dash/src/Transmitter920.cpp:101:49:[m[K [01;35m[Kwarning: [m[Kunused parameter ‘[01m[Kcompress_data[m[K’ [[01;35m[K-Wunused-parameter[m[K]
[1.504s]   101 | void Transmitter920_Node::ExpandJoyData([01;35m[Kuint8_t compress_data[16][m[K)
[1.504s]       |                                         [01;35m[K~~~~~~~~^~~~~~~~~~~~~~~~~[m[K
[1.504s] [01m[K/home/ros-industrial/robocon_ws/src/robocon2023_b_dash/src/Transmitter920.cpp:[m[K In member function ‘[01m[Kvoid Transmitter920_Node::EncodeCOBSdata()[m[K’:
[1.504s] [01m[K/home/ros-industrial/robocon_ws/src/robocon2023_b_dash/src/Transmitter920.cpp:109:23:[m[K [01;35m[Kwarning: [m[Kcomparison of integer expressions of different signedness: ‘[01m[Kint[m[K’ and ‘[01m[Klong unsigned int[m[K’ [[01;35m[K-Wsign-compare[m[K]
[1.504s]   109 |     for (int i = 0; [01;35m[Ki < sizeof(this->compress_data) + 1[m[K; i++)
[1.505s]       |                     [01;35m[K~~^~~~~~~~~~~~~~~~~~~~~~~~~~~~~~~~~[m[K
[1.505s] [01m[K/home/ros-industrial/robocon_ws/src/robocon2023_b_dash/src/Transmitter920.cpp:[m[K In member function ‘[01m[Kvoid Transmitter920_Node::DecodeCOBSdata()[m[K’:
[1.505s] [01m[K/home/ros-industrial/robocon_ws/src/robocon2023_b_dash/src/Transmitter920.cpp:131:23:[m[K [01;35m[Kwarning: [m[Kcomparison of integer expressions of different signedness: ‘[01m[Kint[m[K’ and ‘[01m[Klong unsigned int[m[K’ [[01;35m[K-Wsign-compare[m[K]
[1.505s]   131 |     for (int i = 0; [01;35m[Ki < sizeof(temp_cobs)[m[K; i++)
[1.505s]       |                     [01;35m[K~~^~~~~~~~~~~~~~~~~~~[m[K
[1.505s] [01m[K/home/ros-industrial/robocon_ws/src/robocon2023_b_dash/src/Transmitter920.cpp:138:14:[m[K [01;35m[Kwarning: [m[Kcomparison of integer expressions of different signedness: ‘[01m[Kint[m[K’ and ‘[01m[Klong unsigned int[m[K’ [[01;35m[K-Wsign-compare[m[K]
[1.505s]   138 |     while ([01;35m[Ki < sizeof(temp_cobs)[m[K)
[1.505s]       |            [01;35m[K~~^~~~~~~~~~~~~~~~~~~[m[K
[1.505s] [01m[K/home/ros-industrial/robocon_ws/src/robocon2023_b_dash/src/Transmitter920.cpp:147:23:[m[K [01;35m[Kwarning: [m[Kcomparison of integer expressions of different signedness: ‘[01m[Kint[m[K’ and ‘[01m[Klong unsigned int[m[K’ [[01;35m[K-Wsign-compare[m[K]
[1.505s]   147 |     for (int i = 0; [01;35m[Ki < sizeof(this->receive_compress_data)[m[K; i++)
[1.505s]       |                     [01;35m[K~~^~~~~~~~~~~~~~~~~~~~~~~~~~~~~~~~~~~~~[m[K
[1.505s] [01m[K/home/ros-industrial/robocon_ws/src/robocon2023_b_dash/src/Transmitter920.cpp:[m[K In member function ‘[01m[Kvoid Transmitter920_Node::timer_callback()[m[K’:
[1.506s] [01m[K/home/ros-industrial/robocon_ws/src/robocon2023_b_dash/src/Transmitter920.cpp:202:23:[m[K [01;35m[Kwarning: [m[Kcomparison of integer expressions of different signedness: ‘[01m[Kint[m[K’ and ‘[01m[Klong unsigned int[m[K’ [[01;35m[K-Wsign-compare[m[K]
[1.506s]   202 |     for (int i = 0; [01;35m[Ki < sizeof(this->compress_data) + 2[m[K; i++)
[1.506s]       |                     [01;35m[K~~^~~~~~~~~~~~~~~~~~~~~~~~~~~~~~~~~[m[K
[4.171s] [100%] [32m[1mLinking CXX executable Transmitter920[0m
[4.313s] [100%] Built target Transmitter920
[4.322s] Invoked command in '/home/ros-industrial/robocon_ws/build/robocon2023_b_dash' returned '0': CMAKE_PREFIX_PATH=${CMAKE_PREFIX_PATH}:/opt/ros/foxy /usr/bin/cmake --build /home/ros-industrial/robocon_ws/build/robocon2023_b_dash -- -j8 -l8
[4.364s] Invoking command in '/home/ros-industrial/robocon_ws/build/robocon2023_b_dash': CMAKE_PREFIX_PATH=${CMAKE_PREFIX_PATH}:/opt/ros/foxy /usr/bin/cmake --install /home/ros-industrial/robocon_ws/build/robocon2023_b_dash
[4.367s] -- Install configuration: ""
[4.368s] -- Up-to-date: /home/ros-industrial/robocon_ws/install/robocon2023_b_dash/lib/robocon2023_b_dash/SerialKIMD
[4.368s] -- Up-to-date: /home/ros-industrial/robocon_ws/install/robocon2023_b_dash/lib/robocon2023_b_dash/Xmove_Controller
[4.368s] -- Up-to-date: /home/ros-industrial/robocon_ws/install/robocon2023_b_dash/lib/robocon2023_b_dash/DriveMotion
[4.368s] -- Up-to-date: /home/ros-industrial/robocon_ws/install/robocon2023_b_dash/lib/robocon2023_b_dash/Drive_Controller
[4.368s] -- Up-to-date: /home/ros-industrial/robocon_ws/install/robocon2023_b_dash/lib/robocon2023_b_dash/Upper_Controller
[4.368s] -- Up-to-date: /home/ros-industrial/robocon_ws/install/robocon2023_b_dash/lib/robocon2023_b_dash/WallUpMotion
[4.369s] -- Up-to-date: /home/ros-industrial/robocon_ws/install/robocon2023_b_dash/lib/robocon2023_b_dash/Crawl_Controller
[4.369s] -- Up-to-date: /home/ros-industrial/robocon_ws/install/robocon2023_b_dash/lib/robocon2023_b_dash/Solenoid_Controller
[4.370s] -- Up-to-date: /home/ros-industrial/robocon_ws/install/robocon2023_b_dash/lib/robocon2023_b_dash/BeltLiner_Controller
[4.370s] -- Up-to-date: /home/ros-industrial/robocon_ws/install/robocon2023_b_dash/lib/robocon2023_b_dash/RopeMotion
[4.370s] -- Up-to-date: /home/ros-industrial/robocon_ws/install/robocon2023_b_dash/lib/robocon2023_b_dash/MotionMaster
[4.370s] -- Up-to-date: /home/ros-industrial/robocon_ws/install/robocon2023_b_dash/lib/robocon2023_b_dash/KiwiMotion
[4.370s] -- Installing: /home/ros-industrial/robocon_ws/install/robocon2023_b_dash/lib/robocon2023_b_dash/Transmitter920
[4.370s] -- Set runtime path of "/home/ros-industrial/robocon_ws/install/robocon2023_b_dash/lib/robocon2023_b_dash/Transmitter920" to ""
[4.370s] -- Up-to-date: /home/ros-industrial/robocon_ws/install/robocon2023_b_dash/share/ament_index/resource_index/package_run_dependencies/robocon2023_b_dash
[4.371s] -- Up-to-date: /home/ros-industrial/robocon_ws/install/robocon2023_b_dash/share/ament_index/resource_index/parent_prefix_path/robocon2023_b_dash
[4.371s] -- Up-to-date: /home/ros-industrial/robocon_ws/install/robocon2023_b_dash/share/robocon2023_b_dash/environment/ament_prefix_path.sh
[4.371s] -- Up-to-date: /home/ros-industrial/robocon_ws/install/robocon2023_b_dash/share/robocon2023_b_dash/environment/ament_prefix_path.dsv
[4.371s] -- Up-to-date: /home/ros-industrial/robocon_ws/install/robocon2023_b_dash/share/robocon2023_b_dash/environment/path.sh
[4.371s] -- Up-to-date: /home/ros-industrial/robocon_ws/install/robocon2023_b_dash/share/robocon2023_b_dash/environment/path.dsv
[4.371s] -- Up-to-date: /home/ros-industrial/robocon_ws/install/robocon2023_b_dash/share/robocon2023_b_dash/local_setup.bash
[4.371s] -- Up-to-date: /home/ros-industrial/robocon_ws/install/robocon2023_b_dash/share/robocon2023_b_dash/local_setup.sh
[4.371s] -- Up-to-date: /home/ros-industrial/robocon_ws/install/robocon2023_b_dash/share/robocon2023_b_dash/local_setup.zsh
[4.371s] -- Up-to-date: /home/ros-industrial/robocon_ws/install/robocon2023_b_dash/share/robocon2023_b_dash/local_setup.dsv
[4.371s] -- Installing: /home/ros-industrial/robocon_ws/install/robocon2023_b_dash/share/robocon2023_b_dash/package.dsv
[4.371s] -- Up-to-date: /home/ros-industrial/robocon_ws/install/robocon2023_b_dash/share/ament_index/resource_index/packages/robocon2023_b_dash
[4.371s] -- Up-to-date: /home/ros-industrial/robocon_ws/install/robocon2023_b_dash/share/robocon2023_b_dash/cmake/robocon2023_b_dashConfig.cmake
[4.371s] -- Up-to-date: /home/ros-industrial/robocon_ws/install/robocon2023_b_dash/share/robocon2023_b_dash/cmake/robocon2023_b_dashConfig-version.cmake
[4.371s] -- Up-to-date: /home/ros-industrial/robocon_ws/install/robocon2023_b_dash/share/robocon2023_b_dash/package.xml
[4.372s] Invoked command in '/home/ros-industrial/robocon_ws/build/robocon2023_b_dash' returned '0': CMAKE_PREFIX_PATH=${CMAKE_PREFIX_PATH}:/opt/ros/foxy /usr/bin/cmake --install /home/ros-industrial/robocon_ws/build/robocon2023_b_dash
