[0.625s] Invoking command in '/home/kaibuchisoma/robocon_ws/build/ros_to_kimd': CMAKE_PREFIX_PATH=${CMAKE_PREFIX_PATH}:/home/kaibuchisoma/robocon_ws/install/fruit_detection:/opt/ros/humble /usr/bin/cmake /home/kaibuchisoma/robocon_ws/src/ros_to_kimd -DCMAKE_INSTALL_PREFIX=/home/kaibuchisoma/robocon_ws/install/ros_to_kimd
[0.714s] -- The C compiler identification is GNU 11.4.0
[0.815s] -- The CXX compiler identification is GNU 11.4.0
[0.827s] -- Detecting C compiler ABI info
[0.945s] -- Detecting C compiler ABI info - done
[0.960s] -- Check for working C compiler: /usr/bin/cc - skipped
[0.960s] -- Detecting C compile features
[0.961s] -- Detecting C compile features - done
[0.967s] -- Detecting CXX compiler ABI info
[1.118s] -- Detecting CXX compiler ABI info - done
[1.131s] -- Check for working CXX compiler: /usr/bin/c++ - skipped
[1.131s] -- Detecting CXX compile features
[1.132s] -- Detecting CXX compile features - done
[1.140s] -- Found ament_cmake: 1.3.5 (/opt/ros/humble/share/ament_cmake/cmake)
[1.424s] -- Found Python3: /usr/bin/python3.10 (found version "3.10.12") found components: Interpreter 
[1.571s] -- Found rclcpp: 16.0.6 (/opt/ros/humble/share/rclcpp/cmake)
[1.639s] -- Found rosidl_generator_c: 3.1.5 (/opt/ros/humble/share/rosidl_generator_c/cmake)
[1.648s] -- Found rosidl_adapter: 3.1.5 (/opt/ros/humble/share/rosidl_adapter/cmake)
[1.666s] -- Found rosidl_generator_cpp: 3.1.5 (/opt/ros/humble/share/rosidl_generator_cpp/cmake)
[1.692s] -- Using all available rosidl_typesupport_c: rosidl_typesupport_fastrtps_c;rosidl_typesupport_introspection_c
[1.731s] -- Using all available rosidl_typesupport_cpp: rosidl_typesupport_fastrtps_cpp;rosidl_typesupport_introspection_cpp
[1.871s] -- Found rmw_implementation_cmake: 6.1.1 (/opt/ros/humble/share/rmw_implementation_cmake/cmake)
[1.879s] -- Found rmw_fastrtps_cpp: 6.2.4 (/opt/ros/humble/share/rmw_fastrtps_cpp/cmake)
[2.065s] -- Found OpenSSL: /usr/lib/x86_64-linux-gnu/libcrypto.so (found version "3.0.2")  
[2.118s] -- Found FastRTPS: /opt/ros/humble/include  
[2.207s] -- Using RMW implementation 'rmw_fastrtps_cpp' as default
[2.224s] -- Looking for pthread.h
[2.332s] -- Looking for pthread.h - found
[2.332s] -- Performing Test CMAKE_HAVE_LIBC_PTHREAD
[2.449s] -- Performing Test CMAKE_HAVE_LIBC_PTHREAD - Success
[2.451s] -- Found Threads: TRUE  
[2.675s] -- Found sensor_msgs: 4.2.3 (/opt/ros/humble/share/sensor_msgs/cmake)
[2.875s] -- Found ament_lint_auto: 0.12.8 (/opt/ros/humble/share/ament_lint_auto/cmake)
[3.005s] -- Added test 'copyright' to check source files copyright and LICENSE
[3.029s] -- Added test 'cppcheck' to perform static code analysis on C / C++ code
[3.029s] -- Configured cppcheck include dirs: 
[3.029s] -- Configured cppcheck exclude dirs and/or files: 
[3.053s] -- Added test 'cpplint' to check C / C++ code against the Google style
[3.053s] -- Configured cpplint exclude dirs and/or files: 
[3.058s] -- Added test 'flake8' to check Python code syntax and style conventions
[3.063s] -- Added test 'lint_cmake' to check CMake code style
[3.067s] -- Added test 'pep257' to check Python code against some of the docstring style conventions in PEP 257
[3.087s] -- Added test 'uncrustify' to check C / C++ code style
[3.087s] -- Configured uncrustify additional arguments: 
[3.091s] -- Added test 'xmllint' to check XML markup files
[3.093s] -- Configuring done
[3.113s] -- Generating done
[3.116s] -- Build files have been written to: /home/kaibuchisoma/robocon_ws/build/ros_to_kimd
[3.143s] Invoked command in '/home/kaibuchisoma/robocon_ws/build/ros_to_kimd' returned '0': CMAKE_PREFIX_PATH=${CMAKE_PREFIX_PATH}:/home/kaibuchisoma/robocon_ws/install/fruit_detection:/opt/ros/humble /usr/bin/cmake /home/kaibuchisoma/robocon_ws/src/ros_to_kimd -DCMAKE_INSTALL_PREFIX=/home/kaibuchisoma/robocon_ws/install/ros_to_kimd
[3.145s] Invoking command in '/home/kaibuchisoma/robocon_ws/build/ros_to_kimd': CMAKE_PREFIX_PATH=${CMAKE_PREFIX_PATH}:/home/kaibuchisoma/robocon_ws/install/fruit_detection:/opt/ros/humble /usr/bin/cmake --build /home/kaibuchisoma/robocon_ws/build/ros_to_kimd -- -j12 -l12
[3.215s] [35m[1mConsolidate compiler generated dependencies of target ControlKimd[0m
[3.215s] [35m[1mConsolidate compiler generated dependencies of target joysubtest[0m
[3.262s] [ 50%] Built target ControlKimd
[3.262s] [100%] Built target joysubtest
[3.331s] Invoked command in '/home/kaibuchisoma/robocon_ws/build/ros_to_kimd' returned '0': CMAKE_PREFIX_PATH=${CMAKE_PREFIX_PATH}:/home/kaibuchisoma/robocon_ws/install/fruit_detection:/opt/ros/humble /usr/bin/cmake --build /home/kaibuchisoma/robocon_ws/build/ros_to_kimd -- -j12 -l12
[3.447s] Invoking command in '/home/kaibuchisoma/robocon_ws/build/ros_to_kimd': CMAKE_PREFIX_PATH=${CMAKE_PREFIX_PATH}:/home/kaibuchisoma/robocon_ws/install/fruit_detection:/opt/ros/humble /usr/bin/cmake --install /home/kaibuchisoma/robocon_ws/build/ros_to_kimd
[3.457s] -- Install configuration: ""
[3.458s] -- Up-to-date: /home/kaibuchisoma/robocon_ws/install/ros_to_kimd/lib/ros_to_kimd/joysubtest
[3.459s] -- Up-to-date: /home/kaibuchisoma/robocon_ws/install/ros_to_kimd/lib/ros_to_kimd/ControlKimd
[3.459s] -- Up-to-date: /home/kaibuchisoma/robocon_ws/install/ros_to_kimd/share/ament_index/resource_index/package_run_dependencies/ros_to_kimd
[3.459s] -- Up-to-date: /home/kaibuchisoma/robocon_ws/install/ros_to_kimd/share/ament_index/resource_index/parent_prefix_path/ros_to_kimd
[3.459s] -- Up-to-date: /home/kaibuchisoma/robocon_ws/install/ros_to_kimd/share/ros_to_kimd/environment/ament_prefix_path.sh
[3.459s] -- Installing: /home/kaibuchisoma/robocon_ws/install/ros_to_kimd/share/ros_to_kimd/environment/ament_prefix_path.dsv
[3.460s] -- Up-to-date: /home/kaibuchisoma/robocon_ws/install/ros_to_kimd/share/ros_to_kimd/environment/path.sh
[3.460s] -- Installing: /home/kaibuchisoma/robocon_ws/install/ros_to_kimd/share/ros_to_kimd/environment/path.dsv
[3.460s] -- Up-to-date: /home/kaibuchisoma/robocon_ws/install/ros_to_kimd/share/ros_to_kimd/local_setup.bash
[3.460s] -- Up-to-date: /home/kaibuchisoma/robocon_ws/install/ros_to_kimd/share/ros_to_kimd/local_setup.sh
[3.460s] -- Up-to-date: /home/kaibuchisoma/robocon_ws/install/ros_to_kimd/share/ros_to_kimd/local_setup.zsh
[3.461s] -- Installing: /home/kaibuchisoma/robocon_ws/install/ros_to_kimd/share/ros_to_kimd/local_setup.dsv
[3.461s] -- Installing: /home/kaibuchisoma/robocon_ws/install/ros_to_kimd/share/ros_to_kimd/package.dsv
[3.462s] -- Up-to-date: /home/kaibuchisoma/robocon_ws/install/ros_to_kimd/share/ament_index/resource_index/packages/ros_to_kimd
[3.462s] -- Up-to-date: /home/kaibuchisoma/robocon_ws/install/ros_to_kimd/share/ros_to_kimd/cmake/ros_to_kimdConfig.cmake
[3.462s] -- Up-to-date: /home/kaibuchisoma/robocon_ws/install/ros_to_kimd/share/ros_to_kimd/cmake/ros_to_kimdConfig-version.cmake
[3.462s] -- Up-to-date: /home/kaibuchisoma/robocon_ws/install/ros_to_kimd/share/ros_to_kimd/package.xml
[3.609s] Invoked command in '/home/kaibuchisoma/robocon_ws/build/ros_to_kimd' returned '0': CMAKE_PREFIX_PATH=${CMAKE_PREFIX_PATH}:/home/kaibuchisoma/robocon_ws/install/fruit_detection:/opt/ros/humble /usr/bin/cmake --install /home/kaibuchisoma/robocon_ws/build/ros_to_kimd
