[0.940s] Invoking command in '/home/roboconb/RoboconDetectionFruit-master/src/fruit_detection': PYTHONPATH=/home/roboconb/RoboconDetectionFruit-master/build/fruit_detection/prefix_override:/home/roboconb/RoboconDetectionFruit-master/install/fruit_detection/lib/python3.10/site-packages:${PYTHONPATH} /usr/bin/python3 setup.py egg_info --egg-base ../../build/fruit_detection build --build-base /home/roboconb/RoboconDetectionFruit-master/build/fruit_detection/build install --record /home/roboconb/RoboconDetectionFruit-master/build/fruit_detection/install.log --single-version-externally-managed
[1.250s] running egg_info
[1.251s] writing ../../build/fruit_detection/fruit_detection.egg-info/PKG-INFO
[1.251s] writing dependency_links to ../../build/fruit_detection/fruit_detection.egg-info/dependency_links.txt
[1.251s] writing entry points to ../../build/fruit_detection/fruit_detection.egg-info/entry_points.txt
[1.251s] writing requirements to ../../build/fruit_detection/fruit_detection.egg-info/requires.txt
[1.252s] writing top-level names to ../../build/fruit_detection/fruit_detection.egg-info/top_level.txt
[1.253s] reading manifest file '../../build/fruit_detection/fruit_detection.egg-info/SOURCES.txt'
[1.256s] writing manifest file '../../build/fruit_detection/fruit_detection.egg-info/SOURCES.txt'
[1.256s] running build
[1.257s] running build_py
[1.257s] copying fruit_detection/pubdetect.py -> /home/roboconb/RoboconDetectionFruit-master/build/fruit_detection/build/lib/fruit_detection
[1.257s] running install
[1.257s] /usr/lib/python3/dist-packages/setuptools/command/install.py:34: SetuptoolsDeprecationWarning: setup.py install is deprecated. Use build and pip and other standards-based tools.
[1.257s]   warnings.warn(
[1.258s] running install_lib
[1.259s] copying /home/roboconb/RoboconDetectionFruit-master/build/fruit_detection/build/lib/fruit_detection/pubdetect.py -> /home/roboconb/RoboconDetectionFruit-master/install/fruit_detection/lib/python3.10/site-packages/fruit_detection
[1.260s] byte-compiling /home/roboconb/RoboconDetectionFruit-master/install/fruit_detection/lib/python3.10/site-packages/fruit_detection/pubdetect.py to pubdetect.cpython-310.pyc
[1.263s] running install_data
[1.263s] running install_egg_info
[1.267s] removing '/home/roboconb/RoboconDetectionFruit-master/install/fruit_detection/lib/python3.10/site-packages/fruit_detection-0.0.1-py3.10.egg-info' (and everything under it)
[1.267s] Copying ../../build/fruit_detection/fruit_detection.egg-info to /home/roboconb/RoboconDetectionFruit-master/install/fruit_detection/lib/python3.10/site-packages/fruit_detection-0.0.1-py3.10.egg-info
[1.268s] running install_scripts
[1.288s] Installing listener script to /home/roboconb/RoboconDetectionFruit-master/install/fruit_detection/lib/fruit_detection
[1.288s] Installing pubdetect script to /home/roboconb/RoboconDetectionFruit-master/install/fruit_detection/lib/fruit_detection
[1.288s] Installing talker script to /home/roboconb/RoboconDetectionFruit-master/install/fruit_detection/lib/fruit_detection
[1.289s] writing list of installed files to '/home/roboconb/RoboconDetectionFruit-master/build/fruit_detection/install.log'
[1.313s] Invoked command in '/home/roboconb/RoboconDetectionFruit-master/src/fruit_detection' returned '0': PYTHONPATH=/home/roboconb/RoboconDetectionFruit-master/build/fruit_detection/prefix_override:/home/roboconb/RoboconDetectionFruit-master/install/fruit_detection/lib/python3.10/site-packages:${PYTHONPATH} /usr/bin/python3 setup.py egg_info --egg-base ../../build/fruit_detection build --build-base /home/roboconb/RoboconDetectionFruit-master/build/fruit_detection/build install --record /home/roboconb/RoboconDetectionFruit-master/build/fruit_detection/install.log --single-version-externally-managed
