-- Found ament_cmake: 0.9.12 (/opt/ros/foxy/share/ament_cmake/cmake)
-- Using PYTHON_EXECUTABLE: /usr/bin/python3
-- Found rclcpp: 2.4.3 (/opt/ros/foxy/share/rclcpp/cmake)
-- Using all available rosidl_typesupport_c: rosidl_typesupport_fastrtps_c;rosidl_typesupport_introspection_c
-- Found rosidl_adapter: 1.3.1 (/opt/ros/foxy/share/rosidl_adapter/cmake)
-- Using all available rosidl_typesupport_cpp: rosidl_typesupport_fastrtps_cpp;rosidl_typesupport_introspection_cpp
-- Found rmw_implementation_cmake: 1.0.4 (/opt/ros/foxy/share/rmw_implementation_cmake/cmake)
-- Using RMW implementation 'rmw_fastrtps_cpp' as default
-- Found ament_lint_auto: 0.9.8 (/opt/ros/foxy/share/ament_lint_auto/cmake)
-- Added test 'copyright' to check source files copyright and LICENSE
-- Added test 'cppcheck' to perform static code analysis on C / C++ code
-- Configured cppcheck include dirs: 
-- Configured cppcheck exclude dirs and/or files: 
-- Added test 'cpplint' to check C / C++ code against the Google style
-- Configured cpplint exclude dirs and/or files: 
-- Added test 'lint_cmake' to check CMake code style
-- Added test 'uncrustify' to check C / C++ code style
-- Configured uncrustify additional arguments: 
-- Added test 'xmllint' to check XML markup files
-- Configuring done
-- Generating done
-- Build files have been written to: /home/ros-industrial/robocon_ws/build/time_practice
[35m[1mScanning dependencies of target talker[0m
[ 50%] [32mBuilding CXX object CMakeFiles/talker.dir/src/time_practice.cpp.o[0m
[100%] [32m[1mLinking CXX executable talker[0m
[100%] Built target talker
-- Install configuration: ""
-- Installing: /home/ros-industrial/robocon_ws/install/time_practice/lib/time_practice/talker
-- Set runtime path of "/home/ros-industrial/robocon_ws/install/time_practice/lib/time_practice/talker" to ""
-- Installing: /home/ros-industrial/robocon_ws/install/time_practice/share/ament_index/resource_index/package_run_dependencies/time_practice
-- Installing: /home/ros-industrial/robocon_ws/install/time_practice/share/ament_index/resource_index/parent_prefix_path/time_practice
-- Installing: /home/ros-industrial/robocon_ws/install/time_practice/share/time_practice/environment/ament_prefix_path.sh
-- Installing: /home/ros-industrial/robocon_ws/install/time_practice/share/time_practice/environment/ament_prefix_path.dsv
-- Installing: /home/ros-industrial/robocon_ws/install/time_practice/share/time_practice/environment/path.sh
-- Installing: /home/ros-industrial/robocon_ws/install/time_practice/share/time_practice/environment/path.dsv
-- Installing: /home/ros-industrial/robocon_ws/install/time_practice/share/time_practice/local_setup.bash
-- Installing: /home/ros-industrial/robocon_ws/install/time_practice/share/time_practice/local_setup.sh
-- Installing: /home/ros-industrial/robocon_ws/install/time_practice/share/time_practice/local_setup.zsh
-- Installing: /home/ros-industrial/robocon_ws/install/time_practice/share/time_practice/local_setup.dsv
-- Installing: /home/ros-industrial/robocon_ws/install/time_practice/share/time_practice/package.dsv
-- Installing: /home/ros-industrial/robocon_ws/install/time_practice/share/ament_index/resource_index/packages/time_practice
-- Installing: /home/ros-industrial/robocon_ws/install/time_practice/share/time_practice/cmake/time_practiceConfig.cmake
-- Installing: /home/ros-industrial/robocon_ws/install/time_practice/share/time_practice/cmake/time_practiceConfig-version.cmake
-- Installing: /home/ros-industrial/robocon_ws/install/time_practice/share/time_practice/package.xml
