[0.013s] Invoking command in '/home/ros-industrial/robocon_ws/build/ros_to_kimd': CMAKE_PREFIX_PATH=/opt/ros/foxy /usr/bin/cmake --build /home/ros-industrial/robocon_ws/build/ros_to_kimd -- -j8 -l8
[0.049s] [35m[1mScanning dependencies of target joysubtest[0m
[0.064s] [ 50%] [32mBuilding CXX object CMakeFiles/joysubtest.dir/src/kimd_send_joystick.cpp.o[0m
[0.751s] [01m[K/home/ros-industrial/robocon_ws/src/ros_to_kimd/src/kimd_send_joystick.cpp:[m[K In member function ‘[01m[Kvoid KiMDJoySubscriber::topic_callback(sensor_msgs::msg::Joy_<std::allocator<void> >::SharedPtr)[m[K’:
[0.751s] [01m[K/home/ros-industrial/robocon_ws/src/ros_to_kimd/src/kimd_send_joystick.cpp:53:56:[m[K [01;35m[Kwarning: [m[Kunused parameter ‘[01m[Kmsg[m[K’ [[01;35m[K-Wunused-parameter[m[K]
[0.751s]    53 |   void topic_callback([01;35m[Ksensor_msgs::msg::Joy::SharedPtr msg[m[K)
[0.751s]       |                       [01;35m[K~~~~~~~~~~~~~~~~~~~~~~~~~~~~~~~~~^~~[m[K
[2.799s] [100%] [32m[1mLinking CXX executable joysubtest[0m
[2.940s] [100%] Built target joysubtest
[2.951s] Invoked command in '/home/ros-industrial/robocon_ws/build/ros_to_kimd' returned '0': CMAKE_PREFIX_PATH=/opt/ros/foxy /usr/bin/cmake --build /home/ros-industrial/robocon_ws/build/ros_to_kimd -- -j8 -l8
[2.979s] Invoking command in '/home/ros-industrial/robocon_ws/build/ros_to_kimd': CMAKE_PREFIX_PATH=/opt/ros/foxy /usr/bin/cmake --install /home/ros-industrial/robocon_ws/build/ros_to_kimd
[2.985s] -- Install configuration: ""
[2.985s] -- Installing: /home/ros-industrial/robocon_ws/install/ros_to_kimd/lib/ros_to_kimd/joysubtest
[2.987s] -- Set runtime path of "/home/ros-industrial/robocon_ws/install/ros_to_kimd/lib/ros_to_kimd/joysubtest" to ""
[2.987s] -- Up-to-date: /home/ros-industrial/robocon_ws/install/ros_to_kimd/share/ament_index/resource_index/package_run_dependencies/ros_to_kimd
[2.988s] -- Up-to-date: /home/ros-industrial/robocon_ws/install/ros_to_kimd/share/ament_index/resource_index/parent_prefix_path/ros_to_kimd
[2.988s] -- Up-to-date: /home/ros-industrial/robocon_ws/install/ros_to_kimd/share/ros_to_kimd/environment/ament_prefix_path.sh
[2.988s] -- Up-to-date: /home/ros-industrial/robocon_ws/install/ros_to_kimd/share/ros_to_kimd/environment/ament_prefix_path.dsv
[2.988s] -- Up-to-date: /home/ros-industrial/robocon_ws/install/ros_to_kimd/share/ros_to_kimd/environment/path.sh
[2.988s] -- Up-to-date: /home/ros-industrial/robocon_ws/install/ros_to_kimd/share/ros_to_kimd/environment/path.dsv
[2.988s] -- Up-to-date: /home/ros-industrial/robocon_ws/install/ros_to_kimd/share/ros_to_kimd/local_setup.bash
[2.988s] -- Up-to-date: /home/ros-industrial/robocon_ws/install/ros_to_kimd/share/ros_to_kimd/local_setup.sh
[2.988s] -- Up-to-date: /home/ros-industrial/robocon_ws/install/ros_to_kimd/share/ros_to_kimd/local_setup.zsh
[2.989s] -- Up-to-date: /home/ros-industrial/robocon_ws/install/ros_to_kimd/share/ros_to_kimd/local_setup.dsv
[2.989s] -- Installing: /home/ros-industrial/robocon_ws/install/ros_to_kimd/share/ros_to_kimd/package.dsv
[2.989s] -- Up-to-date: /home/ros-industrial/robocon_ws/install/ros_to_kimd/share/ament_index/resource_index/packages/ros_to_kimd
[2.989s] -- Up-to-date: /home/ros-industrial/robocon_ws/install/ros_to_kimd/share/ros_to_kimd/cmake/ros_to_kimdConfig.cmake
[2.989s] -- Up-to-date: /home/ros-industrial/robocon_ws/install/ros_to_kimd/share/ros_to_kimd/cmake/ros_to_kimdConfig-version.cmake
[2.989s] -- Up-to-date: /home/ros-industrial/robocon_ws/install/ros_to_kimd/share/ros_to_kimd/package.xml
[2.991s] Invoked command in '/home/ros-industrial/robocon_ws/build/ros_to_kimd' returned '0': CMAKE_PREFIX_PATH=/opt/ros/foxy /usr/bin/cmake --install /home/ros-industrial/robocon_ws/build/ros_to_kimd
