[0.667s] Invoking command in '/home/roboconb/RoboconDetectionFruit-master/build/robocon2023_b_dash': CMAKE_PREFIX_PATH=${CMAKE_PREFIX_PATH}:/home/roboconb/RoboconDetectionFruit-master/install/fruit_detection:/opt/ros/humble /usr/bin/cmake /home/roboconb/RoboconDetectionFruit-master/src/robocon2023_b_dash -DCMAKE_INSTALL_PREFIX=/home/roboconb/RoboconDetectionFruit-master/install/robocon2023_b_dash
[0.757s] -- The C compiler identification is GNU 11.4.0
[0.858s] -- The CXX compiler identification is GNU 11.4.0
[0.872s] -- Detecting C compiler ABI info
[1.012s] -- Detecting C compiler ABI info - done
[1.040s] -- Check for working C compiler: /usr/bin/cc - skipped
[1.040s] -- Detecting C compile features
[1.042s] -- Detecting C compile features - done
[1.051s] -- Detecting CXX compiler ABI info
[1.187s] -- Detecting CXX compiler ABI info - done
[1.203s] -- Check for working CXX compiler: /usr/bin/c++ - skipped
[1.203s] -- Detecting CXX compile features
[1.204s] -- Detecting CXX compile features - done
[1.207s] -- Found ament_cmake: 1.3.5 (/opt/ros/humble/share/ament_cmake/cmake)
[1.539s] -- Found Python3: /usr/bin/python3.10 (found version "3.10.12") found components: Interpreter 
[1.689s] -- Found rclcpp: 16.0.6 (/opt/ros/humble/share/rclcpp/cmake)
[1.763s] -- Found rosidl_generator_c: 3.1.5 (/opt/ros/humble/share/rosidl_generator_c/cmake)
[1.771s] -- Found rosidl_adapter: 3.1.5 (/opt/ros/humble/share/rosidl_adapter/cmake)
[1.786s] -- Found rosidl_generator_cpp: 3.1.5 (/opt/ros/humble/share/rosidl_generator_cpp/cmake)
[1.811s] -- Using all available rosidl_typesupport_c: rosidl_typesupport_fastrtps_c;rosidl_typesupport_introspection_c
[1.843s] -- Using all available rosidl_typesupport_cpp: rosidl_typesupport_fastrtps_cpp;rosidl_typesupport_introspection_cpp
[1.996s] -- Found rmw_implementation_cmake: 6.1.1 (/opt/ros/humble/share/rmw_implementation_cmake/cmake)
[2.000s] -- Found rmw_fastrtps_cpp: 6.2.4 (/opt/ros/humble/share/rmw_fastrtps_cpp/cmake)
[2.182s] -- Found OpenSSL: /usr/lib/x86_64-linux-gnu/libcrypto.so (found version "3.0.2")  
[2.223s] -- Found FastRTPS: /opt/ros/humble/include  
[2.307s] -- Using RMW implementation 'rmw_fastrtps_cpp' as default
[2.322s] -- Looking for pthread.h
[2.430s] -- Looking for pthread.h - found
[2.431s] -- Performing Test CMAKE_HAVE_LIBC_PTHREAD
[2.540s] -- Performing Test CMAKE_HAVE_LIBC_PTHREAD - Success
[2.542s] -- Found Threads: TRUE  
[2.840s] -- Found sensor_msgs: 4.2.3 (/opt/ros/humble/share/sensor_msgs/cmake)
[3.064s] -- Found ament_lint_auto: 0.12.8 (/opt/ros/humble/share/ament_lint_auto/cmake)
[3.180s] -- Added test 'copyright' to check source files copyright and LICENSE
[3.189s] -- Added test 'cppcheck' to perform static code analysis on C / C++ code
[3.190s] -- Configured cppcheck include dirs: 
[3.190s] -- Configured cppcheck exclude dirs and/or files: 
[3.199s] -- Added test 'cpplint' to check C / C++ code against the Google style
[3.199s] -- Configured cpplint exclude dirs and/or files: 
[3.200s] -- Added test 'flake8' to check Python code syntax and style conventions
[3.203s] -- Added test 'lint_cmake' to check CMake code style
[3.205s] -- Added test 'pep257' to check Python code against some of the docstring style conventions in PEP 257
[3.215s] -- Added test 'uncrustify' to check C / C++ code style
[3.215s] -- Configured uncrustify additional arguments: 
[3.217s] -- Added test 'xmllint' to check XML markup files
[3.219s] -- Configuring done
[3.290s] -- Generating done
[3.294s] -- Build files have been written to: /home/roboconb/RoboconDetectionFruit-master/build/robocon2023_b_dash
[3.309s] Invoked command in '/home/roboconb/RoboconDetectionFruit-master/build/robocon2023_b_dash' returned '0': CMAKE_PREFIX_PATH=${CMAKE_PREFIX_PATH}:/home/roboconb/RoboconDetectionFruit-master/install/fruit_detection:/opt/ros/humble /usr/bin/cmake /home/roboconb/RoboconDetectionFruit-master/src/robocon2023_b_dash -DCMAKE_INSTALL_PREFIX=/home/roboconb/RoboconDetectionFruit-master/install/robocon2023_b_dash
[3.311s] Invoking command in '/home/roboconb/RoboconDetectionFruit-master/build/robocon2023_b_dash': CMAKE_PREFIX_PATH=${CMAKE_PREFIX_PATH}:/home/roboconb/RoboconDetectionFruit-master/install/fruit_detection:/opt/ros/humble /usr/bin/cmake --build /home/roboconb/RoboconDetectionFruit-master/build/robocon2023_b_dash -- -j8 -l8
[3.376s] [35m[1mConsolidate compiler generated dependencies of target Xmove_Controller[0m
[3.376s] [35m[1mConsolidate compiler generated dependencies of target SerialKIMD[0m
[3.417s] [  9%] Built target Xmove_Controller
[3.420s] [ 18%] Built target SerialKIMD
[3.437s] [35m[1mConsolidate compiler generated dependencies of target Solenoid_Controller[0m
[3.439s] [35m[1mConsolidate compiler generated dependencies of target BeltLiner_Controller[0m
[3.475s] [ 27%] Built target Solenoid_Controller
[3.477s] [ 36%] Built target BeltLiner_Controller
[3.489s] [35m[1mConsolidate compiler generated dependencies of target RopeMotion[0m
[3.492s] [35m[1mConsolidate compiler generated dependencies of target receiver[0m
[3.544s] [ 45%] Built target RopeMotion
[3.575s] [ 54%] Built target receiver
[3.592s] [35m[1mConsolidate compiler generated dependencies of target Crawl_Controller[0m
[3.601s] [35m[1mConsolidate compiler generated dependencies of target WallUpMotion[0m
[3.636s] [ 63%] Built target Crawl_Controller
[3.636s] [ 72%] Built target WallUpMotion
[3.658s] [35m[1mConsolidate compiler generated dependencies of target Upper_Controller[0m
[3.659s] [35m[1mConsolidate compiler generated dependencies of target Drive_Controller[0m
[3.706s] [ 90%] Built target Upper_Controller
[3.706s] [ 90%] Built target Drive_Controller
[3.724s] [35m[1mConsolidate compiler generated dependencies of target DriveMotion[0m
[3.753s] [100%] Built target DriveMotion
[3.810s] Invoked command in '/home/roboconb/RoboconDetectionFruit-master/build/robocon2023_b_dash' returned '0': CMAKE_PREFIX_PATH=${CMAKE_PREFIX_PATH}:/home/roboconb/RoboconDetectionFruit-master/install/fruit_detection:/opt/ros/humble /usr/bin/cmake --build /home/roboconb/RoboconDetectionFruit-master/build/robocon2023_b_dash -- -j8 -l8
[3.998s] Invoking command in '/home/roboconb/RoboconDetectionFruit-master/build/robocon2023_b_dash': CMAKE_PREFIX_PATH=${CMAKE_PREFIX_PATH}:/home/roboconb/RoboconDetectionFruit-master/install/fruit_detection:/opt/ros/humble /usr/bin/cmake --install /home/roboconb/RoboconDetectionFruit-master/build/robocon2023_b_dash
[4.007s] -- Install configuration: ""
[4.008s] -- Up-to-date: /home/roboconb/RoboconDetectionFruit-master/install/robocon2023_b_dash/lib/robocon2023_b_dash/SerialKIMD
[4.008s] -- Up-to-date: /home/roboconb/RoboconDetectionFruit-master/install/robocon2023_b_dash/lib/robocon2023_b_dash/Xmove_Controller
[4.009s] -- Up-to-date: /home/roboconb/RoboconDetectionFruit-master/install/robocon2023_b_dash/lib/robocon2023_b_dash/DriveMotion
[4.009s] -- Up-to-date: /home/roboconb/RoboconDetectionFruit-master/install/robocon2023_b_dash/lib/robocon2023_b_dash/Drive_Controller
[4.010s] -- Up-to-date: /home/roboconb/RoboconDetectionFruit-master/install/robocon2023_b_dash/lib/robocon2023_b_dash/Upper_Controller
[4.011s] -- Up-to-date: /home/roboconb/RoboconDetectionFruit-master/install/robocon2023_b_dash/lib/robocon2023_b_dash/WallUpMotion
[4.012s] -- Up-to-date: /home/roboconb/RoboconDetectionFruit-master/install/robocon2023_b_dash/lib/robocon2023_b_dash/Crawl_Controller
[4.012s] -- Up-to-date: /home/roboconb/RoboconDetectionFruit-master/install/robocon2023_b_dash/lib/robocon2023_b_dash/Solenoid_Controller
[4.013s] -- Up-to-date: /home/roboconb/RoboconDetectionFruit-master/install/robocon2023_b_dash/lib/robocon2023_b_dash/BeltLiner_Controller
[4.014s] -- Up-to-date: /home/roboconb/RoboconDetectionFruit-master/install/robocon2023_b_dash/lib/robocon2023_b_dash/RopeMotion
[4.015s] -- Up-to-date: /home/roboconb/RoboconDetectionFruit-master/install/robocon2023_b_dash/lib/robocon2023_b_dash/receiver
[4.015s] -- Up-to-date: /home/roboconb/RoboconDetectionFruit-master/install/robocon2023_b_dash/share/ament_index/resource_index/package_run_dependencies/robocon2023_b_dash
[4.015s] -- Up-to-date: /home/roboconb/RoboconDetectionFruit-master/install/robocon2023_b_dash/share/ament_index/resource_index/parent_prefix_path/robocon2023_b_dash
[4.015s] -- Up-to-date: /home/roboconb/RoboconDetectionFruit-master/install/robocon2023_b_dash/share/robocon2023_b_dash/environment/ament_prefix_path.sh
[4.015s] -- Installing: /home/roboconb/RoboconDetectionFruit-master/install/robocon2023_b_dash/share/robocon2023_b_dash/environment/ament_prefix_path.dsv
[4.016s] -- Up-to-date: /home/roboconb/RoboconDetectionFruit-master/install/robocon2023_b_dash/share/robocon2023_b_dash/environment/path.sh
[4.016s] -- Installing: /home/roboconb/RoboconDetectionFruit-master/install/robocon2023_b_dash/share/robocon2023_b_dash/environment/path.dsv
[4.016s] -- Up-to-date: /home/roboconb/RoboconDetectionFruit-master/install/robocon2023_b_dash/share/robocon2023_b_dash/local_setup.bash
[4.016s] -- Up-to-date: /home/roboconb/RoboconDetectionFruit-master/install/robocon2023_b_dash/share/robocon2023_b_dash/local_setup.sh
[4.016s] -- Up-to-date: /home/roboconb/RoboconDetectionFruit-master/install/robocon2023_b_dash/share/robocon2023_b_dash/local_setup.zsh
[4.016s] -- Installing: /home/roboconb/RoboconDetectionFruit-master/install/robocon2023_b_dash/share/robocon2023_b_dash/local_setup.dsv
[4.016s] -- Installing: /home/roboconb/RoboconDetectionFruit-master/install/robocon2023_b_dash/share/robocon2023_b_dash/package.dsv
[4.017s] -- Up-to-date: /home/roboconb/RoboconDetectionFruit-master/install/robocon2023_b_dash/share/ament_index/resource_index/packages/robocon2023_b_dash
[4.017s] -- Up-to-date: /home/roboconb/RoboconDetectionFruit-master/install/robocon2023_b_dash/share/robocon2023_b_dash/cmake/robocon2023_b_dashConfig.cmake
[4.017s] -- Up-to-date: /home/roboconb/RoboconDetectionFruit-master/install/robocon2023_b_dash/share/robocon2023_b_dash/cmake/robocon2023_b_dashConfig-version.cmake
[4.017s] -- Up-to-date: /home/roboconb/RoboconDetectionFruit-master/install/robocon2023_b_dash/share/robocon2023_b_dash/package.xml
[4.019s] Invoked command in '/home/roboconb/RoboconDetectionFruit-master/build/robocon2023_b_dash' returned '0': CMAKE_PREFIX_PATH=${CMAKE_PREFIX_PATH}:/home/roboconb/RoboconDetectionFruit-master/install/fruit_detection:/opt/ros/humble /usr/bin/cmake --install /home/roboconb/RoboconDetectionFruit-master/build/robocon2023_b_dash
