[0.561s] Invoking command in '/home/ros-industrial/robocon_ws/build/robocon2023_b_dash': CMAKE_PREFIX_PATH=${CMAKE_PREFIX_PATH}:/opt/ros/foxy /usr/bin/cmake --build /home/ros-industrial/robocon_ws/build/robocon2023_b_dash -- -j8 -l8
[0.608s] [35m[1mScanning dependencies of target RopeMotion[0m
[0.637s] [ 10%] Built target Solenoid_Controller
[0.639s] [ 15%] [32mBuilding CXX object CMakeFiles/RopeMotion.dir/src/Rope_Motion.cpp.o[0m
[0.648s] [ 25%] Built target DriveMotion
[0.649s] [ 35%] Built target SerialKIMD
[0.654s] [ 45%] Built target BeltLiner_Controller
[0.660s] [ 55%] Built target Xmove_Controller
[0.661s] [ 65%] Built target Crawl_Controller
[0.661s] [ 75%] Built target Drive_Controller
[0.674s] [35m[1mScanning dependencies of target WallUpMotion[0m
[0.694s] [ 85%] Built target Upper_Controller
[0.704s] [ 90%] [32mBuilding CXX object CMakeFiles/WallUpMotion.dir/src/WallUp_Motion.cpp.o[0m
[1.565s] In file included from [01m[K/home/ros-industrial/robocon_ws/src/robocon2023_b_dash/src/Rope_Motion.hpp:7[m[K,
[1.570s]                  from [01m[K/home/ros-industrial/robocon_ws/src/robocon2023_b_dash/src/Rope_Motion.cpp:2[m[K:
[1.570s] [01m[K/home/ros-industrial/robocon_ws/src/robocon2023_b_dash/src/RoboconMsg/ABU2023_GenericOutput_Header.h:19:2:[m[K [01;35m[Kwarning: [m[KISO C++ prohibits anonymous structs [[01;35m[K-Wpedantic[m[K]
[1.570s]    19 |  [01;35m[K}[m[K;
[1.571s]       |  [01;35m[K^[m[K
[1.612s] In file included from [01m[K/home/ros-industrial/robocon_ws/src/robocon2023_b_dash/src/WallUp_Motion.hpp:7[m[K,
[1.612s]                  from [01m[K/home/ros-industrial/robocon_ws/src/robocon2023_b_dash/src/WallUp_Motion.cpp:2[m[K:
[1.612s] [01m[K/home/ros-industrial/robocon_ws/src/robocon2023_b_dash/src/RoboconMsg/ABU2023_GenericOutput_Header.h:19:2:[m[K [01;35m[Kwarning: [m[KISO C++ prohibits anonymous structs [[01;35m[K-Wpedantic[m[K]
[1.612s]    19 |  [01;35m[K}[m[K;
[1.612s]       |  [01;35m[K^[m[K
[4.407s] [ 95%] [32m[1mLinking CXX executable RopeMotion[0m
[4.480s] [100%] [32m[1mLinking CXX executable WallUpMotion[0m
[4.570s] [100%] Built target RopeMotion
[4.640s] [100%] Built target WallUpMotion
[4.647s] Invoked command in '/home/ros-industrial/robocon_ws/build/robocon2023_b_dash' returned '0': CMAKE_PREFIX_PATH=${CMAKE_PREFIX_PATH}:/opt/ros/foxy /usr/bin/cmake --build /home/ros-industrial/robocon_ws/build/robocon2023_b_dash -- -j8 -l8
[4.681s] Invoking command in '/home/ros-industrial/robocon_ws/build/robocon2023_b_dash': CMAKE_PREFIX_PATH=${CMAKE_PREFIX_PATH}:/opt/ros/foxy /usr/bin/cmake --install /home/ros-industrial/robocon_ws/build/robocon2023_b_dash
[4.687s] -- Install configuration: ""
[4.687s] -- Up-to-date: /home/ros-industrial/robocon_ws/install/robocon2023_b_dash/lib/robocon2023_b_dash/SerialKIMD
[4.688s] -- Up-to-date: /home/ros-industrial/robocon_ws/install/robocon2023_b_dash/lib/robocon2023_b_dash/Xmove_Controller
[4.688s] -- Up-to-date: /home/ros-industrial/robocon_ws/install/robocon2023_b_dash/lib/robocon2023_b_dash/DriveMotion
[4.688s] -- Up-to-date: /home/ros-industrial/robocon_ws/install/robocon2023_b_dash/lib/robocon2023_b_dash/Drive_Controller
[4.688s] -- Up-to-date: /home/ros-industrial/robocon_ws/install/robocon2023_b_dash/lib/robocon2023_b_dash/Upper_Controller
[4.688s] -- Installing: /home/ros-industrial/robocon_ws/install/robocon2023_b_dash/lib/robocon2023_b_dash/WallUpMotion
[4.690s] -- Set runtime path of "/home/ros-industrial/robocon_ws/install/robocon2023_b_dash/lib/robocon2023_b_dash/WallUpMotion" to ""
[4.691s] -- Up-to-date: /home/ros-industrial/robocon_ws/install/robocon2023_b_dash/lib/robocon2023_b_dash/Crawl_Controller
[4.691s] -- Up-to-date: /home/ros-industrial/robocon_ws/install/robocon2023_b_dash/lib/robocon2023_b_dash/Solenoid_Controller
[4.691s] -- Up-to-date: /home/ros-industrial/robocon_ws/install/robocon2023_b_dash/lib/robocon2023_b_dash/BeltLiner_Controller
[4.691s] -- Installing: /home/ros-industrial/robocon_ws/install/robocon2023_b_dash/lib/robocon2023_b_dash/RopeMotion
[4.692s] -- Set runtime path of "/home/ros-industrial/robocon_ws/install/robocon2023_b_dash/lib/robocon2023_b_dash/RopeMotion" to ""
[4.692s] -- Up-to-date: /home/ros-industrial/robocon_ws/install/robocon2023_b_dash/share/ament_index/resource_index/package_run_dependencies/robocon2023_b_dash
[4.693s] -- Up-to-date: /home/ros-industrial/robocon_ws/install/robocon2023_b_dash/share/ament_index/resource_index/parent_prefix_path/robocon2023_b_dash
[4.693s] -- Up-to-date: /home/ros-industrial/robocon_ws/install/robocon2023_b_dash/share/robocon2023_b_dash/environment/ament_prefix_path.sh
[4.693s] -- Up-to-date: /home/ros-industrial/robocon_ws/install/robocon2023_b_dash/share/robocon2023_b_dash/environment/ament_prefix_path.dsv
[4.693s] -- Up-to-date: /home/ros-industrial/robocon_ws/install/robocon2023_b_dash/share/robocon2023_b_dash/environment/path.sh
[4.693s] -- Up-to-date: /home/ros-industrial/robocon_ws/install/robocon2023_b_dash/share/robocon2023_b_dash/environment/path.dsv
[4.693s] -- Up-to-date: /home/ros-industrial/robocon_ws/install/robocon2023_b_dash/share/robocon2023_b_dash/local_setup.bash
[4.693s] -- Up-to-date: /home/ros-industrial/robocon_ws/install/robocon2023_b_dash/share/robocon2023_b_dash/local_setup.sh
[4.693s] -- Up-to-date: /home/ros-industrial/robocon_ws/install/robocon2023_b_dash/share/robocon2023_b_dash/local_setup.zsh
[4.693s] -- Up-to-date: /home/ros-industrial/robocon_ws/install/robocon2023_b_dash/share/robocon2023_b_dash/local_setup.dsv
[4.693s] -- Installing: /home/ros-industrial/robocon_ws/install/robocon2023_b_dash/share/robocon2023_b_dash/package.dsv
[4.693s] -- Up-to-date: /home/ros-industrial/robocon_ws/install/robocon2023_b_dash/share/ament_index/resource_index/packages/robocon2023_b_dash
[4.693s] -- Up-to-date: /home/ros-industrial/robocon_ws/install/robocon2023_b_dash/share/robocon2023_b_dash/cmake/robocon2023_b_dashConfig.cmake
[4.693s] -- Up-to-date: /home/ros-industrial/robocon_ws/install/robocon2023_b_dash/share/robocon2023_b_dash/cmake/robocon2023_b_dashConfig-version.cmake
[4.693s] -- Up-to-date: /home/ros-industrial/robocon_ws/install/robocon2023_b_dash/share/robocon2023_b_dash/package.xml
[4.695s] Invoked command in '/home/ros-industrial/robocon_ws/build/robocon2023_b_dash' returned '0': CMAKE_PREFIX_PATH=${CMAKE_PREFIX_PATH}:/opt/ros/foxy /usr/bin/cmake --install /home/ros-industrial/robocon_ws/build/robocon2023_b_dash
