[0.805s] DEBUG:colcon:Command line arguments: ['/usr/bin/colcon', 'build', '--cmake-clean-cache']
[0.805s] DEBUG:colcon:Parsed command line arguments: Namespace(log_base=None, log_level=None, verb_name='build', build_base='build', install_base='install', merge_install=False, symlink_install=False, test_result_base=None, continue_on_error=False, executor='parallel', parallel_workers=12, event_handlers=None, ignore_user_meta=False, metas=['./colcon.meta'], base_paths=['.'], packages_ignore=None, packages_ignore_regex=None, paths=None, packages_up_to=None, packages_up_to_regex=None, packages_above=None, packages_above_and_dependencies=None, packages_above_depth=None, packages_select_by_dep=None, packages_skip_by_dep=None, packages_skip_up_to=None, packages_select_build_failed=False, packages_skip_build_finished=False, packages_select_test_failures=False, packages_skip_test_passed=False, packages_select=None, packages_skip=None, packages_select_regex=None, packages_skip_regex=None, packages_start=None, packages_end=None, allow_overriding=[], cmake_args=None, cmake_target=None, cmake_target_skip_unavailable=False, cmake_clean_cache=True, cmake_clean_first=False, cmake_force_configure=False, ament_cmake_args=None, catkin_cmake_args=None, catkin_skip_building_tests=False, verb_parser=<colcon_defaults.argument_parser.defaults.DefaultArgumentsDecorator object at 0x7f862dbc9bd0>, verb_extension=<colcon_core.verb.build.BuildVerb object at 0x7f862db92260>, main=<bound method BuildVerb.main of <colcon_core.verb.build.BuildVerb object at 0x7f862db92260>>)
[0.842s] Level 1:colcon.colcon_core.package_discovery:discover_packages(colcon_meta) check parameters
[0.842s] Level 1:colcon.colcon_core.package_discovery:discover_packages(recursive) check parameters
[0.842s] Level 1:colcon.colcon_core.package_discovery:discover_packages(ignore) check parameters
[0.842s] Level 1:colcon.colcon_core.package_discovery:discover_packages(path) check parameters
[0.842s] Level 1:colcon.colcon_core.package_discovery:discover_packages(colcon_meta) discover
[0.842s] Level 1:colcon.colcon_core.package_discovery:discover_packages(recursive) discover
[0.842s] INFO:colcon.colcon_core.package_discovery:Crawling recursively for packages in '/home/kaibuchisoma/robocon_ws/RoboconDetectionFruit'
[0.843s] Level 1:colcon.colcon_core.package_identification:_identify(.) by extensions ['ignore', 'ignore_ament_install']
[0.843s] Level 1:colcon.colcon_core.package_identification:_identify(.) by extension 'ignore'
[0.843s] Level 1:colcon.colcon_core.package_identification:_identify(.) by extension 'ignore_ament_install'
[0.843s] Level 1:colcon.colcon_core.package_identification:_identify(.) by extensions ['colcon_pkg']
[0.843s] Level 1:colcon.colcon_core.package_identification:_identify(.) by extension 'colcon_pkg'
[0.843s] Level 1:colcon.colcon_core.package_identification:_identify(.) by extensions ['colcon_meta']
[0.843s] Level 1:colcon.colcon_core.package_identification:_identify(.) by extension 'colcon_meta'
[0.843s] Level 1:colcon.colcon_core.package_identification:_identify(.) by extensions ['ros']
[0.843s] Level 1:colcon.colcon_core.package_identification:_identify(.) by extension 'ros'
[0.851s] Level 1:colcon.colcon_core.package_identification:_identify(.) by extensions ['cmake', 'python']
[0.851s] Level 1:colcon.colcon_core.package_identification:_identify(.) by extension 'cmake'
[0.851s] Level 1:colcon.colcon_core.package_identification:_identify(.) by extension 'python'
[0.851s] Level 1:colcon.colcon_core.package_identification:_identify(.) by extensions ['python_setup_py']
[0.851s] Level 1:colcon.colcon_core.package_identification:_identify(.) by extension 'python_setup_py'
[0.851s] Level 1:colcon.colcon_core.package_identification:_identify(build) by extensions ['ignore', 'ignore_ament_install']
[0.852s] Level 1:colcon.colcon_core.package_identification:_identify(build) by extension 'ignore'
[0.852s] Level 1:colcon.colcon_core.package_identification:_identify(build) ignored
[0.852s] Level 1:colcon.colcon_core.package_identification:_identify(install) by extensions ['ignore', 'ignore_ament_install']
[0.852s] Level 1:colcon.colcon_core.package_identification:_identify(install) by extension 'ignore'
[0.852s] Level 1:colcon.colcon_core.package_identification:_identify(install) ignored
[0.852s] Level 1:colcon.colcon_core.package_identification:_identify(log) by extensions ['ignore', 'ignore_ament_install']
[0.852s] Level 1:colcon.colcon_core.package_identification:_identify(log) by extension 'ignore'
[0.852s] Level 1:colcon.colcon_core.package_identification:_identify(log) ignored
[0.852s] Level 1:colcon.colcon_core.package_identification:_identify(src) by extensions ['ignore', 'ignore_ament_install']
[0.852s] Level 1:colcon.colcon_core.package_identification:_identify(src) by extension 'ignore'
[0.852s] Level 1:colcon.colcon_core.package_identification:_identify(src) by extension 'ignore_ament_install'
[0.852s] Level 1:colcon.colcon_core.package_identification:_identify(src) by extensions ['colcon_pkg']
[0.853s] Level 1:colcon.colcon_core.package_identification:_identify(src) by extension 'colcon_pkg'
[0.853s] Level 1:colcon.colcon_core.package_identification:_identify(src) by extensions ['colcon_meta']
[0.853s] Level 1:colcon.colcon_core.package_identification:_identify(src) by extension 'colcon_meta'
[0.853s] Level 1:colcon.colcon_core.package_identification:_identify(src) by extensions ['ros']
[0.853s] Level 1:colcon.colcon_core.package_identification:_identify(src) by extension 'ros'
[0.853s] Level 1:colcon.colcon_core.package_identification:_identify(src) by extensions ['cmake', 'python']
[0.853s] Level 1:colcon.colcon_core.package_identification:_identify(src) by extension 'cmake'
[0.853s] Level 1:colcon.colcon_core.package_identification:_identify(src) by extension 'python'
[0.853s] Level 1:colcon.colcon_core.package_identification:_identify(src) by extensions ['python_setup_py']
[0.853s] Level 1:colcon.colcon_core.package_identification:_identify(src) by extension 'python_setup_py'
[0.853s] Level 1:colcon.colcon_core.package_identification:_identify(src/build) by extensions ['ignore', 'ignore_ament_install']
[0.853s] Level 1:colcon.colcon_core.package_identification:_identify(src/build) by extension 'ignore'
[0.853s] Level 1:colcon.colcon_core.package_identification:_identify(src/build) ignored
[0.853s] Level 1:colcon.colcon_core.package_identification:_identify(src/fruit_detection) by extensions ['ignore', 'ignore_ament_install']
[0.853s] Level 1:colcon.colcon_core.package_identification:_identify(src/fruit_detection) by extension 'ignore'
[0.853s] Level 1:colcon.colcon_core.package_identification:_identify(src/fruit_detection) by extension 'ignore_ament_install'
[0.853s] Level 1:colcon.colcon_core.package_identification:_identify(src/fruit_detection) by extensions ['colcon_pkg']
[0.853s] Level 1:colcon.colcon_core.package_identification:_identify(src/fruit_detection) by extension 'colcon_pkg'
[0.854s] Level 1:colcon.colcon_core.package_identification:_identify(src/fruit_detection) by extensions ['colcon_meta']
[0.854s] Level 1:colcon.colcon_core.package_identification:_identify(src/fruit_detection) by extension 'colcon_meta'
[0.854s] Level 1:colcon.colcon_core.package_identification:_identify(src/fruit_detection) by extensions ['ros']
[0.854s] Level 1:colcon.colcon_core.package_identification:_identify(src/fruit_detection) by extension 'ros'
[0.855s] DEBUG:colcon.colcon_core.package_identification:Package 'src/fruit_detection' with type 'ros.ament_python' and name 'fruit_detection'
[0.855s] Level 1:colcon.colcon_core.package_identification:_identify(src/install) by extensions ['ignore', 'ignore_ament_install']
[0.855s] Level 1:colcon.colcon_core.package_identification:_identify(src/install) by extension 'ignore'
[0.855s] Level 1:colcon.colcon_core.package_identification:_identify(src/install) ignored
[0.856s] Level 1:colcon.colcon_core.package_identification:_identify(src/log) by extensions ['ignore', 'ignore_ament_install']
[0.856s] Level 1:colcon.colcon_core.package_identification:_identify(src/log) by extension 'ignore'
[0.856s] Level 1:colcon.colcon_core.package_identification:_identify(src/log) ignored
[0.856s] Level 1:colcon.colcon_core.package_identification:_identify(src/robocon2023_b_dash) by extensions ['ignore', 'ignore_ament_install']
[0.856s] Level 1:colcon.colcon_core.package_identification:_identify(src/robocon2023_b_dash) by extension 'ignore'
[0.856s] Level 1:colcon.colcon_core.package_identification:_identify(src/robocon2023_b_dash) by extension 'ignore_ament_install'
[0.856s] Level 1:colcon.colcon_core.package_identification:_identify(src/robocon2023_b_dash) by extensions ['colcon_pkg']
[0.856s] Level 1:colcon.colcon_core.package_identification:_identify(src/robocon2023_b_dash) by extension 'colcon_pkg'
[0.856s] Level 1:colcon.colcon_core.package_identification:_identify(src/robocon2023_b_dash) by extensions ['colcon_meta']
[0.856s] Level 1:colcon.colcon_core.package_identification:_identify(src/robocon2023_b_dash) by extension 'colcon_meta'
[0.856s] Level 1:colcon.colcon_core.package_identification:_identify(src/robocon2023_b_dash) by extensions ['ros']
[0.856s] Level 1:colcon.colcon_core.package_identification:_identify(src/robocon2023_b_dash) by extension 'ros'
[0.856s] DEBUG:colcon.colcon_core.package_identification:Package 'src/robocon2023_b_dash' with type 'ros.ament_cmake' and name 'robocon2023_b_dash'
[0.856s] Level 1:colcon.colcon_core.package_identification:_identify(src/ros_to_kimd) by extensions ['ignore', 'ignore_ament_install']
[0.857s] Level 1:colcon.colcon_core.package_identification:_identify(src/ros_to_kimd) by extension 'ignore'
[0.857s] Level 1:colcon.colcon_core.package_identification:_identify(src/ros_to_kimd) by extension 'ignore_ament_install'
[0.857s] Level 1:colcon.colcon_core.package_identification:_identify(src/ros_to_kimd) by extensions ['colcon_pkg']
[0.857s] Level 1:colcon.colcon_core.package_identification:_identify(src/ros_to_kimd) by extension 'colcon_pkg'
[0.857s] Level 1:colcon.colcon_core.package_identification:_identify(src/ros_to_kimd) by extensions ['colcon_meta']
[0.857s] Level 1:colcon.colcon_core.package_identification:_identify(src/ros_to_kimd) by extension 'colcon_meta'
[0.857s] Level 1:colcon.colcon_core.package_identification:_identify(src/ros_to_kimd) by extensions ['ros']
[0.857s] Level 1:colcon.colcon_core.package_identification:_identify(src/ros_to_kimd) by extension 'ros'
[0.857s] DEBUG:colcon.colcon_core.package_identification:Package 'src/ros_to_kimd' with type 'ros.ament_cmake' and name 'ros_to_kimd'
[0.857s] Level 1:colcon.colcon_core.package_discovery:discover_packages(recursive) using defaults
[0.857s] Level 1:colcon.colcon_core.package_discovery:discover_packages(ignore) discover
[0.857s] Level 1:colcon.colcon_core.package_discovery:discover_packages(ignore) using defaults
[0.857s] Level 1:colcon.colcon_core.package_discovery:discover_packages(path) discover
[0.857s] Level 1:colcon.colcon_core.package_discovery:discover_packages(path) using defaults
[0.932s] Level 1:colcon.colcon_core.package_discovery:discover_packages(prefix_path) check parameters
[0.932s] Level 1:colcon.colcon_core.package_discovery:discover_packages(prefix_path) discover
[0.957s] DEBUG:colcon.colcon_installed_package_information.package_discovery:Found 3 installed packages in /home/kaibuchisoma/robocon_ws/RoboconDetectionFruit/install
[0.969s] DEBUG:colcon.colcon_installed_package_information.package_discovery:Found 271 installed packages in /opt/ros/humble
[0.970s] Level 1:colcon.colcon_core.package_discovery:discover_packages(prefix_path) using defaults
[1.048s] Level 5:colcon.colcon_core.verb:set package 'fruit_detection' build argument 'cmake_args' from command line to 'None'
[1.048s] Level 5:colcon.colcon_core.verb:set package 'fruit_detection' build argument 'cmake_target' from command line to 'None'
[1.048s] Level 5:colcon.colcon_core.verb:set package 'fruit_detection' build argument 'cmake_target_skip_unavailable' from command line to 'False'
[1.048s] Level 5:colcon.colcon_core.verb:set package 'fruit_detection' build argument 'cmake_clean_cache' from command line to 'True'
[1.048s] Level 5:colcon.colcon_core.verb:set package 'fruit_detection' build argument 'cmake_clean_first' from command line to 'False'
[1.048s] Level 5:colcon.colcon_core.verb:set package 'fruit_detection' build argument 'cmake_force_configure' from command line to 'False'
[1.048s] Level 5:colcon.colcon_core.verb:set package 'fruit_detection' build argument 'ament_cmake_args' from command line to 'None'
[1.048s] Level 5:colcon.colcon_core.verb:set package 'fruit_detection' build argument 'catkin_cmake_args' from command line to 'None'
[1.048s] Level 5:colcon.colcon_core.verb:set package 'fruit_detection' build argument 'catkin_skip_building_tests' from command line to 'False'
[1.048s] DEBUG:colcon.colcon_core.verb:Building package 'fruit_detection' with the following arguments: {'ament_cmake_args': None, 'build_base': '/home/kaibuchisoma/robocon_ws/RoboconDetectionFruit/build/fruit_detection', 'catkin_cmake_args': None, 'catkin_skip_building_tests': False, 'cmake_args': None, 'cmake_clean_cache': True, 'cmake_clean_first': False, 'cmake_force_configure': False, 'cmake_target': None, 'cmake_target_skip_unavailable': False, 'install_base': '/home/kaibuchisoma/robocon_ws/RoboconDetectionFruit/install/fruit_detection', 'merge_install': False, 'path': '/home/kaibuchisoma/robocon_ws/RoboconDetectionFruit/src/fruit_detection', 'symlink_install': False, 'test_result_base': None}
[1.060s] Level 5:colcon.colcon_core.verb:set package 'robocon2023_b_dash' build argument 'cmake_args' from command line to 'None'
[1.060s] Level 5:colcon.colcon_core.verb:set package 'robocon2023_b_dash' build argument 'cmake_target' from command line to 'None'
[1.060s] Level 5:colcon.colcon_core.verb:set package 'robocon2023_b_dash' build argument 'cmake_target_skip_unavailable' from command line to 'False'
[1.060s] Level 5:colcon.colcon_core.verb:set package 'robocon2023_b_dash' build argument 'cmake_clean_cache' from command line to 'True'
[1.060s] Level 5:colcon.colcon_core.verb:set package 'robocon2023_b_dash' build argument 'cmake_clean_first' from command line to 'False'
[1.060s] Level 5:colcon.colcon_core.verb:set package 'robocon2023_b_dash' build argument 'cmake_force_configure' from command line to 'False'
[1.060s] Level 5:colcon.colcon_core.verb:set package 'robocon2023_b_dash' build argument 'ament_cmake_args' from command line to 'None'
[1.060s] Level 5:colcon.colcon_core.verb:set package 'robocon2023_b_dash' build argument 'catkin_cmake_args' from command line to 'None'
[1.060s] Level 5:colcon.colcon_core.verb:set package 'robocon2023_b_dash' build argument 'catkin_skip_building_tests' from command line to 'False'
[1.061s] DEBUG:colcon.colcon_core.verb:Building package 'robocon2023_b_dash' with the following arguments: {'ament_cmake_args': None, 'build_base': '/home/kaibuchisoma/robocon_ws/RoboconDetectionFruit/build/robocon2023_b_dash', 'catkin_cmake_args': None, 'catkin_skip_building_tests': False, 'cmake_args': None, 'cmake_clean_cache': True, 'cmake_clean_first': False, 'cmake_force_configure': False, 'cmake_target': None, 'cmake_target_skip_unavailable': False, 'install_base': '/home/kaibuchisoma/robocon_ws/RoboconDetectionFruit/install/robocon2023_b_dash', 'merge_install': False, 'path': '/home/kaibuchisoma/robocon_ws/RoboconDetectionFruit/src/robocon2023_b_dash', 'symlink_install': False, 'test_result_base': None}
[1.072s] Level 5:colcon.colcon_core.verb:set package 'ros_to_kimd' build argument 'cmake_args' from command line to 'None'
[1.072s] Level 5:colcon.colcon_core.verb:set package 'ros_to_kimd' build argument 'cmake_target' from command line to 'None'
[1.073s] Level 5:colcon.colcon_core.verb:set package 'ros_to_kimd' build argument 'cmake_target_skip_unavailable' from command line to 'False'
[1.073s] Level 5:colcon.colcon_core.verb:set package 'ros_to_kimd' build argument 'cmake_clean_cache' from command line to 'True'
[1.073s] Level 5:colcon.colcon_core.verb:set package 'ros_to_kimd' build argument 'cmake_clean_first' from command line to 'False'
[1.073s] Level 5:colcon.colcon_core.verb:set package 'ros_to_kimd' build argument 'cmake_force_configure' from command line to 'False'
[1.073s] Level 5:colcon.colcon_core.verb:set package 'ros_to_kimd' build argument 'ament_cmake_args' from command line to 'None'
[1.073s] Level 5:colcon.colcon_core.verb:set package 'ros_to_kimd' build argument 'catkin_cmake_args' from command line to 'None'
[1.073s] Level 5:colcon.colcon_core.verb:set package 'ros_to_kimd' build argument 'catkin_skip_building_tests' from command line to 'False'
[1.073s] DEBUG:colcon.colcon_core.verb:Building package 'ros_to_kimd' with the following arguments: {'ament_cmake_args': None, 'build_base': '/home/kaibuchisoma/robocon_ws/RoboconDetectionFruit/build/ros_to_kimd', 'catkin_cmake_args': None, 'catkin_skip_building_tests': False, 'cmake_args': None, 'cmake_clean_cache': True, 'cmake_clean_first': False, 'cmake_force_configure': False, 'cmake_target': None, 'cmake_target_skip_unavailable': False, 'install_base': '/home/kaibuchisoma/robocon_ws/RoboconDetectionFruit/install/ros_to_kimd', 'merge_install': False, 'path': '/home/kaibuchisoma/robocon_ws/RoboconDetectionFruit/src/ros_to_kimd', 'symlink_install': False, 'test_result_base': None}
[1.084s] INFO:colcon.colcon_core.executor:Executing jobs using 'parallel' executor
[1.097s] DEBUG:colcon.colcon_parallel_executor.executor.parallel:run_until_complete
[1.097s] INFO:colcon.colcon_ros.task.ament_python.build:Building ROS package in '/home/kaibuchisoma/robocon_ws/RoboconDetectionFruit/src/fruit_detection' with build type 'ament_python'
[1.097s] Level 1:colcon.colcon_core.shell:create_environment_hook('fruit_detection', 'ament_prefix_path')
[1.110s] INFO:colcon.colcon_core.plugin_system:Skipping extension 'colcon_core.shell.bat': Not used on non-Windows systems
[1.111s] INFO:colcon.colcon_core.shell:Creating environment hook '/home/kaibuchisoma/robocon_ws/RoboconDetectionFruit/install/fruit_detection/share/fruit_detection/hook/ament_prefix_path.ps1'
[1.111s] INFO:colcon.colcon_core.shell:Creating environment descriptor '/home/kaibuchisoma/robocon_ws/RoboconDetectionFruit/install/fruit_detection/share/fruit_detection/hook/ament_prefix_path.dsv'
[1.111s] INFO:colcon.colcon_core.shell:Creating environment hook '/home/kaibuchisoma/robocon_ws/RoboconDetectionFruit/install/fruit_detection/share/fruit_detection/hook/ament_prefix_path.sh'
[1.124s] INFO:colcon.colcon_core.shell:Skip shell extension 'powershell' for command environment: Not usable outside of PowerShell
[1.124s] DEBUG:colcon.colcon_core.shell:Skip shell extension 'dsv' for command environment
[1.162s] INFO:colcon.colcon_ros.task.ament_cmake.build:Building ROS package in '/home/kaibuchisoma/robocon_ws/RoboconDetectionFruit/src/robocon2023_b_dash' with build type 'ament_cmake'
[1.162s] INFO:colcon.colcon_cmake.task.cmake.build:Building CMake package in '/home/kaibuchisoma/robocon_ws/RoboconDetectionFruit/src/robocon2023_b_dash'
[1.175s] INFO:colcon.colcon_core.shell:Skip shell extension 'powershell' for command environment: Not usable outside of PowerShell
[1.175s] DEBUG:colcon.colcon_core.shell:Skip shell extension 'dsv' for command environment
[1.213s] INFO:colcon.colcon_ros.task.ament_cmake.build:Building ROS package in '/home/kaibuchisoma/robocon_ws/RoboconDetectionFruit/src/ros_to_kimd' with build type 'ament_cmake'
[1.213s] INFO:colcon.colcon_cmake.task.cmake.build:Building CMake package in '/home/kaibuchisoma/robocon_ws/RoboconDetectionFruit/src/ros_to_kimd'
[1.227s] INFO:colcon.colcon_core.shell:Skip shell extension 'powershell' for command environment: Not usable outside of PowerShell
[1.227s] DEBUG:colcon.colcon_core.shell:Skip shell extension 'dsv' for command environment
[1.482s] INFO:colcon.colcon_core.task.python.build:Building Python package in '/home/kaibuchisoma/robocon_ws/RoboconDetectionFruit/src/fruit_detection'
[1.496s] INFO:colcon.colcon_core.shell:Skip shell extension 'powershell' for command environment: Not usable outside of PowerShell
[1.496s] DEBUG:colcon.colcon_core.shell:Skip shell extension 'dsv' for command environment
[1.543s] DEBUG:colcon.colcon_core.event_handler.log_command:Invoking command in '/home/kaibuchisoma/robocon_ws/RoboconDetectionFruit/build/robocon2023_b_dash': CMAKE_PREFIX_PATH=${CMAKE_PREFIX_PATH}:/opt/ros/humble:/home/kaibuchisoma/robocon_ws/RoboconDetectionFruit/install/fruit_detection /usr/bin/cmake /home/kaibuchisoma/robocon_ws/RoboconDetectionFruit/src/robocon2023_b_dash -DCMAKE_INSTALL_PREFIX=/home/kaibuchisoma/robocon_ws/RoboconDetectionFruit/install/robocon2023_b_dash
[1.548s] DEBUG:colcon.colcon_core.event_handler.log_command:Invoking command in '/home/kaibuchisoma/robocon_ws/RoboconDetectionFruit/build/ros_to_kimd': CMAKE_PREFIX_PATH=${CMAKE_PREFIX_PATH}:/opt/ros/humble:/home/kaibuchisoma/robocon_ws/RoboconDetectionFruit/install/fruit_detection /usr/bin/cmake /home/kaibuchisoma/robocon_ws/RoboconDetectionFruit/src/ros_to_kimd -DCMAKE_INSTALL_PREFIX=/home/kaibuchisoma/robocon_ws/RoboconDetectionFruit/install/ros_to_kimd
[1.864s] DEBUG:colcon.colcon_core.event_handler.log_command:Invoking command in '/home/kaibuchisoma/robocon_ws/RoboconDetectionFruit/src/fruit_detection': PYTHONPATH=/home/kaibuchisoma/robocon_ws/RoboconDetectionFruit/build/fruit_detection/prefix_override:/home/kaibuchisoma/robocon_ws/RoboconDetectionFruit/install/fruit_detection/lib/python3.10/site-packages:${PYTHONPATH} /usr/bin/python3 setup.py egg_info --egg-base ../../build/fruit_detection build --build-base /home/kaibuchisoma/robocon_ws/RoboconDetectionFruit/build/fruit_detection/build install --record /home/kaibuchisoma/robocon_ws/RoboconDetectionFruit/build/fruit_detection/install.log --single-version-externally-managed
[2.113s] DEBUG:colcon.colcon_core.event_handler.log_command:Invoked command in '/home/kaibuchisoma/robocon_ws/RoboconDetectionFruit/src/fruit_detection' returned '0': PYTHONPATH=/home/kaibuchisoma/robocon_ws/RoboconDetectionFruit/build/fruit_detection/prefix_override:/home/kaibuchisoma/robocon_ws/RoboconDetectionFruit/install/fruit_detection/lib/python3.10/site-packages:${PYTHONPATH} /usr/bin/python3 setup.py egg_info --egg-base ../../build/fruit_detection build --build-base /home/kaibuchisoma/robocon_ws/RoboconDetectionFruit/build/fruit_detection/build install --record /home/kaibuchisoma/robocon_ws/RoboconDetectionFruit/build/fruit_detection/install.log --single-version-externally-managed
[2.130s] Level 1:colcon.colcon_core.environment:checking '/home/kaibuchisoma/robocon_ws/RoboconDetectionFruit/install/fruit_detection' for CMake module files
[2.130s] Level 1:colcon.colcon_core.environment:checking '/home/kaibuchisoma/robocon_ws/RoboconDetectionFruit/install/fruit_detection' for CMake config files
[2.131s] Level 1:colcon.colcon_core.environment:checking '/home/kaibuchisoma/robocon_ws/RoboconDetectionFruit/install/fruit_detection/lib'
[2.131s] Level 1:colcon.colcon_core.environment:checking '/home/kaibuchisoma/robocon_ws/RoboconDetectionFruit/install/fruit_detection/bin'
[2.131s] Level 1:colcon.colcon_core.environment:checking '/home/kaibuchisoma/robocon_ws/RoboconDetectionFruit/install/fruit_detection/lib/pkgconfig/fruit_detection.pc'
[2.131s] Level 1:colcon.colcon_core.environment:checking '/home/kaibuchisoma/robocon_ws/RoboconDetectionFruit/install/fruit_detection/lib/python3.10/site-packages'
[2.132s] Level 1:colcon.colcon_core.shell:create_environment_hook('fruit_detection', 'pythonpath')
[2.144s] INFO:colcon.colcon_core.shell:Creating environment hook '/home/kaibuchisoma/robocon_ws/RoboconDetectionFruit/install/fruit_detection/share/fruit_detection/hook/pythonpath.ps1'
[2.144s] INFO:colcon.colcon_core.shell:Creating environment descriptor '/home/kaibuchisoma/robocon_ws/RoboconDetectionFruit/install/fruit_detection/share/fruit_detection/hook/pythonpath.dsv'
[2.145s] INFO:colcon.colcon_core.shell:Creating environment hook '/home/kaibuchisoma/robocon_ws/RoboconDetectionFruit/install/fruit_detection/share/fruit_detection/hook/pythonpath.sh'
[2.145s] Level 1:colcon.colcon_core.environment:checking '/home/kaibuchisoma/robocon_ws/RoboconDetectionFruit/install/fruit_detection/bin'
[2.145s] Level 1:colcon.colcon_core.environment:create_environment_scripts_only(fruit_detection)
[2.158s] INFO:colcon.colcon_core.shell:Creating package script '/home/kaibuchisoma/robocon_ws/RoboconDetectionFruit/install/fruit_detection/share/fruit_detection/package.ps1'
[2.158s] INFO:colcon.colcon_core.shell:Creating package descriptor '/home/kaibuchisoma/robocon_ws/RoboconDetectionFruit/install/fruit_detection/share/fruit_detection/package.dsv'
[2.159s] INFO:colcon.colcon_core.shell:Creating package script '/home/kaibuchisoma/robocon_ws/RoboconDetectionFruit/install/fruit_detection/share/fruit_detection/package.sh'
[2.159s] INFO:colcon.colcon_core.shell:Creating package script '/home/kaibuchisoma/robocon_ws/RoboconDetectionFruit/install/fruit_detection/share/fruit_detection/package.bash'
[2.160s] INFO:colcon.colcon_core.shell:Creating package script '/home/kaibuchisoma/robocon_ws/RoboconDetectionFruit/install/fruit_detection/share/fruit_detection/package.zsh'
[2.160s] Level 1:colcon.colcon_core.environment:create_file_with_runtime_dependencies(/home/kaibuchisoma/robocon_ws/RoboconDetectionFruit/install/fruit_detection/share/colcon-core/packages/fruit_detection)
[2.833s] DEBUG:colcon.colcon_core.event_handler.log_command:Invoked command in '/home/kaibuchisoma/robocon_ws/RoboconDetectionFruit/build/robocon2023_b_dash' returned '0': CMAKE_PREFIX_PATH=${CMAKE_PREFIX_PATH}:/opt/ros/humble:/home/kaibuchisoma/robocon_ws/RoboconDetectionFruit/install/fruit_detection /usr/bin/cmake /home/kaibuchisoma/robocon_ws/RoboconDetectionFruit/src/robocon2023_b_dash -DCMAKE_INSTALL_PREFIX=/home/kaibuchisoma/robocon_ws/RoboconDetectionFruit/install/robocon2023_b_dash
[2.835s] DEBUG:colcon.colcon_core.event_handler.log_command:Invoking command in '/home/kaibuchisoma/robocon_ws/RoboconDetectionFruit/build/robocon2023_b_dash': CMAKE_PREFIX_PATH=${CMAKE_PREFIX_PATH}:/opt/ros/humble:/home/kaibuchisoma/robocon_ws/RoboconDetectionFruit/install/fruit_detection /usr/bin/cmake --build /home/kaibuchisoma/robocon_ws/RoboconDetectionFruit/build/robocon2023_b_dash -- -j12 -l12
[2.848s] DEBUG:colcon.colcon_core.event_handler.log_command:Invoked command in '/home/kaibuchisoma/robocon_ws/RoboconDetectionFruit/build/ros_to_kimd' returned '0': CMAKE_PREFIX_PATH=${CMAKE_PREFIX_PATH}:/opt/ros/humble:/home/kaibuchisoma/robocon_ws/RoboconDetectionFruit/install/fruit_detection /usr/bin/cmake /home/kaibuchisoma/robocon_ws/RoboconDetectionFruit/src/ros_to_kimd -DCMAKE_INSTALL_PREFIX=/home/kaibuchisoma/robocon_ws/RoboconDetectionFruit/install/ros_to_kimd
[2.849s] DEBUG:colcon.colcon_core.event_handler.log_command:Invoking command in '/home/kaibuchisoma/robocon_ws/RoboconDetectionFruit/build/ros_to_kimd': CMAKE_PREFIX_PATH=${CMAKE_PREFIX_PATH}:/opt/ros/humble:/home/kaibuchisoma/robocon_ws/RoboconDetectionFruit/install/fruit_detection /usr/bin/cmake --build /home/kaibuchisoma/robocon_ws/RoboconDetectionFruit/build/ros_to_kimd -- -j12 -l12
[2.918s] DEBUG:colcon.colcon_core.event_handler.log_command:Invoked command in '/home/kaibuchisoma/robocon_ws/RoboconDetectionFruit/build/ros_to_kimd' returned '0': CMAKE_PREFIX_PATH=${CMAKE_PREFIX_PATH}:/opt/ros/humble:/home/kaibuchisoma/robocon_ws/RoboconDetectionFruit/install/fruit_detection /usr/bin/cmake --build /home/kaibuchisoma/robocon_ws/RoboconDetectionFruit/build/ros_to_kimd -- -j12 -l12
[2.954s] DEBUG:colcon.colcon_core.event_handler.log_command:Invoking command in '/home/kaibuchisoma/robocon_ws/RoboconDetectionFruit/build/ros_to_kimd': CMAKE_PREFIX_PATH=${CMAKE_PREFIX_PATH}:/opt/ros/humble:/home/kaibuchisoma/robocon_ws/RoboconDetectionFruit/install/fruit_detection /usr/bin/cmake --install /home/kaibuchisoma/robocon_ws/RoboconDetectionFruit/build/ros_to_kimd
[2.964s] Level 1:colcon.colcon_core.environment:create_environment_scripts_only(ros_to_kimd)
[2.965s] DEBUG:colcon.colcon_core.event_handler.log_command:Invoked command in '/home/kaibuchisoma/robocon_ws/RoboconDetectionFruit/build/ros_to_kimd' returned '0': CMAKE_PREFIX_PATH=${CMAKE_PREFIX_PATH}:/opt/ros/humble:/home/kaibuchisoma/robocon_ws/RoboconDetectionFruit/install/fruit_detection /usr/bin/cmake --install /home/kaibuchisoma/robocon_ws/RoboconDetectionFruit/build/ros_to_kimd
[2.977s] Level 1:colcon.colcon_core.environment:checking '/home/kaibuchisoma/robocon_ws/RoboconDetectionFruit/install/ros_to_kimd' for CMake module files
[2.978s] Level 1:colcon.colcon_core.environment:checking '/home/kaibuchisoma/robocon_ws/RoboconDetectionFruit/install/ros_to_kimd' for CMake config files
[2.978s] Level 1:colcon.colcon_core.shell:create_environment_hook('ros_to_kimd', 'cmake_prefix_path')
[2.990s] INFO:colcon.colcon_core.shell:Creating environment hook '/home/kaibuchisoma/robocon_ws/RoboconDetectionFruit/install/ros_to_kimd/share/ros_to_kimd/hook/cmake_prefix_path.ps1'
[2.990s] INFO:colcon.colcon_core.shell:Creating environment descriptor '/home/kaibuchisoma/robocon_ws/RoboconDetectionFruit/install/ros_to_kimd/share/ros_to_kimd/hook/cmake_prefix_path.dsv'
[2.991s] INFO:colcon.colcon_core.shell:Creating environment hook '/home/kaibuchisoma/robocon_ws/RoboconDetectionFruit/install/ros_to_kimd/share/ros_to_kimd/hook/cmake_prefix_path.sh'
[2.991s] Level 1:colcon.colcon_core.environment:checking '/home/kaibuchisoma/robocon_ws/RoboconDetectionFruit/install/ros_to_kimd/lib'
[2.991s] Level 1:colcon.colcon_core.environment:checking '/home/kaibuchisoma/robocon_ws/RoboconDetectionFruit/install/ros_to_kimd/bin'
[2.991s] Level 1:colcon.colcon_core.environment:checking '/home/kaibuchisoma/robocon_ws/RoboconDetectionFruit/install/ros_to_kimd/lib/pkgconfig/ros_to_kimd.pc'
[2.991s] Level 1:colcon.colcon_core.environment:checking '/home/kaibuchisoma/robocon_ws/RoboconDetectionFruit/install/ros_to_kimd/lib/python3.10/site-packages'
[2.992s] Level 1:colcon.colcon_core.environment:checking '/home/kaibuchisoma/robocon_ws/RoboconDetectionFruit/install/ros_to_kimd/bin'
[3.006s] INFO:colcon.colcon_core.shell:Creating package script '/home/kaibuchisoma/robocon_ws/RoboconDetectionFruit/install/ros_to_kimd/share/ros_to_kimd/package.ps1'
[3.006s] INFO:colcon.colcon_core.shell:Creating package descriptor '/home/kaibuchisoma/robocon_ws/RoboconDetectionFruit/install/ros_to_kimd/share/ros_to_kimd/package.dsv'
[3.007s] INFO:colcon.colcon_core.shell:Creating package script '/home/kaibuchisoma/robocon_ws/RoboconDetectionFruit/install/ros_to_kimd/share/ros_to_kimd/package.sh'
[3.007s] INFO:colcon.colcon_core.shell:Creating package script '/home/kaibuchisoma/robocon_ws/RoboconDetectionFruit/install/ros_to_kimd/share/ros_to_kimd/package.bash'
[3.007s] INFO:colcon.colcon_core.shell:Creating package script '/home/kaibuchisoma/robocon_ws/RoboconDetectionFruit/install/ros_to_kimd/share/ros_to_kimd/package.zsh'
[3.008s] Level 1:colcon.colcon_core.environment:create_file_with_runtime_dependencies(/home/kaibuchisoma/robocon_ws/RoboconDetectionFruit/install/ros_to_kimd/share/colcon-core/packages/ros_to_kimd)
[3.060s] Level 1:colcon.colcon_core.environment:create_environment_scripts_only(ros_to_kimd)
[3.074s] Level 1:colcon.colcon_core.environment:checking '/home/kaibuchisoma/robocon_ws/RoboconDetectionFruit/install/ros_to_kimd' for CMake module files
[3.074s] Level 1:colcon.colcon_core.environment:checking '/home/kaibuchisoma/robocon_ws/RoboconDetectionFruit/install/ros_to_kimd' for CMake config files
[3.075s] Level 1:colcon.colcon_core.shell:create_environment_hook('ros_to_kimd', 'cmake_prefix_path')
[3.086s] INFO:colcon.colcon_core.shell:Creating environment hook '/home/kaibuchisoma/robocon_ws/RoboconDetectionFruit/install/ros_to_kimd/share/ros_to_kimd/hook/cmake_prefix_path.ps1'
[3.087s] INFO:colcon.colcon_core.shell:Creating environment descriptor '/home/kaibuchisoma/robocon_ws/RoboconDetectionFruit/install/ros_to_kimd/share/ros_to_kimd/hook/cmake_prefix_path.dsv'
[3.087s] INFO:colcon.colcon_core.shell:Creating environment hook '/home/kaibuchisoma/robocon_ws/RoboconDetectionFruit/install/ros_to_kimd/share/ros_to_kimd/hook/cmake_prefix_path.sh'
[3.087s] Level 1:colcon.colcon_core.environment:checking '/home/kaibuchisoma/robocon_ws/RoboconDetectionFruit/install/ros_to_kimd/lib'
[3.088s] Level 1:colcon.colcon_core.environment:checking '/home/kaibuchisoma/robocon_ws/RoboconDetectionFruit/install/ros_to_kimd/bin'
[3.088s] Level 1:colcon.colcon_core.environment:checking '/home/kaibuchisoma/robocon_ws/RoboconDetectionFruit/install/ros_to_kimd/lib/pkgconfig/ros_to_kimd.pc'
[3.088s] Level 1:colcon.colcon_core.environment:checking '/home/kaibuchisoma/robocon_ws/RoboconDetectionFruit/install/ros_to_kimd/lib/python3.10/site-packages'
[3.088s] Level 1:colcon.colcon_core.environment:checking '/home/kaibuchisoma/robocon_ws/RoboconDetectionFruit/install/ros_to_kimd/bin'
[3.100s] INFO:colcon.colcon_core.shell:Creating package script '/home/kaibuchisoma/robocon_ws/RoboconDetectionFruit/install/ros_to_kimd/share/ros_to_kimd/package.ps1'
[3.101s] INFO:colcon.colcon_core.shell:Creating package descriptor '/home/kaibuchisoma/robocon_ws/RoboconDetectionFruit/install/ros_to_kimd/share/ros_to_kimd/package.dsv'
[3.101s] INFO:colcon.colcon_core.shell:Creating package script '/home/kaibuchisoma/robocon_ws/RoboconDetectionFruit/install/ros_to_kimd/share/ros_to_kimd/package.sh'
[3.101s] INFO:colcon.colcon_core.shell:Creating package script '/home/kaibuchisoma/robocon_ws/RoboconDetectionFruit/install/ros_to_kimd/share/ros_to_kimd/package.bash'
[3.101s] INFO:colcon.colcon_core.shell:Creating package script '/home/kaibuchisoma/robocon_ws/RoboconDetectionFruit/install/ros_to_kimd/share/ros_to_kimd/package.zsh'
[3.102s] Level 1:colcon.colcon_core.environment:create_file_with_runtime_dependencies(/home/kaibuchisoma/robocon_ws/RoboconDetectionFruit/install/ros_to_kimd/share/colcon-core/packages/ros_to_kimd)
[12.717s] DEBUG:colcon.colcon_core.event_handler.log_command:Invoked command in '/home/kaibuchisoma/robocon_ws/RoboconDetectionFruit/build/robocon2023_b_dash' returned '0': CMAKE_PREFIX_PATH=${CMAKE_PREFIX_PATH}:/opt/ros/humble:/home/kaibuchisoma/robocon_ws/RoboconDetectionFruit/install/fruit_detection /usr/bin/cmake --build /home/kaibuchisoma/robocon_ws/RoboconDetectionFruit/build/robocon2023_b_dash -- -j12 -l12
[12.756s] DEBUG:colcon.colcon_core.event_handler.log_command:Invoking command in '/home/kaibuchisoma/robocon_ws/RoboconDetectionFruit/build/robocon2023_b_dash': CMAKE_PREFIX_PATH=${CMAKE_PREFIX_PATH}:/opt/ros/humble:/home/kaibuchisoma/robocon_ws/RoboconDetectionFruit/install/fruit_detection /usr/bin/cmake --install /home/kaibuchisoma/robocon_ws/RoboconDetectionFruit/build/robocon2023_b_dash
[12.788s] Level 1:colcon.colcon_core.environment:create_environment_scripts_only(robocon2023_b_dash)
[12.788s] DEBUG:colcon.colcon_core.event_handler.log_command:Invoked command in '/home/kaibuchisoma/robocon_ws/RoboconDetectionFruit/build/robocon2023_b_dash' returned '0': CMAKE_PREFIX_PATH=${CMAKE_PREFIX_PATH}:/opt/ros/humble:/home/kaibuchisoma/robocon_ws/RoboconDetectionFruit/install/fruit_detection /usr/bin/cmake --install /home/kaibuchisoma/robocon_ws/RoboconDetectionFruit/build/robocon2023_b_dash
[12.802s] Level 1:colcon.colcon_core.environment:checking '/home/kaibuchisoma/robocon_ws/RoboconDetectionFruit/install/robocon2023_b_dash' for CMake module files
[12.802s] Level 1:colcon.colcon_core.environment:checking '/home/kaibuchisoma/robocon_ws/RoboconDetectionFruit/install/robocon2023_b_dash' for CMake config files
[12.802s] Level 1:colcon.colcon_core.shell:create_environment_hook('robocon2023_b_dash', 'cmake_prefix_path')
[12.815s] INFO:colcon.colcon_core.shell:Creating environment hook '/home/kaibuchisoma/robocon_ws/RoboconDetectionFruit/install/robocon2023_b_dash/share/robocon2023_b_dash/hook/cmake_prefix_path.ps1'
[12.815s] INFO:colcon.colcon_core.shell:Creating environment descriptor '/home/kaibuchisoma/robocon_ws/RoboconDetectionFruit/install/robocon2023_b_dash/share/robocon2023_b_dash/hook/cmake_prefix_path.dsv'
[12.815s] INFO:colcon.colcon_core.shell:Creating environment hook '/home/kaibuchisoma/robocon_ws/RoboconDetectionFruit/install/robocon2023_b_dash/share/robocon2023_b_dash/hook/cmake_prefix_path.sh'
[12.816s] Level 1:colcon.colcon_core.environment:checking '/home/kaibuchisoma/robocon_ws/RoboconDetectionFruit/install/robocon2023_b_dash/lib'
[12.816s] Level 1:colcon.colcon_core.environment:checking '/home/kaibuchisoma/robocon_ws/RoboconDetectionFruit/install/robocon2023_b_dash/bin'
[12.816s] Level 1:colcon.colcon_core.environment:checking '/home/kaibuchisoma/robocon_ws/RoboconDetectionFruit/install/robocon2023_b_dash/lib/pkgconfig/robocon2023_b_dash.pc'
[12.816s] Level 1:colcon.colcon_core.environment:checking '/home/kaibuchisoma/robocon_ws/RoboconDetectionFruit/install/robocon2023_b_dash/lib/python3.10/site-packages'
[12.816s] Level 1:colcon.colcon_core.environment:checking '/home/kaibuchisoma/robocon_ws/RoboconDetectionFruit/install/robocon2023_b_dash/bin'
[12.829s] INFO:colcon.colcon_core.shell:Creating package script '/home/kaibuchisoma/robocon_ws/RoboconDetectionFruit/install/robocon2023_b_dash/share/robocon2023_b_dash/package.ps1'
[12.829s] INFO:colcon.colcon_core.shell:Creating package descriptor '/home/kaibuchisoma/robocon_ws/RoboconDetectionFruit/install/robocon2023_b_dash/share/robocon2023_b_dash/package.dsv'
[12.830s] INFO:colcon.colcon_core.shell:Creating package script '/home/kaibuchisoma/robocon_ws/RoboconDetectionFruit/install/robocon2023_b_dash/share/robocon2023_b_dash/package.sh'
[12.830s] INFO:colcon.colcon_core.shell:Creating package script '/home/kaibuchisoma/robocon_ws/RoboconDetectionFruit/install/robocon2023_b_dash/share/robocon2023_b_dash/package.bash'
[12.830s] INFO:colcon.colcon_core.shell:Creating package script '/home/kaibuchisoma/robocon_ws/RoboconDetectionFruit/install/robocon2023_b_dash/share/robocon2023_b_dash/package.zsh'
[12.831s] Level 1:colcon.colcon_core.environment:create_file_with_runtime_dependencies(/home/kaibuchisoma/robocon_ws/RoboconDetectionFruit/install/robocon2023_b_dash/share/colcon-core/packages/robocon2023_b_dash)
[12.883s] Level 1:colcon.colcon_core.environment:create_environment_scripts_only(robocon2023_b_dash)
[12.897s] Level 1:colcon.colcon_core.environment:checking '/home/kaibuchisoma/robocon_ws/RoboconDetectionFruit/install/robocon2023_b_dash' for CMake module files
[12.897s] Level 1:colcon.colcon_core.environment:checking '/home/kaibuchisoma/robocon_ws/RoboconDetectionFruit/install/robocon2023_b_dash' for CMake config files
[12.898s] Level 1:colcon.colcon_core.shell:create_environment_hook('robocon2023_b_dash', 'cmake_prefix_path')
[12.911s] INFO:colcon.colcon_core.shell:Creating environment hook '/home/kaibuchisoma/robocon_ws/RoboconDetectionFruit/install/robocon2023_b_dash/share/robocon2023_b_dash/hook/cmake_prefix_path.ps1'
[12.912s] INFO:colcon.colcon_core.shell:Creating environment descriptor '/home/kaibuchisoma/robocon_ws/RoboconDetectionFruit/install/robocon2023_b_dash/share/robocon2023_b_dash/hook/cmake_prefix_path.dsv'
[12.912s] INFO:colcon.colcon_core.shell:Creating environment hook '/home/kaibuchisoma/robocon_ws/RoboconDetectionFruit/install/robocon2023_b_dash/share/robocon2023_b_dash/hook/cmake_prefix_path.sh'
[12.912s] Level 1:colcon.colcon_core.environment:checking '/home/kaibuchisoma/robocon_ws/RoboconDetectionFruit/install/robocon2023_b_dash/lib'
[12.913s] Level 1:colcon.colcon_core.environment:checking '/home/kaibuchisoma/robocon_ws/RoboconDetectionFruit/install/robocon2023_b_dash/bin'
[12.913s] Level 1:colcon.colcon_core.environment:checking '/home/kaibuchisoma/robocon_ws/RoboconDetectionFruit/install/robocon2023_b_dash/lib/pkgconfig/robocon2023_b_dash.pc'
[12.913s] Level 1:colcon.colcon_core.environment:checking '/home/kaibuchisoma/robocon_ws/RoboconDetectionFruit/install/robocon2023_b_dash/lib/python3.10/site-packages'
[12.913s] Level 1:colcon.colcon_core.environment:checking '/home/kaibuchisoma/robocon_ws/RoboconDetectionFruit/install/robocon2023_b_dash/bin'
[12.927s] INFO:colcon.colcon_core.shell:Creating package script '/home/kaibuchisoma/robocon_ws/RoboconDetectionFruit/install/robocon2023_b_dash/share/robocon2023_b_dash/package.ps1'
[12.927s] INFO:colcon.colcon_core.shell:Creating package descriptor '/home/kaibuchisoma/robocon_ws/RoboconDetectionFruit/install/robocon2023_b_dash/share/robocon2023_b_dash/package.dsv'
[12.928s] INFO:colcon.colcon_core.shell:Creating package script '/home/kaibuchisoma/robocon_ws/RoboconDetectionFruit/install/robocon2023_b_dash/share/robocon2023_b_dash/package.sh'
[12.928s] INFO:colcon.colcon_core.shell:Creating package script '/home/kaibuchisoma/robocon_ws/RoboconDetectionFruit/install/robocon2023_b_dash/share/robocon2023_b_dash/package.bash'
[12.928s] INFO:colcon.colcon_core.shell:Creating package script '/home/kaibuchisoma/robocon_ws/RoboconDetectionFruit/install/robocon2023_b_dash/share/robocon2023_b_dash/package.zsh'
[12.929s] Level 1:colcon.colcon_core.environment:create_file_with_runtime_dependencies(/home/kaibuchisoma/robocon_ws/RoboconDetectionFruit/install/robocon2023_b_dash/share/colcon-core/packages/robocon2023_b_dash)
[12.929s] DEBUG:colcon.colcon_parallel_executor.executor.parallel:closing loop
[12.929s] DEBUG:colcon.colcon_parallel_executor.executor.parallel:loop closed
[12.929s] DEBUG:colcon.colcon_parallel_executor.executor.parallel:run_until_complete finished with '0'
[12.929s] DEBUG:colcon.colcon_core.event_reactor:joining thread
[12.948s] INFO:colcon.colcon_core.plugin_system:Skipping extension 'colcon_notification.desktop_notification.terminal_notifier': Not used on non-Darwin systems
[12.948s] INFO:colcon.colcon_core.plugin_system:Skipping extension 'colcon_notification.desktop_notification.win32': Not used on non-Windows systems
[12.948s] INFO:colcon.colcon_notification.desktop_notification:Sending desktop notification using 'notify2'
[12.960s] DEBUG:colcon.colcon_core.event_reactor:joined thread
[12.975s] INFO:colcon.colcon_core.shell:Creating prefix script '/home/kaibuchisoma/robocon_ws/RoboconDetectionFruit/install/local_setup.ps1'
[12.976s] INFO:colcon.colcon_core.shell:Creating prefix util module '/home/kaibuchisoma/robocon_ws/RoboconDetectionFruit/install/_local_setup_util_ps1.py'
[12.977s] INFO:colcon.colcon_core.shell:Creating prefix chain script '/home/kaibuchisoma/robocon_ws/RoboconDetectionFruit/install/setup.ps1'
[12.990s] INFO:colcon.colcon_core.shell:Creating prefix script '/home/kaibuchisoma/robocon_ws/RoboconDetectionFruit/install/local_setup.sh'
[12.991s] INFO:colcon.colcon_core.shell:Creating prefix util module '/home/kaibuchisoma/robocon_ws/RoboconDetectionFruit/install/_local_setup_util_sh.py'
[12.991s] INFO:colcon.colcon_core.shell:Creating prefix chain script '/home/kaibuchisoma/robocon_ws/RoboconDetectionFruit/install/setup.sh'
[13.004s] INFO:colcon.colcon_core.shell:Creating prefix script '/home/kaibuchisoma/robocon_ws/RoboconDetectionFruit/install/local_setup.bash'
[13.004s] INFO:colcon.colcon_core.shell:Creating prefix chain script '/home/kaibuchisoma/robocon_ws/RoboconDetectionFruit/install/setup.bash'
[13.017s] INFO:colcon.colcon_core.shell:Creating prefix script '/home/kaibuchisoma/robocon_ws/RoboconDetectionFruit/install/local_setup.zsh'
[13.017s] INFO:colcon.colcon_core.shell:Creating prefix chain script '/home/kaibuchisoma/robocon_ws/RoboconDetectionFruit/install/setup.zsh'
