In file included from [01m[K/home/ros-industrial/robocon_ws/src/ros_to_kimd/src/ControlKimd.cpp:15[m[K:
[01m[K/home/ros-industrial/robocon_ws/src/ros_to_kimd/src/ABU2023_GenericOutput_Header.h:19:2:[m[K [01;35m[Kwarning: [m[KISO C++ prohibits anonymous structs [[01;35m[K-Wpedantic[m[K]
   19 |  [01;35m[K}[m[K;
      |  [01;35m[K^[m[K
In file included from [01m[K/opt/ros/foxy/include/rclcpp/client.hpp:40[m[K,
                 from [01m[K/opt/ros/foxy/include/rclcpp/callback_group.hpp:23[m[K,
                 from [01m[K/opt/ros/foxy/include/rclcpp/any_executable.hpp:20[m[K,
                 from [01m[K/opt/ros/foxy/include/rclcpp/memory_strategy.hpp:24[m[K,
                 from [01m[K/opt/ros/foxy/include/rclcpp/memory_strategies.hpp:18[m[K,
                 from [01m[K/opt/ros/foxy/include/rclcpp/executor_options.hpp:20[m[K,
                 from [01m[K/opt/ros/foxy/include/rclcpp/executor.hpp:33[m[K,
                 from [01m[K/opt/ros/foxy/include/rclcpp/executors/multi_threaded_executor.hpp:26[m[K,
                 from [01m[K/opt/ros/foxy/include/rclcpp/executors.hpp:21[m[K,
                 from [01m[K/opt/ros/foxy/include/rclcpp/rclcpp.hpp:146[m[K,
                 from [01m[K/home/ros-industrial/robocon_ws/src/ros_to_kimd/src/ControlKimd.cpp:11[m[K:
[01m[K/home/ros-industrial/robocon_ws/src/ros_to_kimd/src/ControlKimd.cpp:[m[K In member function ‘[01m[Kvoid KiMDJoySubscriber::topic_callback(sensor_msgs::msg::Joy_<std::allocator<void> >::SharedPtr)[m[K’:
[01m[K/home/ros-industrial/robocon_ws/src/ros_to_kimd/src/ControlKimd.cpp:57:9:[m[K [01;31m[Kerror: [m[Kno matching function for call to ‘[01m[Kget_c_string(double)[m[K’
   57 |         [01;31m[KRCLCPP_INFO[m[K(this->get_logger(),  now.seconds());
      |         [01;31m[K^~~~~~~~~~~[m[K
In file included from [01m[K/opt/ros/foxy/include/rclcpp/client.hpp:36[m[K,
                 from [01m[K/opt/ros/foxy/include/rclcpp/callback_group.hpp:23[m[K,
                 from [01m[K/opt/ros/foxy/include/rclcpp/any_executable.hpp:20[m[K,
                 from [01m[K/opt/ros/foxy/include/rclcpp/memory_strategy.hpp:24[m[K,
                 from [01m[K/opt/ros/foxy/include/rclcpp/memory_strategies.hpp:18[m[K,
                 from [01m[K/opt/ros/foxy/include/rclcpp/executor_options.hpp:20[m[K,
                 from [01m[K/opt/ros/foxy/include/rclcpp/executor.hpp:33[m[K,
                 from [01m[K/opt/ros/foxy/include/rclcpp/executors/multi_threaded_executor.hpp:26[m[K,
                 from [01m[K/opt/ros/foxy/include/rclcpp/executors.hpp:21[m[K,
                 from [01m[K/opt/ros/foxy/include/rclcpp/rclcpp.hpp:146[m[K,
                 from [01m[K/home/ros-industrial/robocon_ws/src/ros_to_kimd/src/ControlKimd.cpp:11[m[K:
[01m[K/opt/ros/foxy/include/rclcpp/utilities.hpp:296:1:[m[K [01;36m[Knote: [m[Kcandidate: ‘[01m[Kconst char* rclcpp::get_c_string(const char*)[m[K’
  296 | [01;36m[Kget_c_string[m[K(const char * string_in);
      | [01;36m[K^~~~~~~~~~~~[m[K
[01m[K/opt/ros/foxy/include/rclcpp/utilities.hpp:296:27:[m[K [01;36m[Knote: [m[K  no known conversion for argument 1 from ‘[01m[Kdouble[m[K’ to ‘[01m[Kconst char*[m[K’
  296 | get_c_string([01;36m[Kconst char * string_in[m[K);
      |              [01;36m[K~~~~~~~~~~~~~^~~~~~~~~[m[K
[01m[K/opt/ros/foxy/include/rclcpp/utilities.hpp:305:1:[m[K [01;36m[Knote: [m[Kcandidate: ‘[01m[Kconst char* rclcpp::get_c_string(const string&)[m[K’
  305 | [01;36m[Kget_c_string[m[K(const std::string & string_in);
      | [01;36m[K^~~~~~~~~~~~[m[K
[01m[K/opt/ros/foxy/include/rclcpp/utilities.hpp:305:34:[m[K [01;36m[Knote: [m[K  no known conversion for argument 1 from ‘[01m[Kdouble[m[K’ to ‘[01m[Kconst string&[m[K’ {aka ‘[01m[Kconst std::__cxx11::basic_string<char>&[m[K’}
  305 | get_c_string([01;36m[Kconst std::string & string_in[m[K);
      |              [01;36m[K~~~~~~~~~~~~~~~~~~~~^~~~~~~~~[m[K
[01m[K/home/ros-industrial/robocon_ws/src/ros_to_kimd/src/ControlKimd.cpp:[m[K In function ‘[01m[Kvoid signal_handler(int)[m[K’:
[01m[K/home/ros-industrial/robocon_ws/src/ros_to_kimd/src/ControlKimd.cpp:235:25:[m[K [01;35m[Kwarning: [m[Kunused parameter ‘[01m[Ksignum[m[K’ [[01;35m[K-Wunused-parameter[m[K]
  235 | void signal_handler([01;35m[Kint signum[m[K)
      |                     [01;35m[K~~~~^~~~~~[m[K
make[2]: *** [CMakeFiles/ControlKimd.dir/build.make:63: CMakeFiles/ControlKimd.dir/src/ControlKimd.cpp.o] Error 1
make[1]: *** [CMakeFiles/Makefile2:80: CMakeFiles/ControlKimd.dir/all] Error 2
make: *** [Makefile:141: all] Error 2
