[1.093s] DEBUG:colcon:Command line arguments: ['/usr/bin/colcon', 'build', '--cmake-clean-cache']
[1.093s] DEBUG:colcon:Parsed command line arguments: Namespace(log_base=None, log_level=None, verb_name='build', build_base='build', install_base='install', merge_install=False, symlink_install=False, test_result_base=None, continue_on_error=False, executor='parallel', parallel_workers=12, event_handlers=None, ignore_user_meta=False, metas=['./colcon.meta'], base_paths=['.'], packages_ignore=None, packages_ignore_regex=None, paths=None, packages_up_to=None, packages_up_to_regex=None, packages_above=None, packages_above_and_dependencies=None, packages_above_depth=None, packages_select_by_dep=None, packages_skip_by_dep=None, packages_skip_up_to=None, packages_select_build_failed=False, packages_skip_build_finished=False, packages_select_test_failures=False, packages_skip_test_passed=False, packages_select=None, packages_skip=None, packages_select_regex=None, packages_skip_regex=None, packages_start=None, packages_end=None, allow_overriding=[], cmake_args=None, cmake_target=None, cmake_target_skip_unavailable=False, cmake_clean_cache=True, cmake_clean_first=False, cmake_force_configure=False, ament_cmake_args=None, catkin_cmake_args=None, catkin_skip_building_tests=False, verb_parser=<colcon_defaults.argument_parser.defaults.DefaultArgumentsDecorator object at 0x7f6f876b43d0>, verb_extension=<colcon_core.verb.build.BuildVerb object at 0x7f6f876808b0>, main=<bound method BuildVerb.main of <colcon_core.verb.build.BuildVerb object at 0x7f6f876808b0>>)
[1.146s] Level 1:colcon.colcon_core.package_discovery:discover_packages(colcon_meta) check parameters
[1.146s] Level 1:colcon.colcon_core.package_discovery:discover_packages(recursive) check parameters
[1.146s] Level 1:colcon.colcon_core.package_discovery:discover_packages(ignore) check parameters
[1.146s] Level 1:colcon.colcon_core.package_discovery:discover_packages(path) check parameters
[1.146s] Level 1:colcon.colcon_core.package_discovery:discover_packages(colcon_meta) discover
[1.146s] Level 1:colcon.colcon_core.package_discovery:discover_packages(recursive) discover
[1.146s] INFO:colcon.colcon_core.package_discovery:Crawling recursively for packages in '/home/kaibuchisoma/usbから/RoboconDetectionFruit-master'
[1.146s] Level 1:colcon.colcon_core.package_identification:_identify(.) by extensions ['ignore', 'ignore_ament_install']
[1.146s] Level 1:colcon.colcon_core.package_identification:_identify(.) by extension 'ignore'
[1.146s] Level 1:colcon.colcon_core.package_identification:_identify(.) by extension 'ignore_ament_install'
[1.147s] Level 1:colcon.colcon_core.package_identification:_identify(.) by extensions ['colcon_pkg']
[1.147s] Level 1:colcon.colcon_core.package_identification:_identify(.) by extension 'colcon_pkg'
[1.147s] Level 1:colcon.colcon_core.package_identification:_identify(.) by extensions ['colcon_meta']
[1.147s] Level 1:colcon.colcon_core.package_identification:_identify(.) by extension 'colcon_meta'
[1.147s] Level 1:colcon.colcon_core.package_identification:_identify(.) by extensions ['ros']
[1.147s] Level 1:colcon.colcon_core.package_identification:_identify(.) by extension 'ros'
[1.161s] Level 1:colcon.colcon_core.package_identification:_identify(.) by extensions ['cmake', 'python']
[1.161s] Level 1:colcon.colcon_core.package_identification:_identify(.) by extension 'cmake'
[1.161s] Level 1:colcon.colcon_core.package_identification:_identify(.) by extension 'python'
[1.161s] Level 1:colcon.colcon_core.package_identification:_identify(.) by extensions ['python_setup_py']
[1.161s] Level 1:colcon.colcon_core.package_identification:_identify(.) by extension 'python_setup_py'
[1.162s] Level 1:colcon.colcon_core.package_identification:_identify(build) by extensions ['ignore', 'ignore_ament_install']
[1.162s] Level 1:colcon.colcon_core.package_identification:_identify(build) by extension 'ignore'
[1.162s] Level 1:colcon.colcon_core.package_identification:_identify(build) ignored
[1.162s] Level 1:colcon.colcon_core.package_identification:_identify(install) by extensions ['ignore', 'ignore_ament_install']
[1.162s] Level 1:colcon.colcon_core.package_identification:_identify(install) by extension 'ignore'
[1.162s] Level 1:colcon.colcon_core.package_identification:_identify(install) ignored
[1.163s] Level 1:colcon.colcon_core.package_identification:_identify(log) by extensions ['ignore', 'ignore_ament_install']
[1.163s] Level 1:colcon.colcon_core.package_identification:_identify(log) by extension 'ignore'
[1.163s] Level 1:colcon.colcon_core.package_identification:_identify(log) ignored
[1.163s] Level 1:colcon.colcon_core.package_identification:_identify(src) by extensions ['ignore', 'ignore_ament_install']
[1.163s] Level 1:colcon.colcon_core.package_identification:_identify(src) by extension 'ignore'
[1.164s] Level 1:colcon.colcon_core.package_identification:_identify(src) by extension 'ignore_ament_install'
[1.164s] Level 1:colcon.colcon_core.package_identification:_identify(src) by extensions ['colcon_pkg']
[1.164s] Level 1:colcon.colcon_core.package_identification:_identify(src) by extension 'colcon_pkg'
[1.164s] Level 1:colcon.colcon_core.package_identification:_identify(src) by extensions ['colcon_meta']
[1.164s] Level 1:colcon.colcon_core.package_identification:_identify(src) by extension 'colcon_meta'
[1.164s] Level 1:colcon.colcon_core.package_identification:_identify(src) by extensions ['ros']
[1.164s] Level 1:colcon.colcon_core.package_identification:_identify(src) by extension 'ros'
[1.164s] Level 1:colcon.colcon_core.package_identification:_identify(src) by extensions ['cmake', 'python']
[1.164s] Level 1:colcon.colcon_core.package_identification:_identify(src) by extension 'cmake'
[1.164s] Level 1:colcon.colcon_core.package_identification:_identify(src) by extension 'python'
[1.164s] Level 1:colcon.colcon_core.package_identification:_identify(src) by extensions ['python_setup_py']
[1.164s] Level 1:colcon.colcon_core.package_identification:_identify(src) by extension 'python_setup_py'
[1.164s] Level 1:colcon.colcon_core.package_identification:_identify(src/build) by extensions ['ignore', 'ignore_ament_install']
[1.164s] Level 1:colcon.colcon_core.package_identification:_identify(src/build) by extension 'ignore'
[1.165s] Level 1:colcon.colcon_core.package_identification:_identify(src/build) ignored
[1.165s] Level 1:colcon.colcon_core.package_identification:_identify(src/fruit_detection) by extensions ['ignore', 'ignore_ament_install']
[1.165s] Level 1:colcon.colcon_core.package_identification:_identify(src/fruit_detection) by extension 'ignore'
[1.165s] Level 1:colcon.colcon_core.package_identification:_identify(src/fruit_detection) by extension 'ignore_ament_install'
[1.165s] Level 1:colcon.colcon_core.package_identification:_identify(src/fruit_detection) by extensions ['colcon_pkg']
[1.165s] Level 1:colcon.colcon_core.package_identification:_identify(src/fruit_detection) by extension 'colcon_pkg'
[1.165s] Level 1:colcon.colcon_core.package_identification:_identify(src/fruit_detection) by extensions ['colcon_meta']
[1.165s] Level 1:colcon.colcon_core.package_identification:_identify(src/fruit_detection) by extension 'colcon_meta'
[1.165s] Level 1:colcon.colcon_core.package_identification:_identify(src/fruit_detection) by extensions ['ros']
[1.165s] Level 1:colcon.colcon_core.package_identification:_identify(src/fruit_detection) by extension 'ros'
[1.168s] DEBUG:colcon.colcon_core.package_identification:Package 'src/fruit_detection' with type 'ros.ament_python' and name 'fruit_detection'
[1.168s] Level 1:colcon.colcon_core.package_identification:_identify(src/install) by extensions ['ignore', 'ignore_ament_install']
[1.168s] Level 1:colcon.colcon_core.package_identification:_identify(src/install) by extension 'ignore'
[1.168s] Level 1:colcon.colcon_core.package_identification:_identify(src/install) ignored
[1.168s] Level 1:colcon.colcon_core.package_identification:_identify(src/log) by extensions ['ignore', 'ignore_ament_install']
[1.168s] Level 1:colcon.colcon_core.package_identification:_identify(src/log) by extension 'ignore'
[1.168s] Level 1:colcon.colcon_core.package_identification:_identify(src/log) ignored
[1.168s] Level 1:colcon.colcon_core.package_identification:_identify(src/robocon2023_b_dash) by extensions ['ignore', 'ignore_ament_install']
[1.169s] Level 1:colcon.colcon_core.package_identification:_identify(src/robocon2023_b_dash) by extension 'ignore'
[1.169s] Level 1:colcon.colcon_core.package_identification:_identify(src/robocon2023_b_dash) by extension 'ignore_ament_install'
[1.169s] Level 1:colcon.colcon_core.package_identification:_identify(src/robocon2023_b_dash) by extensions ['colcon_pkg']
[1.169s] Level 1:colcon.colcon_core.package_identification:_identify(src/robocon2023_b_dash) by extension 'colcon_pkg'
[1.169s] Level 1:colcon.colcon_core.package_identification:_identify(src/robocon2023_b_dash) by extensions ['colcon_meta']
[1.169s] Level 1:colcon.colcon_core.package_identification:_identify(src/robocon2023_b_dash) by extension 'colcon_meta'
[1.169s] Level 1:colcon.colcon_core.package_identification:_identify(src/robocon2023_b_dash) by extensions ['ros']
[1.169s] Level 1:colcon.colcon_core.package_identification:_identify(src/robocon2023_b_dash) by extension 'ros'
[1.169s] DEBUG:colcon.colcon_core.package_identification:Package 'src/robocon2023_b_dash' with type 'ros.ament_cmake' and name 'robocon2023_b_dash'
[1.170s] Level 1:colcon.colcon_core.package_identification:_identify(src/ros_to_kimd) by extensions ['ignore', 'ignore_ament_install']
[1.170s] Level 1:colcon.colcon_core.package_identification:_identify(src/ros_to_kimd) by extension 'ignore'
[1.170s] Level 1:colcon.colcon_core.package_identification:_identify(src/ros_to_kimd) by extension 'ignore_ament_install'
[1.170s] Level 1:colcon.colcon_core.package_identification:_identify(src/ros_to_kimd) by extensions ['colcon_pkg']
[1.170s] Level 1:colcon.colcon_core.package_identification:_identify(src/ros_to_kimd) by extension 'colcon_pkg'
[1.170s] Level 1:colcon.colcon_core.package_identification:_identify(src/ros_to_kimd) by extensions ['colcon_meta']
[1.170s] Level 1:colcon.colcon_core.package_identification:_identify(src/ros_to_kimd) by extension 'colcon_meta'
[1.170s] Level 1:colcon.colcon_core.package_identification:_identify(src/ros_to_kimd) by extensions ['ros']
[1.170s] Level 1:colcon.colcon_core.package_identification:_identify(src/ros_to_kimd) by extension 'ros'
[1.171s] DEBUG:colcon.colcon_core.package_identification:Package 'src/ros_to_kimd' with type 'ros.ament_cmake' and name 'ros_to_kimd'
[1.171s] Level 1:colcon.colcon_core.package_discovery:discover_packages(recursive) using defaults
[1.171s] Level 1:colcon.colcon_core.package_discovery:discover_packages(ignore) discover
[1.171s] Level 1:colcon.colcon_core.package_discovery:discover_packages(ignore) using defaults
[1.171s] Level 1:colcon.colcon_core.package_discovery:discover_packages(path) discover
[1.171s] Level 1:colcon.colcon_core.package_discovery:discover_packages(path) using defaults
[1.273s] Level 1:colcon.colcon_core.package_discovery:discover_packages(prefix_path) check parameters
[1.273s] Level 1:colcon.colcon_core.package_discovery:discover_packages(prefix_path) discover
[1.309s] DEBUG:colcon.colcon_installed_package_information.package_discovery:Found 3 installed packages in /home/kaibuchisoma/usbから/RoboconDetectionFruit-master/install
[1.326s] DEBUG:colcon.colcon_installed_package_information.package_discovery:Found 3 installed packages in /home/kaibuchisoma/robocon_ws/install
[1.344s] DEBUG:colcon.colcon_installed_package_information.package_discovery:Found 271 installed packages in /opt/ros/humble
[1.345s] Level 1:colcon.colcon_core.package_discovery:discover_packages(prefix_path) using defaults
[1.459s] Level 5:colcon.colcon_core.verb:set package 'fruit_detection' build argument 'cmake_args' from command line to 'None'
[1.460s] Level 5:colcon.colcon_core.verb:set package 'fruit_detection' build argument 'cmake_target' from command line to 'None'
[1.460s] Level 5:colcon.colcon_core.verb:set package 'fruit_detection' build argument 'cmake_target_skip_unavailable' from command line to 'False'
[1.460s] Level 5:colcon.colcon_core.verb:set package 'fruit_detection' build argument 'cmake_clean_cache' from command line to 'True'
[1.460s] Level 5:colcon.colcon_core.verb:set package 'fruit_detection' build argument 'cmake_clean_first' from command line to 'False'
[1.460s] Level 5:colcon.colcon_core.verb:set package 'fruit_detection' build argument 'cmake_force_configure' from command line to 'False'
[1.460s] Level 5:colcon.colcon_core.verb:set package 'fruit_detection' build argument 'ament_cmake_args' from command line to 'None'
[1.460s] Level 5:colcon.colcon_core.verb:set package 'fruit_detection' build argument 'catkin_cmake_args' from command line to 'None'
[1.460s] Level 5:colcon.colcon_core.verb:set package 'fruit_detection' build argument 'catkin_skip_building_tests' from command line to 'False'
[1.460s] DEBUG:colcon.colcon_core.verb:Building package 'fruit_detection' with the following arguments: {'ament_cmake_args': None, 'build_base': '/home/kaibuchisoma/usbから/RoboconDetectionFruit-master/build/fruit_detection', 'catkin_cmake_args': None, 'catkin_skip_building_tests': False, 'cmake_args': None, 'cmake_clean_cache': True, 'cmake_clean_first': False, 'cmake_force_configure': False, 'cmake_target': None, 'cmake_target_skip_unavailable': False, 'install_base': '/home/kaibuchisoma/usbから/RoboconDetectionFruit-master/install/fruit_detection', 'merge_install': False, 'path': '/home/kaibuchisoma/usbから/RoboconDetectionFruit-master/src/fruit_detection', 'symlink_install': False, 'test_result_base': None}
[1.477s] Level 5:colcon.colcon_core.verb:set package 'robocon2023_b_dash' build argument 'cmake_args' from command line to 'None'
[1.477s] Level 5:colcon.colcon_core.verb:set package 'robocon2023_b_dash' build argument 'cmake_target' from command line to 'None'
[1.477s] Level 5:colcon.colcon_core.verb:set package 'robocon2023_b_dash' build argument 'cmake_target_skip_unavailable' from command line to 'False'
[1.477s] Level 5:colcon.colcon_core.verb:set package 'robocon2023_b_dash' build argument 'cmake_clean_cache' from command line to 'True'
[1.477s] Level 5:colcon.colcon_core.verb:set package 'robocon2023_b_dash' build argument 'cmake_clean_first' from command line to 'False'
[1.477s] Level 5:colcon.colcon_core.verb:set package 'robocon2023_b_dash' build argument 'cmake_force_configure' from command line to 'False'
[1.477s] Level 5:colcon.colcon_core.verb:set package 'robocon2023_b_dash' build argument 'ament_cmake_args' from command line to 'None'
[1.477s] Level 5:colcon.colcon_core.verb:set package 'robocon2023_b_dash' build argument 'catkin_cmake_args' from command line to 'None'
[1.477s] Level 5:colcon.colcon_core.verb:set package 'robocon2023_b_dash' build argument 'catkin_skip_building_tests' from command line to 'False'
[1.477s] DEBUG:colcon.colcon_core.verb:Building package 'robocon2023_b_dash' with the following arguments: {'ament_cmake_args': None, 'build_base': '/home/kaibuchisoma/usbから/RoboconDetectionFruit-master/build/robocon2023_b_dash', 'catkin_cmake_args': None, 'catkin_skip_building_tests': False, 'cmake_args': None, 'cmake_clean_cache': True, 'cmake_clean_first': False, 'cmake_force_configure': False, 'cmake_target': None, 'cmake_target_skip_unavailable': False, 'install_base': '/home/kaibuchisoma/usbから/RoboconDetectionFruit-master/install/robocon2023_b_dash', 'merge_install': False, 'path': '/home/kaibuchisoma/usbから/RoboconDetectionFruit-master/src/robocon2023_b_dash', 'symlink_install': False, 'test_result_base': None}
[1.493s] Level 5:colcon.colcon_core.verb:set package 'ros_to_kimd' build argument 'cmake_args' from command line to 'None'
[1.493s] Level 5:colcon.colcon_core.verb:set package 'ros_to_kimd' build argument 'cmake_target' from command line to 'None'
[1.493s] Level 5:colcon.colcon_core.verb:set package 'ros_to_kimd' build argument 'cmake_target_skip_unavailable' from command line to 'False'
[1.493s] Level 5:colcon.colcon_core.verb:set package 'ros_to_kimd' build argument 'cmake_clean_cache' from command line to 'True'
[1.494s] Level 5:colcon.colcon_core.verb:set package 'ros_to_kimd' build argument 'cmake_clean_first' from command line to 'False'
[1.494s] Level 5:colcon.colcon_core.verb:set package 'ros_to_kimd' build argument 'cmake_force_configure' from command line to 'False'
[1.494s] Level 5:colcon.colcon_core.verb:set package 'ros_to_kimd' build argument 'ament_cmake_args' from command line to 'None'
[1.494s] Level 5:colcon.colcon_core.verb:set package 'ros_to_kimd' build argument 'catkin_cmake_args' from command line to 'None'
[1.494s] Level 5:colcon.colcon_core.verb:set package 'ros_to_kimd' build argument 'catkin_skip_building_tests' from command line to 'False'
[1.494s] DEBUG:colcon.colcon_core.verb:Building package 'ros_to_kimd' with the following arguments: {'ament_cmake_args': None, 'build_base': '/home/kaibuchisoma/usbから/RoboconDetectionFruit-master/build/ros_to_kimd', 'catkin_cmake_args': None, 'catkin_skip_building_tests': False, 'cmake_args': None, 'cmake_clean_cache': True, 'cmake_clean_first': False, 'cmake_force_configure': False, 'cmake_target': None, 'cmake_target_skip_unavailable': False, 'install_base': '/home/kaibuchisoma/usbから/RoboconDetectionFruit-master/install/ros_to_kimd', 'merge_install': False, 'path': '/home/kaibuchisoma/usbから/RoboconDetectionFruit-master/src/ros_to_kimd', 'symlink_install': False, 'test_result_base': None}
[1.509s] INFO:colcon.colcon_core.executor:Executing jobs using 'parallel' executor
[1.526s] DEBUG:colcon.colcon_parallel_executor.executor.parallel:run_until_complete
[1.527s] INFO:colcon.colcon_ros.task.ament_python.build:Building ROS package in '/home/kaibuchisoma/usbから/RoboconDetectionFruit-master/src/fruit_detection' with build type 'ament_python'
[1.527s] Level 1:colcon.colcon_core.shell:create_environment_hook('fruit_detection', 'ament_prefix_path')
[1.544s] INFO:colcon.colcon_core.plugin_system:Skipping extension 'colcon_core.shell.bat': Not used on non-Windows systems
[1.544s] INFO:colcon.colcon_core.shell:Creating environment hook '/home/kaibuchisoma/usbから/RoboconDetectionFruit-master/install/fruit_detection/share/fruit_detection/hook/ament_prefix_path.ps1'
[1.545s] INFO:colcon.colcon_core.shell:Creating environment descriptor '/home/kaibuchisoma/usbから/RoboconDetectionFruit-master/install/fruit_detection/share/fruit_detection/hook/ament_prefix_path.dsv'
[1.545s] INFO:colcon.colcon_core.shell:Creating environment hook '/home/kaibuchisoma/usbから/RoboconDetectionFruit-master/install/fruit_detection/share/fruit_detection/hook/ament_prefix_path.sh'
[1.567s] INFO:colcon.colcon_core.shell:Skip shell extension 'powershell' for command environment: Not usable outside of PowerShell
[1.567s] DEBUG:colcon.colcon_core.shell:Skip shell extension 'dsv' for command environment
[1.654s] INFO:colcon.colcon_ros.task.ament_cmake.build:Building ROS package in '/home/kaibuchisoma/usbから/RoboconDetectionFruit-master/src/robocon2023_b_dash' with build type 'ament_cmake'
[1.655s] INFO:colcon.colcon_cmake.task.cmake.build:Building CMake package in '/home/kaibuchisoma/usbから/RoboconDetectionFruit-master/src/robocon2023_b_dash'
[1.672s] INFO:colcon.colcon_core.shell:Skip shell extension 'powershell' for command environment: Not usable outside of PowerShell
[1.672s] DEBUG:colcon.colcon_core.shell:Skip shell extension 'dsv' for command environment
[1.757s] INFO:colcon.colcon_ros.task.ament_cmake.build:Building ROS package in '/home/kaibuchisoma/usbから/RoboconDetectionFruit-master/src/ros_to_kimd' with build type 'ament_cmake'
[1.757s] INFO:colcon.colcon_cmake.task.cmake.build:Building CMake package in '/home/kaibuchisoma/usbから/RoboconDetectionFruit-master/src/ros_to_kimd'
[1.775s] INFO:colcon.colcon_core.shell:Skip shell extension 'powershell' for command environment: Not usable outside of PowerShell
[1.775s] DEBUG:colcon.colcon_core.shell:Skip shell extension 'dsv' for command environment
[2.235s] INFO:colcon.colcon_core.task.python.build:Building Python package in '/home/kaibuchisoma/usbから/RoboconDetectionFruit-master/src/fruit_detection'
[2.257s] INFO:colcon.colcon_core.shell:Skip shell extension 'powershell' for command environment: Not usable outside of PowerShell
[2.257s] DEBUG:colcon.colcon_core.shell:Skip shell extension 'dsv' for command environment
[2.336s] DEBUG:colcon.colcon_core.event_handler.log_command:Invoking command in '/home/kaibuchisoma/usbから/RoboconDetectionFruit-master/build/robocon2023_b_dash': CMAKE_PREFIX_PATH=${CMAKE_PREFIX_PATH}:/home/kaibuchisoma/usbから/RoboconDetectionFruit-master/install/fruit_detection:/home/kaibuchisoma/robocon_ws/install/fruit_detection:/opt/ros/humble /usr/bin/cmake /home/kaibuchisoma/usbから/RoboconDetectionFruit-master/src/robocon2023_b_dash -DCMAKE_INSTALL_PREFIX=/home/kaibuchisoma/usbから/RoboconDetectionFruit-master/install/robocon2023_b_dash
[2.341s] DEBUG:colcon.colcon_core.event_handler.log_command:Invoking command in '/home/kaibuchisoma/usbから/RoboconDetectionFruit-master/build/ros_to_kimd': CMAKE_PREFIX_PATH=${CMAKE_PREFIX_PATH}:/home/kaibuchisoma/usbから/RoboconDetectionFruit-master/install/fruit_detection:/home/kaibuchisoma/robocon_ws/install/fruit_detection:/opt/ros/humble /usr/bin/cmake /home/kaibuchisoma/usbから/RoboconDetectionFruit-master/src/ros_to_kimd -DCMAKE_INSTALL_PREFIX=/home/kaibuchisoma/usbから/RoboconDetectionFruit-master/install/ros_to_kimd
[2.737s] DEBUG:colcon.colcon_core.event_handler.log_command:Invoking command in '/home/kaibuchisoma/usbから/RoboconDetectionFruit-master/src/fruit_detection': PYTHONPATH=/home/kaibuchisoma/usbから/RoboconDetectionFruit-master/build/fruit_detection/prefix_override:/home/kaibuchisoma/usbから/RoboconDetectionFruit-master/install/fruit_detection/lib/python3.10/site-packages:${PYTHONPATH} /usr/bin/python3 setup.py egg_info --egg-base ../../build/fruit_detection build --build-base /home/kaibuchisoma/usbから/RoboconDetectionFruit-master/build/fruit_detection/build install --record /home/kaibuchisoma/usbから/RoboconDetectionFruit-master/build/fruit_detection/install.log --single-version-externally-managed
[3.130s] DEBUG:colcon.colcon_core.event_handler.log_command:Invoked command in '/home/kaibuchisoma/usbから/RoboconDetectionFruit-master/src/fruit_detection' returned '0': PYTHONPATH=/home/kaibuchisoma/usbから/RoboconDetectionFruit-master/build/fruit_detection/prefix_override:/home/kaibuchisoma/usbから/RoboconDetectionFruit-master/install/fruit_detection/lib/python3.10/site-packages:${PYTHONPATH} /usr/bin/python3 setup.py egg_info --egg-base ../../build/fruit_detection build --build-base /home/kaibuchisoma/usbから/RoboconDetectionFruit-master/build/fruit_detection/build install --record /home/kaibuchisoma/usbから/RoboconDetectionFruit-master/build/fruit_detection/install.log --single-version-externally-managed
[3.151s] Level 1:colcon.colcon_core.environment:checking '/home/kaibuchisoma/usbから/RoboconDetectionFruit-master/install/fruit_detection' for CMake module files
[3.152s] Level 1:colcon.colcon_core.environment:checking '/home/kaibuchisoma/usbから/RoboconDetectionFruit-master/install/fruit_detection' for CMake config files
[3.154s] Level 1:colcon.colcon_core.environment:checking '/home/kaibuchisoma/usbから/RoboconDetectionFruit-master/install/fruit_detection/lib'
[3.154s] Level 1:colcon.colcon_core.environment:checking '/home/kaibuchisoma/usbから/RoboconDetectionFruit-master/install/fruit_detection/bin'
[3.154s] Level 1:colcon.colcon_core.environment:checking '/home/kaibuchisoma/usbから/RoboconDetectionFruit-master/install/fruit_detection/lib/pkgconfig/fruit_detection.pc'
[3.155s] Level 1:colcon.colcon_core.environment:checking '/home/kaibuchisoma/usbから/RoboconDetectionFruit-master/install/fruit_detection/lib/python3.10/site-packages'
[3.155s] Level 1:colcon.colcon_core.shell:create_environment_hook('fruit_detection', 'pythonpath')
[3.174s] INFO:colcon.colcon_core.shell:Creating environment hook '/home/kaibuchisoma/usbから/RoboconDetectionFruit-master/install/fruit_detection/share/fruit_detection/hook/pythonpath.ps1'
[3.175s] INFO:colcon.colcon_core.shell:Creating environment descriptor '/home/kaibuchisoma/usbから/RoboconDetectionFruit-master/install/fruit_detection/share/fruit_detection/hook/pythonpath.dsv'
[3.175s] INFO:colcon.colcon_core.shell:Creating environment hook '/home/kaibuchisoma/usbから/RoboconDetectionFruit-master/install/fruit_detection/share/fruit_detection/hook/pythonpath.sh'
[3.176s] Level 1:colcon.colcon_core.environment:checking '/home/kaibuchisoma/usbから/RoboconDetectionFruit-master/install/fruit_detection/bin'
[3.176s] Level 1:colcon.colcon_core.environment:create_environment_scripts_only(fruit_detection)
[3.196s] INFO:colcon.colcon_core.shell:Creating package script '/home/kaibuchisoma/usbから/RoboconDetectionFruit-master/install/fruit_detection/share/fruit_detection/package.ps1'
[3.197s] INFO:colcon.colcon_core.shell:Creating package descriptor '/home/kaibuchisoma/usbから/RoboconDetectionFruit-master/install/fruit_detection/share/fruit_detection/package.dsv'
[3.197s] INFO:colcon.colcon_core.shell:Creating package script '/home/kaibuchisoma/usbから/RoboconDetectionFruit-master/install/fruit_detection/share/fruit_detection/package.sh'
[3.198s] INFO:colcon.colcon_core.shell:Creating package script '/home/kaibuchisoma/usbから/RoboconDetectionFruit-master/install/fruit_detection/share/fruit_detection/package.bash'
[3.199s] INFO:colcon.colcon_core.shell:Creating package script '/home/kaibuchisoma/usbから/RoboconDetectionFruit-master/install/fruit_detection/share/fruit_detection/package.zsh'
[3.199s] Level 1:colcon.colcon_core.environment:create_file_with_runtime_dependencies(/home/kaibuchisoma/usbから/RoboconDetectionFruit-master/install/fruit_detection/share/colcon-core/packages/fruit_detection)
[4.277s] DEBUG:colcon.colcon_core.event_handler.log_command:Invoked command in '/home/kaibuchisoma/usbから/RoboconDetectionFruit-master/build/ros_to_kimd' returned '0': CMAKE_PREFIX_PATH=${CMAKE_PREFIX_PATH}:/home/kaibuchisoma/usbから/RoboconDetectionFruit-master/install/fruit_detection:/home/kaibuchisoma/robocon_ws/install/fruit_detection:/opt/ros/humble /usr/bin/cmake /home/kaibuchisoma/usbから/RoboconDetectionFruit-master/src/ros_to_kimd -DCMAKE_INSTALL_PREFIX=/home/kaibuchisoma/usbから/RoboconDetectionFruit-master/install/ros_to_kimd
[4.280s] DEBUG:colcon.colcon_core.event_handler.log_command:Invoking command in '/home/kaibuchisoma/usbから/RoboconDetectionFruit-master/build/ros_to_kimd': CMAKE_PREFIX_PATH=${CMAKE_PREFIX_PATH}:/home/kaibuchisoma/usbから/RoboconDetectionFruit-master/install/fruit_detection:/home/kaibuchisoma/robocon_ws/install/fruit_detection:/opt/ros/humble /usr/bin/cmake --build /home/kaibuchisoma/usbから/RoboconDetectionFruit-master/build/ros_to_kimd -- -j12 -l12
[4.306s] DEBUG:colcon.colcon_core.event_handler.log_command:Invoked command in '/home/kaibuchisoma/usbから/RoboconDetectionFruit-master/build/robocon2023_b_dash' returned '0': CMAKE_PREFIX_PATH=${CMAKE_PREFIX_PATH}:/home/kaibuchisoma/usbから/RoboconDetectionFruit-master/install/fruit_detection:/home/kaibuchisoma/robocon_ws/install/fruit_detection:/opt/ros/humble /usr/bin/cmake /home/kaibuchisoma/usbから/RoboconDetectionFruit-master/src/robocon2023_b_dash -DCMAKE_INSTALL_PREFIX=/home/kaibuchisoma/usbから/RoboconDetectionFruit-master/install/robocon2023_b_dash
[4.308s] DEBUG:colcon.colcon_core.event_handler.log_command:Invoking command in '/home/kaibuchisoma/usbから/RoboconDetectionFruit-master/build/robocon2023_b_dash': CMAKE_PREFIX_PATH=${CMAKE_PREFIX_PATH}:/home/kaibuchisoma/usbから/RoboconDetectionFruit-master/install/fruit_detection:/home/kaibuchisoma/robocon_ws/install/fruit_detection:/opt/ros/humble /usr/bin/cmake --build /home/kaibuchisoma/usbから/RoboconDetectionFruit-master/build/robocon2023_b_dash -- -j12 -l12
[4.411s] DEBUG:colcon.colcon_core.event_handler.log_command:Invoked command in '/home/kaibuchisoma/usbから/RoboconDetectionFruit-master/build/ros_to_kimd' returned '0': CMAKE_PREFIX_PATH=${CMAKE_PREFIX_PATH}:/home/kaibuchisoma/usbから/RoboconDetectionFruit-master/install/fruit_detection:/home/kaibuchisoma/robocon_ws/install/fruit_detection:/opt/ros/humble /usr/bin/cmake --build /home/kaibuchisoma/usbから/RoboconDetectionFruit-master/build/ros_to_kimd -- -j12 -l12
[4.461s] DEBUG:colcon.colcon_core.event_handler.log_command:Invoked command in '/home/kaibuchisoma/usbから/RoboconDetectionFruit-master/build/robocon2023_b_dash' returned '0': CMAKE_PREFIX_PATH=${CMAKE_PREFIX_PATH}:/home/kaibuchisoma/usbから/RoboconDetectionFruit-master/install/fruit_detection:/home/kaibuchisoma/robocon_ws/install/fruit_detection:/opt/ros/humble /usr/bin/cmake --build /home/kaibuchisoma/usbから/RoboconDetectionFruit-master/build/robocon2023_b_dash -- -j12 -l12
[4.478s] DEBUG:colcon.colcon_core.event_handler.log_command:Invoking command in '/home/kaibuchisoma/usbから/RoboconDetectionFruit-master/build/ros_to_kimd': CMAKE_PREFIX_PATH=${CMAKE_PREFIX_PATH}:/home/kaibuchisoma/usbから/RoboconDetectionFruit-master/install/fruit_detection:/home/kaibuchisoma/robocon_ws/install/fruit_detection:/opt/ros/humble /usr/bin/cmake --install /home/kaibuchisoma/usbから/RoboconDetectionFruit-master/build/ros_to_kimd
[4.499s] Level 1:colcon.colcon_core.environment:create_environment_scripts_only(ros_to_kimd)
[4.500s] DEBUG:colcon.colcon_core.event_handler.log_command:Invoked command in '/home/kaibuchisoma/usbから/RoboconDetectionFruit-master/build/ros_to_kimd' returned '0': CMAKE_PREFIX_PATH=${CMAKE_PREFIX_PATH}:/home/kaibuchisoma/usbから/RoboconDetectionFruit-master/install/fruit_detection:/home/kaibuchisoma/robocon_ws/install/fruit_detection:/opt/ros/humble /usr/bin/cmake --install /home/kaibuchisoma/usbから/RoboconDetectionFruit-master/build/ros_to_kimd
[4.526s] Level 1:colcon.colcon_core.environment:checking '/home/kaibuchisoma/usbから/RoboconDetectionFruit-master/install/ros_to_kimd' for CMake module files
[4.527s] Level 1:colcon.colcon_core.environment:checking '/home/kaibuchisoma/usbから/RoboconDetectionFruit-master/install/ros_to_kimd' for CMake config files
[4.528s] Level 1:colcon.colcon_core.shell:create_environment_hook('ros_to_kimd', 'cmake_prefix_path')
[4.556s] INFO:colcon.colcon_core.shell:Creating environment hook '/home/kaibuchisoma/usbから/RoboconDetectionFruit-master/install/ros_to_kimd/share/ros_to_kimd/hook/cmake_prefix_path.ps1'
[4.557s] INFO:colcon.colcon_core.shell:Creating environment descriptor '/home/kaibuchisoma/usbから/RoboconDetectionFruit-master/install/ros_to_kimd/share/ros_to_kimd/hook/cmake_prefix_path.dsv'
[4.558s] INFO:colcon.colcon_core.shell:Creating environment hook '/home/kaibuchisoma/usbから/RoboconDetectionFruit-master/install/ros_to_kimd/share/ros_to_kimd/hook/cmake_prefix_path.sh'
[4.559s] Level 1:colcon.colcon_core.environment:checking '/home/kaibuchisoma/usbから/RoboconDetectionFruit-master/install/ros_to_kimd/lib'
[4.559s] Level 1:colcon.colcon_core.environment:checking '/home/kaibuchisoma/usbから/RoboconDetectionFruit-master/install/ros_to_kimd/bin'
[4.559s] Level 1:colcon.colcon_core.environment:checking '/home/kaibuchisoma/usbから/RoboconDetectionFruit-master/install/ros_to_kimd/lib/pkgconfig/ros_to_kimd.pc'
[4.559s] Level 1:colcon.colcon_core.environment:checking '/home/kaibuchisoma/usbから/RoboconDetectionFruit-master/install/ros_to_kimd/lib/python3.10/site-packages'
[4.560s] Level 1:colcon.colcon_core.environment:checking '/home/kaibuchisoma/usbから/RoboconDetectionFruit-master/install/ros_to_kimd/bin'
[4.584s] INFO:colcon.colcon_core.shell:Creating package script '/home/kaibuchisoma/usbから/RoboconDetectionFruit-master/install/ros_to_kimd/share/ros_to_kimd/package.ps1'
[4.585s] INFO:colcon.colcon_core.shell:Creating package descriptor '/home/kaibuchisoma/usbから/RoboconDetectionFruit-master/install/ros_to_kimd/share/ros_to_kimd/package.dsv'
[4.585s] INFO:colcon.colcon_core.shell:Creating package script '/home/kaibuchisoma/usbから/RoboconDetectionFruit-master/install/ros_to_kimd/share/ros_to_kimd/package.sh'
[4.586s] INFO:colcon.colcon_core.shell:Creating package script '/home/kaibuchisoma/usbから/RoboconDetectionFruit-master/install/ros_to_kimd/share/ros_to_kimd/package.bash'
[4.587s] INFO:colcon.colcon_core.shell:Creating package script '/home/kaibuchisoma/usbから/RoboconDetectionFruit-master/install/ros_to_kimd/share/ros_to_kimd/package.zsh'
[4.587s] Level 1:colcon.colcon_core.environment:create_file_with_runtime_dependencies(/home/kaibuchisoma/usbから/RoboconDetectionFruit-master/install/ros_to_kimd/share/colcon-core/packages/ros_to_kimd)
[4.591s] DEBUG:colcon.colcon_core.event_handler.log_command:Invoking command in '/home/kaibuchisoma/usbから/RoboconDetectionFruit-master/build/robocon2023_b_dash': CMAKE_PREFIX_PATH=${CMAKE_PREFIX_PATH}:/home/kaibuchisoma/usbから/RoboconDetectionFruit-master/install/fruit_detection:/home/kaibuchisoma/robocon_ws/install/fruit_detection:/opt/ros/humble /usr/bin/cmake --install /home/kaibuchisoma/usbから/RoboconDetectionFruit-master/build/robocon2023_b_dash
[4.612s] Level 1:colcon.colcon_core.environment:create_environment_scripts_only(robocon2023_b_dash)
[4.613s] DEBUG:colcon.colcon_core.event_handler.log_command:Invoked command in '/home/kaibuchisoma/usbから/RoboconDetectionFruit-master/build/robocon2023_b_dash' returned '0': CMAKE_PREFIX_PATH=${CMAKE_PREFIX_PATH}:/home/kaibuchisoma/usbから/RoboconDetectionFruit-master/install/fruit_detection:/home/kaibuchisoma/robocon_ws/install/fruit_detection:/opt/ros/humble /usr/bin/cmake --install /home/kaibuchisoma/usbから/RoboconDetectionFruit-master/build/robocon2023_b_dash
[4.646s] Level 1:colcon.colcon_core.environment:checking '/home/kaibuchisoma/usbから/RoboconDetectionFruit-master/install/robocon2023_b_dash' for CMake module files
[4.647s] Level 1:colcon.colcon_core.environment:checking '/home/kaibuchisoma/usbから/RoboconDetectionFruit-master/install/robocon2023_b_dash' for CMake config files
[4.647s] Level 1:colcon.colcon_core.shell:create_environment_hook('robocon2023_b_dash', 'cmake_prefix_path')
[4.680s] INFO:colcon.colcon_core.shell:Creating environment hook '/home/kaibuchisoma/usbから/RoboconDetectionFruit-master/install/robocon2023_b_dash/share/robocon2023_b_dash/hook/cmake_prefix_path.ps1'
[4.681s] INFO:colcon.colcon_core.shell:Creating environment descriptor '/home/kaibuchisoma/usbから/RoboconDetectionFruit-master/install/robocon2023_b_dash/share/robocon2023_b_dash/hook/cmake_prefix_path.dsv'
[4.681s] INFO:colcon.colcon_core.shell:Creating environment hook '/home/kaibuchisoma/usbから/RoboconDetectionFruit-master/install/robocon2023_b_dash/share/robocon2023_b_dash/hook/cmake_prefix_path.sh'
[4.682s] Level 1:colcon.colcon_core.environment:checking '/home/kaibuchisoma/usbから/RoboconDetectionFruit-master/install/robocon2023_b_dash/lib'
[4.682s] Level 1:colcon.colcon_core.environment:checking '/home/kaibuchisoma/usbから/RoboconDetectionFruit-master/install/robocon2023_b_dash/bin'
[4.682s] Level 1:colcon.colcon_core.environment:checking '/home/kaibuchisoma/usbから/RoboconDetectionFruit-master/install/robocon2023_b_dash/lib/pkgconfig/robocon2023_b_dash.pc'
[4.683s] Level 1:colcon.colcon_core.environment:checking '/home/kaibuchisoma/usbから/RoboconDetectionFruit-master/install/robocon2023_b_dash/lib/python3.10/site-packages'
[4.683s] Level 1:colcon.colcon_core.environment:checking '/home/kaibuchisoma/usbから/RoboconDetectionFruit-master/install/robocon2023_b_dash/bin'
[4.715s] INFO:colcon.colcon_core.shell:Creating package script '/home/kaibuchisoma/usbから/RoboconDetectionFruit-master/install/robocon2023_b_dash/share/robocon2023_b_dash/package.ps1'
[4.716s] INFO:colcon.colcon_core.shell:Creating package descriptor '/home/kaibuchisoma/usbから/RoboconDetectionFruit-master/install/robocon2023_b_dash/share/robocon2023_b_dash/package.dsv'
[4.716s] INFO:colcon.colcon_core.shell:Creating package script '/home/kaibuchisoma/usbから/RoboconDetectionFruit-master/install/robocon2023_b_dash/share/robocon2023_b_dash/package.sh'
[4.717s] INFO:colcon.colcon_core.shell:Creating package script '/home/kaibuchisoma/usbから/RoboconDetectionFruit-master/install/robocon2023_b_dash/share/robocon2023_b_dash/package.bash'
[4.718s] INFO:colcon.colcon_core.shell:Creating package script '/home/kaibuchisoma/usbから/RoboconDetectionFruit-master/install/robocon2023_b_dash/share/robocon2023_b_dash/package.zsh'
[4.718s] Level 1:colcon.colcon_core.environment:create_file_with_runtime_dependencies(/home/kaibuchisoma/usbから/RoboconDetectionFruit-master/install/robocon2023_b_dash/share/colcon-core/packages/robocon2023_b_dash)
[4.743s] Level 1:colcon.colcon_core.environment:create_environment_scripts_only(ros_to_kimd)
[4.766s] Level 1:colcon.colcon_core.environment:checking '/home/kaibuchisoma/usbから/RoboconDetectionFruit-master/install/ros_to_kimd' for CMake module files
[4.767s] Level 1:colcon.colcon_core.environment:checking '/home/kaibuchisoma/usbから/RoboconDetectionFruit-master/install/ros_to_kimd' for CMake config files
[4.767s] Level 1:colcon.colcon_core.shell:create_environment_hook('ros_to_kimd', 'cmake_prefix_path')
[4.790s] INFO:colcon.colcon_core.shell:Creating environment hook '/home/kaibuchisoma/usbから/RoboconDetectionFruit-master/install/ros_to_kimd/share/ros_to_kimd/hook/cmake_prefix_path.ps1'
[4.790s] INFO:colcon.colcon_core.shell:Creating environment descriptor '/home/kaibuchisoma/usbから/RoboconDetectionFruit-master/install/ros_to_kimd/share/ros_to_kimd/hook/cmake_prefix_path.dsv'
[4.791s] INFO:colcon.colcon_core.shell:Creating environment hook '/home/kaibuchisoma/usbから/RoboconDetectionFruit-master/install/ros_to_kimd/share/ros_to_kimd/hook/cmake_prefix_path.sh'
[4.791s] Level 1:colcon.colcon_core.environment:checking '/home/kaibuchisoma/usbから/RoboconDetectionFruit-master/install/ros_to_kimd/lib'
[4.791s] Level 1:colcon.colcon_core.environment:checking '/home/kaibuchisoma/usbから/RoboconDetectionFruit-master/install/ros_to_kimd/bin'
[4.792s] Level 1:colcon.colcon_core.environment:checking '/home/kaibuchisoma/usbから/RoboconDetectionFruit-master/install/ros_to_kimd/lib/pkgconfig/ros_to_kimd.pc'
[4.792s] Level 1:colcon.colcon_core.environment:checking '/home/kaibuchisoma/usbから/RoboconDetectionFruit-master/install/ros_to_kimd/lib/python3.10/site-packages'
[4.792s] Level 1:colcon.colcon_core.environment:checking '/home/kaibuchisoma/usbから/RoboconDetectionFruit-master/install/ros_to_kimd/bin'
[4.813s] INFO:colcon.colcon_core.shell:Creating package script '/home/kaibuchisoma/usbから/RoboconDetectionFruit-master/install/ros_to_kimd/share/ros_to_kimd/package.ps1'
[4.814s] INFO:colcon.colcon_core.shell:Creating package descriptor '/home/kaibuchisoma/usbから/RoboconDetectionFruit-master/install/ros_to_kimd/share/ros_to_kimd/package.dsv'
[4.814s] INFO:colcon.colcon_core.shell:Creating package script '/home/kaibuchisoma/usbから/RoboconDetectionFruit-master/install/ros_to_kimd/share/ros_to_kimd/package.sh'
[4.815s] INFO:colcon.colcon_core.shell:Creating package script '/home/kaibuchisoma/usbから/RoboconDetectionFruit-master/install/ros_to_kimd/share/ros_to_kimd/package.bash'
[4.815s] INFO:colcon.colcon_core.shell:Creating package script '/home/kaibuchisoma/usbから/RoboconDetectionFruit-master/install/ros_to_kimd/share/ros_to_kimd/package.zsh'
[4.816s] Level 1:colcon.colcon_core.environment:create_file_with_runtime_dependencies(/home/kaibuchisoma/usbから/RoboconDetectionFruit-master/install/ros_to_kimd/share/colcon-core/packages/ros_to_kimd)
[4.838s] Level 1:colcon.colcon_core.environment:create_environment_scripts_only(robocon2023_b_dash)
[4.864s] Level 1:colcon.colcon_core.environment:checking '/home/kaibuchisoma/usbから/RoboconDetectionFruit-master/install/robocon2023_b_dash' for CMake module files
[4.865s] Level 1:colcon.colcon_core.environment:checking '/home/kaibuchisoma/usbから/RoboconDetectionFruit-master/install/robocon2023_b_dash' for CMake config files
[4.865s] Level 1:colcon.colcon_core.shell:create_environment_hook('robocon2023_b_dash', 'cmake_prefix_path')
[4.892s] INFO:colcon.colcon_core.shell:Creating environment hook '/home/kaibuchisoma/usbから/RoboconDetectionFruit-master/install/robocon2023_b_dash/share/robocon2023_b_dash/hook/cmake_prefix_path.ps1'
[4.893s] INFO:colcon.colcon_core.shell:Creating environment descriptor '/home/kaibuchisoma/usbから/RoboconDetectionFruit-master/install/robocon2023_b_dash/share/robocon2023_b_dash/hook/cmake_prefix_path.dsv'
[4.893s] INFO:colcon.colcon_core.shell:Creating environment hook '/home/kaibuchisoma/usbから/RoboconDetectionFruit-master/install/robocon2023_b_dash/share/robocon2023_b_dash/hook/cmake_prefix_path.sh'
[4.894s] Level 1:colcon.colcon_core.environment:checking '/home/kaibuchisoma/usbから/RoboconDetectionFruit-master/install/robocon2023_b_dash/lib'
[4.894s] Level 1:colcon.colcon_core.environment:checking '/home/kaibuchisoma/usbから/RoboconDetectionFruit-master/install/robocon2023_b_dash/bin'
[4.894s] Level 1:colcon.colcon_core.environment:checking '/home/kaibuchisoma/usbから/RoboconDetectionFruit-master/install/robocon2023_b_dash/lib/pkgconfig/robocon2023_b_dash.pc'
[4.895s] Level 1:colcon.colcon_core.environment:checking '/home/kaibuchisoma/usbから/RoboconDetectionFruit-master/install/robocon2023_b_dash/lib/python3.10/site-packages'
[4.895s] Level 1:colcon.colcon_core.environment:checking '/home/kaibuchisoma/usbから/RoboconDetectionFruit-master/install/robocon2023_b_dash/bin'
[4.920s] INFO:colcon.colcon_core.shell:Creating package script '/home/kaibuchisoma/usbから/RoboconDetectionFruit-master/install/robocon2023_b_dash/share/robocon2023_b_dash/package.ps1'
[4.921s] INFO:colcon.colcon_core.shell:Creating package descriptor '/home/kaibuchisoma/usbから/RoboconDetectionFruit-master/install/robocon2023_b_dash/share/robocon2023_b_dash/package.dsv'
[4.922s] INFO:colcon.colcon_core.shell:Creating package script '/home/kaibuchisoma/usbから/RoboconDetectionFruit-master/install/robocon2023_b_dash/share/robocon2023_b_dash/package.sh'
[4.922s] INFO:colcon.colcon_core.shell:Creating package script '/home/kaibuchisoma/usbから/RoboconDetectionFruit-master/install/robocon2023_b_dash/share/robocon2023_b_dash/package.bash'
[4.923s] INFO:colcon.colcon_core.shell:Creating package script '/home/kaibuchisoma/usbから/RoboconDetectionFruit-master/install/robocon2023_b_dash/share/robocon2023_b_dash/package.zsh'
[4.923s] Level 1:colcon.colcon_core.environment:create_file_with_runtime_dependencies(/home/kaibuchisoma/usbから/RoboconDetectionFruit-master/install/robocon2023_b_dash/share/colcon-core/packages/robocon2023_b_dash)
[4.923s] DEBUG:colcon.colcon_parallel_executor.executor.parallel:closing loop
[4.924s] DEBUG:colcon.colcon_parallel_executor.executor.parallel:loop closed
[4.924s] DEBUG:colcon.colcon_parallel_executor.executor.parallel:run_until_complete finished with '0'
[4.924s] DEBUG:colcon.colcon_core.event_reactor:joining thread
[4.960s] INFO:colcon.colcon_core.plugin_system:Skipping extension 'colcon_notification.desktop_notification.terminal_notifier': Not used on non-Darwin systems
[4.960s] INFO:colcon.colcon_core.plugin_system:Skipping extension 'colcon_notification.desktop_notification.win32': Not used on non-Windows systems
[4.960s] INFO:colcon.colcon_notification.desktop_notification:Sending desktop notification using 'notify2'
[4.977s] DEBUG:colcon.colcon_core.event_reactor:joined thread
[4.999s] INFO:colcon.colcon_core.shell:Creating prefix script '/home/kaibuchisoma/usbから/RoboconDetectionFruit-master/install/local_setup.ps1'
[5.000s] INFO:colcon.colcon_core.shell:Creating prefix util module '/home/kaibuchisoma/usbから/RoboconDetectionFruit-master/install/_local_setup_util_ps1.py'
[5.001s] INFO:colcon.colcon_core.shell:Creating prefix chain script '/home/kaibuchisoma/usbから/RoboconDetectionFruit-master/install/setup.ps1'
[5.018s] INFO:colcon.colcon_core.shell:Creating prefix script '/home/kaibuchisoma/usbから/RoboconDetectionFruit-master/install/local_setup.sh'
[5.018s] INFO:colcon.colcon_core.shell:Creating prefix util module '/home/kaibuchisoma/usbから/RoboconDetectionFruit-master/install/_local_setup_util_sh.py'
[5.019s] INFO:colcon.colcon_core.shell:Creating prefix chain script '/home/kaibuchisoma/usbから/RoboconDetectionFruit-master/install/setup.sh'
[5.036s] INFO:colcon.colcon_core.shell:Creating prefix script '/home/kaibuchisoma/usbから/RoboconDetectionFruit-master/install/local_setup.bash'
[5.036s] INFO:colcon.colcon_core.shell:Creating prefix chain script '/home/kaibuchisoma/usbから/RoboconDetectionFruit-master/install/setup.bash'
[5.054s] INFO:colcon.colcon_core.shell:Creating prefix script '/home/kaibuchisoma/usbから/RoboconDetectionFruit-master/install/local_setup.zsh'
[5.054s] INFO:colcon.colcon_core.shell:Creating prefix chain script '/home/kaibuchisoma/usbから/RoboconDetectionFruit-master/install/setup.zsh'
