[0.289s] Invoking command in '/home/ros-industrial/robocon_ws/build/sllidar_ros2': CMAKE_PREFIX_PATH=${CMAKE_PREFIX_PATH}:/opt/ros/foxy /usr/bin/cmake --build /home/ros-industrial/robocon_ws/build/sllidar_ros2 -- -j8 -l8
[0.351s] [ 85%] Built target sllidar_node
[0.381s] [100%] Built target sllidar_client
[0.393s] Invoked command in '/home/ros-industrial/robocon_ws/build/sllidar_ros2' returned '0': CMAKE_PREFIX_PATH=${CMAKE_PREFIX_PATH}:/opt/ros/foxy /usr/bin/cmake --build /home/ros-industrial/robocon_ws/build/sllidar_ros2 -- -j8 -l8
[0.796s] Invoking command in '/home/ros-industrial/robocon_ws/build/sllidar_ros2': CMAKE_PREFIX_PATH=${CMAKE_PREFIX_PATH}:/opt/ros/foxy /usr/bin/cmake --install /home/ros-industrial/robocon_ws/build/sllidar_ros2
[0.906s] -- Install configuration: ""
[0.906s] -- Up-to-date: /home/ros-industrial/robocon_ws/install/sllidar_ros2/share/sllidar_ros2/launch
[0.906s] -- Up-to-date: /home/ros-industrial/robocon_ws/install/sllidar_ros2/share/sllidar_ros2/launch/sllidar_s1_launch.py
[0.907s] -- Up-to-date: /home/ros-industrial/robocon_ws/install/sllidar_ros2/share/sllidar_ros2/launch/view_sllidar_a2m7_launch.py
[0.907s] -- Up-to-date: /home/ros-industrial/robocon_ws/install/sllidar_ros2/share/sllidar_ros2/launch/view_sllidar_t1_launch.py
[0.907s] -- Up-to-date: /home/ros-industrial/robocon_ws/install/sllidar_ros2/share/sllidar_ros2/launch/sllidar_t1_launch.py
[0.907s] -- Up-to-date: /home/ros-industrial/robocon_ws/install/sllidar_ros2/share/sllidar_ros2/launch/sllidar_s2_launch.py
[0.907s] -- Up-to-date: /home/ros-industrial/robocon_ws/install/sllidar_ros2/share/sllidar_ros2/launch/view_sllidar_s2_launch.py
[0.907s] -- Up-to-date: /home/ros-industrial/robocon_ws/install/sllidar_ros2/share/sllidar_ros2/launch/view_sllidar_s1_tcp_launch.py
[0.907s] -- Up-to-date: /home/ros-industrial/robocon_ws/install/sllidar_ros2/share/sllidar_ros2/launch/sllidar_a2m8_launch.py
[0.907s] -- Up-to-date: /home/ros-industrial/robocon_ws/install/sllidar_ros2/share/sllidar_ros2/launch/sllidar_s1_tcp_launch.py
[0.908s] -- Up-to-date: /home/ros-industrial/robocon_ws/install/sllidar_ros2/share/sllidar_ros2/launch/view_sllidar_s1_launch.py
[0.908s] -- Up-to-date: /home/ros-industrial/robocon_ws/install/sllidar_ros2/share/sllidar_ros2/launch/sllidar_s2e_launch.py
[0.908s] -- Up-to-date: /home/ros-industrial/robocon_ws/install/sllidar_ros2/share/sllidar_ros2/launch/view_sllidar_a3_launch.py
[0.908s] -- Up-to-date: /home/ros-industrial/robocon_ws/install/sllidar_ros2/share/sllidar_ros2/launch/view_sllidar_a2m12_launch.py
[0.908s] -- Up-to-date: /home/ros-industrial/robocon_ws/install/sllidar_ros2/share/sllidar_ros2/launch/sllidar_a1_launch.py
[0.913s] -- Up-to-date: /home/ros-industrial/robocon_ws/install/sllidar_ros2/share/sllidar_ros2/launch/view_sllidar_a2m8_launch.py
[0.913s] -- Up-to-date: /home/ros-industrial/robocon_ws/install/sllidar_ros2/share/sllidar_ros2/launch/view_sllidar_s3_launch.py
[0.913s] -- Up-to-date: /home/ros-industrial/robocon_ws/install/sllidar_ros2/share/sllidar_ros2/launch/view_sllidar_s2e_launch.py
[0.914s] -- Up-to-date: /home/ros-industrial/robocon_ws/install/sllidar_ros2/share/sllidar_ros2/launch/sllidar_a2m7_launch.py
[0.917s] -- Up-to-date: /home/ros-industrial/robocon_ws/install/sllidar_ros2/share/sllidar_ros2/launch/sllidar_s3_launch.py
[0.917s] -- Up-to-date: /home/ros-industrial/robocon_ws/install/sllidar_ros2/share/sllidar_ros2/launch/sllidar_a2m12_launch .py
[0.917s] -- Up-to-date: /home/ros-industrial/robocon_ws/install/sllidar_ros2/share/sllidar_ros2/launch/view_sllidar_a1_launch.py
[0.917s] -- Up-to-date: /home/ros-industrial/robocon_ws/install/sllidar_ros2/share/sllidar_ros2/launch/sllidar_a3_launch.py
[0.917s] -- Up-to-date: /home/ros-industrial/robocon_ws/install/sllidar_ros2/share/sllidar_ros2/rviz
[0.918s] -- Up-to-date: /home/ros-industrial/robocon_ws/install/sllidar_ros2/share/sllidar_ros2/rviz/sllidar_ros2.rviz
[0.918s] -- Up-to-date: /home/ros-industrial/robocon_ws/install/sllidar_ros2/lib/sllidar_ros2/sllidar_node
[0.918s] -- Up-to-date: /home/ros-industrial/robocon_ws/install/sllidar_ros2/lib/sllidar_ros2/sllidar_client
[0.919s] -- Up-to-date: /home/ros-industrial/robocon_ws/install/sllidar_ros2/share/ament_index/resource_index/package_run_dependencies/sllidar_ros2
[0.919s] -- Up-to-date: /home/ros-industrial/robocon_ws/install/sllidar_ros2/share/ament_index/resource_index/parent_prefix_path/sllidar_ros2
[0.919s] -- Up-to-date: /home/ros-industrial/robocon_ws/install/sllidar_ros2/share/sllidar_ros2/environment/ament_prefix_path.sh
[0.919s] -- Up-to-date: /home/ros-industrial/robocon_ws/install/sllidar_ros2/share/sllidar_ros2/environment/ament_prefix_path.dsv
[0.919s] -- Up-to-date: /home/ros-industrial/robocon_ws/install/sllidar_ros2/share/sllidar_ros2/environment/path.sh
[0.919s] -- Up-to-date: /home/ros-industrial/robocon_ws/install/sllidar_ros2/share/sllidar_ros2/environment/path.dsv
[0.919s] -- Up-to-date: /home/ros-industrial/robocon_ws/install/sllidar_ros2/share/sllidar_ros2/local_setup.bash
[0.920s] -- Up-to-date: /home/ros-industrial/robocon_ws/install/sllidar_ros2/share/sllidar_ros2/local_setup.sh
[0.920s] -- Up-to-date: /home/ros-industrial/robocon_ws/install/sllidar_ros2/share/sllidar_ros2/local_setup.zsh
[0.920s] -- Up-to-date: /home/ros-industrial/robocon_ws/install/sllidar_ros2/share/sllidar_ros2/local_setup.dsv
[0.920s] -- Installing: /home/ros-industrial/robocon_ws/install/sllidar_ros2/share/sllidar_ros2/package.dsv
[0.920s] -- Up-to-date: /home/ros-industrial/robocon_ws/install/sllidar_ros2/share/ament_index/resource_index/packages/sllidar_ros2
[0.920s] -- Up-to-date: /home/ros-industrial/robocon_ws/install/sllidar_ros2/share/sllidar_ros2/cmake/ament_cmake_export_dependencies-extras.cmake
[0.929s] -- Up-to-date: /home/ros-industrial/robocon_ws/install/sllidar_ros2/share/sllidar_ros2/cmake/ament_cmake_export_include_directories-extras.cmake
[0.930s] -- Up-to-date: /home/ros-industrial/robocon_ws/install/sllidar_ros2/share/sllidar_ros2/cmake/sllidar_ros2Config.cmake
[0.931s] -- Up-to-date: /home/ros-industrial/robocon_ws/install/sllidar_ros2/share/sllidar_ros2/cmake/sllidar_ros2Config-version.cmake
[0.931s] -- Up-to-date: /home/ros-industrial/robocon_ws/install/sllidar_ros2/share/sllidar_ros2/package.xml
[1.107s] Invoked command in '/home/ros-industrial/robocon_ws/build/sllidar_ros2' returned '0': CMAKE_PREFIX_PATH=${CMAKE_PREFIX_PATH}:/opt/ros/foxy /usr/bin/cmake --install /home/ros-industrial/robocon_ws/build/sllidar_ros2
