[0.838s] Invoking command in '/home/kaibuchisoma/robocon_ws/build/robocon2023_b_dash_transceiver': CMAKE_PREFIX_PATH=${CMAKE_PREFIX_PATH}:/home/kaibuchisoma/robocon_ws/install/fruit_detection:/opt/ros/humble /usr/bin/cmake /home/kaibuchisoma/robocon_ws/src/robocon2023_b_dash_transceiver -DCMAKE_INSTALL_PREFIX=/home/kaibuchisoma/robocon_ws/install/robocon2023_b_dash_transceiver
[0.938s] -- The C compiler identification is GNU 11.4.0
[1.063s] -- The CXX compiler identification is GNU 11.4.0
[1.086s] -- Detecting C compiler ABI info
[1.275s] -- Detecting C compiler ABI info - done
[1.291s] -- Check for working C compiler: /usr/bin/cc - skipped
[1.291s] -- Detecting C compile features
[1.292s] -- Detecting C compile features - done
[1.298s] -- Detecting CXX compiler ABI info
[1.495s] -- Detecting CXX compiler ABI info - done
[1.519s] -- Check for working CXX compiler: /usr/bin/c++ - skipped
[1.519s] -- Detecting CXX compile features
[1.520s] -- Detecting CXX compile features - done
[1.530s] -- Found ament_cmake: 1.3.5 (/opt/ros/humble/share/ament_cmake/cmake)
[1.946s] -- Found Python3: /usr/bin/python3.10 (found version "3.10.12") found components: Interpreter 
[2.151s] -- Found rclcpp: 16.0.6 (/opt/ros/humble/share/rclcpp/cmake)
[2.248s] -- Found rosidl_generator_c: 3.1.5 (/opt/ros/humble/share/rosidl_generator_c/cmake)
[2.261s] -- Found rosidl_adapter: 3.1.5 (/opt/ros/humble/share/rosidl_adapter/cmake)
[2.280s] -- Found rosidl_generator_cpp: 3.1.5 (/opt/ros/humble/share/rosidl_generator_cpp/cmake)
[2.308s] -- Using all available rosidl_typesupport_c: rosidl_typesupport_fastrtps_c;rosidl_typesupport_introspection_c
[2.352s] -- Using all available rosidl_typesupport_cpp: rosidl_typesupport_fastrtps_cpp;rosidl_typesupport_introspection_cpp
[2.509s] -- Found rmw_implementation_cmake: 6.1.1 (/opt/ros/humble/share/rmw_implementation_cmake/cmake)
[2.516s] -- Found rmw_fastrtps_cpp: 6.2.4 (/opt/ros/humble/share/rmw_fastrtps_cpp/cmake)
[2.734s] -- Found OpenSSL: /usr/lib/x86_64-linux-gnu/libcrypto.so (found version "3.0.2")  
[2.788s] -- Found FastRTPS: /opt/ros/humble/include  
[2.885s] -- Using RMW implementation 'rmw_fastrtps_cpp' as default
[2.909s] -- Looking for pthread.h
[3.050s] -- Looking for pthread.h - found
[3.052s] -- Performing Test CMAKE_HAVE_LIBC_PTHREAD
[3.198s] -- Performing Test CMAKE_HAVE_LIBC_PTHREAD - Success
[3.198s] -- Found Threads: TRUE  
[3.578s] -- Found rclcpp_components: 16.0.6 (/opt/ros/humble/share/rclcpp_components/cmake)
[3.758s] -- Found sdl2_vendor: 3.1.0 (/opt/ros/humble/share/sdl2_vendor/cmake)
[3.768s] -- Found sensor_msgs: 4.2.3 (/opt/ros/humble/share/sensor_msgs/cmake)
[4.048s] -- Found ament_lint_auto: 0.12.8 (/opt/ros/humble/share/ament_lint_auto/cmake)
[4.242s] -- Added test 'cppcheck' to perform static code analysis on C / C++ code
[4.243s] -- Configured cppcheck include dirs: $<BUILD_INTERFACE:/home/kaibuchisoma/robocon_ws/src/robocon2023_b_dash_transceiver/include>
[4.243s] -- Configured cppcheck exclude dirs and/or files: 
[4.244s] -- Added test 'cpplint' to check C / C++ code against the Google style
[4.244s] -- Configured cpplint exclude dirs and/or files: 
[4.245s] -- Added test 'flake8' to check Python code syntax and style conventions
[4.246s] -- Added test 'lint_cmake' to check CMake code style
[4.247s] -- Added test 'pep257' to check Python code against some of the docstring style conventions in PEP 257
[4.251s] -- Added test 'uncrustify' to check C / C++ code style
[4.252s] -- Configured uncrustify additional arguments: 
[4.253s] -- Added test 'xmllint' to check XML markup files
[4.257s] -- Configuring done
[4.328s] -- Generating done
[4.332s] -- Build files have been written to: /home/kaibuchisoma/robocon_ws/build/robocon2023_b_dash_transceiver
[4.388s] Invoked command in '/home/kaibuchisoma/robocon_ws/build/robocon2023_b_dash_transceiver' returned '0': CMAKE_PREFIX_PATH=${CMAKE_PREFIX_PATH}:/home/kaibuchisoma/robocon_ws/install/fruit_detection:/opt/ros/humble /usr/bin/cmake /home/kaibuchisoma/robocon_ws/src/robocon2023_b_dash_transceiver -DCMAKE_INSTALL_PREFIX=/home/kaibuchisoma/robocon_ws/install/robocon2023_b_dash_transceiver
[4.389s] Invoking command in '/home/kaibuchisoma/robocon_ws/build/robocon2023_b_dash_transceiver': CMAKE_PREFIX_PATH=${CMAKE_PREFIX_PATH}:/home/kaibuchisoma/robocon_ws/install/fruit_detection:/opt/ros/humble /usr/bin/cmake --build /home/kaibuchisoma/robocon_ws/build/robocon2023_b_dash_transceiver -- -j12 -l12
[4.483s] [35m[1mConsolidate compiler generated dependencies of target joy[0m
[4.552s] [ 20%] Built target joy
[4.577s] [35m[1mConsolidate compiler generated dependencies of target program_checker_node[0m
[4.645s] [ 40%] Built target program_checker_node
[4.698s] [35m[1mConsolidate compiler generated dependencies of target usb920_node[0m
[4.738s] [ 60%] Built target usb920_node
[4.803s] [35m[1mConsolidate compiler generated dependencies of target joy_enumerate_devices[0m
[4.809s] [ 80%] Built target joy_enumerate_devices
[4.831s] [35m[1mConsolidate compiler generated dependencies of target joy_node[0m
[4.881s] [100%] Built target joy_node
[4.939s] Invoked command in '/home/kaibuchisoma/robocon_ws/build/robocon2023_b_dash_transceiver' returned '0': CMAKE_PREFIX_PATH=${CMAKE_PREFIX_PATH}:/home/kaibuchisoma/robocon_ws/install/fruit_detection:/opt/ros/humble /usr/bin/cmake --build /home/kaibuchisoma/robocon_ws/build/robocon2023_b_dash_transceiver -- -j12 -l12
[5.087s] Invoking command in '/home/kaibuchisoma/robocon_ws/build/robocon2023_b_dash_transceiver': CMAKE_PREFIX_PATH=${CMAKE_PREFIX_PATH}:/home/kaibuchisoma/robocon_ws/install/fruit_detection:/opt/ros/humble /usr/bin/cmake --install /home/kaibuchisoma/robocon_ws/build/robocon2023_b_dash_transceiver
[5.105s] -- Install configuration: ""
[5.105s] -- Up-to-date: /home/kaibuchisoma/robocon_ws/install/robocon2023_b_dash_transceiver/lib/libjoy.so
[5.105s] -- Up-to-date: /home/kaibuchisoma/robocon_ws/install/robocon2023_b_dash_transceiver/lib/robocon2023_b_dash_transceiver/joy_node
[5.106s] -- Up-to-date: /home/kaibuchisoma/robocon_ws/install/robocon2023_b_dash_transceiver/lib/robocon2023_b_dash_transceiver/joy_enumerate_devices
[5.106s] -- Up-to-date: /home/kaibuchisoma/robocon_ws/install/robocon2023_b_dash_transceiver/include/robocon2023_b_dash_transceiver
[5.106s] -- Up-to-date: /home/kaibuchisoma/robocon_ws/install/robocon2023_b_dash_transceiver/include/robocon2023_b_dash_transceiver/robocon2023_b_dash_transceiver
[5.106s] -- Up-to-date: /home/kaibuchisoma/robocon_ws/install/robocon2023_b_dash_transceiver/include/robocon2023_b_dash_transceiver/robocon2023_b_dash_transceiver/DualShock.h
[5.107s] -- Up-to-date: /home/kaibuchisoma/robocon_ws/install/robocon2023_b_dash_transceiver/include/robocon2023_b_dash_transceiver/robocon2023_b_dash_transceiver/joy.hpp
[5.107s] -- Up-to-date: /home/kaibuchisoma/robocon_ws/install/robocon2023_b_dash_transceiver/share/robocon2023_b_dash_transceiver/config
[5.107s] -- Up-to-date: /home/kaibuchisoma/robocon_ws/install/robocon2023_b_dash_transceiver/share/robocon2023_b_dash_transceiver/launch
[5.107s] -- Up-to-date: /home/kaibuchisoma/robocon_ws/install/robocon2023_b_dash_transceiver/share/robocon2023_b_dash_transceiver/launch/all_launch.py
[5.110s] -- Up-to-date: /home/kaibuchisoma/robocon_ws/install/robocon2023_b_dash_transceiver/lib/robocon2023_b_dash_transceiver/usb920_node
[5.110s] -- Up-to-date: /home/kaibuchisoma/robocon_ws/install/robocon2023_b_dash_transceiver/lib/robocon2023_b_dash_transceiver/program_checker_node
[5.110s] -- Up-to-date: /home/kaibuchisoma/robocon_ws/install/robocon2023_b_dash_transceiver/share/ament_index/resource_index/package_run_dependencies/robocon2023_b_dash_transceiver
[5.112s] -- Up-to-date: /home/kaibuchisoma/robocon_ws/install/robocon2023_b_dash_transceiver/share/ament_index/resource_index/parent_prefix_path/robocon2023_b_dash_transceiver
[5.112s] -- Up-to-date: /home/kaibuchisoma/robocon_ws/install/robocon2023_b_dash_transceiver/share/robocon2023_b_dash_transceiver/environment/ament_prefix_path.sh
[5.112s] -- Installing: /home/kaibuchisoma/robocon_ws/install/robocon2023_b_dash_transceiver/share/robocon2023_b_dash_transceiver/environment/ament_prefix_path.dsv
[5.113s] -- Up-to-date: /home/kaibuchisoma/robocon_ws/install/robocon2023_b_dash_transceiver/share/robocon2023_b_dash_transceiver/environment/path.sh
[5.114s] -- Installing: /home/kaibuchisoma/robocon_ws/install/robocon2023_b_dash_transceiver/share/robocon2023_b_dash_transceiver/environment/path.dsv
[5.114s] -- Up-to-date: /home/kaibuchisoma/robocon_ws/install/robocon2023_b_dash_transceiver/share/robocon2023_b_dash_transceiver/local_setup.bash
[5.114s] -- Up-to-date: /home/kaibuchisoma/robocon_ws/install/robocon2023_b_dash_transceiver/share/robocon2023_b_dash_transceiver/local_setup.sh
[5.114s] -- Up-to-date: /home/kaibuchisoma/robocon_ws/install/robocon2023_b_dash_transceiver/share/robocon2023_b_dash_transceiver/local_setup.zsh
[5.114s] -- Installing: /home/kaibuchisoma/robocon_ws/install/robocon2023_b_dash_transceiver/share/robocon2023_b_dash_transceiver/local_setup.dsv
[5.115s] -- Installing: /home/kaibuchisoma/robocon_ws/install/robocon2023_b_dash_transceiver/share/robocon2023_b_dash_transceiver/package.dsv
[5.115s] -- Up-to-date: /home/kaibuchisoma/robocon_ws/install/robocon2023_b_dash_transceiver/share/ament_index/resource_index/packages/robocon2023_b_dash_transceiver
[5.115s] -- Up-to-date: /home/kaibuchisoma/robocon_ws/install/robocon2023_b_dash_transceiver/share/ament_index/resource_index/rclcpp_components/robocon2023_b_dash_transceiver
[5.115s] -- Up-to-date: /home/kaibuchisoma/robocon_ws/install/robocon2023_b_dash_transceiver/share/robocon2023_b_dash_transceiver/cmake/export_joyExport.cmake
[5.115s] -- Up-to-date: /home/kaibuchisoma/robocon_ws/install/robocon2023_b_dash_transceiver/share/robocon2023_b_dash_transceiver/cmake/export_joyExport-noconfig.cmake
[5.115s] -- Up-to-date: /home/kaibuchisoma/robocon_ws/install/robocon2023_b_dash_transceiver/share/robocon2023_b_dash_transceiver/cmake/ament_cmake_export_targets-extras.cmake
[5.115s] -- Up-to-date: /home/kaibuchisoma/robocon_ws/install/robocon2023_b_dash_transceiver/share/robocon2023_b_dash_transceiver/cmake/ament_cmake_export_dependencies-extras.cmake
[5.115s] -- Up-to-date: /home/kaibuchisoma/robocon_ws/install/robocon2023_b_dash_transceiver/share/robocon2023_b_dash_transceiver/cmake/robocon2023_b_dash_transceiverConfig.cmake
[5.116s] -- Up-to-date: /home/kaibuchisoma/robocon_ws/install/robocon2023_b_dash_transceiver/share/robocon2023_b_dash_transceiver/cmake/robocon2023_b_dash_transceiverConfig-version.cmake
[5.116s] -- Up-to-date: /home/kaibuchisoma/robocon_ws/install/robocon2023_b_dash_transceiver/share/robocon2023_b_dash_transceiver/package.xml
[5.318s] Invoked command in '/home/kaibuchisoma/robocon_ws/build/robocon2023_b_dash_transceiver' returned '0': CMAKE_PREFIX_PATH=${CMAKE_PREFIX_PATH}:/home/kaibuchisoma/robocon_ws/install/fruit_detection:/opt/ros/humble /usr/bin/cmake --install /home/kaibuchisoma/robocon_ws/build/robocon2023_b_dash_transceiver
