[0.415s] Invoking command in '/home/roboconb/RoboconDetectionFruit-master/build/ros_to_kimd': CMAKE_PREFIX_PATH=${CMAKE_PREFIX_PATH}:/home/roboconb/RoboconDetectionFruit-master/install/fruit_detection:/opt/ros/humble /usr/bin/cmake /home/roboconb/RoboconDetectionFruit-master/src/ros_to_kimd -DCMAKE_INSTALL_PREFIX=/home/roboconb/RoboconDetectionFruit-master/install/ros_to_kimd
[0.481s] -- The C compiler identification is GNU 11.4.0
[0.543s] -- The CXX compiler identification is GNU 11.4.0
[0.553s] -- Detecting C compiler ABI info
[0.630s] -- Detecting C compiler ABI info - done
[0.640s] -- Check for working C compiler: /usr/bin/cc - skipped
[0.640s] -- Detecting C compile features
[0.641s] -- Detecting C compile features - done
[0.644s] -- Detecting CXX compiler ABI info
[0.739s] -- Detecting CXX compiler ABI info - done
[0.752s] -- Check for working CXX compiler: /usr/bin/c++ - skipped
[0.752s] -- Detecting CXX compile features
[0.753s] -- Detecting CXX compile features - done
[0.756s] -- Found ament_cmake: 1.3.5 (/opt/ros/humble/share/ament_cmake/cmake)
[0.976s] -- Found Python3: /usr/bin/python3.10 (found version "3.10.12") found components: Interpreter 
[1.089s] -- Found rclcpp: 16.0.6 (/opt/ros/humble/share/rclcpp/cmake)
[1.135s] -- Found rosidl_generator_c: 3.1.5 (/opt/ros/humble/share/rosidl_generator_c/cmake)
[1.142s] -- Found rosidl_adapter: 3.1.5 (/opt/ros/humble/share/rosidl_adapter/cmake)
[1.158s] -- Found rosidl_generator_cpp: 3.1.5 (/opt/ros/humble/share/rosidl_generator_cpp/cmake)
[1.182s] -- Using all available rosidl_typesupport_c: rosidl_typesupport_fastrtps_c;rosidl_typesupport_introspection_c
[1.206s] -- Using all available rosidl_typesupport_cpp: rosidl_typesupport_fastrtps_cpp;rosidl_typesupport_introspection_cpp
[1.286s] -- Found rmw_implementation_cmake: 6.1.1 (/opt/ros/humble/share/rmw_implementation_cmake/cmake)
[1.289s] -- Found rmw_fastrtps_cpp: 6.2.4 (/opt/ros/humble/share/rmw_fastrtps_cpp/cmake)
[1.401s] -- Found OpenSSL: /usr/lib/x86_64-linux-gnu/libcrypto.so (found version "3.0.2")  
[1.427s] -- Found FastRTPS: /opt/ros/humble/include  
[1.492s] -- Using RMW implementation 'rmw_fastrtps_cpp' as default
[1.504s] -- Looking for pthread.h
[1.578s] -- Looking for pthread.h - found
[1.579s] -- Performing Test CMAKE_HAVE_LIBC_PTHREAD
[1.655s] -- Performing Test CMAKE_HAVE_LIBC_PTHREAD - Success
[1.656s] -- Found Threads: TRUE  
[1.845s] -- Found sensor_msgs: 4.2.3 (/opt/ros/humble/share/sensor_msgs/cmake)
[1.995s] -- Found ament_lint_auto: 0.12.8 (/opt/ros/humble/share/ament_lint_auto/cmake)
[2.082s] -- Added test 'copyright' to check source files copyright and LICENSE
[2.094s] -- Added test 'cppcheck' to perform static code analysis on C / C++ code
[2.095s] -- Configured cppcheck include dirs: 
[2.095s] -- Configured cppcheck exclude dirs and/or files: 
[2.107s] -- Added test 'cpplint' to check C / C++ code against the Google style
[2.107s] -- Configured cpplint exclude dirs and/or files: 
[2.108s] -- Added test 'flake8' to check Python code syntax and style conventions
[2.111s] -- Added test 'lint_cmake' to check CMake code style
[2.114s] -- Added test 'pep257' to check Python code against some of the docstring style conventions in PEP 257
[2.124s] -- Added test 'uncrustify' to check C / C++ code style
[2.125s] -- Configured uncrustify additional arguments: 
[2.126s] -- Added test 'xmllint' to check XML markup files
[2.127s] -- Configuring done
[2.143s] -- Generating done
[2.145s] -- Build files have been written to: /home/roboconb/RoboconDetectionFruit-master/build/ros_to_kimd
[2.159s] Invoked command in '/home/roboconb/RoboconDetectionFruit-master/build/ros_to_kimd' returned '0': CMAKE_PREFIX_PATH=${CMAKE_PREFIX_PATH}:/home/roboconb/RoboconDetectionFruit-master/install/fruit_detection:/opt/ros/humble /usr/bin/cmake /home/roboconb/RoboconDetectionFruit-master/src/ros_to_kimd -DCMAKE_INSTALL_PREFIX=/home/roboconb/RoboconDetectionFruit-master/install/ros_to_kimd
[2.161s] Invoking command in '/home/roboconb/RoboconDetectionFruit-master/build/ros_to_kimd': CMAKE_PREFIX_PATH=${CMAKE_PREFIX_PATH}:/home/roboconb/RoboconDetectionFruit-master/install/fruit_detection:/opt/ros/humble /usr/bin/cmake --build /home/roboconb/RoboconDetectionFruit-master/build/ros_to_kimd -- -j8 -l8
[2.206s] [35m[1mConsolidate compiler generated dependencies of target ControlKimd[0m
[2.206s] [35m[1mConsolidate compiler generated dependencies of target joysubtest[0m
[2.250s] [ 50%] Built target joysubtest
[2.256s] [100%] Built target ControlKimd
[2.281s] Invoked command in '/home/roboconb/RoboconDetectionFruit-master/build/ros_to_kimd' returned '0': CMAKE_PREFIX_PATH=${CMAKE_PREFIX_PATH}:/home/roboconb/RoboconDetectionFruit-master/install/fruit_detection:/opt/ros/humble /usr/bin/cmake --build /home/roboconb/RoboconDetectionFruit-master/build/ros_to_kimd -- -j8 -l8
[2.338s] Invoking command in '/home/roboconb/RoboconDetectionFruit-master/build/ros_to_kimd': CMAKE_PREFIX_PATH=${CMAKE_PREFIX_PATH}:/home/roboconb/RoboconDetectionFruit-master/install/fruit_detection:/opt/ros/humble /usr/bin/cmake --install /home/roboconb/RoboconDetectionFruit-master/build/ros_to_kimd
[2.350s] -- Install configuration: ""
[2.350s] -- Up-to-date: /home/roboconb/RoboconDetectionFruit-master/install/ros_to_kimd/lib/ros_to_kimd/joysubtest
[2.351s] -- Up-to-date: /home/roboconb/RoboconDetectionFruit-master/install/ros_to_kimd/lib/ros_to_kimd/ControlKimd
[2.352s] -- Up-to-date: /home/roboconb/RoboconDetectionFruit-master/install/ros_to_kimd/share/ament_index/resource_index/package_run_dependencies/ros_to_kimd
[2.352s] -- Up-to-date: /home/roboconb/RoboconDetectionFruit-master/install/ros_to_kimd/share/ament_index/resource_index/parent_prefix_path/ros_to_kimd
[2.352s] -- Up-to-date: /home/roboconb/RoboconDetectionFruit-master/install/ros_to_kimd/share/ros_to_kimd/environment/ament_prefix_path.sh
[2.352s] -- Installing: /home/roboconb/RoboconDetectionFruit-master/install/ros_to_kimd/share/ros_to_kimd/environment/ament_prefix_path.dsv
[2.353s] -- Up-to-date: /home/roboconb/RoboconDetectionFruit-master/install/ros_to_kimd/share/ros_to_kimd/environment/path.sh
[2.353s] -- Installing: /home/roboconb/RoboconDetectionFruit-master/install/ros_to_kimd/share/ros_to_kimd/environment/path.dsv
[2.353s] -- Up-to-date: /home/roboconb/RoboconDetectionFruit-master/install/ros_to_kimd/share/ros_to_kimd/local_setup.bash
[2.353s] -- Up-to-date: /home/roboconb/RoboconDetectionFruit-master/install/ros_to_kimd/share/ros_to_kimd/local_setup.sh
[2.354s] -- Up-to-date: /home/roboconb/RoboconDetectionFruit-master/install/ros_to_kimd/share/ros_to_kimd/local_setup.zsh
[2.354s] -- Installing: /home/roboconb/RoboconDetectionFruit-master/install/ros_to_kimd/share/ros_to_kimd/local_setup.dsv
[2.354s] -- Installing: /home/roboconb/RoboconDetectionFruit-master/install/ros_to_kimd/share/ros_to_kimd/package.dsv
[2.354s] -- Up-to-date: /home/roboconb/RoboconDetectionFruit-master/install/ros_to_kimd/share/ament_index/resource_index/packages/ros_to_kimd
[2.354s] -- Up-to-date: /home/roboconb/RoboconDetectionFruit-master/install/ros_to_kimd/share/ros_to_kimd/cmake/ros_to_kimdConfig.cmake
[2.354s] -- Up-to-date: /home/roboconb/RoboconDetectionFruit-master/install/ros_to_kimd/share/ros_to_kimd/cmake/ros_to_kimdConfig-version.cmake
[2.355s] -- Up-to-date: /home/roboconb/RoboconDetectionFruit-master/install/ros_to_kimd/share/ros_to_kimd/package.xml
[2.362s] Invoked command in '/home/roboconb/RoboconDetectionFruit-master/build/ros_to_kimd' returned '0': CMAKE_PREFIX_PATH=${CMAKE_PREFIX_PATH}:/home/roboconb/RoboconDetectionFruit-master/install/fruit_detection:/opt/ros/humble /usr/bin/cmake --install /home/roboconb/RoboconDetectionFruit-master/build/ros_to_kimd
