[0.711s] Invoking command in '/home/roboconb/robocon_ws/src/fruit_detection': PYTHONPATH=/home/roboconb/robocon_ws/build/fruit_detection/prefix_override:/home/roboconb/robocon_ws/install/fruit_detection/lib/python3.10/site-packages:${PYTHONPATH} /usr/bin/python3 setup.py egg_info --egg-base ../../build/fruit_detection build --build-base /home/roboconb/robocon_ws/build/fruit_detection/build install --record /home/roboconb/robocon_ws/build/fruit_detection/install.log --single-version-externally-managed
[1.041s] running egg_info
[1.042s] writing ../../build/fruit_detection/fruit_detection.egg-info/PKG-INFO
[1.042s] writing dependency_links to ../../build/fruit_detection/fruit_detection.egg-info/dependency_links.txt
[1.042s] writing entry points to ../../build/fruit_detection/fruit_detection.egg-info/entry_points.txt
[1.042s] writing requirements to ../../build/fruit_detection/fruit_detection.egg-info/requires.txt
[1.042s] writing top-level names to ../../build/fruit_detection/fruit_detection.egg-info/top_level.txt
[1.046s] reading manifest file '../../build/fruit_detection/fruit_detection.egg-info/SOURCES.txt'
[1.046s] adding license file 'LICENSE'
[1.048s] writing manifest file '../../build/fruit_detection/fruit_detection.egg-info/SOURCES.txt'
[1.048s] running build
[1.048s] running build_py
[1.049s] running install
[1.049s] /usr/lib/python3/dist-packages/setuptools/command/install.py:34: SetuptoolsDeprecationWarning: setup.py install is deprecated. Use build and pip and other standards-based tools.
[1.049s]   warnings.warn(
[1.049s] running install_lib
[1.052s] running install_data
[1.053s] running install_egg_info
[1.056s] removing '/home/roboconb/robocon_ws/install/fruit_detection/lib/python3.10/site-packages/fruit_detection-0.0.1-py3.10.egg-info' (and everything under it)
[1.056s] Copying ../../build/fruit_detection/fruit_detection.egg-info to /home/roboconb/robocon_ws/install/fruit_detection/lib/python3.10/site-packages/fruit_detection-0.0.1-py3.10.egg-info
[1.057s] running install_scripts
[1.076s] Installing listener script to /home/roboconb/robocon_ws/install/fruit_detection/lib/fruit_detection
[1.076s] Installing pubdetect script to /home/roboconb/robocon_ws/install/fruit_detection/lib/fruit_detection
[1.077s] Installing talker script to /home/roboconb/robocon_ws/install/fruit_detection/lib/fruit_detection
[1.077s] writing list of installed files to '/home/roboconb/robocon_ws/build/fruit_detection/install.log'
[1.106s] Invoked command in '/home/roboconb/robocon_ws/src/fruit_detection' returned '0': PYTHONPATH=/home/roboconb/robocon_ws/build/fruit_detection/prefix_override:/home/roboconb/robocon_ws/install/fruit_detection/lib/python3.10/site-packages:${PYTHONPATH} /usr/bin/python3 setup.py egg_info --egg-base ../../build/fruit_detection build --build-base /home/roboconb/robocon_ws/build/fruit_detection/build install --record /home/roboconb/robocon_ws/build/fruit_detection/install.log --single-version-externally-managed
