[1.078s] Invoking command in '/home/kaibuchisoma/robocon_ws/build/robocon2023_b_dash': CMAKE_PREFIX_PATH=${CMAKE_PREFIX_PATH}:/home/kaibuchisoma/robocon_ws/install/fruit_detection:/opt/ros/humble /usr/bin/cmake /home/kaibuchisoma/robocon_ws/src/robocon2023_b_dash -DCMAKE_INSTALL_PREFIX=/home/kaibuchisoma/robocon_ws/install/robocon2023_b_dash
[1.187s] -- The C compiler identification is GNU 11.4.0
[1.374s] -- The CXX compiler identification is GNU 11.4.0
[1.397s] -- Detecting C compiler ABI info
[1.685s] -- Detecting C compiler ABI info - done
[1.704s] -- Check for working C compiler: /usr/bin/cc - skipped
[1.705s] -- Detecting C compile features
[1.705s] -- Detecting C compile features - done
[1.710s] -- Detecting CXX compiler ABI info
[2.011s] -- Detecting CXX compiler ABI info - done
[2.038s] -- Check for working CXX compiler: /usr/bin/c++ - skipped
[2.040s] -- Detecting CXX compile features
[2.040s] -- Detecting CXX compile features - done
[2.047s] -- Found ament_cmake: 1.3.5 (/opt/ros/humble/share/ament_cmake/cmake)
[2.565s] -- Found Python3: /usr/bin/python3.10 (found version "3.10.12") found components: Interpreter 
[2.819s] -- Found rclcpp: 16.0.6 (/opt/ros/humble/share/rclcpp/cmake)
[2.925s] -- Found rosidl_generator_c: 3.1.5 (/opt/ros/humble/share/rosidl_generator_c/cmake)
[2.940s] -- Found rosidl_adapter: 3.1.5 (/opt/ros/humble/share/rosidl_adapter/cmake)
[2.961s] -- Found rosidl_generator_cpp: 3.1.5 (/opt/ros/humble/share/rosidl_generator_cpp/cmake)
[2.996s] -- Using all available rosidl_typesupport_c: rosidl_typesupport_fastrtps_c;rosidl_typesupport_introspection_c
[3.045s] -- Using all available rosidl_typesupport_cpp: rosidl_typesupport_fastrtps_cpp;rosidl_typesupport_introspection_cpp
[3.204s] -- Found rmw_implementation_cmake: 6.1.1 (/opt/ros/humble/share/rmw_implementation_cmake/cmake)
[3.212s] -- Found rmw_fastrtps_cpp: 6.2.4 (/opt/ros/humble/share/rmw_fastrtps_cpp/cmake)
[3.450s] -- Found OpenSSL: /usr/lib/x86_64-linux-gnu/libcrypto.so (found version "3.0.2")  
[3.520s] -- Found FastRTPS: /opt/ros/humble/include  
[3.629s] -- Using RMW implementation 'rmw_fastrtps_cpp' as default
[3.650s] -- Looking for pthread.h
[3.882s] -- Looking for pthread.h - found
[3.883s] -- Performing Test CMAKE_HAVE_LIBC_PTHREAD
[4.078s] -- Performing Test CMAKE_HAVE_LIBC_PTHREAD - Success
[4.080s] -- Found Threads: TRUE  
[4.446s] -- Found sensor_msgs: 4.2.3 (/opt/ros/humble/share/sensor_msgs/cmake)
[4.797s] -- Found ament_lint_auto: 0.12.8 (/opt/ros/humble/share/ament_lint_auto/cmake)
[4.975s] -- Added test 'copyright' to check source files copyright and LICENSE
[5.028s] -- Added test 'cppcheck' to perform static code analysis on C / C++ code
[5.029s] -- Configured cppcheck include dirs: 
[5.029s] -- Configured cppcheck exclude dirs and/or files: 
[5.086s] -- Added test 'cpplint' to check C / C++ code against the Google style
[5.086s] -- Configured cpplint exclude dirs and/or files: 
[5.093s] -- Added test 'flake8' to check Python code syntax and style conventions
[5.115s] -- Added test 'lint_cmake' to check CMake code style
[5.116s] -- Added test 'pep257' to check Python code against some of the docstring style conventions in PEP 257
[5.170s] -- Added test 'uncrustify' to check C / C++ code style
[5.170s] -- Configured uncrustify additional arguments: 
[5.177s] -- Added test 'xmllint' to check XML markup files
[5.180s] -- Configuring done
[5.344s] -- Generating done
[5.344s] -- Build files have been written to: /home/kaibuchisoma/robocon_ws/build/robocon2023_b_dash
[5.706s] Invoked command in '/home/kaibuchisoma/robocon_ws/build/robocon2023_b_dash' returned '0': CMAKE_PREFIX_PATH=${CMAKE_PREFIX_PATH}:/home/kaibuchisoma/robocon_ws/install/fruit_detection:/opt/ros/humble /usr/bin/cmake /home/kaibuchisoma/robocon_ws/src/robocon2023_b_dash -DCMAKE_INSTALL_PREFIX=/home/kaibuchisoma/robocon_ws/install/robocon2023_b_dash
[5.710s] Invoking command in '/home/kaibuchisoma/robocon_ws/build/robocon2023_b_dash': CMAKE_PREFIX_PATH=${CMAKE_PREFIX_PATH}:/home/kaibuchisoma/robocon_ws/install/fruit_detection:/opt/ros/humble /usr/bin/cmake --build /home/kaibuchisoma/robocon_ws/build/robocon2023_b_dash -- -j12 -l12
[5.865s] [35m[1mConsolidate compiler generated dependencies of target Xmove_Controller[0m
[5.865s] [35m[1mConsolidate compiler generated dependencies of target WallUpMotion[0m
[5.865s] [35m[1mConsolidate compiler generated dependencies of target DriveMotion[0m
[5.865s] [35m[1mConsolidate compiler generated dependencies of target Drive_Controller[0m
[5.865s] [35m[1mConsolidate compiler generated dependencies of target Upper_Controller[0m
[5.865s] [35m[1mConsolidate compiler generated dependencies of target Crawl_Controller[0m
[5.866s] [35m[1mConsolidate compiler generated dependencies of target BeltLiner_Controller[0m
[5.866s] [35m[1mConsolidate compiler generated dependencies of target SerialKIMD[0m
[5.866s] [35m[1mConsolidate compiler generated dependencies of target Solenoid_Controller[0m
[5.874s] [35m[1mConsolidate compiler generated dependencies of target MotionMaster[0m
[5.874s] [35m[1mConsolidate compiler generated dependencies of target KiwiMotion[0m
[5.877s] [35m[1mConsolidate compiler generated dependencies of target RopeMotion[0m
[5.934s] [  7%] Built target WallUpMotion
[5.941s] [ 10%] [32mBuilding CXX object CMakeFiles/Xmove_Controller.dir/src/Xmove_Controller.cpp.o[0m
[5.961s] [ 25%] Built target Upper_Controller
[5.961s] [ 25%] Built target BeltLiner_Controller
[5.965s] [ 39%] Built target DriveMotion
[5.966s] [ 39%] Built target SerialKIMD
[5.979s] [ 46%] Built target Crawl_Controller
[5.979s] [ 53%] Built target Drive_Controller
[5.979s] [ 60%] Built target RopeMotion
[5.979s] [ 67%] Built target Solenoid_Controller
[5.981s] [ 75%] Built target KiwiMotion
[5.985s] [ 82%] Built target MotionMaster
[5.990s] [35m[1mConsolidate compiler generated dependencies of target Transmitter920[0m
[6.007s] [35m[1mConsolidate compiler generated dependencies of target Receiver920[0m
[6.034s] [ 89%] Built target Transmitter920
[6.049s] [ 96%] Built target Receiver920
[9.609s] In file included from [01m[K/home/kaibuchisoma/robocon_ws/src/robocon2023_b_dash/src/Xmove_Controller.hpp:8[m[K,
[9.609s]                  from [01m[K/home/kaibuchisoma/robocon_ws/src/robocon2023_b_dash/src/Xmove_Controller.cpp:2[m[K:
[9.610s] [01m[K/home/kaibuchisoma/robocon_ws/src/robocon2023_b_dash/src/RoboconMsg/ABU2023_GenericOutput_Header.h:14:16:[m[K [01;35m[Kwarning: [m[KISO C++ prohibits anonymous structs [[01;35m[K]8;;https://gcc.gnu.org/onlinedocs/gcc/Warning-Options.html#index-Wpedantic-Wpedantic]8;;[m[K]
[9.610s]    14 |         struct [01;35m[K{[m[K
[9.610s]       |                [01;35m[K^[m[K
[19.953s] [100%] [32m[1mLinking CXX executable Xmove_Controller[0m
[20.826s] [100%] Built target Xmove_Controller
[20.847s] Invoked command in '/home/kaibuchisoma/robocon_ws/build/robocon2023_b_dash' returned '0': CMAKE_PREFIX_PATH=${CMAKE_PREFIX_PATH}:/home/kaibuchisoma/robocon_ws/install/fruit_detection:/opt/ros/humble /usr/bin/cmake --build /home/kaibuchisoma/robocon_ws/build/robocon2023_b_dash -- -j12 -l12
[20.967s] Invoking command in '/home/kaibuchisoma/robocon_ws/build/robocon2023_b_dash': CMAKE_PREFIX_PATH=${CMAKE_PREFIX_PATH}:/home/kaibuchisoma/robocon_ws/install/fruit_detection:/opt/ros/humble /usr/bin/cmake --install /home/kaibuchisoma/robocon_ws/build/robocon2023_b_dash
[20.976s] -- Install configuration: ""
[20.977s] -- Up-to-date: /home/kaibuchisoma/robocon_ws/install/robocon2023_b_dash/lib/robocon2023_b_dash/SerialKIMD
[20.977s] -- Installing: /home/kaibuchisoma/robocon_ws/install/robocon2023_b_dash/lib/robocon2023_b_dash/Xmove_Controller
[20.997s] -- Set runtime path of "/home/kaibuchisoma/robocon_ws/install/robocon2023_b_dash/lib/robocon2023_b_dash/Xmove_Controller" to ""
[20.997s] -- Up-to-date: /home/kaibuchisoma/robocon_ws/install/robocon2023_b_dash/lib/robocon2023_b_dash/DriveMotion
[20.998s] -- Up-to-date: /home/kaibuchisoma/robocon_ws/install/robocon2023_b_dash/lib/robocon2023_b_dash/Drive_Controller
[20.999s] -- Up-to-date: /home/kaibuchisoma/robocon_ws/install/robocon2023_b_dash/lib/robocon2023_b_dash/Upper_Controller
[20.999s] -- Up-to-date: /home/kaibuchisoma/robocon_ws/install/robocon2023_b_dash/lib/robocon2023_b_dash/WallUpMotion
[21.000s] -- Up-to-date: /home/kaibuchisoma/robocon_ws/install/robocon2023_b_dash/lib/robocon2023_b_dash/Crawl_Controller
[21.000s] -- Up-to-date: /home/kaibuchisoma/robocon_ws/install/robocon2023_b_dash/lib/robocon2023_b_dash/Solenoid_Controller
[21.001s] -- Up-to-date: /home/kaibuchisoma/robocon_ws/install/robocon2023_b_dash/lib/robocon2023_b_dash/BeltLiner_Controller
[21.001s] -- Up-to-date: /home/kaibuchisoma/robocon_ws/install/robocon2023_b_dash/lib/robocon2023_b_dash/RopeMotion
[21.002s] -- Up-to-date: /home/kaibuchisoma/robocon_ws/install/robocon2023_b_dash/lib/robocon2023_b_dash/MotionMaster
[21.003s] -- Up-to-date: /home/kaibuchisoma/robocon_ws/install/robocon2023_b_dash/lib/robocon2023_b_dash/KiwiMotion
[21.003s] -- Up-to-date: /home/kaibuchisoma/robocon_ws/install/robocon2023_b_dash/lib/robocon2023_b_dash/Transmitter920
[21.004s] -- Up-to-date: /home/kaibuchisoma/robocon_ws/install/robocon2023_b_dash/lib/robocon2023_b_dash/Receiver920
[21.004s] -- Up-to-date: /home/kaibuchisoma/robocon_ws/install/robocon2023_b_dash/share/ament_index/resource_index/package_run_dependencies/robocon2023_b_dash
[21.004s] -- Up-to-date: /home/kaibuchisoma/robocon_ws/install/robocon2023_b_dash/share/ament_index/resource_index/parent_prefix_path/robocon2023_b_dash
[21.005s] -- Up-to-date: /home/kaibuchisoma/robocon_ws/install/robocon2023_b_dash/share/robocon2023_b_dash/environment/ament_prefix_path.sh
[21.005s] -- Installing: /home/kaibuchisoma/robocon_ws/install/robocon2023_b_dash/share/robocon2023_b_dash/environment/ament_prefix_path.dsv
[21.005s] -- Up-to-date: /home/kaibuchisoma/robocon_ws/install/robocon2023_b_dash/share/robocon2023_b_dash/environment/path.sh
[21.005s] -- Installing: /home/kaibuchisoma/robocon_ws/install/robocon2023_b_dash/share/robocon2023_b_dash/environment/path.dsv
[21.005s] -- Up-to-date: /home/kaibuchisoma/robocon_ws/install/robocon2023_b_dash/share/robocon2023_b_dash/local_setup.bash
[21.006s] -- Up-to-date: /home/kaibuchisoma/robocon_ws/install/robocon2023_b_dash/share/robocon2023_b_dash/local_setup.sh
[21.006s] -- Up-to-date: /home/kaibuchisoma/robocon_ws/install/robocon2023_b_dash/share/robocon2023_b_dash/local_setup.zsh
[21.006s] -- Installing: /home/kaibuchisoma/robocon_ws/install/robocon2023_b_dash/share/robocon2023_b_dash/local_setup.dsv
[21.007s] -- Installing: /home/kaibuchisoma/robocon_ws/install/robocon2023_b_dash/share/robocon2023_b_dash/package.dsv
[21.007s] -- Up-to-date: /home/kaibuchisoma/robocon_ws/install/robocon2023_b_dash/share/ament_index/resource_index/packages/robocon2023_b_dash
[21.008s] -- Up-to-date: /home/kaibuchisoma/robocon_ws/install/robocon2023_b_dash/share/robocon2023_b_dash/cmake/robocon2023_b_dashConfig.cmake
[21.008s] -- Up-to-date: /home/kaibuchisoma/robocon_ws/install/robocon2023_b_dash/share/robocon2023_b_dash/cmake/robocon2023_b_dashConfig-version.cmake
[21.008s] -- Up-to-date: /home/kaibuchisoma/robocon_ws/install/robocon2023_b_dash/share/robocon2023_b_dash/package.xml
[21.012s] Invoked command in '/home/kaibuchisoma/robocon_ws/build/robocon2023_b_dash' returned '0': CMAKE_PREFIX_PATH=${CMAKE_PREFIX_PATH}:/home/kaibuchisoma/robocon_ws/install/fruit_detection:/opt/ros/humble /usr/bin/cmake --install /home/kaibuchisoma/robocon_ws/build/robocon2023_b_dash
