[0.225s] Invoking command in '/home/ros-industrial/robocon_ws/build/time_practice': CMAKE_PREFIX_PATH=${CMAKE_PREFIX_PATH}:/opt/ros/foxy /usr/bin/cmake --build /home/ros-industrial/robocon_ws/build/time_practice -- -j8 -l8
[0.314s] [100%] Built target talker
[0.362s] Invoked command in '/home/ros-industrial/robocon_ws/build/time_practice' returned '0': CMAKE_PREFIX_PATH=${CMAKE_PREFIX_PATH}:/opt/ros/foxy /usr/bin/cmake --build /home/ros-industrial/robocon_ws/build/time_practice -- -j8 -l8
[0.617s] Invoking command in '/home/ros-industrial/robocon_ws/build/time_practice': CMAKE_PREFIX_PATH=${CMAKE_PREFIX_PATH}:/opt/ros/foxy /usr/bin/cmake --install /home/ros-industrial/robocon_ws/build/time_practice
[0.626s] -- Install configuration: ""
[0.626s] -- Up-to-date: /home/ros-industrial/robocon_ws/install/time_practice/lib/time_practice/talker
[0.626s] -- Up-to-date: /home/ros-industrial/robocon_ws/install/time_practice/share/ament_index/resource_index/package_run_dependencies/time_practice
[0.626s] -- Up-to-date: /home/ros-industrial/robocon_ws/install/time_practice/share/ament_index/resource_index/parent_prefix_path/time_practice
[0.626s] -- Up-to-date: /home/ros-industrial/robocon_ws/install/time_practice/share/time_practice/environment/ament_prefix_path.sh
[0.626s] -- Up-to-date: /home/ros-industrial/robocon_ws/install/time_practice/share/time_practice/environment/ament_prefix_path.dsv
[0.626s] -- Up-to-date: /home/ros-industrial/robocon_ws/install/time_practice/share/time_practice/environment/path.sh
[0.626s] -- Up-to-date: /home/ros-industrial/robocon_ws/install/time_practice/share/time_practice/environment/path.dsv
[0.626s] -- Up-to-date: /home/ros-industrial/robocon_ws/install/time_practice/share/time_practice/local_setup.bash
[0.626s] -- Up-to-date: /home/ros-industrial/robocon_ws/install/time_practice/share/time_practice/local_setup.sh
[0.626s] -- Up-to-date: /home/ros-industrial/robocon_ws/install/time_practice/share/time_practice/local_setup.zsh
[0.627s] -- Up-to-date: /home/ros-industrial/robocon_ws/install/time_practice/share/time_practice/local_setup.dsv
[0.627s] -- Installing: /home/ros-industrial/robocon_ws/install/time_practice/share/time_practice/package.dsv
[0.627s] -- Up-to-date: /home/ros-industrial/robocon_ws/install/time_practice/share/ament_index/resource_index/packages/time_practice
[0.627s] -- Up-to-date: /home/ros-industrial/robocon_ws/install/time_practice/share/time_practice/cmake/time_practiceConfig.cmake
[0.627s] -- Up-to-date: /home/ros-industrial/robocon_ws/install/time_practice/share/time_practice/cmake/time_practiceConfig-version.cmake
[0.627s] -- Up-to-date: /home/ros-industrial/robocon_ws/install/time_practice/share/time_practice/package.xml
[0.908s] Invoked command in '/home/ros-industrial/robocon_ws/build/time_practice' returned '0': CMAKE_PREFIX_PATH=${CMAKE_PREFIX_PATH}:/opt/ros/foxy /usr/bin/cmake --install /home/ros-industrial/robocon_ws/build/time_practice
