[1.474s] Invoking command in '/home/kaibuchisoma/robocon_ws/build/robocon2023_b_dash_transceiver': CMAKE_PREFIX_PATH=${CMAKE_PREFIX_PATH}:/opt/ros/humble /usr/bin/cmake /home/kaibuchisoma/robocon_ws/src/robocon2023_b_dash_transceiver -DCMAKE_INSTALL_PREFIX=/home/kaibuchisoma/robocon_ws/install/robocon2023_b_dash_transceiver
[1.788s] -- The C compiler identification is GNU 11.4.0
[2.016s] -- The CXX compiler identification is GNU 11.4.0
[2.042s] -- Detecting C compiler ABI info
[2.323s] -- Detecting C compiler ABI info - done
[2.360s] -- Check for working C compiler: /usr/bin/cc - skipped
[2.361s] -- Detecting C compile features
[2.361s] -- Detecting C compile features - done
[2.378s] -- Detecting CXX compiler ABI info
[2.937s] -- Detecting CXX compiler ABI info - done
[2.986s] -- Check for working CXX compiler: /usr/bin/c++ - skipped
[2.988s] -- Detecting CXX compile features
[2.995s] -- Detecting CXX compile features - done
[3.017s] -- Found ament_cmake: 1.3.5 (/opt/ros/humble/share/ament_cmake/cmake)
[3.785s] -- Found Python3: /usr/bin/python3.10 (found version "3.10.12") found components: Interpreter 
[4.056s] -- Found rclcpp: 16.0.6 (/opt/ros/humble/share/rclcpp/cmake)
[4.156s] -- Found rosidl_generator_c: 3.1.5 (/opt/ros/humble/share/rosidl_generator_c/cmake)
[4.170s] -- Found rosidl_adapter: 3.1.5 (/opt/ros/humble/share/rosidl_adapter/cmake)
[4.191s] -- Found rosidl_generator_cpp: 3.1.5 (/opt/ros/humble/share/rosidl_generator_cpp/cmake)
[4.227s] -- Using all available rosidl_typesupport_c: rosidl_typesupport_fastrtps_c;rosidl_typesupport_introspection_c
[4.283s] -- Using all available rosidl_typesupport_cpp: rosidl_typesupport_fastrtps_cpp;rosidl_typesupport_introspection_cpp
[4.566s] -- Found rmw_implementation_cmake: 6.1.1 (/opt/ros/humble/share/rmw_implementation_cmake/cmake)
[4.573s] -- Found rmw_fastrtps_cpp: 6.2.4 (/opt/ros/humble/share/rmw_fastrtps_cpp/cmake)
[4.912s] -- Found OpenSSL: /usr/lib/x86_64-linux-gnu/libcrypto.so (found version "3.0.2")  
[5.025s] -- Found FastRTPS: /opt/ros/humble/include  
[5.195s] -- Using RMW implementation 'rmw_fastrtps_cpp' as default
[5.231s] -- Looking for pthread.h
[5.510s] -- Looking for pthread.h - found
[5.511s] -- Performing Test CMAKE_HAVE_LIBC_PTHREAD
[5.811s] -- Performing Test CMAKE_HAVE_LIBC_PTHREAD - Success
[5.813s] -- Found Threads: TRUE  
[6.296s] -- Found rclcpp_components: 16.0.6 (/opt/ros/humble/share/rclcpp_components/cmake)
[6.702s] -- Found sdl2_vendor: 3.1.0 (/opt/ros/humble/share/sdl2_vendor/cmake)
[6.712s] -- Found sensor_msgs: 4.2.3 (/opt/ros/humble/share/sensor_msgs/cmake)
[7.184s] -- Found ament_lint_auto: 0.12.8 (/opt/ros/humble/share/ament_lint_auto/cmake)
[7.472s] -- Added test 'cppcheck' to perform static code analysis on C / C++ code
[7.473s] -- Configured cppcheck include dirs: $<BUILD_INTERFACE:/home/kaibuchisoma/robocon_ws/src/robocon2023_b_dash_transceiver/include>
[7.473s] -- Configured cppcheck exclude dirs and/or files: 
[7.477s] -- Added test 'cpplint' to check C / C++ code against the Google style
[7.477s] -- Configured cpplint exclude dirs and/or files: 
[7.479s] -- Added test 'flake8' to check Python code syntax and style conventions
[7.481s] -- Added test 'lint_cmake' to check CMake code style
[7.483s] -- Added test 'pep257' to check Python code against some of the docstring style conventions in PEP 257
[7.505s] -- Added test 'uncrustify' to check C / C++ code style
[7.505s] -- Configured uncrustify additional arguments: 
[7.506s] -- Added test 'xmllint' to check XML markup files
[7.511s] -- Configuring done
[7.595s] -- Generating done
[7.603s] -- Build files have been written to: /home/kaibuchisoma/robocon_ws/build/robocon2023_b_dash_transceiver
[7.676s] Invoked command in '/home/kaibuchisoma/robocon_ws/build/robocon2023_b_dash_transceiver' returned '0': CMAKE_PREFIX_PATH=${CMAKE_PREFIX_PATH}:/opt/ros/humble /usr/bin/cmake /home/kaibuchisoma/robocon_ws/src/robocon2023_b_dash_transceiver -DCMAKE_INSTALL_PREFIX=/home/kaibuchisoma/robocon_ws/install/robocon2023_b_dash_transceiver
[7.680s] Invoking command in '/home/kaibuchisoma/robocon_ws/build/robocon2023_b_dash_transceiver': CMAKE_PREFIX_PATH=${CMAKE_PREFIX_PATH}:/opt/ros/humble /usr/bin/cmake --build /home/kaibuchisoma/robocon_ws/build/robocon2023_b_dash_transceiver -- -j12 -l12
[7.845s] [35m[1mConsolidate compiler generated dependencies of target joy[0m
[8.002s] [ 20%] Built target joy
[8.009s] [35m[1mConsolidate compiler generated dependencies of target program_checker_node[0m
[8.101s] [ 40%] Built target program_checker_node
[8.134s] [35m[1mConsolidate compiler generated dependencies of target usb920_node[0m
[8.222s] [ 60%] Built target usb920_node
[8.294s] [35m[1mConsolidate compiler generated dependencies of target joy_enumerate_devices[0m
[8.359s] [ 80%] Built target joy_enumerate_devices
[8.386s] [35m[1mConsolidate compiler generated dependencies of target joy_node[0m
[8.439s] [100%] Built target joy_node
[8.649s] Invoked command in '/home/kaibuchisoma/robocon_ws/build/robocon2023_b_dash_transceiver' returned '0': CMAKE_PREFIX_PATH=${CMAKE_PREFIX_PATH}:/opt/ros/humble /usr/bin/cmake --build /home/kaibuchisoma/robocon_ws/build/robocon2023_b_dash_transceiver -- -j12 -l12
[8.850s] Invoking command in '/home/kaibuchisoma/robocon_ws/build/robocon2023_b_dash_transceiver': CMAKE_PREFIX_PATH=${CMAKE_PREFIX_PATH}:/opt/ros/humble /usr/bin/cmake --install /home/kaibuchisoma/robocon_ws/build/robocon2023_b_dash_transceiver
[9.321s] -- Install configuration: ""
[9.321s] -- Up-to-date: /home/kaibuchisoma/robocon_ws/install/robocon2023_b_dash_transceiver/lib/libjoy.so
[9.321s] -- Up-to-date: /home/kaibuchisoma/robocon_ws/install/robocon2023_b_dash_transceiver/lib/robocon2023_b_dash_transceiver/joy_node
[9.321s] -- Up-to-date: /home/kaibuchisoma/robocon_ws/install/robocon2023_b_dash_transceiver/lib/robocon2023_b_dash_transceiver/joy_enumerate_devices
[9.322s] -- Up-to-date: /home/kaibuchisoma/robocon_ws/install/robocon2023_b_dash_transceiver/include/robocon2023_b_dash_transceiver
[9.323s] -- Up-to-date: /home/kaibuchisoma/robocon_ws/install/robocon2023_b_dash_transceiver/include/robocon2023_b_dash_transceiver/robocon2023_b_dash_transceiver
[9.323s] -- Up-to-date: /home/kaibuchisoma/robocon_ws/install/robocon2023_b_dash_transceiver/include/robocon2023_b_dash_transceiver/robocon2023_b_dash_transceiver/DualShock.h
[9.323s] -- Up-to-date: /home/kaibuchisoma/robocon_ws/install/robocon2023_b_dash_transceiver/include/robocon2023_b_dash_transceiver/robocon2023_b_dash_transceiver/joy.hpp
[9.324s] -- Up-to-date: /home/kaibuchisoma/robocon_ws/install/robocon2023_b_dash_transceiver/share/robocon2023_b_dash_transceiver/config
[9.324s] -- Up-to-date: /home/kaibuchisoma/robocon_ws/install/robocon2023_b_dash_transceiver/share/robocon2023_b_dash_transceiver/launch
[9.324s] -- Up-to-date: /home/kaibuchisoma/robocon_ws/install/robocon2023_b_dash_transceiver/share/robocon2023_b_dash_transceiver/launch/all_launch.py
[9.324s] -- Up-to-date: /home/kaibuchisoma/robocon_ws/install/robocon2023_b_dash_transceiver/lib/robocon2023_b_dash_transceiver/usb920_node
[9.324s] -- Up-to-date: /home/kaibuchisoma/robocon_ws/install/robocon2023_b_dash_transceiver/lib/robocon2023_b_dash_transceiver/program_checker_node
[9.324s] -- Up-to-date: /home/kaibuchisoma/robocon_ws/install/robocon2023_b_dash_transceiver/share/ament_index/resource_index/package_run_dependencies/robocon2023_b_dash_transceiver
[9.324s] -- Up-to-date: /home/kaibuchisoma/robocon_ws/install/robocon2023_b_dash_transceiver/share/ament_index/resource_index/parent_prefix_path/robocon2023_b_dash_transceiver
[9.325s] -- Up-to-date: /home/kaibuchisoma/robocon_ws/install/robocon2023_b_dash_transceiver/share/robocon2023_b_dash_transceiver/environment/ament_prefix_path.sh
[9.325s] -- Installing: /home/kaibuchisoma/robocon_ws/install/robocon2023_b_dash_transceiver/share/robocon2023_b_dash_transceiver/environment/ament_prefix_path.dsv
[9.325s] -- Up-to-date: /home/kaibuchisoma/robocon_ws/install/robocon2023_b_dash_transceiver/share/robocon2023_b_dash_transceiver/environment/path.sh
[9.325s] -- Installing: /home/kaibuchisoma/robocon_ws/install/robocon2023_b_dash_transceiver/share/robocon2023_b_dash_transceiver/environment/path.dsv
[9.325s] -- Up-to-date: /home/kaibuchisoma/robocon_ws/install/robocon2023_b_dash_transceiver/share/robocon2023_b_dash_transceiver/local_setup.bash
[9.325s] -- Up-to-date: /home/kaibuchisoma/robocon_ws/install/robocon2023_b_dash_transceiver/share/robocon2023_b_dash_transceiver/local_setup.sh
[9.326s] -- Up-to-date: /home/kaibuchisoma/robocon_ws/install/robocon2023_b_dash_transceiver/share/robocon2023_b_dash_transceiver/local_setup.zsh
[9.326s] -- Installing: /home/kaibuchisoma/robocon_ws/install/robocon2023_b_dash_transceiver/share/robocon2023_b_dash_transceiver/local_setup.dsv
[9.326s] -- Installing: /home/kaibuchisoma/robocon_ws/install/robocon2023_b_dash_transceiver/share/robocon2023_b_dash_transceiver/package.dsv
[9.326s] -- Up-to-date: /home/kaibuchisoma/robocon_ws/install/robocon2023_b_dash_transceiver/share/ament_index/resource_index/packages/robocon2023_b_dash_transceiver
[9.326s] -- Up-to-date: /home/kaibuchisoma/robocon_ws/install/robocon2023_b_dash_transceiver/share/ament_index/resource_index/rclcpp_components/robocon2023_b_dash_transceiver
[9.326s] -- Up-to-date: /home/kaibuchisoma/robocon_ws/install/robocon2023_b_dash_transceiver/share/robocon2023_b_dash_transceiver/cmake/export_joyExport.cmake
[9.326s] -- Up-to-date: /home/kaibuchisoma/robocon_ws/install/robocon2023_b_dash_transceiver/share/robocon2023_b_dash_transceiver/cmake/export_joyExport-noconfig.cmake
[9.327s] -- Up-to-date: /home/kaibuchisoma/robocon_ws/install/robocon2023_b_dash_transceiver/share/robocon2023_b_dash_transceiver/cmake/ament_cmake_export_targets-extras.cmake
[9.327s] -- Up-to-date: /home/kaibuchisoma/robocon_ws/install/robocon2023_b_dash_transceiver/share/robocon2023_b_dash_transceiver/cmake/ament_cmake_export_dependencies-extras.cmake
[9.327s] -- Up-to-date: /home/kaibuchisoma/robocon_ws/install/robocon2023_b_dash_transceiver/share/robocon2023_b_dash_transceiver/cmake/robocon2023_b_dash_transceiverConfig.cmake
[9.327s] -- Up-to-date: /home/kaibuchisoma/robocon_ws/install/robocon2023_b_dash_transceiver/share/robocon2023_b_dash_transceiver/cmake/robocon2023_b_dash_transceiverConfig-version.cmake
[9.327s] -- Up-to-date: /home/kaibuchisoma/robocon_ws/install/robocon2023_b_dash_transceiver/share/robocon2023_b_dash_transceiver/package.xml
[9.688s] Invoked command in '/home/kaibuchisoma/robocon_ws/build/robocon2023_b_dash_transceiver' returned '0': CMAKE_PREFIX_PATH=${CMAKE_PREFIX_PATH}:/opt/ros/humble /usr/bin/cmake --install /home/kaibuchisoma/robocon_ws/build/robocon2023_b_dash_transceiver
