[1.006s] DEBUG:colcon:Command line arguments: ['/usr/bin/colcon', 'build']
[1.006s] DEBUG:colcon:Parsed command line arguments: Namespace(log_base=None, log_level=None, verb_name='build', build_base='build', install_base='install', merge_install=False, symlink_install=False, test_result_base=None, continue_on_error=False, executor='parallel', parallel_workers=12, event_handlers=None, ignore_user_meta=False, metas=['./colcon.meta'], base_paths=['.'], packages_ignore=None, packages_ignore_regex=None, paths=None, packages_up_to=None, packages_up_to_regex=None, packages_above=None, packages_above_and_dependencies=None, packages_above_depth=None, packages_select_by_dep=None, packages_skip_by_dep=None, packages_skip_up_to=None, packages_select_build_failed=False, packages_skip_build_finished=False, packages_select_test_failures=False, packages_skip_test_passed=False, packages_select=None, packages_skip=None, packages_select_regex=None, packages_skip_regex=None, packages_start=None, packages_end=None, allow_overriding=[], cmake_args=None, cmake_target=None, cmake_target_skip_unavailable=False, cmake_clean_cache=False, cmake_clean_first=False, cmake_force_configure=False, ament_cmake_args=None, catkin_cmake_args=None, catkin_skip_building_tests=False, verb_parser=<colcon_defaults.argument_parser.defaults.DefaultArgumentsDecorator object at 0x7f22f3e86ef0>, verb_extension=<colcon_core.verb.build.BuildVerb object at 0x7f22f3e85fc0>, main=<bound method BuildVerb.main of <colcon_core.verb.build.BuildVerb object at 0x7f22f3e85fc0>>)
[1.050s] Level 1:colcon.colcon_core.package_discovery:discover_packages(colcon_meta) check parameters
[1.050s] Level 1:colcon.colcon_core.package_discovery:discover_packages(recursive) check parameters
[1.050s] Level 1:colcon.colcon_core.package_discovery:discover_packages(ignore) check parameters
[1.050s] Level 1:colcon.colcon_core.package_discovery:discover_packages(path) check parameters
[1.050s] Level 1:colcon.colcon_core.package_discovery:discover_packages(colcon_meta) discover
[1.050s] Level 1:colcon.colcon_core.package_discovery:discover_packages(recursive) discover
[1.050s] INFO:colcon.colcon_core.package_discovery:Crawling recursively for packages in '/home/kaibuchisoma/robocon_ws'
[1.051s] Level 1:colcon.colcon_core.package_identification:_identify(.) by extensions ['ignore', 'ignore_ament_install']
[1.051s] Level 1:colcon.colcon_core.package_identification:_identify(.) by extension 'ignore'
[1.051s] Level 1:colcon.colcon_core.package_identification:_identify(.) by extension 'ignore_ament_install'
[1.051s] Level 1:colcon.colcon_core.package_identification:_identify(.) by extensions ['colcon_pkg']
[1.051s] Level 1:colcon.colcon_core.package_identification:_identify(.) by extension 'colcon_pkg'
[1.051s] Level 1:colcon.colcon_core.package_identification:_identify(.) by extensions ['colcon_meta']
[1.051s] Level 1:colcon.colcon_core.package_identification:_identify(.) by extension 'colcon_meta'
[1.051s] Level 1:colcon.colcon_core.package_identification:_identify(.) by extensions ['ros']
[1.051s] Level 1:colcon.colcon_core.package_identification:_identify(.) by extension 'ros'
[1.061s] Level 1:colcon.colcon_core.package_identification:_identify(.) by extensions ['cmake', 'python']
[1.061s] Level 1:colcon.colcon_core.package_identification:_identify(.) by extension 'cmake'
[1.061s] Level 1:colcon.colcon_core.package_identification:_identify(.) by extension 'python'
[1.061s] Level 1:colcon.colcon_core.package_identification:_identify(.) by extensions ['python_setup_py']
[1.061s] Level 1:colcon.colcon_core.package_identification:_identify(.) by extension 'python_setup_py'
[1.061s] Level 1:colcon.colcon_core.package_identification:_identify(build) by extensions ['ignore', 'ignore_ament_install']
[1.061s] Level 1:colcon.colcon_core.package_identification:_identify(build) by extension 'ignore'
[1.061s] Level 1:colcon.colcon_core.package_identification:_identify(build) ignored
[1.061s] Level 1:colcon.colcon_core.package_identification:_identify(install) by extensions ['ignore', 'ignore_ament_install']
[1.062s] Level 1:colcon.colcon_core.package_identification:_identify(install) by extension 'ignore'
[1.062s] Level 1:colcon.colcon_core.package_identification:_identify(install) ignored
[1.062s] Level 1:colcon.colcon_core.package_identification:_identify(log) by extensions ['ignore', 'ignore_ament_install']
[1.062s] Level 1:colcon.colcon_core.package_identification:_identify(log) by extension 'ignore'
[1.062s] Level 1:colcon.colcon_core.package_identification:_identify(log) ignored
[1.062s] Level 1:colcon.colcon_core.package_identification:_identify(src) by extensions ['ignore', 'ignore_ament_install']
[1.062s] Level 1:colcon.colcon_core.package_identification:_identify(src) by extension 'ignore'
[1.062s] Level 1:colcon.colcon_core.package_identification:_identify(src) by extension 'ignore_ament_install'
[1.062s] Level 1:colcon.colcon_core.package_identification:_identify(src) by extensions ['colcon_pkg']
[1.062s] Level 1:colcon.colcon_core.package_identification:_identify(src) by extension 'colcon_pkg'
[1.062s] Level 1:colcon.colcon_core.package_identification:_identify(src) by extensions ['colcon_meta']
[1.062s] Level 1:colcon.colcon_core.package_identification:_identify(src) by extension 'colcon_meta'
[1.062s] Level 1:colcon.colcon_core.package_identification:_identify(src) by extensions ['ros']
[1.062s] Level 1:colcon.colcon_core.package_identification:_identify(src) by extension 'ros'
[1.063s] Level 1:colcon.colcon_core.package_identification:_identify(src) by extensions ['cmake', 'python']
[1.063s] Level 1:colcon.colcon_core.package_identification:_identify(src) by extension 'cmake'
[1.063s] Level 1:colcon.colcon_core.package_identification:_identify(src) by extension 'python'
[1.063s] Level 1:colcon.colcon_core.package_identification:_identify(src) by extensions ['python_setup_py']
[1.063s] Level 1:colcon.colcon_core.package_identification:_identify(src) by extension 'python_setup_py'
[1.063s] Level 1:colcon.colcon_core.package_identification:_identify(src/build) by extensions ['ignore', 'ignore_ament_install']
[1.063s] Level 1:colcon.colcon_core.package_identification:_identify(src/build) by extension 'ignore'
[1.063s] Level 1:colcon.colcon_core.package_identification:_identify(src/build) ignored
[1.063s] Level 1:colcon.colcon_core.package_identification:_identify(src/fruit_detection) by extensions ['ignore', 'ignore_ament_install']
[1.063s] Level 1:colcon.colcon_core.package_identification:_identify(src/fruit_detection) by extension 'ignore'
[1.063s] Level 1:colcon.colcon_core.package_identification:_identify(src/fruit_detection) by extension 'ignore_ament_install'
[1.063s] Level 1:colcon.colcon_core.package_identification:_identify(src/fruit_detection) by extensions ['colcon_pkg']
[1.063s] Level 1:colcon.colcon_core.package_identification:_identify(src/fruit_detection) by extension 'colcon_pkg'
[1.063s] Level 1:colcon.colcon_core.package_identification:_identify(src/fruit_detection) by extensions ['colcon_meta']
[1.063s] Level 1:colcon.colcon_core.package_identification:_identify(src/fruit_detection) by extension 'colcon_meta'
[1.063s] Level 1:colcon.colcon_core.package_identification:_identify(src/fruit_detection) by extensions ['ros']
[1.063s] Level 1:colcon.colcon_core.package_identification:_identify(src/fruit_detection) by extension 'ros'
[1.065s] DEBUG:colcon.colcon_core.package_identification:Package 'src/fruit_detection' with type 'ros.ament_python' and name 'fruit_detection'
[1.065s] Level 1:colcon.colcon_core.package_identification:_identify(src/install) by extensions ['ignore', 'ignore_ament_install']
[1.066s] Level 1:colcon.colcon_core.package_identification:_identify(src/install) by extension 'ignore'
[1.066s] Level 1:colcon.colcon_core.package_identification:_identify(src/install) ignored
[1.066s] Level 1:colcon.colcon_core.package_identification:_identify(src/log) by extensions ['ignore', 'ignore_ament_install']
[1.066s] Level 1:colcon.colcon_core.package_identification:_identify(src/log) by extension 'ignore'
[1.066s] Level 1:colcon.colcon_core.package_identification:_identify(src/log) ignored
[1.066s] Level 1:colcon.colcon_core.package_identification:_identify(src/robocon2023_b_dash) by extensions ['ignore', 'ignore_ament_install']
[1.066s] Level 1:colcon.colcon_core.package_identification:_identify(src/robocon2023_b_dash) by extension 'ignore'
[1.066s] Level 1:colcon.colcon_core.package_identification:_identify(src/robocon2023_b_dash) by extension 'ignore_ament_install'
[1.066s] Level 1:colcon.colcon_core.package_identification:_identify(src/robocon2023_b_dash) by extensions ['colcon_pkg']
[1.066s] Level 1:colcon.colcon_core.package_identification:_identify(src/robocon2023_b_dash) by extension 'colcon_pkg'
[1.066s] Level 1:colcon.colcon_core.package_identification:_identify(src/robocon2023_b_dash) by extensions ['colcon_meta']
[1.066s] Level 1:colcon.colcon_core.package_identification:_identify(src/robocon2023_b_dash) by extension 'colcon_meta'
[1.066s] Level 1:colcon.colcon_core.package_identification:_identify(src/robocon2023_b_dash) by extensions ['ros']
[1.066s] Level 1:colcon.colcon_core.package_identification:_identify(src/robocon2023_b_dash) by extension 'ros'
[1.067s] DEBUG:colcon.colcon_core.package_identification:Package 'src/robocon2023_b_dash' with type 'ros.ament_cmake' and name 'robocon2023_b_dash'
[1.067s] Level 1:colcon.colcon_core.package_identification:_identify(src/ros_to_kimd) by extensions ['ignore', 'ignore_ament_install']
[1.067s] Level 1:colcon.colcon_core.package_identification:_identify(src/ros_to_kimd) by extension 'ignore'
[1.067s] Level 1:colcon.colcon_core.package_identification:_identify(src/ros_to_kimd) by extension 'ignore_ament_install'
[1.067s] Level 1:colcon.colcon_core.package_identification:_identify(src/ros_to_kimd) by extensions ['colcon_pkg']
[1.067s] Level 1:colcon.colcon_core.package_identification:_identify(src/ros_to_kimd) by extension 'colcon_pkg'
[1.067s] Level 1:colcon.colcon_core.package_identification:_identify(src/ros_to_kimd) by extensions ['colcon_meta']
[1.067s] Level 1:colcon.colcon_core.package_identification:_identify(src/ros_to_kimd) by extension 'colcon_meta'
[1.067s] Level 1:colcon.colcon_core.package_identification:_identify(src/ros_to_kimd) by extensions ['ros']
[1.067s] Level 1:colcon.colcon_core.package_identification:_identify(src/ros_to_kimd) by extension 'ros'
[1.068s] DEBUG:colcon.colcon_core.package_identification:Package 'src/ros_to_kimd' with type 'ros.ament_cmake' and name 'ros_to_kimd'
[1.068s] Level 1:colcon.colcon_core.package_discovery:discover_packages(recursive) using defaults
[1.068s] Level 1:colcon.colcon_core.package_discovery:discover_packages(ignore) discover
[1.068s] Level 1:colcon.colcon_core.package_discovery:discover_packages(ignore) using defaults
[1.068s] Level 1:colcon.colcon_core.package_discovery:discover_packages(path) discover
[1.068s] Level 1:colcon.colcon_core.package_discovery:discover_packages(path) using defaults
[1.157s] Level 1:colcon.colcon_core.package_discovery:discover_packages(prefix_path) check parameters
[1.157s] Level 1:colcon.colcon_core.package_discovery:discover_packages(prefix_path) discover
[1.188s] DEBUG:colcon.colcon_installed_package_information.package_discovery:Found 3 installed packages in /home/kaibuchisoma/robocon_ws/install
[1.203s] DEBUG:colcon.colcon_installed_package_information.package_discovery:Found 271 installed packages in /opt/ros/humble
[1.204s] Level 1:colcon.colcon_core.package_discovery:discover_packages(prefix_path) using defaults
[1.298s] Level 5:colcon.colcon_core.verb:set package 'fruit_detection' build argument 'cmake_args' from command line to 'None'
[1.298s] Level 5:colcon.colcon_core.verb:set package 'fruit_detection' build argument 'cmake_target' from command line to 'None'
[1.298s] Level 5:colcon.colcon_core.verb:set package 'fruit_detection' build argument 'cmake_target_skip_unavailable' from command line to 'False'
[1.298s] Level 5:colcon.colcon_core.verb:set package 'fruit_detection' build argument 'cmake_clean_cache' from command line to 'False'
[1.298s] Level 5:colcon.colcon_core.verb:set package 'fruit_detection' build argument 'cmake_clean_first' from command line to 'False'
[1.299s] Level 5:colcon.colcon_core.verb:set package 'fruit_detection' build argument 'cmake_force_configure' from command line to 'False'
[1.299s] Level 5:colcon.colcon_core.verb:set package 'fruit_detection' build argument 'ament_cmake_args' from command line to 'None'
[1.299s] Level 5:colcon.colcon_core.verb:set package 'fruit_detection' build argument 'catkin_cmake_args' from command line to 'None'
[1.299s] Level 5:colcon.colcon_core.verb:set package 'fruit_detection' build argument 'catkin_skip_building_tests' from command line to 'False'
[1.299s] DEBUG:colcon.colcon_core.verb:Building package 'fruit_detection' with the following arguments: {'ament_cmake_args': None, 'build_base': '/home/kaibuchisoma/robocon_ws/build/fruit_detection', 'catkin_cmake_args': None, 'catkin_skip_building_tests': False, 'cmake_args': None, 'cmake_clean_cache': False, 'cmake_clean_first': False, 'cmake_force_configure': False, 'cmake_target': None, 'cmake_target_skip_unavailable': False, 'install_base': '/home/kaibuchisoma/robocon_ws/install/fruit_detection', 'merge_install': False, 'path': '/home/kaibuchisoma/robocon_ws/src/fruit_detection', 'symlink_install': False, 'test_result_base': None}
[1.313s] Level 5:colcon.colcon_core.verb:set package 'robocon2023_b_dash' build argument 'cmake_args' from command line to 'None'
[1.313s] Level 5:colcon.colcon_core.verb:set package 'robocon2023_b_dash' build argument 'cmake_target' from command line to 'None'
[1.313s] Level 5:colcon.colcon_core.verb:set package 'robocon2023_b_dash' build argument 'cmake_target_skip_unavailable' from command line to 'False'
[1.313s] Level 5:colcon.colcon_core.verb:set package 'robocon2023_b_dash' build argument 'cmake_clean_cache' from command line to 'False'
[1.313s] Level 5:colcon.colcon_core.verb:set package 'robocon2023_b_dash' build argument 'cmake_clean_first' from command line to 'False'
[1.313s] Level 5:colcon.colcon_core.verb:set package 'robocon2023_b_dash' build argument 'cmake_force_configure' from command line to 'False'
[1.313s] Level 5:colcon.colcon_core.verb:set package 'robocon2023_b_dash' build argument 'ament_cmake_args' from command line to 'None'
[1.313s] Level 5:colcon.colcon_core.verb:set package 'robocon2023_b_dash' build argument 'catkin_cmake_args' from command line to 'None'
[1.313s] Level 5:colcon.colcon_core.verb:set package 'robocon2023_b_dash' build argument 'catkin_skip_building_tests' from command line to 'False'
[1.313s] DEBUG:colcon.colcon_core.verb:Building package 'robocon2023_b_dash' with the following arguments: {'ament_cmake_args': None, 'build_base': '/home/kaibuchisoma/robocon_ws/build/robocon2023_b_dash', 'catkin_cmake_args': None, 'catkin_skip_building_tests': False, 'cmake_args': None, 'cmake_clean_cache': False, 'cmake_clean_first': False, 'cmake_force_configure': False, 'cmake_target': None, 'cmake_target_skip_unavailable': False, 'install_base': '/home/kaibuchisoma/robocon_ws/install/robocon2023_b_dash', 'merge_install': False, 'path': '/home/kaibuchisoma/robocon_ws/src/robocon2023_b_dash', 'symlink_install': False, 'test_result_base': None}
[1.328s] Level 5:colcon.colcon_core.verb:set package 'ros_to_kimd' build argument 'cmake_args' from command line to 'None'
[1.328s] Level 5:colcon.colcon_core.verb:set package 'ros_to_kimd' build argument 'cmake_target' from command line to 'None'
[1.328s] Level 5:colcon.colcon_core.verb:set package 'ros_to_kimd' build argument 'cmake_target_skip_unavailable' from command line to 'False'
[1.328s] Level 5:colcon.colcon_core.verb:set package 'ros_to_kimd' build argument 'cmake_clean_cache' from command line to 'False'
[1.328s] Level 5:colcon.colcon_core.verb:set package 'ros_to_kimd' build argument 'cmake_clean_first' from command line to 'False'
[1.328s] Level 5:colcon.colcon_core.verb:set package 'ros_to_kimd' build argument 'cmake_force_configure' from command line to 'False'
[1.328s] Level 5:colcon.colcon_core.verb:set package 'ros_to_kimd' build argument 'ament_cmake_args' from command line to 'None'
[1.328s] Level 5:colcon.colcon_core.verb:set package 'ros_to_kimd' build argument 'catkin_cmake_args' from command line to 'None'
[1.328s] Level 5:colcon.colcon_core.verb:set package 'ros_to_kimd' build argument 'catkin_skip_building_tests' from command line to 'False'
[1.328s] DEBUG:colcon.colcon_core.verb:Building package 'ros_to_kimd' with the following arguments: {'ament_cmake_args': None, 'build_base': '/home/kaibuchisoma/robocon_ws/build/ros_to_kimd', 'catkin_cmake_args': None, 'catkin_skip_building_tests': False, 'cmake_args': None, 'cmake_clean_cache': False, 'cmake_clean_first': False, 'cmake_force_configure': False, 'cmake_target': None, 'cmake_target_skip_unavailable': False, 'install_base': '/home/kaibuchisoma/robocon_ws/install/ros_to_kimd', 'merge_install': False, 'path': '/home/kaibuchisoma/robocon_ws/src/ros_to_kimd', 'symlink_install': False, 'test_result_base': None}
[1.342s] INFO:colcon.colcon_core.executor:Executing jobs using 'parallel' executor
[1.357s] DEBUG:colcon.colcon_parallel_executor.executor.parallel:run_until_complete
[1.357s] INFO:colcon.colcon_ros.task.ament_python.build:Building ROS package in '/home/kaibuchisoma/robocon_ws/src/fruit_detection' with build type 'ament_python'
[1.358s] Level 1:colcon.colcon_core.shell:create_environment_hook('fruit_detection', 'ament_prefix_path')
[1.373s] INFO:colcon.colcon_core.plugin_system:Skipping extension 'colcon_core.shell.bat': Not used on non-Windows systems
[1.373s] INFO:colcon.colcon_core.shell:Creating environment hook '/home/kaibuchisoma/robocon_ws/install/fruit_detection/share/fruit_detection/hook/ament_prefix_path.ps1'
[1.374s] INFO:colcon.colcon_core.shell:Creating environment descriptor '/home/kaibuchisoma/robocon_ws/install/fruit_detection/share/fruit_detection/hook/ament_prefix_path.dsv'
[1.374s] INFO:colcon.colcon_core.shell:Creating environment hook '/home/kaibuchisoma/robocon_ws/install/fruit_detection/share/fruit_detection/hook/ament_prefix_path.sh'
[1.389s] INFO:colcon.colcon_core.shell:Skip shell extension 'powershell' for command environment: Not usable outside of PowerShell
[1.389s] DEBUG:colcon.colcon_core.shell:Skip shell extension 'dsv' for command environment
[1.434s] INFO:colcon.colcon_ros.task.ament_cmake.build:Building ROS package in '/home/kaibuchisoma/robocon_ws/src/robocon2023_b_dash' with build type 'ament_cmake'
[1.434s] INFO:colcon.colcon_cmake.task.cmake.build:Building CMake package in '/home/kaibuchisoma/robocon_ws/src/robocon2023_b_dash'
[1.449s] INFO:colcon.colcon_core.shell:Skip shell extension 'powershell' for command environment: Not usable outside of PowerShell
[1.449s] DEBUG:colcon.colcon_core.shell:Skip shell extension 'dsv' for command environment
[1.501s] INFO:colcon.colcon_ros.task.ament_cmake.build:Building ROS package in '/home/kaibuchisoma/robocon_ws/src/ros_to_kimd' with build type 'ament_cmake'
[1.501s] INFO:colcon.colcon_cmake.task.cmake.build:Building CMake package in '/home/kaibuchisoma/robocon_ws/src/ros_to_kimd'
[1.516s] INFO:colcon.colcon_core.shell:Skip shell extension 'powershell' for command environment: Not usable outside of PowerShell
[1.516s] DEBUG:colcon.colcon_core.shell:Skip shell extension 'dsv' for command environment
[1.801s] INFO:colcon.colcon_core.task.python.build:Building Python package in '/home/kaibuchisoma/robocon_ws/src/fruit_detection'
[1.814s] INFO:colcon.colcon_core.shell:Skip shell extension 'powershell' for command environment: Not usable outside of PowerShell
[1.814s] DEBUG:colcon.colcon_core.shell:Skip shell extension 'dsv' for command environment
[1.861s] DEBUG:colcon.colcon_core.event_handler.log_command:Invoking command in '/home/kaibuchisoma/robocon_ws/build/robocon2023_b_dash': CMAKE_PREFIX_PATH=${CMAKE_PREFIX_PATH}:/home/kaibuchisoma/robocon_ws/install/fruit_detection:/opt/ros/humble /usr/bin/cmake --build /home/kaibuchisoma/robocon_ws/build/robocon2023_b_dash -- -j12 -l12
[1.865s] DEBUG:colcon.colcon_core.event_handler.log_command:Invoking command in '/home/kaibuchisoma/robocon_ws/build/ros_to_kimd': CMAKE_PREFIX_PATH=${CMAKE_PREFIX_PATH}:/home/kaibuchisoma/robocon_ws/install/fruit_detection:/opt/ros/humble /usr/bin/cmake --build /home/kaibuchisoma/robocon_ws/build/ros_to_kimd -- -j12 -l12
[1.961s] DEBUG:colcon.colcon_core.event_handler.log_command:Invoked command in '/home/kaibuchisoma/robocon_ws/build/ros_to_kimd' returned '0': CMAKE_PREFIX_PATH=${CMAKE_PREFIX_PATH}:/home/kaibuchisoma/robocon_ws/install/fruit_detection:/opt/ros/humble /usr/bin/cmake --build /home/kaibuchisoma/robocon_ws/build/ros_to_kimd -- -j12 -l12
[2.001s] DEBUG:colcon.colcon_core.event_handler.log_command:Invoking command in '/home/kaibuchisoma/robocon_ws/build/ros_to_kimd': CMAKE_PREFIX_PATH=${CMAKE_PREFIX_PATH}:/home/kaibuchisoma/robocon_ws/install/fruit_detection:/opt/ros/humble /usr/bin/cmake --install /home/kaibuchisoma/robocon_ws/build/ros_to_kimd
[2.011s] Level 1:colcon.colcon_core.environment:create_environment_scripts_only(ros_to_kimd)
[2.012s] DEBUG:colcon.colcon_core.event_handler.log_command:Invoked command in '/home/kaibuchisoma/robocon_ws/build/ros_to_kimd' returned '0': CMAKE_PREFIX_PATH=${CMAKE_PREFIX_PATH}:/home/kaibuchisoma/robocon_ws/install/fruit_detection:/opt/ros/humble /usr/bin/cmake --install /home/kaibuchisoma/robocon_ws/build/ros_to_kimd
[2.028s] Level 1:colcon.colcon_core.environment:checking '/home/kaibuchisoma/robocon_ws/install/ros_to_kimd' for CMake module files
[2.029s] Level 1:colcon.colcon_core.environment:checking '/home/kaibuchisoma/robocon_ws/install/ros_to_kimd' for CMake config files
[2.029s] Level 1:colcon.colcon_core.shell:create_environment_hook('ros_to_kimd', 'cmake_prefix_path')
[2.045s] INFO:colcon.colcon_core.shell:Creating environment hook '/home/kaibuchisoma/robocon_ws/install/ros_to_kimd/share/ros_to_kimd/hook/cmake_prefix_path.ps1'
[2.045s] INFO:colcon.colcon_core.shell:Creating environment descriptor '/home/kaibuchisoma/robocon_ws/install/ros_to_kimd/share/ros_to_kimd/hook/cmake_prefix_path.dsv'
[2.046s] INFO:colcon.colcon_core.shell:Creating environment hook '/home/kaibuchisoma/robocon_ws/install/ros_to_kimd/share/ros_to_kimd/hook/cmake_prefix_path.sh'
[2.046s] Level 1:colcon.colcon_core.environment:checking '/home/kaibuchisoma/robocon_ws/install/ros_to_kimd/lib'
[2.046s] Level 1:colcon.colcon_core.environment:checking '/home/kaibuchisoma/robocon_ws/install/ros_to_kimd/bin'
[2.046s] Level 1:colcon.colcon_core.environment:checking '/home/kaibuchisoma/robocon_ws/install/ros_to_kimd/lib/pkgconfig/ros_to_kimd.pc'
[2.047s] Level 1:colcon.colcon_core.environment:checking '/home/kaibuchisoma/robocon_ws/install/ros_to_kimd/lib/python3.10/site-packages'
[2.047s] Level 1:colcon.colcon_core.environment:checking '/home/kaibuchisoma/robocon_ws/install/ros_to_kimd/bin'
[2.062s] INFO:colcon.colcon_core.shell:Creating package script '/home/kaibuchisoma/robocon_ws/install/ros_to_kimd/share/ros_to_kimd/package.ps1'
[2.063s] INFO:colcon.colcon_core.shell:Creating package descriptor '/home/kaibuchisoma/robocon_ws/install/ros_to_kimd/share/ros_to_kimd/package.dsv'
[2.064s] INFO:colcon.colcon_core.shell:Creating package script '/home/kaibuchisoma/robocon_ws/install/ros_to_kimd/share/ros_to_kimd/package.sh'
[2.064s] INFO:colcon.colcon_core.shell:Creating package script '/home/kaibuchisoma/robocon_ws/install/ros_to_kimd/share/ros_to_kimd/package.bash'
[2.065s] INFO:colcon.colcon_core.shell:Creating package script '/home/kaibuchisoma/robocon_ws/install/ros_to_kimd/share/ros_to_kimd/package.zsh'
[2.066s] Level 1:colcon.colcon_core.environment:create_file_with_runtime_dependencies(/home/kaibuchisoma/robocon_ws/install/ros_to_kimd/share/colcon-core/packages/ros_to_kimd)
[2.112s] Level 1:colcon.colcon_core.environment:create_environment_scripts_only(ros_to_kimd)
[2.128s] Level 1:colcon.colcon_core.environment:checking '/home/kaibuchisoma/robocon_ws/install/ros_to_kimd' for CMake module files
[2.128s] Level 1:colcon.colcon_core.environment:checking '/home/kaibuchisoma/robocon_ws/install/ros_to_kimd' for CMake config files
[2.128s] Level 1:colcon.colcon_core.shell:create_environment_hook('ros_to_kimd', 'cmake_prefix_path')
[2.143s] INFO:colcon.colcon_core.shell:Creating environment hook '/home/kaibuchisoma/robocon_ws/install/ros_to_kimd/share/ros_to_kimd/hook/cmake_prefix_path.ps1'
[2.144s] INFO:colcon.colcon_core.shell:Creating environment descriptor '/home/kaibuchisoma/robocon_ws/install/ros_to_kimd/share/ros_to_kimd/hook/cmake_prefix_path.dsv'
[2.144s] INFO:colcon.colcon_core.shell:Creating environment hook '/home/kaibuchisoma/robocon_ws/install/ros_to_kimd/share/ros_to_kimd/hook/cmake_prefix_path.sh'
[2.145s] Level 1:colcon.colcon_core.environment:checking '/home/kaibuchisoma/robocon_ws/install/ros_to_kimd/lib'
[2.145s] Level 1:colcon.colcon_core.environment:checking '/home/kaibuchisoma/robocon_ws/install/ros_to_kimd/bin'
[2.145s] Level 1:colcon.colcon_core.environment:checking '/home/kaibuchisoma/robocon_ws/install/ros_to_kimd/lib/pkgconfig/ros_to_kimd.pc'
[2.145s] Level 1:colcon.colcon_core.environment:checking '/home/kaibuchisoma/robocon_ws/install/ros_to_kimd/lib/python3.10/site-packages'
[2.145s] Level 1:colcon.colcon_core.environment:checking '/home/kaibuchisoma/robocon_ws/install/ros_to_kimd/bin'
[2.160s] INFO:colcon.colcon_core.shell:Creating package script '/home/kaibuchisoma/robocon_ws/install/ros_to_kimd/share/ros_to_kimd/package.ps1'
[2.161s] INFO:colcon.colcon_core.shell:Creating package descriptor '/home/kaibuchisoma/robocon_ws/install/ros_to_kimd/share/ros_to_kimd/package.dsv'
[2.162s] INFO:colcon.colcon_core.shell:Creating package script '/home/kaibuchisoma/robocon_ws/install/ros_to_kimd/share/ros_to_kimd/package.sh'
[2.162s] INFO:colcon.colcon_core.shell:Creating package script '/home/kaibuchisoma/robocon_ws/install/ros_to_kimd/share/ros_to_kimd/package.bash'
[2.162s] INFO:colcon.colcon_core.shell:Creating package script '/home/kaibuchisoma/robocon_ws/install/ros_to_kimd/share/ros_to_kimd/package.zsh'
[2.163s] Level 1:colcon.colcon_core.environment:create_file_with_runtime_dependencies(/home/kaibuchisoma/robocon_ws/install/ros_to_kimd/share/colcon-core/packages/ros_to_kimd)
[2.182s] DEBUG:colcon.colcon_core.event_handler.log_command:Invoking command in '/home/kaibuchisoma/robocon_ws/src/fruit_detection': PYTHONPATH=/home/kaibuchisoma/robocon_ws/build/fruit_detection/prefix_override:/home/kaibuchisoma/robocon_ws/install/fruit_detection/lib/python3.10/site-packages:${PYTHONPATH} /usr/bin/python3 setup.py egg_info --egg-base ../../build/fruit_detection build --build-base /home/kaibuchisoma/robocon_ws/build/fruit_detection/build install --record /home/kaibuchisoma/robocon_ws/build/fruit_detection/install.log --single-version-externally-managed
[2.213s] DEBUG:colcon.colcon_core.event_handler.log_command:Invoked command in '/home/kaibuchisoma/robocon_ws/build/robocon2023_b_dash' returned '0': CMAKE_PREFIX_PATH=${CMAKE_PREFIX_PATH}:/home/kaibuchisoma/robocon_ws/install/fruit_detection:/opt/ros/humble /usr/bin/cmake --build /home/kaibuchisoma/robocon_ws/build/robocon2023_b_dash -- -j12 -l12
[2.288s] DEBUG:colcon.colcon_core.event_handler.log_command:Invoking command in '/home/kaibuchisoma/robocon_ws/build/robocon2023_b_dash': CMAKE_PREFIX_PATH=${CMAKE_PREFIX_PATH}:/home/kaibuchisoma/robocon_ws/install/fruit_detection:/opt/ros/humble /usr/bin/cmake --install /home/kaibuchisoma/robocon_ws/build/robocon2023_b_dash
[2.308s] Level 1:colcon.colcon_core.environment:create_environment_scripts_only(robocon2023_b_dash)
[2.308s] DEBUG:colcon.colcon_core.event_handler.log_command:Invoked command in '/home/kaibuchisoma/robocon_ws/build/robocon2023_b_dash' returned '0': CMAKE_PREFIX_PATH=${CMAKE_PREFIX_PATH}:/home/kaibuchisoma/robocon_ws/install/fruit_detection:/opt/ros/humble /usr/bin/cmake --install /home/kaibuchisoma/robocon_ws/build/robocon2023_b_dash
[2.326s] Level 1:colcon.colcon_core.environment:checking '/home/kaibuchisoma/robocon_ws/install/robocon2023_b_dash' for CMake module files
[2.327s] Level 1:colcon.colcon_core.environment:checking '/home/kaibuchisoma/robocon_ws/install/robocon2023_b_dash' for CMake config files
[2.327s] Level 1:colcon.colcon_core.shell:create_environment_hook('robocon2023_b_dash', 'cmake_prefix_path')
[2.343s] INFO:colcon.colcon_core.shell:Creating environment hook '/home/kaibuchisoma/robocon_ws/install/robocon2023_b_dash/share/robocon2023_b_dash/hook/cmake_prefix_path.ps1'
[2.344s] INFO:colcon.colcon_core.shell:Creating environment descriptor '/home/kaibuchisoma/robocon_ws/install/robocon2023_b_dash/share/robocon2023_b_dash/hook/cmake_prefix_path.dsv'
[2.344s] INFO:colcon.colcon_core.shell:Creating environment hook '/home/kaibuchisoma/robocon_ws/install/robocon2023_b_dash/share/robocon2023_b_dash/hook/cmake_prefix_path.sh'
[2.345s] Level 1:colcon.colcon_core.environment:checking '/home/kaibuchisoma/robocon_ws/install/robocon2023_b_dash/lib'
[2.345s] Level 1:colcon.colcon_core.environment:checking '/home/kaibuchisoma/robocon_ws/install/robocon2023_b_dash/bin'
[2.345s] Level 1:colcon.colcon_core.environment:checking '/home/kaibuchisoma/robocon_ws/install/robocon2023_b_dash/lib/pkgconfig/robocon2023_b_dash.pc'
[2.345s] Level 1:colcon.colcon_core.environment:checking '/home/kaibuchisoma/robocon_ws/install/robocon2023_b_dash/lib/python3.10/site-packages'
[2.345s] Level 1:colcon.colcon_core.environment:checking '/home/kaibuchisoma/robocon_ws/install/robocon2023_b_dash/bin'
[2.363s] INFO:colcon.colcon_core.shell:Creating package script '/home/kaibuchisoma/robocon_ws/install/robocon2023_b_dash/share/robocon2023_b_dash/package.ps1'
[2.364s] INFO:colcon.colcon_core.shell:Creating package descriptor '/home/kaibuchisoma/robocon_ws/install/robocon2023_b_dash/share/robocon2023_b_dash/package.dsv'
[2.364s] INFO:colcon.colcon_core.shell:Creating package script '/home/kaibuchisoma/robocon_ws/install/robocon2023_b_dash/share/robocon2023_b_dash/package.sh'
[2.365s] INFO:colcon.colcon_core.shell:Creating package script '/home/kaibuchisoma/robocon_ws/install/robocon2023_b_dash/share/robocon2023_b_dash/package.bash'
[2.365s] INFO:colcon.colcon_core.shell:Creating package script '/home/kaibuchisoma/robocon_ws/install/robocon2023_b_dash/share/robocon2023_b_dash/package.zsh'
[2.365s] Level 1:colcon.colcon_core.environment:create_file_with_runtime_dependencies(/home/kaibuchisoma/robocon_ws/install/robocon2023_b_dash/share/colcon-core/packages/robocon2023_b_dash)
[2.459s] Level 1:colcon.colcon_core.environment:create_environment_scripts_only(robocon2023_b_dash)
[2.477s] Level 1:colcon.colcon_core.environment:checking '/home/kaibuchisoma/robocon_ws/install/robocon2023_b_dash' for CMake module files
[2.477s] Level 1:colcon.colcon_core.environment:checking '/home/kaibuchisoma/robocon_ws/install/robocon2023_b_dash' for CMake config files
[2.477s] Level 1:colcon.colcon_core.shell:create_environment_hook('robocon2023_b_dash', 'cmake_prefix_path')
[2.493s] INFO:colcon.colcon_core.shell:Creating environment hook '/home/kaibuchisoma/robocon_ws/install/robocon2023_b_dash/share/robocon2023_b_dash/hook/cmake_prefix_path.ps1'
[2.494s] INFO:colcon.colcon_core.shell:Creating environment descriptor '/home/kaibuchisoma/robocon_ws/install/robocon2023_b_dash/share/robocon2023_b_dash/hook/cmake_prefix_path.dsv'
[2.495s] INFO:colcon.colcon_core.shell:Creating environment hook '/home/kaibuchisoma/robocon_ws/install/robocon2023_b_dash/share/robocon2023_b_dash/hook/cmake_prefix_path.sh'
[2.496s] Level 1:colcon.colcon_core.environment:checking '/home/kaibuchisoma/robocon_ws/install/robocon2023_b_dash/lib'
[2.496s] Level 1:colcon.colcon_core.environment:checking '/home/kaibuchisoma/robocon_ws/install/robocon2023_b_dash/bin'
[2.496s] Level 1:colcon.colcon_core.environment:checking '/home/kaibuchisoma/robocon_ws/install/robocon2023_b_dash/lib/pkgconfig/robocon2023_b_dash.pc'
[2.496s] Level 1:colcon.colcon_core.environment:checking '/home/kaibuchisoma/robocon_ws/install/robocon2023_b_dash/lib/python3.10/site-packages'
[2.496s] Level 1:colcon.colcon_core.environment:checking '/home/kaibuchisoma/robocon_ws/install/robocon2023_b_dash/bin'
[2.512s] INFO:colcon.colcon_core.shell:Creating package script '/home/kaibuchisoma/robocon_ws/install/robocon2023_b_dash/share/robocon2023_b_dash/package.ps1'
[2.512s] INFO:colcon.colcon_core.shell:Creating package descriptor '/home/kaibuchisoma/robocon_ws/install/robocon2023_b_dash/share/robocon2023_b_dash/package.dsv'
[2.513s] INFO:colcon.colcon_core.shell:Creating package script '/home/kaibuchisoma/robocon_ws/install/robocon2023_b_dash/share/robocon2023_b_dash/package.sh'
[2.513s] INFO:colcon.colcon_core.shell:Creating package script '/home/kaibuchisoma/robocon_ws/install/robocon2023_b_dash/share/robocon2023_b_dash/package.bash'
[2.513s] INFO:colcon.colcon_core.shell:Creating package script '/home/kaibuchisoma/robocon_ws/install/robocon2023_b_dash/share/robocon2023_b_dash/package.zsh'
[2.514s] Level 1:colcon.colcon_core.environment:create_file_with_runtime_dependencies(/home/kaibuchisoma/robocon_ws/install/robocon2023_b_dash/share/colcon-core/packages/robocon2023_b_dash)
[2.516s] DEBUG:colcon.colcon_core.event_handler.log_command:Invoked command in '/home/kaibuchisoma/robocon_ws/src/fruit_detection' returned '0': PYTHONPATH=/home/kaibuchisoma/robocon_ws/build/fruit_detection/prefix_override:/home/kaibuchisoma/robocon_ws/install/fruit_detection/lib/python3.10/site-packages:${PYTHONPATH} /usr/bin/python3 setup.py egg_info --egg-base ../../build/fruit_detection build --build-base /home/kaibuchisoma/robocon_ws/build/fruit_detection/build install --record /home/kaibuchisoma/robocon_ws/build/fruit_detection/install.log --single-version-externally-managed
[2.531s] Level 1:colcon.colcon_core.environment:checking '/home/kaibuchisoma/robocon_ws/install/fruit_detection' for CMake module files
[2.531s] Level 1:colcon.colcon_core.environment:checking '/home/kaibuchisoma/robocon_ws/install/fruit_detection' for CMake config files
[2.532s] Level 1:colcon.colcon_core.environment:checking '/home/kaibuchisoma/robocon_ws/install/fruit_detection/lib'
[2.532s] Level 1:colcon.colcon_core.environment:checking '/home/kaibuchisoma/robocon_ws/install/fruit_detection/bin'
[2.532s] Level 1:colcon.colcon_core.environment:checking '/home/kaibuchisoma/robocon_ws/install/fruit_detection/lib/pkgconfig/fruit_detection.pc'
[2.532s] Level 1:colcon.colcon_core.environment:checking '/home/kaibuchisoma/robocon_ws/install/fruit_detection/lib/python3.10/site-packages'
[2.532s] Level 1:colcon.colcon_core.shell:create_environment_hook('fruit_detection', 'pythonpath')
[2.546s] INFO:colcon.colcon_core.shell:Creating environment hook '/home/kaibuchisoma/robocon_ws/install/fruit_detection/share/fruit_detection/hook/pythonpath.ps1'
[2.547s] INFO:colcon.colcon_core.shell:Creating environment descriptor '/home/kaibuchisoma/robocon_ws/install/fruit_detection/share/fruit_detection/hook/pythonpath.dsv'
[2.547s] INFO:colcon.colcon_core.shell:Creating environment hook '/home/kaibuchisoma/robocon_ws/install/fruit_detection/share/fruit_detection/hook/pythonpath.sh'
[2.548s] Level 1:colcon.colcon_core.environment:checking '/home/kaibuchisoma/robocon_ws/install/fruit_detection/bin'
[2.548s] Level 1:colcon.colcon_core.environment:create_environment_scripts_only(fruit_detection)
[2.562s] INFO:colcon.colcon_core.shell:Creating package script '/home/kaibuchisoma/robocon_ws/install/fruit_detection/share/fruit_detection/package.ps1'
[2.562s] INFO:colcon.colcon_core.shell:Creating package descriptor '/home/kaibuchisoma/robocon_ws/install/fruit_detection/share/fruit_detection/package.dsv'
[2.563s] INFO:colcon.colcon_core.shell:Creating package script '/home/kaibuchisoma/robocon_ws/install/fruit_detection/share/fruit_detection/package.sh'
[2.563s] INFO:colcon.colcon_core.shell:Creating package script '/home/kaibuchisoma/robocon_ws/install/fruit_detection/share/fruit_detection/package.bash'
[2.564s] INFO:colcon.colcon_core.shell:Creating package script '/home/kaibuchisoma/robocon_ws/install/fruit_detection/share/fruit_detection/package.zsh'
[2.564s] Level 1:colcon.colcon_core.environment:create_file_with_runtime_dependencies(/home/kaibuchisoma/robocon_ws/install/fruit_detection/share/colcon-core/packages/fruit_detection)
[2.564s] DEBUG:colcon.colcon_parallel_executor.executor.parallel:closing loop
[2.565s] DEBUG:colcon.colcon_parallel_executor.executor.parallel:loop closed
[2.565s] DEBUG:colcon.colcon_parallel_executor.executor.parallel:run_until_complete finished with '0'
[2.565s] DEBUG:colcon.colcon_core.event_reactor:joining thread
[2.588s] INFO:colcon.colcon_core.plugin_system:Skipping extension 'colcon_notification.desktop_notification.terminal_notifier': Not used on non-Darwin systems
[2.588s] INFO:colcon.colcon_core.plugin_system:Skipping extension 'colcon_notification.desktop_notification.win32': Not used on non-Windows systems
[2.588s] INFO:colcon.colcon_notification.desktop_notification:Sending desktop notification using 'notify2'
[2.596s] DEBUG:colcon.colcon_core.event_reactor:joined thread
[2.610s] INFO:colcon.colcon_core.shell:Creating prefix script '/home/kaibuchisoma/robocon_ws/install/local_setup.ps1'
[2.611s] INFO:colcon.colcon_core.shell:Creating prefix util module '/home/kaibuchisoma/robocon_ws/install/_local_setup_util_ps1.py'
[2.612s] INFO:colcon.colcon_core.shell:Creating prefix chain script '/home/kaibuchisoma/robocon_ws/install/setup.ps1'
[2.626s] INFO:colcon.colcon_core.shell:Creating prefix script '/home/kaibuchisoma/robocon_ws/install/local_setup.sh'
[2.627s] INFO:colcon.colcon_core.shell:Creating prefix util module '/home/kaibuchisoma/robocon_ws/install/_local_setup_util_sh.py'
[2.627s] INFO:colcon.colcon_core.shell:Creating prefix chain script '/home/kaibuchisoma/robocon_ws/install/setup.sh'
[2.643s] INFO:colcon.colcon_core.shell:Creating prefix script '/home/kaibuchisoma/robocon_ws/install/local_setup.bash'
[2.644s] INFO:colcon.colcon_core.shell:Creating prefix chain script '/home/kaibuchisoma/robocon_ws/install/setup.bash'
[2.659s] INFO:colcon.colcon_core.shell:Creating prefix script '/home/kaibuchisoma/robocon_ws/install/local_setup.zsh'
[2.659s] INFO:colcon.colcon_core.shell:Creating prefix chain script '/home/kaibuchisoma/robocon_ws/install/setup.zsh'
