[0.809s] Invoking command in '/home/kaibuchisoma/robocon_ws/build/robocon2023_b_dash': CMAKE_PREFIX_PATH=${CMAKE_PREFIX_PATH}:/home/kaibuchisoma/robocon_ws/install/fruit_detection:/opt/ros/humble /usr/bin/cmake /home/kaibuchisoma/robocon_ws/src/robocon2023_b_dash -DCMAKE_INSTALL_PREFIX=/home/kaibuchisoma/robocon_ws/install/robocon2023_b_dash
[0.897s] -- The C compiler identification is GNU 11.4.0
[0.988s] -- The CXX compiler identification is GNU 11.4.0
[1.000s] -- Detecting C compiler ABI info
[1.117s] -- Detecting C compiler ABI info - done
[1.131s] -- Check for working C compiler: /usr/bin/cc - skipped
[1.131s] -- Detecting C compile features
[1.132s] -- Detecting C compile features - done
[1.137s] -- Detecting CXX compiler ABI info
[1.285s] -- Detecting CXX compiler ABI info - done
[1.301s] -- Check for working CXX compiler: /usr/bin/c++ - skipped
[1.301s] -- Detecting CXX compile features
[1.302s] -- Detecting CXX compile features - done
[1.307s] -- Found ament_cmake: 1.3.5 (/opt/ros/humble/share/ament_cmake/cmake)
[1.618s] -- Found Python3: /usr/bin/python3.10 (found version "3.10.12") found components: Interpreter 
[1.742s] -- Found rclcpp: 16.0.6 (/opt/ros/humble/share/rclcpp/cmake)
[1.829s] -- Found rosidl_generator_c: 3.1.5 (/opt/ros/humble/share/rosidl_generator_c/cmake)
[1.839s] -- Found rosidl_adapter: 3.1.5 (/opt/ros/humble/share/rosidl_adapter/cmake)
[1.855s] -- Found rosidl_generator_cpp: 3.1.5 (/opt/ros/humble/share/rosidl_generator_cpp/cmake)
[1.881s] -- Using all available rosidl_typesupport_c: rosidl_typesupport_fastrtps_c;rosidl_typesupport_introspection_c
[1.920s] -- Using all available rosidl_typesupport_cpp: rosidl_typesupport_fastrtps_cpp;rosidl_typesupport_introspection_cpp
[2.060s] -- Found rmw_implementation_cmake: 6.1.1 (/opt/ros/humble/share/rmw_implementation_cmake/cmake)
[2.066s] -- Found rmw_fastrtps_cpp: 6.2.4 (/opt/ros/humble/share/rmw_fastrtps_cpp/cmake)
[2.239s] -- Found OpenSSL: /usr/lib/x86_64-linux-gnu/libcrypto.so (found version "3.0.2")  
[2.283s] -- Found FastRTPS: /opt/ros/humble/include  
[2.366s] -- Using RMW implementation 'rmw_fastrtps_cpp' as default
[2.379s] -- Looking for pthread.h
[2.490s] -- Looking for pthread.h - found
[2.491s] -- Performing Test CMAKE_HAVE_LIBC_PTHREAD
[2.609s] -- Performing Test CMAKE_HAVE_LIBC_PTHREAD - Success
[2.611s] -- Found Threads: TRUE  
[2.834s] -- Found sensor_msgs: 4.2.3 (/opt/ros/humble/share/sensor_msgs/cmake)
[2.998s] -- Found ament_lint_auto: 0.12.8 (/opt/ros/humble/share/ament_lint_auto/cmake)
[3.120s] -- Added test 'copyright' to check source files copyright and LICENSE
[3.148s] -- Added test 'cppcheck' to perform static code analysis on C / C++ code
[3.148s] -- Configured cppcheck include dirs: 
[3.149s] -- Configured cppcheck exclude dirs and/or files: 
[3.178s] -- Added test 'cpplint' to check C / C++ code against the Google style
[3.178s] -- Configured cpplint exclude dirs and/or files: 
[3.182s] -- Added test 'flake8' to check Python code syntax and style conventions
[3.191s] -- Added test 'lint_cmake' to check CMake code style
[3.196s] -- Added test 'pep257' to check Python code against some of the docstring style conventions in PEP 257
[3.229s] -- Added test 'uncrustify' to check C / C++ code style
[3.229s] -- Configured uncrustify additional arguments: 
[3.235s] -- Added test 'xmllint' to check XML markup files
[3.237s] -- Configuring done
[3.324s] -- Generating done
[3.329s] -- Build files have been written to: /home/kaibuchisoma/robocon_ws/build/robocon2023_b_dash
[3.349s] Invoked command in '/home/kaibuchisoma/robocon_ws/build/robocon2023_b_dash' returned '0': CMAKE_PREFIX_PATH=${CMAKE_PREFIX_PATH}:/home/kaibuchisoma/robocon_ws/install/fruit_detection:/opt/ros/humble /usr/bin/cmake /home/kaibuchisoma/robocon_ws/src/robocon2023_b_dash -DCMAKE_INSTALL_PREFIX=/home/kaibuchisoma/robocon_ws/install/robocon2023_b_dash
[3.352s] Invoking command in '/home/kaibuchisoma/robocon_ws/build/robocon2023_b_dash': CMAKE_PREFIX_PATH=${CMAKE_PREFIX_PATH}:/home/kaibuchisoma/robocon_ws/install/fruit_detection:/opt/ros/humble /usr/bin/cmake --build /home/kaibuchisoma/robocon_ws/build/robocon2023_b_dash -- -j12 -l12
[3.442s] [35m[1mConsolidate compiler generated dependencies of target WallUpMotion[0m
[3.443s] [35m[1mConsolidate compiler generated dependencies of target Crawl_Controller[0m
[3.444s] [35m[1mConsolidate compiler generated dependencies of target Solenoid_Controller[0m
[3.444s] [35m[1mConsolidate compiler generated dependencies of target SerialKIMD[0m
[3.445s] [35m[1mConsolidate compiler generated dependencies of target Drive_Controller[0m
[3.449s] [35m[1mConsolidate compiler generated dependencies of target Xmove_Controller[0m
[3.449s] [35m[1mConsolidate compiler generated dependencies of target Upper_Controller[0m
[3.451s] [35m[1mConsolidate compiler generated dependencies of target DriveMotion[0m
[3.472s] [35m[1mConsolidate compiler generated dependencies of target BeltLiner_Controller[0m
[3.475s] [35m[1mConsolidate compiler generated dependencies of target RopeMotion[0m
[3.476s] [35m[1mConsolidate compiler generated dependencies of target KiwiMotion[0m
[3.478s] [35m[1mConsolidate compiler generated dependencies of target MotionMaster[0m
[3.497s] [ 17%] [32mBuilding CXX object CMakeFiles/Upper_Controller.dir/src/Upper_Controller.cpp.o[0m
[3.497s] [ 17%] Built target Crawl_Controller
[3.498s] [ 17%] Built target Drive_Controller
[3.500s] [ 25%] Built target SerialKIMD
[3.500s] [ 32%] Built target DriveMotion
[3.502s] [ 39%] Built target Xmove_Controller
[3.504s] [ 46%] Built target WallUpMotion
[3.519s] [ 53%] Built target Solenoid_Controller
[3.520s] [ 60%] Built target BeltLiner_Controller
[3.520s] [ 67%] Built target KiwiMotion
[3.521s] [ 75%] Built target MotionMaster
[3.521s] [35m[1mConsolidate compiler generated dependencies of target Transmitter920[0m
[3.521s] [35m[1mConsolidate compiler generated dependencies of target Receiver920[0m
[3.524s] [ 82%] Built target RopeMotion
[3.550s] [ 96%] Built target Transmitter920
[3.551s] [ 96%] Built target Receiver920
[6.260s] In file included from [01m[K/home/kaibuchisoma/robocon_ws/src/robocon2023_b_dash/src/Upper_Controller.hpp:8[m[K,
[6.260s]                  from [01m[K/home/kaibuchisoma/robocon_ws/src/robocon2023_b_dash/src/Upper_Controller.cpp:2[m[K:
[6.260s] [01m[K/home/kaibuchisoma/robocon_ws/src/robocon2023_b_dash/src/RoboconMsg/ABU2023_GenericOutput_Header.h:14:16:[m[K [01;35m[Kwarning: [m[KISO C++ prohibits anonymous structs [[01;35m[K]8;;https://gcc.gnu.org/onlinedocs/gcc/Warning-Options.html#index-Wpedantic-Wpedantic]8;;[m[K]
[6.260s]    14 |         struct [01;35m[K{[m[K
[6.261s]       |                [01;35m[K^[m[K
[13.732s] [100%] [32m[1mLinking CXX executable Upper_Controller[0m
[14.306s] [100%] Built target Upper_Controller
[14.327s] Invoked command in '/home/kaibuchisoma/robocon_ws/build/robocon2023_b_dash' returned '0': CMAKE_PREFIX_PATH=${CMAKE_PREFIX_PATH}:/home/kaibuchisoma/robocon_ws/install/fruit_detection:/opt/ros/humble /usr/bin/cmake --build /home/kaibuchisoma/robocon_ws/build/robocon2023_b_dash -- -j12 -l12
[14.437s] Invoking command in '/home/kaibuchisoma/robocon_ws/build/robocon2023_b_dash': CMAKE_PREFIX_PATH=${CMAKE_PREFIX_PATH}:/home/kaibuchisoma/robocon_ws/install/fruit_detection:/opt/ros/humble /usr/bin/cmake --install /home/kaibuchisoma/robocon_ws/build/robocon2023_b_dash
[14.453s] -- Install configuration: ""
[14.453s] -- Up-to-date: /home/kaibuchisoma/robocon_ws/install/robocon2023_b_dash/lib/robocon2023_b_dash/SerialKIMD
[14.453s] -- Up-to-date: /home/kaibuchisoma/robocon_ws/install/robocon2023_b_dash/lib/robocon2023_b_dash/Xmove_Controller
[14.454s] -- Up-to-date: /home/kaibuchisoma/robocon_ws/install/robocon2023_b_dash/lib/robocon2023_b_dash/DriveMotion
[14.454s] -- Up-to-date: /home/kaibuchisoma/robocon_ws/install/robocon2023_b_dash/lib/robocon2023_b_dash/Drive_Controller
[14.455s] -- Installing: /home/kaibuchisoma/robocon_ws/install/robocon2023_b_dash/lib/robocon2023_b_dash/Upper_Controller
[14.473s] -- Set runtime path of "/home/kaibuchisoma/robocon_ws/install/robocon2023_b_dash/lib/robocon2023_b_dash/Upper_Controller" to ""
[14.473s] -- Up-to-date: /home/kaibuchisoma/robocon_ws/install/robocon2023_b_dash/lib/robocon2023_b_dash/WallUpMotion
[14.474s] -- Up-to-date: /home/kaibuchisoma/robocon_ws/install/robocon2023_b_dash/lib/robocon2023_b_dash/Crawl_Controller
[14.474s] -- Up-to-date: /home/kaibuchisoma/robocon_ws/install/robocon2023_b_dash/lib/robocon2023_b_dash/Solenoid_Controller
[14.475s] -- Up-to-date: /home/kaibuchisoma/robocon_ws/install/robocon2023_b_dash/lib/robocon2023_b_dash/BeltLiner_Controller
[14.475s] -- Up-to-date: /home/kaibuchisoma/robocon_ws/install/robocon2023_b_dash/lib/robocon2023_b_dash/RopeMotion
[14.476s] -- Up-to-date: /home/kaibuchisoma/robocon_ws/install/robocon2023_b_dash/lib/robocon2023_b_dash/MotionMaster
[14.476s] -- Up-to-date: /home/kaibuchisoma/robocon_ws/install/robocon2023_b_dash/lib/robocon2023_b_dash/KiwiMotion
[14.477s] -- Up-to-date: /home/kaibuchisoma/robocon_ws/install/robocon2023_b_dash/lib/robocon2023_b_dash/Transmitter920
[14.478s] -- Up-to-date: /home/kaibuchisoma/robocon_ws/install/robocon2023_b_dash/lib/robocon2023_b_dash/Receiver920
[14.478s] -- Up-to-date: /home/kaibuchisoma/robocon_ws/install/robocon2023_b_dash/share/ament_index/resource_index/package_run_dependencies/robocon2023_b_dash
[14.478s] -- Up-to-date: /home/kaibuchisoma/robocon_ws/install/robocon2023_b_dash/share/ament_index/resource_index/parent_prefix_path/robocon2023_b_dash
[14.478s] -- Up-to-date: /home/kaibuchisoma/robocon_ws/install/robocon2023_b_dash/share/robocon2023_b_dash/environment/ament_prefix_path.sh
[14.478s] -- Installing: /home/kaibuchisoma/robocon_ws/install/robocon2023_b_dash/share/robocon2023_b_dash/environment/ament_prefix_path.dsv
[14.479s] -- Up-to-date: /home/kaibuchisoma/robocon_ws/install/robocon2023_b_dash/share/robocon2023_b_dash/environment/path.sh
[14.479s] -- Installing: /home/kaibuchisoma/robocon_ws/install/robocon2023_b_dash/share/robocon2023_b_dash/environment/path.dsv
[14.479s] -- Up-to-date: /home/kaibuchisoma/robocon_ws/install/robocon2023_b_dash/share/robocon2023_b_dash/local_setup.bash
[14.479s] -- Up-to-date: /home/kaibuchisoma/robocon_ws/install/robocon2023_b_dash/share/robocon2023_b_dash/local_setup.sh
[14.479s] -- Up-to-date: /home/kaibuchisoma/robocon_ws/install/robocon2023_b_dash/share/robocon2023_b_dash/local_setup.zsh
[14.479s] -- Installing: /home/kaibuchisoma/robocon_ws/install/robocon2023_b_dash/share/robocon2023_b_dash/local_setup.dsv
[14.479s] -- Installing: /home/kaibuchisoma/robocon_ws/install/robocon2023_b_dash/share/robocon2023_b_dash/package.dsv
[14.480s] -- Up-to-date: /home/kaibuchisoma/robocon_ws/install/robocon2023_b_dash/share/ament_index/resource_index/packages/robocon2023_b_dash
[14.480s] -- Up-to-date: /home/kaibuchisoma/robocon_ws/install/robocon2023_b_dash/share/robocon2023_b_dash/cmake/robocon2023_b_dashConfig.cmake
[14.480s] -- Up-to-date: /home/kaibuchisoma/robocon_ws/install/robocon2023_b_dash/share/robocon2023_b_dash/cmake/robocon2023_b_dashConfig-version.cmake
[14.480s] -- Up-to-date: /home/kaibuchisoma/robocon_ws/install/robocon2023_b_dash/share/robocon2023_b_dash/package.xml
[14.484s] Invoked command in '/home/kaibuchisoma/robocon_ws/build/robocon2023_b_dash' returned '0': CMAKE_PREFIX_PATH=${CMAKE_PREFIX_PATH}:/home/kaibuchisoma/robocon_ws/install/fruit_detection:/opt/ros/humble /usr/bin/cmake --install /home/kaibuchisoma/robocon_ws/build/robocon2023_b_dash
