-- Found ament_cmake: 0.9.12 (/opt/ros/foxy/share/ament_cmake/cmake)
-- Using PYTHON_EXECUTABLE: /usr/bin/python3
-- Found rclcpp: 2.4.3 (/opt/ros/foxy/share/rclcpp/cmake)
-- Using all available rosidl_typesupport_c: rosidl_typesupport_fastrtps_c;rosidl_typesupport_introspection_c
-- Found rosidl_adapter: 1.3.1 (/opt/ros/foxy/share/rosidl_adapter/cmake)
-- Using all available rosidl_typesupport_cpp: rosidl_typesupport_fastrtps_cpp;rosidl_typesupport_introspection_cpp
-- Found rmw_implementation_cmake: 1.0.4 (/opt/ros/foxy/share/rmw_implementation_cmake/cmake)
-- Using RMW implementation 'rmw_fastrtps_cpp' as default
-- Found sensor_msgs: 2.0.5 (/opt/ros/foxy/share/sensor_msgs/cmake)
-- Found ament_lint_auto: 0.9.8 (/opt/ros/foxy/share/ament_lint_auto/cmake)
-- Added test 'copyright' to check source files copyright and LICENSE
-- Added test 'cppcheck' to perform static code analysis on C / C++ code
-- Configured cppcheck include dirs: 
-- Configured cppcheck exclude dirs and/or files: 
-- Added test 'cpplint' to check C / C++ code against the Google style
-- Configured cpplint exclude dirs and/or files: 
-- Added test 'flake8' to check Python code syntax and style conventions
-- Added test 'lint_cmake' to check CMake code style
-- Added test 'pep257' to check Python code against some of the style conventions in PEP 257
-- Added test 'uncrustify' to check C / C++ code style
-- Configured uncrustify additional arguments: 
-- Added test 'xmllint' to check XML markup files
-- Configuring done
-- Generating done
-- Build files have been written to: /home/ros-industrial/robocon_ws/build/robocon2023_b_dash
[35m[1mScanning dependencies of target Upper_Controller[0m
[35m[1mScanning dependencies of target Xmove_Controller[0m
[ 20%] Built target Drive_Controller
[ 40%] Built target DriveMotion
[ 60%] [32mBuilding CXX object CMakeFiles/Upper_Controller.dir/src/Upper_Controller.cpp.o[0m
[ 70%] Built target SerialKIMD
[ 80%] [32mBuilding CXX object CMakeFiles/Xmove_Controller.dir/src/Xmove_Controller.cpp.o[0m
In file included from [01m[K/home/ros-industrial/robocon_ws/src/robocon2023_b_dash/src/Xmove_Controller.hpp:8[m[K,
                 from [01m[K/home/ros-industrial/robocon_ws/src/robocon2023_b_dash/src/Xmove_Controller.cpp:2[m[K:
[01m[K/home/ros-industrial/robocon_ws/src/robocon2023_b_dash/src/RoboconMsg/ABU2023_GenericOutput_Header.h:19:2:[m[K [01;35m[Kwarning: [m[KISO C++ prohibits anonymous structs [[01;35m[K-Wpedantic[m[K]
   19 |  [01;35m[K}[m[K;
      |  [01;35m[K^[m[K
In file included from [01m[K/home/ros-industrial/robocon_ws/src/robocon2023_b_dash/src/Upper_Controller.hpp:7[m[K,
                 from [01m[K/home/ros-industrial/robocon_ws/src/robocon2023_b_dash/src/Upper_Controller.cpp:2[m[K:
[01m[K/home/ros-industrial/robocon_ws/src/robocon2023_b_dash/src/RoboconMsg/ABU2023_GenericOutput_Header.h:19:2:[m[K [01;35m[Kwarning: [m[KISO C++ prohibits anonymous structs [[01;35m[K-Wpedantic[m[K]
   19 |  [01;35m[K}[m[K;
      |  [01;35m[K^[m[K
[01m[K/home/ros-industrial/robocon_ws/src/robocon2023_b_dash/src/Upper_Controller.cpp:[m[K In member function ‘[01m[Kvoid Upper_Controller_Node::Joy_Callback(sensor_msgs::msg::Joy_<std::allocator<void> >::SharedPtr)[m[K’:
[01m[K/home/ros-industrial/robocon_ws/src/robocon2023_b_dash/src/Upper_Controller.cpp:39:42:[m[K [01;35m[Kwarning: [m[Kleft shift of negative value [[01;35m[K-Wshift-negative-value[m[K]
   39 |         this->button_state &= ~0b0001 << [01;35m[K0[m[K;
      |                                          [01;35m[K^[m[K
[01m[K/home/ros-industrial/robocon_ws/src/robocon2023_b_dash/src/Upper_Controller.cpp:48:42:[m[K [01;35m[Kwarning: [m[Kleft shift of negative value [[01;35m[K-Wshift-negative-value[m[K]
   48 |         this->button_state &= ~0b0001 << [01;35m[K1[m[K;
      |                                          [01;35m[K^[m[K
[01m[K/home/ros-industrial/robocon_ws/src/robocon2023_b_dash/src/Upper_Controller.cpp:57:42:[m[K [01;35m[Kwarning: [m[Kleft shift of negative value [[01;35m[K-Wshift-negative-value[m[K]
   57 |         this->button_state &= ~0b0001 << [01;35m[K2[m[K;
      |                                          [01;35m[K^[m[K
[01m[K/home/ros-industrial/robocon_ws/src/robocon2023_b_dash/src/Upper_Controller.cpp:66:42:[m[K [01;35m[Kwarning: [m[Kleft shift of negative value [[01;35m[K-Wshift-negative-value[m[K]
   66 |         this->button_state &= ~0b0001 << [01;35m[K3[m[K;
      |                                          [01;35m[K^[m[K
[01m[K/home/ros-industrial/robocon_ws/src/robocon2023_b_dash/src/Upper_Controller.cpp:[m[K In member function ‘[01m[Kvoid Upper_Controller_Node::timer_callback()[m[K’:
[01m[K/home/ros-industrial/robocon_ws/src/robocon2023_b_dash/src/Upper_Controller.cpp:81:42:[m[K [01;35m[Kwarning: [m[Ksuggest parentheses around comparison in operand of ‘[01m[K&[m[K’ [[01;35m[K-Wparentheses[m[K]
   81 |     if (this->button_state & [01;35m[K0b0001 << 0 == 1[m[K) // left
      |                              [01;35m[K~~~~~~~~~~~~^~~~[m[K
[01m[K/home/ros-industrial/robocon_ws/src/robocon2023_b_dash/src/Upper_Controller.cpp:86:47:[m[K [01;35m[Kwarning: [m[Ksuggest parentheses around comparison in operand of ‘[01m[K&[m[K’ [[01;35m[K-Wparentheses[m[K]
   86 |     else if (this->button_state & [01;35m[K0b0001 << 1 == 1[m[K) // right
      |                                   [01;35m[K~~~~~~~~~~~~^~~~[m[K
[01m[K/home/ros-industrial/robocon_ws/src/robocon2023_b_dash/src/Upper_Controller.cpp:91:47:[m[K [01;35m[Kwarning: [m[Ksuggest parentheses around comparison in operand of ‘[01m[K&[m[K’ [[01;35m[K-Wparentheses[m[K]
   91 |     else if (this->button_state & [01;35m[K0b0001 << 2 == 1[m[K) // up
      |                                   [01;35m[K~~~~~~~~~~~~^~~~[m[K
[01m[K/home/ros-industrial/robocon_ws/src/robocon2023_b_dash/src/Upper_Controller.cpp:96:47:[m[K [01;35m[Kwarning: [m[Ksuggest parentheses around comparison in operand of ‘[01m[K&[m[K’ [[01;35m[K-Wparentheses[m[K]
   96 |     else if (this->button_state & [01;35m[K0b0001 << 3 == 1[m[K) // down
      |                                   [01;35m[K~~~~~~~~~~~~^~~~[m[K
[01m[K/home/ros-industrial/robocon_ws/src/robocon2023_b_dash/src/Upper_Controller.cpp:98:27:[m[K [01;35m[Kwarning: [m[Ksuggest parentheses around assignment used as truth value [[01;35m[K-Wparentheses[m[K]
   98 |         if ([01;35m[Kthis->up_flag = 0[m[K)
      |             [01;35m[K~~~~~~~~~~~~~~^~~[m[K
[ 90%] [32m[1mLinking CXX executable Upper_Controller[0m
[ 90%] Built target Upper_Controller
[100%] [32m[1mLinking CXX executable Xmove_Controller[0m
[100%] Built target Xmove_Controller
-- Install configuration: ""
-- Up-to-date: /home/ros-industrial/robocon_ws/install/robocon2023_b_dash/lib/robocon2023_b_dash/SerialKIMD
-- Installing: /home/ros-industrial/robocon_ws/install/robocon2023_b_dash/lib/robocon2023_b_dash/Xmove_Controller
-- Set runtime path of "/home/ros-industrial/robocon_ws/install/robocon2023_b_dash/lib/robocon2023_b_dash/Xmove_Controller" to ""
-- Up-to-date: /home/ros-industrial/robocon_ws/install/robocon2023_b_dash/lib/robocon2023_b_dash/DriveMotion
-- Up-to-date: /home/ros-industrial/robocon_ws/install/robocon2023_b_dash/lib/robocon2023_b_dash/Drive_Controller
-- Installing: /home/ros-industrial/robocon_ws/install/robocon2023_b_dash/lib/robocon2023_b_dash/Upper_Controller
-- Set runtime path of "/home/ros-industrial/robocon_ws/install/robocon2023_b_dash/lib/robocon2023_b_dash/Upper_Controller" to ""
-- Up-to-date: /home/ros-industrial/robocon_ws/install/robocon2023_b_dash/share/ament_index/resource_index/package_run_dependencies/robocon2023_b_dash
-- Up-to-date: /home/ros-industrial/robocon_ws/install/robocon2023_b_dash/share/ament_index/resource_index/parent_prefix_path/robocon2023_b_dash
-- Up-to-date: /home/ros-industrial/robocon_ws/install/robocon2023_b_dash/share/robocon2023_b_dash/environment/ament_prefix_path.sh
-- Installing: /home/ros-industrial/robocon_ws/install/robocon2023_b_dash/share/robocon2023_b_dash/environment/ament_prefix_path.dsv
-- Up-to-date: /home/ros-industrial/robocon_ws/install/robocon2023_b_dash/share/robocon2023_b_dash/environment/path.sh
-- Installing: /home/ros-industrial/robocon_ws/install/robocon2023_b_dash/share/robocon2023_b_dash/environment/path.dsv
-- Up-to-date: /home/ros-industrial/robocon_ws/install/robocon2023_b_dash/share/robocon2023_b_dash/local_setup.bash
-- Up-to-date: /home/ros-industrial/robocon_ws/install/robocon2023_b_dash/share/robocon2023_b_dash/local_setup.sh
-- Up-to-date: /home/ros-industrial/robocon_ws/install/robocon2023_b_dash/share/robocon2023_b_dash/local_setup.zsh
-- Installing: /home/ros-industrial/robocon_ws/install/robocon2023_b_dash/share/robocon2023_b_dash/local_setup.dsv
-- Installing: /home/ros-industrial/robocon_ws/install/robocon2023_b_dash/share/robocon2023_b_dash/package.dsv
-- Up-to-date: /home/ros-industrial/robocon_ws/install/robocon2023_b_dash/share/ament_index/resource_index/packages/robocon2023_b_dash
-- Up-to-date: /home/ros-industrial/robocon_ws/install/robocon2023_b_dash/share/robocon2023_b_dash/cmake/robocon2023_b_dashConfig.cmake
-- Up-to-date: /home/ros-industrial/robocon_ws/install/robocon2023_b_dash/share/robocon2023_b_dash/cmake/robocon2023_b_dashConfig-version.cmake
-- Up-to-date: /home/ros-industrial/robocon_ws/install/robocon2023_b_dash/share/robocon2023_b_dash/package.xml
