[0.520s] Invoking command in '/home/ros-industrial/robocon_ws/build/robocon2023_b_dash_receiver': CMAKE_PREFIX_PATH=${CMAKE_PREFIX_PATH}:/opt/ros/foxy /usr/bin/cmake --build /home/ros-industrial/robocon_ws/build/robocon2023_b_dash_receiver -- -j8 -l8
[0.615s] [ 50%] Built target receiver
[0.617s] [100%] Built target program_checker
[0.631s] Invoked command in '/home/ros-industrial/robocon_ws/build/robocon2023_b_dash_receiver' returned '0': CMAKE_PREFIX_PATH=${CMAKE_PREFIX_PATH}:/opt/ros/foxy /usr/bin/cmake --build /home/ros-industrial/robocon_ws/build/robocon2023_b_dash_receiver -- -j8 -l8
[0.664s] Invoking command in '/home/ros-industrial/robocon_ws/build/robocon2023_b_dash_receiver': CMAKE_PREFIX_PATH=${CMAKE_PREFIX_PATH}:/opt/ros/foxy /usr/bin/cmake --install /home/ros-industrial/robocon_ws/build/robocon2023_b_dash_receiver
[0.678s] -- Install configuration: ""
[0.681s] -- Up-to-date: /home/ros-industrial/robocon_ws/install/robocon2023_b_dash_receiver/lib/robocon2023_b_dash_receiver/receiver
[0.681s] -- Up-to-date: /home/ros-industrial/robocon_ws/install/robocon2023_b_dash_receiver/lib/robocon2023_b_dash_receiver/program_checker
[0.682s] -- Up-to-date: /home/ros-industrial/robocon_ws/install/robocon2023_b_dash_receiver/share/ament_index/resource_index/package_run_dependencies/robocon2023_b_dash_receiver
[0.682s] -- Up-to-date: /home/ros-industrial/robocon_ws/install/robocon2023_b_dash_receiver/share/ament_index/resource_index/parent_prefix_path/robocon2023_b_dash_receiver
[0.683s] -- Up-to-date: /home/ros-industrial/robocon_ws/install/robocon2023_b_dash_receiver/share/robocon2023_b_dash_receiver/environment/ament_prefix_path.sh
[0.683s] -- Up-to-date: /home/ros-industrial/robocon_ws/install/robocon2023_b_dash_receiver/share/robocon2023_b_dash_receiver/environment/ament_prefix_path.dsv
[0.683s] -- Up-to-date: /home/ros-industrial/robocon_ws/install/robocon2023_b_dash_receiver/share/robocon2023_b_dash_receiver/environment/path.sh
[0.683s] -- Up-to-date: /home/ros-industrial/robocon_ws/install/robocon2023_b_dash_receiver/share/robocon2023_b_dash_receiver/environment/path.dsv
[0.683s] -- Up-to-date: /home/ros-industrial/robocon_ws/install/robocon2023_b_dash_receiver/share/robocon2023_b_dash_receiver/local_setup.bash
[0.683s] -- Up-to-date: /home/ros-industrial/robocon_ws/install/robocon2023_b_dash_receiver/share/robocon2023_b_dash_receiver/local_setup.sh
[0.683s] -- Up-to-date: /home/ros-industrial/robocon_ws/install/robocon2023_b_dash_receiver/share/robocon2023_b_dash_receiver/local_setup.zsh
[0.683s] -- Up-to-date: /home/ros-industrial/robocon_ws/install/robocon2023_b_dash_receiver/share/robocon2023_b_dash_receiver/local_setup.dsv
[0.683s] -- Installing: /home/ros-industrial/robocon_ws/install/robocon2023_b_dash_receiver/share/robocon2023_b_dash_receiver/package.dsv
[0.683s] -- Up-to-date: /home/ros-industrial/robocon_ws/install/robocon2023_b_dash_receiver/share/ament_index/resource_index/packages/robocon2023_b_dash_receiver
[0.684s] -- Up-to-date: /home/ros-industrial/robocon_ws/install/robocon2023_b_dash_receiver/share/robocon2023_b_dash_receiver/cmake/robocon2023_b_dash_receiverConfig.cmake
[0.684s] -- Up-to-date: /home/ros-industrial/robocon_ws/install/robocon2023_b_dash_receiver/share/robocon2023_b_dash_receiver/cmake/robocon2023_b_dash_receiverConfig-version.cmake
[0.684s] -- Up-to-date: /home/ros-industrial/robocon_ws/install/robocon2023_b_dash_receiver/share/robocon2023_b_dash_receiver/package.xml
[0.798s] Invoked command in '/home/ros-industrial/robocon_ws/build/robocon2023_b_dash_receiver' returned '0': CMAKE_PREFIX_PATH=${CMAKE_PREFIX_PATH}:/opt/ros/foxy /usr/bin/cmake --install /home/ros-industrial/robocon_ws/build/robocon2023_b_dash_receiver
