[0.621s] Invoking command in '/home/roboconb/robocon_ws/build/ros_to_kimd': CMAKE_PREFIX_PATH=${CMAKE_PREFIX_PATH}:/home/roboconb/robocon_ws/install/fruit_detection:/opt/ros/humble /home/roboconb/.local/bin/cmake --build /home/roboconb/robocon_ws/build/ros_to_kimd -- -j8 -l8
[0.769s] [ 50%] Built target joysubtest
[0.776s] [100%] Built target ControlKimd
[0.800s] Invoked command in '/home/roboconb/robocon_ws/build/ros_to_kimd' returned '0': CMAKE_PREFIX_PATH=${CMAKE_PREFIX_PATH}:/home/roboconb/robocon_ws/install/fruit_detection:/opt/ros/humble /home/roboconb/.local/bin/cmake --build /home/roboconb/robocon_ws/build/ros_to_kimd -- -j8 -l8
[0.995s] Invoking command in '/home/roboconb/robocon_ws/build/ros_to_kimd': CMAKE_PREFIX_PATH=${CMAKE_PREFIX_PATH}:/home/roboconb/robocon_ws/install/fruit_detection:/opt/ros/humble /home/roboconb/.local/bin/cmake --install /home/roboconb/robocon_ws/build/ros_to_kimd
[1.053s] -- Install configuration: ""
[1.055s] -- Up-to-date: /home/roboconb/robocon_ws/install/ros_to_kimd/lib/ros_to_kimd/joysubtest
[1.057s] -- Up-to-date: /home/roboconb/robocon_ws/install/ros_to_kimd/lib/ros_to_kimd/ControlKimd
[1.059s] -- Up-to-date: /home/roboconb/robocon_ws/install/ros_to_kimd/share/ament_index/resource_index/package_run_dependencies/ros_to_kimd
[1.060s] -- Up-to-date: /home/roboconb/robocon_ws/install/ros_to_kimd/share/ament_index/resource_index/parent_prefix_path/ros_to_kimd
[1.062s] -- Up-to-date: /home/roboconb/robocon_ws/install/ros_to_kimd/share/ros_to_kimd/environment/ament_prefix_path.sh
[1.063s] -- Up-to-date: /home/roboconb/robocon_ws/install/ros_to_kimd/share/ros_to_kimd/environment/ament_prefix_path.dsv
[1.066s] -- Up-to-date: /home/roboconb/robocon_ws/install/ros_to_kimd/share/ros_to_kimd/environment/path.sh
[1.067s] -- Up-to-date: /home/roboconb/robocon_ws/install/ros_to_kimd/share/ros_to_kimd/environment/path.dsv
[1.068s] -- Up-to-date: /home/roboconb/robocon_ws/install/ros_to_kimd/share/ros_to_kimd/local_setup.bash
[1.070s] -- Up-to-date: /home/roboconb/robocon_ws/install/ros_to_kimd/share/ros_to_kimd/local_setup.sh
[1.071s] -- Up-to-date: /home/roboconb/robocon_ws/install/ros_to_kimd/share/ros_to_kimd/local_setup.zsh
[1.073s] -- Up-to-date: /home/roboconb/robocon_ws/install/ros_to_kimd/share/ros_to_kimd/local_setup.dsv
[1.074s] -- Installing: /home/roboconb/robocon_ws/install/ros_to_kimd/share/ros_to_kimd/package.dsv
[1.076s] -- Up-to-date: /home/roboconb/robocon_ws/install/ros_to_kimd/share/ament_index/resource_index/packages/ros_to_kimd
[1.077s] -- Up-to-date: /home/roboconb/robocon_ws/install/ros_to_kimd/share/ros_to_kimd/cmake/ros_to_kimdConfig.cmake
[1.077s] -- Up-to-date: /home/roboconb/robocon_ws/install/ros_to_kimd/share/ros_to_kimd/cmake/ros_to_kimdConfig-version.cmake
[1.077s] -- Up-to-date: /home/roboconb/robocon_ws/install/ros_to_kimd/share/ros_to_kimd/package.xml
[1.100s] Invoked command in '/home/roboconb/robocon_ws/build/ros_to_kimd' returned '0': CMAKE_PREFIX_PATH=${CMAKE_PREFIX_PATH}:/home/roboconb/robocon_ws/install/fruit_detection:/opt/ros/humble /home/roboconb/.local/bin/cmake --install /home/roboconb/robocon_ws/build/ros_to_kimd
