[1.424s] DEBUG:colcon:Command line arguments: ['/usr/bin/colcon', 'build']
[1.424s] DEBUG:colcon:Parsed command line arguments: Namespace(allow_overriding=[], ament_cmake_args=None, base_paths=['.'], build_base='build', catkin_cmake_args=None, catkin_skip_building_tests=False, cmake_args=None, cmake_clean_cache=False, cmake_clean_first=False, cmake_force_configure=False, cmake_target=None, cmake_target_skip_unavailable=False, continue_on_error=False, event_handlers=None, executor='parallel', ignore_user_meta=False, install_base='install', log_base=None, log_level=None, main=<bound method BuildVerb.main of <colcon_core.verb.build.BuildVerb object at 0x7f9be9ec6820>>, merge_install=False, metas=['./colcon.meta'], packages_above=None, packages_above_and_dependencies=None, packages_above_depth=None, packages_end=None, packages_ignore=None, packages_ignore_regex=None, packages_select=None, packages_select_build_failed=False, packages_select_by_dep=None, packages_select_regex=None, packages_select_test_failures=False, packages_skip=None, packages_skip_build_finished=False, packages_skip_by_dep=None, packages_skip_regex=None, packages_skip_test_passed=False, packages_skip_up_to=None, packages_start=None, packages_up_to=None, packages_up_to_regex=None, parallel_workers=8, paths=None, symlink_install=False, test_result_base=None, verb_extension=<colcon_core.verb.build.BuildVerb object at 0x7f9be9ec6820>, verb_name='build', verb_parser=<colcon_defaults.argument_parser.defaults.DefaultArgumentsDecorator object at 0x7f9be9ec6640>)
[1.494s] Level 1:colcon.colcon_core.package_discovery:discover_packages(colcon_meta) check parameters
[1.494s] Level 1:colcon.colcon_core.package_discovery:discover_packages(recursive) check parameters
[1.494s] Level 1:colcon.colcon_core.package_discovery:discover_packages(ignore) check parameters
[1.494s] Level 1:colcon.colcon_core.package_discovery:discover_packages(path) check parameters
[1.494s] Level 1:colcon.colcon_core.package_discovery:discover_packages(colcon_meta) discover
[1.494s] Level 1:colcon.colcon_core.package_discovery:discover_packages(recursive) discover
[1.494s] INFO:colcon.colcon_core.package_discovery:Crawling recursively for packages in '/home/ros-industrial/robocon_ws'
[1.494s] Level 1:colcon.colcon_core.package_identification:_identify(.) by extensions ['ignore', 'ignore_ament_install']
[1.494s] Level 1:colcon.colcon_core.package_identification:_identify(.) by extension 'ignore'
[1.494s] Level 1:colcon.colcon_core.package_identification:_identify(.) by extension 'ignore_ament_install'
[1.494s] Level 1:colcon.colcon_core.package_identification:_identify(.) by extensions ['colcon_pkg']
[1.494s] Level 1:colcon.colcon_core.package_identification:_identify(.) by extension 'colcon_pkg'
[1.494s] Level 1:colcon.colcon_core.package_identification:_identify(.) by extensions ['colcon_meta']
[1.494s] Level 1:colcon.colcon_core.package_identification:_identify(.) by extension 'colcon_meta'
[1.494s] Level 1:colcon.colcon_core.package_identification:_identify(.) by extensions ['ros']
[1.494s] Level 1:colcon.colcon_core.package_identification:_identify(.) by extension 'ros'
[1.506s] Level 1:colcon.colcon_core.package_identification:_identify(.) by extensions ['cmake', 'python']
[1.506s] Level 1:colcon.colcon_core.package_identification:_identify(.) by extension 'cmake'
[1.506s] Level 1:colcon.colcon_core.package_identification:_identify(.) by extension 'python'
[1.506s] Level 1:colcon.colcon_core.package_identification:_identify(.) by extensions ['python_setup_py']
[1.506s] Level 1:colcon.colcon_core.package_identification:_identify(.) by extension 'python_setup_py'
[1.506s] Level 1:colcon.colcon_core.package_identification:_identify(build) by extensions ['ignore', 'ignore_ament_install']
[1.506s] Level 1:colcon.colcon_core.package_identification:_identify(build) by extension 'ignore'
[1.506s] Level 1:colcon.colcon_core.package_identification:_identify(build) ignored
[1.506s] Level 1:colcon.colcon_core.package_identification:_identify(install) by extensions ['ignore', 'ignore_ament_install']
[1.506s] Level 1:colcon.colcon_core.package_identification:_identify(install) by extension 'ignore'
[1.506s] Level 1:colcon.colcon_core.package_identification:_identify(install) ignored
[1.507s] Level 1:colcon.colcon_core.package_identification:_identify(log) by extensions ['ignore', 'ignore_ament_install']
[1.507s] Level 1:colcon.colcon_core.package_identification:_identify(log) by extension 'ignore'
[1.507s] Level 1:colcon.colcon_core.package_identification:_identify(log) ignored
[1.507s] Level 1:colcon.colcon_core.package_identification:_identify(src) by extensions ['ignore', 'ignore_ament_install']
[1.507s] Level 1:colcon.colcon_core.package_identification:_identify(src) by extension 'ignore'
[1.507s] Level 1:colcon.colcon_core.package_identification:_identify(src) by extension 'ignore_ament_install'
[1.507s] Level 1:colcon.colcon_core.package_identification:_identify(src) by extensions ['colcon_pkg']
[1.508s] Level 1:colcon.colcon_core.package_identification:_identify(src) by extension 'colcon_pkg'
[1.508s] Level 1:colcon.colcon_core.package_identification:_identify(src) by extensions ['colcon_meta']
[1.508s] Level 1:colcon.colcon_core.package_identification:_identify(src) by extension 'colcon_meta'
[1.508s] Level 1:colcon.colcon_core.package_identification:_identify(src) by extensions ['ros']
[1.508s] Level 1:colcon.colcon_core.package_identification:_identify(src) by extension 'ros'
[1.508s] Level 1:colcon.colcon_core.package_identification:_identify(src) by extensions ['cmake', 'python']
[1.508s] Level 1:colcon.colcon_core.package_identification:_identify(src) by extension 'cmake'
[1.508s] Level 1:colcon.colcon_core.package_identification:_identify(src) by extension 'python'
[1.508s] Level 1:colcon.colcon_core.package_identification:_identify(src) by extensions ['python_setup_py']
[1.508s] Level 1:colcon.colcon_core.package_identification:_identify(src) by extension 'python_setup_py'
[1.508s] Level 1:colcon.colcon_core.package_identification:_identify(src/build) by extensions ['ignore', 'ignore_ament_install']
[1.508s] Level 1:colcon.colcon_core.package_identification:_identify(src/build) by extension 'ignore'
[1.508s] Level 1:colcon.colcon_core.package_identification:_identify(src/build) ignored
[1.508s] Level 1:colcon.colcon_core.package_identification:_identify(src/install) by extensions ['ignore', 'ignore_ament_install']
[1.508s] Level 1:colcon.colcon_core.package_identification:_identify(src/install) by extension 'ignore'
[1.508s] Level 1:colcon.colcon_core.package_identification:_identify(src/install) ignored
[1.509s] Level 1:colcon.colcon_core.package_identification:_identify(src/log) by extensions ['ignore', 'ignore_ament_install']
[1.509s] Level 1:colcon.colcon_core.package_identification:_identify(src/log) by extension 'ignore'
[1.509s] Level 1:colcon.colcon_core.package_identification:_identify(src/log) ignored
[1.509s] Level 1:colcon.colcon_core.package_identification:_identify(src/remove_920mhz) by extensions ['ignore', 'ignore_ament_install']
[1.509s] Level 1:colcon.colcon_core.package_identification:_identify(src/remove_920mhz) by extension 'ignore'
[1.509s] Level 1:colcon.colcon_core.package_identification:_identify(src/remove_920mhz) by extension 'ignore_ament_install'
[1.509s] Level 1:colcon.colcon_core.package_identification:_identify(src/remove_920mhz) by extensions ['colcon_pkg']
[1.509s] Level 1:colcon.colcon_core.package_identification:_identify(src/remove_920mhz) by extension 'colcon_pkg'
[1.509s] Level 1:colcon.colcon_core.package_identification:_identify(src/remove_920mhz) by extensions ['colcon_meta']
[1.509s] Level 1:colcon.colcon_core.package_identification:_identify(src/remove_920mhz) by extension 'colcon_meta'
[1.509s] Level 1:colcon.colcon_core.package_identification:_identify(src/remove_920mhz) by extensions ['ros']
[1.509s] Level 1:colcon.colcon_core.package_identification:_identify(src/remove_920mhz) by extension 'ros'
[1.509s] Level 1:colcon.colcon_core.package_identification:_identify(src/remove_920mhz) by extensions ['cmake', 'python']
[1.509s] Level 1:colcon.colcon_core.package_identification:_identify(src/remove_920mhz) by extension 'cmake'
[1.509s] Level 1:colcon.colcon_core.package_identification:_identify(src/remove_920mhz) by extension 'python'
[1.509s] Level 1:colcon.colcon_core.package_identification:_identify(src/remove_920mhz) by extensions ['python_setup_py']
[1.509s] Level 1:colcon.colcon_core.package_identification:_identify(src/remove_920mhz) by extension 'python_setup_py'
[1.509s] Level 1:colcon.colcon_core.package_identification:_identify(src/robocon2023_b_dash) by extensions ['ignore', 'ignore_ament_install']
[1.509s] Level 1:colcon.colcon_core.package_identification:_identify(src/robocon2023_b_dash) by extension 'ignore'
[1.509s] Level 1:colcon.colcon_core.package_identification:_identify(src/robocon2023_b_dash) by extension 'ignore_ament_install'
[1.509s] Level 1:colcon.colcon_core.package_identification:_identify(src/robocon2023_b_dash) by extensions ['colcon_pkg']
[1.509s] Level 1:colcon.colcon_core.package_identification:_identify(src/robocon2023_b_dash) by extension 'colcon_pkg'
[1.510s] Level 1:colcon.colcon_core.package_identification:_identify(src/robocon2023_b_dash) by extensions ['colcon_meta']
[1.510s] Level 1:colcon.colcon_core.package_identification:_identify(src/robocon2023_b_dash) by extension 'colcon_meta'
[1.510s] Level 1:colcon.colcon_core.package_identification:_identify(src/robocon2023_b_dash) by extensions ['ros']
[1.510s] Level 1:colcon.colcon_core.package_identification:_identify(src/robocon2023_b_dash) by extension 'ros'
[1.512s] DEBUG:colcon.colcon_core.package_identification:Package 'src/robocon2023_b_dash' with type 'ros.ament_cmake' and name 'robocon2023_b_dash'
[1.512s] Level 1:colcon.colcon_core.package_identification:_identify(src/robocon2023_b_dash_receiver) by extensions ['ignore', 'ignore_ament_install']
[1.512s] Level 1:colcon.colcon_core.package_identification:_identify(src/robocon2023_b_dash_receiver) by extension 'ignore'
[1.512s] Level 1:colcon.colcon_core.package_identification:_identify(src/robocon2023_b_dash_receiver) by extension 'ignore_ament_install'
[1.512s] Level 1:colcon.colcon_core.package_identification:_identify(src/robocon2023_b_dash_receiver) by extensions ['colcon_pkg']
[1.512s] Level 1:colcon.colcon_core.package_identification:_identify(src/robocon2023_b_dash_receiver) by extension 'colcon_pkg'
[1.512s] Level 1:colcon.colcon_core.package_identification:_identify(src/robocon2023_b_dash_receiver) by extensions ['colcon_meta']
[1.512s] Level 1:colcon.colcon_core.package_identification:_identify(src/robocon2023_b_dash_receiver) by extension 'colcon_meta'
[1.512s] Level 1:colcon.colcon_core.package_identification:_identify(src/robocon2023_b_dash_receiver) by extensions ['ros']
[1.512s] Level 1:colcon.colcon_core.package_identification:_identify(src/robocon2023_b_dash_receiver) by extension 'ros'
[1.513s] DEBUG:colcon.colcon_core.package_identification:Package 'src/robocon2023_b_dash_receiver' with type 'ros.ament_cmake' and name 'robocon2023_b_dash_receiver'
[1.513s] Level 1:colcon.colcon_core.package_identification:_identify(src/ros_to_kimd) by extensions ['ignore', 'ignore_ament_install']
[1.513s] Level 1:colcon.colcon_core.package_identification:_identify(src/ros_to_kimd) by extension 'ignore'
[1.513s] Level 1:colcon.colcon_core.package_identification:_identify(src/ros_to_kimd) by extension 'ignore_ament_install'
[1.513s] Level 1:colcon.colcon_core.package_identification:_identify(src/ros_to_kimd) by extensions ['colcon_pkg']
[1.513s] Level 1:colcon.colcon_core.package_identification:_identify(src/ros_to_kimd) by extension 'colcon_pkg'
[1.513s] Level 1:colcon.colcon_core.package_identification:_identify(src/ros_to_kimd) by extensions ['colcon_meta']
[1.513s] Level 1:colcon.colcon_core.package_identification:_identify(src/ros_to_kimd) by extension 'colcon_meta'
[1.513s] Level 1:colcon.colcon_core.package_identification:_identify(src/ros_to_kimd) by extensions ['ros']
[1.513s] Level 1:colcon.colcon_core.package_identification:_identify(src/ros_to_kimd) by extension 'ros'
[1.513s] DEBUG:colcon.colcon_core.package_identification:Package 'src/ros_to_kimd' with type 'ros.ament_cmake' and name 'ros_to_kimd'
[1.513s] Level 1:colcon.colcon_core.package_identification:_identify(src/sllidar_ros2) by extensions ['ignore', 'ignore_ament_install']
[1.513s] Level 1:colcon.colcon_core.package_identification:_identify(src/sllidar_ros2) by extension 'ignore'
[1.514s] Level 1:colcon.colcon_core.package_identification:_identify(src/sllidar_ros2) by extension 'ignore_ament_install'
[1.514s] Level 1:colcon.colcon_core.package_identification:_identify(src/sllidar_ros2) by extensions ['colcon_pkg']
[1.514s] Level 1:colcon.colcon_core.package_identification:_identify(src/sllidar_ros2) by extension 'colcon_pkg'
[1.514s] Level 1:colcon.colcon_core.package_identification:_identify(src/sllidar_ros2) by extensions ['colcon_meta']
[1.514s] Level 1:colcon.colcon_core.package_identification:_identify(src/sllidar_ros2) by extension 'colcon_meta'
[1.514s] Level 1:colcon.colcon_core.package_identification:_identify(src/sllidar_ros2) by extensions ['ros']
[1.514s] Level 1:colcon.colcon_core.package_identification:_identify(src/sllidar_ros2) by extension 'ros'
[1.514s] DEBUG:colcon.colcon_core.package_identification:Package 'src/sllidar_ros2' with type 'ros.ament_cmake' and name 'sllidar_ros2'
[1.514s] Level 1:colcon.colcon_core.package_identification:_identify(src/time_practice) by extensions ['ignore', 'ignore_ament_install']
[1.514s] Level 1:colcon.colcon_core.package_identification:_identify(src/time_practice) by extension 'ignore'
[1.514s] Level 1:colcon.colcon_core.package_identification:_identify(src/time_practice) by extension 'ignore_ament_install'
[1.514s] Level 1:colcon.colcon_core.package_identification:_identify(src/time_practice) by extensions ['colcon_pkg']
[1.514s] Level 1:colcon.colcon_core.package_identification:_identify(src/time_practice) by extension 'colcon_pkg'
[1.514s] Level 1:colcon.colcon_core.package_identification:_identify(src/time_practice) by extensions ['colcon_meta']
[1.514s] Level 1:colcon.colcon_core.package_identification:_identify(src/time_practice) by extension 'colcon_meta'
[1.514s] Level 1:colcon.colcon_core.package_identification:_identify(src/time_practice) by extensions ['ros']
[1.514s] Level 1:colcon.colcon_core.package_identification:_identify(src/time_practice) by extension 'ros'
[1.515s] DEBUG:colcon.colcon_core.package_identification:Package 'src/time_practice' with type 'ros.ament_cmake' and name 'time_practice'
[1.515s] Level 1:colcon.colcon_core.package_identification:_identify(src/usb920_ver2) by extensions ['ignore', 'ignore_ament_install']
[1.515s] Level 1:colcon.colcon_core.package_identification:_identify(src/usb920_ver2) by extension 'ignore'
[1.515s] Level 1:colcon.colcon_core.package_identification:_identify(src/usb920_ver2) by extension 'ignore_ament_install'
[1.515s] Level 1:colcon.colcon_core.package_identification:_identify(src/usb920_ver2) by extensions ['colcon_pkg']
[1.515s] Level 1:colcon.colcon_core.package_identification:_identify(src/usb920_ver2) by extension 'colcon_pkg'
[1.515s] Level 1:colcon.colcon_core.package_identification:_identify(src/usb920_ver2) by extensions ['colcon_meta']
[1.515s] Level 1:colcon.colcon_core.package_identification:_identify(src/usb920_ver2) by extension 'colcon_meta'
[1.515s] Level 1:colcon.colcon_core.package_identification:_identify(src/usb920_ver2) by extensions ['ros']
[1.515s] Level 1:colcon.colcon_core.package_identification:_identify(src/usb920_ver2) by extension 'ros'
[1.515s] DEBUG:colcon.colcon_core.package_identification:Package 'src/usb920_ver2' with type 'ros.ament_cmake' and name 'usb920_ver2'
[1.515s] Level 1:colcon.colcon_core.package_discovery:discover_packages(recursive) using defaults
[1.515s] Level 1:colcon.colcon_core.package_discovery:discover_packages(ignore) discover
[1.515s] Level 1:colcon.colcon_core.package_discovery:discover_packages(ignore) using defaults
[1.515s] Level 1:colcon.colcon_core.package_discovery:discover_packages(path) discover
[1.515s] Level 1:colcon.colcon_core.package_discovery:discover_packages(path) using defaults
[1.665s] Level 1:colcon.colcon_core.package_discovery:discover_packages(prefix_path) check parameters
[1.665s] Level 1:colcon.colcon_core.package_discovery:discover_packages(prefix_path) discover
[1.719s] DEBUG:colcon.colcon_installed_package_information.package_discovery:Found 6 installed packages in /home/ros-industrial/robocon_ws/install
[1.743s] DEBUG:colcon.colcon_installed_package_information.package_discovery:Found 318 installed packages in /opt/ros/foxy
[1.744s] Level 1:colcon.colcon_core.package_discovery:discover_packages(prefix_path) using defaults
[1.856s] Level 5:colcon.colcon_core.verb:set package 'robocon2023_b_dash' build argument 'cmake_args' from command line to 'None'
[1.856s] Level 5:colcon.colcon_core.verb:set package 'robocon2023_b_dash' build argument 'cmake_target' from command line to 'None'
[1.856s] Level 5:colcon.colcon_core.verb:set package 'robocon2023_b_dash' build argument 'cmake_target_skip_unavailable' from command line to 'False'
[1.856s] Level 5:colcon.colcon_core.verb:set package 'robocon2023_b_dash' build argument 'cmake_clean_cache' from command line to 'False'
[1.856s] Level 5:colcon.colcon_core.verb:set package 'robocon2023_b_dash' build argument 'cmake_clean_first' from command line to 'False'
[1.856s] Level 5:colcon.colcon_core.verb:set package 'robocon2023_b_dash' build argument 'cmake_force_configure' from command line to 'False'
[1.856s] Level 5:colcon.colcon_core.verb:set package 'robocon2023_b_dash' build argument 'ament_cmake_args' from command line to 'None'
[1.856s] Level 5:colcon.colcon_core.verb:set package 'robocon2023_b_dash' build argument 'catkin_cmake_args' from command line to 'None'
[1.856s] Level 5:colcon.colcon_core.verb:set package 'robocon2023_b_dash' build argument 'catkin_skip_building_tests' from command line to 'False'
[1.856s] DEBUG:colcon.colcon_core.verb:Building package 'robocon2023_b_dash' with the following arguments: {'ament_cmake_args': None, 'build_base': '/home/ros-industrial/robocon_ws/build/robocon2023_b_dash', 'catkin_cmake_args': None, 'catkin_skip_building_tests': False, 'cmake_args': None, 'cmake_clean_cache': False, 'cmake_clean_first': False, 'cmake_force_configure': False, 'cmake_target': None, 'cmake_target_skip_unavailable': False, 'install_base': '/home/ros-industrial/robocon_ws/install/robocon2023_b_dash', 'merge_install': False, 'path': '/home/ros-industrial/robocon_ws/src/robocon2023_b_dash', 'symlink_install': False, 'test_result_base': None}
[1.880s] Level 5:colcon.colcon_core.verb:set package 'robocon2023_b_dash_receiver' build argument 'cmake_args' from command line to 'None'
[1.880s] Level 5:colcon.colcon_core.verb:set package 'robocon2023_b_dash_receiver' build argument 'cmake_target' from command line to 'None'
[1.880s] Level 5:colcon.colcon_core.verb:set package 'robocon2023_b_dash_receiver' build argument 'cmake_target_skip_unavailable' from command line to 'False'
[1.880s] Level 5:colcon.colcon_core.verb:set package 'robocon2023_b_dash_receiver' build argument 'cmake_clean_cache' from command line to 'False'
[1.880s] Level 5:colcon.colcon_core.verb:set package 'robocon2023_b_dash_receiver' build argument 'cmake_clean_first' from command line to 'False'
[1.880s] Level 5:colcon.colcon_core.verb:set package 'robocon2023_b_dash_receiver' build argument 'cmake_force_configure' from command line to 'False'
[1.880s] Level 5:colcon.colcon_core.verb:set package 'robocon2023_b_dash_receiver' build argument 'ament_cmake_args' from command line to 'None'
[1.881s] Level 5:colcon.colcon_core.verb:set package 'robocon2023_b_dash_receiver' build argument 'catkin_cmake_args' from command line to 'None'
[1.881s] Level 5:colcon.colcon_core.verb:set package 'robocon2023_b_dash_receiver' build argument 'catkin_skip_building_tests' from command line to 'False'
[1.881s] DEBUG:colcon.colcon_core.verb:Building package 'robocon2023_b_dash_receiver' with the following arguments: {'ament_cmake_args': None, 'build_base': '/home/ros-industrial/robocon_ws/build/robocon2023_b_dash_receiver', 'catkin_cmake_args': None, 'catkin_skip_building_tests': False, 'cmake_args': None, 'cmake_clean_cache': False, 'cmake_clean_first': False, 'cmake_force_configure': False, 'cmake_target': None, 'cmake_target_skip_unavailable': False, 'install_base': '/home/ros-industrial/robocon_ws/install/robocon2023_b_dash_receiver', 'merge_install': False, 'path': '/home/ros-industrial/robocon_ws/src/robocon2023_b_dash_receiver', 'symlink_install': False, 'test_result_base': None}
[1.904s] Level 5:colcon.colcon_core.verb:set package 'ros_to_kimd' build argument 'cmake_args' from command line to 'None'
[1.904s] Level 5:colcon.colcon_core.verb:set package 'ros_to_kimd' build argument 'cmake_target' from command line to 'None'
[1.905s] Level 5:colcon.colcon_core.verb:set package 'ros_to_kimd' build argument 'cmake_target_skip_unavailable' from command line to 'False'
[1.905s] Level 5:colcon.colcon_core.verb:set package 'ros_to_kimd' build argument 'cmake_clean_cache' from command line to 'False'
[1.905s] Level 5:colcon.colcon_core.verb:set package 'ros_to_kimd' build argument 'cmake_clean_first' from command line to 'False'
[1.905s] Level 5:colcon.colcon_core.verb:set package 'ros_to_kimd' build argument 'cmake_force_configure' from command line to 'False'
[1.905s] Level 5:colcon.colcon_core.verb:set package 'ros_to_kimd' build argument 'ament_cmake_args' from command line to 'None'
[1.905s] Level 5:colcon.colcon_core.verb:set package 'ros_to_kimd' build argument 'catkin_cmake_args' from command line to 'None'
[1.905s] Level 5:colcon.colcon_core.verb:set package 'ros_to_kimd' build argument 'catkin_skip_building_tests' from command line to 'False'
[1.905s] DEBUG:colcon.colcon_core.verb:Building package 'ros_to_kimd' with the following arguments: {'ament_cmake_args': None, 'build_base': '/home/ros-industrial/robocon_ws/build/ros_to_kimd', 'catkin_cmake_args': None, 'catkin_skip_building_tests': False, 'cmake_args': None, 'cmake_clean_cache': False, 'cmake_clean_first': False, 'cmake_force_configure': False, 'cmake_target': None, 'cmake_target_skip_unavailable': False, 'install_base': '/home/ros-industrial/robocon_ws/install/ros_to_kimd', 'merge_install': False, 'path': '/home/ros-industrial/robocon_ws/src/ros_to_kimd', 'symlink_install': False, 'test_result_base': None}
[1.928s] Level 5:colcon.colcon_core.verb:set package 'sllidar_ros2' build argument 'cmake_args' from command line to 'None'
[1.928s] Level 5:colcon.colcon_core.verb:set package 'sllidar_ros2' build argument 'cmake_target' from command line to 'None'
[1.928s] Level 5:colcon.colcon_core.verb:set package 'sllidar_ros2' build argument 'cmake_target_skip_unavailable' from command line to 'False'
[1.928s] Level 5:colcon.colcon_core.verb:set package 'sllidar_ros2' build argument 'cmake_clean_cache' from command line to 'False'
[1.928s] Level 5:colcon.colcon_core.verb:set package 'sllidar_ros2' build argument 'cmake_clean_first' from command line to 'False'
[1.928s] Level 5:colcon.colcon_core.verb:set package 'sllidar_ros2' build argument 'cmake_force_configure' from command line to 'False'
[1.928s] Level 5:colcon.colcon_core.verb:set package 'sllidar_ros2' build argument 'ament_cmake_args' from command line to 'None'
[1.928s] Level 5:colcon.colcon_core.verb:set package 'sllidar_ros2' build argument 'catkin_cmake_args' from command line to 'None'
[1.928s] Level 5:colcon.colcon_core.verb:set package 'sllidar_ros2' build argument 'catkin_skip_building_tests' from command line to 'False'
[1.928s] DEBUG:colcon.colcon_core.verb:Building package 'sllidar_ros2' with the following arguments: {'ament_cmake_args': None, 'build_base': '/home/ros-industrial/robocon_ws/build/sllidar_ros2', 'catkin_cmake_args': None, 'catkin_skip_building_tests': False, 'cmake_args': None, 'cmake_clean_cache': False, 'cmake_clean_first': False, 'cmake_force_configure': False, 'cmake_target': None, 'cmake_target_skip_unavailable': False, 'install_base': '/home/ros-industrial/robocon_ws/install/sllidar_ros2', 'merge_install': False, 'path': '/home/ros-industrial/robocon_ws/src/sllidar_ros2', 'symlink_install': False, 'test_result_base': None}
[1.951s] Level 5:colcon.colcon_core.verb:set package 'time_practice' build argument 'cmake_args' from command line to 'None'
[1.951s] Level 5:colcon.colcon_core.verb:set package 'time_practice' build argument 'cmake_target' from command line to 'None'
[1.951s] Level 5:colcon.colcon_core.verb:set package 'time_practice' build argument 'cmake_target_skip_unavailable' from command line to 'False'
[1.951s] Level 5:colcon.colcon_core.verb:set package 'time_practice' build argument 'cmake_clean_cache' from command line to 'False'
[1.951s] Level 5:colcon.colcon_core.verb:set package 'time_practice' build argument 'cmake_clean_first' from command line to 'False'
[1.951s] Level 5:colcon.colcon_core.verb:set package 'time_practice' build argument 'cmake_force_configure' from command line to 'False'
[1.951s] Level 5:colcon.colcon_core.verb:set package 'time_practice' build argument 'ament_cmake_args' from command line to 'None'
[1.951s] Level 5:colcon.colcon_core.verb:set package 'time_practice' build argument 'catkin_cmake_args' from command line to 'None'
[1.951s] Level 5:colcon.colcon_core.verb:set package 'time_practice' build argument 'catkin_skip_building_tests' from command line to 'False'
[1.951s] DEBUG:colcon.colcon_core.verb:Building package 'time_practice' with the following arguments: {'ament_cmake_args': None, 'build_base': '/home/ros-industrial/robocon_ws/build/time_practice', 'catkin_cmake_args': None, 'catkin_skip_building_tests': False, 'cmake_args': None, 'cmake_clean_cache': False, 'cmake_clean_first': False, 'cmake_force_configure': False, 'cmake_target': None, 'cmake_target_skip_unavailable': False, 'install_base': '/home/ros-industrial/robocon_ws/install/time_practice', 'merge_install': False, 'path': '/home/ros-industrial/robocon_ws/src/time_practice', 'symlink_install': False, 'test_result_base': None}
[1.972s] Level 5:colcon.colcon_core.verb:set package 'usb920_ver2' build argument 'cmake_args' from command line to 'None'
[1.972s] Level 5:colcon.colcon_core.verb:set package 'usb920_ver2' build argument 'cmake_target' from command line to 'None'
[1.972s] Level 5:colcon.colcon_core.verb:set package 'usb920_ver2' build argument 'cmake_target_skip_unavailable' from command line to 'False'
[1.972s] Level 5:colcon.colcon_core.verb:set package 'usb920_ver2' build argument 'cmake_clean_cache' from command line to 'False'
[1.972s] Level 5:colcon.colcon_core.verb:set package 'usb920_ver2' build argument 'cmake_clean_first' from command line to 'False'
[1.972s] Level 5:colcon.colcon_core.verb:set package 'usb920_ver2' build argument 'cmake_force_configure' from command line to 'False'
[1.972s] Level 5:colcon.colcon_core.verb:set package 'usb920_ver2' build argument 'ament_cmake_args' from command line to 'None'
[1.972s] Level 5:colcon.colcon_core.verb:set package 'usb920_ver2' build argument 'catkin_cmake_args' from command line to 'None'
[1.972s] Level 5:colcon.colcon_core.verb:set package 'usb920_ver2' build argument 'catkin_skip_building_tests' from command line to 'False'
[1.972s] DEBUG:colcon.colcon_core.verb:Building package 'usb920_ver2' with the following arguments: {'ament_cmake_args': None, 'build_base': '/home/ros-industrial/robocon_ws/build/usb920_ver2', 'catkin_cmake_args': None, 'catkin_skip_building_tests': False, 'cmake_args': None, 'cmake_clean_cache': False, 'cmake_clean_first': False, 'cmake_force_configure': False, 'cmake_target': None, 'cmake_target_skip_unavailable': False, 'install_base': '/home/ros-industrial/robocon_ws/install/usb920_ver2', 'merge_install': False, 'path': '/home/ros-industrial/robocon_ws/src/usb920_ver2', 'symlink_install': False, 'test_result_base': None}
[1.993s] INFO:colcon.colcon_core.executor:Executing jobs using 'parallel' executor
[2.014s] DEBUG:colcon.colcon_parallel_executor.executor.parallel:run_until_complete
[2.015s] INFO:colcon.colcon_ros.task.ament_cmake.build:Building ROS package in '/home/ros-industrial/robocon_ws/src/robocon2023_b_dash' with build type 'ament_cmake'
[2.015s] INFO:colcon.colcon_cmake.task.cmake.build:Building CMake package in '/home/ros-industrial/robocon_ws/src/robocon2023_b_dash'
[2.037s] INFO:colcon.colcon_core.plugin_system:Skipping extension 'colcon_core.shell.bat': Not used on non-Windows systems
[2.037s] INFO:colcon.colcon_core.shell:Skip shell extension 'powershell' for command environment: Not usable outside of PowerShell
[2.037s] DEBUG:colcon.colcon_core.shell:Skip shell extension 'dsv' for command environment
[2.105s] INFO:colcon.colcon_ros.task.ament_cmake.build:Building ROS package in '/home/ros-industrial/robocon_ws/src/robocon2023_b_dash_receiver' with build type 'ament_cmake'
[2.105s] INFO:colcon.colcon_cmake.task.cmake.build:Building CMake package in '/home/ros-industrial/robocon_ws/src/robocon2023_b_dash_receiver'
[2.129s] INFO:colcon.colcon_core.shell:Skip shell extension 'powershell' for command environment: Not usable outside of PowerShell
[2.129s] DEBUG:colcon.colcon_core.shell:Skip shell extension 'dsv' for command environment
[2.197s] INFO:colcon.colcon_ros.task.ament_cmake.build:Building ROS package in '/home/ros-industrial/robocon_ws/src/ros_to_kimd' with build type 'ament_cmake'
[2.197s] INFO:colcon.colcon_cmake.task.cmake.build:Building CMake package in '/home/ros-industrial/robocon_ws/src/ros_to_kimd'
[2.219s] INFO:colcon.colcon_core.shell:Skip shell extension 'powershell' for command environment: Not usable outside of PowerShell
[2.219s] DEBUG:colcon.colcon_core.shell:Skip shell extension 'dsv' for command environment
[2.294s] INFO:colcon.colcon_ros.task.ament_cmake.build:Building ROS package in '/home/ros-industrial/robocon_ws/src/sllidar_ros2' with build type 'ament_cmake'
[2.294s] INFO:colcon.colcon_cmake.task.cmake.build:Building CMake package in '/home/ros-industrial/robocon_ws/src/sllidar_ros2'
[2.314s] INFO:colcon.colcon_core.shell:Skip shell extension 'powershell' for command environment: Not usable outside of PowerShell
[2.315s] DEBUG:colcon.colcon_core.shell:Skip shell extension 'dsv' for command environment
[2.385s] INFO:colcon.colcon_ros.task.ament_cmake.build:Building ROS package in '/home/ros-industrial/robocon_ws/src/time_practice' with build type 'ament_cmake'
[2.385s] INFO:colcon.colcon_cmake.task.cmake.build:Building CMake package in '/home/ros-industrial/robocon_ws/src/time_practice'
[2.408s] INFO:colcon.colcon_core.shell:Skip shell extension 'powershell' for command environment: Not usable outside of PowerShell
[2.409s] DEBUG:colcon.colcon_core.shell:Skip shell extension 'dsv' for command environment
[2.479s] INFO:colcon.colcon_ros.task.ament_cmake.build:Building ROS package in '/home/ros-industrial/robocon_ws/src/usb920_ver2' with build type 'ament_cmake'
[2.479s] INFO:colcon.colcon_cmake.task.cmake.build:Building CMake package in '/home/ros-industrial/robocon_ws/src/usb920_ver2'
[2.504s] INFO:colcon.colcon_core.shell:Skip shell extension 'powershell' for command environment: Not usable outside of PowerShell
[2.504s] DEBUG:colcon.colcon_core.shell:Skip shell extension 'dsv' for command environment
[2.587s] DEBUG:colcon.colcon_core.event_handler.log_command:Invoking command in '/home/ros-industrial/robocon_ws/build/robocon2023_b_dash': CMAKE_PREFIX_PATH=${CMAKE_PREFIX_PATH}:/opt/ros/foxy /usr/bin/cmake --build /home/ros-industrial/robocon_ws/build/robocon2023_b_dash -- -j8 -l8
[2.591s] DEBUG:colcon.colcon_core.event_handler.log_command:Invoking command in '/home/ros-industrial/robocon_ws/build/robocon2023_b_dash_receiver': CMAKE_PREFIX_PATH=${CMAKE_PREFIX_PATH}:/opt/ros/foxy /usr/bin/cmake --build /home/ros-industrial/robocon_ws/build/robocon2023_b_dash_receiver -- -j8 -l8
[2.598s] DEBUG:colcon.colcon_core.event_handler.log_command:Invoking command in '/home/ros-industrial/robocon_ws/build/ros_to_kimd': CMAKE_PREFIX_PATH=${CMAKE_PREFIX_PATH}:/opt/ros/foxy /usr/bin/cmake --build /home/ros-industrial/robocon_ws/build/ros_to_kimd -- -j8 -l8
[2.605s] DEBUG:colcon.colcon_core.event_handler.log_command:Invoking command in '/home/ros-industrial/robocon_ws/build/sllidar_ros2': CMAKE_PREFIX_PATH=${CMAKE_PREFIX_PATH}:/opt/ros/foxy /usr/bin/cmake --build /home/ros-industrial/robocon_ws/build/sllidar_ros2 -- -j8 -l8
[2.610s] DEBUG:colcon.colcon_core.event_handler.log_command:Invoking command in '/home/ros-industrial/robocon_ws/build/time_practice': CMAKE_PREFIX_PATH=${CMAKE_PREFIX_PATH}:/opt/ros/foxy /usr/bin/cmake --build /home/ros-industrial/robocon_ws/build/time_practice -- -j8 -l8
[2.619s] DEBUG:colcon.colcon_core.event_handler.log_command:Invoking command in '/home/ros-industrial/robocon_ws/build/usb920_ver2': CMAKE_PREFIX_PATH=${CMAKE_PREFIX_PATH}:/opt/ros/foxy /usr/bin/cmake --build /home/ros-industrial/robocon_ws/build/usb920_ver2 -- -j8 -l8
[2.685s] DEBUG:colcon.colcon_core.event_handler.log_command:Invoked command in '/home/ros-industrial/robocon_ws/build/ros_to_kimd' returned '0': CMAKE_PREFIX_PATH=${CMAKE_PREFIX_PATH}:/opt/ros/foxy /usr/bin/cmake --build /home/ros-industrial/robocon_ws/build/ros_to_kimd -- -j8 -l8
[2.694s] DEBUG:colcon.colcon_core.event_handler.log_command:Invoked command in '/home/ros-industrial/robocon_ws/build/sllidar_ros2' returned '0': CMAKE_PREFIX_PATH=${CMAKE_PREFIX_PATH}:/opt/ros/foxy /usr/bin/cmake --build /home/ros-industrial/robocon_ws/build/sllidar_ros2 -- -j8 -l8
[2.701s] DEBUG:colcon.colcon_core.event_handler.log_command:Invoked command in '/home/ros-industrial/robocon_ws/build/usb920_ver2' returned '0': CMAKE_PREFIX_PATH=${CMAKE_PREFIX_PATH}:/opt/ros/foxy /usr/bin/cmake --build /home/ros-industrial/robocon_ws/build/usb920_ver2 -- -j8 -l8
[2.713s] DEBUG:colcon.colcon_core.event_handler.log_command:Invoked command in '/home/ros-industrial/robocon_ws/build/robocon2023_b_dash_receiver' returned '0': CMAKE_PREFIX_PATH=${CMAKE_PREFIX_PATH}:/opt/ros/foxy /usr/bin/cmake --build /home/ros-industrial/robocon_ws/build/robocon2023_b_dash_receiver -- -j8 -l8
[2.716s] DEBUG:colcon.colcon_core.event_handler.log_command:Invoked command in '/home/ros-industrial/robocon_ws/build/time_practice' returned '0': CMAKE_PREFIX_PATH=${CMAKE_PREFIX_PATH}:/opt/ros/foxy /usr/bin/cmake --build /home/ros-industrial/robocon_ws/build/time_practice -- -j8 -l8
[2.746s] DEBUG:colcon.colcon_core.event_handler.log_command:Invoking command in '/home/ros-industrial/robocon_ws/build/ros_to_kimd': CMAKE_PREFIX_PATH=${CMAKE_PREFIX_PATH}:/opt/ros/foxy /usr/bin/cmake --install /home/ros-industrial/robocon_ws/build/ros_to_kimd
[2.752s] DEBUG:colcon.colcon_core.event_handler.log_command:Invoking command in '/home/ros-industrial/robocon_ws/build/usb920_ver2': CMAKE_PREFIX_PATH=${CMAKE_PREFIX_PATH}:/opt/ros/foxy /usr/bin/cmake --install /home/ros-industrial/robocon_ws/build/usb920_ver2
[2.757s] DEBUG:colcon.colcon_core.event_handler.log_command:Invoking command in '/home/ros-industrial/robocon_ws/build/time_practice': CMAKE_PREFIX_PATH=${CMAKE_PREFIX_PATH}:/opt/ros/foxy /usr/bin/cmake --install /home/ros-industrial/robocon_ws/build/time_practice
[2.764s] DEBUG:colcon.colcon_core.event_handler.log_command:Invoking command in '/home/ros-industrial/robocon_ws/build/robocon2023_b_dash_receiver': CMAKE_PREFIX_PATH=${CMAKE_PREFIX_PATH}:/opt/ros/foxy /usr/bin/cmake --install /home/ros-industrial/robocon_ws/build/robocon2023_b_dash_receiver
[2.771s] DEBUG:colcon.colcon_core.event_handler.log_command:Invoking command in '/home/ros-industrial/robocon_ws/build/sllidar_ros2': CMAKE_PREFIX_PATH=${CMAKE_PREFIX_PATH}:/opt/ros/foxy /usr/bin/cmake --install /home/ros-industrial/robocon_ws/build/sllidar_ros2
[2.771s] Level 1:colcon.colcon_core.environment:create_environment_scripts_only(ros_to_kimd)
[2.772s] DEBUG:colcon.colcon_core.event_handler.log_command:Invoked command in '/home/ros-industrial/robocon_ws/build/ros_to_kimd' returned '0': CMAKE_PREFIX_PATH=${CMAKE_PREFIX_PATH}:/opt/ros/foxy /usr/bin/cmake --install /home/ros-industrial/robocon_ws/build/ros_to_kimd
[2.802s] Level 1:colcon.colcon_core.environment:checking '/home/ros-industrial/robocon_ws/install/ros_to_kimd' for CMake module files
[2.802s] Level 1:colcon.colcon_core.environment:checking '/home/ros-industrial/robocon_ws/install/ros_to_kimd' for CMake config files
[2.803s] Level 1:colcon.colcon_core.shell:create_environment_hook('ros_to_kimd', 'cmake_prefix_path')
[2.828s] INFO:colcon.colcon_core.shell:Creating environment hook '/home/ros-industrial/robocon_ws/install/ros_to_kimd/share/ros_to_kimd/hook/cmake_prefix_path.ps1'
[2.829s] INFO:colcon.colcon_core.shell:Creating environment descriptor '/home/ros-industrial/robocon_ws/install/ros_to_kimd/share/ros_to_kimd/hook/cmake_prefix_path.dsv'
[2.829s] INFO:colcon.colcon_core.shell:Creating environment hook '/home/ros-industrial/robocon_ws/install/ros_to_kimd/share/ros_to_kimd/hook/cmake_prefix_path.sh'
[2.830s] Level 1:colcon.colcon_core.environment:checking '/home/ros-industrial/robocon_ws/install/ros_to_kimd/lib'
[2.830s] Level 1:colcon.colcon_core.environment:checking '/home/ros-industrial/robocon_ws/install/ros_to_kimd/bin'
[2.830s] Level 1:colcon.colcon_core.environment:checking '/home/ros-industrial/robocon_ws/install/ros_to_kimd/lib/pkgconfig/ros_to_kimd.pc'
[2.831s] Level 1:colcon.colcon_core.environment:checking '/home/ros-industrial/robocon_ws/install/ros_to_kimd/lib/python3.8/site-packages'
[2.831s] Level 1:colcon.colcon_core.environment:checking '/home/ros-industrial/robocon_ws/install/ros_to_kimd/bin'
[2.855s] INFO:colcon.colcon_core.shell:Creating package script '/home/ros-industrial/robocon_ws/install/ros_to_kimd/share/ros_to_kimd/package.ps1'
[2.855s] INFO:colcon.colcon_core.shell:Creating package descriptor '/home/ros-industrial/robocon_ws/install/ros_to_kimd/share/ros_to_kimd/package.dsv'
[2.856s] INFO:colcon.colcon_core.shell:Creating package script '/home/ros-industrial/robocon_ws/install/ros_to_kimd/share/ros_to_kimd/package.sh'
[2.856s] INFO:colcon.colcon_core.shell:Creating package script '/home/ros-industrial/robocon_ws/install/ros_to_kimd/share/ros_to_kimd/package.bash'
[2.857s] INFO:colcon.colcon_core.shell:Creating package script '/home/ros-industrial/robocon_ws/install/ros_to_kimd/share/ros_to_kimd/package.zsh'
[2.857s] Level 1:colcon.colcon_core.environment:create_file_with_runtime_dependencies(/home/ros-industrial/robocon_ws/install/ros_to_kimd/share/colcon-core/packages/ros_to_kimd)
[2.868s] Level 1:colcon.colcon_core.environment:create_environment_scripts_only(usb920_ver2)
[2.872s] DEBUG:colcon.colcon_core.event_handler.log_command:Invoked command in '/home/ros-industrial/robocon_ws/build/usb920_ver2' returned '0': CMAKE_PREFIX_PATH=${CMAKE_PREFIX_PATH}:/opt/ros/foxy /usr/bin/cmake --install /home/ros-industrial/robocon_ws/build/usb920_ver2
[2.900s] Level 1:colcon.colcon_core.environment:checking '/home/ros-industrial/robocon_ws/install/usb920_ver2' for CMake module files
[2.900s] Level 1:colcon.colcon_core.environment:checking '/home/ros-industrial/robocon_ws/install/usb920_ver2' for CMake config files
[2.900s] Level 1:colcon.colcon_core.shell:create_environment_hook('usb920_ver2', 'cmake_prefix_path')
[2.926s] INFO:colcon.colcon_core.shell:Creating environment hook '/home/ros-industrial/robocon_ws/install/usb920_ver2/share/usb920_ver2/hook/cmake_prefix_path.ps1'
[2.927s] INFO:colcon.colcon_core.shell:Creating environment descriptor '/home/ros-industrial/robocon_ws/install/usb920_ver2/share/usb920_ver2/hook/cmake_prefix_path.dsv'
[2.927s] INFO:colcon.colcon_core.shell:Creating environment hook '/home/ros-industrial/robocon_ws/install/usb920_ver2/share/usb920_ver2/hook/cmake_prefix_path.sh'
[2.927s] Level 1:colcon.colcon_core.environment:checking '/home/ros-industrial/robocon_ws/install/usb920_ver2/lib'
[2.928s] Level 1:colcon.colcon_core.environment:checking '/home/ros-industrial/robocon_ws/install/usb920_ver2/bin'
[2.928s] Level 1:colcon.colcon_core.environment:checking '/home/ros-industrial/robocon_ws/install/usb920_ver2/lib/pkgconfig/usb920_ver2.pc'
[2.928s] Level 1:colcon.colcon_core.environment:checking '/home/ros-industrial/robocon_ws/install/usb920_ver2/lib/python3.8/site-packages'
[2.928s] Level 1:colcon.colcon_core.environment:checking '/home/ros-industrial/robocon_ws/install/usb920_ver2/bin'
[2.953s] INFO:colcon.colcon_core.shell:Creating package script '/home/ros-industrial/robocon_ws/install/usb920_ver2/share/usb920_ver2/package.ps1'
[2.954s] INFO:colcon.colcon_core.shell:Creating package descriptor '/home/ros-industrial/robocon_ws/install/usb920_ver2/share/usb920_ver2/package.dsv'
[2.954s] INFO:colcon.colcon_core.shell:Creating package script '/home/ros-industrial/robocon_ws/install/usb920_ver2/share/usb920_ver2/package.sh'
[2.955s] INFO:colcon.colcon_core.shell:Creating package script '/home/ros-industrial/robocon_ws/install/usb920_ver2/share/usb920_ver2/package.bash'
[2.955s] INFO:colcon.colcon_core.shell:Creating package script '/home/ros-industrial/robocon_ws/install/usb920_ver2/share/usb920_ver2/package.zsh'
[2.955s] Level 1:colcon.colcon_core.environment:create_file_with_runtime_dependencies(/home/ros-industrial/robocon_ws/install/usb920_ver2/share/colcon-core/packages/usb920_ver2)
[2.958s] Level 1:colcon.colcon_core.environment:create_environment_scripts_only(time_practice)
[2.960s] DEBUG:colcon.colcon_core.event_handler.log_command:Invoked command in '/home/ros-industrial/robocon_ws/build/time_practice' returned '0': CMAKE_PREFIX_PATH=${CMAKE_PREFIX_PATH}:/opt/ros/foxy /usr/bin/cmake --install /home/ros-industrial/robocon_ws/build/time_practice
[2.987s] Level 1:colcon.colcon_core.environment:checking '/home/ros-industrial/robocon_ws/install/time_practice' for CMake module files
[2.987s] Level 1:colcon.colcon_core.environment:checking '/home/ros-industrial/robocon_ws/install/time_practice' for CMake config files
[2.987s] Level 1:colcon.colcon_core.shell:create_environment_hook('time_practice', 'cmake_prefix_path')
[3.012s] INFO:colcon.colcon_core.shell:Creating environment hook '/home/ros-industrial/robocon_ws/install/time_practice/share/time_practice/hook/cmake_prefix_path.ps1'
[3.012s] INFO:colcon.colcon_core.shell:Creating environment descriptor '/home/ros-industrial/robocon_ws/install/time_practice/share/time_practice/hook/cmake_prefix_path.dsv'
[3.013s] INFO:colcon.colcon_core.shell:Creating environment hook '/home/ros-industrial/robocon_ws/install/time_practice/share/time_practice/hook/cmake_prefix_path.sh'
[3.013s] Level 1:colcon.colcon_core.environment:checking '/home/ros-industrial/robocon_ws/install/time_practice/lib'
[3.013s] Level 1:colcon.colcon_core.environment:checking '/home/ros-industrial/robocon_ws/install/time_practice/bin'
[3.013s] Level 1:colcon.colcon_core.environment:checking '/home/ros-industrial/robocon_ws/install/time_practice/lib/pkgconfig/time_practice.pc'
[3.014s] Level 1:colcon.colcon_core.environment:checking '/home/ros-industrial/robocon_ws/install/time_practice/lib/python3.8/site-packages'
[3.014s] Level 1:colcon.colcon_core.environment:checking '/home/ros-industrial/robocon_ws/install/time_practice/bin'
[3.038s] INFO:colcon.colcon_core.shell:Creating package script '/home/ros-industrial/robocon_ws/install/time_practice/share/time_practice/package.ps1'
[3.039s] INFO:colcon.colcon_core.shell:Creating package descriptor '/home/ros-industrial/robocon_ws/install/time_practice/share/time_practice/package.dsv'
[3.039s] INFO:colcon.colcon_core.shell:Creating package script '/home/ros-industrial/robocon_ws/install/time_practice/share/time_practice/package.sh'
[3.040s] INFO:colcon.colcon_core.shell:Creating package script '/home/ros-industrial/robocon_ws/install/time_practice/share/time_practice/package.bash'
[3.040s] INFO:colcon.colcon_core.shell:Creating package script '/home/ros-industrial/robocon_ws/install/time_practice/share/time_practice/package.zsh'
[3.040s] Level 1:colcon.colcon_core.environment:create_file_with_runtime_dependencies(/home/ros-industrial/robocon_ws/install/time_practice/share/colcon-core/packages/time_practice)
[3.043s] Level 1:colcon.colcon_core.environment:create_environment_scripts_only(robocon2023_b_dash_receiver)
[3.045s] DEBUG:colcon.colcon_core.event_handler.log_command:Invoked command in '/home/ros-industrial/robocon_ws/build/robocon2023_b_dash_receiver' returned '0': CMAKE_PREFIX_PATH=${CMAKE_PREFIX_PATH}:/opt/ros/foxy /usr/bin/cmake --install /home/ros-industrial/robocon_ws/build/robocon2023_b_dash_receiver
[3.073s] Level 1:colcon.colcon_core.environment:checking '/home/ros-industrial/robocon_ws/install/robocon2023_b_dash_receiver' for CMake module files
[3.074s] Level 1:colcon.colcon_core.environment:checking '/home/ros-industrial/robocon_ws/install/robocon2023_b_dash_receiver' for CMake config files
[3.074s] Level 1:colcon.colcon_core.shell:create_environment_hook('robocon2023_b_dash_receiver', 'cmake_prefix_path')
[3.098s] INFO:colcon.colcon_core.shell:Creating environment hook '/home/ros-industrial/robocon_ws/install/robocon2023_b_dash_receiver/share/robocon2023_b_dash_receiver/hook/cmake_prefix_path.ps1'
[3.099s] INFO:colcon.colcon_core.shell:Creating environment descriptor '/home/ros-industrial/robocon_ws/install/robocon2023_b_dash_receiver/share/robocon2023_b_dash_receiver/hook/cmake_prefix_path.dsv'
[3.099s] INFO:colcon.colcon_core.shell:Creating environment hook '/home/ros-industrial/robocon_ws/install/robocon2023_b_dash_receiver/share/robocon2023_b_dash_receiver/hook/cmake_prefix_path.sh'
[3.100s] Level 1:colcon.colcon_core.environment:checking '/home/ros-industrial/robocon_ws/install/robocon2023_b_dash_receiver/lib'
[3.100s] Level 1:colcon.colcon_core.environment:checking '/home/ros-industrial/robocon_ws/install/robocon2023_b_dash_receiver/bin'
[3.100s] Level 1:colcon.colcon_core.environment:checking '/home/ros-industrial/robocon_ws/install/robocon2023_b_dash_receiver/lib/pkgconfig/robocon2023_b_dash_receiver.pc'
[3.100s] Level 1:colcon.colcon_core.environment:checking '/home/ros-industrial/robocon_ws/install/robocon2023_b_dash_receiver/lib/python3.8/site-packages'
[3.100s] Level 1:colcon.colcon_core.environment:checking '/home/ros-industrial/robocon_ws/install/robocon2023_b_dash_receiver/bin'
[3.125s] INFO:colcon.colcon_core.shell:Creating package script '/home/ros-industrial/robocon_ws/install/robocon2023_b_dash_receiver/share/robocon2023_b_dash_receiver/package.ps1'
[3.126s] INFO:colcon.colcon_core.shell:Creating package descriptor '/home/ros-industrial/robocon_ws/install/robocon2023_b_dash_receiver/share/robocon2023_b_dash_receiver/package.dsv'
[3.126s] INFO:colcon.colcon_core.shell:Creating package script '/home/ros-industrial/robocon_ws/install/robocon2023_b_dash_receiver/share/robocon2023_b_dash_receiver/package.sh'
[3.127s] INFO:colcon.colcon_core.shell:Creating package script '/home/ros-industrial/robocon_ws/install/robocon2023_b_dash_receiver/share/robocon2023_b_dash_receiver/package.bash'
[3.127s] INFO:colcon.colcon_core.shell:Creating package script '/home/ros-industrial/robocon_ws/install/robocon2023_b_dash_receiver/share/robocon2023_b_dash_receiver/package.zsh'
[3.127s] Level 1:colcon.colcon_core.environment:create_file_with_runtime_dependencies(/home/ros-industrial/robocon_ws/install/robocon2023_b_dash_receiver/share/colcon-core/packages/robocon2023_b_dash_receiver)
[3.131s] Level 1:colcon.colcon_core.environment:create_environment_scripts_only(sllidar_ros2)
[3.132s] DEBUG:colcon.colcon_core.event_handler.log_command:Invoked command in '/home/ros-industrial/robocon_ws/build/sllidar_ros2' returned '0': CMAKE_PREFIX_PATH=${CMAKE_PREFIX_PATH}:/opt/ros/foxy /usr/bin/cmake --install /home/ros-industrial/robocon_ws/build/sllidar_ros2
[3.158s] Level 1:colcon.colcon_core.environment:checking '/home/ros-industrial/robocon_ws/install/sllidar_ros2' for CMake module files
[3.158s] Level 1:colcon.colcon_core.environment:checking '/home/ros-industrial/robocon_ws/install/sllidar_ros2' for CMake config files
[3.158s] Level 1:colcon.colcon_core.shell:create_environment_hook('sllidar_ros2', 'cmake_prefix_path')
[3.184s] INFO:colcon.colcon_core.shell:Creating environment hook '/home/ros-industrial/robocon_ws/install/sllidar_ros2/share/sllidar_ros2/hook/cmake_prefix_path.ps1'
[3.185s] INFO:colcon.colcon_core.shell:Creating environment descriptor '/home/ros-industrial/robocon_ws/install/sllidar_ros2/share/sllidar_ros2/hook/cmake_prefix_path.dsv'
[3.185s] INFO:colcon.colcon_core.shell:Creating environment hook '/home/ros-industrial/robocon_ws/install/sllidar_ros2/share/sllidar_ros2/hook/cmake_prefix_path.sh'
[3.186s] Level 1:colcon.colcon_core.environment:checking '/home/ros-industrial/robocon_ws/install/sllidar_ros2/lib'
[3.186s] Level 1:colcon.colcon_core.environment:checking '/home/ros-industrial/robocon_ws/install/sllidar_ros2/bin'
[3.186s] Level 1:colcon.colcon_core.environment:checking '/home/ros-industrial/robocon_ws/install/sllidar_ros2/lib/pkgconfig/sllidar_ros2.pc'
[3.186s] Level 1:colcon.colcon_core.environment:checking '/home/ros-industrial/robocon_ws/install/sllidar_ros2/lib/python3.8/site-packages'
[3.186s] Level 1:colcon.colcon_core.environment:checking '/home/ros-industrial/robocon_ws/install/sllidar_ros2/bin'
[3.214s] INFO:colcon.colcon_core.shell:Creating package script '/home/ros-industrial/robocon_ws/install/sllidar_ros2/share/sllidar_ros2/package.ps1'
[3.215s] INFO:colcon.colcon_core.shell:Creating package descriptor '/home/ros-industrial/robocon_ws/install/sllidar_ros2/share/sllidar_ros2/package.dsv'
[3.215s] INFO:colcon.colcon_core.shell:Creating package script '/home/ros-industrial/robocon_ws/install/sllidar_ros2/share/sllidar_ros2/package.sh'
[3.216s] INFO:colcon.colcon_core.shell:Creating package script '/home/ros-industrial/robocon_ws/install/sllidar_ros2/share/sllidar_ros2/package.bash'
[3.216s] INFO:colcon.colcon_core.shell:Creating package script '/home/ros-industrial/robocon_ws/install/sllidar_ros2/share/sllidar_ros2/package.zsh'
[3.216s] Level 1:colcon.colcon_core.environment:create_file_with_runtime_dependencies(/home/ros-industrial/robocon_ws/install/sllidar_ros2/share/colcon-core/packages/sllidar_ros2)
[3.253s] Level 1:colcon.colcon_core.environment:create_environment_scripts_only(ros_to_kimd)
[3.282s] Level 1:colcon.colcon_core.environment:checking '/home/ros-industrial/robocon_ws/install/ros_to_kimd' for CMake module files
[3.282s] Level 1:colcon.colcon_core.environment:checking '/home/ros-industrial/robocon_ws/install/ros_to_kimd' for CMake config files
[3.282s] Level 1:colcon.colcon_core.shell:create_environment_hook('ros_to_kimd', 'cmake_prefix_path')
[3.307s] INFO:colcon.colcon_core.shell:Creating environment hook '/home/ros-industrial/robocon_ws/install/ros_to_kimd/share/ros_to_kimd/hook/cmake_prefix_path.ps1'
[3.307s] INFO:colcon.colcon_core.shell:Creating environment descriptor '/home/ros-industrial/robocon_ws/install/ros_to_kimd/share/ros_to_kimd/hook/cmake_prefix_path.dsv'
[3.308s] INFO:colcon.colcon_core.shell:Creating environment hook '/home/ros-industrial/robocon_ws/install/ros_to_kimd/share/ros_to_kimd/hook/cmake_prefix_path.sh'
[3.308s] Level 1:colcon.colcon_core.environment:checking '/home/ros-industrial/robocon_ws/install/ros_to_kimd/lib'
[3.308s] Level 1:colcon.colcon_core.environment:checking '/home/ros-industrial/robocon_ws/install/ros_to_kimd/bin'
[3.308s] Level 1:colcon.colcon_core.environment:checking '/home/ros-industrial/robocon_ws/install/ros_to_kimd/lib/pkgconfig/ros_to_kimd.pc'
[3.309s] Level 1:colcon.colcon_core.environment:checking '/home/ros-industrial/robocon_ws/install/ros_to_kimd/lib/python3.8/site-packages'
[3.309s] Level 1:colcon.colcon_core.environment:checking '/home/ros-industrial/robocon_ws/install/ros_to_kimd/bin'
[3.334s] INFO:colcon.colcon_core.shell:Creating package script '/home/ros-industrial/robocon_ws/install/ros_to_kimd/share/ros_to_kimd/package.ps1'
[3.335s] INFO:colcon.colcon_core.shell:Creating package descriptor '/home/ros-industrial/robocon_ws/install/ros_to_kimd/share/ros_to_kimd/package.dsv'
[3.335s] INFO:colcon.colcon_core.shell:Creating package script '/home/ros-industrial/robocon_ws/install/ros_to_kimd/share/ros_to_kimd/package.sh'
[3.336s] INFO:colcon.colcon_core.shell:Creating package script '/home/ros-industrial/robocon_ws/install/ros_to_kimd/share/ros_to_kimd/package.bash'
[3.336s] INFO:colcon.colcon_core.shell:Creating package script '/home/ros-industrial/robocon_ws/install/ros_to_kimd/share/ros_to_kimd/package.zsh'
[3.336s] Level 1:colcon.colcon_core.environment:create_file_with_runtime_dependencies(/home/ros-industrial/robocon_ws/install/ros_to_kimd/share/colcon-core/packages/ros_to_kimd)
[3.362s] Level 1:colcon.colcon_core.environment:create_environment_scripts_only(usb920_ver2)
[3.393s] Level 1:colcon.colcon_core.environment:checking '/home/ros-industrial/robocon_ws/install/usb920_ver2' for CMake module files
[3.394s] Level 1:colcon.colcon_core.environment:checking '/home/ros-industrial/robocon_ws/install/usb920_ver2' for CMake config files
[3.394s] Level 1:colcon.colcon_core.shell:create_environment_hook('usb920_ver2', 'cmake_prefix_path')
[3.447s] INFO:colcon.colcon_core.shell:Creating environment hook '/home/ros-industrial/robocon_ws/install/usb920_ver2/share/usb920_ver2/hook/cmake_prefix_path.ps1'
[3.448s] INFO:colcon.colcon_core.shell:Creating environment descriptor '/home/ros-industrial/robocon_ws/install/usb920_ver2/share/usb920_ver2/hook/cmake_prefix_path.dsv'
[3.449s] INFO:colcon.colcon_core.shell:Creating environment hook '/home/ros-industrial/robocon_ws/install/usb920_ver2/share/usb920_ver2/hook/cmake_prefix_path.sh'
[3.450s] Level 1:colcon.colcon_core.environment:checking '/home/ros-industrial/robocon_ws/install/usb920_ver2/lib'
[3.451s] Level 1:colcon.colcon_core.environment:checking '/home/ros-industrial/robocon_ws/install/usb920_ver2/bin'
[3.451s] Level 1:colcon.colcon_core.environment:checking '/home/ros-industrial/robocon_ws/install/usb920_ver2/lib/pkgconfig/usb920_ver2.pc'
[3.451s] Level 1:colcon.colcon_core.environment:checking '/home/ros-industrial/robocon_ws/install/usb920_ver2/lib/python3.8/site-packages'
[3.452s] Level 1:colcon.colcon_core.environment:checking '/home/ros-industrial/robocon_ws/install/usb920_ver2/bin'
[3.480s] INFO:colcon.colcon_core.shell:Creating package script '/home/ros-industrial/robocon_ws/install/usb920_ver2/share/usb920_ver2/package.ps1'
[3.482s] INFO:colcon.colcon_core.shell:Creating package descriptor '/home/ros-industrial/robocon_ws/install/usb920_ver2/share/usb920_ver2/package.dsv'
[3.483s] INFO:colcon.colcon_core.shell:Creating package script '/home/ros-industrial/robocon_ws/install/usb920_ver2/share/usb920_ver2/package.sh'
[3.484s] INFO:colcon.colcon_core.shell:Creating package script '/home/ros-industrial/robocon_ws/install/usb920_ver2/share/usb920_ver2/package.bash'
[3.484s] INFO:colcon.colcon_core.shell:Creating package script '/home/ros-industrial/robocon_ws/install/usb920_ver2/share/usb920_ver2/package.zsh'
[3.484s] Level 1:colcon.colcon_core.environment:create_file_with_runtime_dependencies(/home/ros-industrial/robocon_ws/install/usb920_ver2/share/colcon-core/packages/usb920_ver2)
[3.512s] Level 1:colcon.colcon_core.environment:create_environment_scripts_only(time_practice)
[3.540s] Level 1:colcon.colcon_core.environment:checking '/home/ros-industrial/robocon_ws/install/time_practice' for CMake module files
[3.541s] Level 1:colcon.colcon_core.environment:checking '/home/ros-industrial/robocon_ws/install/time_practice' for CMake config files
[3.541s] Level 1:colcon.colcon_core.shell:create_environment_hook('time_practice', 'cmake_prefix_path')
[3.567s] INFO:colcon.colcon_core.shell:Creating environment hook '/home/ros-industrial/robocon_ws/install/time_practice/share/time_practice/hook/cmake_prefix_path.ps1'
[3.567s] INFO:colcon.colcon_core.shell:Creating environment descriptor '/home/ros-industrial/robocon_ws/install/time_practice/share/time_practice/hook/cmake_prefix_path.dsv'
[3.568s] INFO:colcon.colcon_core.shell:Creating environment hook '/home/ros-industrial/robocon_ws/install/time_practice/share/time_practice/hook/cmake_prefix_path.sh'
[3.568s] Level 1:colcon.colcon_core.environment:checking '/home/ros-industrial/robocon_ws/install/time_practice/lib'
[3.568s] Level 1:colcon.colcon_core.environment:checking '/home/ros-industrial/robocon_ws/install/time_practice/bin'
[3.568s] Level 1:colcon.colcon_core.environment:checking '/home/ros-industrial/robocon_ws/install/time_practice/lib/pkgconfig/time_practice.pc'
[3.569s] Level 1:colcon.colcon_core.environment:checking '/home/ros-industrial/robocon_ws/install/time_practice/lib/python3.8/site-packages'
[3.569s] Level 1:colcon.colcon_core.environment:checking '/home/ros-industrial/robocon_ws/install/time_practice/bin'
[3.595s] INFO:colcon.colcon_core.shell:Creating package script '/home/ros-industrial/robocon_ws/install/time_practice/share/time_practice/package.ps1'
[3.595s] INFO:colcon.colcon_core.shell:Creating package descriptor '/home/ros-industrial/robocon_ws/install/time_practice/share/time_practice/package.dsv'
[3.596s] INFO:colcon.colcon_core.shell:Creating package script '/home/ros-industrial/robocon_ws/install/time_practice/share/time_practice/package.sh'
[3.596s] INFO:colcon.colcon_core.shell:Creating package script '/home/ros-industrial/robocon_ws/install/time_practice/share/time_practice/package.bash'
[3.597s] INFO:colcon.colcon_core.shell:Creating package script '/home/ros-industrial/robocon_ws/install/time_practice/share/time_practice/package.zsh'
[3.597s] Level 1:colcon.colcon_core.environment:create_file_with_runtime_dependencies(/home/ros-industrial/robocon_ws/install/time_practice/share/colcon-core/packages/time_practice)
[3.626s] Level 1:colcon.colcon_core.environment:create_environment_scripts_only(robocon2023_b_dash_receiver)
[3.653s] Level 1:colcon.colcon_core.environment:checking '/home/ros-industrial/robocon_ws/install/robocon2023_b_dash_receiver' for CMake module files
[3.654s] Level 1:colcon.colcon_core.environment:checking '/home/ros-industrial/robocon_ws/install/robocon2023_b_dash_receiver' for CMake config files
[3.654s] Level 1:colcon.colcon_core.shell:create_environment_hook('robocon2023_b_dash_receiver', 'cmake_prefix_path')
[3.682s] INFO:colcon.colcon_core.shell:Creating environment hook '/home/ros-industrial/robocon_ws/install/robocon2023_b_dash_receiver/share/robocon2023_b_dash_receiver/hook/cmake_prefix_path.ps1'
[3.682s] INFO:colcon.colcon_core.shell:Creating environment descriptor '/home/ros-industrial/robocon_ws/install/robocon2023_b_dash_receiver/share/robocon2023_b_dash_receiver/hook/cmake_prefix_path.dsv'
[3.682s] INFO:colcon.colcon_core.shell:Creating environment hook '/home/ros-industrial/robocon_ws/install/robocon2023_b_dash_receiver/share/robocon2023_b_dash_receiver/hook/cmake_prefix_path.sh'
[3.683s] Level 1:colcon.colcon_core.environment:checking '/home/ros-industrial/robocon_ws/install/robocon2023_b_dash_receiver/lib'
[3.683s] Level 1:colcon.colcon_core.environment:checking '/home/ros-industrial/robocon_ws/install/robocon2023_b_dash_receiver/bin'
[3.683s] Level 1:colcon.colcon_core.environment:checking '/home/ros-industrial/robocon_ws/install/robocon2023_b_dash_receiver/lib/pkgconfig/robocon2023_b_dash_receiver.pc'
[3.683s] Level 1:colcon.colcon_core.environment:checking '/home/ros-industrial/robocon_ws/install/robocon2023_b_dash_receiver/lib/python3.8/site-packages'
[3.683s] Level 1:colcon.colcon_core.environment:checking '/home/ros-industrial/robocon_ws/install/robocon2023_b_dash_receiver/bin'
[3.712s] INFO:colcon.colcon_core.shell:Creating package script '/home/ros-industrial/robocon_ws/install/robocon2023_b_dash_receiver/share/robocon2023_b_dash_receiver/package.ps1'
[3.712s] INFO:colcon.colcon_core.shell:Creating package descriptor '/home/ros-industrial/robocon_ws/install/robocon2023_b_dash_receiver/share/robocon2023_b_dash_receiver/package.dsv'
[3.713s] INFO:colcon.colcon_core.shell:Creating package script '/home/ros-industrial/robocon_ws/install/robocon2023_b_dash_receiver/share/robocon2023_b_dash_receiver/package.sh'
[3.714s] INFO:colcon.colcon_core.shell:Creating package script '/home/ros-industrial/robocon_ws/install/robocon2023_b_dash_receiver/share/robocon2023_b_dash_receiver/package.bash'
[3.715s] INFO:colcon.colcon_core.shell:Creating package script '/home/ros-industrial/robocon_ws/install/robocon2023_b_dash_receiver/share/robocon2023_b_dash_receiver/package.zsh'
[3.715s] Level 1:colcon.colcon_core.environment:create_file_with_runtime_dependencies(/home/ros-industrial/robocon_ws/install/robocon2023_b_dash_receiver/share/colcon-core/packages/robocon2023_b_dash_receiver)
[3.742s] Level 1:colcon.colcon_core.environment:create_environment_scripts_only(sllidar_ros2)
[3.769s] Level 1:colcon.colcon_core.environment:checking '/home/ros-industrial/robocon_ws/install/sllidar_ros2' for CMake module files
[3.769s] Level 1:colcon.colcon_core.environment:checking '/home/ros-industrial/robocon_ws/install/sllidar_ros2' for CMake config files
[3.770s] Level 1:colcon.colcon_core.shell:create_environment_hook('sllidar_ros2', 'cmake_prefix_path')
[3.795s] INFO:colcon.colcon_core.shell:Creating environment hook '/home/ros-industrial/robocon_ws/install/sllidar_ros2/share/sllidar_ros2/hook/cmake_prefix_path.ps1'
[3.795s] INFO:colcon.colcon_core.shell:Creating environment descriptor '/home/ros-industrial/robocon_ws/install/sllidar_ros2/share/sllidar_ros2/hook/cmake_prefix_path.dsv'
[3.795s] INFO:colcon.colcon_core.shell:Creating environment hook '/home/ros-industrial/robocon_ws/install/sllidar_ros2/share/sllidar_ros2/hook/cmake_prefix_path.sh'
[3.796s] Level 1:colcon.colcon_core.environment:checking '/home/ros-industrial/robocon_ws/install/sllidar_ros2/lib'
[3.796s] Level 1:colcon.colcon_core.environment:checking '/home/ros-industrial/robocon_ws/install/sllidar_ros2/bin'
[3.796s] Level 1:colcon.colcon_core.environment:checking '/home/ros-industrial/robocon_ws/install/sllidar_ros2/lib/pkgconfig/sllidar_ros2.pc'
[3.796s] Level 1:colcon.colcon_core.environment:checking '/home/ros-industrial/robocon_ws/install/sllidar_ros2/lib/python3.8/site-packages'
[3.796s] Level 1:colcon.colcon_core.environment:checking '/home/ros-industrial/robocon_ws/install/sllidar_ros2/bin'
[3.820s] INFO:colcon.colcon_core.shell:Creating package script '/home/ros-industrial/robocon_ws/install/sllidar_ros2/share/sllidar_ros2/package.ps1'
[3.821s] INFO:colcon.colcon_core.shell:Creating package descriptor '/home/ros-industrial/robocon_ws/install/sllidar_ros2/share/sllidar_ros2/package.dsv'
[3.821s] INFO:colcon.colcon_core.shell:Creating package script '/home/ros-industrial/robocon_ws/install/sllidar_ros2/share/sllidar_ros2/package.sh'
[3.822s] INFO:colcon.colcon_core.shell:Creating package script '/home/ros-industrial/robocon_ws/install/sllidar_ros2/share/sllidar_ros2/package.bash'
[3.822s] INFO:colcon.colcon_core.shell:Creating package script '/home/ros-industrial/robocon_ws/install/sllidar_ros2/share/sllidar_ros2/package.zsh'
[3.822s] Level 1:colcon.colcon_core.environment:create_file_with_runtime_dependencies(/home/ros-industrial/robocon_ws/install/sllidar_ros2/share/colcon-core/packages/sllidar_ros2)
[5.302s] DEBUG:colcon.colcon_core.event_handler.log_command:Invoked command in '/home/ros-industrial/robocon_ws/build/robocon2023_b_dash' returned '0': CMAKE_PREFIX_PATH=${CMAKE_PREFIX_PATH}:/opt/ros/foxy /usr/bin/cmake --build /home/ros-industrial/robocon_ws/build/robocon2023_b_dash -- -j8 -l8
[5.340s] DEBUG:colcon.colcon_core.event_handler.log_command:Invoking command in '/home/ros-industrial/robocon_ws/build/robocon2023_b_dash': CMAKE_PREFIX_PATH=${CMAKE_PREFIX_PATH}:/opt/ros/foxy /usr/bin/cmake --install /home/ros-industrial/robocon_ws/build/robocon2023_b_dash
[5.353s] Level 1:colcon.colcon_core.environment:create_environment_scripts_only(robocon2023_b_dash)
[5.354s] DEBUG:colcon.colcon_core.event_handler.log_command:Invoked command in '/home/ros-industrial/robocon_ws/build/robocon2023_b_dash' returned '0': CMAKE_PREFIX_PATH=${CMAKE_PREFIX_PATH}:/opt/ros/foxy /usr/bin/cmake --install /home/ros-industrial/robocon_ws/build/robocon2023_b_dash
[5.376s] Level 1:colcon.colcon_core.environment:checking '/home/ros-industrial/robocon_ws/install/robocon2023_b_dash' for CMake module files
[5.376s] Level 1:colcon.colcon_core.environment:checking '/home/ros-industrial/robocon_ws/install/robocon2023_b_dash' for CMake config files
[5.376s] Level 1:colcon.colcon_core.shell:create_environment_hook('robocon2023_b_dash', 'cmake_prefix_path')
[5.400s] INFO:colcon.colcon_core.shell:Creating environment hook '/home/ros-industrial/robocon_ws/install/robocon2023_b_dash/share/robocon2023_b_dash/hook/cmake_prefix_path.ps1'
[5.400s] INFO:colcon.colcon_core.shell:Creating environment descriptor '/home/ros-industrial/robocon_ws/install/robocon2023_b_dash/share/robocon2023_b_dash/hook/cmake_prefix_path.dsv'
[5.401s] INFO:colcon.colcon_core.shell:Creating environment hook '/home/ros-industrial/robocon_ws/install/robocon2023_b_dash/share/robocon2023_b_dash/hook/cmake_prefix_path.sh'
[5.401s] Level 1:colcon.colcon_core.environment:checking '/home/ros-industrial/robocon_ws/install/robocon2023_b_dash/lib'
[5.401s] Level 1:colcon.colcon_core.environment:checking '/home/ros-industrial/robocon_ws/install/robocon2023_b_dash/bin'
[5.401s] Level 1:colcon.colcon_core.environment:checking '/home/ros-industrial/robocon_ws/install/robocon2023_b_dash/lib/pkgconfig/robocon2023_b_dash.pc'
[5.401s] Level 1:colcon.colcon_core.environment:checking '/home/ros-industrial/robocon_ws/install/robocon2023_b_dash/lib/python3.8/site-packages'
[5.402s] Level 1:colcon.colcon_core.environment:checking '/home/ros-industrial/robocon_ws/install/robocon2023_b_dash/bin'
[5.423s] INFO:colcon.colcon_core.shell:Creating package script '/home/ros-industrial/robocon_ws/install/robocon2023_b_dash/share/robocon2023_b_dash/package.ps1'
[5.424s] INFO:colcon.colcon_core.shell:Creating package descriptor '/home/ros-industrial/robocon_ws/install/robocon2023_b_dash/share/robocon2023_b_dash/package.dsv'
[5.424s] INFO:colcon.colcon_core.shell:Creating package script '/home/ros-industrial/robocon_ws/install/robocon2023_b_dash/share/robocon2023_b_dash/package.sh'
[5.424s] INFO:colcon.colcon_core.shell:Creating package script '/home/ros-industrial/robocon_ws/install/robocon2023_b_dash/share/robocon2023_b_dash/package.bash'
[5.425s] INFO:colcon.colcon_core.shell:Creating package script '/home/ros-industrial/robocon_ws/install/robocon2023_b_dash/share/robocon2023_b_dash/package.zsh'
[5.425s] Level 1:colcon.colcon_core.environment:create_file_with_runtime_dependencies(/home/ros-industrial/robocon_ws/install/robocon2023_b_dash/share/colcon-core/packages/robocon2023_b_dash)
[5.490s] Level 1:colcon.colcon_core.environment:create_environment_scripts_only(robocon2023_b_dash)
[5.514s] Level 1:colcon.colcon_core.environment:checking '/home/ros-industrial/robocon_ws/install/robocon2023_b_dash' for CMake module files
[5.515s] Level 1:colcon.colcon_core.environment:checking '/home/ros-industrial/robocon_ws/install/robocon2023_b_dash' for CMake config files
[5.515s] Level 1:colcon.colcon_core.shell:create_environment_hook('robocon2023_b_dash', 'cmake_prefix_path')
[5.535s] INFO:colcon.colcon_core.shell:Creating environment hook '/home/ros-industrial/robocon_ws/install/robocon2023_b_dash/share/robocon2023_b_dash/hook/cmake_prefix_path.ps1'
[5.535s] INFO:colcon.colcon_core.shell:Creating environment descriptor '/home/ros-industrial/robocon_ws/install/robocon2023_b_dash/share/robocon2023_b_dash/hook/cmake_prefix_path.dsv'
[5.535s] INFO:colcon.colcon_core.shell:Creating environment hook '/home/ros-industrial/robocon_ws/install/robocon2023_b_dash/share/robocon2023_b_dash/hook/cmake_prefix_path.sh'
[5.536s] Level 1:colcon.colcon_core.environment:checking '/home/ros-industrial/robocon_ws/install/robocon2023_b_dash/lib'
[5.536s] Level 1:colcon.colcon_core.environment:checking '/home/ros-industrial/robocon_ws/install/robocon2023_b_dash/bin'
[5.536s] Level 1:colcon.colcon_core.environment:checking '/home/ros-industrial/robocon_ws/install/robocon2023_b_dash/lib/pkgconfig/robocon2023_b_dash.pc'
[5.536s] Level 1:colcon.colcon_core.environment:checking '/home/ros-industrial/robocon_ws/install/robocon2023_b_dash/lib/python3.8/site-packages'
[5.536s] Level 1:colcon.colcon_core.environment:checking '/home/ros-industrial/robocon_ws/install/robocon2023_b_dash/bin'
[5.557s] INFO:colcon.colcon_core.shell:Creating package script '/home/ros-industrial/robocon_ws/install/robocon2023_b_dash/share/robocon2023_b_dash/package.ps1'
[5.557s] INFO:colcon.colcon_core.shell:Creating package descriptor '/home/ros-industrial/robocon_ws/install/robocon2023_b_dash/share/robocon2023_b_dash/package.dsv'
[5.557s] INFO:colcon.colcon_core.shell:Creating package script '/home/ros-industrial/robocon_ws/install/robocon2023_b_dash/share/robocon2023_b_dash/package.sh'
[5.558s] INFO:colcon.colcon_core.shell:Creating package script '/home/ros-industrial/robocon_ws/install/robocon2023_b_dash/share/robocon2023_b_dash/package.bash'
[5.558s] INFO:colcon.colcon_core.shell:Creating package script '/home/ros-industrial/robocon_ws/install/robocon2023_b_dash/share/robocon2023_b_dash/package.zsh'
[5.558s] Level 1:colcon.colcon_core.environment:create_file_with_runtime_dependencies(/home/ros-industrial/robocon_ws/install/robocon2023_b_dash/share/colcon-core/packages/robocon2023_b_dash)
[5.559s] DEBUG:colcon.colcon_parallel_executor.executor.parallel:closing loop
[5.559s] DEBUG:colcon.colcon_parallel_executor.executor.parallel:loop closed
[5.559s] DEBUG:colcon.colcon_parallel_executor.executor.parallel:run_until_complete finished with '0'
[5.560s] DEBUG:colcon.colcon_core.event_reactor:joining thread
[5.590s] INFO:colcon.colcon_core.plugin_system:Skipping extension 'colcon_notification.desktop_notification.terminal_notifier': Not used on non-Darwin systems
[5.591s] INFO:colcon.colcon_core.plugin_system:Skipping extension 'colcon_notification.desktop_notification.win32': Not used on non-Windows systems
[5.591s] INFO:colcon.colcon_notification.desktop_notification:Sending desktop notification using 'notify2'
[5.603s] DEBUG:colcon.colcon_core.event_reactor:joined thread
[5.629s] INFO:colcon.colcon_core.shell:Creating prefix script '/home/ros-industrial/robocon_ws/install/local_setup.ps1'
[5.630s] INFO:colcon.colcon_core.shell:Creating prefix util module '/home/ros-industrial/robocon_ws/install/_local_setup_util_ps1.py'
[5.631s] INFO:colcon.colcon_core.shell:Creating prefix chain script '/home/ros-industrial/robocon_ws/install/setup.ps1'
[5.657s] INFO:colcon.colcon_core.shell:Creating prefix script '/home/ros-industrial/robocon_ws/install/local_setup.sh'
[5.659s] INFO:colcon.colcon_core.shell:Creating prefix util module '/home/ros-industrial/robocon_ws/install/_local_setup_util_sh.py'
[5.660s] INFO:colcon.colcon_core.shell:Creating prefix chain script '/home/ros-industrial/robocon_ws/install/setup.sh'
[5.684s] INFO:colcon.colcon_core.shell:Creating prefix script '/home/ros-industrial/robocon_ws/install/local_setup.bash'
[5.684s] INFO:colcon.colcon_core.shell:Creating prefix chain script '/home/ros-industrial/robocon_ws/install/setup.bash'
[5.710s] INFO:colcon.colcon_core.shell:Creating prefix script '/home/ros-industrial/robocon_ws/install/local_setup.zsh'
[5.711s] INFO:colcon.colcon_core.shell:Creating prefix chain script '/home/ros-industrial/robocon_ws/install/setup.zsh'
