[35m[1mScanning dependencies of target Drive_Controller[0m
[ 50%] Built target DriveMotion
[ 50%] Built target Xmove_Controller
[ 62%] [32mBuilding CXX object CMakeFiles/Drive_Controller.dir/src/Drive_Controller.cpp.o[0m
[ 87%] Built target SerialKIMD
In file included from [01m[K/home/ros-industrial/robocon_ws/src/robocon2023_b_dash/src/Drive_Controller.hpp:6[m[K,
                 from [01m[K/home/ros-industrial/robocon_ws/src/robocon2023_b_dash/src/Drive_Controller.cpp:2[m[K:
[01m[K/home/ros-industrial/robocon_ws/src/robocon2023_b_dash/src/RoboconMsg/ABU2023_GenericOutput_Header.h:19:2:[m[K [01;35m[Kwarning: [m[KISO C++ prohibits anonymous structs [[01;35m[K-Wpedantic[m[K]
   19 |  [01;35m[K}[m[K;
      |  [01;35m[K^[m[K
[01m[K/home/ros-industrial/robocon_ws/src/robocon2023_b_dash/src/Drive_Controller.cpp:[m[K In constructor ‘[01m[KDrive_Controller_Node::Drive_Controller_Node()[m[K’:
[01m[K/home/ros-industrial/robocon_ws/src/robocon2023_b_dash/src/Drive_Controller.cpp:6:9:[m[K [01;35m[Kwarning: [m[Kunused variable ‘[01m[Kmotion_flag[m[K’ [[01;35m[K-Wunused-variable[m[K]
    6 |     int [01;35m[Kmotion_flag[m[K = 0;
      |         [01;35m[K^~~~~~~~~~~[m[K
[01m[K/home/ros-industrial/robocon_ws/src/robocon2023_b_dash/src/Drive_Controller.cpp:[m[K In member function ‘[01m[Kvoid Drive_Controller_Node::WallMotionOut_Callback(std_msgs::msg::ByteMultiArray_<std::allocator<void> >::SharedPtr)[m[K’:
[01m[K/home/ros-industrial/robocon_ws/src/robocon2023_b_dash/src/Drive_Controller.cpp:32:99:[m[K [01;35m[Kwarning: [m[Kunused parameter ‘[01m[Kmd_msg[m[K’ [[01;35m[K-Wunused-parameter[m[K]
   32 | nOut_Callback([01;35m[Kconst std_msgs::msg::ByteMultiArray::SharedPtr md_msg[m[K)
      |               [01;35m[K~~~~~~~~~~~~~~~~~~~~~~~~~~~~~~~~~~~~~~~~~~~~~~~^~~~~~[m[K

[01m[K/home/ros-industrial/robocon_ws/src/robocon2023_b_dash/src/Drive_Controller.cpp:[m[K In member function ‘[01m[Kvoid Drive_Controller_Node::RopeMotionOut_Callback(std_msgs::msg::ByteMultiArray_<std::allocator<void> >::SharedPtr)[m[K’:
[01m[K/home/ros-industrial/robocon_ws/src/robocon2023_b_dash/src/Drive_Controller.cpp:36:99:[m[K [01;35m[Kwarning: [m[Kunused parameter ‘[01m[Kmd_msg[m[K’ [[01;35m[K-Wunused-parameter[m[K]
   36 | nOut_Callback([01;35m[Kconst std_msgs::msg::ByteMultiArray::SharedPtr md_msg[m[K)
      |               [01;35m[K~~~~~~~~~~~~~~~~~~~~~~~~~~~~~~~~~~~~~~~~~~~~~~~^~~~~~[m[K

[100%] [32m[1mLinking CXX executable Drive_Controller[0m
[100%] Built target Drive_Controller
-- Install configuration: ""
-- Up-to-date: /home/ros-industrial/robocon_ws/install/robocon2023_b_dash/lib/robocon2023_b_dash/SerialKIMD
-- Up-to-date: /home/ros-industrial/robocon_ws/install/robocon2023_b_dash/lib/robocon2023_b_dash/Xmove_Controller
-- Up-to-date: /home/ros-industrial/robocon_ws/install/robocon2023_b_dash/lib/robocon2023_b_dash/DriveMotion
-- Installing: /home/ros-industrial/robocon_ws/install/robocon2023_b_dash/lib/robocon2023_b_dash/Drive_Controller
-- Set runtime path of "/home/ros-industrial/robocon_ws/install/robocon2023_b_dash/lib/robocon2023_b_dash/Drive_Controller" to ""
-- Up-to-date: /home/ros-industrial/robocon_ws/install/robocon2023_b_dash/share/ament_index/resource_index/package_run_dependencies/robocon2023_b_dash
-- Up-to-date: /home/ros-industrial/robocon_ws/install/robocon2023_b_dash/share/ament_index/resource_index/parent_prefix_path/robocon2023_b_dash
-- Up-to-date: /home/ros-industrial/robocon_ws/install/robocon2023_b_dash/share/robocon2023_b_dash/environment/ament_prefix_path.sh
-- Up-to-date: /home/ros-industrial/robocon_ws/install/robocon2023_b_dash/share/robocon2023_b_dash/environment/ament_prefix_path.dsv
-- Up-to-date: /home/ros-industrial/robocon_ws/install/robocon2023_b_dash/share/robocon2023_b_dash/environment/path.sh
-- Up-to-date: /home/ros-industrial/robocon_ws/install/robocon2023_b_dash/share/robocon2023_b_dash/environment/path.dsv
-- Up-to-date: /home/ros-industrial/robocon_ws/install/robocon2023_b_dash/share/robocon2023_b_dash/local_setup.bash
-- Up-to-date: /home/ros-industrial/robocon_ws/install/robocon2023_b_dash/share/robocon2023_b_dash/local_setup.sh
-- Up-to-date: /home/ros-industrial/robocon_ws/install/robocon2023_b_dash/share/robocon2023_b_dash/local_setup.zsh
-- Up-to-date: /home/ros-industrial/robocon_ws/install/robocon2023_b_dash/share/robocon2023_b_dash/local_setup.dsv
-- Installing: /home/ros-industrial/robocon_ws/install/robocon2023_b_dash/share/robocon2023_b_dash/package.dsv
-- Up-to-date: /home/ros-industrial/robocon_ws/install/robocon2023_b_dash/share/ament_index/resource_index/packages/robocon2023_b_dash
-- Up-to-date: /home/ros-industrial/robocon_ws/install/robocon2023_b_dash/share/robocon2023_b_dash/cmake/robocon2023_b_dashConfig.cmake
-- Up-to-date: /home/ros-industrial/robocon_ws/install/robocon2023_b_dash/share/robocon2023_b_dash/cmake/robocon2023_b_dashConfig-version.cmake
-- Up-to-date: /home/ros-industrial/robocon_ws/install/robocon2023_b_dash/share/robocon2023_b_dash/package.xml
