[0.794s] DEBUG:colcon:Command line arguments: ['/usr/bin/colcon', 'build']
[0.794s] DEBUG:colcon:Parsed command line arguments: Namespace(log_base=None, log_level=None, verb_name='build', build_base='build', install_base='install', merge_install=False, symlink_install=False, test_result_base=None, continue_on_error=False, executor='parallel', parallel_workers=12, event_handlers=None, ignore_user_meta=False, metas=['./colcon.meta'], base_paths=['.'], packages_ignore=None, packages_ignore_regex=None, paths=None, packages_up_to=None, packages_up_to_regex=None, packages_above=None, packages_above_and_dependencies=None, packages_above_depth=None, packages_select_by_dep=None, packages_skip_by_dep=None, packages_skip_up_to=None, packages_select_build_failed=False, packages_skip_build_finished=False, packages_select_test_failures=False, packages_skip_test_passed=False, packages_select=None, packages_skip=None, packages_select_regex=None, packages_skip_regex=None, packages_start=None, packages_end=None, allow_overriding=[], cmake_args=None, cmake_target=None, cmake_target_skip_unavailable=False, cmake_clean_cache=False, cmake_clean_first=False, cmake_force_configure=False, ament_cmake_args=None, catkin_cmake_args=None, catkin_skip_building_tests=False, verb_parser=<colcon_defaults.argument_parser.defaults.DefaultArgumentsDecorator object at 0x7f342bb98a90>, verb_extension=<colcon_core.verb.build.BuildVerb object at 0x7f342bb6fd60>, main=<bound method BuildVerb.main of <colcon_core.verb.build.BuildVerb object at 0x7f342bb6fd60>>)
[0.831s] Level 1:colcon.colcon_core.package_discovery:discover_packages(colcon_meta) check parameters
[0.831s] Level 1:colcon.colcon_core.package_discovery:discover_packages(recursive) check parameters
[0.831s] Level 1:colcon.colcon_core.package_discovery:discover_packages(ignore) check parameters
[0.831s] Level 1:colcon.colcon_core.package_discovery:discover_packages(path) check parameters
[0.831s] Level 1:colcon.colcon_core.package_discovery:discover_packages(colcon_meta) discover
[0.831s] Level 1:colcon.colcon_core.package_discovery:discover_packages(recursive) discover
[0.831s] INFO:colcon.colcon_core.package_discovery:Crawling recursively for packages in '/home/kaibuchisoma/robocon_ws/RoboconDetectionFruit'
[0.831s] Level 1:colcon.colcon_core.package_identification:_identify(.) by extensions ['ignore', 'ignore_ament_install']
[0.831s] Level 1:colcon.colcon_core.package_identification:_identify(.) by extension 'ignore'
[0.831s] Level 1:colcon.colcon_core.package_identification:_identify(.) by extension 'ignore_ament_install'
[0.831s] Level 1:colcon.colcon_core.package_identification:_identify(.) by extensions ['colcon_pkg']
[0.831s] Level 1:colcon.colcon_core.package_identification:_identify(.) by extension 'colcon_pkg'
[0.831s] Level 1:colcon.colcon_core.package_identification:_identify(.) by extensions ['colcon_meta']
[0.831s] Level 1:colcon.colcon_core.package_identification:_identify(.) by extension 'colcon_meta'
[0.831s] Level 1:colcon.colcon_core.package_identification:_identify(.) by extensions ['ros']
[0.831s] Level 1:colcon.colcon_core.package_identification:_identify(.) by extension 'ros'
[0.840s] Level 1:colcon.colcon_core.package_identification:_identify(.) by extensions ['cmake', 'python']
[0.840s] Level 1:colcon.colcon_core.package_identification:_identify(.) by extension 'cmake'
[0.840s] Level 1:colcon.colcon_core.package_identification:_identify(.) by extension 'python'
[0.840s] Level 1:colcon.colcon_core.package_identification:_identify(.) by extensions ['python_setup_py']
[0.840s] Level 1:colcon.colcon_core.package_identification:_identify(.) by extension 'python_setup_py'
[0.840s] Level 1:colcon.colcon_core.package_identification:_identify(build) by extensions ['ignore', 'ignore_ament_install']
[0.840s] Level 1:colcon.colcon_core.package_identification:_identify(build) by extension 'ignore'
[0.840s] Level 1:colcon.colcon_core.package_identification:_identify(build) ignored
[0.840s] Level 1:colcon.colcon_core.package_identification:_identify(install) by extensions ['ignore', 'ignore_ament_install']
[0.841s] Level 1:colcon.colcon_core.package_identification:_identify(install) by extension 'ignore'
[0.841s] Level 1:colcon.colcon_core.package_identification:_identify(install) ignored
[0.841s] Level 1:colcon.colcon_core.package_identification:_identify(log) by extensions ['ignore', 'ignore_ament_install']
[0.841s] Level 1:colcon.colcon_core.package_identification:_identify(log) by extension 'ignore'
[0.841s] Level 1:colcon.colcon_core.package_identification:_identify(log) ignored
[0.841s] Level 1:colcon.colcon_core.package_identification:_identify(src) by extensions ['ignore', 'ignore_ament_install']
[0.841s] Level 1:colcon.colcon_core.package_identification:_identify(src) by extension 'ignore'
[0.841s] Level 1:colcon.colcon_core.package_identification:_identify(src) by extension 'ignore_ament_install'
[0.841s] Level 1:colcon.colcon_core.package_identification:_identify(src) by extensions ['colcon_pkg']
[0.841s] Level 1:colcon.colcon_core.package_identification:_identify(src) by extension 'colcon_pkg'
[0.841s] Level 1:colcon.colcon_core.package_identification:_identify(src) by extensions ['colcon_meta']
[0.841s] Level 1:colcon.colcon_core.package_identification:_identify(src) by extension 'colcon_meta'
[0.841s] Level 1:colcon.colcon_core.package_identification:_identify(src) by extensions ['ros']
[0.841s] Level 1:colcon.colcon_core.package_identification:_identify(src) by extension 'ros'
[0.841s] Level 1:colcon.colcon_core.package_identification:_identify(src) by extensions ['cmake', 'python']
[0.841s] Level 1:colcon.colcon_core.package_identification:_identify(src) by extension 'cmake'
[0.842s] Level 1:colcon.colcon_core.package_identification:_identify(src) by extension 'python'
[0.842s] Level 1:colcon.colcon_core.package_identification:_identify(src) by extensions ['python_setup_py']
[0.842s] Level 1:colcon.colcon_core.package_identification:_identify(src) by extension 'python_setup_py'
[0.842s] Level 1:colcon.colcon_core.package_identification:_identify(src/build) by extensions ['ignore', 'ignore_ament_install']
[0.842s] Level 1:colcon.colcon_core.package_identification:_identify(src/build) by extension 'ignore'
[0.842s] Level 1:colcon.colcon_core.package_identification:_identify(src/build) ignored
[0.842s] Level 1:colcon.colcon_core.package_identification:_identify(src/fruit_detection) by extensions ['ignore', 'ignore_ament_install']
[0.842s] Level 1:colcon.colcon_core.package_identification:_identify(src/fruit_detection) by extension 'ignore'
[0.842s] Level 1:colcon.colcon_core.package_identification:_identify(src/fruit_detection) by extension 'ignore_ament_install'
[0.842s] Level 1:colcon.colcon_core.package_identification:_identify(src/fruit_detection) by extensions ['colcon_pkg']
[0.842s] Level 1:colcon.colcon_core.package_identification:_identify(src/fruit_detection) by extension 'colcon_pkg'
[0.842s] Level 1:colcon.colcon_core.package_identification:_identify(src/fruit_detection) by extensions ['colcon_meta']
[0.842s] Level 1:colcon.colcon_core.package_identification:_identify(src/fruit_detection) by extension 'colcon_meta'
[0.842s] Level 1:colcon.colcon_core.package_identification:_identify(src/fruit_detection) by extensions ['ros']
[0.842s] Level 1:colcon.colcon_core.package_identification:_identify(src/fruit_detection) by extension 'ros'
[0.844s] DEBUG:colcon.colcon_core.package_identification:Package 'src/fruit_detection' with type 'ros.ament_python' and name 'fruit_detection'
[0.844s] Level 1:colcon.colcon_core.package_identification:_identify(src/install) by extensions ['ignore', 'ignore_ament_install']
[0.844s] Level 1:colcon.colcon_core.package_identification:_identify(src/install) by extension 'ignore'
[0.844s] Level 1:colcon.colcon_core.package_identification:_identify(src/install) ignored
[0.844s] Level 1:colcon.colcon_core.package_identification:_identify(src/log) by extensions ['ignore', 'ignore_ament_install']
[0.844s] Level 1:colcon.colcon_core.package_identification:_identify(src/log) by extension 'ignore'
[0.844s] Level 1:colcon.colcon_core.package_identification:_identify(src/log) ignored
[0.844s] Level 1:colcon.colcon_core.package_identification:_identify(src/robocon2023_b_dash) by extensions ['ignore', 'ignore_ament_install']
[0.844s] Level 1:colcon.colcon_core.package_identification:_identify(src/robocon2023_b_dash) by extension 'ignore'
[0.844s] Level 1:colcon.colcon_core.package_identification:_identify(src/robocon2023_b_dash) by extension 'ignore_ament_install'
[0.844s] Level 1:colcon.colcon_core.package_identification:_identify(src/robocon2023_b_dash) by extensions ['colcon_pkg']
[0.844s] Level 1:colcon.colcon_core.package_identification:_identify(src/robocon2023_b_dash) by extension 'colcon_pkg'
[0.845s] Level 1:colcon.colcon_core.package_identification:_identify(src/robocon2023_b_dash) by extensions ['colcon_meta']
[0.845s] Level 1:colcon.colcon_core.package_identification:_identify(src/robocon2023_b_dash) by extension 'colcon_meta'
[0.845s] Level 1:colcon.colcon_core.package_identification:_identify(src/robocon2023_b_dash) by extensions ['ros']
[0.845s] Level 1:colcon.colcon_core.package_identification:_identify(src/robocon2023_b_dash) by extension 'ros'
[0.845s] DEBUG:colcon.colcon_core.package_identification:Package 'src/robocon2023_b_dash' with type 'ros.ament_cmake' and name 'robocon2023_b_dash'
[0.845s] Level 1:colcon.colcon_core.package_identification:_identify(src/ros_to_kimd) by extensions ['ignore', 'ignore_ament_install']
[0.845s] Level 1:colcon.colcon_core.package_identification:_identify(src/ros_to_kimd) by extension 'ignore'
[0.845s] Level 1:colcon.colcon_core.package_identification:_identify(src/ros_to_kimd) by extension 'ignore_ament_install'
[0.845s] Level 1:colcon.colcon_core.package_identification:_identify(src/ros_to_kimd) by extensions ['colcon_pkg']
[0.845s] Level 1:colcon.colcon_core.package_identification:_identify(src/ros_to_kimd) by extension 'colcon_pkg'
[0.845s] Level 1:colcon.colcon_core.package_identification:_identify(src/ros_to_kimd) by extensions ['colcon_meta']
[0.845s] Level 1:colcon.colcon_core.package_identification:_identify(src/ros_to_kimd) by extension 'colcon_meta'
[0.845s] Level 1:colcon.colcon_core.package_identification:_identify(src/ros_to_kimd) by extensions ['ros']
[0.845s] Level 1:colcon.colcon_core.package_identification:_identify(src/ros_to_kimd) by extension 'ros'
[0.846s] DEBUG:colcon.colcon_core.package_identification:Package 'src/ros_to_kimd' with type 'ros.ament_cmake' and name 'ros_to_kimd'
[0.846s] Level 1:colcon.colcon_core.package_discovery:discover_packages(recursive) using defaults
[0.846s] Level 1:colcon.colcon_core.package_discovery:discover_packages(ignore) discover
[0.846s] Level 1:colcon.colcon_core.package_discovery:discover_packages(ignore) using defaults
[0.846s] Level 1:colcon.colcon_core.package_discovery:discover_packages(path) discover
[0.846s] Level 1:colcon.colcon_core.package_discovery:discover_packages(path) using defaults
[0.921s] Level 1:colcon.colcon_core.package_discovery:discover_packages(prefix_path) check parameters
[0.921s] Level 1:colcon.colcon_core.package_discovery:discover_packages(prefix_path) discover
[0.947s] DEBUG:colcon.colcon_installed_package_information.package_discovery:Found 3 installed packages in /home/kaibuchisoma/robocon_ws/RoboconDetectionFruit/install
[0.959s] DEBUG:colcon.colcon_installed_package_information.package_discovery:Found 271 installed packages in /opt/ros/humble
[0.960s] Level 1:colcon.colcon_core.package_discovery:discover_packages(prefix_path) using defaults
[1.053s] Level 5:colcon.colcon_core.verb:set package 'fruit_detection' build argument 'cmake_args' from command line to 'None'
[1.053s] Level 5:colcon.colcon_core.verb:set package 'fruit_detection' build argument 'cmake_target' from command line to 'None'
[1.053s] Level 5:colcon.colcon_core.verb:set package 'fruit_detection' build argument 'cmake_target_skip_unavailable' from command line to 'False'
[1.053s] Level 5:colcon.colcon_core.verb:set package 'fruit_detection' build argument 'cmake_clean_cache' from command line to 'False'
[1.053s] Level 5:colcon.colcon_core.verb:set package 'fruit_detection' build argument 'cmake_clean_first' from command line to 'False'
[1.053s] Level 5:colcon.colcon_core.verb:set package 'fruit_detection' build argument 'cmake_force_configure' from command line to 'False'
[1.053s] Level 5:colcon.colcon_core.verb:set package 'fruit_detection' build argument 'ament_cmake_args' from command line to 'None'
[1.053s] Level 5:colcon.colcon_core.verb:set package 'fruit_detection' build argument 'catkin_cmake_args' from command line to 'None'
[1.053s] Level 5:colcon.colcon_core.verb:set package 'fruit_detection' build argument 'catkin_skip_building_tests' from command line to 'False'
[1.053s] DEBUG:colcon.colcon_core.verb:Building package 'fruit_detection' with the following arguments: {'ament_cmake_args': None, 'build_base': '/home/kaibuchisoma/robocon_ws/RoboconDetectionFruit/build/fruit_detection', 'catkin_cmake_args': None, 'catkin_skip_building_tests': False, 'cmake_args': None, 'cmake_clean_cache': False, 'cmake_clean_first': False, 'cmake_force_configure': False, 'cmake_target': None, 'cmake_target_skip_unavailable': False, 'install_base': '/home/kaibuchisoma/robocon_ws/RoboconDetectionFruit/install/fruit_detection', 'merge_install': False, 'path': '/home/kaibuchisoma/robocon_ws/RoboconDetectionFruit/src/fruit_detection', 'symlink_install': False, 'test_result_base': None}
[1.068s] Level 5:colcon.colcon_core.verb:set package 'robocon2023_b_dash' build argument 'cmake_args' from command line to 'None'
[1.068s] Level 5:colcon.colcon_core.verb:set package 'robocon2023_b_dash' build argument 'cmake_target' from command line to 'None'
[1.068s] Level 5:colcon.colcon_core.verb:set package 'robocon2023_b_dash' build argument 'cmake_target_skip_unavailable' from command line to 'False'
[1.068s] Level 5:colcon.colcon_core.verb:set package 'robocon2023_b_dash' build argument 'cmake_clean_cache' from command line to 'False'
[1.068s] Level 5:colcon.colcon_core.verb:set package 'robocon2023_b_dash' build argument 'cmake_clean_first' from command line to 'False'
[1.068s] Level 5:colcon.colcon_core.verb:set package 'robocon2023_b_dash' build argument 'cmake_force_configure' from command line to 'False'
[1.068s] Level 5:colcon.colcon_core.verb:set package 'robocon2023_b_dash' build argument 'ament_cmake_args' from command line to 'None'
[1.068s] Level 5:colcon.colcon_core.verb:set package 'robocon2023_b_dash' build argument 'catkin_cmake_args' from command line to 'None'
[1.068s] Level 5:colcon.colcon_core.verb:set package 'robocon2023_b_dash' build argument 'catkin_skip_building_tests' from command line to 'False'
[1.068s] DEBUG:colcon.colcon_core.verb:Building package 'robocon2023_b_dash' with the following arguments: {'ament_cmake_args': None, 'build_base': '/home/kaibuchisoma/robocon_ws/RoboconDetectionFruit/build/robocon2023_b_dash', 'catkin_cmake_args': None, 'catkin_skip_building_tests': False, 'cmake_args': None, 'cmake_clean_cache': False, 'cmake_clean_first': False, 'cmake_force_configure': False, 'cmake_target': None, 'cmake_target_skip_unavailable': False, 'install_base': '/home/kaibuchisoma/robocon_ws/RoboconDetectionFruit/install/robocon2023_b_dash', 'merge_install': False, 'path': '/home/kaibuchisoma/robocon_ws/RoboconDetectionFruit/src/robocon2023_b_dash', 'symlink_install': False, 'test_result_base': None}
[1.083s] Level 5:colcon.colcon_core.verb:set package 'ros_to_kimd' build argument 'cmake_args' from command line to 'None'
[1.084s] Level 5:colcon.colcon_core.verb:set package 'ros_to_kimd' build argument 'cmake_target' from command line to 'None'
[1.084s] Level 5:colcon.colcon_core.verb:set package 'ros_to_kimd' build argument 'cmake_target_skip_unavailable' from command line to 'False'
[1.084s] Level 5:colcon.colcon_core.verb:set package 'ros_to_kimd' build argument 'cmake_clean_cache' from command line to 'False'
[1.084s] Level 5:colcon.colcon_core.verb:set package 'ros_to_kimd' build argument 'cmake_clean_first' from command line to 'False'
[1.084s] Level 5:colcon.colcon_core.verb:set package 'ros_to_kimd' build argument 'cmake_force_configure' from command line to 'False'
[1.084s] Level 5:colcon.colcon_core.verb:set package 'ros_to_kimd' build argument 'ament_cmake_args' from command line to 'None'
[1.084s] Level 5:colcon.colcon_core.verb:set package 'ros_to_kimd' build argument 'catkin_cmake_args' from command line to 'None'
[1.084s] Level 5:colcon.colcon_core.verb:set package 'ros_to_kimd' build argument 'catkin_skip_building_tests' from command line to 'False'
[1.084s] DEBUG:colcon.colcon_core.verb:Building package 'ros_to_kimd' with the following arguments: {'ament_cmake_args': None, 'build_base': '/home/kaibuchisoma/robocon_ws/RoboconDetectionFruit/build/ros_to_kimd', 'catkin_cmake_args': None, 'catkin_skip_building_tests': False, 'cmake_args': None, 'cmake_clean_cache': False, 'cmake_clean_first': False, 'cmake_force_configure': False, 'cmake_target': None, 'cmake_target_skip_unavailable': False, 'install_base': '/home/kaibuchisoma/robocon_ws/RoboconDetectionFruit/install/ros_to_kimd', 'merge_install': False, 'path': '/home/kaibuchisoma/robocon_ws/RoboconDetectionFruit/src/ros_to_kimd', 'symlink_install': False, 'test_result_base': None}
[1.100s] INFO:colcon.colcon_core.executor:Executing jobs using 'parallel' executor
[1.114s] DEBUG:colcon.colcon_parallel_executor.executor.parallel:run_until_complete
[1.114s] INFO:colcon.colcon_ros.task.ament_python.build:Building ROS package in '/home/kaibuchisoma/robocon_ws/RoboconDetectionFruit/src/fruit_detection' with build type 'ament_python'
[1.114s] Level 1:colcon.colcon_core.shell:create_environment_hook('fruit_detection', 'ament_prefix_path')
[1.131s] INFO:colcon.colcon_core.plugin_system:Skipping extension 'colcon_core.shell.bat': Not used on non-Windows systems
[1.131s] INFO:colcon.colcon_core.shell:Creating environment hook '/home/kaibuchisoma/robocon_ws/RoboconDetectionFruit/install/fruit_detection/share/fruit_detection/hook/ament_prefix_path.ps1'
[1.132s] INFO:colcon.colcon_core.shell:Creating environment descriptor '/home/kaibuchisoma/robocon_ws/RoboconDetectionFruit/install/fruit_detection/share/fruit_detection/hook/ament_prefix_path.dsv'
[1.132s] INFO:colcon.colcon_core.shell:Creating environment hook '/home/kaibuchisoma/robocon_ws/RoboconDetectionFruit/install/fruit_detection/share/fruit_detection/hook/ament_prefix_path.sh'
[1.146s] INFO:colcon.colcon_core.shell:Skip shell extension 'powershell' for command environment: Not usable outside of PowerShell
[1.147s] DEBUG:colcon.colcon_core.shell:Skip shell extension 'dsv' for command environment
[1.187s] INFO:colcon.colcon_ros.task.ament_cmake.build:Building ROS package in '/home/kaibuchisoma/robocon_ws/RoboconDetectionFruit/src/robocon2023_b_dash' with build type 'ament_cmake'
[1.188s] INFO:colcon.colcon_cmake.task.cmake.build:Building CMake package in '/home/kaibuchisoma/robocon_ws/RoboconDetectionFruit/src/robocon2023_b_dash'
[1.205s] INFO:colcon.colcon_core.shell:Skip shell extension 'powershell' for command environment: Not usable outside of PowerShell
[1.205s] DEBUG:colcon.colcon_core.shell:Skip shell extension 'dsv' for command environment
[1.255s] INFO:colcon.colcon_ros.task.ament_cmake.build:Building ROS package in '/home/kaibuchisoma/robocon_ws/RoboconDetectionFruit/src/ros_to_kimd' with build type 'ament_cmake'
[1.255s] INFO:colcon.colcon_cmake.task.cmake.build:Building CMake package in '/home/kaibuchisoma/robocon_ws/RoboconDetectionFruit/src/ros_to_kimd'
[1.274s] INFO:colcon.colcon_core.shell:Skip shell extension 'powershell' for command environment: Not usable outside of PowerShell
[1.274s] DEBUG:colcon.colcon_core.shell:Skip shell extension 'dsv' for command environment
[1.549s] INFO:colcon.colcon_core.task.python.build:Building Python package in '/home/kaibuchisoma/robocon_ws/RoboconDetectionFruit/src/fruit_detection'
[1.563s] INFO:colcon.colcon_core.shell:Skip shell extension 'powershell' for command environment: Not usable outside of PowerShell
[1.563s] DEBUG:colcon.colcon_core.shell:Skip shell extension 'dsv' for command environment
[1.606s] DEBUG:colcon.colcon_core.event_handler.log_command:Invoking command in '/home/kaibuchisoma/robocon_ws/RoboconDetectionFruit/build/robocon2023_b_dash': CMAKE_PREFIX_PATH=${CMAKE_PREFIX_PATH}:/opt/ros/humble:/home/kaibuchisoma/robocon_ws/RoboconDetectionFruit/install/fruit_detection /usr/bin/cmake --build /home/kaibuchisoma/robocon_ws/RoboconDetectionFruit/build/robocon2023_b_dash -- -j12 -l12
[1.610s] DEBUG:colcon.colcon_core.event_handler.log_command:Invoking command in '/home/kaibuchisoma/robocon_ws/RoboconDetectionFruit/build/ros_to_kimd': CMAKE_PREFIX_PATH=${CMAKE_PREFIX_PATH}:/opt/ros/humble:/home/kaibuchisoma/robocon_ws/RoboconDetectionFruit/install/fruit_detection /usr/bin/cmake --build /home/kaibuchisoma/robocon_ws/RoboconDetectionFruit/build/ros_to_kimd -- -j12 -l12
[1.691s] DEBUG:colcon.colcon_core.event_handler.log_command:Invoked command in '/home/kaibuchisoma/robocon_ws/RoboconDetectionFruit/build/ros_to_kimd' returned '0': CMAKE_PREFIX_PATH=${CMAKE_PREFIX_PATH}:/opt/ros/humble:/home/kaibuchisoma/robocon_ws/RoboconDetectionFruit/install/fruit_detection /usr/bin/cmake --build /home/kaibuchisoma/robocon_ws/RoboconDetectionFruit/build/ros_to_kimd -- -j12 -l12
[1.737s] DEBUG:colcon.colcon_core.event_handler.log_command:Invoking command in '/home/kaibuchisoma/robocon_ws/RoboconDetectionFruit/build/ros_to_kimd': CMAKE_PREFIX_PATH=${CMAKE_PREFIX_PATH}:/opt/ros/humble:/home/kaibuchisoma/robocon_ws/RoboconDetectionFruit/install/fruit_detection /usr/bin/cmake --install /home/kaibuchisoma/robocon_ws/RoboconDetectionFruit/build/ros_to_kimd
[1.751s] Level 1:colcon.colcon_core.environment:create_environment_scripts_only(ros_to_kimd)
[1.752s] DEBUG:colcon.colcon_core.event_handler.log_command:Invoked command in '/home/kaibuchisoma/robocon_ws/RoboconDetectionFruit/build/ros_to_kimd' returned '0': CMAKE_PREFIX_PATH=${CMAKE_PREFIX_PATH}:/opt/ros/humble:/home/kaibuchisoma/robocon_ws/RoboconDetectionFruit/install/fruit_detection /usr/bin/cmake --install /home/kaibuchisoma/robocon_ws/RoboconDetectionFruit/build/ros_to_kimd
[1.770s] Level 1:colcon.colcon_core.environment:checking '/home/kaibuchisoma/robocon_ws/RoboconDetectionFruit/install/ros_to_kimd' for CMake module files
[1.771s] Level 1:colcon.colcon_core.environment:checking '/home/kaibuchisoma/robocon_ws/RoboconDetectionFruit/install/ros_to_kimd' for CMake config files
[1.771s] Level 1:colcon.colcon_core.shell:create_environment_hook('ros_to_kimd', 'cmake_prefix_path')
[1.788s] INFO:colcon.colcon_core.shell:Creating environment hook '/home/kaibuchisoma/robocon_ws/RoboconDetectionFruit/install/ros_to_kimd/share/ros_to_kimd/hook/cmake_prefix_path.ps1'
[1.788s] INFO:colcon.colcon_core.shell:Creating environment descriptor '/home/kaibuchisoma/robocon_ws/RoboconDetectionFruit/install/ros_to_kimd/share/ros_to_kimd/hook/cmake_prefix_path.dsv'
[1.789s] INFO:colcon.colcon_core.shell:Creating environment hook '/home/kaibuchisoma/robocon_ws/RoboconDetectionFruit/install/ros_to_kimd/share/ros_to_kimd/hook/cmake_prefix_path.sh'
[1.789s] Level 1:colcon.colcon_core.environment:checking '/home/kaibuchisoma/robocon_ws/RoboconDetectionFruit/install/ros_to_kimd/lib'
[1.789s] Level 1:colcon.colcon_core.environment:checking '/home/kaibuchisoma/robocon_ws/RoboconDetectionFruit/install/ros_to_kimd/bin'
[1.789s] Level 1:colcon.colcon_core.environment:checking '/home/kaibuchisoma/robocon_ws/RoboconDetectionFruit/install/ros_to_kimd/lib/pkgconfig/ros_to_kimd.pc'
[1.790s] Level 1:colcon.colcon_core.environment:checking '/home/kaibuchisoma/robocon_ws/RoboconDetectionFruit/install/ros_to_kimd/lib/python3.10/site-packages'
[1.790s] Level 1:colcon.colcon_core.environment:checking '/home/kaibuchisoma/robocon_ws/RoboconDetectionFruit/install/ros_to_kimd/bin'
[1.806s] INFO:colcon.colcon_core.shell:Creating package script '/home/kaibuchisoma/robocon_ws/RoboconDetectionFruit/install/ros_to_kimd/share/ros_to_kimd/package.ps1'
[1.807s] INFO:colcon.colcon_core.shell:Creating package descriptor '/home/kaibuchisoma/robocon_ws/RoboconDetectionFruit/install/ros_to_kimd/share/ros_to_kimd/package.dsv'
[1.808s] INFO:colcon.colcon_core.shell:Creating package script '/home/kaibuchisoma/robocon_ws/RoboconDetectionFruit/install/ros_to_kimd/share/ros_to_kimd/package.sh'
[1.809s] INFO:colcon.colcon_core.shell:Creating package script '/home/kaibuchisoma/robocon_ws/RoboconDetectionFruit/install/ros_to_kimd/share/ros_to_kimd/package.bash'
[1.810s] INFO:colcon.colcon_core.shell:Creating package script '/home/kaibuchisoma/robocon_ws/RoboconDetectionFruit/install/ros_to_kimd/share/ros_to_kimd/package.zsh'
[1.810s] Level 1:colcon.colcon_core.environment:create_file_with_runtime_dependencies(/home/kaibuchisoma/robocon_ws/RoboconDetectionFruit/install/ros_to_kimd/share/colcon-core/packages/ros_to_kimd)
[1.856s] Level 1:colcon.colcon_core.environment:create_environment_scripts_only(ros_to_kimd)
[1.871s] Level 1:colcon.colcon_core.environment:checking '/home/kaibuchisoma/robocon_ws/RoboconDetectionFruit/install/ros_to_kimd' for CMake module files
[1.872s] Level 1:colcon.colcon_core.environment:checking '/home/kaibuchisoma/robocon_ws/RoboconDetectionFruit/install/ros_to_kimd' for CMake config files
[1.872s] Level 1:colcon.colcon_core.shell:create_environment_hook('ros_to_kimd', 'cmake_prefix_path')
[1.887s] INFO:colcon.colcon_core.shell:Creating environment hook '/home/kaibuchisoma/robocon_ws/RoboconDetectionFruit/install/ros_to_kimd/share/ros_to_kimd/hook/cmake_prefix_path.ps1'
[1.888s] INFO:colcon.colcon_core.shell:Creating environment descriptor '/home/kaibuchisoma/robocon_ws/RoboconDetectionFruit/install/ros_to_kimd/share/ros_to_kimd/hook/cmake_prefix_path.dsv'
[1.888s] INFO:colcon.colcon_core.shell:Creating environment hook '/home/kaibuchisoma/robocon_ws/RoboconDetectionFruit/install/ros_to_kimd/share/ros_to_kimd/hook/cmake_prefix_path.sh'
[1.889s] Level 1:colcon.colcon_core.environment:checking '/home/kaibuchisoma/robocon_ws/RoboconDetectionFruit/install/ros_to_kimd/lib'
[1.889s] Level 1:colcon.colcon_core.environment:checking '/home/kaibuchisoma/robocon_ws/RoboconDetectionFruit/install/ros_to_kimd/bin'
[1.889s] Level 1:colcon.colcon_core.environment:checking '/home/kaibuchisoma/robocon_ws/RoboconDetectionFruit/install/ros_to_kimd/lib/pkgconfig/ros_to_kimd.pc'
[1.889s] Level 1:colcon.colcon_core.environment:checking '/home/kaibuchisoma/robocon_ws/RoboconDetectionFruit/install/ros_to_kimd/lib/python3.10/site-packages'
[1.889s] Level 1:colcon.colcon_core.environment:checking '/home/kaibuchisoma/robocon_ws/RoboconDetectionFruit/install/ros_to_kimd/bin'
[1.905s] INFO:colcon.colcon_core.shell:Creating package script '/home/kaibuchisoma/robocon_ws/RoboconDetectionFruit/install/ros_to_kimd/share/ros_to_kimd/package.ps1'
[1.905s] INFO:colcon.colcon_core.shell:Creating package descriptor '/home/kaibuchisoma/robocon_ws/RoboconDetectionFruit/install/ros_to_kimd/share/ros_to_kimd/package.dsv'
[1.906s] INFO:colcon.colcon_core.shell:Creating package script '/home/kaibuchisoma/robocon_ws/RoboconDetectionFruit/install/ros_to_kimd/share/ros_to_kimd/package.sh'
[1.906s] INFO:colcon.colcon_core.shell:Creating package script '/home/kaibuchisoma/robocon_ws/RoboconDetectionFruit/install/ros_to_kimd/share/ros_to_kimd/package.bash'
[1.906s] INFO:colcon.colcon_core.shell:Creating package script '/home/kaibuchisoma/robocon_ws/RoboconDetectionFruit/install/ros_to_kimd/share/ros_to_kimd/package.zsh'
[1.907s] Level 1:colcon.colcon_core.environment:create_file_with_runtime_dependencies(/home/kaibuchisoma/robocon_ws/RoboconDetectionFruit/install/ros_to_kimd/share/colcon-core/packages/ros_to_kimd)
[1.937s] DEBUG:colcon.colcon_core.event_handler.log_command:Invoking command in '/home/kaibuchisoma/robocon_ws/RoboconDetectionFruit/src/fruit_detection': PYTHONPATH=/home/kaibuchisoma/robocon_ws/RoboconDetectionFruit/build/fruit_detection/prefix_override:/home/kaibuchisoma/robocon_ws/RoboconDetectionFruit/install/fruit_detection/lib/python3.10/site-packages:${PYTHONPATH} /usr/bin/python3 setup.py egg_info --egg-base ../../build/fruit_detection build --build-base /home/kaibuchisoma/robocon_ws/RoboconDetectionFruit/build/fruit_detection/build install --record /home/kaibuchisoma/robocon_ws/RoboconDetectionFruit/build/fruit_detection/install.log --single-version-externally-managed
[2.221s] DEBUG:colcon.colcon_core.event_handler.log_command:Invoked command in '/home/kaibuchisoma/robocon_ws/RoboconDetectionFruit/src/fruit_detection' returned '0': PYTHONPATH=/home/kaibuchisoma/robocon_ws/RoboconDetectionFruit/build/fruit_detection/prefix_override:/home/kaibuchisoma/robocon_ws/RoboconDetectionFruit/install/fruit_detection/lib/python3.10/site-packages:${PYTHONPATH} /usr/bin/python3 setup.py egg_info --egg-base ../../build/fruit_detection build --build-base /home/kaibuchisoma/robocon_ws/RoboconDetectionFruit/build/fruit_detection/build install --record /home/kaibuchisoma/robocon_ws/RoboconDetectionFruit/build/fruit_detection/install.log --single-version-externally-managed
[2.237s] Level 1:colcon.colcon_core.environment:checking '/home/kaibuchisoma/robocon_ws/RoboconDetectionFruit/install/fruit_detection' for CMake module files
[2.237s] Level 1:colcon.colcon_core.environment:checking '/home/kaibuchisoma/robocon_ws/RoboconDetectionFruit/install/fruit_detection' for CMake config files
[2.238s] Level 1:colcon.colcon_core.environment:checking '/home/kaibuchisoma/robocon_ws/RoboconDetectionFruit/install/fruit_detection/lib'
[2.238s] Level 1:colcon.colcon_core.environment:checking '/home/kaibuchisoma/robocon_ws/RoboconDetectionFruit/install/fruit_detection/bin'
[2.238s] Level 1:colcon.colcon_core.environment:checking '/home/kaibuchisoma/robocon_ws/RoboconDetectionFruit/install/fruit_detection/lib/pkgconfig/fruit_detection.pc'
[2.238s] Level 1:colcon.colcon_core.environment:checking '/home/kaibuchisoma/robocon_ws/RoboconDetectionFruit/install/fruit_detection/lib/python3.10/site-packages'
[2.238s] Level 1:colcon.colcon_core.shell:create_environment_hook('fruit_detection', 'pythonpath')
[2.253s] INFO:colcon.colcon_core.shell:Creating environment hook '/home/kaibuchisoma/robocon_ws/RoboconDetectionFruit/install/fruit_detection/share/fruit_detection/hook/pythonpath.ps1'
[2.254s] INFO:colcon.colcon_core.shell:Creating environment descriptor '/home/kaibuchisoma/robocon_ws/RoboconDetectionFruit/install/fruit_detection/share/fruit_detection/hook/pythonpath.dsv'
[2.254s] INFO:colcon.colcon_core.shell:Creating environment hook '/home/kaibuchisoma/robocon_ws/RoboconDetectionFruit/install/fruit_detection/share/fruit_detection/hook/pythonpath.sh'
[2.255s] Level 1:colcon.colcon_core.environment:checking '/home/kaibuchisoma/robocon_ws/RoboconDetectionFruit/install/fruit_detection/bin'
[2.255s] Level 1:colcon.colcon_core.environment:create_environment_scripts_only(fruit_detection)
[2.269s] INFO:colcon.colcon_core.shell:Creating package script '/home/kaibuchisoma/robocon_ws/RoboconDetectionFruit/install/fruit_detection/share/fruit_detection/package.ps1'
[2.270s] INFO:colcon.colcon_core.shell:Creating package descriptor '/home/kaibuchisoma/robocon_ws/RoboconDetectionFruit/install/fruit_detection/share/fruit_detection/package.dsv'
[2.270s] INFO:colcon.colcon_core.shell:Creating package script '/home/kaibuchisoma/robocon_ws/RoboconDetectionFruit/install/fruit_detection/share/fruit_detection/package.sh'
[2.270s] INFO:colcon.colcon_core.shell:Creating package script '/home/kaibuchisoma/robocon_ws/RoboconDetectionFruit/install/fruit_detection/share/fruit_detection/package.bash'
[2.271s] INFO:colcon.colcon_core.shell:Creating package script '/home/kaibuchisoma/robocon_ws/RoboconDetectionFruit/install/fruit_detection/share/fruit_detection/package.zsh'
[2.271s] Level 1:colcon.colcon_core.environment:create_file_with_runtime_dependencies(/home/kaibuchisoma/robocon_ws/RoboconDetectionFruit/install/fruit_detection/share/colcon-core/packages/fruit_detection)
[6.049s] DEBUG:colcon.colcon_core.event_handler.log_command:Invoked command in '/home/kaibuchisoma/robocon_ws/RoboconDetectionFruit/build/robocon2023_b_dash' returned '2': CMAKE_PREFIX_PATH=${CMAKE_PREFIX_PATH}:/opt/ros/humble:/home/kaibuchisoma/robocon_ws/RoboconDetectionFruit/install/fruit_detection /usr/bin/cmake --build /home/kaibuchisoma/robocon_ws/RoboconDetectionFruit/build/robocon2023_b_dash -- -j12 -l12
[6.102s] Level 1:colcon.colcon_core.environment:create_environment_scripts_only(robocon2023_b_dash)
[6.115s] Level 1:colcon.colcon_core.environment:checking '/home/kaibuchisoma/robocon_ws/RoboconDetectionFruit/install/robocon2023_b_dash' for CMake module files
[6.116s] Level 1:colcon.colcon_core.environment:checking '/home/kaibuchisoma/robocon_ws/RoboconDetectionFruit/install/robocon2023_b_dash' for CMake config files
[6.116s] Level 1:colcon.colcon_core.shell:create_environment_hook('robocon2023_b_dash', 'cmake_prefix_path')
[6.130s] INFO:colcon.colcon_core.shell:Creating environment hook '/home/kaibuchisoma/robocon_ws/RoboconDetectionFruit/install/robocon2023_b_dash/share/robocon2023_b_dash/hook/cmake_prefix_path.ps1'
[6.131s] INFO:colcon.colcon_core.shell:Creating environment descriptor '/home/kaibuchisoma/robocon_ws/RoboconDetectionFruit/install/robocon2023_b_dash/share/robocon2023_b_dash/hook/cmake_prefix_path.dsv'
[6.131s] INFO:colcon.colcon_core.shell:Creating environment hook '/home/kaibuchisoma/robocon_ws/RoboconDetectionFruit/install/robocon2023_b_dash/share/robocon2023_b_dash/hook/cmake_prefix_path.sh'
[6.131s] Level 1:colcon.colcon_core.environment:checking '/home/kaibuchisoma/robocon_ws/RoboconDetectionFruit/install/robocon2023_b_dash/lib'
[6.131s] Level 1:colcon.colcon_core.environment:checking '/home/kaibuchisoma/robocon_ws/RoboconDetectionFruit/install/robocon2023_b_dash/bin'
[6.132s] Level 1:colcon.colcon_core.environment:checking '/home/kaibuchisoma/robocon_ws/RoboconDetectionFruit/install/robocon2023_b_dash/lib/pkgconfig/robocon2023_b_dash.pc'
[6.132s] Level 1:colcon.colcon_core.environment:checking '/home/kaibuchisoma/robocon_ws/RoboconDetectionFruit/install/robocon2023_b_dash/lib/python3.10/site-packages'
[6.132s] Level 1:colcon.colcon_core.environment:checking '/home/kaibuchisoma/robocon_ws/RoboconDetectionFruit/install/robocon2023_b_dash/bin'
[6.148s] INFO:colcon.colcon_core.shell:Creating package script '/home/kaibuchisoma/robocon_ws/RoboconDetectionFruit/install/robocon2023_b_dash/share/robocon2023_b_dash/package.ps1'
[6.149s] INFO:colcon.colcon_core.shell:Creating package descriptor '/home/kaibuchisoma/robocon_ws/RoboconDetectionFruit/install/robocon2023_b_dash/share/robocon2023_b_dash/package.dsv'
[6.149s] INFO:colcon.colcon_core.shell:Creating package script '/home/kaibuchisoma/robocon_ws/RoboconDetectionFruit/install/robocon2023_b_dash/share/robocon2023_b_dash/package.sh'
[6.149s] INFO:colcon.colcon_core.shell:Creating package script '/home/kaibuchisoma/robocon_ws/RoboconDetectionFruit/install/robocon2023_b_dash/share/robocon2023_b_dash/package.bash'
[6.150s] INFO:colcon.colcon_core.shell:Creating package script '/home/kaibuchisoma/robocon_ws/RoboconDetectionFruit/install/robocon2023_b_dash/share/robocon2023_b_dash/package.zsh'
[6.150s] Level 1:colcon.colcon_core.environment:create_file_with_runtime_dependencies(/home/kaibuchisoma/robocon_ws/RoboconDetectionFruit/install/robocon2023_b_dash/share/colcon-core/packages/robocon2023_b_dash)
[6.161s] DEBUG:colcon.colcon_parallel_executor.executor.parallel:closing loop
[6.161s] DEBUG:colcon.colcon_parallel_executor.executor.parallel:loop closed
[6.161s] DEBUG:colcon.colcon_parallel_executor.executor.parallel:run_until_complete finished with '2'
[6.161s] DEBUG:colcon.colcon_core.event_reactor:joining thread
[6.183s] INFO:colcon.colcon_core.plugin_system:Skipping extension 'colcon_notification.desktop_notification.terminal_notifier': Not used on non-Darwin systems
[6.183s] INFO:colcon.colcon_core.plugin_system:Skipping extension 'colcon_notification.desktop_notification.win32': Not used on non-Windows systems
[6.183s] INFO:colcon.colcon_notification.desktop_notification:Sending desktop notification using 'notify2'
[6.197s] DEBUG:colcon.colcon_core.event_reactor:joined thread
[6.214s] INFO:colcon.colcon_core.shell:Creating prefix script '/home/kaibuchisoma/robocon_ws/RoboconDetectionFruit/install/local_setup.ps1'
[6.215s] INFO:colcon.colcon_core.shell:Creating prefix util module '/home/kaibuchisoma/robocon_ws/RoboconDetectionFruit/install/_local_setup_util_ps1.py'
[6.216s] INFO:colcon.colcon_core.shell:Creating prefix chain script '/home/kaibuchisoma/robocon_ws/RoboconDetectionFruit/install/setup.ps1'
[6.233s] INFO:colcon.colcon_core.shell:Creating prefix script '/home/kaibuchisoma/robocon_ws/RoboconDetectionFruit/install/local_setup.sh'
[6.233s] INFO:colcon.colcon_core.shell:Creating prefix util module '/home/kaibuchisoma/robocon_ws/RoboconDetectionFruit/install/_local_setup_util_sh.py'
[6.234s] INFO:colcon.colcon_core.shell:Creating prefix chain script '/home/kaibuchisoma/robocon_ws/RoboconDetectionFruit/install/setup.sh'
[6.253s] INFO:colcon.colcon_core.shell:Creating prefix script '/home/kaibuchisoma/robocon_ws/RoboconDetectionFruit/install/local_setup.bash'
[6.254s] INFO:colcon.colcon_core.shell:Creating prefix chain script '/home/kaibuchisoma/robocon_ws/RoboconDetectionFruit/install/setup.bash'
[6.275s] INFO:colcon.colcon_core.shell:Creating prefix script '/home/kaibuchisoma/robocon_ws/RoboconDetectionFruit/install/local_setup.zsh'
[6.276s] INFO:colcon.colcon_core.shell:Creating prefix chain script '/home/kaibuchisoma/robocon_ws/RoboconDetectionFruit/install/setup.zsh'
