[0.702s] Invoking command in '/home/kaibuchisoma/robocon_ws/src/fruit_detection': PYTHONPATH=/home/kaibuchisoma/robocon_ws/build/fruit_detection/prefix_override:/home/kaibuchisoma/robocon_ws/install/fruit_detection/lib/python3.10/site-packages:${PYTHONPATH} /usr/bin/python3 setup.py egg_info --egg-base ../../build/fruit_detection build --build-base /home/kaibuchisoma/robocon_ws/build/fruit_detection/build install --record /home/kaibuchisoma/robocon_ws/build/fruit_detection/install.log --single-version-externally-managed
[0.921s] running egg_info
[0.923s] writing ../../build/fruit_detection/fruit_detection.egg-info/PKG-INFO
[0.923s] writing dependency_links to ../../build/fruit_detection/fruit_detection.egg-info/dependency_links.txt
[0.923s] writing entry points to ../../build/fruit_detection/fruit_detection.egg-info/entry_points.txt
[0.923s] writing requirements to ../../build/fruit_detection/fruit_detection.egg-info/requires.txt
[0.924s] writing top-level names to ../../build/fruit_detection/fruit_detection.egg-info/top_level.txt
[0.927s] reading manifest file '../../build/fruit_detection/fruit_detection.egg-info/SOURCES.txt'
[0.928s] writing manifest file '../../build/fruit_detection/fruit_detection.egg-info/SOURCES.txt'
[0.929s] running build
[0.929s] running build_py
[0.929s] running install
[0.930s] /usr/lib/python3/dist-packages/setuptools/command/install.py:34: SetuptoolsDeprecationWarning: setup.py install is deprecated. Use build and pip and other standards-based tools.
[0.930s]   warnings.warn(
[0.930s] running install_lib
[0.933s] running install_data
[0.934s] running install_egg_info
[0.936s] removing '/home/kaibuchisoma/robocon_ws/install/fruit_detection/lib/python3.10/site-packages/fruit_detection-0.0.1-py3.10.egg-info' (and everything under it)
[0.936s] Copying ../../build/fruit_detection/fruit_detection.egg-info to /home/kaibuchisoma/robocon_ws/install/fruit_detection/lib/python3.10/site-packages/fruit_detection-0.0.1-py3.10.egg-info
[0.937s] running install_scripts
[0.958s] Installing listener script to /home/kaibuchisoma/robocon_ws/install/fruit_detection/lib/fruit_detection
[0.959s] Installing pubdetect script to /home/kaibuchisoma/robocon_ws/install/fruit_detection/lib/fruit_detection
[0.959s] Installing talker script to /home/kaibuchisoma/robocon_ws/install/fruit_detection/lib/fruit_detection
[0.959s] writing list of installed files to '/home/kaibuchisoma/robocon_ws/build/fruit_detection/install.log'
[0.983s] Invoked command in '/home/kaibuchisoma/robocon_ws/src/fruit_detection' returned '0': PYTHONPATH=/home/kaibuchisoma/robocon_ws/build/fruit_detection/prefix_override:/home/kaibuchisoma/robocon_ws/install/fruit_detection/lib/python3.10/site-packages:${PYTHONPATH} /usr/bin/python3 setup.py egg_info --egg-base ../../build/fruit_detection build --build-base /home/kaibuchisoma/robocon_ws/build/fruit_detection/build install --record /home/kaibuchisoma/robocon_ws/build/fruit_detection/install.log --single-version-externally-managed
