[0.452s] Invoking command in '/home/roboconb/RoboconDetectionFruit-master/build/ros_to_kimd': CMAKE_PREFIX_PATH=${CMAKE_PREFIX_PATH}:/home/roboconb/RoboconDetectionFruit-master/install/fruit_detection:/opt/ros/humble /usr/bin/cmake /home/roboconb/RoboconDetectionFruit-master/src/ros_to_kimd -DCMAKE_INSTALL_PREFIX=/home/roboconb/RoboconDetectionFruit-master/install/ros_to_kimd
[0.515s] -- The C compiler identification is GNU 11.4.0
[0.591s] -- The CXX compiler identification is GNU 11.4.0
[0.600s] -- Detecting C compiler ABI info
[0.692s] -- Detecting C compiler ABI info - done
[0.712s] -- Check for working C compiler: /usr/bin/cc - skipped
[0.712s] -- Detecting C compile features
[0.713s] -- Detecting C compile features - done
[0.719s] -- Detecting CXX compiler ABI info
[0.849s] -- Detecting CXX compiler ABI info - done
[0.864s] -- Check for working CXX compiler: /usr/bin/c++ - skipped
[0.864s] -- Detecting CXX compile features
[0.865s] -- Detecting CXX compile features - done
[0.869s] -- Found ament_cmake: 1.3.5 (/opt/ros/humble/share/ament_cmake/cmake)
[1.168s] -- Found Python3: /usr/bin/python3.10 (found version "3.10.12") found components: Interpreter 
[1.292s] -- Found rclcpp: 16.0.6 (/opt/ros/humble/share/rclcpp/cmake)
[1.352s] -- Found rosidl_generator_c: 3.1.5 (/opt/ros/humble/share/rosidl_generator_c/cmake)
[1.358s] -- Found rosidl_adapter: 3.1.5 (/opt/ros/humble/share/rosidl_adapter/cmake)
[1.371s] -- Found rosidl_generator_cpp: 3.1.5 (/opt/ros/humble/share/rosidl_generator_cpp/cmake)
[1.392s] -- Using all available rosidl_typesupport_c: rosidl_typesupport_fastrtps_c;rosidl_typesupport_introspection_c
[1.426s] -- Using all available rosidl_typesupport_cpp: rosidl_typesupport_fastrtps_cpp;rosidl_typesupport_introspection_cpp
[1.531s] -- Found rmw_implementation_cmake: 6.1.1 (/opt/ros/humble/share/rmw_implementation_cmake/cmake)
[1.535s] -- Found rmw_fastrtps_cpp: 6.2.4 (/opt/ros/humble/share/rmw_fastrtps_cpp/cmake)
[1.663s] -- Found OpenSSL: /usr/lib/x86_64-linux-gnu/libcrypto.so (found version "3.0.2")  
[1.699s] -- Found FastRTPS: /opt/ros/humble/include  
[1.755s] -- Using RMW implementation 'rmw_fastrtps_cpp' as default
[1.769s] -- Looking for pthread.h
[1.856s] -- Looking for pthread.h - found
[1.857s] -- Performing Test CMAKE_HAVE_LIBC_PTHREAD
[1.949s] -- Performing Test CMAKE_HAVE_LIBC_PTHREAD - Success
[1.951s] -- Found Threads: TRUE  
[2.220s] -- Found sensor_msgs: 4.2.3 (/opt/ros/humble/share/sensor_msgs/cmake)
[2.394s] -- Found ament_lint_auto: 0.12.8 (/opt/ros/humble/share/ament_lint_auto/cmake)
[2.496s] -- Added test 'copyright' to check source files copyright and LICENSE
[2.509s] -- Added test 'cppcheck' to perform static code analysis on C / C++ code
[2.509s] -- Configured cppcheck include dirs: 
[2.510s] -- Configured cppcheck exclude dirs and/or files: 
[2.522s] -- Added test 'cpplint' to check C / C++ code against the Google style
[2.522s] -- Configured cpplint exclude dirs and/or files: 
[2.524s] -- Added test 'flake8' to check Python code syntax and style conventions
[2.527s] -- Added test 'lint_cmake' to check CMake code style
[2.529s] -- Added test 'pep257' to check Python code against some of the docstring style conventions in PEP 257
[2.542s] -- Added test 'uncrustify' to check C / C++ code style
[2.542s] -- Configured uncrustify additional arguments: 
[2.545s] -- Added test 'xmllint' to check XML markup files
[2.546s] -- Configuring done
[2.565s] -- Generating done
[2.567s] -- Build files have been written to: /home/roboconb/RoboconDetectionFruit-master/build/ros_to_kimd
[2.580s] Invoked command in '/home/roboconb/RoboconDetectionFruit-master/build/ros_to_kimd' returned '0': CMAKE_PREFIX_PATH=${CMAKE_PREFIX_PATH}:/home/roboconb/RoboconDetectionFruit-master/install/fruit_detection:/opt/ros/humble /usr/bin/cmake /home/roboconb/RoboconDetectionFruit-master/src/ros_to_kimd -DCMAKE_INSTALL_PREFIX=/home/roboconb/RoboconDetectionFruit-master/install/ros_to_kimd
[2.582s] Invoking command in '/home/roboconb/RoboconDetectionFruit-master/build/ros_to_kimd': CMAKE_PREFIX_PATH=${CMAKE_PREFIX_PATH}:/home/roboconb/RoboconDetectionFruit-master/install/fruit_detection:/opt/ros/humble /usr/bin/cmake --build /home/roboconb/RoboconDetectionFruit-master/build/ros_to_kimd -- -j8 -l8
[2.633s] [35m[1mConsolidate compiler generated dependencies of target ControlKimd[0m
[2.635s] [35m[1mConsolidate compiler generated dependencies of target joysubtest[0m
[2.660s] [ 50%] Built target ControlKimd
[2.673s] [100%] Built target joysubtest
[2.713s] Invoked command in '/home/roboconb/RoboconDetectionFruit-master/build/ros_to_kimd' returned '0': CMAKE_PREFIX_PATH=${CMAKE_PREFIX_PATH}:/home/roboconb/RoboconDetectionFruit-master/install/fruit_detection:/opt/ros/humble /usr/bin/cmake --build /home/roboconb/RoboconDetectionFruit-master/build/ros_to_kimd -- -j8 -l8
[2.807s] Invoking command in '/home/roboconb/RoboconDetectionFruit-master/build/ros_to_kimd': CMAKE_PREFIX_PATH=${CMAKE_PREFIX_PATH}:/home/roboconb/RoboconDetectionFruit-master/install/fruit_detection:/opt/ros/humble /usr/bin/cmake --install /home/roboconb/RoboconDetectionFruit-master/build/ros_to_kimd
[2.824s] -- Install configuration: ""
[2.824s] -- Up-to-date: /home/roboconb/RoboconDetectionFruit-master/install/ros_to_kimd/lib/ros_to_kimd/joysubtest
[2.826s] -- Up-to-date: /home/roboconb/RoboconDetectionFruit-master/install/ros_to_kimd/lib/ros_to_kimd/ControlKimd
[2.827s] -- Up-to-date: /home/roboconb/RoboconDetectionFruit-master/install/ros_to_kimd/share/ament_index/resource_index/package_run_dependencies/ros_to_kimd
[2.827s] -- Up-to-date: /home/roboconb/RoboconDetectionFruit-master/install/ros_to_kimd/share/ament_index/resource_index/parent_prefix_path/ros_to_kimd
[2.827s] -- Up-to-date: /home/roboconb/RoboconDetectionFruit-master/install/ros_to_kimd/share/ros_to_kimd/environment/ament_prefix_path.sh
[2.827s] -- Installing: /home/roboconb/RoboconDetectionFruit-master/install/ros_to_kimd/share/ros_to_kimd/environment/ament_prefix_path.dsv
[2.827s] -- Up-to-date: /home/roboconb/RoboconDetectionFruit-master/install/ros_to_kimd/share/ros_to_kimd/environment/path.sh
[2.828s] -- Installing: /home/roboconb/RoboconDetectionFruit-master/install/ros_to_kimd/share/ros_to_kimd/environment/path.dsv
[2.828s] -- Up-to-date: /home/roboconb/RoboconDetectionFruit-master/install/ros_to_kimd/share/ros_to_kimd/local_setup.bash
[2.829s] -- Up-to-date: /home/roboconb/RoboconDetectionFruit-master/install/ros_to_kimd/share/ros_to_kimd/local_setup.sh
[2.829s] -- Up-to-date: /home/roboconb/RoboconDetectionFruit-master/install/ros_to_kimd/share/ros_to_kimd/local_setup.zsh
[2.829s] -- Installing: /home/roboconb/RoboconDetectionFruit-master/install/ros_to_kimd/share/ros_to_kimd/local_setup.dsv
[2.829s] -- Installing: /home/roboconb/RoboconDetectionFruit-master/install/ros_to_kimd/share/ros_to_kimd/package.dsv
[2.830s] -- Up-to-date: /home/roboconb/RoboconDetectionFruit-master/install/ros_to_kimd/share/ament_index/resource_index/packages/ros_to_kimd
[2.830s] -- Up-to-date: /home/roboconb/RoboconDetectionFruit-master/install/ros_to_kimd/share/ros_to_kimd/cmake/ros_to_kimdConfig.cmake
[2.830s] -- Up-to-date: /home/roboconb/RoboconDetectionFruit-master/install/ros_to_kimd/share/ros_to_kimd/cmake/ros_to_kimdConfig-version.cmake
[2.830s] -- Up-to-date: /home/roboconb/RoboconDetectionFruit-master/install/ros_to_kimd/share/ros_to_kimd/package.xml
[2.834s] Invoked command in '/home/roboconb/RoboconDetectionFruit-master/build/ros_to_kimd' returned '0': CMAKE_PREFIX_PATH=${CMAKE_PREFIX_PATH}:/home/roboconb/RoboconDetectionFruit-master/install/fruit_detection:/opt/ros/humble /usr/bin/cmake --install /home/roboconb/RoboconDetectionFruit-master/build/ros_to_kimd
