[0.506s] Invoking command in '/home/kaibuchisoma/usbから/RoboconDetectionFruit-master/build/ros_to_kimd': CMAKE_PREFIX_PATH=${CMAKE_PREFIX_PATH}:/home/kaibuchisoma/usbから/RoboconDetectionFruit-master/install/fruit_detection:/home/kaibuchisoma/robocon_ws/install/fruit_detection:/opt/ros/humble /usr/bin/cmake /home/kaibuchisoma/usbから/RoboconDetectionFruit-master/src/ros_to_kimd -DCMAKE_INSTALL_PREFIX=/home/kaibuchisoma/usbから/RoboconDetectionFruit-master/install/ros_to_kimd
[0.643s] -- The C compiler identification is GNU 11.4.0
[0.757s] -- The CXX compiler identification is GNU 11.4.0
[0.772s] -- Detecting C compiler ABI info
[0.901s] -- Detecting C compiler ABI info - done
[0.913s] -- Check for working C compiler: /usr/bin/cc - skipped
[0.914s] -- Detecting C compile features
[0.915s] -- Detecting C compile features - done
[0.921s] -- Detecting CXX compiler ABI info
[1.118s] -- Detecting CXX compiler ABI info - done
[1.134s] -- Check for working CXX compiler: /usr/bin/c++ - skipped
[1.135s] -- Detecting CXX compile features
[1.135s] -- Detecting CXX compile features - done
[1.148s] -- Found ament_cmake: 1.3.5 (/opt/ros/humble/share/ament_cmake/cmake)
[1.432s] -- Found Python3: /usr/bin/python3.10 (found version "3.10.12") found components: Interpreter 
[1.580s] -- Found rclcpp: 16.0.6 (/opt/ros/humble/share/rclcpp/cmake)
[1.691s] -- Found rosidl_generator_c: 3.1.5 (/opt/ros/humble/share/rosidl_generator_c/cmake)
[1.709s] -- Found rosidl_adapter: 3.1.5 (/opt/ros/humble/share/rosidl_adapter/cmake)
[1.736s] -- Found rosidl_generator_cpp: 3.1.5 (/opt/ros/humble/share/rosidl_generator_cpp/cmake)
[1.777s] -- Using all available rosidl_typesupport_c: rosidl_typesupport_fastrtps_c;rosidl_typesupport_introspection_c
[1.819s] -- Using all available rosidl_typesupport_cpp: rosidl_typesupport_fastrtps_cpp;rosidl_typesupport_introspection_cpp
[1.967s] -- Found rmw_implementation_cmake: 6.1.1 (/opt/ros/humble/share/rmw_implementation_cmake/cmake)
[1.972s] -- Found rmw_fastrtps_cpp: 6.2.4 (/opt/ros/humble/share/rmw_fastrtps_cpp/cmake)
[2.178s] -- Found OpenSSL: /usr/lib/x86_64-linux-gnu/libcrypto.so (found version "3.0.2")  
[2.223s] -- Found FastRTPS: /opt/ros/humble/include  
[2.308s] -- Using RMW implementation 'rmw_fastrtps_cpp' as default
[2.326s] -- Looking for pthread.h
[2.452s] -- Looking for pthread.h - found
[2.453s] -- Performing Test CMAKE_HAVE_LIBC_PTHREAD
[2.563s] -- Performing Test CMAKE_HAVE_LIBC_PTHREAD - Success
[2.564s] -- Found Threads: TRUE  
[2.806s] -- Found sensor_msgs: 4.2.3 (/opt/ros/humble/share/sensor_msgs/cmake)
[2.992s] -- Found ament_lint_auto: 0.12.8 (/opt/ros/humble/share/ament_lint_auto/cmake)
[3.148s] -- Added test 'copyright' to check source files copyright and LICENSE
[3.164s] -- Added test 'cppcheck' to perform static code analysis on C / C++ code
[3.164s] -- Configured cppcheck include dirs: 
[3.164s] -- Configured cppcheck exclude dirs and/or files: 
[3.180s] -- Added test 'cpplint' to check C / C++ code against the Google style
[3.181s] -- Configured cpplint exclude dirs and/or files: 
[3.183s] -- Added test 'flake8' to check Python code syntax and style conventions
[3.189s] -- Added test 'lint_cmake' to check CMake code style
[3.191s] -- Added test 'pep257' to check Python code against some of the docstring style conventions in PEP 257
[3.209s] -- Added test 'uncrustify' to check C / C++ code style
[3.209s] -- Configured uncrustify additional arguments: 
[3.212s] -- Added test 'xmllint' to check XML markup files
[3.213s] -- Configuring done
[3.236s] -- Generating done
[3.238s] -- Build files have been written to: /home/kaibuchisoma/usbから/RoboconDetectionFruit-master/build/ros_to_kimd
[3.254s] Invoked command in '/home/kaibuchisoma/usbから/RoboconDetectionFruit-master/build/ros_to_kimd' returned '0': CMAKE_PREFIX_PATH=${CMAKE_PREFIX_PATH}:/home/kaibuchisoma/usbから/RoboconDetectionFruit-master/install/fruit_detection:/home/kaibuchisoma/robocon_ws/install/fruit_detection:/opt/ros/humble /usr/bin/cmake /home/kaibuchisoma/usbから/RoboconDetectionFruit-master/src/ros_to_kimd -DCMAKE_INSTALL_PREFIX=/home/kaibuchisoma/usbから/RoboconDetectionFruit-master/install/ros_to_kimd
[3.256s] Invoking command in '/home/kaibuchisoma/usbから/RoboconDetectionFruit-master/build/ros_to_kimd': CMAKE_PREFIX_PATH=${CMAKE_PREFIX_PATH}:/home/kaibuchisoma/usbから/RoboconDetectionFruit-master/install/fruit_detection:/home/kaibuchisoma/robocon_ws/install/fruit_detection:/opt/ros/humble /usr/bin/cmake --build /home/kaibuchisoma/usbから/RoboconDetectionFruit-master/build/ros_to_kimd -- -j12 -l12
[3.313s] [35m[1mConsolidate compiler generated dependencies of target joysubtest[0m
[3.313s] [35m[1mConsolidate compiler generated dependencies of target ControlKimd[0m
[3.388s] [ 50%] Built target ControlKimd
[3.403s] [100%] Built target joysubtest
[3.444s] Invoked command in '/home/kaibuchisoma/usbから/RoboconDetectionFruit-master/build/ros_to_kimd' returned '0': CMAKE_PREFIX_PATH=${CMAKE_PREFIX_PATH}:/home/kaibuchisoma/usbから/RoboconDetectionFruit-master/install/fruit_detection:/home/kaibuchisoma/robocon_ws/install/fruit_detection:/opt/ros/humble /usr/bin/cmake --build /home/kaibuchisoma/usbから/RoboconDetectionFruit-master/build/ros_to_kimd -- -j12 -l12
[3.536s] Invoking command in '/home/kaibuchisoma/usbから/RoboconDetectionFruit-master/build/ros_to_kimd': CMAKE_PREFIX_PATH=${CMAKE_PREFIX_PATH}:/home/kaibuchisoma/usbから/RoboconDetectionFruit-master/install/fruit_detection:/home/kaibuchisoma/robocon_ws/install/fruit_detection:/opt/ros/humble /usr/bin/cmake --install /home/kaibuchisoma/usbから/RoboconDetectionFruit-master/build/ros_to_kimd
[3.554s] -- Install configuration: ""
[3.554s] -- Up-to-date: /home/kaibuchisoma/usbから/RoboconDetectionFruit-master/install/ros_to_kimd/lib/ros_to_kimd/joysubtest
[3.555s] -- Up-to-date: /home/kaibuchisoma/usbから/RoboconDetectionFruit-master/install/ros_to_kimd/lib/ros_to_kimd/ControlKimd
[3.556s] -- Up-to-date: /home/kaibuchisoma/usbから/RoboconDetectionFruit-master/install/ros_to_kimd/share/ament_index/resource_index/package_run_dependencies/ros_to_kimd
[3.556s] -- Up-to-date: /home/kaibuchisoma/usbから/RoboconDetectionFruit-master/install/ros_to_kimd/share/ament_index/resource_index/parent_prefix_path/ros_to_kimd
[3.557s] -- Up-to-date: /home/kaibuchisoma/usbから/RoboconDetectionFruit-master/install/ros_to_kimd/share/ros_to_kimd/environment/ament_prefix_path.sh
[3.557s] -- Installing: /home/kaibuchisoma/usbから/RoboconDetectionFruit-master/install/ros_to_kimd/share/ros_to_kimd/environment/ament_prefix_path.dsv
[3.557s] -- Up-to-date: /home/kaibuchisoma/usbから/RoboconDetectionFruit-master/install/ros_to_kimd/share/ros_to_kimd/environment/path.sh
[3.558s] -- Installing: /home/kaibuchisoma/usbから/RoboconDetectionFruit-master/install/ros_to_kimd/share/ros_to_kimd/environment/path.dsv
[3.558s] -- Up-to-date: /home/kaibuchisoma/usbから/RoboconDetectionFruit-master/install/ros_to_kimd/share/ros_to_kimd/local_setup.bash
[3.558s] -- Up-to-date: /home/kaibuchisoma/usbから/RoboconDetectionFruit-master/install/ros_to_kimd/share/ros_to_kimd/local_setup.sh
[3.559s] -- Up-to-date: /home/kaibuchisoma/usbから/RoboconDetectionFruit-master/install/ros_to_kimd/share/ros_to_kimd/local_setup.zsh
[3.559s] -- Installing: /home/kaibuchisoma/usbから/RoboconDetectionFruit-master/install/ros_to_kimd/share/ros_to_kimd/local_setup.dsv
[3.559s] -- Installing: /home/kaibuchisoma/usbから/RoboconDetectionFruit-master/install/ros_to_kimd/share/ros_to_kimd/package.dsv
[3.559s] -- Up-to-date: /home/kaibuchisoma/usbから/RoboconDetectionFruit-master/install/ros_to_kimd/share/ament_index/resource_index/packages/ros_to_kimd
[3.560s] -- Up-to-date: /home/kaibuchisoma/usbから/RoboconDetectionFruit-master/install/ros_to_kimd/share/ros_to_kimd/cmake/ros_to_kimdConfig.cmake
[3.560s] -- Up-to-date: /home/kaibuchisoma/usbから/RoboconDetectionFruit-master/install/ros_to_kimd/share/ros_to_kimd/cmake/ros_to_kimdConfig-version.cmake
[3.560s] -- Up-to-date: /home/kaibuchisoma/usbから/RoboconDetectionFruit-master/install/ros_to_kimd/share/ros_to_kimd/package.xml
[3.563s] Invoked command in '/home/kaibuchisoma/usbから/RoboconDetectionFruit-master/build/ros_to_kimd' returned '0': CMAKE_PREFIX_PATH=${CMAKE_PREFIX_PATH}:/home/kaibuchisoma/usbから/RoboconDetectionFruit-master/install/fruit_detection:/home/kaibuchisoma/robocon_ws/install/fruit_detection:/opt/ros/humble /usr/bin/cmake --install /home/kaibuchisoma/usbから/RoboconDetectionFruit-master/build/ros_to_kimd
