[0.267s] Invoking command in '/home/roboconb/robocon_ws/build/ros_to_kimd': CMAKE_PREFIX_PATH=${CMAKE_PREFIX_PATH}:/home/roboconb/robocon_ws/install/fruit_detection:/opt/ros/humble /home/roboconb/.local/bin/cmake --build /home/roboconb/robocon_ws/build/ros_to_kimd -- -j8 -l8
[0.334s] [ 50%] Built target ControlKimd
[0.335s] [100%] Built target joysubtest
[0.347s] Invoked command in '/home/roboconb/robocon_ws/build/ros_to_kimd' returned '0': CMAKE_PREFIX_PATH=${CMAKE_PREFIX_PATH}:/home/roboconb/robocon_ws/install/fruit_detection:/opt/ros/humble /home/roboconb/.local/bin/cmake --build /home/roboconb/robocon_ws/build/ros_to_kimd -- -j8 -l8
[0.431s] Invoking command in '/home/roboconb/robocon_ws/build/ros_to_kimd': CMAKE_PREFIX_PATH=${CMAKE_PREFIX_PATH}:/home/roboconb/robocon_ws/install/fruit_detection:/opt/ros/humble /home/roboconb/.local/bin/cmake --install /home/roboconb/robocon_ws/build/ros_to_kimd
[0.461s] -- Install configuration: ""
[0.461s] -- Up-to-date: /home/roboconb/robocon_ws/install/ros_to_kimd/lib/ros_to_kimd/joysubtest
[0.462s] -- Up-to-date: /home/roboconb/robocon_ws/install/ros_to_kimd/lib/ros_to_kimd/ControlKimd
[0.462s] -- Up-to-date: /home/roboconb/robocon_ws/install/ros_to_kimd/share/ament_index/resource_index/package_run_dependencies/ros_to_kimd
[0.462s] -- Up-to-date: /home/roboconb/robocon_ws/install/ros_to_kimd/share/ament_index/resource_index/parent_prefix_path/ros_to_kimd
[0.463s] -- Up-to-date: /home/roboconb/robocon_ws/install/ros_to_kimd/share/ros_to_kimd/environment/ament_prefix_path.sh
[0.463s] -- Up-to-date: /home/roboconb/robocon_ws/install/ros_to_kimd/share/ros_to_kimd/environment/ament_prefix_path.dsv
[0.463s] -- Up-to-date: /home/roboconb/robocon_ws/install/ros_to_kimd/share/ros_to_kimd/environment/path.sh
[0.463s] -- Up-to-date: /home/roboconb/robocon_ws/install/ros_to_kimd/share/ros_to_kimd/environment/path.dsv
[0.463s] -- Up-to-date: /home/roboconb/robocon_ws/install/ros_to_kimd/share/ros_to_kimd/local_setup.bash
[0.464s] -- Up-to-date: /home/roboconb/robocon_ws/install/ros_to_kimd/share/ros_to_kimd/local_setup.sh
[0.464s] -- Up-to-date: /home/roboconb/robocon_ws/install/ros_to_kimd/share/ros_to_kimd/local_setup.zsh
[0.464s] -- Up-to-date: /home/roboconb/robocon_ws/install/ros_to_kimd/share/ros_to_kimd/local_setup.dsv
[0.464s] -- Installing: /home/roboconb/robocon_ws/install/ros_to_kimd/share/ros_to_kimd/package.dsv
[0.464s] -- Up-to-date: /home/roboconb/robocon_ws/install/ros_to_kimd/share/ament_index/resource_index/packages/ros_to_kimd
[0.464s] -- Up-to-date: /home/roboconb/robocon_ws/install/ros_to_kimd/share/ros_to_kimd/cmake/ros_to_kimdConfig.cmake
[0.464s] -- Up-to-date: /home/roboconb/robocon_ws/install/ros_to_kimd/share/ros_to_kimd/cmake/ros_to_kimdConfig-version.cmake
[0.464s] -- Up-to-date: /home/roboconb/robocon_ws/install/ros_to_kimd/share/ros_to_kimd/package.xml
[0.472s] Invoked command in '/home/roboconb/robocon_ws/build/ros_to_kimd' returned '0': CMAKE_PREFIX_PATH=${CMAKE_PREFIX_PATH}:/home/roboconb/robocon_ws/install/fruit_detection:/opt/ros/humble /home/roboconb/.local/bin/cmake --install /home/roboconb/robocon_ws/build/ros_to_kimd
