[0.415s] Invoking command in '/home/kaibuchisoma/robocon_ws/build/ros_to_kimd': CMAKE_PREFIX_PATH=${CMAKE_PREFIX_PATH}:/home/kaibuchisoma/robocon_ws/install/fruit_detection:/opt/ros/humble /usr/bin/cmake /home/kaibuchisoma/robocon_ws/src/ros_to_kimd -DCMAKE_INSTALL_PREFIX=/home/kaibuchisoma/robocon_ws/install/ros_to_kimd
[0.485s] -- The C compiler identification is GNU 11.4.0
[0.569s] -- The CXX compiler identification is GNU 11.4.0
[0.583s] -- Detecting C compiler ABI info
[0.683s] -- Detecting C compiler ABI info - done
[0.693s] -- Check for working C compiler: /usr/bin/cc - skipped
[0.693s] -- Detecting C compile features
[0.694s] -- Detecting C compile features - done
[0.698s] -- Detecting CXX compiler ABI info
[0.812s] -- Detecting CXX compiler ABI info - done
[0.824s] -- Check for working CXX compiler: /usr/bin/c++ - skipped
[0.824s] -- Detecting CXX compile features
[0.825s] -- Detecting CXX compile features - done
[0.830s] -- Found ament_cmake: 1.3.5 (/opt/ros/humble/share/ament_cmake/cmake)
[1.136s] -- Found Python3: /usr/bin/python3.10 (found version "3.10.12") found components: Interpreter 
[1.262s] -- Found rclcpp: 16.0.6 (/opt/ros/humble/share/rclcpp/cmake)
[1.333s] -- Found rosidl_generator_c: 3.1.5 (/opt/ros/humble/share/rosidl_generator_c/cmake)
[1.342s] -- Found rosidl_adapter: 3.1.5 (/opt/ros/humble/share/rosidl_adapter/cmake)
[1.355s] -- Found rosidl_generator_cpp: 3.1.5 (/opt/ros/humble/share/rosidl_generator_cpp/cmake)
[1.375s] -- Using all available rosidl_typesupport_c: rosidl_typesupport_fastrtps_c;rosidl_typesupport_introspection_c
[1.404s] -- Using all available rosidl_typesupport_cpp: rosidl_typesupport_fastrtps_cpp;rosidl_typesupport_introspection_cpp
[1.509s] -- Found rmw_implementation_cmake: 6.1.1 (/opt/ros/humble/share/rmw_implementation_cmake/cmake)
[1.512s] -- Found rmw_fastrtps_cpp: 6.2.4 (/opt/ros/humble/share/rmw_fastrtps_cpp/cmake)
[1.662s] -- Found OpenSSL: /usr/lib/x86_64-linux-gnu/libcrypto.so (found version "3.0.2")  
[1.711s] -- Found FastRTPS: /opt/ros/humble/include  
[1.780s] -- Using RMW implementation 'rmw_fastrtps_cpp' as default
[1.794s] -- Looking for pthread.h
[1.902s] -- Looking for pthread.h - found
[1.902s] -- Performing Test CMAKE_HAVE_LIBC_PTHREAD
[2.008s] -- Performing Test CMAKE_HAVE_LIBC_PTHREAD - Success
[2.009s] -- Found Threads: TRUE  
[2.242s] -- Found sensor_msgs: 4.2.3 (/opt/ros/humble/share/sensor_msgs/cmake)
[2.427s] -- Found ament_lint_auto: 0.12.8 (/opt/ros/humble/share/ament_lint_auto/cmake)
[2.543s] -- Added test 'copyright' to check source files copyright and LICENSE
[2.560s] -- Added test 'cppcheck' to perform static code analysis on C / C++ code
[2.560s] -- Configured cppcheck include dirs: 
[2.560s] -- Configured cppcheck exclude dirs and/or files: 
[2.576s] -- Added test 'cpplint' to check C / C++ code against the Google style
[2.576s] -- Configured cpplint exclude dirs and/or files: 
[2.579s] -- Added test 'flake8' to check Python code syntax and style conventions
[2.583s] -- Added test 'lint_cmake' to check CMake code style
[2.585s] -- Added test 'pep257' to check Python code against some of the docstring style conventions in PEP 257
[2.600s] -- Added test 'uncrustify' to check C / C++ code style
[2.601s] -- Configured uncrustify additional arguments: 
[2.603s] -- Added test 'xmllint' to check XML markup files
[2.604s] -- Configuring done
[2.625s] -- Generating done
[2.628s] -- Build files have been written to: /home/kaibuchisoma/robocon_ws/build/ros_to_kimd
[2.642s] Invoked command in '/home/kaibuchisoma/robocon_ws/build/ros_to_kimd' returned '0': CMAKE_PREFIX_PATH=${CMAKE_PREFIX_PATH}:/home/kaibuchisoma/robocon_ws/install/fruit_detection:/opt/ros/humble /usr/bin/cmake /home/kaibuchisoma/robocon_ws/src/ros_to_kimd -DCMAKE_INSTALL_PREFIX=/home/kaibuchisoma/robocon_ws/install/ros_to_kimd
[2.644s] Invoking command in '/home/kaibuchisoma/robocon_ws/build/ros_to_kimd': CMAKE_PREFIX_PATH=${CMAKE_PREFIX_PATH}:/home/kaibuchisoma/robocon_ws/install/fruit_detection:/opt/ros/humble /usr/bin/cmake --build /home/kaibuchisoma/robocon_ws/build/ros_to_kimd -- -j12 -l12
[2.707s] [35m[1mConsolidate compiler generated dependencies of target joysubtest[0m
[2.747s] [ 50%] Built target joysubtest
[2.766s] [35m[1mConsolidate compiler generated dependencies of target ControlKimd[0m
[2.802s] [100%] Built target ControlKimd
[2.819s] Invoked command in '/home/kaibuchisoma/robocon_ws/build/ros_to_kimd' returned '0': CMAKE_PREFIX_PATH=${CMAKE_PREFIX_PATH}:/home/kaibuchisoma/robocon_ws/install/fruit_detection:/opt/ros/humble /usr/bin/cmake --build /home/kaibuchisoma/robocon_ws/build/ros_to_kimd -- -j12 -l12
[2.874s] Invoking command in '/home/kaibuchisoma/robocon_ws/build/ros_to_kimd': CMAKE_PREFIX_PATH=${CMAKE_PREFIX_PATH}:/home/kaibuchisoma/robocon_ws/install/fruit_detection:/opt/ros/humble /usr/bin/cmake --install /home/kaibuchisoma/robocon_ws/build/ros_to_kimd
[2.887s] -- Install configuration: ""
[2.888s] -- Up-to-date: /home/kaibuchisoma/robocon_ws/install/ros_to_kimd/lib/ros_to_kimd/joysubtest
[2.888s] -- Up-to-date: /home/kaibuchisoma/robocon_ws/install/ros_to_kimd/lib/ros_to_kimd/ControlKimd
[2.889s] -- Up-to-date: /home/kaibuchisoma/robocon_ws/install/ros_to_kimd/share/ament_index/resource_index/package_run_dependencies/ros_to_kimd
[2.889s] -- Up-to-date: /home/kaibuchisoma/robocon_ws/install/ros_to_kimd/share/ament_index/resource_index/parent_prefix_path/ros_to_kimd
[2.889s] -- Up-to-date: /home/kaibuchisoma/robocon_ws/install/ros_to_kimd/share/ros_to_kimd/environment/ament_prefix_path.sh
[2.889s] -- Installing: /home/kaibuchisoma/robocon_ws/install/ros_to_kimd/share/ros_to_kimd/environment/ament_prefix_path.dsv
[2.889s] -- Up-to-date: /home/kaibuchisoma/robocon_ws/install/ros_to_kimd/share/ros_to_kimd/environment/path.sh
[2.889s] -- Installing: /home/kaibuchisoma/robocon_ws/install/ros_to_kimd/share/ros_to_kimd/environment/path.dsv
[2.890s] -- Up-to-date: /home/kaibuchisoma/robocon_ws/install/ros_to_kimd/share/ros_to_kimd/local_setup.bash
[2.890s] -- Up-to-date: /home/kaibuchisoma/robocon_ws/install/ros_to_kimd/share/ros_to_kimd/local_setup.sh
[2.890s] -- Up-to-date: /home/kaibuchisoma/robocon_ws/install/ros_to_kimd/share/ros_to_kimd/local_setup.zsh
[2.890s] -- Installing: /home/kaibuchisoma/robocon_ws/install/ros_to_kimd/share/ros_to_kimd/local_setup.dsv
[2.890s] -- Installing: /home/kaibuchisoma/robocon_ws/install/ros_to_kimd/share/ros_to_kimd/package.dsv
[2.891s] -- Up-to-date: /home/kaibuchisoma/robocon_ws/install/ros_to_kimd/share/ament_index/resource_index/packages/ros_to_kimd
[2.891s] -- Up-to-date: /home/kaibuchisoma/robocon_ws/install/ros_to_kimd/share/ros_to_kimd/cmake/ros_to_kimdConfig.cmake
[2.891s] -- Up-to-date: /home/kaibuchisoma/robocon_ws/install/ros_to_kimd/share/ros_to_kimd/cmake/ros_to_kimdConfig-version.cmake
[2.891s] -- Up-to-date: /home/kaibuchisoma/robocon_ws/install/ros_to_kimd/share/ros_to_kimd/package.xml
[2.894s] Invoked command in '/home/kaibuchisoma/robocon_ws/build/ros_to_kimd' returned '0': CMAKE_PREFIX_PATH=${CMAKE_PREFIX_PATH}:/home/kaibuchisoma/robocon_ws/install/fruit_detection:/opt/ros/humble /usr/bin/cmake --install /home/kaibuchisoma/robocon_ws/build/ros_to_kimd
