[1.159s] Invoking command in '/home/roboconb/RoboconDetectionFruit-master/src/fruit_detection': PYTHONPATH=/home/roboconb/RoboconDetectionFruit-master/build/fruit_detection/prefix_override:/home/roboconb/RoboconDetectionFruit-master/install/fruit_detection/lib/python3.10/site-packages:${PYTHONPATH} /usr/bin/python3 setup.py egg_info --egg-base ../../build/fruit_detection build --build-base /home/roboconb/RoboconDetectionFruit-master/build/fruit_detection/build install --record /home/roboconb/RoboconDetectionFruit-master/build/fruit_detection/install.log --single-version-externally-managed
[1.547s] running egg_info
[1.548s] writing ../../build/fruit_detection/fruit_detection.egg-info/PKG-INFO
[1.548s] writing dependency_links to ../../build/fruit_detection/fruit_detection.egg-info/dependency_links.txt
[1.549s] writing entry points to ../../build/fruit_detection/fruit_detection.egg-info/entry_points.txt
[1.549s] writing requirements to ../../build/fruit_detection/fruit_detection.egg-info/requires.txt
[1.549s] writing top-level names to ../../build/fruit_detection/fruit_detection.egg-info/top_level.txt
[1.551s] reading manifest file '../../build/fruit_detection/fruit_detection.egg-info/SOURCES.txt'
[1.553s] writing manifest file '../../build/fruit_detection/fruit_detection.egg-info/SOURCES.txt'
[1.553s] running build
[1.553s] running build_py
[1.553s] running install
[1.554s] /usr/lib/python3/dist-packages/setuptools/command/install.py:34: SetuptoolsDeprecationWarning: setup.py install is deprecated. Use build and pip and other standards-based tools.
[1.554s]   warnings.warn(
[1.554s] running install_lib
[1.557s] running install_data
[1.558s] running install_egg_info
[1.561s] removing '/home/roboconb/RoboconDetectionFruit-master/install/fruit_detection/lib/python3.10/site-packages/fruit_detection-0.0.1-py3.10.egg-info' (and everything under it)
[1.561s] Copying ../../build/fruit_detection/fruit_detection.egg-info to /home/roboconb/RoboconDetectionFruit-master/install/fruit_detection/lib/python3.10/site-packages/fruit_detection-0.0.1-py3.10.egg-info
[1.562s] running install_scripts
[1.588s] Installing listener script to /home/roboconb/RoboconDetectionFruit-master/install/fruit_detection/lib/fruit_detection
[1.588s] Installing pubdetect script to /home/roboconb/RoboconDetectionFruit-master/install/fruit_detection/lib/fruit_detection
[1.589s] Installing talker script to /home/roboconb/RoboconDetectionFruit-master/install/fruit_detection/lib/fruit_detection
[1.589s] writing list of installed files to '/home/roboconb/RoboconDetectionFruit-master/build/fruit_detection/install.log'
[1.626s] Invoked command in '/home/roboconb/RoboconDetectionFruit-master/src/fruit_detection' returned '0': PYTHONPATH=/home/roboconb/RoboconDetectionFruit-master/build/fruit_detection/prefix_override:/home/roboconb/RoboconDetectionFruit-master/install/fruit_detection/lib/python3.10/site-packages:${PYTHONPATH} /usr/bin/python3 setup.py egg_info --egg-base ../../build/fruit_detection build --build-base /home/roboconb/RoboconDetectionFruit-master/build/fruit_detection/build install --record /home/roboconb/RoboconDetectionFruit-master/build/fruit_detection/install.log --single-version-externally-managed
