[0.013s] Invoking command in '/home/ros-industrial/robocon_ws/build/ros_to_kimd': CMAKE_PREFIX_PATH=/opt/ros/foxy /usr/bin/cmake --build /home/ros-industrial/robocon_ws/build/ros_to_kimd -- -j8 -l8
[0.060s] [35m[1mScanning dependencies of target joysubtest[0m
[0.078s] [ 50%] [32mBuilding CXX object CMakeFiles/joysubtest.dir/src/kimd_send_joystick.cpp.o[0m
[3.028s] [100%] [32m[1mLinking CXX executable joysubtest[0m
[3.165s] [100%] Built target joysubtest
[3.175s] Invoked command in '/home/ros-industrial/robocon_ws/build/ros_to_kimd' returned '0': CMAKE_PREFIX_PATH=/opt/ros/foxy /usr/bin/cmake --build /home/ros-industrial/robocon_ws/build/ros_to_kimd -- -j8 -l8
[3.202s] Invoking command in '/home/ros-industrial/robocon_ws/build/ros_to_kimd': CMAKE_PREFIX_PATH=/opt/ros/foxy /usr/bin/cmake --install /home/ros-industrial/robocon_ws/build/ros_to_kimd
[3.206s] -- Install configuration: ""
[3.206s] -- Installing: /home/ros-industrial/robocon_ws/install/ros_to_kimd/lib/ros_to_kimd/joysubtest
[3.207s] -- Set runtime path of "/home/ros-industrial/robocon_ws/install/ros_to_kimd/lib/ros_to_kimd/joysubtest" to ""
[3.207s] -- Up-to-date: /home/ros-industrial/robocon_ws/install/ros_to_kimd/share/ament_index/resource_index/package_run_dependencies/ros_to_kimd
[3.208s] -- Up-to-date: /home/ros-industrial/robocon_ws/install/ros_to_kimd/share/ament_index/resource_index/parent_prefix_path/ros_to_kimd
[3.208s] -- Up-to-date: /home/ros-industrial/robocon_ws/install/ros_to_kimd/share/ros_to_kimd/environment/ament_prefix_path.sh
[3.208s] -- Up-to-date: /home/ros-industrial/robocon_ws/install/ros_to_kimd/share/ros_to_kimd/environment/ament_prefix_path.dsv
[3.208s] -- Up-to-date: /home/ros-industrial/robocon_ws/install/ros_to_kimd/share/ros_to_kimd/environment/path.sh
[3.208s] -- Up-to-date: /home/ros-industrial/robocon_ws/install/ros_to_kimd/share/ros_to_kimd/environment/path.dsv
[3.208s] -- Up-to-date: /home/ros-industrial/robocon_ws/install/ros_to_kimd/share/ros_to_kimd/local_setup.bash
[3.208s] -- Up-to-date: /home/ros-industrial/robocon_ws/install/ros_to_kimd/share/ros_to_kimd/local_setup.sh
[3.208s] -- Up-to-date: /home/ros-industrial/robocon_ws/install/ros_to_kimd/share/ros_to_kimd/local_setup.zsh
[3.208s] -- Up-to-date: /home/ros-industrial/robocon_ws/install/ros_to_kimd/share/ros_to_kimd/local_setup.dsv
[3.208s] -- Installing: /home/ros-industrial/robocon_ws/install/ros_to_kimd/share/ros_to_kimd/package.dsv
[3.208s] -- Up-to-date: /home/ros-industrial/robocon_ws/install/ros_to_kimd/share/ament_index/resource_index/packages/ros_to_kimd
[3.208s] -- Up-to-date: /home/ros-industrial/robocon_ws/install/ros_to_kimd/share/ros_to_kimd/cmake/ros_to_kimdConfig.cmake
[3.208s] -- Up-to-date: /home/ros-industrial/robocon_ws/install/ros_to_kimd/share/ros_to_kimd/cmake/ros_to_kimdConfig-version.cmake
[3.208s] -- Up-to-date: /home/ros-industrial/robocon_ws/install/ros_to_kimd/share/ros_to_kimd/package.xml
[3.211s] Invoked command in '/home/ros-industrial/robocon_ws/build/ros_to_kimd' returned '0': CMAKE_PREFIX_PATH=/opt/ros/foxy /usr/bin/cmake --install /home/ros-industrial/robocon_ws/build/ros_to_kimd
