[0.759s] Invoking command in '/home/kaibuchisoma/usbから/RoboconDetectionFruit-master/src/fruit_detection': PYTHONPATH=/home/kaibuchisoma/usbから/RoboconDetectionFruit-master/build/fruit_detection/prefix_override:/home/kaibuchisoma/usbから/RoboconDetectionFruit-master/install/fruit_detection/lib/python3.10/site-packages:${PYTHONPATH} /usr/bin/python3 setup.py egg_info --egg-base ../../build/fruit_detection build --build-base /home/kaibuchisoma/usbから/RoboconDetectionFruit-master/build/fruit_detection/build install --record /home/kaibuchisoma/usbから/RoboconDetectionFruit-master/build/fruit_detection/install.log --single-version-externally-managed
[0.985s] running egg_info
[0.986s] writing ../../build/fruit_detection/fruit_detection.egg-info/PKG-INFO
[0.986s] writing dependency_links to ../../build/fruit_detection/fruit_detection.egg-info/dependency_links.txt
[0.986s] writing entry points to ../../build/fruit_detection/fruit_detection.egg-info/entry_points.txt
[0.986s] writing requirements to ../../build/fruit_detection/fruit_detection.egg-info/requires.txt
[0.986s] writing top-level names to ../../build/fruit_detection/fruit_detection.egg-info/top_level.txt
[0.988s] reading manifest file '../../build/fruit_detection/fruit_detection.egg-info/SOURCES.txt'
[0.989s] writing manifest file '../../build/fruit_detection/fruit_detection.egg-info/SOURCES.txt'
[0.989s] running build
[0.989s] running build_py
[0.989s] copying fruit_detection/pubdetect.py -> /home/kaibuchisoma/usbから/RoboconDetectionFruit-master/build/fruit_detection/build/lib/fruit_detection
[0.990s] running install
[0.990s] /usr/lib/python3/dist-packages/setuptools/command/install.py:34: SetuptoolsDeprecationWarning: setup.py install is deprecated. Use build and pip and other standards-based tools.
[0.990s]   warnings.warn(
[0.990s] running install_lib
[0.991s] copying /home/kaibuchisoma/usbから/RoboconDetectionFruit-master/build/fruit_detection/build/lib/fruit_detection/pubdetect.py -> /home/kaibuchisoma/usbから/RoboconDetectionFruit-master/install/fruit_detection/lib/python3.10/site-packages/fruit_detection
[0.992s] byte-compiling /home/kaibuchisoma/usbから/RoboconDetectionFruit-master/install/fruit_detection/lib/python3.10/site-packages/fruit_detection/pubdetect.py to pubdetect.cpython-310.pyc
[0.994s] running install_data
[0.994s] running install_egg_info
[0.996s] removing '/home/kaibuchisoma/usbから/RoboconDetectionFruit-master/install/fruit_detection/lib/python3.10/site-packages/fruit_detection-0.0.1-py3.10.egg-info' (and everything under it)
[0.996s] Copying ../../build/fruit_detection/fruit_detection.egg-info to /home/kaibuchisoma/usbから/RoboconDetectionFruit-master/install/fruit_detection/lib/python3.10/site-packages/fruit_detection-0.0.1-py3.10.egg-info
[0.997s] running install_scripts
[1.018s] Installing listener script to /home/kaibuchisoma/usbから/RoboconDetectionFruit-master/install/fruit_detection/lib/fruit_detection
[1.018s] Installing pubdetect script to /home/kaibuchisoma/usbから/RoboconDetectionFruit-master/install/fruit_detection/lib/fruit_detection
[1.018s] Installing talker script to /home/kaibuchisoma/usbから/RoboconDetectionFruit-master/install/fruit_detection/lib/fruit_detection
[1.019s] writing list of installed files to '/home/kaibuchisoma/usbから/RoboconDetectionFruit-master/build/fruit_detection/install.log'
[1.045s] Invoked command in '/home/kaibuchisoma/usbから/RoboconDetectionFruit-master/src/fruit_detection' returned '0': PYTHONPATH=/home/kaibuchisoma/usbから/RoboconDetectionFruit-master/build/fruit_detection/prefix_override:/home/kaibuchisoma/usbから/RoboconDetectionFruit-master/install/fruit_detection/lib/python3.10/site-packages:${PYTHONPATH} /usr/bin/python3 setup.py egg_info --egg-base ../../build/fruit_detection build --build-base /home/kaibuchisoma/usbから/RoboconDetectionFruit-master/build/fruit_detection/build install --record /home/kaibuchisoma/usbから/RoboconDetectionFruit-master/build/fruit_detection/install.log --single-version-externally-managed
