[0.018s] Invoking command in '/home/ros-industrial/robocon_ws/build/ros_to_kimd': CMAKE_PREFIX_PATH=/opt/ros/foxy /usr/bin/cmake --build /home/ros-industrial/robocon_ws/build/ros_to_kimd -- -j8 -l8
[0.048s] [35m[1mScanning dependencies of target joysubtest[0m
[0.065s] [ 50%] [32mBuilding CXX object CMakeFiles/joysubtest.dir/src/kimd_send_joystick.cpp.o[0m
[0.777s] [01m[K/home/ros-industrial/robocon_ws/src/ros_to_kimd/src/kimd_send_joystick.cpp:[m[K In member function ‘[01m[Kvoid KiMDJoySubscriber::topic_callback(std_msgs::msg::String_<std::allocator<void> >::SharedPtr) const[m[K’:
[0.777s] [01m[K/home/ros-industrial/robocon_ws/src/ros_to_kimd/src/kimd_send_joystick.cpp:53:64:[m[K [01;35m[Kwarning: [m[Kunused parameter ‘[01m[Kmsg[m[K’ [[01;35m[K-Wunused-parameter[m[K]
[0.777s]    53 |     void topic_callback([01;35m[Kconst std_msgs::msg::String::SharedPtr msg[m[K) const
[0.777s]       |                         [01;35m[K~~~~~~~~~~~~~~~~~~~~~~~~~~~~~~~~~~~~~~~^~~[m[K
[2.785s] [100%] [32m[1mLinking CXX executable joysubtest[0m
[2.913s] [100%] Built target joysubtest
[2.921s] Invoked command in '/home/ros-industrial/robocon_ws/build/ros_to_kimd' returned '0': CMAKE_PREFIX_PATH=/opt/ros/foxy /usr/bin/cmake --build /home/ros-industrial/robocon_ws/build/ros_to_kimd -- -j8 -l8
[2.944s] Invoking command in '/home/ros-industrial/robocon_ws/build/ros_to_kimd': CMAKE_PREFIX_PATH=/opt/ros/foxy /usr/bin/cmake --install /home/ros-industrial/robocon_ws/build/ros_to_kimd
[2.949s] -- Install configuration: ""
[2.949s] -- Installing: /home/ros-industrial/robocon_ws/install/ros_to_kimd/lib/ros_to_kimd/joysubtest
[2.950s] -- Set runtime path of "/home/ros-industrial/robocon_ws/install/ros_to_kimd/lib/ros_to_kimd/joysubtest" to ""
[2.950s] -- Up-to-date: /home/ros-industrial/robocon_ws/install/ros_to_kimd/share/ament_index/resource_index/package_run_dependencies/ros_to_kimd
[2.950s] -- Up-to-date: /home/ros-industrial/robocon_ws/install/ros_to_kimd/share/ament_index/resource_index/parent_prefix_path/ros_to_kimd
[2.950s] -- Up-to-date: /home/ros-industrial/robocon_ws/install/ros_to_kimd/share/ros_to_kimd/environment/ament_prefix_path.sh
[2.950s] -- Up-to-date: /home/ros-industrial/robocon_ws/install/ros_to_kimd/share/ros_to_kimd/environment/ament_prefix_path.dsv
[2.950s] -- Up-to-date: /home/ros-industrial/robocon_ws/install/ros_to_kimd/share/ros_to_kimd/environment/path.sh
[2.950s] -- Up-to-date: /home/ros-industrial/robocon_ws/install/ros_to_kimd/share/ros_to_kimd/environment/path.dsv
[2.950s] -- Up-to-date: /home/ros-industrial/robocon_ws/install/ros_to_kimd/share/ros_to_kimd/local_setup.bash
[2.951s] -- Up-to-date: /home/ros-industrial/robocon_ws/install/ros_to_kimd/share/ros_to_kimd/local_setup.sh
[2.951s] -- Up-to-date: /home/ros-industrial/robocon_ws/install/ros_to_kimd/share/ros_to_kimd/local_setup.zsh
[2.951s] -- Up-to-date: /home/ros-industrial/robocon_ws/install/ros_to_kimd/share/ros_to_kimd/local_setup.dsv
[2.951s] -- Installing: /home/ros-industrial/robocon_ws/install/ros_to_kimd/share/ros_to_kimd/package.dsv
[2.951s] -- Up-to-date: /home/ros-industrial/robocon_ws/install/ros_to_kimd/share/ament_index/resource_index/packages/ros_to_kimd
[2.952s] -- Up-to-date: /home/ros-industrial/robocon_ws/install/ros_to_kimd/share/ros_to_kimd/cmake/ros_to_kimdConfig.cmake
[2.952s] -- Up-to-date: /home/ros-industrial/robocon_ws/install/ros_to_kimd/share/ros_to_kimd/cmake/ros_to_kimdConfig-version.cmake
[2.952s] -- Up-to-date: /home/ros-industrial/robocon_ws/install/ros_to_kimd/share/ros_to_kimd/package.xml
[2.953s] Invoked command in '/home/ros-industrial/robocon_ws/build/ros_to_kimd' returned '0': CMAKE_PREFIX_PATH=/opt/ros/foxy /usr/bin/cmake --install /home/ros-industrial/robocon_ws/build/ros_to_kimd
