[0.356s] Invoking command in '/home/kaibuchisoma/robocon_ws/build/ros_to_kimd': CMAKE_PREFIX_PATH=${CMAKE_PREFIX_PATH}:/home/kaibuchisoma/robocon_ws/install/fruit_detection:/opt/ros/humble /usr/bin/cmake /home/kaibuchisoma/robocon_ws/src/ros_to_kimd -DCMAKE_INSTALL_PREFIX=/home/kaibuchisoma/robocon_ws/install/ros_to_kimd
[0.411s] -- The C compiler identification is GNU 11.4.0
[0.477s] -- The CXX compiler identification is GNU 11.4.0
[0.486s] -- Detecting C compiler ABI info
[0.570s] -- Detecting C compiler ABI info - done
[0.579s] -- Check for working C compiler: /usr/bin/cc - skipped
[0.579s] -- Detecting C compile features
[0.579s] -- Detecting C compile features - done
[0.583s] -- Detecting CXX compiler ABI info
[0.680s] -- Detecting CXX compiler ABI info - done
[0.690s] -- Check for working CXX compiler: /usr/bin/c++ - skipped
[0.690s] -- Detecting CXX compile features
[0.690s] -- Detecting CXX compile features - done
[0.694s] -- Found ament_cmake: 1.3.5 (/opt/ros/humble/share/ament_cmake/cmake)
[0.905s] -- Found Python3: /usr/bin/python3.10 (found version "3.10.12") found components: Interpreter 
[1.011s] -- Found rclcpp: 16.0.6 (/opt/ros/humble/share/rclcpp/cmake)
[1.064s] -- Found rosidl_generator_c: 3.1.5 (/opt/ros/humble/share/rosidl_generator_c/cmake)
[1.070s] -- Found rosidl_adapter: 3.1.5 (/opt/ros/humble/share/rosidl_adapter/cmake)
[1.082s] -- Found rosidl_generator_cpp: 3.1.5 (/opt/ros/humble/share/rosidl_generator_cpp/cmake)
[1.099s] -- Using all available rosidl_typesupport_c: rosidl_typesupport_fastrtps_c;rosidl_typesupport_introspection_c
[1.133s] -- Using all available rosidl_typesupport_cpp: rosidl_typesupport_fastrtps_cpp;rosidl_typesupport_introspection_cpp
[1.228s] -- Found rmw_implementation_cmake: 6.1.1 (/opt/ros/humble/share/rmw_implementation_cmake/cmake)
[1.231s] -- Found rmw_fastrtps_cpp: 6.2.4 (/opt/ros/humble/share/rmw_fastrtps_cpp/cmake)
[1.346s] -- Found OpenSSL: /usr/lib/x86_64-linux-gnu/libcrypto.so (found version "3.0.2")  
[1.377s] -- Found FastRTPS: /opt/ros/humble/include  
[1.436s] -- Using RMW implementation 'rmw_fastrtps_cpp' as default
[1.447s] -- Looking for pthread.h
[1.533s] -- Looking for pthread.h - found
[1.533s] -- Performing Test CMAKE_HAVE_LIBC_PTHREAD
[1.651s] -- Performing Test CMAKE_HAVE_LIBC_PTHREAD - Success
[1.653s] -- Found Threads: TRUE  
[1.830s] -- Found sensor_msgs: 4.2.3 (/opt/ros/humble/share/sensor_msgs/cmake)
[1.966s] -- Found ament_lint_auto: 0.12.8 (/opt/ros/humble/share/ament_lint_auto/cmake)
[2.052s] -- Added test 'copyright' to check source files copyright and LICENSE
[2.066s] -- Added test 'cppcheck' to perform static code analysis on C / C++ code
[2.066s] -- Configured cppcheck include dirs: 
[2.066s] -- Configured cppcheck exclude dirs and/or files: 
[2.079s] -- Added test 'cpplint' to check C / C++ code against the Google style
[2.080s] -- Configured cpplint exclude dirs and/or files: 
[2.082s] -- Added test 'flake8' to check Python code syntax and style conventions
[2.085s] -- Added test 'lint_cmake' to check CMake code style
[2.088s] -- Added test 'pep257' to check Python code against some of the docstring style conventions in PEP 257
[2.103s] -- Added test 'uncrustify' to check C / C++ code style
[2.103s] -- Configured uncrustify additional arguments: 
[2.105s] -- Added test 'xmllint' to check XML markup files
[2.106s] -- Configuring done
[2.125s] -- Generating done
[2.130s] -- Build files have been written to: /home/kaibuchisoma/robocon_ws/build/ros_to_kimd
[2.140s] Invoked command in '/home/kaibuchisoma/robocon_ws/build/ros_to_kimd' returned '0': CMAKE_PREFIX_PATH=${CMAKE_PREFIX_PATH}:/home/kaibuchisoma/robocon_ws/install/fruit_detection:/opt/ros/humble /usr/bin/cmake /home/kaibuchisoma/robocon_ws/src/ros_to_kimd -DCMAKE_INSTALL_PREFIX=/home/kaibuchisoma/robocon_ws/install/ros_to_kimd
[2.143s] Invoking command in '/home/kaibuchisoma/robocon_ws/build/ros_to_kimd': CMAKE_PREFIX_PATH=${CMAKE_PREFIX_PATH}:/home/kaibuchisoma/robocon_ws/install/fruit_detection:/opt/ros/humble /usr/bin/cmake --build /home/kaibuchisoma/robocon_ws/build/ros_to_kimd -- -j12 -l12
[2.221s] [35m[1mConsolidate compiler generated dependencies of target joysubtest[0m
[2.227s] [35m[1mConsolidate compiler generated dependencies of target ControlKimd[0m
[2.261s] [ 50%] Built target joysubtest
[2.263s] [100%] Built target ControlKimd
[2.279s] Invoked command in '/home/kaibuchisoma/robocon_ws/build/ros_to_kimd' returned '0': CMAKE_PREFIX_PATH=${CMAKE_PREFIX_PATH}:/home/kaibuchisoma/robocon_ws/install/fruit_detection:/opt/ros/humble /usr/bin/cmake --build /home/kaibuchisoma/robocon_ws/build/ros_to_kimd -- -j12 -l12
[2.328s] Invoking command in '/home/kaibuchisoma/robocon_ws/build/ros_to_kimd': CMAKE_PREFIX_PATH=${CMAKE_PREFIX_PATH}:/home/kaibuchisoma/robocon_ws/install/fruit_detection:/opt/ros/humble /usr/bin/cmake --install /home/kaibuchisoma/robocon_ws/build/ros_to_kimd
[2.339s] -- Install configuration: ""
[2.339s] -- Up-to-date: /home/kaibuchisoma/robocon_ws/install/ros_to_kimd/lib/ros_to_kimd/joysubtest
[2.340s] -- Up-to-date: /home/kaibuchisoma/robocon_ws/install/ros_to_kimd/lib/ros_to_kimd/ControlKimd
[2.340s] -- Up-to-date: /home/kaibuchisoma/robocon_ws/install/ros_to_kimd/share/ament_index/resource_index/package_run_dependencies/ros_to_kimd
[2.341s] -- Up-to-date: /home/kaibuchisoma/robocon_ws/install/ros_to_kimd/share/ament_index/resource_index/parent_prefix_path/ros_to_kimd
[2.341s] -- Up-to-date: /home/kaibuchisoma/robocon_ws/install/ros_to_kimd/share/ros_to_kimd/environment/ament_prefix_path.sh
[2.341s] -- Installing: /home/kaibuchisoma/robocon_ws/install/ros_to_kimd/share/ros_to_kimd/environment/ament_prefix_path.dsv
[2.341s] -- Up-to-date: /home/kaibuchisoma/robocon_ws/install/ros_to_kimd/share/ros_to_kimd/environment/path.sh
[2.341s] -- Installing: /home/kaibuchisoma/robocon_ws/install/ros_to_kimd/share/ros_to_kimd/environment/path.dsv
[2.341s] -- Up-to-date: /home/kaibuchisoma/robocon_ws/install/ros_to_kimd/share/ros_to_kimd/local_setup.bash
[2.342s] -- Up-to-date: /home/kaibuchisoma/robocon_ws/install/ros_to_kimd/share/ros_to_kimd/local_setup.sh
[2.342s] -- Up-to-date: /home/kaibuchisoma/robocon_ws/install/ros_to_kimd/share/ros_to_kimd/local_setup.zsh
[2.342s] -- Installing: /home/kaibuchisoma/robocon_ws/install/ros_to_kimd/share/ros_to_kimd/local_setup.dsv
[2.342s] -- Installing: /home/kaibuchisoma/robocon_ws/install/ros_to_kimd/share/ros_to_kimd/package.dsv
[2.342s] -- Up-to-date: /home/kaibuchisoma/robocon_ws/install/ros_to_kimd/share/ament_index/resource_index/packages/ros_to_kimd
[2.343s] -- Up-to-date: /home/kaibuchisoma/robocon_ws/install/ros_to_kimd/share/ros_to_kimd/cmake/ros_to_kimdConfig.cmake
[2.343s] -- Up-to-date: /home/kaibuchisoma/robocon_ws/install/ros_to_kimd/share/ros_to_kimd/cmake/ros_to_kimdConfig-version.cmake
[2.343s] -- Up-to-date: /home/kaibuchisoma/robocon_ws/install/ros_to_kimd/share/ros_to_kimd/package.xml
[2.346s] Invoked command in '/home/kaibuchisoma/robocon_ws/build/ros_to_kimd' returned '0': CMAKE_PREFIX_PATH=${CMAKE_PREFIX_PATH}:/home/kaibuchisoma/robocon_ws/install/fruit_detection:/opt/ros/humble /usr/bin/cmake --install /home/kaibuchisoma/robocon_ws/build/ros_to_kimd
