[0.314s] [34mcolcon[0m [1;30mDEBUG[0m [32mCommand line arguments: ['/usr/bin/colcon', 'build'][0m
[0.315s] [34mcolcon[0m [1;30mDEBUG[0m [32mParsed command line arguments: Namespace(log_base=None, log_level=None, verb_name='build', build_base='build', install_base='install', merge_install=False, symlink_install=False, test_result_base=None, continue_on_error=False, executor='parallel', parallel_workers=8, event_handlers=None, ignore_user_meta=False, metas=['./colcon.meta'], base_paths=['.'], packages_ignore=None, packages_ignore_regex=None, paths=None, packages_up_to=None, packages_up_to_regex=None, packages_above=None, packages_above_and_dependencies=None, packages_above_depth=None, packages_select_by_dep=None, packages_skip_by_dep=None, packages_skip_up_to=None, packages_select_build_failed=False, packages_skip_build_finished=False, packages_select_test_failures=False, packages_skip_test_passed=False, packages_select=None, packages_skip=None, packages_select_regex=None, packages_skip_regex=None, packages_start=None, packages_end=None, allow_overriding=[], cmake_args=None, cmake_target=None, cmake_target_skip_unavailable=False, cmake_clean_cache=False, cmake_clean_first=False, cmake_force_configure=False, ament_cmake_args=None, catkin_cmake_args=None, catkin_skip_building_tests=False, verb_parser=<colcon_defaults.argument_parser.defaults.DefaultArgumentsDecorator object at 0x7f7d31937910>, verb_extension=<colcon_core.verb.build.BuildVerb object at 0x7f7d3213c0a0>, main=<bound method BuildVerb.main of <colcon_core.verb.build.BuildVerb object at 0x7f7d3213c0a0>>)[0m
[0.337s] [34mcolcon.colcon_core.package_discovery[0m [1;30mLevel 1[0m discover_packages(colcon_meta) check parameters
[0.337s] [34mcolcon.colcon_core.package_discovery[0m [1;30mLevel 1[0m discover_packages(recursive) check parameters
[0.337s] [34mcolcon.colcon_core.package_discovery[0m [1;30mLevel 1[0m discover_packages(ignore) check parameters
[0.338s] [34mcolcon.colcon_core.package_discovery[0m [1;30mLevel 1[0m discover_packages(path) check parameters
[0.338s] [34mcolcon.colcon_core.package_discovery[0m [1;30mLevel 1[0m discover_packages(colcon_meta) discover
[0.338s] [34mcolcon.colcon_core.package_discovery[0m [1;30mLevel 1[0m discover_packages(recursive) discover
[0.338s] [34mcolcon.colcon_core.package_discovery[0m [1;30mINFO[0m Crawling recursively for packages in '/home/roboconb/robocon_ws'
[0.338s] [34mcolcon.colcon_core.package_identification[0m [1;30mLevel 1[0m _identify(.) by extensions ['ignore', 'ignore_ament_install']
[0.338s] [34mcolcon.colcon_core.package_identification[0m [1;30mLevel 1[0m _identify(.) by extension 'ignore'
[0.338s] [34mcolcon.colcon_core.package_identification[0m [1;30mLevel 1[0m _identify(.) by extension 'ignore_ament_install'
[0.338s] [34mcolcon.colcon_core.package_identification[0m [1;30mLevel 1[0m _identify(.) by extensions ['colcon_pkg']
[0.338s] [34mcolcon.colcon_core.package_identification[0m [1;30mLevel 1[0m _identify(.) by extension 'colcon_pkg'
[0.338s] [34mcolcon.colcon_core.package_identification[0m [1;30mLevel 1[0m _identify(.) by extensions ['colcon_meta']
[0.338s] [34mcolcon.colcon_core.package_identification[0m [1;30mLevel 1[0m _identify(.) by extension 'colcon_meta'
[0.338s] [34mcolcon.colcon_core.package_identification[0m [1;30mLevel 1[0m _identify(.) by extensions ['ros']
[0.338s] [34mcolcon.colcon_core.package_identification[0m [1;30mLevel 1[0m _identify(.) by extension 'ros'
[0.348s] [34mcolcon.colcon_core.package_identification[0m [1;30mLevel 1[0m _identify(.) by extensions ['cmake', 'python']
[0.348s] [34mcolcon.colcon_core.package_identification[0m [1;30mLevel 1[0m _identify(.) by extension 'cmake'
[0.348s] [34mcolcon.colcon_core.package_identification[0m [1;30mLevel 1[0m _identify(.) by extension 'python'
[0.348s] [34mcolcon.colcon_core.package_identification[0m [1;30mLevel 1[0m _identify(.) by extensions ['python_setup_py']
[0.348s] [34mcolcon.colcon_core.package_identification[0m [1;30mLevel 1[0m _identify(.) by extension 'python_setup_py'
[0.349s] [34mcolcon.colcon_core.package_identification[0m [1;30mLevel 1[0m _identify(build) by extensions ['ignore', 'ignore_ament_install']
[0.349s] [34mcolcon.colcon_core.package_identification[0m [1;30mLevel 1[0m _identify(build) by extension 'ignore'
[0.349s] [34mcolcon.colcon_core.package_identification[0m [1;30mLevel 1[0m _identify(build) ignored
[0.349s] [34mcolcon.colcon_core.package_identification[0m [1;30mLevel 1[0m _identify(install) by extensions ['ignore', 'ignore_ament_install']
[0.349s] [34mcolcon.colcon_core.package_identification[0m [1;30mLevel 1[0m _identify(install) by extension 'ignore'
[0.349s] [34mcolcon.colcon_core.package_identification[0m [1;30mLevel 1[0m _identify(install) ignored
[0.349s] [34mcolcon.colcon_core.package_identification[0m [1;30mLevel 1[0m _identify(log) by extensions ['ignore', 'ignore_ament_install']
[0.350s] [34mcolcon.colcon_core.package_identification[0m [1;30mLevel 1[0m _identify(log) by extension 'ignore'
[0.350s] [34mcolcon.colcon_core.package_identification[0m [1;30mLevel 1[0m _identify(log) ignored
[0.350s] [34mcolcon.colcon_core.package_identification[0m [1;30mLevel 1[0m _identify(src) by extensions ['ignore', 'ignore_ament_install']
[0.350s] [34mcolcon.colcon_core.package_identification[0m [1;30mLevel 1[0m _identify(src) by extension 'ignore'
[0.350s] [34mcolcon.colcon_core.package_identification[0m [1;30mLevel 1[0m _identify(src) by extension 'ignore_ament_install'
[0.350s] [34mcolcon.colcon_core.package_identification[0m [1;30mLevel 1[0m _identify(src) by extensions ['colcon_pkg']
[0.350s] [34mcolcon.colcon_core.package_identification[0m [1;30mLevel 1[0m _identify(src) by extension 'colcon_pkg'
[0.350s] [34mcolcon.colcon_core.package_identification[0m [1;30mLevel 1[0m _identify(src) by extensions ['colcon_meta']
[0.350s] [34mcolcon.colcon_core.package_identification[0m [1;30mLevel 1[0m _identify(src) by extension 'colcon_meta'
[0.350s] [34mcolcon.colcon_core.package_identification[0m [1;30mLevel 1[0m _identify(src) by extensions ['ros']
[0.350s] [34mcolcon.colcon_core.package_identification[0m [1;30mLevel 1[0m _identify(src) by extension 'ros'
[0.350s] [34mcolcon.colcon_core.package_identification[0m [1;30mLevel 1[0m _identify(src) by extensions ['cmake', 'python']
[0.350s] [34mcolcon.colcon_core.package_identification[0m [1;30mLevel 1[0m _identify(src) by extension 'cmake'
[0.350s] [34mcolcon.colcon_core.package_identification[0m [1;30mLevel 1[0m _identify(src) by extension 'python'
[0.351s] [34mcolcon.colcon_core.package_identification[0m [1;30mLevel 1[0m _identify(src) by extensions ['python_setup_py']
[0.351s] [34mcolcon.colcon_core.package_identification[0m [1;30mLevel 1[0m _identify(src) by extension 'python_setup_py'
[0.351s] [34mcolcon.colcon_core.package_identification[0m [1;30mLevel 1[0m _identify(src/build) by extensions ['ignore', 'ignore_ament_install']
[0.351s] [34mcolcon.colcon_core.package_identification[0m [1;30mLevel 1[0m _identify(src/build) by extension 'ignore'
[0.351s] [34mcolcon.colcon_core.package_identification[0m [1;30mLevel 1[0m _identify(src/build) ignored
[0.351s] [34mcolcon.colcon_core.package_identification[0m [1;30mLevel 1[0m _identify(src/fruit_detection) by extensions ['ignore', 'ignore_ament_install']
[0.351s] [34mcolcon.colcon_core.package_identification[0m [1;30mLevel 1[0m _identify(src/fruit_detection) by extension 'ignore'
[0.351s] [34mcolcon.colcon_core.package_identification[0m [1;30mLevel 1[0m _identify(src/fruit_detection) by extension 'ignore_ament_install'
[0.351s] [34mcolcon.colcon_core.package_identification[0m [1;30mLevel 1[0m _identify(src/fruit_detection) by extensions ['colcon_pkg']
[0.351s] [34mcolcon.colcon_core.package_identification[0m [1;30mLevel 1[0m _identify(src/fruit_detection) by extension 'colcon_pkg'
[0.351s] [34mcolcon.colcon_core.package_identification[0m [1;30mLevel 1[0m _identify(src/fruit_detection) by extensions ['colcon_meta']
[0.351s] [34mcolcon.colcon_core.package_identification[0m [1;30mLevel 1[0m _identify(src/fruit_detection) by extension 'colcon_meta'
[0.352s] [34mcolcon.colcon_core.package_identification[0m [1;30mLevel 1[0m _identify(src/fruit_detection) by extensions ['ros']
[0.352s] [34mcolcon.colcon_core.package_identification[0m [1;30mLevel 1[0m _identify(src/fruit_detection) by extension 'ros'
[0.355s] [34mcolcon.colcon_core.package_identification[0m [1;30mDEBUG[0m [32mPackage 'src/fruit_detection' with type 'ros.ament_python' and name 'fruit_detection'[0m
[0.355s] [34mcolcon.colcon_core.package_identification[0m [1;30mLevel 1[0m _identify(src/install) by extensions ['ignore', 'ignore_ament_install']
[0.355s] [34mcolcon.colcon_core.package_identification[0m [1;30mLevel 1[0m _identify(src/install) by extension 'ignore'
[0.355s] [34mcolcon.colcon_core.package_identification[0m [1;30mLevel 1[0m _identify(src/install) ignored
[0.355s] [34mcolcon.colcon_core.package_identification[0m [1;30mLevel 1[0m _identify(src/log) by extensions ['ignore', 'ignore_ament_install']
[0.355s] [34mcolcon.colcon_core.package_identification[0m [1;30mLevel 1[0m _identify(src/log) by extension 'ignore'
[0.355s] [34mcolcon.colcon_core.package_identification[0m [1;30mLevel 1[0m _identify(src/log) ignored
[0.355s] [34mcolcon.colcon_core.package_identification[0m [1;30mLevel 1[0m _identify(src/robocon2023_b_dash) by extensions ['ignore', 'ignore_ament_install']
[0.356s] [34mcolcon.colcon_core.package_identification[0m [1;30mLevel 1[0m _identify(src/robocon2023_b_dash) by extension 'ignore'
[0.356s] [34mcolcon.colcon_core.package_identification[0m [1;30mLevel 1[0m _identify(src/robocon2023_b_dash) by extension 'ignore_ament_install'
[0.356s] [34mcolcon.colcon_core.package_identification[0m [1;30mLevel 1[0m _identify(src/robocon2023_b_dash) by extensions ['colcon_pkg']
[0.356s] [34mcolcon.colcon_core.package_identification[0m [1;30mLevel 1[0m _identify(src/robocon2023_b_dash) by extension 'colcon_pkg'
[0.356s] [34mcolcon.colcon_core.package_identification[0m [1;30mLevel 1[0m _identify(src/robocon2023_b_dash) by extensions ['colcon_meta']
[0.356s] [34mcolcon.colcon_core.package_identification[0m [1;30mLevel 1[0m _identify(src/robocon2023_b_dash) by extension 'colcon_meta'
[0.356s] [34mcolcon.colcon_core.package_identification[0m [1;30mLevel 1[0m _identify(src/robocon2023_b_dash) by extensions ['ros']
[0.356s] [34mcolcon.colcon_core.package_identification[0m [1;30mLevel 1[0m _identify(src/robocon2023_b_dash) by extension 'ros'
[0.357s] [34mcolcon.colcon_core.package_identification[0m [1;30mDEBUG[0m [32mPackage 'src/robocon2023_b_dash' with type 'ros.ament_cmake' and name 'robocon2023_b_dash'[0m
[0.357s] [34mcolcon.colcon_core.package_identification[0m [1;30mLevel 1[0m _identify(src/ros_to_kimd) by extensions ['ignore', 'ignore_ament_install']
[0.357s] [34mcolcon.colcon_core.package_identification[0m [1;30mLevel 1[0m _identify(src/ros_to_kimd) by extension 'ignore'
[0.357s] [34mcolcon.colcon_core.package_identification[0m [1;30mLevel 1[0m _identify(src/ros_to_kimd) by extension 'ignore_ament_install'
[0.357s] [34mcolcon.colcon_core.package_identification[0m [1;30mLevel 1[0m _identify(src/ros_to_kimd) by extensions ['colcon_pkg']
[0.357s] [34mcolcon.colcon_core.package_identification[0m [1;30mLevel 1[0m _identify(src/ros_to_kimd) by extension 'colcon_pkg'
[0.357s] [34mcolcon.colcon_core.package_identification[0m [1;30mLevel 1[0m _identify(src/ros_to_kimd) by extensions ['colcon_meta']
[0.357s] [34mcolcon.colcon_core.package_identification[0m [1;30mLevel 1[0m _identify(src/ros_to_kimd) by extension 'colcon_meta'
[0.357s] [34mcolcon.colcon_core.package_identification[0m [1;30mLevel 1[0m _identify(src/ros_to_kimd) by extensions ['ros']
[0.357s] [34mcolcon.colcon_core.package_identification[0m [1;30mLevel 1[0m _identify(src/ros_to_kimd) by extension 'ros'
[0.358s] [34mcolcon.colcon_core.package_identification[0m [1;30mDEBUG[0m [32mPackage 'src/ros_to_kimd' with type 'ros.ament_cmake' and name 'ros_to_kimd'[0m
[0.358s] [34mcolcon.colcon_core.package_discovery[0m [1;30mLevel 1[0m discover_packages(recursive) using defaults
[0.358s] [34mcolcon.colcon_core.package_discovery[0m [1;30mLevel 1[0m discover_packages(ignore) discover
[0.358s] [34mcolcon.colcon_core.package_discovery[0m [1;30mLevel 1[0m discover_packages(ignore) using defaults
[0.358s] [34mcolcon.colcon_core.package_discovery[0m [1;30mLevel 1[0m discover_packages(path) discover
[0.358s] [34mcolcon.colcon_core.package_discovery[0m [1;30mLevel 1[0m discover_packages(path) using defaults
[0.375s] [34mcolcon.colcon_core.package_discovery[0m [1;30mLevel 1[0m discover_packages(prefix_path) check parameters
[0.375s] [34mcolcon.colcon_core.package_discovery[0m [1;30mLevel 1[0m discover_packages(prefix_path) discover
[0.379s] [34mcolcon.colcon_installed_package_information.package_discovery[0m [1;30mDEBUG[0m [32mFound 3 installed packages in /home/roboconb/robocon_ws/install[0m
[0.381s] [34mcolcon.colcon_installed_package_information.package_discovery[0m [1;30mDEBUG[0m [32mFound 270 installed packages in /opt/ros/humble[0m
[0.382s] [34mcolcon.colcon_core.package_discovery[0m [1;30mLevel 1[0m discover_packages(prefix_path) using defaults
[0.438s] [34mcolcon.colcon_core.verb[0m [1;30mLevel 5[0m set package 'fruit_detection' build argument 'cmake_args' from command line to 'None'
[0.438s] [34mcolcon.colcon_core.verb[0m [1;30mLevel 5[0m set package 'fruit_detection' build argument 'cmake_target' from command line to 'None'
[0.438s] [34mcolcon.colcon_core.verb[0m [1;30mLevel 5[0m set package 'fruit_detection' build argument 'cmake_target_skip_unavailable' from command line to 'False'
[0.438s] [34mcolcon.colcon_core.verb[0m [1;30mLevel 5[0m set package 'fruit_detection' build argument 'cmake_clean_cache' from command line to 'False'
[0.438s] [34mcolcon.colcon_core.verb[0m [1;30mLevel 5[0m set package 'fruit_detection' build argument 'cmake_clean_first' from command line to 'False'
[0.438s] [34mcolcon.colcon_core.verb[0m [1;30mLevel 5[0m set package 'fruit_detection' build argument 'cmake_force_configure' from command line to 'False'
[0.438s] [34mcolcon.colcon_core.verb[0m [1;30mLevel 5[0m set package 'fruit_detection' build argument 'ament_cmake_args' from command line to 'None'
[0.438s] [34mcolcon.colcon_core.verb[0m [1;30mLevel 5[0m set package 'fruit_detection' build argument 'catkin_cmake_args' from command line to 'None'
[0.438s] [34mcolcon.colcon_core.verb[0m [1;30mLevel 5[0m set package 'fruit_detection' build argument 'catkin_skip_building_tests' from command line to 'False'
[0.438s] [34mcolcon.colcon_core.verb[0m [1;30mDEBUG[0m [32mBuilding package 'fruit_detection' with the following arguments: {'ament_cmake_args': None, 'build_base': '/home/roboconb/robocon_ws/build/fruit_detection', 'catkin_cmake_args': None, 'catkin_skip_building_tests': False, 'cmake_args': None, 'cmake_clean_cache': False, 'cmake_clean_first': False, 'cmake_force_configure': False, 'cmake_target': None, 'cmake_target_skip_unavailable': False, 'install_base': '/home/roboconb/robocon_ws/install/fruit_detection', 'merge_install': False, 'path': '/home/roboconb/robocon_ws/src/fruit_detection', 'symlink_install': False, 'test_result_base': None}[0m
[0.439s] [34mcolcon.colcon_core.verb[0m [1;30mLevel 5[0m set package 'robocon2023_b_dash' build argument 'cmake_args' from command line to 'None'
[0.439s] [34mcolcon.colcon_core.verb[0m [1;30mLevel 5[0m set package 'robocon2023_b_dash' build argument 'cmake_target' from command line to 'None'
[0.439s] [34mcolcon.colcon_core.verb[0m [1;30mLevel 5[0m set package 'robocon2023_b_dash' build argument 'cmake_target_skip_unavailable' from command line to 'False'
[0.439s] [34mcolcon.colcon_core.verb[0m [1;30mLevel 5[0m set package 'robocon2023_b_dash' build argument 'cmake_clean_cache' from command line to 'False'
[0.439s] [34mcolcon.colcon_core.verb[0m [1;30mLevel 5[0m set package 'robocon2023_b_dash' build argument 'cmake_clean_first' from command line to 'False'
[0.439s] [34mcolcon.colcon_core.verb[0m [1;30mLevel 5[0m set package 'robocon2023_b_dash' build argument 'cmake_force_configure' from command line to 'False'
[0.439s] [34mcolcon.colcon_core.verb[0m [1;30mLevel 5[0m set package 'robocon2023_b_dash' build argument 'ament_cmake_args' from command line to 'None'
[0.439s] [34mcolcon.colcon_core.verb[0m [1;30mLevel 5[0m set package 'robocon2023_b_dash' build argument 'catkin_cmake_args' from command line to 'None'
[0.440s] [34mcolcon.colcon_core.verb[0m [1;30mLevel 5[0m set package 'robocon2023_b_dash' build argument 'catkin_skip_building_tests' from command line to 'False'
[0.440s] [34mcolcon.colcon_core.verb[0m [1;30mDEBUG[0m [32mBuilding package 'robocon2023_b_dash' with the following arguments: {'ament_cmake_args': None, 'build_base': '/home/roboconb/robocon_ws/build/robocon2023_b_dash', 'catkin_cmake_args': None, 'catkin_skip_building_tests': False, 'cmake_args': None, 'cmake_clean_cache': False, 'cmake_clean_first': False, 'cmake_force_configure': False, 'cmake_target': None, 'cmake_target_skip_unavailable': False, 'install_base': '/home/roboconb/robocon_ws/install/robocon2023_b_dash', 'merge_install': False, 'path': '/home/roboconb/robocon_ws/src/robocon2023_b_dash', 'symlink_install': False, 'test_result_base': None}[0m
[0.440s] [34mcolcon.colcon_core.verb[0m [1;30mLevel 5[0m set package 'ros_to_kimd' build argument 'cmake_args' from command line to 'None'
[0.440s] [34mcolcon.colcon_core.verb[0m [1;30mLevel 5[0m set package 'ros_to_kimd' build argument 'cmake_target' from command line to 'None'
[0.440s] [34mcolcon.colcon_core.verb[0m [1;30mLevel 5[0m set package 'ros_to_kimd' build argument 'cmake_target_skip_unavailable' from command line to 'False'
[0.440s] [34mcolcon.colcon_core.verb[0m [1;30mLevel 5[0m set package 'ros_to_kimd' build argument 'cmake_clean_cache' from command line to 'False'
[0.441s] [34mcolcon.colcon_core.verb[0m [1;30mLevel 5[0m set package 'ros_to_kimd' build argument 'cmake_clean_first' from command line to 'False'
[0.441s] [34mcolcon.colcon_core.verb[0m [1;30mLevel 5[0m set package 'ros_to_kimd' build argument 'cmake_force_configure' from command line to 'False'
[0.441s] [34mcolcon.colcon_core.verb[0m [1;30mLevel 5[0m set package 'ros_to_kimd' build argument 'ament_cmake_args' from command line to 'None'
[0.441s] [34mcolcon.colcon_core.verb[0m [1;30mLevel 5[0m set package 'ros_to_kimd' build argument 'catkin_cmake_args' from command line to 'None'
[0.441s] [34mcolcon.colcon_core.verb[0m [1;30mLevel 5[0m set package 'ros_to_kimd' build argument 'catkin_skip_building_tests' from command line to 'False'
[0.441s] [34mcolcon.colcon_core.verb[0m [1;30mDEBUG[0m [32mBuilding package 'ros_to_kimd' with the following arguments: {'ament_cmake_args': None, 'build_base': '/home/roboconb/robocon_ws/build/ros_to_kimd', 'catkin_cmake_args': None, 'catkin_skip_building_tests': False, 'cmake_args': None, 'cmake_clean_cache': False, 'cmake_clean_first': False, 'cmake_force_configure': False, 'cmake_target': None, 'cmake_target_skip_unavailable': False, 'install_base': '/home/roboconb/robocon_ws/install/ros_to_kimd', 'merge_install': False, 'path': '/home/roboconb/robocon_ws/src/ros_to_kimd', 'symlink_install': False, 'test_result_base': None}[0m
[0.441s] [34mcolcon.colcon_core.executor[0m [1;30mINFO[0m Executing jobs using 'parallel' executor
[0.444s] [34mcolcon.colcon_parallel_executor.executor.parallel[0m [1;30mDEBUG[0m [32mrun_until_complete[0m
[0.444s] [34mcolcon.colcon_ros.task.ament_python.build[0m [1;30mINFO[0m Building ROS package in '/home/roboconb/robocon_ws/src/fruit_detection' with build type 'ament_python'
[0.445s] [34mcolcon.colcon_core.shell[0m [1;30mLevel 1[0m create_environment_hook('fruit_detection', 'ament_prefix_path')
[0.448s] [34mcolcon.colcon_core.plugin_system[0m [1;30mINFO[0m Skipping extension 'colcon_core.shell.bat': Not used on non-Windows systems
[0.449s] [34mcolcon.colcon_core.shell[0m [1;30mINFO[0m Creating environment hook '/home/roboconb/robocon_ws/install/fruit_detection/share/fruit_detection/hook/ament_prefix_path.ps1'
[0.449s] [34mcolcon.colcon_core.shell[0m [1;30mINFO[0m Creating environment descriptor '/home/roboconb/robocon_ws/install/fruit_detection/share/fruit_detection/hook/ament_prefix_path.dsv'
[0.450s] [34mcolcon.colcon_core.shell[0m [1;30mINFO[0m Creating environment hook '/home/roboconb/robocon_ws/install/fruit_detection/share/fruit_detection/hook/ament_prefix_path.sh'
[0.451s] [34mcolcon.colcon_core.shell[0m [1;30mINFO[0m Skip shell extension 'powershell' for command environment: Not usable outside of PowerShell
[0.451s] [34mcolcon.colcon_core.shell[0m [1;30mDEBUG[0m [32mSkip shell extension 'dsv' for command environment[0m
[0.455s] [34mcolcon.colcon_ros.task.ament_cmake.build[0m [1;30mINFO[0m Building ROS package in '/home/roboconb/robocon_ws/src/robocon2023_b_dash' with build type 'ament_cmake'
[0.455s] [34mcolcon.colcon_cmake.task.cmake.build[0m [1;30mINFO[0m Building CMake package in '/home/roboconb/robocon_ws/src/robocon2023_b_dash'
[0.457s] [34mcolcon.colcon_core.shell[0m [1;30mINFO[0m Skip shell extension 'powershell' for command environment: Not usable outside of PowerShell
[0.457s] [34mcolcon.colcon_core.shell[0m [1;30mDEBUG[0m [32mSkip shell extension 'dsv' for command environment[0m
[0.461s] [34mcolcon.colcon_ros.task.ament_cmake.build[0m [1;30mINFO[0m Building ROS package in '/home/roboconb/robocon_ws/src/ros_to_kimd' with build type 'ament_cmake'
[0.461s] [34mcolcon.colcon_cmake.task.cmake.build[0m [1;30mINFO[0m Building CMake package in '/home/roboconb/robocon_ws/src/ros_to_kimd'
[0.462s] [34mcolcon.colcon_core.shell[0m [1;30mINFO[0m Skip shell extension 'powershell' for command environment: Not usable outside of PowerShell
[0.463s] [34mcolcon.colcon_core.shell[0m [1;30mDEBUG[0m [32mSkip shell extension 'dsv' for command environment[0m
[0.725s] [34mcolcon.colcon_core.task.python.build[0m [1;30mINFO[0m Building Python package in '/home/roboconb/robocon_ws/src/fruit_detection'
[0.726s] [34mcolcon.colcon_core.shell[0m [1;30mINFO[0m Skip shell extension 'powershell' for command environment: Not usable outside of PowerShell
[0.726s] [34mcolcon.colcon_core.shell[0m [1;30mDEBUG[0m [32mSkip shell extension 'dsv' for command environment[0m
[0.735s] [34mcolcon.colcon_core.event_handler.log_command[0m [1;30mDEBUG[0m [32mInvoking command in '/home/roboconb/robocon_ws/build/robocon2023_b_dash': CMAKE_PREFIX_PATH=${CMAKE_PREFIX_PATH}:/home/roboconb/robocon_ws/install/fruit_detection:/opt/ros/humble /home/roboconb/.local/bin/cmake --build /home/roboconb/robocon_ws/build/robocon2023_b_dash -- -j8 -l8[0m
[0.738s] [34mcolcon.colcon_core.event_handler.log_command[0m [1;30mDEBUG[0m [32mInvoking command in '/home/roboconb/robocon_ws/build/ros_to_kimd': CMAKE_PREFIX_PATH=${CMAKE_PREFIX_PATH}:/home/roboconb/robocon_ws/install/fruit_detection:/opt/ros/humble /home/roboconb/.local/bin/cmake --build /home/roboconb/robocon_ws/build/ros_to_kimd -- -j8 -l8[0m
[0.813s] [34mcolcon.colcon_core.event_handler.log_command[0m [1;30mDEBUG[0m [32mInvoked command in '/home/roboconb/robocon_ws/build/robocon2023_b_dash' returned '0': CMAKE_PREFIX_PATH=${CMAKE_PREFIX_PATH}:/home/roboconb/robocon_ws/install/fruit_detection:/opt/ros/humble /home/roboconb/.local/bin/cmake --build /home/roboconb/robocon_ws/build/robocon2023_b_dash -- -j8 -l8[0m
[0.817s] [34mcolcon.colcon_core.event_handler.log_command[0m [1;30mDEBUG[0m [32mInvoked command in '/home/roboconb/robocon_ws/build/ros_to_kimd' returned '0': CMAKE_PREFIX_PATH=${CMAKE_PREFIX_PATH}:/home/roboconb/robocon_ws/install/fruit_detection:/opt/ros/humble /home/roboconb/.local/bin/cmake --build /home/roboconb/robocon_ws/build/ros_to_kimd -- -j8 -l8[0m
[0.899s] [34mcolcon.colcon_core.event_handler.log_command[0m [1;30mDEBUG[0m [32mInvoking command in '/home/roboconb/robocon_ws/build/ros_to_kimd': CMAKE_PREFIX_PATH=${CMAKE_PREFIX_PATH}:/home/roboconb/robocon_ws/install/fruit_detection:/opt/ros/humble /home/roboconb/.local/bin/cmake --install /home/roboconb/robocon_ws/build/ros_to_kimd[0m
[0.903s] [34mcolcon.colcon_core.event_handler.log_command[0m [1;30mDEBUG[0m [32mInvoking command in '/home/roboconb/robocon_ws/build/robocon2023_b_dash': CMAKE_PREFIX_PATH=${CMAKE_PREFIX_PATH}:/home/roboconb/robocon_ws/install/fruit_detection:/opt/ros/humble /home/roboconb/.local/bin/cmake --install /home/roboconb/robocon_ws/build/robocon2023_b_dash[0m
[0.941s] [34mcolcon.colcon_core.environment[0m [1;30mLevel 1[0m create_environment_scripts_only(ros_to_kimd)
[0.945s] [34mcolcon.colcon_core.event_handler.log_command[0m [1;30mDEBUG[0m [32mInvoked command in '/home/roboconb/robocon_ws/build/ros_to_kimd' returned '0': CMAKE_PREFIX_PATH=${CMAKE_PREFIX_PATH}:/home/roboconb/robocon_ws/install/fruit_detection:/opt/ros/humble /home/roboconb/.local/bin/cmake --install /home/roboconb/robocon_ws/build/ros_to_kimd[0m
[0.951s] [34mcolcon.colcon_core.environment[0m [1;30mLevel 1[0m checking '/home/roboconb/robocon_ws/install/ros_to_kimd' for CMake module files
[0.952s] [34mcolcon.colcon_core.environment[0m [1;30mLevel 1[0m checking '/home/roboconb/robocon_ws/install/ros_to_kimd' for CMake config files
[0.952s] [34mcolcon.colcon_core.shell[0m [1;30mLevel 1[0m create_environment_hook('ros_to_kimd', 'cmake_prefix_path')
[0.955s] [34mcolcon.colcon_core.shell[0m [1;30mINFO[0m Creating environment hook '/home/roboconb/robocon_ws/install/ros_to_kimd/share/ros_to_kimd/hook/cmake_prefix_path.ps1'
[0.956s] [34mcolcon.colcon_core.shell[0m [1;30mINFO[0m Creating environment descriptor '/home/roboconb/robocon_ws/install/ros_to_kimd/share/ros_to_kimd/hook/cmake_prefix_path.dsv'
[0.956s] [34mcolcon.colcon_core.shell[0m [1;30mINFO[0m Creating environment hook '/home/roboconb/robocon_ws/install/ros_to_kimd/share/ros_to_kimd/hook/cmake_prefix_path.sh'
[0.957s] [34mcolcon.colcon_core.environment[0m [1;30mLevel 1[0m checking '/home/roboconb/robocon_ws/install/ros_to_kimd/lib'
[0.957s] [34mcolcon.colcon_core.environment[0m [1;30mLevel 1[0m checking '/home/roboconb/robocon_ws/install/ros_to_kimd/bin'
[0.957s] [34mcolcon.colcon_core.environment[0m [1;30mLevel 1[0m checking '/home/roboconb/robocon_ws/install/ros_to_kimd/lib/pkgconfig/ros_to_kimd.pc'
[0.958s] [34mcolcon.colcon_core.environment[0m [1;30mLevel 1[0m checking '/home/roboconb/robocon_ws/install/ros_to_kimd/lib/python3.10/site-packages'
[0.958s] [34mcolcon.colcon_core.environment[0m [1;30mLevel 1[0m checking '/home/roboconb/robocon_ws/install/ros_to_kimd/bin'
[0.961s] [34mcolcon.colcon_core.shell[0m [1;30mINFO[0m Creating package script '/home/roboconb/robocon_ws/install/ros_to_kimd/share/ros_to_kimd/package.ps1'
[0.963s] [34mcolcon.colcon_core.shell[0m [1;30mINFO[0m Creating package descriptor '/home/roboconb/robocon_ws/install/ros_to_kimd/share/ros_to_kimd/package.dsv'
[0.964s] [34mcolcon.colcon_core.shell[0m [1;30mINFO[0m Creating package script '/home/roboconb/robocon_ws/install/ros_to_kimd/share/ros_to_kimd/package.sh'
[0.965s] [34mcolcon.colcon_core.shell[0m [1;30mINFO[0m Creating package script '/home/roboconb/robocon_ws/install/ros_to_kimd/share/ros_to_kimd/package.bash'
[0.966s] [34mcolcon.colcon_core.shell[0m [1;30mINFO[0m Creating package script '/home/roboconb/robocon_ws/install/ros_to_kimd/share/ros_to_kimd/package.zsh'
[0.967s] [34mcolcon.colcon_core.environment[0m [1;30mLevel 1[0m create_file_with_runtime_dependencies(/home/roboconb/robocon_ws/install/ros_to_kimd/share/colcon-core/packages/ros_to_kimd)
[0.969s] [34mcolcon.colcon_core.environment[0m [1;30mLevel 1[0m create_environment_scripts_only(robocon2023_b_dash)
[0.973s] [34mcolcon.colcon_core.environment[0m [1;30mLevel 1[0m checking '/home/roboconb/robocon_ws/install/robocon2023_b_dash' for CMake module files
[0.974s] [34mcolcon.colcon_core.event_handler.log_command[0m [1;30mDEBUG[0m [32mInvoked command in '/home/roboconb/robocon_ws/build/robocon2023_b_dash' returned '0': CMAKE_PREFIX_PATH=${CMAKE_PREFIX_PATH}:/home/roboconb/robocon_ws/install/fruit_detection:/opt/ros/humble /home/roboconb/.local/bin/cmake --install /home/roboconb/robocon_ws/build/robocon2023_b_dash[0m
[0.974s] [34mcolcon.colcon_core.environment[0m [1;30mLevel 1[0m checking '/home/roboconb/robocon_ws/install/robocon2023_b_dash' for CMake config files
[0.975s] [34mcolcon.colcon_core.shell[0m [1;30mLevel 1[0m create_environment_hook('robocon2023_b_dash', 'cmake_prefix_path')
[0.978s] [34mcolcon.colcon_core.shell[0m [1;30mINFO[0m Creating environment hook '/home/roboconb/robocon_ws/install/robocon2023_b_dash/share/robocon2023_b_dash/hook/cmake_prefix_path.ps1'
[0.978s] [34mcolcon.colcon_core.shell[0m [1;30mINFO[0m Creating environment descriptor '/home/roboconb/robocon_ws/install/robocon2023_b_dash/share/robocon2023_b_dash/hook/cmake_prefix_path.dsv'
[0.980s] [34mcolcon.colcon_core.shell[0m [1;30mINFO[0m Creating environment hook '/home/roboconb/robocon_ws/install/robocon2023_b_dash/share/robocon2023_b_dash/hook/cmake_prefix_path.sh'
[0.981s] [34mcolcon.colcon_core.environment[0m [1;30mLevel 1[0m checking '/home/roboconb/robocon_ws/install/robocon2023_b_dash/lib'
[0.981s] [34mcolcon.colcon_core.environment[0m [1;30mLevel 1[0m checking '/home/roboconb/robocon_ws/install/robocon2023_b_dash/bin'
[0.981s] [34mcolcon.colcon_core.environment[0m [1;30mLevel 1[0m checking '/home/roboconb/robocon_ws/install/robocon2023_b_dash/lib/pkgconfig/robocon2023_b_dash.pc'
[0.981s] [34mcolcon.colcon_core.environment[0m [1;30mLevel 1[0m checking '/home/roboconb/robocon_ws/install/robocon2023_b_dash/lib/python3.10/site-packages'
[0.982s] [34mcolcon.colcon_core.environment[0m [1;30mLevel 1[0m checking '/home/roboconb/robocon_ws/install/robocon2023_b_dash/bin'
[0.984s] [34mcolcon.colcon_core.shell[0m [1;30mINFO[0m Creating package script '/home/roboconb/robocon_ws/install/robocon2023_b_dash/share/robocon2023_b_dash/package.ps1'
[0.985s] [34mcolcon.colcon_core.shell[0m [1;30mINFO[0m Creating package descriptor '/home/roboconb/robocon_ws/install/robocon2023_b_dash/share/robocon2023_b_dash/package.dsv'
[0.985s] [34mcolcon.colcon_core.shell[0m [1;30mINFO[0m Creating package script '/home/roboconb/robocon_ws/install/robocon2023_b_dash/share/robocon2023_b_dash/package.sh'
[0.986s] [34mcolcon.colcon_core.shell[0m [1;30mINFO[0m Creating package script '/home/roboconb/robocon_ws/install/robocon2023_b_dash/share/robocon2023_b_dash/package.bash'
[0.986s] [34mcolcon.colcon_core.shell[0m [1;30mINFO[0m Creating package script '/home/roboconb/robocon_ws/install/robocon2023_b_dash/share/robocon2023_b_dash/package.zsh'
[0.987s] [34mcolcon.colcon_core.environment[0m [1;30mLevel 1[0m create_file_with_runtime_dependencies(/home/roboconb/robocon_ws/install/robocon2023_b_dash/share/colcon-core/packages/robocon2023_b_dash)
[1.025s] [34mcolcon.colcon_core.environment[0m [1;30mLevel 1[0m create_environment_scripts_only(ros_to_kimd)
[1.028s] [34mcolcon.colcon_core.environment[0m [1;30mLevel 1[0m checking '/home/roboconb/robocon_ws/install/ros_to_kimd' for CMake module files
[1.029s] [34mcolcon.colcon_core.environment[0m [1;30mLevel 1[0m checking '/home/roboconb/robocon_ws/install/ros_to_kimd' for CMake config files
[1.029s] [34mcolcon.colcon_core.shell[0m [1;30mLevel 1[0m create_environment_hook('ros_to_kimd', 'cmake_prefix_path')
[1.031s] [34mcolcon.colcon_core.shell[0m [1;30mINFO[0m Creating environment hook '/home/roboconb/robocon_ws/install/ros_to_kimd/share/ros_to_kimd/hook/cmake_prefix_path.ps1'
[1.031s] [34mcolcon.colcon_core.shell[0m [1;30mINFO[0m Creating environment descriptor '/home/roboconb/robocon_ws/install/ros_to_kimd/share/ros_to_kimd/hook/cmake_prefix_path.dsv'
[1.032s] [34mcolcon.colcon_core.shell[0m [1;30mINFO[0m Creating environment hook '/home/roboconb/robocon_ws/install/ros_to_kimd/share/ros_to_kimd/hook/cmake_prefix_path.sh'
[1.032s] [34mcolcon.colcon_core.environment[0m [1;30mLevel 1[0m checking '/home/roboconb/robocon_ws/install/ros_to_kimd/lib'
[1.032s] [34mcolcon.colcon_core.environment[0m [1;30mLevel 1[0m checking '/home/roboconb/robocon_ws/install/ros_to_kimd/bin'
[1.032s] [34mcolcon.colcon_core.environment[0m [1;30mLevel 1[0m checking '/home/roboconb/robocon_ws/install/ros_to_kimd/lib/pkgconfig/ros_to_kimd.pc'
[1.033s] [34mcolcon.colcon_core.environment[0m [1;30mLevel 1[0m checking '/home/roboconb/robocon_ws/install/ros_to_kimd/lib/python3.10/site-packages'
[1.033s] [34mcolcon.colcon_core.environment[0m [1;30mLevel 1[0m checking '/home/roboconb/robocon_ws/install/ros_to_kimd/bin'
[1.035s] [34mcolcon.colcon_core.shell[0m [1;30mINFO[0m Creating package script '/home/roboconb/robocon_ws/install/ros_to_kimd/share/ros_to_kimd/package.ps1'
[1.035s] [34mcolcon.colcon_core.shell[0m [1;30mINFO[0m Creating package descriptor '/home/roboconb/robocon_ws/install/ros_to_kimd/share/ros_to_kimd/package.dsv'
[1.036s] [34mcolcon.colcon_core.shell[0m [1;30mINFO[0m Creating package script '/home/roboconb/robocon_ws/install/ros_to_kimd/share/ros_to_kimd/package.sh'
[1.036s] [34mcolcon.colcon_core.shell[0m [1;30mINFO[0m Creating package script '/home/roboconb/robocon_ws/install/ros_to_kimd/share/ros_to_kimd/package.bash'
[1.036s] [34mcolcon.colcon_core.shell[0m [1;30mINFO[0m Creating package script '/home/roboconb/robocon_ws/install/ros_to_kimd/share/ros_to_kimd/package.zsh'
[1.037s] [34mcolcon.colcon_core.environment[0m [1;30mLevel 1[0m create_file_with_runtime_dependencies(/home/roboconb/robocon_ws/install/ros_to_kimd/share/colcon-core/packages/ros_to_kimd)
[1.065s] [34mcolcon.colcon_core.environment[0m [1;30mLevel 1[0m create_environment_scripts_only(robocon2023_b_dash)
[1.067s] [34mcolcon.colcon_core.environment[0m [1;30mLevel 1[0m checking '/home/roboconb/robocon_ws/install/robocon2023_b_dash' for CMake module files
[1.068s] [34mcolcon.colcon_core.environment[0m [1;30mLevel 1[0m checking '/home/roboconb/robocon_ws/install/robocon2023_b_dash' for CMake config files
[1.068s] [34mcolcon.colcon_core.shell[0m [1;30mLevel 1[0m create_environment_hook('robocon2023_b_dash', 'cmake_prefix_path')
[1.070s] [34mcolcon.colcon_core.shell[0m [1;30mINFO[0m Creating environment hook '/home/roboconb/robocon_ws/install/robocon2023_b_dash/share/robocon2023_b_dash/hook/cmake_prefix_path.ps1'
[1.070s] [34mcolcon.colcon_core.shell[0m [1;30mINFO[0m Creating environment descriptor '/home/roboconb/robocon_ws/install/robocon2023_b_dash/share/robocon2023_b_dash/hook/cmake_prefix_path.dsv'
[1.071s] [34mcolcon.colcon_core.shell[0m [1;30mINFO[0m Creating environment hook '/home/roboconb/robocon_ws/install/robocon2023_b_dash/share/robocon2023_b_dash/hook/cmake_prefix_path.sh'
[1.071s] [34mcolcon.colcon_core.environment[0m [1;30mLevel 1[0m checking '/home/roboconb/robocon_ws/install/robocon2023_b_dash/lib'
[1.072s] [34mcolcon.colcon_core.environment[0m [1;30mLevel 1[0m checking '/home/roboconb/robocon_ws/install/robocon2023_b_dash/bin'
[1.072s] [34mcolcon.colcon_core.environment[0m [1;30mLevel 1[0m checking '/home/roboconb/robocon_ws/install/robocon2023_b_dash/lib/pkgconfig/robocon2023_b_dash.pc'
[1.072s] [34mcolcon.colcon_core.environment[0m [1;30mLevel 1[0m checking '/home/roboconb/robocon_ws/install/robocon2023_b_dash/lib/python3.10/site-packages'
[1.072s] [34mcolcon.colcon_core.environment[0m [1;30mLevel 1[0m checking '/home/roboconb/robocon_ws/install/robocon2023_b_dash/bin'
[1.074s] [34mcolcon.colcon_core.shell[0m [1;30mINFO[0m Creating package script '/home/roboconb/robocon_ws/install/robocon2023_b_dash/share/robocon2023_b_dash/package.ps1'
[1.074s] [34mcolcon.colcon_core.shell[0m [1;30mINFO[0m Creating package descriptor '/home/roboconb/robocon_ws/install/robocon2023_b_dash/share/robocon2023_b_dash/package.dsv'
[1.074s] [34mcolcon.colcon_core.shell[0m [1;30mINFO[0m Creating package script '/home/roboconb/robocon_ws/install/robocon2023_b_dash/share/robocon2023_b_dash/package.sh'
[1.075s] [34mcolcon.colcon_core.shell[0m [1;30mINFO[0m Creating package script '/home/roboconb/robocon_ws/install/robocon2023_b_dash/share/robocon2023_b_dash/package.bash'
[1.075s] [34mcolcon.colcon_core.shell[0m [1;30mINFO[0m Creating package script '/home/roboconb/robocon_ws/install/robocon2023_b_dash/share/robocon2023_b_dash/package.zsh'
[1.076s] [34mcolcon.colcon_core.environment[0m [1;30mLevel 1[0m create_file_with_runtime_dependencies(/home/roboconb/robocon_ws/install/robocon2023_b_dash/share/colcon-core/packages/robocon2023_b_dash)
[1.162s] [34mcolcon.colcon_core.event_handler.log_command[0m [1;30mDEBUG[0m [32mInvoking command in '/home/roboconb/robocon_ws/src/fruit_detection': PYTHONPATH=/home/roboconb/robocon_ws/build/fruit_detection/prefix_override:/home/roboconb/robocon_ws/install/fruit_detection/lib/python3.10/site-packages:${PYTHONPATH} /usr/bin/python3 setup.py egg_info --egg-base ../../build/fruit_detection build --build-base /home/roboconb/robocon_ws/build/fruit_detection/build install --record /home/roboconb/robocon_ws/build/fruit_detection/install.log --single-version-externally-managed[0m
[1.460s] [34mcolcon.colcon_core.environment[0m [1;30mLevel 1[0m checking '/home/roboconb/robocon_ws/install/fruit_detection' for CMake module files
[1.461s] [34mcolcon.colcon_core.event_handler.log_command[0m [1;30mDEBUG[0m [32mInvoked command in '/home/roboconb/robocon_ws/src/fruit_detection' returned '0': PYTHONPATH=/home/roboconb/robocon_ws/build/fruit_detection/prefix_override:/home/roboconb/robocon_ws/install/fruit_detection/lib/python3.10/site-packages:${PYTHONPATH} /usr/bin/python3 setup.py egg_info --egg-base ../../build/fruit_detection build --build-base /home/roboconb/robocon_ws/build/fruit_detection/build install --record /home/roboconb/robocon_ws/build/fruit_detection/install.log --single-version-externally-managed[0m
[1.461s] [34mcolcon.colcon_core.environment[0m [1;30mLevel 1[0m checking '/home/roboconb/robocon_ws/install/fruit_detection' for CMake config files
[1.462s] [34mcolcon.colcon_core.environment[0m [1;30mLevel 1[0m checking '/home/roboconb/robocon_ws/install/fruit_detection/lib'
[1.462s] [34mcolcon.colcon_core.environment[0m [1;30mLevel 1[0m checking '/home/roboconb/robocon_ws/install/fruit_detection/bin'
[1.462s] [34mcolcon.colcon_core.environment[0m [1;30mLevel 1[0m checking '/home/roboconb/robocon_ws/install/fruit_detection/lib/pkgconfig/fruit_detection.pc'
[1.462s] [34mcolcon.colcon_core.environment[0m [1;30mLevel 1[0m checking '/home/roboconb/robocon_ws/install/fruit_detection/lib/python3.10/site-packages'
[1.462s] [34mcolcon.colcon_core.shell[0m [1;30mLevel 1[0m create_environment_hook('fruit_detection', 'pythonpath')
[1.463s] [34mcolcon.colcon_core.shell[0m [1;30mINFO[0m Creating environment hook '/home/roboconb/robocon_ws/install/fruit_detection/share/fruit_detection/hook/pythonpath.ps1'
[1.464s] [34mcolcon.colcon_core.shell[0m [1;30mINFO[0m Creating environment descriptor '/home/roboconb/robocon_ws/install/fruit_detection/share/fruit_detection/hook/pythonpath.dsv'
[1.464s] [34mcolcon.colcon_core.shell[0m [1;30mINFO[0m Creating environment hook '/home/roboconb/robocon_ws/install/fruit_detection/share/fruit_detection/hook/pythonpath.sh'
[1.464s] [34mcolcon.colcon_core.environment[0m [1;30mLevel 1[0m checking '/home/roboconb/robocon_ws/install/fruit_detection/bin'
[1.464s] [34mcolcon.colcon_core.environment[0m [1;30mLevel 1[0m create_environment_scripts_only(fruit_detection)
[1.466s] [34mcolcon.colcon_core.shell[0m [1;30mINFO[0m Creating package script '/home/roboconb/robocon_ws/install/fruit_detection/share/fruit_detection/package.ps1'
[1.467s] [34mcolcon.colcon_core.shell[0m [1;30mINFO[0m Creating package descriptor '/home/roboconb/robocon_ws/install/fruit_detection/share/fruit_detection/package.dsv'
[1.467s] [34mcolcon.colcon_core.shell[0m [1;30mINFO[0m Creating package script '/home/roboconb/robocon_ws/install/fruit_detection/share/fruit_detection/package.sh'
[1.468s] [34mcolcon.colcon_core.shell[0m [1;30mINFO[0m Creating package script '/home/roboconb/robocon_ws/install/fruit_detection/share/fruit_detection/package.bash'
[1.468s] [34mcolcon.colcon_core.shell[0m [1;30mINFO[0m Creating package script '/home/roboconb/robocon_ws/install/fruit_detection/share/fruit_detection/package.zsh'
[1.468s] [34mcolcon.colcon_core.environment[0m [1;30mLevel 1[0m create_file_with_runtime_dependencies(/home/roboconb/robocon_ws/install/fruit_detection/share/colcon-core/packages/fruit_detection)
[1.468s] [34mcolcon.colcon_parallel_executor.executor.parallel[0m [1;30mDEBUG[0m [32mclosing loop[0m
[1.469s] [34mcolcon.colcon_parallel_executor.executor.parallel[0m [1;30mDEBUG[0m [32mloop closed[0m
[1.469s] [34mcolcon.colcon_parallel_executor.executor.parallel[0m [1;30mDEBUG[0m [32mrun_until_complete finished with '0'[0m
[1.469s] [34mcolcon.colcon_core.event_reactor[0m [1;30mDEBUG[0m [32mjoining thread[0m
[1.477s] [34mcolcon.colcon_core.plugin_system[0m [1;30mINFO[0m Skipping extension 'colcon_notification.desktop_notification.terminal_notifier': Not used on non-Darwin systems
[1.477s] [34mcolcon.colcon_core.plugin_system[0m [1;30mINFO[0m Skipping extension 'colcon_notification.desktop_notification.win32': Not used on non-Windows systems
[1.477s] [34mcolcon.colcon_notification.desktop_notification[0m [1;30mINFO[0m Sending desktop notification using 'notify2'
[1.488s] [34mcolcon.colcon_core.event_reactor[0m [1;30mDEBUG[0m [32mjoined thread[0m
[1.489s] [34mcolcon.colcon_core.shell[0m [1;30mINFO[0m Creating prefix script '/home/roboconb/robocon_ws/install/local_setup.ps1'
[1.490s] [34mcolcon.colcon_core.shell[0m [1;30mINFO[0m Creating prefix util module '/home/roboconb/robocon_ws/install/_local_setup_util_ps1.py'
[1.491s] [34mcolcon.colcon_core.shell[0m [1;30mINFO[0m Creating prefix chain script '/home/roboconb/robocon_ws/install/setup.ps1'
[1.493s] [34mcolcon.colcon_core.shell[0m [1;30mINFO[0m Creating prefix script '/home/roboconb/robocon_ws/install/local_setup.sh'
[1.494s] [34mcolcon.colcon_core.shell[0m [1;30mINFO[0m Creating prefix util module '/home/roboconb/robocon_ws/install/_local_setup_util_sh.py'
[1.494s] [34mcolcon.colcon_core.shell[0m [1;30mINFO[0m Creating prefix chain script '/home/roboconb/robocon_ws/install/setup.sh'
[1.496s] [34mcolcon.colcon_core.shell[0m [1;30mINFO[0m Creating prefix script '/home/roboconb/robocon_ws/install/local_setup.bash'
[1.496s] [34mcolcon.colcon_core.shell[0m [1;30mINFO[0m Creating prefix chain script '/home/roboconb/robocon_ws/install/setup.bash'
[1.498s] [34mcolcon.colcon_core.shell[0m [1;30mINFO[0m Creating prefix script '/home/roboconb/robocon_ws/install/local_setup.zsh'
[1.498s] [34mcolcon.colcon_core.shell[0m [1;30mINFO[0m Creating prefix chain script '/home/roboconb/robocon_ws/install/setup.zsh'
