[0.419s] Invoking command in '/home/kaibuchisoma/robocon_ws/build/sllidar_ros2': CMAKE_PREFIX_PATH=${CMAKE_PREFIX_PATH}:/home/kaibuchisoma/robocon_ws/install/fruit_detection:/opt/ros/humble /usr/bin/cmake /home/kaibuchisoma/robocon_ws/src/sllidar_ros2 -DCMAKE_INSTALL_PREFIX=/home/kaibuchisoma/robocon_ws/install/sllidar_ros2
[0.489s] -- The C compiler identification is GNU 11.4.0
[0.544s] -- The CXX compiler identification is GNU 11.4.0
[0.553s] -- Detecting C compiler ABI info
[0.644s] -- Detecting C compiler ABI info - done
[0.654s] -- Check for working C compiler: /usr/bin/cc - skipped
[0.654s] -- Detecting C compile features
[0.654s] -- Detecting C compile features - done
[0.659s] -- Detecting CXX compiler ABI info
[0.788s] -- Detecting CXX compiler ABI info - done
[0.800s] -- Check for working CXX compiler: /usr/bin/c++ - skipped
[0.800s] -- Detecting CXX compile features
[0.801s] -- Detecting CXX compile features - done
[0.806s] -- Found ament_cmake: 1.3.5 (/opt/ros/humble/share/ament_cmake/cmake)
[1.094s] -- Found Python3: /usr/bin/python3.10 (found version "3.10.12") found components: Interpreter 
[1.237s] -- Found rclcpp: 16.0.6 (/opt/ros/humble/share/rclcpp/cmake)
[1.312s] -- Found rosidl_generator_c: 3.1.5 (/opt/ros/humble/share/rosidl_generator_c/cmake)
[1.322s] -- Found rosidl_adapter: 3.1.5 (/opt/ros/humble/share/rosidl_adapter/cmake)
[1.337s] -- Found rosidl_generator_cpp: 3.1.5 (/opt/ros/humble/share/rosidl_generator_cpp/cmake)
[1.361s] -- Using all available rosidl_typesupport_c: rosidl_typesupport_fastrtps_c;rosidl_typesupport_introspection_c
[1.396s] -- Using all available rosidl_typesupport_cpp: rosidl_typesupport_fastrtps_cpp;rosidl_typesupport_introspection_cpp
[1.508s] -- Found rmw_implementation_cmake: 6.1.1 (/opt/ros/humble/share/rmw_implementation_cmake/cmake)
[1.512s] -- Found rmw_fastrtps_cpp: 6.2.4 (/opt/ros/humble/share/rmw_fastrtps_cpp/cmake)
[1.634s] -- Found OpenSSL: /usr/lib/x86_64-linux-gnu/libcrypto.so (found version "3.0.2")  
[1.675s] -- Found FastRTPS: /opt/ros/humble/include  
[1.753s] -- Using RMW implementation 'rmw_fastrtps_cpp' as default
[1.767s] -- Looking for pthread.h
[1.883s] -- Looking for pthread.h - found
[1.883s] -- Performing Test CMAKE_HAVE_LIBC_PTHREAD
[1.994s] -- Performing Test CMAKE_HAVE_LIBC_PTHREAD - Success
[1.996s] -- Found Threads: TRUE  
[2.276s] -- Found sensor_msgs: 4.2.3 (/opt/ros/humble/share/sensor_msgs/cmake)
[2.509s] -- Found std_srvs: 4.2.3 (/opt/ros/humble/share/std_srvs/cmake)
[2.627s] -- Configuring done
[2.640s] -- Generating done
[2.643s] -- Build files have been written to: /home/kaibuchisoma/robocon_ws/build/sllidar_ros2
[2.687s] Invoked command in '/home/kaibuchisoma/robocon_ws/build/sllidar_ros2' returned '0': CMAKE_PREFIX_PATH=${CMAKE_PREFIX_PATH}:/home/kaibuchisoma/robocon_ws/install/fruit_detection:/opt/ros/humble /usr/bin/cmake /home/kaibuchisoma/robocon_ws/src/sllidar_ros2 -DCMAKE_INSTALL_PREFIX=/home/kaibuchisoma/robocon_ws/install/sllidar_ros2
[2.688s] Invoking command in '/home/kaibuchisoma/robocon_ws/build/sllidar_ros2': CMAKE_PREFIX_PATH=${CMAKE_PREFIX_PATH}:/home/kaibuchisoma/robocon_ws/install/fruit_detection:/opt/ros/humble /usr/bin/cmake --build /home/kaibuchisoma/robocon_ws/build/sllidar_ros2 -- -j12 -l12
[2.740s] [35m[1mConsolidate compiler generated dependencies of target sllidar_client[0m
[2.743s] [35m[1mConsolidate compiler generated dependencies of target sllidar_node[0m
[2.777s] [ 14%] Built target sllidar_client
[2.802s] [100%] Built target sllidar_node
[2.842s] Invoked command in '/home/kaibuchisoma/robocon_ws/build/sllidar_ros2' returned '0': CMAKE_PREFIX_PATH=${CMAKE_PREFIX_PATH}:/home/kaibuchisoma/robocon_ws/install/fruit_detection:/opt/ros/humble /usr/bin/cmake --build /home/kaibuchisoma/robocon_ws/build/sllidar_ros2 -- -j12 -l12
[3.011s] Invoking command in '/home/kaibuchisoma/robocon_ws/build/sllidar_ros2': CMAKE_PREFIX_PATH=${CMAKE_PREFIX_PATH}:/home/kaibuchisoma/robocon_ws/install/fruit_detection:/opt/ros/humble /usr/bin/cmake --install /home/kaibuchisoma/robocon_ws/build/sllidar_ros2
[3.023s] -- Install configuration: ""
[3.023s] -- Up-to-date: /home/kaibuchisoma/robocon_ws/install/sllidar_ros2/share/sllidar_ros2/launch
[3.024s] -- Up-to-date: /home/kaibuchisoma/robocon_ws/install/sllidar_ros2/share/sllidar_ros2/launch/view_sllidar_a1_launch.py
[3.024s] -- Up-to-date: /home/kaibuchisoma/robocon_ws/install/sllidar_ros2/share/sllidar_ros2/launch/sllidar_s1_launch.py
[3.024s] -- Up-to-date: /home/kaibuchisoma/robocon_ws/install/sllidar_ros2/share/sllidar_ros2/launch/sllidar_s1_tcp_launch.py
[3.024s] -- Up-to-date: /home/kaibuchisoma/robocon_ws/install/sllidar_ros2/share/sllidar_ros2/launch/sllidar_a1_launch.py
[3.026s] -- Up-to-date: /home/kaibuchisoma/robocon_ws/install/sllidar_ros2/share/sllidar_ros2/launch/view_sllidar_a2m12_launch.py
[3.027s] -- Up-to-date: /home/kaibuchisoma/robocon_ws/install/sllidar_ros2/share/sllidar_ros2/launch/view_sllidar_a2m8_launch.py
[3.027s] -- Up-to-date: /home/kaibuchisoma/robocon_ws/install/sllidar_ros2/share/sllidar_ros2/launch/sllidar_a2m7_launch.py
[3.028s] -- Up-to-date: /home/kaibuchisoma/robocon_ws/install/sllidar_ros2/share/sllidar_ros2/launch/sllidar_s2e_launch.py
[3.030s] -- Up-to-date: /home/kaibuchisoma/robocon_ws/install/sllidar_ros2/share/sllidar_ros2/launch/sllidar_a3_launch.py
[3.030s] -- Up-to-date: /home/kaibuchisoma/robocon_ws/install/sllidar_ros2/share/sllidar_ros2/launch/view_sllidar_s1_launch.py
[3.030s] -- Up-to-date: /home/kaibuchisoma/robocon_ws/install/sllidar_ros2/share/sllidar_ros2/launch/sllidar_s2_launch.py
[3.031s] -- Up-to-date: /home/kaibuchisoma/robocon_ws/install/sllidar_ros2/share/sllidar_ros2/launch/sllidar_a2m12_launch .py
[3.031s] -- Up-to-date: /home/kaibuchisoma/robocon_ws/install/sllidar_ros2/share/sllidar_ros2/launch/view_sllidar_s3_launch.py
[3.031s] -- Up-to-date: /home/kaibuchisoma/robocon_ws/install/sllidar_ros2/share/sllidar_ros2/launch/view_sllidar_a3_launch.py
[3.032s] -- Up-to-date: /home/kaibuchisoma/robocon_ws/install/sllidar_ros2/share/sllidar_ros2/launch/sllidar_t1_launch.py
[3.032s] -- Up-to-date: /home/kaibuchisoma/robocon_ws/install/sllidar_ros2/share/sllidar_ros2/launch/view_sllidar_t1_launch.py
[3.032s] -- Up-to-date: /home/kaibuchisoma/robocon_ws/install/sllidar_ros2/share/sllidar_ros2/launch/sllidar_s3_launch.py
[3.032s] -- Up-to-date: /home/kaibuchisoma/robocon_ws/install/sllidar_ros2/share/sllidar_ros2/launch/view_sllidar_s1_tcp_launch.py
[3.033s] -- Up-to-date: /home/kaibuchisoma/robocon_ws/install/sllidar_ros2/share/sllidar_ros2/launch/view_sllidar_a2m7_launch.py
[3.033s] -- Up-to-date: /home/kaibuchisoma/robocon_ws/install/sllidar_ros2/share/sllidar_ros2/launch/sllidar_a2m8_launch.py
[3.033s] -- Up-to-date: /home/kaibuchisoma/robocon_ws/install/sllidar_ros2/share/sllidar_ros2/launch/view_sllidar_s2e_launch.py
[3.034s] -- Up-to-date: /home/kaibuchisoma/robocon_ws/install/sllidar_ros2/share/sllidar_ros2/launch/view_sllidar_s2_launch.py
[3.034s] -- Up-to-date: /home/kaibuchisoma/robocon_ws/install/sllidar_ros2/share/sllidar_ros2/rviz
[3.034s] -- Up-to-date: /home/kaibuchisoma/robocon_ws/install/sllidar_ros2/share/sllidar_ros2/rviz/sllidar_ros2.rviz
[3.036s] -- Up-to-date: /home/kaibuchisoma/robocon_ws/install/sllidar_ros2/lib/sllidar_ros2/sllidar_node
[3.037s] -- Up-to-date: /home/kaibuchisoma/robocon_ws/install/sllidar_ros2/lib/sllidar_ros2/sllidar_client
[3.037s] -- Up-to-date: /home/kaibuchisoma/robocon_ws/install/sllidar_ros2/share/ament_index/resource_index/package_run_dependencies/sllidar_ros2
[3.037s] -- Up-to-date: /home/kaibuchisoma/robocon_ws/install/sllidar_ros2/share/ament_index/resource_index/parent_prefix_path/sllidar_ros2
[3.038s] -- Up-to-date: /home/kaibuchisoma/robocon_ws/install/sllidar_ros2/share/sllidar_ros2/environment/ament_prefix_path.sh
[3.038s] -- Installing: /home/kaibuchisoma/robocon_ws/install/sllidar_ros2/share/sllidar_ros2/environment/ament_prefix_path.dsv
[3.038s] -- Up-to-date: /home/kaibuchisoma/robocon_ws/install/sllidar_ros2/share/sllidar_ros2/environment/path.sh
[3.039s] -- Installing: /home/kaibuchisoma/robocon_ws/install/sllidar_ros2/share/sllidar_ros2/environment/path.dsv
[3.040s] -- Up-to-date: /home/kaibuchisoma/robocon_ws/install/sllidar_ros2/share/sllidar_ros2/local_setup.bash
[3.040s] -- Up-to-date: /home/kaibuchisoma/robocon_ws/install/sllidar_ros2/share/sllidar_ros2/local_setup.sh
[3.040s] -- Up-to-date: /home/kaibuchisoma/robocon_ws/install/sllidar_ros2/share/sllidar_ros2/local_setup.zsh
[3.040s] -- Installing: /home/kaibuchisoma/robocon_ws/install/sllidar_ros2/share/sllidar_ros2/local_setup.dsv
[3.041s] -- Installing: /home/kaibuchisoma/robocon_ws/install/sllidar_ros2/share/sllidar_ros2/package.dsv
[3.044s] -- Up-to-date: /home/kaibuchisoma/robocon_ws/install/sllidar_ros2/share/ament_index/resource_index/packages/sllidar_ros2
[3.044s] -- Up-to-date: /home/kaibuchisoma/robocon_ws/install/sllidar_ros2/share/sllidar_ros2/cmake/ament_cmake_export_dependencies-extras.cmake
[3.044s] -- Up-to-date: /home/kaibuchisoma/robocon_ws/install/sllidar_ros2/share/sllidar_ros2/cmake/ament_cmake_export_include_directories-extras.cmake
[3.045s] -- Up-to-date: /home/kaibuchisoma/robocon_ws/install/sllidar_ros2/share/sllidar_ros2/cmake/sllidar_ros2Config.cmake
[3.045s] -- Up-to-date: /home/kaibuchisoma/robocon_ws/install/sllidar_ros2/share/sllidar_ros2/cmake/sllidar_ros2Config-version.cmake
[3.045s] -- Up-to-date: /home/kaibuchisoma/robocon_ws/install/sllidar_ros2/share/sllidar_ros2/package.xml
[3.094s] Invoked command in '/home/kaibuchisoma/robocon_ws/build/sllidar_ros2' returned '0': CMAKE_PREFIX_PATH=${CMAKE_PREFIX_PATH}:/home/kaibuchisoma/robocon_ws/install/fruit_detection:/opt/ros/humble /usr/bin/cmake --install /home/kaibuchisoma/robocon_ws/build/sllidar_ros2
