[0.442s] Invoking command in '/home/kaibuchisoma/usbから/RoboconDetectionFruit-master/build/robocon2023_b_dash': CMAKE_PREFIX_PATH=${CMAKE_PREFIX_PATH}:/home/kaibuchisoma/usbから/RoboconDetectionFruit-master/install/fruit_detection:/home/kaibuchisoma/robocon_ws/install/fruit_detection:/opt/ros/humble /usr/bin/cmake /home/kaibuchisoma/usbから/RoboconDetectionFruit-master/src/robocon2023_b_dash -DCMAKE_INSTALL_PREFIX=/home/kaibuchisoma/usbから/RoboconDetectionFruit-master/install/robocon2023_b_dash
[0.491s] -- The C compiler identification is GNU 11.4.0
[0.541s] -- The CXX compiler identification is GNU 11.4.0
[0.548s] -- Detecting C compiler ABI info
[0.610s] -- Detecting C compiler ABI info - done
[0.616s] -- Check for working C compiler: /usr/bin/cc - skipped
[0.616s] -- Detecting C compile features
[0.616s] -- Detecting C compile features - done
[0.619s] -- Detecting CXX compiler ABI info
[0.694s] -- Detecting CXX compiler ABI info - done
[0.700s] -- Check for working CXX compiler: /usr/bin/c++ - skipped
[0.700s] -- Detecting CXX compile features
[0.700s] -- Detecting CXX compile features - done
[0.703s] -- Found ament_cmake: 1.3.5 (/opt/ros/humble/share/ament_cmake/cmake)
[0.849s] -- Found Python3: /usr/bin/python3.10 (found version "3.10.12") found components: Interpreter 
[0.936s] -- Found rclcpp: 16.0.6 (/opt/ros/humble/share/rclcpp/cmake)
[0.983s] -- Found rosidl_generator_c: 3.1.5 (/opt/ros/humble/share/rosidl_generator_c/cmake)
[0.988s] -- Found rosidl_adapter: 3.1.5 (/opt/ros/humble/share/rosidl_adapter/cmake)
[0.996s] -- Found rosidl_generator_cpp: 3.1.5 (/opt/ros/humble/share/rosidl_generator_cpp/cmake)
[1.009s] -- Using all available rosidl_typesupport_c: rosidl_typesupport_fastrtps_c;rosidl_typesupport_introspection_c
[1.027s] -- Using all available rosidl_typesupport_cpp: rosidl_typesupport_fastrtps_cpp;rosidl_typesupport_introspection_cpp
[1.087s] -- Found rmw_implementation_cmake: 6.1.1 (/opt/ros/humble/share/rmw_implementation_cmake/cmake)
[1.090s] -- Found rmw_fastrtps_cpp: 6.2.4 (/opt/ros/humble/share/rmw_fastrtps_cpp/cmake)
[1.183s] -- Found OpenSSL: /usr/lib/x86_64-linux-gnu/libcrypto.so (found version "3.0.2")  
[1.207s] -- Found FastRTPS: /opt/ros/humble/include  
[1.252s] -- Using RMW implementation 'rmw_fastrtps_cpp' as default
[1.262s] -- Looking for pthread.h
[1.329s] -- Looking for pthread.h - found
[1.329s] -- Performing Test CMAKE_HAVE_LIBC_PTHREAD
[1.396s] -- Performing Test CMAKE_HAVE_LIBC_PTHREAD - Success
[1.397s] -- Found Threads: TRUE  
[1.526s] -- Found sensor_msgs: 4.2.3 (/opt/ros/humble/share/sensor_msgs/cmake)
[1.639s] -- Found ament_lint_auto: 0.12.8 (/opt/ros/humble/share/ament_lint_auto/cmake)
[1.709s] -- Added test 'copyright' to check source files copyright and LICENSE
[1.714s] -- Added test 'cppcheck' to perform static code analysis on C / C++ code
[1.714s] -- Configured cppcheck include dirs: 
[1.715s] -- Configured cppcheck exclude dirs and/or files: 
[1.720s] -- Added test 'cpplint' to check C / C++ code against the Google style
[1.720s] -- Configured cpplint exclude dirs and/or files: 
[1.721s] -- Added test 'flake8' to check Python code syntax and style conventions
[1.722s] -- Added test 'lint_cmake' to check CMake code style
[1.723s] -- Added test 'pep257' to check Python code against some of the docstring style conventions in PEP 257
[1.729s] -- Added test 'uncrustify' to check C / C++ code style
[1.729s] -- Configured uncrustify additional arguments: 
[1.730s] -- Added test 'xmllint' to check XML markup files
[1.731s] -- Configuring done
[1.767s] -- Generating done
[1.769s] -- Build files have been written to: /home/kaibuchisoma/usbから/RoboconDetectionFruit-master/build/robocon2023_b_dash
[1.782s] Invoked command in '/home/kaibuchisoma/usbから/RoboconDetectionFruit-master/build/robocon2023_b_dash' returned '0': CMAKE_PREFIX_PATH=${CMAKE_PREFIX_PATH}:/home/kaibuchisoma/usbから/RoboconDetectionFruit-master/install/fruit_detection:/home/kaibuchisoma/robocon_ws/install/fruit_detection:/opt/ros/humble /usr/bin/cmake /home/kaibuchisoma/usbから/RoboconDetectionFruit-master/src/robocon2023_b_dash -DCMAKE_INSTALL_PREFIX=/home/kaibuchisoma/usbから/RoboconDetectionFruit-master/install/robocon2023_b_dash
[1.783s] Invoking command in '/home/kaibuchisoma/usbから/RoboconDetectionFruit-master/build/robocon2023_b_dash': CMAKE_PREFIX_PATH=${CMAKE_PREFIX_PATH}:/home/kaibuchisoma/usbから/RoboconDetectionFruit-master/install/fruit_detection:/home/kaibuchisoma/robocon_ws/install/fruit_detection:/opt/ros/humble /usr/bin/cmake --build /home/kaibuchisoma/usbから/RoboconDetectionFruit-master/build/robocon2023_b_dash -- -j12 -l12
[1.828s] [35m[1mConsolidate compiler generated dependencies of target Drive_Controller[0m
[1.828s] [35m[1mConsolidate compiler generated dependencies of target Upper_Controller[0m
[1.829s] [35m[1mConsolidate compiler generated dependencies of target Solenoid_Controller[0m
[1.829s] [35m[1mConsolidate compiler generated dependencies of target RopeMotion[0m
[1.829s] [35m[1mConsolidate compiler generated dependencies of target BeltLiner_Controller[0m
[1.829s] [35m[1mConsolidate compiler generated dependencies of target Xmove_Controller[0m
[1.829s] [35m[1mConsolidate compiler generated dependencies of target Crawl_Controller[0m
[1.830s] [35m[1mConsolidate compiler generated dependencies of target DriveMotion[0m
[1.833s] [35m[1mConsolidate compiler generated dependencies of target WallUpMotion[0m
[1.835s] [35m[1mConsolidate compiler generated dependencies of target receiver[0m
[1.836s] [35m[1mConsolidate compiler generated dependencies of target SerialKIMD[0m
[1.858s] [  9%] Built target BeltLiner_Controller
[1.858s] [ 18%] Built target RopeMotion
[1.859s] [ 27%] Built target Xmove_Controller
[1.860s] [ 36%] Built target Solenoid_Controller
[1.863s] [ 45%] Built target DriveMotion
[1.864s] [ 54%] Built target Drive_Controller
[1.864s] [ 63%] Built target Crawl_Controller
[1.864s] [ 72%] Built target WallUpMotion
[1.865s] [ 81%] Built target Upper_Controller
[1.867s] [ 90%] Built target SerialKIMD
[1.868s] [100%] Built target receiver
[1.881s] Invoked command in '/home/kaibuchisoma/usbから/RoboconDetectionFruit-master/build/robocon2023_b_dash' returned '0': CMAKE_PREFIX_PATH=${CMAKE_PREFIX_PATH}:/home/kaibuchisoma/usbから/RoboconDetectionFruit-master/install/fruit_detection:/home/kaibuchisoma/robocon_ws/install/fruit_detection:/opt/ros/humble /usr/bin/cmake --build /home/kaibuchisoma/usbから/RoboconDetectionFruit-master/build/robocon2023_b_dash -- -j12 -l12
[1.969s] Invoking command in '/home/kaibuchisoma/usbから/RoboconDetectionFruit-master/build/robocon2023_b_dash': CMAKE_PREFIX_PATH=${CMAKE_PREFIX_PATH}:/home/kaibuchisoma/usbから/RoboconDetectionFruit-master/install/fruit_detection:/home/kaibuchisoma/robocon_ws/install/fruit_detection:/opt/ros/humble /usr/bin/cmake --install /home/kaibuchisoma/usbから/RoboconDetectionFruit-master/build/robocon2023_b_dash
[1.978s] -- Install configuration: ""
[1.978s] -- Up-to-date: /home/kaibuchisoma/usbから/RoboconDetectionFruit-master/install/robocon2023_b_dash/lib/robocon2023_b_dash/SerialKIMD
[1.978s] -- Up-to-date: /home/kaibuchisoma/usbから/RoboconDetectionFruit-master/install/robocon2023_b_dash/lib/robocon2023_b_dash/Xmove_Controller
[1.978s] -- Up-to-date: /home/kaibuchisoma/usbから/RoboconDetectionFruit-master/install/robocon2023_b_dash/lib/robocon2023_b_dash/DriveMotion
[1.979s] -- Up-to-date: /home/kaibuchisoma/usbから/RoboconDetectionFruit-master/install/robocon2023_b_dash/lib/robocon2023_b_dash/Drive_Controller
[1.979s] -- Up-to-date: /home/kaibuchisoma/usbから/RoboconDetectionFruit-master/install/robocon2023_b_dash/lib/robocon2023_b_dash/Upper_Controller
[1.980s] -- Up-to-date: /home/kaibuchisoma/usbから/RoboconDetectionFruit-master/install/robocon2023_b_dash/lib/robocon2023_b_dash/WallUpMotion
[1.980s] -- Up-to-date: /home/kaibuchisoma/usbから/RoboconDetectionFruit-master/install/robocon2023_b_dash/lib/robocon2023_b_dash/Crawl_Controller
[1.980s] -- Up-to-date: /home/kaibuchisoma/usbから/RoboconDetectionFruit-master/install/robocon2023_b_dash/lib/robocon2023_b_dash/Solenoid_Controller
[1.981s] -- Up-to-date: /home/kaibuchisoma/usbから/RoboconDetectionFruit-master/install/robocon2023_b_dash/lib/robocon2023_b_dash/BeltLiner_Controller
[1.981s] -- Up-to-date: /home/kaibuchisoma/usbから/RoboconDetectionFruit-master/install/robocon2023_b_dash/lib/robocon2023_b_dash/RopeMotion
[1.981s] -- Up-to-date: /home/kaibuchisoma/usbから/RoboconDetectionFruit-master/install/robocon2023_b_dash/lib/robocon2023_b_dash/receiver
[1.982s] -- Up-to-date: /home/kaibuchisoma/usbから/RoboconDetectionFruit-master/install/robocon2023_b_dash/share/ament_index/resource_index/package_run_dependencies/robocon2023_b_dash
[1.982s] -- Up-to-date: /home/kaibuchisoma/usbから/RoboconDetectionFruit-master/install/robocon2023_b_dash/share/ament_index/resource_index/parent_prefix_path/robocon2023_b_dash
[1.982s] -- Up-to-date: /home/kaibuchisoma/usbから/RoboconDetectionFruit-master/install/robocon2023_b_dash/share/robocon2023_b_dash/environment/ament_prefix_path.sh
[1.982s] -- Installing: /home/kaibuchisoma/usbから/RoboconDetectionFruit-master/install/robocon2023_b_dash/share/robocon2023_b_dash/environment/ament_prefix_path.dsv
[1.982s] -- Up-to-date: /home/kaibuchisoma/usbから/RoboconDetectionFruit-master/install/robocon2023_b_dash/share/robocon2023_b_dash/environment/path.sh
[1.982s] -- Installing: /home/kaibuchisoma/usbから/RoboconDetectionFruit-master/install/robocon2023_b_dash/share/robocon2023_b_dash/environment/path.dsv
[1.982s] -- Up-to-date: /home/kaibuchisoma/usbから/RoboconDetectionFruit-master/install/robocon2023_b_dash/share/robocon2023_b_dash/local_setup.bash
[1.982s] -- Up-to-date: /home/kaibuchisoma/usbから/RoboconDetectionFruit-master/install/robocon2023_b_dash/share/robocon2023_b_dash/local_setup.sh
[1.983s] -- Up-to-date: /home/kaibuchisoma/usbから/RoboconDetectionFruit-master/install/robocon2023_b_dash/share/robocon2023_b_dash/local_setup.zsh
[1.983s] -- Installing: /home/kaibuchisoma/usbから/RoboconDetectionFruit-master/install/robocon2023_b_dash/share/robocon2023_b_dash/local_setup.dsv
[1.983s] -- Installing: /home/kaibuchisoma/usbから/RoboconDetectionFruit-master/install/robocon2023_b_dash/share/robocon2023_b_dash/package.dsv
[1.983s] -- Up-to-date: /home/kaibuchisoma/usbから/RoboconDetectionFruit-master/install/robocon2023_b_dash/share/ament_index/resource_index/packages/robocon2023_b_dash
[1.983s] -- Up-to-date: /home/kaibuchisoma/usbから/RoboconDetectionFruit-master/install/robocon2023_b_dash/share/robocon2023_b_dash/cmake/robocon2023_b_dashConfig.cmake
[1.983s] -- Up-to-date: /home/kaibuchisoma/usbから/RoboconDetectionFruit-master/install/robocon2023_b_dash/share/robocon2023_b_dash/cmake/robocon2023_b_dashConfig-version.cmake
[1.983s] -- Up-to-date: /home/kaibuchisoma/usbから/RoboconDetectionFruit-master/install/robocon2023_b_dash/share/robocon2023_b_dash/package.xml
[1.986s] Invoked command in '/home/kaibuchisoma/usbから/RoboconDetectionFruit-master/build/robocon2023_b_dash' returned '0': CMAKE_PREFIX_PATH=${CMAKE_PREFIX_PATH}:/home/kaibuchisoma/usbから/RoboconDetectionFruit-master/install/fruit_detection:/home/kaibuchisoma/robocon_ws/install/fruit_detection:/opt/ros/humble /usr/bin/cmake --install /home/kaibuchisoma/usbから/RoboconDetectionFruit-master/build/robocon2023_b_dash
