[0.696s] Invoking command in '/home/roboconb/robocon_ws/src/fruit_detection': PYTHONPATH=/home/roboconb/robocon_ws/build/fruit_detection/prefix_override:/home/roboconb/robocon_ws/install/fruit_detection/lib/python3.10/site-packages:${PYTHONPATH} /usr/bin/python3 setup.py egg_info --egg-base ../../build/fruit_detection build --build-base /home/roboconb/robocon_ws/build/fruit_detection/build install --record /home/roboconb/robocon_ws/build/fruit_detection/install.log --single-version-externally-managed
[0.922s] running egg_info
[0.923s] writing ../../build/fruit_detection/fruit_detection.egg-info/PKG-INFO
[0.923s] writing dependency_links to ../../build/fruit_detection/fruit_detection.egg-info/dependency_links.txt
[0.923s] writing entry points to ../../build/fruit_detection/fruit_detection.egg-info/entry_points.txt
[0.923s] writing requirements to ../../build/fruit_detection/fruit_detection.egg-info/requires.txt
[0.923s] writing top-level names to ../../build/fruit_detection/fruit_detection.egg-info/top_level.txt
[0.925s] reading manifest file '../../build/fruit_detection/fruit_detection.egg-info/SOURCES.txt'
[0.925s] adding license file 'LICENSE'
[0.926s] writing manifest file '../../build/fruit_detection/fruit_detection.egg-info/SOURCES.txt'
[0.926s] running build
[0.926s] running build_py
[0.926s] copying fruit_detection/subscriber_member_function.py -> /home/roboconb/robocon_ws/build/fruit_detection/build/lib/fruit_detection
[0.926s] copying fruit_detection/publisher_member_function.py -> /home/roboconb/robocon_ws/build/fruit_detection/build/lib/fruit_detection
[0.926s] running install
[0.927s] /usr/lib/python3/dist-packages/setuptools/command/install.py:34: SetuptoolsDeprecationWarning: setup.py install is deprecated. Use build and pip and other standards-based tools.
[0.927s]   warnings.warn(
[0.927s] running install_lib
[0.928s] copying /home/roboconb/robocon_ws/build/fruit_detection/build/lib/fruit_detection/subscriber_member_function.py -> /home/roboconb/robocon_ws/install/fruit_detection/lib/python3.10/site-packages/fruit_detection
[0.928s] copying /home/roboconb/robocon_ws/build/fruit_detection/build/lib/fruit_detection/publisher_member_function.py -> /home/roboconb/robocon_ws/install/fruit_detection/lib/python3.10/site-packages/fruit_detection
[0.929s] byte-compiling /home/roboconb/robocon_ws/install/fruit_detection/lib/python3.10/site-packages/fruit_detection/subscriber_member_function.py to subscriber_member_function.cpython-310.pyc
[0.929s] byte-compiling /home/roboconb/robocon_ws/install/fruit_detection/lib/python3.10/site-packages/fruit_detection/publisher_member_function.py to publisher_member_function.cpython-310.pyc
[0.930s] running install_data
[0.931s] running install_egg_info
[0.933s] removing '/home/roboconb/robocon_ws/install/fruit_detection/lib/python3.10/site-packages/fruit_detection-0.0.1-py3.10.egg-info' (and everything under it)
[0.933s] Copying ../../build/fruit_detection/fruit_detection.egg-info to /home/roboconb/robocon_ws/install/fruit_detection/lib/python3.10/site-packages/fruit_detection-0.0.1-py3.10.egg-info
[0.934s] running install_scripts
[0.952s] Installing listener script to /home/roboconb/robocon_ws/install/fruit_detection/lib/fruit_detection
[0.952s] Installing pubdetect script to /home/roboconb/robocon_ws/install/fruit_detection/lib/fruit_detection
[0.953s] Installing talker script to /home/roboconb/robocon_ws/install/fruit_detection/lib/fruit_detection
[0.953s] writing list of installed files to '/home/roboconb/robocon_ws/build/fruit_detection/install.log'
[0.974s] Invoked command in '/home/roboconb/robocon_ws/src/fruit_detection' returned '0': PYTHONPATH=/home/roboconb/robocon_ws/build/fruit_detection/prefix_override:/home/roboconb/robocon_ws/install/fruit_detection/lib/python3.10/site-packages:${PYTHONPATH} /usr/bin/python3 setup.py egg_info --egg-base ../../build/fruit_detection build --build-base /home/roboconb/robocon_ws/build/fruit_detection/build install --record /home/roboconb/robocon_ws/build/fruit_detection/install.log --single-version-externally-managed
