[0.457s] Invoking command in '/home/roboconb/RoboconDetectionFruit-master/build/robocon2023_b_dash': CMAKE_PREFIX_PATH=${CMAKE_PREFIX_PATH}:/home/roboconb/RoboconDetectionFruit-master/install/fruit_detection:/opt/ros/humble /usr/bin/cmake /home/roboconb/RoboconDetectionFruit-master/src/robocon2023_b_dash -DCMAKE_INSTALL_PREFIX=/home/roboconb/RoboconDetectionFruit-master/install/robocon2023_b_dash
[0.514s] -- The C compiler identification is GNU 11.4.0
[0.583s] -- The CXX compiler identification is GNU 11.4.0
[0.591s] -- Detecting C compiler ABI info
[0.668s] -- Detecting C compiler ABI info - done
[0.679s] -- Check for working C compiler: /usr/bin/cc - skipped
[0.679s] -- Detecting C compile features
[0.680s] -- Detecting C compile features - done
[0.683s] -- Detecting CXX compiler ABI info
[0.769s] -- Detecting CXX compiler ABI info - done
[0.786s] -- Check for working CXX compiler: /usr/bin/c++ - skipped
[0.786s] -- Detecting CXX compile features
[0.787s] -- Detecting CXX compile features - done
[0.791s] -- Found ament_cmake: 1.3.5 (/opt/ros/humble/share/ament_cmake/cmake)
[0.983s] -- Found Python3: /usr/bin/python3.10 (found version "3.10.12") found components: Interpreter 
[1.093s] -- Found rclcpp: 16.0.6 (/opt/ros/humble/share/rclcpp/cmake)
[1.147s] -- Found rosidl_generator_c: 3.1.5 (/opt/ros/humble/share/rosidl_generator_c/cmake)
[1.157s] -- Found rosidl_adapter: 3.1.5 (/opt/ros/humble/share/rosidl_adapter/cmake)
[1.169s] -- Found rosidl_generator_cpp: 3.1.5 (/opt/ros/humble/share/rosidl_generator_cpp/cmake)
[1.186s] -- Using all available rosidl_typesupport_c: rosidl_typesupport_fastrtps_c;rosidl_typesupport_introspection_c
[1.208s] -- Using all available rosidl_typesupport_cpp: rosidl_typesupport_fastrtps_cpp;rosidl_typesupport_introspection_cpp
[1.306s] -- Found rmw_implementation_cmake: 6.1.1 (/opt/ros/humble/share/rmw_implementation_cmake/cmake)
[1.308s] -- Found rmw_fastrtps_cpp: 6.2.4 (/opt/ros/humble/share/rmw_fastrtps_cpp/cmake)
[1.408s] -- Found OpenSSL: /usr/lib/x86_64-linux-gnu/libcrypto.so (found version "3.0.2")  
[1.433s] -- Found FastRTPS: /opt/ros/humble/include  
[1.485s] -- Using RMW implementation 'rmw_fastrtps_cpp' as default
[1.495s] -- Looking for pthread.h
[1.568s] -- Looking for pthread.h - found
[1.568s] -- Performing Test CMAKE_HAVE_LIBC_PTHREAD
[1.640s] -- Performing Test CMAKE_HAVE_LIBC_PTHREAD - Success
[1.641s] -- Found Threads: TRUE  
[1.827s] -- Found sensor_msgs: 4.2.3 (/opt/ros/humble/share/sensor_msgs/cmake)
[1.993s] -- Found ament_lint_auto: 0.12.8 (/opt/ros/humble/share/ament_lint_auto/cmake)
[2.079s] -- Added test 'copyright' to check source files copyright and LICENSE
[2.086s] -- Added test 'cppcheck' to perform static code analysis on C / C++ code
[2.086s] -- Configured cppcheck include dirs: 
[2.086s] -- Configured cppcheck exclude dirs and/or files: 
[2.093s] -- Added test 'cpplint' to check C / C++ code against the Google style
[2.094s] -- Configured cpplint exclude dirs and/or files: 
[2.095s] -- Added test 'flake8' to check Python code syntax and style conventions
[2.097s] -- Added test 'lint_cmake' to check CMake code style
[2.098s] -- Added test 'pep257' to check Python code against some of the docstring style conventions in PEP 257
[2.104s] -- Added test 'uncrustify' to check C / C++ code style
[2.105s] -- Configured uncrustify additional arguments: 
[2.106s] -- Added test 'xmllint' to check XML markup files
[2.107s] -- Configuring done
[2.154s] -- Generating done
[2.159s] -- Build files have been written to: /home/roboconb/RoboconDetectionFruit-master/build/robocon2023_b_dash
[2.173s] Invoked command in '/home/roboconb/RoboconDetectionFruit-master/build/robocon2023_b_dash' returned '0': CMAKE_PREFIX_PATH=${CMAKE_PREFIX_PATH}:/home/roboconb/RoboconDetectionFruit-master/install/fruit_detection:/opt/ros/humble /usr/bin/cmake /home/roboconb/RoboconDetectionFruit-master/src/robocon2023_b_dash -DCMAKE_INSTALL_PREFIX=/home/roboconb/RoboconDetectionFruit-master/install/robocon2023_b_dash
[2.174s] Invoking command in '/home/roboconb/RoboconDetectionFruit-master/build/robocon2023_b_dash': CMAKE_PREFIX_PATH=${CMAKE_PREFIX_PATH}:/home/roboconb/RoboconDetectionFruit-master/install/fruit_detection:/opt/ros/humble /usr/bin/cmake --build /home/roboconb/RoboconDetectionFruit-master/build/robocon2023_b_dash -- -j8 -l8
[2.223s] [35m[1mConsolidate compiler generated dependencies of target DriveMotion[0m
[2.223s] [35m[1mConsolidate compiler generated dependencies of target WallUpMotion[0m
[2.224s] [35m[1mConsolidate compiler generated dependencies of target Xmove_Controller[0m
[2.228s] [35m[1mConsolidate compiler generated dependencies of target Drive_Controller[0m
[2.228s] [35m[1mConsolidate compiler generated dependencies of target SerialKIMD[0m
[2.236s] [35m[1mConsolidate compiler generated dependencies of target Crawl_Controller[0m
[2.240s] [35m[1mConsolidate compiler generated dependencies of target Upper_Controller[0m
[2.244s] [35m[1mConsolidate compiler generated dependencies of target Solenoid_Controller[0m
[2.267s] [  9%] Built target SerialKIMD
[2.268s] [ 18%] Built target WallUpMotion
[2.276s] [ 27%] Built target Drive_Controller
[2.279s] [ 40%] Built target DriveMotion
[2.279s] [ 40%] [32mBuilding CXX object CMakeFiles/Xmove_Controller.dir/src/Xmove_Controller.cpp.o[0m
[2.285s] [ 59%] Built target Crawl_Controller
[2.285s] [ 59%] Built target Upper_Controller
[2.290s] [ 68%] Built target Solenoid_Controller
[2.291s] [35m[1mConsolidate compiler generated dependencies of target BeltLiner_Controller[0m
[2.299s] [35m[1mConsolidate compiler generated dependencies of target receiver[0m
[2.302s] [35m[1mConsolidate compiler generated dependencies of target RopeMotion[0m
[2.322s] [ 77%] Built target BeltLiner_Controller
[2.334s] [ 86%] Built target receiver
[2.339s] [ 95%] Built target RopeMotion
[4.880s] In file included from [01m[K/home/roboconb/RoboconDetectionFruit-master/src/robocon2023_b_dash/src/Xmove_Controller.hpp:8[m[K,
[4.880s]                  from [01m[K/home/roboconb/RoboconDetectionFruit-master/src/robocon2023_b_dash/src/Xmove_Controller.cpp:2[m[K:
[4.880s] [01m[K/home/roboconb/RoboconDetectionFruit-master/src/robocon2023_b_dash/src/RoboconMsg/ABU2023_GenericOutput_Header.h:14:16:[m[K [01;35m[Kwarning: [m[KISO C++ prohibits anonymous structs [[01;35m[K]8;;https://gcc.gnu.org/onlinedocs/gcc/Warning-Options.html#index-Wpedantic-Wpedantic]8;;[m[K]
[4.880s]    14 |         struct [01;35m[K{[m[K
[4.880s]       |                [01;35m[K^[m[K
[13.616s] [100%] [32m[1mLinking CXX executable Xmove_Controller[0m
[14.223s] [100%] Built target Xmove_Controller
[14.234s] Invoked command in '/home/roboconb/RoboconDetectionFruit-master/build/robocon2023_b_dash' returned '0': CMAKE_PREFIX_PATH=${CMAKE_PREFIX_PATH}:/home/roboconb/RoboconDetectionFruit-master/install/fruit_detection:/opt/ros/humble /usr/bin/cmake --build /home/roboconb/RoboconDetectionFruit-master/build/robocon2023_b_dash -- -j8 -l8
[14.289s] Invoking command in '/home/roboconb/RoboconDetectionFruit-master/build/robocon2023_b_dash': CMAKE_PREFIX_PATH=${CMAKE_PREFIX_PATH}:/home/roboconb/RoboconDetectionFruit-master/install/fruit_detection:/opt/ros/humble /usr/bin/cmake --install /home/roboconb/RoboconDetectionFruit-master/build/robocon2023_b_dash
[14.298s] -- Install configuration: ""
[14.298s] -- Up-to-date: /home/roboconb/RoboconDetectionFruit-master/install/robocon2023_b_dash/lib/robocon2023_b_dash/SerialKIMD
[14.299s] -- Installing: /home/roboconb/RoboconDetectionFruit-master/install/robocon2023_b_dash/lib/robocon2023_b_dash/Xmove_Controller
[14.307s] -- Set runtime path of "/home/roboconb/RoboconDetectionFruit-master/install/robocon2023_b_dash/lib/robocon2023_b_dash/Xmove_Controller" to ""
[14.308s] -- Up-to-date: /home/roboconb/RoboconDetectionFruit-master/install/robocon2023_b_dash/lib/robocon2023_b_dash/DriveMotion
[14.308s] -- Up-to-date: /home/roboconb/RoboconDetectionFruit-master/install/robocon2023_b_dash/lib/robocon2023_b_dash/Drive_Controller
[14.309s] -- Up-to-date: /home/roboconb/RoboconDetectionFruit-master/install/robocon2023_b_dash/lib/robocon2023_b_dash/Upper_Controller
[14.309s] -- Up-to-date: /home/roboconb/RoboconDetectionFruit-master/install/robocon2023_b_dash/lib/robocon2023_b_dash/WallUpMotion
[14.310s] -- Up-to-date: /home/roboconb/RoboconDetectionFruit-master/install/robocon2023_b_dash/lib/robocon2023_b_dash/Crawl_Controller
[14.310s] -- Up-to-date: /home/roboconb/RoboconDetectionFruit-master/install/robocon2023_b_dash/lib/robocon2023_b_dash/Solenoid_Controller
[14.311s] -- Up-to-date: /home/roboconb/RoboconDetectionFruit-master/install/robocon2023_b_dash/lib/robocon2023_b_dash/BeltLiner_Controller
[14.312s] -- Up-to-date: /home/roboconb/RoboconDetectionFruit-master/install/robocon2023_b_dash/lib/robocon2023_b_dash/RopeMotion
[14.312s] -- Up-to-date: /home/roboconb/RoboconDetectionFruit-master/install/robocon2023_b_dash/lib/robocon2023_b_dash/receiver
[14.312s] -- Up-to-date: /home/roboconb/RoboconDetectionFruit-master/install/robocon2023_b_dash/share/ament_index/resource_index/package_run_dependencies/robocon2023_b_dash
[14.313s] -- Installing: /home/roboconb/RoboconDetectionFruit-master/install/robocon2023_b_dash/share/ament_index/resource_index/parent_prefix_path/robocon2023_b_dash
[14.313s] -- Up-to-date: /home/roboconb/RoboconDetectionFruit-master/install/robocon2023_b_dash/share/robocon2023_b_dash/environment/ament_prefix_path.sh
[14.313s] -- Installing: /home/roboconb/RoboconDetectionFruit-master/install/robocon2023_b_dash/share/robocon2023_b_dash/environment/ament_prefix_path.dsv
[14.313s] -- Up-to-date: /home/roboconb/RoboconDetectionFruit-master/install/robocon2023_b_dash/share/robocon2023_b_dash/environment/path.sh
[14.314s] -- Installing: /home/roboconb/RoboconDetectionFruit-master/install/robocon2023_b_dash/share/robocon2023_b_dash/environment/path.dsv
[14.314s] -- Up-to-date: /home/roboconb/RoboconDetectionFruit-master/install/robocon2023_b_dash/share/robocon2023_b_dash/local_setup.bash
[14.314s] -- Up-to-date: /home/roboconb/RoboconDetectionFruit-master/install/robocon2023_b_dash/share/robocon2023_b_dash/local_setup.sh
[14.314s] -- Up-to-date: /home/roboconb/RoboconDetectionFruit-master/install/robocon2023_b_dash/share/robocon2023_b_dash/local_setup.zsh
[14.314s] -- Installing: /home/roboconb/RoboconDetectionFruit-master/install/robocon2023_b_dash/share/robocon2023_b_dash/local_setup.dsv
[14.314s] -- Installing: /home/roboconb/RoboconDetectionFruit-master/install/robocon2023_b_dash/share/robocon2023_b_dash/package.dsv
[14.315s] -- Up-to-date: /home/roboconb/RoboconDetectionFruit-master/install/robocon2023_b_dash/share/ament_index/resource_index/packages/robocon2023_b_dash
[14.315s] -- Up-to-date: /home/roboconb/RoboconDetectionFruit-master/install/robocon2023_b_dash/share/robocon2023_b_dash/cmake/robocon2023_b_dashConfig.cmake
[14.315s] -- Up-to-date: /home/roboconb/RoboconDetectionFruit-master/install/robocon2023_b_dash/share/robocon2023_b_dash/cmake/robocon2023_b_dashConfig-version.cmake
[14.315s] -- Up-to-date: /home/roboconb/RoboconDetectionFruit-master/install/robocon2023_b_dash/share/robocon2023_b_dash/package.xml
[14.317s] Invoked command in '/home/roboconb/RoboconDetectionFruit-master/build/robocon2023_b_dash' returned '0': CMAKE_PREFIX_PATH=${CMAKE_PREFIX_PATH}:/home/roboconb/RoboconDetectionFruit-master/install/fruit_detection:/opt/ros/humble /usr/bin/cmake --install /home/roboconb/RoboconDetectionFruit-master/build/robocon2023_b_dash
