[1.101s] DEBUG:colcon:Command line arguments: ['/usr/bin/colcon', 'build', '--cmake-clean-cache']
[1.101s] DEBUG:colcon:Parsed command line arguments: Namespace(log_base=None, log_level=None, verb_name='build', build_base='build', install_base='install', merge_install=False, symlink_install=False, test_result_base=None, continue_on_error=False, executor='parallel', parallel_workers=12, event_handlers=None, ignore_user_meta=False, metas=['./colcon.meta'], base_paths=['.'], packages_ignore=None, packages_ignore_regex=None, paths=None, packages_up_to=None, packages_up_to_regex=None, packages_above=None, packages_above_and_dependencies=None, packages_above_depth=None, packages_select_by_dep=None, packages_skip_by_dep=None, packages_skip_up_to=None, packages_select_build_failed=False, packages_skip_build_finished=False, packages_select_test_failures=False, packages_skip_test_passed=False, packages_select=None, packages_skip=None, packages_select_regex=None, packages_skip_regex=None, packages_start=None, packages_end=None, allow_overriding=[], cmake_args=None, cmake_target=None, cmake_target_skip_unavailable=False, cmake_clean_cache=True, cmake_clean_first=False, cmake_force_configure=False, ament_cmake_args=None, catkin_cmake_args=None, catkin_skip_building_tests=False, verb_parser=<colcon_defaults.argument_parser.defaults.DefaultArgumentsDecorator object at 0x7fc1d725d5d0>, verb_extension=<colcon_core.verb.build.BuildVerb object at 0x7fc1d7226fe0>, main=<bound method BuildVerb.main of <colcon_core.verb.build.BuildVerb object at 0x7fc1d7226fe0>>)
[1.157s] Level 1:colcon.colcon_core.package_discovery:discover_packages(colcon_meta) check parameters
[1.157s] Level 1:colcon.colcon_core.package_discovery:discover_packages(recursive) check parameters
[1.158s] Level 1:colcon.colcon_core.package_discovery:discover_packages(ignore) check parameters
[1.158s] Level 1:colcon.colcon_core.package_discovery:discover_packages(path) check parameters
[1.158s] Level 1:colcon.colcon_core.package_discovery:discover_packages(colcon_meta) discover
[1.158s] Level 1:colcon.colcon_core.package_discovery:discover_packages(recursive) discover
[1.158s] INFO:colcon.colcon_core.package_discovery:Crawling recursively for packages in '/home/kaibuchisoma/usbから/RoboconDetectionFruit-master'
[1.158s] Level 1:colcon.colcon_core.package_identification:_identify(.) by extensions ['ignore', 'ignore_ament_install']
[1.158s] Level 1:colcon.colcon_core.package_identification:_identify(.) by extension 'ignore'
[1.158s] Level 1:colcon.colcon_core.package_identification:_identify(.) by extension 'ignore_ament_install'
[1.158s] Level 1:colcon.colcon_core.package_identification:_identify(.) by extensions ['colcon_pkg']
[1.158s] Level 1:colcon.colcon_core.package_identification:_identify(.) by extension 'colcon_pkg'
[1.158s] Level 1:colcon.colcon_core.package_identification:_identify(.) by extensions ['colcon_meta']
[1.158s] Level 1:colcon.colcon_core.package_identification:_identify(.) by extension 'colcon_meta'
[1.158s] Level 1:colcon.colcon_core.package_identification:_identify(.) by extensions ['ros']
[1.158s] Level 1:colcon.colcon_core.package_identification:_identify(.) by extension 'ros'
[1.169s] Level 1:colcon.colcon_core.package_identification:_identify(.) by extensions ['cmake', 'python']
[1.169s] Level 1:colcon.colcon_core.package_identification:_identify(.) by extension 'cmake'
[1.169s] Level 1:colcon.colcon_core.package_identification:_identify(.) by extension 'python'
[1.169s] Level 1:colcon.colcon_core.package_identification:_identify(.) by extensions ['python_setup_py']
[1.169s] Level 1:colcon.colcon_core.package_identification:_identify(.) by extension 'python_setup_py'
[1.169s] Level 1:colcon.colcon_core.package_identification:_identify(build) by extensions ['ignore', 'ignore_ament_install']
[1.169s] Level 1:colcon.colcon_core.package_identification:_identify(build) by extension 'ignore'
[1.169s] Level 1:colcon.colcon_core.package_identification:_identify(build) ignored
[1.170s] Level 1:colcon.colcon_core.package_identification:_identify(install) by extensions ['ignore', 'ignore_ament_install']
[1.170s] Level 1:colcon.colcon_core.package_identification:_identify(install) by extension 'ignore'
[1.170s] Level 1:colcon.colcon_core.package_identification:_identify(install) ignored
[1.170s] Level 1:colcon.colcon_core.package_identification:_identify(log) by extensions ['ignore', 'ignore_ament_install']
[1.170s] Level 1:colcon.colcon_core.package_identification:_identify(log) by extension 'ignore'
[1.170s] Level 1:colcon.colcon_core.package_identification:_identify(log) ignored
[1.170s] Level 1:colcon.colcon_core.package_identification:_identify(src) by extensions ['ignore', 'ignore_ament_install']
[1.171s] Level 1:colcon.colcon_core.package_identification:_identify(src) by extension 'ignore'
[1.171s] Level 1:colcon.colcon_core.package_identification:_identify(src) by extension 'ignore_ament_install'
[1.171s] Level 1:colcon.colcon_core.package_identification:_identify(src) by extensions ['colcon_pkg']
[1.171s] Level 1:colcon.colcon_core.package_identification:_identify(src) by extension 'colcon_pkg'
[1.171s] Level 1:colcon.colcon_core.package_identification:_identify(src) by extensions ['colcon_meta']
[1.171s] Level 1:colcon.colcon_core.package_identification:_identify(src) by extension 'colcon_meta'
[1.171s] Level 1:colcon.colcon_core.package_identification:_identify(src) by extensions ['ros']
[1.171s] Level 1:colcon.colcon_core.package_identification:_identify(src) by extension 'ros'
[1.171s] Level 1:colcon.colcon_core.package_identification:_identify(src) by extensions ['cmake', 'python']
[1.171s] Level 1:colcon.colcon_core.package_identification:_identify(src) by extension 'cmake'
[1.171s] Level 1:colcon.colcon_core.package_identification:_identify(src) by extension 'python'
[1.171s] Level 1:colcon.colcon_core.package_identification:_identify(src) by extensions ['python_setup_py']
[1.171s] Level 1:colcon.colcon_core.package_identification:_identify(src) by extension 'python_setup_py'
[1.171s] Level 1:colcon.colcon_core.package_identification:_identify(src/build) by extensions ['ignore', 'ignore_ament_install']
[1.171s] Level 1:colcon.colcon_core.package_identification:_identify(src/build) by extension 'ignore'
[1.171s] Level 1:colcon.colcon_core.package_identification:_identify(src/build) ignored
[1.171s] Level 1:colcon.colcon_core.package_identification:_identify(src/fruit_detection) by extensions ['ignore', 'ignore_ament_install']
[1.172s] Level 1:colcon.colcon_core.package_identification:_identify(src/fruit_detection) by extension 'ignore'
[1.172s] Level 1:colcon.colcon_core.package_identification:_identify(src/fruit_detection) by extension 'ignore_ament_install'
[1.172s] Level 1:colcon.colcon_core.package_identification:_identify(src/fruit_detection) by extensions ['colcon_pkg']
[1.172s] Level 1:colcon.colcon_core.package_identification:_identify(src/fruit_detection) by extension 'colcon_pkg'
[1.172s] Level 1:colcon.colcon_core.package_identification:_identify(src/fruit_detection) by extensions ['colcon_meta']
[1.172s] Level 1:colcon.colcon_core.package_identification:_identify(src/fruit_detection) by extension 'colcon_meta'
[1.172s] Level 1:colcon.colcon_core.package_identification:_identify(src/fruit_detection) by extensions ['ros']
[1.172s] Level 1:colcon.colcon_core.package_identification:_identify(src/fruit_detection) by extension 'ros'
[1.174s] DEBUG:colcon.colcon_core.package_identification:Package 'src/fruit_detection' with type 'ros.ament_python' and name 'fruit_detection'
[1.174s] Level 1:colcon.colcon_core.package_identification:_identify(src/install) by extensions ['ignore', 'ignore_ament_install']
[1.174s] Level 1:colcon.colcon_core.package_identification:_identify(src/install) by extension 'ignore'
[1.174s] Level 1:colcon.colcon_core.package_identification:_identify(src/install) ignored
[1.174s] Level 1:colcon.colcon_core.package_identification:_identify(src/log) by extensions ['ignore', 'ignore_ament_install']
[1.174s] Level 1:colcon.colcon_core.package_identification:_identify(src/log) by extension 'ignore'
[1.174s] Level 1:colcon.colcon_core.package_identification:_identify(src/log) ignored
[1.175s] Level 1:colcon.colcon_core.package_identification:_identify(src/robocon2023_b_dash) by extensions ['ignore', 'ignore_ament_install']
[1.175s] Level 1:colcon.colcon_core.package_identification:_identify(src/robocon2023_b_dash) by extension 'ignore'
[1.175s] Level 1:colcon.colcon_core.package_identification:_identify(src/robocon2023_b_dash) by extension 'ignore_ament_install'
[1.175s] Level 1:colcon.colcon_core.package_identification:_identify(src/robocon2023_b_dash) by extensions ['colcon_pkg']
[1.175s] Level 1:colcon.colcon_core.package_identification:_identify(src/robocon2023_b_dash) by extension 'colcon_pkg'
[1.175s] Level 1:colcon.colcon_core.package_identification:_identify(src/robocon2023_b_dash) by extensions ['colcon_meta']
[1.175s] Level 1:colcon.colcon_core.package_identification:_identify(src/robocon2023_b_dash) by extension 'colcon_meta'
[1.175s] Level 1:colcon.colcon_core.package_identification:_identify(src/robocon2023_b_dash) by extensions ['ros']
[1.175s] Level 1:colcon.colcon_core.package_identification:_identify(src/robocon2023_b_dash) by extension 'ros'
[1.175s] DEBUG:colcon.colcon_core.package_identification:Package 'src/robocon2023_b_dash' with type 'ros.ament_cmake' and name 'robocon2023_b_dash'
[1.175s] Level 1:colcon.colcon_core.package_identification:_identify(src/ros_to_kimd) by extensions ['ignore', 'ignore_ament_install']
[1.176s] Level 1:colcon.colcon_core.package_identification:_identify(src/ros_to_kimd) by extension 'ignore'
[1.176s] Level 1:colcon.colcon_core.package_identification:_identify(src/ros_to_kimd) by extension 'ignore_ament_install'
[1.176s] Level 1:colcon.colcon_core.package_identification:_identify(src/ros_to_kimd) by extensions ['colcon_pkg']
[1.176s] Level 1:colcon.colcon_core.package_identification:_identify(src/ros_to_kimd) by extension 'colcon_pkg'
[1.176s] Level 1:colcon.colcon_core.package_identification:_identify(src/ros_to_kimd) by extensions ['colcon_meta']
[1.176s] Level 1:colcon.colcon_core.package_identification:_identify(src/ros_to_kimd) by extension 'colcon_meta'
[1.176s] Level 1:colcon.colcon_core.package_identification:_identify(src/ros_to_kimd) by extensions ['ros']
[1.176s] Level 1:colcon.colcon_core.package_identification:_identify(src/ros_to_kimd) by extension 'ros'
[1.176s] DEBUG:colcon.colcon_core.package_identification:Package 'src/ros_to_kimd' with type 'ros.ament_cmake' and name 'ros_to_kimd'
[1.176s] Level 1:colcon.colcon_core.package_discovery:discover_packages(recursive) using defaults
[1.176s] Level 1:colcon.colcon_core.package_discovery:discover_packages(ignore) discover
[1.176s] Level 1:colcon.colcon_core.package_discovery:discover_packages(ignore) using defaults
[1.176s] Level 1:colcon.colcon_core.package_discovery:discover_packages(path) discover
[1.176s] Level 1:colcon.colcon_core.package_discovery:discover_packages(path) using defaults
[1.287s] Level 1:colcon.colcon_core.package_discovery:discover_packages(prefix_path) check parameters
[1.287s] Level 1:colcon.colcon_core.package_discovery:discover_packages(prefix_path) discover
[1.318s] DEBUG:colcon.colcon_installed_package_information.package_discovery:Found 3 installed packages in /home/kaibuchisoma/usbから/RoboconDetectionFruit-master/install
[1.333s] DEBUG:colcon.colcon_installed_package_information.package_discovery:Found 3 installed packages in /home/kaibuchisoma/robocon_ws/install
[1.349s] DEBUG:colcon.colcon_installed_package_information.package_discovery:Found 271 installed packages in /opt/ros/humble
[1.350s] Level 1:colcon.colcon_core.package_discovery:discover_packages(prefix_path) using defaults
[1.449s] Level 5:colcon.colcon_core.verb:set package 'fruit_detection' build argument 'cmake_args' from command line to 'None'
[1.449s] Level 5:colcon.colcon_core.verb:set package 'fruit_detection' build argument 'cmake_target' from command line to 'None'
[1.449s] Level 5:colcon.colcon_core.verb:set package 'fruit_detection' build argument 'cmake_target_skip_unavailable' from command line to 'False'
[1.449s] Level 5:colcon.colcon_core.verb:set package 'fruit_detection' build argument 'cmake_clean_cache' from command line to 'True'
[1.449s] Level 5:colcon.colcon_core.verb:set package 'fruit_detection' build argument 'cmake_clean_first' from command line to 'False'
[1.449s] Level 5:colcon.colcon_core.verb:set package 'fruit_detection' build argument 'cmake_force_configure' from command line to 'False'
[1.449s] Level 5:colcon.colcon_core.verb:set package 'fruit_detection' build argument 'ament_cmake_args' from command line to 'None'
[1.449s] Level 5:colcon.colcon_core.verb:set package 'fruit_detection' build argument 'catkin_cmake_args' from command line to 'None'
[1.449s] Level 5:colcon.colcon_core.verb:set package 'fruit_detection' build argument 'catkin_skip_building_tests' from command line to 'False'
[1.449s] DEBUG:colcon.colcon_core.verb:Building package 'fruit_detection' with the following arguments: {'ament_cmake_args': None, 'build_base': '/home/kaibuchisoma/usbから/RoboconDetectionFruit-master/build/fruit_detection', 'catkin_cmake_args': None, 'catkin_skip_building_tests': False, 'cmake_args': None, 'cmake_clean_cache': True, 'cmake_clean_first': False, 'cmake_force_configure': False, 'cmake_target': None, 'cmake_target_skip_unavailable': False, 'install_base': '/home/kaibuchisoma/usbから/RoboconDetectionFruit-master/install/fruit_detection', 'merge_install': False, 'path': '/home/kaibuchisoma/usbから/RoboconDetectionFruit-master/src/fruit_detection', 'symlink_install': False, 'test_result_base': None}
[1.464s] Level 5:colcon.colcon_core.verb:set package 'robocon2023_b_dash' build argument 'cmake_args' from command line to 'None'
[1.464s] Level 5:colcon.colcon_core.verb:set package 'robocon2023_b_dash' build argument 'cmake_target' from command line to 'None'
[1.464s] Level 5:colcon.colcon_core.verb:set package 'robocon2023_b_dash' build argument 'cmake_target_skip_unavailable' from command line to 'False'
[1.464s] Level 5:colcon.colcon_core.verb:set package 'robocon2023_b_dash' build argument 'cmake_clean_cache' from command line to 'True'
[1.464s] Level 5:colcon.colcon_core.verb:set package 'robocon2023_b_dash' build argument 'cmake_clean_first' from command line to 'False'
[1.464s] Level 5:colcon.colcon_core.verb:set package 'robocon2023_b_dash' build argument 'cmake_force_configure' from command line to 'False'
[1.464s] Level 5:colcon.colcon_core.verb:set package 'robocon2023_b_dash' build argument 'ament_cmake_args' from command line to 'None'
[1.464s] Level 5:colcon.colcon_core.verb:set package 'robocon2023_b_dash' build argument 'catkin_cmake_args' from command line to 'None'
[1.464s] Level 5:colcon.colcon_core.verb:set package 'robocon2023_b_dash' build argument 'catkin_skip_building_tests' from command line to 'False'
[1.464s] DEBUG:colcon.colcon_core.verb:Building package 'robocon2023_b_dash' with the following arguments: {'ament_cmake_args': None, 'build_base': '/home/kaibuchisoma/usbから/RoboconDetectionFruit-master/build/robocon2023_b_dash', 'catkin_cmake_args': None, 'catkin_skip_building_tests': False, 'cmake_args': None, 'cmake_clean_cache': True, 'cmake_clean_first': False, 'cmake_force_configure': False, 'cmake_target': None, 'cmake_target_skip_unavailable': False, 'install_base': '/home/kaibuchisoma/usbから/RoboconDetectionFruit-master/install/robocon2023_b_dash', 'merge_install': False, 'path': '/home/kaibuchisoma/usbから/RoboconDetectionFruit-master/src/robocon2023_b_dash', 'symlink_install': False, 'test_result_base': None}
[1.478s] Level 5:colcon.colcon_core.verb:set package 'ros_to_kimd' build argument 'cmake_args' from command line to 'None'
[1.478s] Level 5:colcon.colcon_core.verb:set package 'ros_to_kimd' build argument 'cmake_target' from command line to 'None'
[1.478s] Level 5:colcon.colcon_core.verb:set package 'ros_to_kimd' build argument 'cmake_target_skip_unavailable' from command line to 'False'
[1.478s] Level 5:colcon.colcon_core.verb:set package 'ros_to_kimd' build argument 'cmake_clean_cache' from command line to 'True'
[1.479s] Level 5:colcon.colcon_core.verb:set package 'ros_to_kimd' build argument 'cmake_clean_first' from command line to 'False'
[1.479s] Level 5:colcon.colcon_core.verb:set package 'ros_to_kimd' build argument 'cmake_force_configure' from command line to 'False'
[1.479s] Level 5:colcon.colcon_core.verb:set package 'ros_to_kimd' build argument 'ament_cmake_args' from command line to 'None'
[1.479s] Level 5:colcon.colcon_core.verb:set package 'ros_to_kimd' build argument 'catkin_cmake_args' from command line to 'None'
[1.479s] Level 5:colcon.colcon_core.verb:set package 'ros_to_kimd' build argument 'catkin_skip_building_tests' from command line to 'False'
[1.479s] DEBUG:colcon.colcon_core.verb:Building package 'ros_to_kimd' with the following arguments: {'ament_cmake_args': None, 'build_base': '/home/kaibuchisoma/usbから/RoboconDetectionFruit-master/build/ros_to_kimd', 'catkin_cmake_args': None, 'catkin_skip_building_tests': False, 'cmake_args': None, 'cmake_clean_cache': True, 'cmake_clean_first': False, 'cmake_force_configure': False, 'cmake_target': None, 'cmake_target_skip_unavailable': False, 'install_base': '/home/kaibuchisoma/usbから/RoboconDetectionFruit-master/install/ros_to_kimd', 'merge_install': False, 'path': '/home/kaibuchisoma/usbから/RoboconDetectionFruit-master/src/ros_to_kimd', 'symlink_install': False, 'test_result_base': None}
[1.493s] INFO:colcon.colcon_core.executor:Executing jobs using 'parallel' executor
[1.512s] DEBUG:colcon.colcon_parallel_executor.executor.parallel:run_until_complete
[1.513s] INFO:colcon.colcon_ros.task.ament_python.build:Building ROS package in '/home/kaibuchisoma/usbから/RoboconDetectionFruit-master/src/fruit_detection' with build type 'ament_python'
[1.513s] Level 1:colcon.colcon_core.shell:create_environment_hook('fruit_detection', 'ament_prefix_path')
[1.537s] INFO:colcon.colcon_core.plugin_system:Skipping extension 'colcon_core.shell.bat': Not used on non-Windows systems
[1.538s] INFO:colcon.colcon_core.shell:Creating environment hook '/home/kaibuchisoma/usbから/RoboconDetectionFruit-master/install/fruit_detection/share/fruit_detection/hook/ament_prefix_path.ps1'
[1.539s] INFO:colcon.colcon_core.shell:Creating environment descriptor '/home/kaibuchisoma/usbから/RoboconDetectionFruit-master/install/fruit_detection/share/fruit_detection/hook/ament_prefix_path.dsv'
[1.539s] INFO:colcon.colcon_core.shell:Creating environment hook '/home/kaibuchisoma/usbから/RoboconDetectionFruit-master/install/fruit_detection/share/fruit_detection/hook/ament_prefix_path.sh'
[1.563s] INFO:colcon.colcon_core.shell:Skip shell extension 'powershell' for command environment: Not usable outside of PowerShell
[1.563s] DEBUG:colcon.colcon_core.shell:Skip shell extension 'dsv' for command environment
[1.631s] INFO:colcon.colcon_ros.task.ament_cmake.build:Building ROS package in '/home/kaibuchisoma/usbから/RoboconDetectionFruit-master/src/robocon2023_b_dash' with build type 'ament_cmake'
[1.631s] INFO:colcon.colcon_cmake.task.cmake.build:Building CMake package in '/home/kaibuchisoma/usbから/RoboconDetectionFruit-master/src/robocon2023_b_dash'
[1.656s] INFO:colcon.colcon_core.shell:Skip shell extension 'powershell' for command environment: Not usable outside of PowerShell
[1.656s] DEBUG:colcon.colcon_core.shell:Skip shell extension 'dsv' for command environment
[1.716s] INFO:colcon.colcon_ros.task.ament_cmake.build:Building ROS package in '/home/kaibuchisoma/usbから/RoboconDetectionFruit-master/src/ros_to_kimd' with build type 'ament_cmake'
[1.716s] INFO:colcon.colcon_cmake.task.cmake.build:Building CMake package in '/home/kaibuchisoma/usbから/RoboconDetectionFruit-master/src/ros_to_kimd'
[1.731s] INFO:colcon.colcon_core.shell:Skip shell extension 'powershell' for command environment: Not usable outside of PowerShell
[1.731s] DEBUG:colcon.colcon_core.shell:Skip shell extension 'dsv' for command environment
[2.160s] INFO:colcon.colcon_core.task.python.build:Building Python package in '/home/kaibuchisoma/usbから/RoboconDetectionFruit-master/src/fruit_detection'
[2.177s] INFO:colcon.colcon_core.shell:Skip shell extension 'powershell' for command environment: Not usable outside of PowerShell
[2.177s] DEBUG:colcon.colcon_core.shell:Skip shell extension 'dsv' for command environment
[2.251s] DEBUG:colcon.colcon_core.event_handler.log_command:Invoking command in '/home/kaibuchisoma/usbから/RoboconDetectionFruit-master/build/robocon2023_b_dash': CMAKE_PREFIX_PATH=${CMAKE_PREFIX_PATH}:/home/kaibuchisoma/usbから/RoboconDetectionFruit-master/install/fruit_detection:/home/kaibuchisoma/robocon_ws/install/fruit_detection:/opt/ros/humble /usr/bin/cmake /home/kaibuchisoma/usbから/RoboconDetectionFruit-master/src/robocon2023_b_dash -DCMAKE_INSTALL_PREFIX=/home/kaibuchisoma/usbから/RoboconDetectionFruit-master/install/robocon2023_b_dash
[2.257s] DEBUG:colcon.colcon_core.event_handler.log_command:Invoking command in '/home/kaibuchisoma/usbから/RoboconDetectionFruit-master/build/ros_to_kimd': CMAKE_PREFIX_PATH=${CMAKE_PREFIX_PATH}:/home/kaibuchisoma/usbから/RoboconDetectionFruit-master/install/fruit_detection:/home/kaibuchisoma/robocon_ws/install/fruit_detection:/opt/ros/humble /usr/bin/cmake /home/kaibuchisoma/usbから/RoboconDetectionFruit-master/src/ros_to_kimd -DCMAKE_INSTALL_PREFIX=/home/kaibuchisoma/usbから/RoboconDetectionFruit-master/install/ros_to_kimd
[2.768s] DEBUG:colcon.colcon_core.event_handler.log_command:Invoking command in '/home/kaibuchisoma/usbから/RoboconDetectionFruit-master/src/fruit_detection': PYTHONPATH=/home/kaibuchisoma/usbから/RoboconDetectionFruit-master/build/fruit_detection/prefix_override:/home/kaibuchisoma/usbから/RoboconDetectionFruit-master/install/fruit_detection/lib/python3.10/site-packages:${PYTHONPATH} /usr/bin/python3 setup.py egg_info --egg-base ../../build/fruit_detection build --build-base /home/kaibuchisoma/usbから/RoboconDetectionFruit-master/build/fruit_detection/build install --record /home/kaibuchisoma/usbから/RoboconDetectionFruit-master/build/fruit_detection/install.log --single-version-externally-managed
[3.140s] DEBUG:colcon.colcon_core.event_handler.log_command:Invoked command in '/home/kaibuchisoma/usbから/RoboconDetectionFruit-master/src/fruit_detection' returned '0': PYTHONPATH=/home/kaibuchisoma/usbから/RoboconDetectionFruit-master/build/fruit_detection/prefix_override:/home/kaibuchisoma/usbから/RoboconDetectionFruit-master/install/fruit_detection/lib/python3.10/site-packages:${PYTHONPATH} /usr/bin/python3 setup.py egg_info --egg-base ../../build/fruit_detection build --build-base /home/kaibuchisoma/usbから/RoboconDetectionFruit-master/build/fruit_detection/build install --record /home/kaibuchisoma/usbから/RoboconDetectionFruit-master/build/fruit_detection/install.log --single-version-externally-managed
[3.172s] Level 1:colcon.colcon_core.environment:checking '/home/kaibuchisoma/usbから/RoboconDetectionFruit-master/install/fruit_detection' for CMake module files
[3.174s] Level 1:colcon.colcon_core.environment:checking '/home/kaibuchisoma/usbから/RoboconDetectionFruit-master/install/fruit_detection' for CMake config files
[3.175s] Level 1:colcon.colcon_core.environment:checking '/home/kaibuchisoma/usbから/RoboconDetectionFruit-master/install/fruit_detection/lib'
[3.175s] Level 1:colcon.colcon_core.environment:checking '/home/kaibuchisoma/usbから/RoboconDetectionFruit-master/install/fruit_detection/bin'
[3.175s] Level 1:colcon.colcon_core.environment:checking '/home/kaibuchisoma/usbから/RoboconDetectionFruit-master/install/fruit_detection/lib/pkgconfig/fruit_detection.pc'
[3.176s] Level 1:colcon.colcon_core.environment:checking '/home/kaibuchisoma/usbから/RoboconDetectionFruit-master/install/fruit_detection/lib/python3.10/site-packages'
[3.176s] Level 1:colcon.colcon_core.shell:create_environment_hook('fruit_detection', 'pythonpath')
[3.206s] INFO:colcon.colcon_core.shell:Creating environment hook '/home/kaibuchisoma/usbから/RoboconDetectionFruit-master/install/fruit_detection/share/fruit_detection/hook/pythonpath.ps1'
[3.207s] INFO:colcon.colcon_core.shell:Creating environment descriptor '/home/kaibuchisoma/usbから/RoboconDetectionFruit-master/install/fruit_detection/share/fruit_detection/hook/pythonpath.dsv'
[3.207s] INFO:colcon.colcon_core.shell:Creating environment hook '/home/kaibuchisoma/usbから/RoboconDetectionFruit-master/install/fruit_detection/share/fruit_detection/hook/pythonpath.sh'
[3.208s] Level 1:colcon.colcon_core.environment:checking '/home/kaibuchisoma/usbから/RoboconDetectionFruit-master/install/fruit_detection/bin'
[3.208s] Level 1:colcon.colcon_core.environment:create_environment_scripts_only(fruit_detection)
[3.239s] INFO:colcon.colcon_core.shell:Creating package script '/home/kaibuchisoma/usbから/RoboconDetectionFruit-master/install/fruit_detection/share/fruit_detection/package.ps1'
[3.241s] INFO:colcon.colcon_core.shell:Creating package descriptor '/home/kaibuchisoma/usbから/RoboconDetectionFruit-master/install/fruit_detection/share/fruit_detection/package.dsv'
[3.242s] INFO:colcon.colcon_core.shell:Creating package script '/home/kaibuchisoma/usbから/RoboconDetectionFruit-master/install/fruit_detection/share/fruit_detection/package.sh'
[3.243s] INFO:colcon.colcon_core.shell:Creating package script '/home/kaibuchisoma/usbから/RoboconDetectionFruit-master/install/fruit_detection/share/fruit_detection/package.bash'
[3.244s] INFO:colcon.colcon_core.shell:Creating package script '/home/kaibuchisoma/usbから/RoboconDetectionFruit-master/install/fruit_detection/share/fruit_detection/package.zsh'
[3.245s] Level 1:colcon.colcon_core.environment:create_file_with_runtime_dependencies(/home/kaibuchisoma/usbから/RoboconDetectionFruit-master/install/fruit_detection/share/colcon-core/packages/fruit_detection)
[4.309s] DEBUG:colcon.colcon_core.event_handler.log_command:Invoked command in '/home/kaibuchisoma/usbから/RoboconDetectionFruit-master/build/ros_to_kimd' returned '0': CMAKE_PREFIX_PATH=${CMAKE_PREFIX_PATH}:/home/kaibuchisoma/usbから/RoboconDetectionFruit-master/install/fruit_detection:/home/kaibuchisoma/robocon_ws/install/fruit_detection:/opt/ros/humble /usr/bin/cmake /home/kaibuchisoma/usbから/RoboconDetectionFruit-master/src/ros_to_kimd -DCMAKE_INSTALL_PREFIX=/home/kaibuchisoma/usbから/RoboconDetectionFruit-master/install/ros_to_kimd
[4.311s] DEBUG:colcon.colcon_core.event_handler.log_command:Invoking command in '/home/kaibuchisoma/usbから/RoboconDetectionFruit-master/build/ros_to_kimd': CMAKE_PREFIX_PATH=${CMAKE_PREFIX_PATH}:/home/kaibuchisoma/usbから/RoboconDetectionFruit-master/install/fruit_detection:/home/kaibuchisoma/robocon_ws/install/fruit_detection:/opt/ros/humble /usr/bin/cmake --build /home/kaibuchisoma/usbから/RoboconDetectionFruit-master/build/ros_to_kimd -- -j12 -l12
[4.404s] DEBUG:colcon.colcon_core.event_handler.log_command:Invoked command in '/home/kaibuchisoma/usbから/RoboconDetectionFruit-master/build/robocon2023_b_dash' returned '0': CMAKE_PREFIX_PATH=${CMAKE_PREFIX_PATH}:/home/kaibuchisoma/usbから/RoboconDetectionFruit-master/install/fruit_detection:/home/kaibuchisoma/robocon_ws/install/fruit_detection:/opt/ros/humble /usr/bin/cmake /home/kaibuchisoma/usbから/RoboconDetectionFruit-master/src/robocon2023_b_dash -DCMAKE_INSTALL_PREFIX=/home/kaibuchisoma/usbから/RoboconDetectionFruit-master/install/robocon2023_b_dash
[4.407s] DEBUG:colcon.colcon_core.event_handler.log_command:Invoking command in '/home/kaibuchisoma/usbから/RoboconDetectionFruit-master/build/robocon2023_b_dash': CMAKE_PREFIX_PATH=${CMAKE_PREFIX_PATH}:/home/kaibuchisoma/usbから/RoboconDetectionFruit-master/install/fruit_detection:/home/kaibuchisoma/robocon_ws/install/fruit_detection:/opt/ros/humble /usr/bin/cmake --build /home/kaibuchisoma/usbから/RoboconDetectionFruit-master/build/robocon2023_b_dash -- -j12 -l12
[4.424s] DEBUG:colcon.colcon_core.event_handler.log_command:Invoked command in '/home/kaibuchisoma/usbから/RoboconDetectionFruit-master/build/ros_to_kimd' returned '0': CMAKE_PREFIX_PATH=${CMAKE_PREFIX_PATH}:/home/kaibuchisoma/usbから/RoboconDetectionFruit-master/install/fruit_detection:/home/kaibuchisoma/robocon_ws/install/fruit_detection:/opt/ros/humble /usr/bin/cmake --build /home/kaibuchisoma/usbから/RoboconDetectionFruit-master/build/ros_to_kimd -- -j12 -l12
[4.545s] DEBUG:colcon.colcon_core.event_handler.log_command:Invoking command in '/home/kaibuchisoma/usbから/RoboconDetectionFruit-master/build/ros_to_kimd': CMAKE_PREFIX_PATH=${CMAKE_PREFIX_PATH}:/home/kaibuchisoma/usbから/RoboconDetectionFruit-master/install/fruit_detection:/home/kaibuchisoma/robocon_ws/install/fruit_detection:/opt/ros/humble /usr/bin/cmake --install /home/kaibuchisoma/usbから/RoboconDetectionFruit-master/build/ros_to_kimd
[4.569s] Level 1:colcon.colcon_core.environment:create_environment_scripts_only(ros_to_kimd)
[4.578s] DEBUG:colcon.colcon_core.event_handler.log_command:Invoked command in '/home/kaibuchisoma/usbから/RoboconDetectionFruit-master/build/ros_to_kimd' returned '0': CMAKE_PREFIX_PATH=${CMAKE_PREFIX_PATH}:/home/kaibuchisoma/usbから/RoboconDetectionFruit-master/install/fruit_detection:/home/kaibuchisoma/robocon_ws/install/fruit_detection:/opt/ros/humble /usr/bin/cmake --install /home/kaibuchisoma/usbから/RoboconDetectionFruit-master/build/ros_to_kimd
[4.617s] Level 1:colcon.colcon_core.environment:checking '/home/kaibuchisoma/usbから/RoboconDetectionFruit-master/install/ros_to_kimd' for CMake module files
[4.618s] Level 1:colcon.colcon_core.environment:checking '/home/kaibuchisoma/usbから/RoboconDetectionFruit-master/install/ros_to_kimd' for CMake config files
[4.618s] Level 1:colcon.colcon_core.shell:create_environment_hook('ros_to_kimd', 'cmake_prefix_path')
[4.656s] INFO:colcon.colcon_core.shell:Creating environment hook '/home/kaibuchisoma/usbから/RoboconDetectionFruit-master/install/ros_to_kimd/share/ros_to_kimd/hook/cmake_prefix_path.ps1'
[4.658s] INFO:colcon.colcon_core.shell:Creating environment descriptor '/home/kaibuchisoma/usbから/RoboconDetectionFruit-master/install/ros_to_kimd/share/ros_to_kimd/hook/cmake_prefix_path.dsv'
[4.659s] INFO:colcon.colcon_core.shell:Creating environment hook '/home/kaibuchisoma/usbから/RoboconDetectionFruit-master/install/ros_to_kimd/share/ros_to_kimd/hook/cmake_prefix_path.sh'
[4.660s] Level 1:colcon.colcon_core.environment:checking '/home/kaibuchisoma/usbから/RoboconDetectionFruit-master/install/ros_to_kimd/lib'
[4.660s] Level 1:colcon.colcon_core.environment:checking '/home/kaibuchisoma/usbから/RoboconDetectionFruit-master/install/ros_to_kimd/bin'
[4.660s] Level 1:colcon.colcon_core.environment:checking '/home/kaibuchisoma/usbから/RoboconDetectionFruit-master/install/ros_to_kimd/lib/pkgconfig/ros_to_kimd.pc'
[4.661s] Level 1:colcon.colcon_core.environment:checking '/home/kaibuchisoma/usbから/RoboconDetectionFruit-master/install/ros_to_kimd/lib/python3.10/site-packages'
[4.661s] Level 1:colcon.colcon_core.environment:checking '/home/kaibuchisoma/usbから/RoboconDetectionFruit-master/install/ros_to_kimd/bin'
[4.693s] INFO:colcon.colcon_core.shell:Creating package script '/home/kaibuchisoma/usbから/RoboconDetectionFruit-master/install/ros_to_kimd/share/ros_to_kimd/package.ps1'
[4.694s] INFO:colcon.colcon_core.shell:Creating package descriptor '/home/kaibuchisoma/usbから/RoboconDetectionFruit-master/install/ros_to_kimd/share/ros_to_kimd/package.dsv'
[4.695s] INFO:colcon.colcon_core.shell:Creating package script '/home/kaibuchisoma/usbから/RoboconDetectionFruit-master/install/ros_to_kimd/share/ros_to_kimd/package.sh'
[4.695s] INFO:colcon.colcon_core.shell:Creating package script '/home/kaibuchisoma/usbから/RoboconDetectionFruit-master/install/ros_to_kimd/share/ros_to_kimd/package.bash'
[4.696s] INFO:colcon.colcon_core.shell:Creating package script '/home/kaibuchisoma/usbから/RoboconDetectionFruit-master/install/ros_to_kimd/share/ros_to_kimd/package.zsh'
[4.696s] Level 1:colcon.colcon_core.environment:create_file_with_runtime_dependencies(/home/kaibuchisoma/usbから/RoboconDetectionFruit-master/install/ros_to_kimd/share/colcon-core/packages/ros_to_kimd)
[4.703s] DEBUG:colcon.colcon_core.event_handler.log_command:Invoked command in '/home/kaibuchisoma/usbから/RoboconDetectionFruit-master/build/robocon2023_b_dash' returned '0': CMAKE_PREFIX_PATH=${CMAKE_PREFIX_PATH}:/home/kaibuchisoma/usbから/RoboconDetectionFruit-master/install/fruit_detection:/home/kaibuchisoma/robocon_ws/install/fruit_detection:/opt/ros/humble /usr/bin/cmake --build /home/kaibuchisoma/usbから/RoboconDetectionFruit-master/build/robocon2023_b_dash -- -j12 -l12
[4.770s] Level 1:colcon.colcon_core.environment:create_environment_scripts_only(ros_to_kimd)
[4.801s] Level 1:colcon.colcon_core.environment:checking '/home/kaibuchisoma/usbから/RoboconDetectionFruit-master/install/ros_to_kimd' for CMake module files
[4.802s] Level 1:colcon.colcon_core.environment:checking '/home/kaibuchisoma/usbから/RoboconDetectionFruit-master/install/ros_to_kimd' for CMake config files
[4.802s] Level 1:colcon.colcon_core.shell:create_environment_hook('ros_to_kimd', 'cmake_prefix_path')
[4.834s] INFO:colcon.colcon_core.shell:Creating environment hook '/home/kaibuchisoma/usbから/RoboconDetectionFruit-master/install/ros_to_kimd/share/ros_to_kimd/hook/cmake_prefix_path.ps1'
[4.835s] INFO:colcon.colcon_core.shell:Creating environment descriptor '/home/kaibuchisoma/usbから/RoboconDetectionFruit-master/install/ros_to_kimd/share/ros_to_kimd/hook/cmake_prefix_path.dsv'
[4.836s] INFO:colcon.colcon_core.shell:Creating environment hook '/home/kaibuchisoma/usbから/RoboconDetectionFruit-master/install/ros_to_kimd/share/ros_to_kimd/hook/cmake_prefix_path.sh'
[4.837s] Level 1:colcon.colcon_core.environment:checking '/home/kaibuchisoma/usbから/RoboconDetectionFruit-master/install/ros_to_kimd/lib'
[4.837s] Level 1:colcon.colcon_core.environment:checking '/home/kaibuchisoma/usbから/RoboconDetectionFruit-master/install/ros_to_kimd/bin'
[4.837s] Level 1:colcon.colcon_core.environment:checking '/home/kaibuchisoma/usbから/RoboconDetectionFruit-master/install/ros_to_kimd/lib/pkgconfig/ros_to_kimd.pc'
[4.838s] Level 1:colcon.colcon_core.environment:checking '/home/kaibuchisoma/usbから/RoboconDetectionFruit-master/install/ros_to_kimd/lib/python3.10/site-packages'
[4.838s] Level 1:colcon.colcon_core.environment:checking '/home/kaibuchisoma/usbから/RoboconDetectionFruit-master/install/ros_to_kimd/bin'
[4.862s] INFO:colcon.colcon_core.shell:Creating package script '/home/kaibuchisoma/usbから/RoboconDetectionFruit-master/install/ros_to_kimd/share/ros_to_kimd/package.ps1'
[4.863s] INFO:colcon.colcon_core.shell:Creating package descriptor '/home/kaibuchisoma/usbから/RoboconDetectionFruit-master/install/ros_to_kimd/share/ros_to_kimd/package.dsv'
[4.864s] INFO:colcon.colcon_core.shell:Creating package script '/home/kaibuchisoma/usbから/RoboconDetectionFruit-master/install/ros_to_kimd/share/ros_to_kimd/package.sh'
[4.865s] INFO:colcon.colcon_core.shell:Creating package script '/home/kaibuchisoma/usbから/RoboconDetectionFruit-master/install/ros_to_kimd/share/ros_to_kimd/package.bash'
[4.866s] INFO:colcon.colcon_core.shell:Creating package script '/home/kaibuchisoma/usbから/RoboconDetectionFruit-master/install/ros_to_kimd/share/ros_to_kimd/package.zsh'
[4.866s] Level 1:colcon.colcon_core.environment:create_file_with_runtime_dependencies(/home/kaibuchisoma/usbから/RoboconDetectionFruit-master/install/ros_to_kimd/share/colcon-core/packages/ros_to_kimd)
[4.870s] DEBUG:colcon.colcon_core.event_handler.log_command:Invoking command in '/home/kaibuchisoma/usbから/RoboconDetectionFruit-master/build/robocon2023_b_dash': CMAKE_PREFIX_PATH=${CMAKE_PREFIX_PATH}:/home/kaibuchisoma/usbから/RoboconDetectionFruit-master/install/fruit_detection:/home/kaibuchisoma/robocon_ws/install/fruit_detection:/opt/ros/humble /usr/bin/cmake --install /home/kaibuchisoma/usbから/RoboconDetectionFruit-master/build/robocon2023_b_dash
[4.894s] Level 1:colcon.colcon_core.environment:create_environment_scripts_only(robocon2023_b_dash)
[4.895s] DEBUG:colcon.colcon_core.event_handler.log_command:Invoked command in '/home/kaibuchisoma/usbから/RoboconDetectionFruit-master/build/robocon2023_b_dash' returned '0': CMAKE_PREFIX_PATH=${CMAKE_PREFIX_PATH}:/home/kaibuchisoma/usbから/RoboconDetectionFruit-master/install/fruit_detection:/home/kaibuchisoma/robocon_ws/install/fruit_detection:/opt/ros/humble /usr/bin/cmake --install /home/kaibuchisoma/usbから/RoboconDetectionFruit-master/build/robocon2023_b_dash
[4.916s] Level 1:colcon.colcon_core.environment:checking '/home/kaibuchisoma/usbから/RoboconDetectionFruit-master/install/robocon2023_b_dash' for CMake module files
[4.917s] Level 1:colcon.colcon_core.environment:checking '/home/kaibuchisoma/usbから/RoboconDetectionFruit-master/install/robocon2023_b_dash' for CMake config files
[4.918s] Level 1:colcon.colcon_core.shell:create_environment_hook('robocon2023_b_dash', 'cmake_prefix_path')
[4.941s] INFO:colcon.colcon_core.shell:Creating environment hook '/home/kaibuchisoma/usbから/RoboconDetectionFruit-master/install/robocon2023_b_dash/share/robocon2023_b_dash/hook/cmake_prefix_path.ps1'
[4.942s] INFO:colcon.colcon_core.shell:Creating environment descriptor '/home/kaibuchisoma/usbから/RoboconDetectionFruit-master/install/robocon2023_b_dash/share/robocon2023_b_dash/hook/cmake_prefix_path.dsv'
[4.942s] INFO:colcon.colcon_core.shell:Creating environment hook '/home/kaibuchisoma/usbから/RoboconDetectionFruit-master/install/robocon2023_b_dash/share/robocon2023_b_dash/hook/cmake_prefix_path.sh'
[4.943s] Level 1:colcon.colcon_core.environment:checking '/home/kaibuchisoma/usbから/RoboconDetectionFruit-master/install/robocon2023_b_dash/lib'
[4.943s] Level 1:colcon.colcon_core.environment:checking '/home/kaibuchisoma/usbから/RoboconDetectionFruit-master/install/robocon2023_b_dash/bin'
[4.943s] Level 1:colcon.colcon_core.environment:checking '/home/kaibuchisoma/usbから/RoboconDetectionFruit-master/install/robocon2023_b_dash/lib/pkgconfig/robocon2023_b_dash.pc'
[4.944s] Level 1:colcon.colcon_core.environment:checking '/home/kaibuchisoma/usbから/RoboconDetectionFruit-master/install/robocon2023_b_dash/lib/python3.10/site-packages'
[4.944s] Level 1:colcon.colcon_core.environment:checking '/home/kaibuchisoma/usbから/RoboconDetectionFruit-master/install/robocon2023_b_dash/bin'
[4.977s] INFO:colcon.colcon_core.shell:Creating package script '/home/kaibuchisoma/usbから/RoboconDetectionFruit-master/install/robocon2023_b_dash/share/robocon2023_b_dash/package.ps1'
[4.978s] INFO:colcon.colcon_core.shell:Creating package descriptor '/home/kaibuchisoma/usbから/RoboconDetectionFruit-master/install/robocon2023_b_dash/share/robocon2023_b_dash/package.dsv'
[4.979s] INFO:colcon.colcon_core.shell:Creating package script '/home/kaibuchisoma/usbから/RoboconDetectionFruit-master/install/robocon2023_b_dash/share/robocon2023_b_dash/package.sh'
[4.979s] INFO:colcon.colcon_core.shell:Creating package script '/home/kaibuchisoma/usbから/RoboconDetectionFruit-master/install/robocon2023_b_dash/share/robocon2023_b_dash/package.bash'
[4.980s] INFO:colcon.colcon_core.shell:Creating package script '/home/kaibuchisoma/usbから/RoboconDetectionFruit-master/install/robocon2023_b_dash/share/robocon2023_b_dash/package.zsh'
[4.981s] Level 1:colcon.colcon_core.environment:create_file_with_runtime_dependencies(/home/kaibuchisoma/usbから/RoboconDetectionFruit-master/install/robocon2023_b_dash/share/colcon-core/packages/robocon2023_b_dash)
[5.101s] Level 1:colcon.colcon_core.environment:create_environment_scripts_only(robocon2023_b_dash)
[5.134s] Level 1:colcon.colcon_core.environment:checking '/home/kaibuchisoma/usbから/RoboconDetectionFruit-master/install/robocon2023_b_dash' for CMake module files
[5.135s] Level 1:colcon.colcon_core.environment:checking '/home/kaibuchisoma/usbから/RoboconDetectionFruit-master/install/robocon2023_b_dash' for CMake config files
[5.135s] Level 1:colcon.colcon_core.shell:create_environment_hook('robocon2023_b_dash', 'cmake_prefix_path')
[5.168s] INFO:colcon.colcon_core.shell:Creating environment hook '/home/kaibuchisoma/usbから/RoboconDetectionFruit-master/install/robocon2023_b_dash/share/robocon2023_b_dash/hook/cmake_prefix_path.ps1'
[5.169s] INFO:colcon.colcon_core.shell:Creating environment descriptor '/home/kaibuchisoma/usbから/RoboconDetectionFruit-master/install/robocon2023_b_dash/share/robocon2023_b_dash/hook/cmake_prefix_path.dsv'
[5.170s] INFO:colcon.colcon_core.shell:Creating environment hook '/home/kaibuchisoma/usbから/RoboconDetectionFruit-master/install/robocon2023_b_dash/share/robocon2023_b_dash/hook/cmake_prefix_path.sh'
[5.171s] Level 1:colcon.colcon_core.environment:checking '/home/kaibuchisoma/usbから/RoboconDetectionFruit-master/install/robocon2023_b_dash/lib'
[5.171s] Level 1:colcon.colcon_core.environment:checking '/home/kaibuchisoma/usbから/RoboconDetectionFruit-master/install/robocon2023_b_dash/bin'
[5.171s] Level 1:colcon.colcon_core.environment:checking '/home/kaibuchisoma/usbから/RoboconDetectionFruit-master/install/robocon2023_b_dash/lib/pkgconfig/robocon2023_b_dash.pc'
[5.171s] Level 1:colcon.colcon_core.environment:checking '/home/kaibuchisoma/usbから/RoboconDetectionFruit-master/install/robocon2023_b_dash/lib/python3.10/site-packages'
[5.172s] Level 1:colcon.colcon_core.environment:checking '/home/kaibuchisoma/usbから/RoboconDetectionFruit-master/install/robocon2023_b_dash/bin'
[5.204s] INFO:colcon.colcon_core.shell:Creating package script '/home/kaibuchisoma/usbから/RoboconDetectionFruit-master/install/robocon2023_b_dash/share/robocon2023_b_dash/package.ps1'
[5.205s] INFO:colcon.colcon_core.shell:Creating package descriptor '/home/kaibuchisoma/usbから/RoboconDetectionFruit-master/install/robocon2023_b_dash/share/robocon2023_b_dash/package.dsv'
[5.206s] INFO:colcon.colcon_core.shell:Creating package script '/home/kaibuchisoma/usbから/RoboconDetectionFruit-master/install/robocon2023_b_dash/share/robocon2023_b_dash/package.sh'
[5.206s] INFO:colcon.colcon_core.shell:Creating package script '/home/kaibuchisoma/usbから/RoboconDetectionFruit-master/install/robocon2023_b_dash/share/robocon2023_b_dash/package.bash'
[5.207s] INFO:colcon.colcon_core.shell:Creating package script '/home/kaibuchisoma/usbから/RoboconDetectionFruit-master/install/robocon2023_b_dash/share/robocon2023_b_dash/package.zsh'
[5.208s] Level 1:colcon.colcon_core.environment:create_file_with_runtime_dependencies(/home/kaibuchisoma/usbから/RoboconDetectionFruit-master/install/robocon2023_b_dash/share/colcon-core/packages/robocon2023_b_dash)
[5.208s] DEBUG:colcon.colcon_parallel_executor.executor.parallel:closing loop
[5.209s] DEBUG:colcon.colcon_parallel_executor.executor.parallel:loop closed
[5.209s] DEBUG:colcon.colcon_parallel_executor.executor.parallel:run_until_complete finished with '0'
[5.209s] DEBUG:colcon.colcon_core.event_reactor:joining thread
[5.241s] INFO:colcon.colcon_core.plugin_system:Skipping extension 'colcon_notification.desktop_notification.terminal_notifier': Not used on non-Darwin systems
[5.241s] INFO:colcon.colcon_core.plugin_system:Skipping extension 'colcon_notification.desktop_notification.win32': Not used on non-Windows systems
[5.241s] INFO:colcon.colcon_notification.desktop_notification:Sending desktop notification using 'notify2'
[5.257s] DEBUG:colcon.colcon_core.event_reactor:joined thread
[5.283s] INFO:colcon.colcon_core.shell:Creating prefix script '/home/kaibuchisoma/usbから/RoboconDetectionFruit-master/install/local_setup.ps1'
[5.284s] INFO:colcon.colcon_core.shell:Creating prefix util module '/home/kaibuchisoma/usbから/RoboconDetectionFruit-master/install/_local_setup_util_ps1.py'
[5.287s] INFO:colcon.colcon_core.shell:Creating prefix chain script '/home/kaibuchisoma/usbから/RoboconDetectionFruit-master/install/setup.ps1'
[5.315s] INFO:colcon.colcon_core.shell:Creating prefix script '/home/kaibuchisoma/usbから/RoboconDetectionFruit-master/install/local_setup.sh'
[5.316s] INFO:colcon.colcon_core.shell:Creating prefix util module '/home/kaibuchisoma/usbから/RoboconDetectionFruit-master/install/_local_setup_util_sh.py'
[5.317s] INFO:colcon.colcon_core.shell:Creating prefix chain script '/home/kaibuchisoma/usbから/RoboconDetectionFruit-master/install/setup.sh'
[5.345s] INFO:colcon.colcon_core.shell:Creating prefix script '/home/kaibuchisoma/usbから/RoboconDetectionFruit-master/install/local_setup.bash'
[5.346s] INFO:colcon.colcon_core.shell:Creating prefix chain script '/home/kaibuchisoma/usbから/RoboconDetectionFruit-master/install/setup.bash'
[5.382s] INFO:colcon.colcon_core.shell:Creating prefix script '/home/kaibuchisoma/usbから/RoboconDetectionFruit-master/install/local_setup.zsh'
[5.383s] INFO:colcon.colcon_core.shell:Creating prefix chain script '/home/kaibuchisoma/usbから/RoboconDetectionFruit-master/install/setup.zsh'
