[1.016s] Invoking command in '/home/kaibuchisoma/robocon_ws/build/robocon2023_b_dash': CMAKE_PREFIX_PATH=${CMAKE_PREFIX_PATH}:/opt/ros/humble /usr/bin/cmake /home/kaibuchisoma/robocon_ws/src/robocon2023_b_dash -DCMAKE_INSTALL_PREFIX=/home/kaibuchisoma/robocon_ws/install/robocon2023_b_dash
[1.127s] -- The C compiler identification is GNU 11.4.0
[1.292s] -- The CXX compiler identification is GNU 11.4.0
[1.318s] -- Detecting C compiler ABI info
[1.464s] -- Detecting C compiler ABI info - done
[1.478s] -- Check for working C compiler: /usr/bin/cc - skipped
[1.478s] -- Detecting C compile features
[1.479s] -- Detecting C compile features - done
[1.485s] -- Detecting CXX compiler ABI info
[1.675s] -- Detecting CXX compiler ABI info - done
[1.702s] -- Check for working CXX compiler: /usr/bin/c++ - skipped
[1.703s] -- Detecting CXX compile features
[1.704s] -- Detecting CXX compile features - done
[1.711s] -- Found ament_cmake: 1.3.5 (/opt/ros/humble/share/ament_cmake/cmake)
[2.121s] -- Found Python3: /usr/bin/python3.10 (found version "3.10.12") found components: Interpreter 
[2.346s] -- Found rclcpp: 16.0.6 (/opt/ros/humble/share/rclcpp/cmake)
[2.434s] -- Found rosidl_generator_c: 3.1.5 (/opt/ros/humble/share/rosidl_generator_c/cmake)
[2.445s] -- Found rosidl_adapter: 3.1.5 (/opt/ros/humble/share/rosidl_adapter/cmake)
[2.462s] -- Found rosidl_generator_cpp: 3.1.5 (/opt/ros/humble/share/rosidl_generator_cpp/cmake)
[2.490s] -- Using all available rosidl_typesupport_c: rosidl_typesupport_fastrtps_c;rosidl_typesupport_introspection_c
[2.546s] -- Using all available rosidl_typesupport_cpp: rosidl_typesupport_fastrtps_cpp;rosidl_typesupport_introspection_cpp
[2.671s] -- Found rmw_implementation_cmake: 6.1.1 (/opt/ros/humble/share/rmw_implementation_cmake/cmake)
[2.677s] -- Found rmw_fastrtps_cpp: 6.2.4 (/opt/ros/humble/share/rmw_fastrtps_cpp/cmake)
[2.905s] -- Found OpenSSL: /usr/lib/x86_64-linux-gnu/libcrypto.so (found version "3.0.2")  
[2.960s] -- Found FastRTPS: /opt/ros/humble/include  
[3.050s] -- Using RMW implementation 'rmw_fastrtps_cpp' as default
[3.070s] -- Looking for pthread.h
[3.207s] -- Looking for pthread.h - found
[3.208s] -- Performing Test CMAKE_HAVE_LIBC_PTHREAD
[3.392s] -- Performing Test CMAKE_HAVE_LIBC_PTHREAD - Success
[3.395s] -- Found Threads: TRUE  
[3.806s] -- Found sensor_msgs: 4.2.3 (/opt/ros/humble/share/sensor_msgs/cmake)
[4.081s] -- Found ament_lint_auto: 0.12.8 (/opt/ros/humble/share/ament_lint_auto/cmake)
[4.240s] -- Added test 'copyright' to check source files copyright and LICENSE
[4.290s] -- Added test 'cppcheck' to perform static code analysis on C / C++ code
[4.291s] -- Configured cppcheck include dirs: 
[4.292s] -- Configured cppcheck exclude dirs and/or files: 
[4.343s] -- Added test 'cpplint' to check C / C++ code against the Google style
[4.344s] -- Configured cpplint exclude dirs and/or files: 
[4.350s] -- Added test 'flake8' to check Python code syntax and style conventions
[4.365s] -- Added test 'lint_cmake' to check CMake code style
[4.376s] -- Added test 'pep257' to check Python code against some of the docstring style conventions in PEP 257
[4.421s] -- Added test 'uncrustify' to check C / C++ code style
[4.422s] -- Configured uncrustify additional arguments: 
[4.429s] -- Added test 'xmllint' to check XML markup files
[4.437s] -- Configuring done
[4.545s] -- Generating done
[4.551s] -- Build files have been written to: /home/kaibuchisoma/robocon_ws/build/robocon2023_b_dash
[4.626s] Invoked command in '/home/kaibuchisoma/robocon_ws/build/robocon2023_b_dash' returned '0': CMAKE_PREFIX_PATH=${CMAKE_PREFIX_PATH}:/opt/ros/humble /usr/bin/cmake /home/kaibuchisoma/robocon_ws/src/robocon2023_b_dash -DCMAKE_INSTALL_PREFIX=/home/kaibuchisoma/robocon_ws/install/robocon2023_b_dash
[4.627s] Invoking command in '/home/kaibuchisoma/robocon_ws/build/robocon2023_b_dash': CMAKE_PREFIX_PATH=${CMAKE_PREFIX_PATH}:/opt/ros/humble /usr/bin/cmake --build /home/kaibuchisoma/robocon_ws/build/robocon2023_b_dash -- -j12 -l12
[4.698s] [35m[1mConsolidate compiler generated dependencies of target SerialKIMD[0m
[4.741s] [  7%] Built target SerialKIMD
[4.784s] [35m[1mConsolidate compiler generated dependencies of target KiwiMotion[0m
[4.833s] [ 14%] Built target KiwiMotion
[4.850s] [35m[1mConsolidate compiler generated dependencies of target Transmitter920[0m
[4.893s] [ 21%] Built target Transmitter920
[4.915s] [35m[1mConsolidate compiler generated dependencies of target Receiver920[0m
[4.970s] [ 28%] Built target Receiver920
[5.015s] [35m[1mConsolidate compiler generated dependencies of target MotionMaster[0m
[5.059s] [ 35%] Built target MotionMaster
[5.079s] [35m[1mConsolidate compiler generated dependencies of target RopeMotion[0m
[5.132s] [ 42%] Built target RopeMotion
[5.155s] [35m[1mConsolidate compiler generated dependencies of target BeltLiner_Controller[0m
[5.196s] [ 50%] Built target BeltLiner_Controller
[5.221s] [35m[1mConsolidate compiler generated dependencies of target Solenoid_Controller[0m
[5.276s] [ 57%] Built target Solenoid_Controller
[5.294s] [35m[1mConsolidate compiler generated dependencies of target Crawl_Controller[0m
[5.329s] [ 64%] Built target Crawl_Controller
[5.345s] [35m[1mConsolidate compiler generated dependencies of target WallUpMotion[0m
[5.377s] [ 71%] Built target WallUpMotion
[5.392s] [35m[1mConsolidate compiler generated dependencies of target Upper_Controller[0m
[5.422s] [ 78%] Built target Upper_Controller
[5.438s] [35m[1mConsolidate compiler generated dependencies of target Drive_Controller[0m
[5.469s] [ 85%] Built target Drive_Controller
[5.488s] [35m[1mConsolidate compiler generated dependencies of target DriveMotion[0m
[5.530s] [ 92%] Built target DriveMotion
[5.550s] [35m[1mConsolidate compiler generated dependencies of target Xmove_Controller[0m
[5.586s] [100%] Built target Xmove_Controller
[5.890s] Invoked command in '/home/kaibuchisoma/robocon_ws/build/robocon2023_b_dash' returned '0': CMAKE_PREFIX_PATH=${CMAKE_PREFIX_PATH}:/opt/ros/humble /usr/bin/cmake --build /home/kaibuchisoma/robocon_ws/build/robocon2023_b_dash -- -j12 -l12
[5.979s] Invoking command in '/home/kaibuchisoma/robocon_ws/build/robocon2023_b_dash': CMAKE_PREFIX_PATH=${CMAKE_PREFIX_PATH}:/opt/ros/humble /usr/bin/cmake --install /home/kaibuchisoma/robocon_ws/build/robocon2023_b_dash
[5.993s] -- Install configuration: ""
[5.993s] -- Up-to-date: /home/kaibuchisoma/robocon_ws/install/robocon2023_b_dash/lib/robocon2023_b_dash/SerialKIMD
[5.994s] -- Up-to-date: /home/kaibuchisoma/robocon_ws/install/robocon2023_b_dash/lib/robocon2023_b_dash/Xmove_Controller
[5.994s] -- Up-to-date: /home/kaibuchisoma/robocon_ws/install/robocon2023_b_dash/lib/robocon2023_b_dash/DriveMotion
[5.995s] -- Up-to-date: /home/kaibuchisoma/robocon_ws/install/robocon2023_b_dash/lib/robocon2023_b_dash/Drive_Controller
[5.995s] -- Up-to-date: /home/kaibuchisoma/robocon_ws/install/robocon2023_b_dash/lib/robocon2023_b_dash/Upper_Controller
[5.996s] -- Up-to-date: /home/kaibuchisoma/robocon_ws/install/robocon2023_b_dash/lib/robocon2023_b_dash/WallUpMotion
[5.997s] -- Up-to-date: /home/kaibuchisoma/robocon_ws/install/robocon2023_b_dash/lib/robocon2023_b_dash/Crawl_Controller
[5.997s] -- Up-to-date: /home/kaibuchisoma/robocon_ws/install/robocon2023_b_dash/lib/robocon2023_b_dash/Solenoid_Controller
[5.998s] -- Up-to-date: /home/kaibuchisoma/robocon_ws/install/robocon2023_b_dash/lib/robocon2023_b_dash/BeltLiner_Controller
[5.998s] -- Up-to-date: /home/kaibuchisoma/robocon_ws/install/robocon2023_b_dash/lib/robocon2023_b_dash/RopeMotion
[5.999s] -- Up-to-date: /home/kaibuchisoma/robocon_ws/install/robocon2023_b_dash/lib/robocon2023_b_dash/MotionMaster
[5.999s] -- Up-to-date: /home/kaibuchisoma/robocon_ws/install/robocon2023_b_dash/lib/robocon2023_b_dash/KiwiMotion
[6.000s] -- Up-to-date: /home/kaibuchisoma/robocon_ws/install/robocon2023_b_dash/lib/robocon2023_b_dash/Transmitter920
[6.000s] -- Up-to-date: /home/kaibuchisoma/robocon_ws/install/robocon2023_b_dash/lib/robocon2023_b_dash/Receiver920
[6.001s] -- Up-to-date: /home/kaibuchisoma/robocon_ws/install/robocon2023_b_dash/share/ament_index/resource_index/package_run_dependencies/robocon2023_b_dash
[6.001s] -- Up-to-date: /home/kaibuchisoma/robocon_ws/install/robocon2023_b_dash/share/ament_index/resource_index/parent_prefix_path/robocon2023_b_dash
[6.001s] -- Up-to-date: /home/kaibuchisoma/robocon_ws/install/robocon2023_b_dash/share/robocon2023_b_dash/environment/ament_prefix_path.sh
[6.001s] -- Installing: /home/kaibuchisoma/robocon_ws/install/robocon2023_b_dash/share/robocon2023_b_dash/environment/ament_prefix_path.dsv
[6.002s] -- Up-to-date: /home/kaibuchisoma/robocon_ws/install/robocon2023_b_dash/share/robocon2023_b_dash/environment/path.sh
[6.002s] -- Installing: /home/kaibuchisoma/robocon_ws/install/robocon2023_b_dash/share/robocon2023_b_dash/environment/path.dsv
[6.002s] -- Up-to-date: /home/kaibuchisoma/robocon_ws/install/robocon2023_b_dash/share/robocon2023_b_dash/local_setup.bash
[6.002s] -- Up-to-date: /home/kaibuchisoma/robocon_ws/install/robocon2023_b_dash/share/robocon2023_b_dash/local_setup.sh
[6.002s] -- Up-to-date: /home/kaibuchisoma/robocon_ws/install/robocon2023_b_dash/share/robocon2023_b_dash/local_setup.zsh
[6.002s] -- Installing: /home/kaibuchisoma/robocon_ws/install/robocon2023_b_dash/share/robocon2023_b_dash/local_setup.dsv
[6.003s] -- Installing: /home/kaibuchisoma/robocon_ws/install/robocon2023_b_dash/share/robocon2023_b_dash/package.dsv
[6.003s] -- Up-to-date: /home/kaibuchisoma/robocon_ws/install/robocon2023_b_dash/share/ament_index/resource_index/packages/robocon2023_b_dash
[6.003s] -- Up-to-date: /home/kaibuchisoma/robocon_ws/install/robocon2023_b_dash/share/robocon2023_b_dash/cmake/robocon2023_b_dashConfig.cmake
[6.003s] -- Up-to-date: /home/kaibuchisoma/robocon_ws/install/robocon2023_b_dash/share/robocon2023_b_dash/cmake/robocon2023_b_dashConfig-version.cmake
[6.003s] -- Up-to-date: /home/kaibuchisoma/robocon_ws/install/robocon2023_b_dash/share/robocon2023_b_dash/package.xml
[6.006s] Invoked command in '/home/kaibuchisoma/robocon_ws/build/robocon2023_b_dash' returned '0': CMAKE_PREFIX_PATH=${CMAKE_PREFIX_PATH}:/opt/ros/humble /usr/bin/cmake --install /home/kaibuchisoma/robocon_ws/build/robocon2023_b_dash
