[1.186s] DEBUG:colcon:Command line arguments: ['/usr/bin/colcon', 'build']
[1.186s] DEBUG:colcon:Parsed command line arguments: Namespace(log_base=None, log_level=None, verb_name='build', build_base='build', install_base='install', merge_install=False, symlink_install=False, test_result_base=None, continue_on_error=False, executor='parallel', parallel_workers=12, event_handlers=None, ignore_user_meta=False, metas=['./colcon.meta'], base_paths=['.'], packages_ignore=None, packages_ignore_regex=None, paths=None, packages_up_to=None, packages_up_to_regex=None, packages_above=None, packages_above_and_dependencies=None, packages_above_depth=None, packages_select_by_dep=None, packages_skip_by_dep=None, packages_skip_up_to=None, packages_select_build_failed=False, packages_skip_build_finished=False, packages_select_test_failures=False, packages_skip_test_passed=False, packages_select=None, packages_skip=None, packages_select_regex=None, packages_skip_regex=None, packages_start=None, packages_end=None, allow_overriding=[], cmake_args=None, cmake_target=None, cmake_target_skip_unavailable=False, cmake_clean_cache=False, cmake_clean_first=False, cmake_force_configure=False, ament_cmake_args=None, catkin_cmake_args=None, catkin_skip_building_tests=False, verb_parser=<colcon_defaults.argument_parser.defaults.DefaultArgumentsDecorator object at 0x7fcf7d877bb0>, verb_extension=<colcon_core.verb.build.BuildVerb object at 0x7fcf7d842e90>, main=<bound method BuildVerb.main of <colcon_core.verb.build.BuildVerb object at 0x7fcf7d842e90>>)
[1.242s] Level 1:colcon.colcon_core.package_discovery:discover_packages(colcon_meta) check parameters
[1.242s] Level 1:colcon.colcon_core.package_discovery:discover_packages(recursive) check parameters
[1.242s] Level 1:colcon.colcon_core.package_discovery:discover_packages(ignore) check parameters
[1.242s] Level 1:colcon.colcon_core.package_discovery:discover_packages(path) check parameters
[1.242s] Level 1:colcon.colcon_core.package_discovery:discover_packages(colcon_meta) discover
[1.242s] Level 1:colcon.colcon_core.package_discovery:discover_packages(recursive) discover
[1.242s] INFO:colcon.colcon_core.package_discovery:Crawling recursively for packages in '/home/kaibuchisoma/robocon_ws'
[1.242s] Level 1:colcon.colcon_core.package_identification:_identify(.) by extensions ['ignore', 'ignore_ament_install']
[1.242s] Level 1:colcon.colcon_core.package_identification:_identify(.) by extension 'ignore'
[1.242s] Level 1:colcon.colcon_core.package_identification:_identify(.) by extension 'ignore_ament_install'
[1.242s] Level 1:colcon.colcon_core.package_identification:_identify(.) by extensions ['colcon_pkg']
[1.242s] Level 1:colcon.colcon_core.package_identification:_identify(.) by extension 'colcon_pkg'
[1.242s] Level 1:colcon.colcon_core.package_identification:_identify(.) by extensions ['colcon_meta']
[1.242s] Level 1:colcon.colcon_core.package_identification:_identify(.) by extension 'colcon_meta'
[1.243s] Level 1:colcon.colcon_core.package_identification:_identify(.) by extensions ['ros']
[1.243s] Level 1:colcon.colcon_core.package_identification:_identify(.) by extension 'ros'
[1.254s] Level 1:colcon.colcon_core.package_identification:_identify(.) by extensions ['cmake', 'python']
[1.254s] Level 1:colcon.colcon_core.package_identification:_identify(.) by extension 'cmake'
[1.254s] Level 1:colcon.colcon_core.package_identification:_identify(.) by extension 'python'
[1.254s] Level 1:colcon.colcon_core.package_identification:_identify(.) by extensions ['python_setup_py']
[1.254s] Level 1:colcon.colcon_core.package_identification:_identify(.) by extension 'python_setup_py'
[1.254s] Level 1:colcon.colcon_core.package_identification:_identify(build) by extensions ['ignore', 'ignore_ament_install']
[1.255s] Level 1:colcon.colcon_core.package_identification:_identify(build) by extension 'ignore'
[1.255s] Level 1:colcon.colcon_core.package_identification:_identify(build) ignored
[1.255s] Level 1:colcon.colcon_core.package_identification:_identify(install) by extensions ['ignore', 'ignore_ament_install']
[1.255s] Level 1:colcon.colcon_core.package_identification:_identify(install) by extension 'ignore'
[1.255s] Level 1:colcon.colcon_core.package_identification:_identify(install) ignored
[1.255s] Level 1:colcon.colcon_core.package_identification:_identify(log) by extensions ['ignore', 'ignore_ament_install']
[1.256s] Level 1:colcon.colcon_core.package_identification:_identify(log) by extension 'ignore'
[1.256s] Level 1:colcon.colcon_core.package_identification:_identify(log) ignored
[1.256s] Level 1:colcon.colcon_core.package_identification:_identify(src) by extensions ['ignore', 'ignore_ament_install']
[1.256s] Level 1:colcon.colcon_core.package_identification:_identify(src) by extension 'ignore'
[1.256s] Level 1:colcon.colcon_core.package_identification:_identify(src) by extension 'ignore_ament_install'
[1.256s] Level 1:colcon.colcon_core.package_identification:_identify(src) by extensions ['colcon_pkg']
[1.256s] Level 1:colcon.colcon_core.package_identification:_identify(src) by extension 'colcon_pkg'
[1.256s] Level 1:colcon.colcon_core.package_identification:_identify(src) by extensions ['colcon_meta']
[1.256s] Level 1:colcon.colcon_core.package_identification:_identify(src) by extension 'colcon_meta'
[1.256s] Level 1:colcon.colcon_core.package_identification:_identify(src) by extensions ['ros']
[1.256s] Level 1:colcon.colcon_core.package_identification:_identify(src) by extension 'ros'
[1.256s] Level 1:colcon.colcon_core.package_identification:_identify(src) by extensions ['cmake', 'python']
[1.256s] Level 1:colcon.colcon_core.package_identification:_identify(src) by extension 'cmake'
[1.256s] Level 1:colcon.colcon_core.package_identification:_identify(src) by extension 'python'
[1.256s] Level 1:colcon.colcon_core.package_identification:_identify(src) by extensions ['python_setup_py']
[1.256s] Level 1:colcon.colcon_core.package_identification:_identify(src) by extension 'python_setup_py'
[1.256s] Level 1:colcon.colcon_core.package_identification:_identify(src/build) by extensions ['ignore', 'ignore_ament_install']
[1.257s] Level 1:colcon.colcon_core.package_identification:_identify(src/build) by extension 'ignore'
[1.257s] Level 1:colcon.colcon_core.package_identification:_identify(src/build) ignored
[1.257s] Level 1:colcon.colcon_core.package_identification:_identify(src/fruit_detection) by extensions ['ignore', 'ignore_ament_install']
[1.257s] Level 1:colcon.colcon_core.package_identification:_identify(src/fruit_detection) by extension 'ignore'
[1.257s] Level 1:colcon.colcon_core.package_identification:_identify(src/fruit_detection) by extension 'ignore_ament_install'
[1.257s] Level 1:colcon.colcon_core.package_identification:_identify(src/fruit_detection) by extensions ['colcon_pkg']
[1.257s] Level 1:colcon.colcon_core.package_identification:_identify(src/fruit_detection) by extension 'colcon_pkg'
[1.257s] Level 1:colcon.colcon_core.package_identification:_identify(src/fruit_detection) by extensions ['colcon_meta']
[1.257s] Level 1:colcon.colcon_core.package_identification:_identify(src/fruit_detection) by extension 'colcon_meta'
[1.257s] Level 1:colcon.colcon_core.package_identification:_identify(src/fruit_detection) by extensions ['ros']
[1.257s] Level 1:colcon.colcon_core.package_identification:_identify(src/fruit_detection) by extension 'ros'
[1.260s] DEBUG:colcon.colcon_core.package_identification:Package 'src/fruit_detection' with type 'ros.ament_python' and name 'fruit_detection'
[1.260s] Level 1:colcon.colcon_core.package_identification:_identify(src/install) by extensions ['ignore', 'ignore_ament_install']
[1.260s] Level 1:colcon.colcon_core.package_identification:_identify(src/install) by extension 'ignore'
[1.260s] Level 1:colcon.colcon_core.package_identification:_identify(src/install) ignored
[1.260s] Level 1:colcon.colcon_core.package_identification:_identify(src/log) by extensions ['ignore', 'ignore_ament_install']
[1.260s] Level 1:colcon.colcon_core.package_identification:_identify(src/log) by extension 'ignore'
[1.260s] Level 1:colcon.colcon_core.package_identification:_identify(src/log) ignored
[1.260s] Level 1:colcon.colcon_core.package_identification:_identify(src/robocon2023_b_dash) by extensions ['ignore', 'ignore_ament_install']
[1.260s] Level 1:colcon.colcon_core.package_identification:_identify(src/robocon2023_b_dash) by extension 'ignore'
[1.260s] Level 1:colcon.colcon_core.package_identification:_identify(src/robocon2023_b_dash) by extension 'ignore_ament_install'
[1.260s] Level 1:colcon.colcon_core.package_identification:_identify(src/robocon2023_b_dash) by extensions ['colcon_pkg']
[1.260s] Level 1:colcon.colcon_core.package_identification:_identify(src/robocon2023_b_dash) by extension 'colcon_pkg'
[1.261s] Level 1:colcon.colcon_core.package_identification:_identify(src/robocon2023_b_dash) by extensions ['colcon_meta']
[1.261s] Level 1:colcon.colcon_core.package_identification:_identify(src/robocon2023_b_dash) by extension 'colcon_meta'
[1.261s] Level 1:colcon.colcon_core.package_identification:_identify(src/robocon2023_b_dash) by extensions ['ros']
[1.261s] Level 1:colcon.colcon_core.package_identification:_identify(src/robocon2023_b_dash) by extension 'ros'
[1.261s] DEBUG:colcon.colcon_core.package_identification:Package 'src/robocon2023_b_dash' with type 'ros.ament_cmake' and name 'robocon2023_b_dash'
[1.261s] Level 1:colcon.colcon_core.package_identification:_identify(src/ros_to_kimd) by extensions ['ignore', 'ignore_ament_install']
[1.261s] Level 1:colcon.colcon_core.package_identification:_identify(src/ros_to_kimd) by extension 'ignore'
[1.261s] Level 1:colcon.colcon_core.package_identification:_identify(src/ros_to_kimd) by extension 'ignore_ament_install'
[1.261s] Level 1:colcon.colcon_core.package_identification:_identify(src/ros_to_kimd) by extensions ['colcon_pkg']
[1.262s] Level 1:colcon.colcon_core.package_identification:_identify(src/ros_to_kimd) by extension 'colcon_pkg'
[1.262s] Level 1:colcon.colcon_core.package_identification:_identify(src/ros_to_kimd) by extensions ['colcon_meta']
[1.262s] Level 1:colcon.colcon_core.package_identification:_identify(src/ros_to_kimd) by extension 'colcon_meta'
[1.262s] Level 1:colcon.colcon_core.package_identification:_identify(src/ros_to_kimd) by extensions ['ros']
[1.262s] Level 1:colcon.colcon_core.package_identification:_identify(src/ros_to_kimd) by extension 'ros'
[1.262s] DEBUG:colcon.colcon_core.package_identification:Package 'src/ros_to_kimd' with type 'ros.ament_cmake' and name 'ros_to_kimd'
[1.262s] Level 1:colcon.colcon_core.package_discovery:discover_packages(recursive) using defaults
[1.262s] Level 1:colcon.colcon_core.package_discovery:discover_packages(ignore) discover
[1.263s] Level 1:colcon.colcon_core.package_discovery:discover_packages(ignore) using defaults
[1.263s] Level 1:colcon.colcon_core.package_discovery:discover_packages(path) discover
[1.263s] Level 1:colcon.colcon_core.package_discovery:discover_packages(path) using defaults
[1.367s] Level 1:colcon.colcon_core.package_discovery:discover_packages(prefix_path) check parameters
[1.367s] Level 1:colcon.colcon_core.package_discovery:discover_packages(prefix_path) discover
[1.407s] DEBUG:colcon.colcon_installed_package_information.package_discovery:Found 3 installed packages in /home/kaibuchisoma/robocon_ws/install
[1.432s] DEBUG:colcon.colcon_installed_package_information.package_discovery:Found 271 installed packages in /opt/ros/humble
[1.434s] Level 1:colcon.colcon_core.package_discovery:discover_packages(prefix_path) using defaults
[1.589s] Level 5:colcon.colcon_core.verb:set package 'fruit_detection' build argument 'cmake_args' from command line to 'None'
[1.589s] Level 5:colcon.colcon_core.verb:set package 'fruit_detection' build argument 'cmake_target' from command line to 'None'
[1.589s] Level 5:colcon.colcon_core.verb:set package 'fruit_detection' build argument 'cmake_target_skip_unavailable' from command line to 'False'
[1.589s] Level 5:colcon.colcon_core.verb:set package 'fruit_detection' build argument 'cmake_clean_cache' from command line to 'False'
[1.589s] Level 5:colcon.colcon_core.verb:set package 'fruit_detection' build argument 'cmake_clean_first' from command line to 'False'
[1.589s] Level 5:colcon.colcon_core.verb:set package 'fruit_detection' build argument 'cmake_force_configure' from command line to 'False'
[1.589s] Level 5:colcon.colcon_core.verb:set package 'fruit_detection' build argument 'ament_cmake_args' from command line to 'None'
[1.589s] Level 5:colcon.colcon_core.verb:set package 'fruit_detection' build argument 'catkin_cmake_args' from command line to 'None'
[1.589s] Level 5:colcon.colcon_core.verb:set package 'fruit_detection' build argument 'catkin_skip_building_tests' from command line to 'False'
[1.589s] DEBUG:colcon.colcon_core.verb:Building package 'fruit_detection' with the following arguments: {'ament_cmake_args': None, 'build_base': '/home/kaibuchisoma/robocon_ws/build/fruit_detection', 'catkin_cmake_args': None, 'catkin_skip_building_tests': False, 'cmake_args': None, 'cmake_clean_cache': False, 'cmake_clean_first': False, 'cmake_force_configure': False, 'cmake_target': None, 'cmake_target_skip_unavailable': False, 'install_base': '/home/kaibuchisoma/robocon_ws/install/fruit_detection', 'merge_install': False, 'path': '/home/kaibuchisoma/robocon_ws/src/fruit_detection', 'symlink_install': False, 'test_result_base': None}
[1.608s] Level 5:colcon.colcon_core.verb:set package 'robocon2023_b_dash' build argument 'cmake_args' from command line to 'None'
[1.608s] Level 5:colcon.colcon_core.verb:set package 'robocon2023_b_dash' build argument 'cmake_target' from command line to 'None'
[1.608s] Level 5:colcon.colcon_core.verb:set package 'robocon2023_b_dash' build argument 'cmake_target_skip_unavailable' from command line to 'False'
[1.608s] Level 5:colcon.colcon_core.verb:set package 'robocon2023_b_dash' build argument 'cmake_clean_cache' from command line to 'False'
[1.608s] Level 5:colcon.colcon_core.verb:set package 'robocon2023_b_dash' build argument 'cmake_clean_first' from command line to 'False'
[1.608s] Level 5:colcon.colcon_core.verb:set package 'robocon2023_b_dash' build argument 'cmake_force_configure' from command line to 'False'
[1.608s] Level 5:colcon.colcon_core.verb:set package 'robocon2023_b_dash' build argument 'ament_cmake_args' from command line to 'None'
[1.608s] Level 5:colcon.colcon_core.verb:set package 'robocon2023_b_dash' build argument 'catkin_cmake_args' from command line to 'None'
[1.608s] Level 5:colcon.colcon_core.verb:set package 'robocon2023_b_dash' build argument 'catkin_skip_building_tests' from command line to 'False'
[1.608s] DEBUG:colcon.colcon_core.verb:Building package 'robocon2023_b_dash' with the following arguments: {'ament_cmake_args': None, 'build_base': '/home/kaibuchisoma/robocon_ws/build/robocon2023_b_dash', 'catkin_cmake_args': None, 'catkin_skip_building_tests': False, 'cmake_args': None, 'cmake_clean_cache': False, 'cmake_clean_first': False, 'cmake_force_configure': False, 'cmake_target': None, 'cmake_target_skip_unavailable': False, 'install_base': '/home/kaibuchisoma/robocon_ws/install/robocon2023_b_dash', 'merge_install': False, 'path': '/home/kaibuchisoma/robocon_ws/src/robocon2023_b_dash', 'symlink_install': False, 'test_result_base': None}
[1.627s] Level 5:colcon.colcon_core.verb:set package 'ros_to_kimd' build argument 'cmake_args' from command line to 'None'
[1.627s] Level 5:colcon.colcon_core.verb:set package 'ros_to_kimd' build argument 'cmake_target' from command line to 'None'
[1.627s] Level 5:colcon.colcon_core.verb:set package 'ros_to_kimd' build argument 'cmake_target_skip_unavailable' from command line to 'False'
[1.627s] Level 5:colcon.colcon_core.verb:set package 'ros_to_kimd' build argument 'cmake_clean_cache' from command line to 'False'
[1.627s] Level 5:colcon.colcon_core.verb:set package 'ros_to_kimd' build argument 'cmake_clean_first' from command line to 'False'
[1.627s] Level 5:colcon.colcon_core.verb:set package 'ros_to_kimd' build argument 'cmake_force_configure' from command line to 'False'
[1.627s] Level 5:colcon.colcon_core.verb:set package 'ros_to_kimd' build argument 'ament_cmake_args' from command line to 'None'
[1.627s] Level 5:colcon.colcon_core.verb:set package 'ros_to_kimd' build argument 'catkin_cmake_args' from command line to 'None'
[1.627s] Level 5:colcon.colcon_core.verb:set package 'ros_to_kimd' build argument 'catkin_skip_building_tests' from command line to 'False'
[1.627s] DEBUG:colcon.colcon_core.verb:Building package 'ros_to_kimd' with the following arguments: {'ament_cmake_args': None, 'build_base': '/home/kaibuchisoma/robocon_ws/build/ros_to_kimd', 'catkin_cmake_args': None, 'catkin_skip_building_tests': False, 'cmake_args': None, 'cmake_clean_cache': False, 'cmake_clean_first': False, 'cmake_force_configure': False, 'cmake_target': None, 'cmake_target_skip_unavailable': False, 'install_base': '/home/kaibuchisoma/robocon_ws/install/ros_to_kimd', 'merge_install': False, 'path': '/home/kaibuchisoma/robocon_ws/src/ros_to_kimd', 'symlink_install': False, 'test_result_base': None}
[1.647s] INFO:colcon.colcon_core.executor:Executing jobs using 'parallel' executor
[1.668s] DEBUG:colcon.colcon_parallel_executor.executor.parallel:run_until_complete
[1.669s] INFO:colcon.colcon_ros.task.ament_python.build:Building ROS package in '/home/kaibuchisoma/robocon_ws/src/fruit_detection' with build type 'ament_python'
[1.669s] Level 1:colcon.colcon_core.shell:create_environment_hook('fruit_detection', 'ament_prefix_path')
[1.699s] INFO:colcon.colcon_core.plugin_system:Skipping extension 'colcon_core.shell.bat': Not used on non-Windows systems
[1.700s] INFO:colcon.colcon_core.shell:Creating environment hook '/home/kaibuchisoma/robocon_ws/install/fruit_detection/share/fruit_detection/hook/ament_prefix_path.ps1'
[1.701s] INFO:colcon.colcon_core.shell:Creating environment descriptor '/home/kaibuchisoma/robocon_ws/install/fruit_detection/share/fruit_detection/hook/ament_prefix_path.dsv'
[1.701s] INFO:colcon.colcon_core.shell:Creating environment hook '/home/kaibuchisoma/robocon_ws/install/fruit_detection/share/fruit_detection/hook/ament_prefix_path.sh'
[1.721s] INFO:colcon.colcon_core.shell:Skip shell extension 'powershell' for command environment: Not usable outside of PowerShell
[1.722s] DEBUG:colcon.colcon_core.shell:Skip shell extension 'dsv' for command environment
[1.780s] INFO:colcon.colcon_ros.task.ament_cmake.build:Building ROS package in '/home/kaibuchisoma/robocon_ws/src/robocon2023_b_dash' with build type 'ament_cmake'
[1.781s] INFO:colcon.colcon_cmake.task.cmake.build:Building CMake package in '/home/kaibuchisoma/robocon_ws/src/robocon2023_b_dash'
[1.800s] INFO:colcon.colcon_core.shell:Skip shell extension 'powershell' for command environment: Not usable outside of PowerShell
[1.800s] DEBUG:colcon.colcon_core.shell:Skip shell extension 'dsv' for command environment
[1.866s] INFO:colcon.colcon_ros.task.ament_cmake.build:Building ROS package in '/home/kaibuchisoma/robocon_ws/src/ros_to_kimd' with build type 'ament_cmake'
[1.867s] INFO:colcon.colcon_cmake.task.cmake.build:Building CMake package in '/home/kaibuchisoma/robocon_ws/src/ros_to_kimd'
[1.886s] INFO:colcon.colcon_core.shell:Skip shell extension 'powershell' for command environment: Not usable outside of PowerShell
[1.887s] DEBUG:colcon.colcon_core.shell:Skip shell extension 'dsv' for command environment
[2.260s] INFO:colcon.colcon_core.task.python.build:Building Python package in '/home/kaibuchisoma/robocon_ws/src/fruit_detection'
[2.277s] INFO:colcon.colcon_core.shell:Skip shell extension 'powershell' for command environment: Not usable outside of PowerShell
[2.277s] DEBUG:colcon.colcon_core.shell:Skip shell extension 'dsv' for command environment
[2.335s] DEBUG:colcon.colcon_core.event_handler.log_command:Invoking command in '/home/kaibuchisoma/robocon_ws/build/robocon2023_b_dash': CMAKE_PREFIX_PATH=${CMAKE_PREFIX_PATH}:/home/kaibuchisoma/robocon_ws/install/fruit_detection:/opt/ros/humble /usr/bin/cmake --build /home/kaibuchisoma/robocon_ws/build/robocon2023_b_dash -- -j12 -l12
[2.339s] DEBUG:colcon.colcon_core.event_handler.log_command:Invoking command in '/home/kaibuchisoma/robocon_ws/build/ros_to_kimd': CMAKE_PREFIX_PATH=${CMAKE_PREFIX_PATH}:/home/kaibuchisoma/robocon_ws/install/fruit_detection:/opt/ros/humble /usr/bin/cmake --build /home/kaibuchisoma/robocon_ws/build/ros_to_kimd -- -j12 -l12
[2.468s] DEBUG:colcon.colcon_core.event_handler.log_command:Invoked command in '/home/kaibuchisoma/robocon_ws/build/ros_to_kimd' returned '0': CMAKE_PREFIX_PATH=${CMAKE_PREFIX_PATH}:/home/kaibuchisoma/robocon_ws/install/fruit_detection:/opt/ros/humble /usr/bin/cmake --build /home/kaibuchisoma/robocon_ws/build/ros_to_kimd -- -j12 -l12
[2.524s] DEBUG:colcon.colcon_core.event_handler.log_command:Invoking command in '/home/kaibuchisoma/robocon_ws/build/ros_to_kimd': CMAKE_PREFIX_PATH=${CMAKE_PREFIX_PATH}:/home/kaibuchisoma/robocon_ws/install/fruit_detection:/opt/ros/humble /usr/bin/cmake --install /home/kaibuchisoma/robocon_ws/build/ros_to_kimd
[2.539s] Level 1:colcon.colcon_core.environment:create_environment_scripts_only(ros_to_kimd)
[2.540s] DEBUG:colcon.colcon_core.event_handler.log_command:Invoked command in '/home/kaibuchisoma/robocon_ws/build/ros_to_kimd' returned '0': CMAKE_PREFIX_PATH=${CMAKE_PREFIX_PATH}:/home/kaibuchisoma/robocon_ws/install/fruit_detection:/opt/ros/humble /usr/bin/cmake --install /home/kaibuchisoma/robocon_ws/build/ros_to_kimd
[2.570s] Level 1:colcon.colcon_core.environment:checking '/home/kaibuchisoma/robocon_ws/install/ros_to_kimd' for CMake module files
[2.571s] Level 1:colcon.colcon_core.environment:checking '/home/kaibuchisoma/robocon_ws/install/ros_to_kimd' for CMake config files
[2.572s] Level 1:colcon.colcon_core.shell:create_environment_hook('ros_to_kimd', 'cmake_prefix_path')
[2.597s] INFO:colcon.colcon_core.shell:Creating environment hook '/home/kaibuchisoma/robocon_ws/install/ros_to_kimd/share/ros_to_kimd/hook/cmake_prefix_path.ps1'
[2.597s] INFO:colcon.colcon_core.shell:Creating environment descriptor '/home/kaibuchisoma/robocon_ws/install/ros_to_kimd/share/ros_to_kimd/hook/cmake_prefix_path.dsv'
[2.598s] INFO:colcon.colcon_core.shell:Creating environment hook '/home/kaibuchisoma/robocon_ws/install/ros_to_kimd/share/ros_to_kimd/hook/cmake_prefix_path.sh'
[2.598s] Level 1:colcon.colcon_core.environment:checking '/home/kaibuchisoma/robocon_ws/install/ros_to_kimd/lib'
[2.599s] Level 1:colcon.colcon_core.environment:checking '/home/kaibuchisoma/robocon_ws/install/ros_to_kimd/bin'
[2.599s] Level 1:colcon.colcon_core.environment:checking '/home/kaibuchisoma/robocon_ws/install/ros_to_kimd/lib/pkgconfig/ros_to_kimd.pc'
[2.599s] Level 1:colcon.colcon_core.environment:checking '/home/kaibuchisoma/robocon_ws/install/ros_to_kimd/lib/python3.10/site-packages'
[2.599s] Level 1:colcon.colcon_core.environment:checking '/home/kaibuchisoma/robocon_ws/install/ros_to_kimd/bin'
[2.617s] INFO:colcon.colcon_core.shell:Creating package script '/home/kaibuchisoma/robocon_ws/install/ros_to_kimd/share/ros_to_kimd/package.ps1'
[2.618s] INFO:colcon.colcon_core.shell:Creating package descriptor '/home/kaibuchisoma/robocon_ws/install/ros_to_kimd/share/ros_to_kimd/package.dsv'
[2.619s] INFO:colcon.colcon_core.shell:Creating package script '/home/kaibuchisoma/robocon_ws/install/ros_to_kimd/share/ros_to_kimd/package.sh'
[2.619s] INFO:colcon.colcon_core.shell:Creating package script '/home/kaibuchisoma/robocon_ws/install/ros_to_kimd/share/ros_to_kimd/package.bash'
[2.620s] INFO:colcon.colcon_core.shell:Creating package script '/home/kaibuchisoma/robocon_ws/install/ros_to_kimd/share/ros_to_kimd/package.zsh'
[2.621s] Level 1:colcon.colcon_core.environment:create_file_with_runtime_dependencies(/home/kaibuchisoma/robocon_ws/install/ros_to_kimd/share/colcon-core/packages/ros_to_kimd)
[2.673s] Level 1:colcon.colcon_core.environment:create_environment_scripts_only(ros_to_kimd)
[2.691s] Level 1:colcon.colcon_core.environment:checking '/home/kaibuchisoma/robocon_ws/install/ros_to_kimd' for CMake module files
[2.692s] Level 1:colcon.colcon_core.environment:checking '/home/kaibuchisoma/robocon_ws/install/ros_to_kimd' for CMake config files
[2.692s] Level 1:colcon.colcon_core.shell:create_environment_hook('ros_to_kimd', 'cmake_prefix_path')
[2.711s] INFO:colcon.colcon_core.shell:Creating environment hook '/home/kaibuchisoma/robocon_ws/install/ros_to_kimd/share/ros_to_kimd/hook/cmake_prefix_path.ps1'
[2.712s] INFO:colcon.colcon_core.shell:Creating environment descriptor '/home/kaibuchisoma/robocon_ws/install/ros_to_kimd/share/ros_to_kimd/hook/cmake_prefix_path.dsv'
[2.712s] INFO:colcon.colcon_core.shell:Creating environment hook '/home/kaibuchisoma/robocon_ws/install/ros_to_kimd/share/ros_to_kimd/hook/cmake_prefix_path.sh'
[2.713s] Level 1:colcon.colcon_core.environment:checking '/home/kaibuchisoma/robocon_ws/install/ros_to_kimd/lib'
[2.713s] Level 1:colcon.colcon_core.environment:checking '/home/kaibuchisoma/robocon_ws/install/ros_to_kimd/bin'
[2.713s] Level 1:colcon.colcon_core.environment:checking '/home/kaibuchisoma/robocon_ws/install/ros_to_kimd/lib/pkgconfig/ros_to_kimd.pc'
[2.713s] Level 1:colcon.colcon_core.environment:checking '/home/kaibuchisoma/robocon_ws/install/ros_to_kimd/lib/python3.10/site-packages'
[2.713s] Level 1:colcon.colcon_core.environment:checking '/home/kaibuchisoma/robocon_ws/install/ros_to_kimd/bin'
[2.734s] INFO:colcon.colcon_core.shell:Creating package script '/home/kaibuchisoma/robocon_ws/install/ros_to_kimd/share/ros_to_kimd/package.ps1'
[2.734s] INFO:colcon.colcon_core.shell:Creating package descriptor '/home/kaibuchisoma/robocon_ws/install/ros_to_kimd/share/ros_to_kimd/package.dsv'
[2.735s] INFO:colcon.colcon_core.shell:Creating package script '/home/kaibuchisoma/robocon_ws/install/ros_to_kimd/share/ros_to_kimd/package.sh'
[2.735s] INFO:colcon.colcon_core.shell:Creating package script '/home/kaibuchisoma/robocon_ws/install/ros_to_kimd/share/ros_to_kimd/package.bash'
[2.736s] INFO:colcon.colcon_core.shell:Creating package script '/home/kaibuchisoma/robocon_ws/install/ros_to_kimd/share/ros_to_kimd/package.zsh'
[2.736s] Level 1:colcon.colcon_core.environment:create_file_with_runtime_dependencies(/home/kaibuchisoma/robocon_ws/install/ros_to_kimd/share/colcon-core/packages/ros_to_kimd)
[2.793s] DEBUG:colcon.colcon_core.event_handler.log_command:Invoking command in '/home/kaibuchisoma/robocon_ws/src/fruit_detection': PYTHONPATH=/home/kaibuchisoma/robocon_ws/build/fruit_detection/prefix_override:/home/kaibuchisoma/robocon_ws/install/fruit_detection/lib/python3.10/site-packages:${PYTHONPATH} /usr/bin/python3 setup.py egg_info --egg-base ../../build/fruit_detection build --build-base /home/kaibuchisoma/robocon_ws/build/fruit_detection/build install --record /home/kaibuchisoma/robocon_ws/build/fruit_detection/install.log --single-version-externally-managed
[3.161s] DEBUG:colcon.colcon_core.event_handler.log_command:Invoked command in '/home/kaibuchisoma/robocon_ws/src/fruit_detection' returned '0': PYTHONPATH=/home/kaibuchisoma/robocon_ws/build/fruit_detection/prefix_override:/home/kaibuchisoma/robocon_ws/install/fruit_detection/lib/python3.10/site-packages:${PYTHONPATH} /usr/bin/python3 setup.py egg_info --egg-base ../../build/fruit_detection build --build-base /home/kaibuchisoma/robocon_ws/build/fruit_detection/build install --record /home/kaibuchisoma/robocon_ws/build/fruit_detection/install.log --single-version-externally-managed
[3.179s] Level 1:colcon.colcon_core.environment:checking '/home/kaibuchisoma/robocon_ws/install/fruit_detection' for CMake module files
[3.179s] Level 1:colcon.colcon_core.environment:checking '/home/kaibuchisoma/robocon_ws/install/fruit_detection' for CMake config files
[3.180s] Level 1:colcon.colcon_core.environment:checking '/home/kaibuchisoma/robocon_ws/install/fruit_detection/lib'
[3.180s] Level 1:colcon.colcon_core.environment:checking '/home/kaibuchisoma/robocon_ws/install/fruit_detection/bin'
[3.180s] Level 1:colcon.colcon_core.environment:checking '/home/kaibuchisoma/robocon_ws/install/fruit_detection/lib/pkgconfig/fruit_detection.pc'
[3.181s] Level 1:colcon.colcon_core.environment:checking '/home/kaibuchisoma/robocon_ws/install/fruit_detection/lib/python3.10/site-packages'
[3.181s] Level 1:colcon.colcon_core.shell:create_environment_hook('fruit_detection', 'pythonpath')
[3.202s] INFO:colcon.colcon_core.shell:Creating environment hook '/home/kaibuchisoma/robocon_ws/install/fruit_detection/share/fruit_detection/hook/pythonpath.ps1'
[3.202s] INFO:colcon.colcon_core.shell:Creating environment descriptor '/home/kaibuchisoma/robocon_ws/install/fruit_detection/share/fruit_detection/hook/pythonpath.dsv'
[3.203s] INFO:colcon.colcon_core.shell:Creating environment hook '/home/kaibuchisoma/robocon_ws/install/fruit_detection/share/fruit_detection/hook/pythonpath.sh'
[3.203s] Level 1:colcon.colcon_core.environment:checking '/home/kaibuchisoma/robocon_ws/install/fruit_detection/bin'
[3.204s] Level 1:colcon.colcon_core.environment:create_environment_scripts_only(fruit_detection)
[3.223s] INFO:colcon.colcon_core.shell:Creating package script '/home/kaibuchisoma/robocon_ws/install/fruit_detection/share/fruit_detection/package.ps1'
[3.223s] INFO:colcon.colcon_core.shell:Creating package descriptor '/home/kaibuchisoma/robocon_ws/install/fruit_detection/share/fruit_detection/package.dsv'
[3.224s] INFO:colcon.colcon_core.shell:Creating package script '/home/kaibuchisoma/robocon_ws/install/fruit_detection/share/fruit_detection/package.sh'
[3.224s] INFO:colcon.colcon_core.shell:Creating package script '/home/kaibuchisoma/robocon_ws/install/fruit_detection/share/fruit_detection/package.bash'
[3.225s] INFO:colcon.colcon_core.shell:Creating package script '/home/kaibuchisoma/robocon_ws/install/fruit_detection/share/fruit_detection/package.zsh'
[3.225s] Level 1:colcon.colcon_core.environment:create_file_with_runtime_dependencies(/home/kaibuchisoma/robocon_ws/install/fruit_detection/share/colcon-core/packages/fruit_detection)
[15.142s] DEBUG:colcon.colcon_core.event_handler.log_command:Invoked command in '/home/kaibuchisoma/robocon_ws/build/robocon2023_b_dash' returned '0': CMAKE_PREFIX_PATH=${CMAKE_PREFIX_PATH}:/home/kaibuchisoma/robocon_ws/install/fruit_detection:/opt/ros/humble /usr/bin/cmake --build /home/kaibuchisoma/robocon_ws/build/robocon2023_b_dash -- -j12 -l12
[15.200s] DEBUG:colcon.colcon_core.event_handler.log_command:Invoking command in '/home/kaibuchisoma/robocon_ws/build/robocon2023_b_dash': CMAKE_PREFIX_PATH=${CMAKE_PREFIX_PATH}:/home/kaibuchisoma/robocon_ws/install/fruit_detection:/opt/ros/humble /usr/bin/cmake --install /home/kaibuchisoma/robocon_ws/build/robocon2023_b_dash
[15.232s] Level 1:colcon.colcon_core.environment:create_environment_scripts_only(robocon2023_b_dash)
[15.233s] DEBUG:colcon.colcon_core.event_handler.log_command:Invoked command in '/home/kaibuchisoma/robocon_ws/build/robocon2023_b_dash' returned '0': CMAKE_PREFIX_PATH=${CMAKE_PREFIX_PATH}:/home/kaibuchisoma/robocon_ws/install/fruit_detection:/opt/ros/humble /usr/bin/cmake --install /home/kaibuchisoma/robocon_ws/build/robocon2023_b_dash
[15.252s] Level 1:colcon.colcon_core.environment:checking '/home/kaibuchisoma/robocon_ws/install/robocon2023_b_dash' for CMake module files
[15.253s] Level 1:colcon.colcon_core.environment:checking '/home/kaibuchisoma/robocon_ws/install/robocon2023_b_dash' for CMake config files
[15.253s] Level 1:colcon.colcon_core.shell:create_environment_hook('robocon2023_b_dash', 'cmake_prefix_path')
[15.273s] INFO:colcon.colcon_core.shell:Creating environment hook '/home/kaibuchisoma/robocon_ws/install/robocon2023_b_dash/share/robocon2023_b_dash/hook/cmake_prefix_path.ps1'
[15.274s] INFO:colcon.colcon_core.shell:Creating environment descriptor '/home/kaibuchisoma/robocon_ws/install/robocon2023_b_dash/share/robocon2023_b_dash/hook/cmake_prefix_path.dsv'
[15.274s] INFO:colcon.colcon_core.shell:Creating environment hook '/home/kaibuchisoma/robocon_ws/install/robocon2023_b_dash/share/robocon2023_b_dash/hook/cmake_prefix_path.sh'
[15.275s] Level 1:colcon.colcon_core.environment:checking '/home/kaibuchisoma/robocon_ws/install/robocon2023_b_dash/lib'
[15.275s] Level 1:colcon.colcon_core.environment:checking '/home/kaibuchisoma/robocon_ws/install/robocon2023_b_dash/bin'
[15.275s] Level 1:colcon.colcon_core.environment:checking '/home/kaibuchisoma/robocon_ws/install/robocon2023_b_dash/lib/pkgconfig/robocon2023_b_dash.pc'
[15.275s] Level 1:colcon.colcon_core.environment:checking '/home/kaibuchisoma/robocon_ws/install/robocon2023_b_dash/lib/python3.10/site-packages'
[15.275s] Level 1:colcon.colcon_core.environment:checking '/home/kaibuchisoma/robocon_ws/install/robocon2023_b_dash/bin'
[15.293s] INFO:colcon.colcon_core.shell:Creating package script '/home/kaibuchisoma/robocon_ws/install/robocon2023_b_dash/share/robocon2023_b_dash/package.ps1'
[15.294s] INFO:colcon.colcon_core.shell:Creating package descriptor '/home/kaibuchisoma/robocon_ws/install/robocon2023_b_dash/share/robocon2023_b_dash/package.dsv'
[15.295s] INFO:colcon.colcon_core.shell:Creating package script '/home/kaibuchisoma/robocon_ws/install/robocon2023_b_dash/share/robocon2023_b_dash/package.sh'
[15.295s] INFO:colcon.colcon_core.shell:Creating package script '/home/kaibuchisoma/robocon_ws/install/robocon2023_b_dash/share/robocon2023_b_dash/package.bash'
[15.296s] INFO:colcon.colcon_core.shell:Creating package script '/home/kaibuchisoma/robocon_ws/install/robocon2023_b_dash/share/robocon2023_b_dash/package.zsh'
[15.296s] Level 1:colcon.colcon_core.environment:create_file_with_runtime_dependencies(/home/kaibuchisoma/robocon_ws/install/robocon2023_b_dash/share/colcon-core/packages/robocon2023_b_dash)
[15.370s] Level 1:colcon.colcon_core.environment:create_environment_scripts_only(robocon2023_b_dash)
[15.386s] Level 1:colcon.colcon_core.environment:checking '/home/kaibuchisoma/robocon_ws/install/robocon2023_b_dash' for CMake module files
[15.386s] Level 1:colcon.colcon_core.environment:checking '/home/kaibuchisoma/robocon_ws/install/robocon2023_b_dash' for CMake config files
[15.387s] Level 1:colcon.colcon_core.shell:create_environment_hook('robocon2023_b_dash', 'cmake_prefix_path')
[15.404s] INFO:colcon.colcon_core.shell:Creating environment hook '/home/kaibuchisoma/robocon_ws/install/robocon2023_b_dash/share/robocon2023_b_dash/hook/cmake_prefix_path.ps1'
[15.405s] INFO:colcon.colcon_core.shell:Creating environment descriptor '/home/kaibuchisoma/robocon_ws/install/robocon2023_b_dash/share/robocon2023_b_dash/hook/cmake_prefix_path.dsv'
[15.405s] INFO:colcon.colcon_core.shell:Creating environment hook '/home/kaibuchisoma/robocon_ws/install/robocon2023_b_dash/share/robocon2023_b_dash/hook/cmake_prefix_path.sh'
[15.406s] Level 1:colcon.colcon_core.environment:checking '/home/kaibuchisoma/robocon_ws/install/robocon2023_b_dash/lib'
[15.406s] Level 1:colcon.colcon_core.environment:checking '/home/kaibuchisoma/robocon_ws/install/robocon2023_b_dash/bin'
[15.406s] Level 1:colcon.colcon_core.environment:checking '/home/kaibuchisoma/robocon_ws/install/robocon2023_b_dash/lib/pkgconfig/robocon2023_b_dash.pc'
[15.406s] Level 1:colcon.colcon_core.environment:checking '/home/kaibuchisoma/robocon_ws/install/robocon2023_b_dash/lib/python3.10/site-packages'
[15.407s] Level 1:colcon.colcon_core.environment:checking '/home/kaibuchisoma/robocon_ws/install/robocon2023_b_dash/bin'
[15.424s] INFO:colcon.colcon_core.shell:Creating package script '/home/kaibuchisoma/robocon_ws/install/robocon2023_b_dash/share/robocon2023_b_dash/package.ps1'
[15.425s] INFO:colcon.colcon_core.shell:Creating package descriptor '/home/kaibuchisoma/robocon_ws/install/robocon2023_b_dash/share/robocon2023_b_dash/package.dsv'
[15.425s] INFO:colcon.colcon_core.shell:Creating package script '/home/kaibuchisoma/robocon_ws/install/robocon2023_b_dash/share/robocon2023_b_dash/package.sh'
[15.425s] INFO:colcon.colcon_core.shell:Creating package script '/home/kaibuchisoma/robocon_ws/install/robocon2023_b_dash/share/robocon2023_b_dash/package.bash'
[15.426s] INFO:colcon.colcon_core.shell:Creating package script '/home/kaibuchisoma/robocon_ws/install/robocon2023_b_dash/share/robocon2023_b_dash/package.zsh'
[15.426s] Level 1:colcon.colcon_core.environment:create_file_with_runtime_dependencies(/home/kaibuchisoma/robocon_ws/install/robocon2023_b_dash/share/colcon-core/packages/robocon2023_b_dash)
[15.426s] DEBUG:colcon.colcon_parallel_executor.executor.parallel:closing loop
[15.427s] DEBUG:colcon.colcon_parallel_executor.executor.parallel:loop closed
[15.427s] DEBUG:colcon.colcon_parallel_executor.executor.parallel:run_until_complete finished with '0'
[15.427s] DEBUG:colcon.colcon_core.event_reactor:joining thread
[15.452s] INFO:colcon.colcon_core.plugin_system:Skipping extension 'colcon_notification.desktop_notification.terminal_notifier': Not used on non-Darwin systems
[15.452s] INFO:colcon.colcon_core.plugin_system:Skipping extension 'colcon_notification.desktop_notification.win32': Not used on non-Windows systems
[15.452s] INFO:colcon.colcon_notification.desktop_notification:Sending desktop notification using 'notify2'
[15.464s] DEBUG:colcon.colcon_core.event_reactor:joined thread
[15.480s] INFO:colcon.colcon_core.shell:Creating prefix script '/home/kaibuchisoma/robocon_ws/install/local_setup.ps1'
[15.481s] INFO:colcon.colcon_core.shell:Creating prefix util module '/home/kaibuchisoma/robocon_ws/install/_local_setup_util_ps1.py'
[15.482s] INFO:colcon.colcon_core.shell:Creating prefix chain script '/home/kaibuchisoma/robocon_ws/install/setup.ps1'
[15.498s] INFO:colcon.colcon_core.shell:Creating prefix script '/home/kaibuchisoma/robocon_ws/install/local_setup.sh'
[15.499s] INFO:colcon.colcon_core.shell:Creating prefix util module '/home/kaibuchisoma/robocon_ws/install/_local_setup_util_sh.py'
[15.500s] INFO:colcon.colcon_core.shell:Creating prefix chain script '/home/kaibuchisoma/robocon_ws/install/setup.sh'
[15.517s] INFO:colcon.colcon_core.shell:Creating prefix script '/home/kaibuchisoma/robocon_ws/install/local_setup.bash'
[15.517s] INFO:colcon.colcon_core.shell:Creating prefix chain script '/home/kaibuchisoma/robocon_ws/install/setup.bash'
[15.534s] INFO:colcon.colcon_core.shell:Creating prefix script '/home/kaibuchisoma/robocon_ws/install/local_setup.zsh'
[15.535s] INFO:colcon.colcon_core.shell:Creating prefix chain script '/home/kaibuchisoma/robocon_ws/install/setup.zsh'
