[0.494s] Invoking command in '/home/ros-industrial/robocon_ws/build/robocon2023_b_dash': CMAKE_PREFIX_PATH=${CMAKE_PREFIX_PATH}:/opt/ros/foxy /usr/bin/cmake --build /home/ros-industrial/robocon_ws/build/robocon2023_b_dash -- -j8 -l8
[0.552s] [ 10%] Built target BeltLiner_Controller
[0.566s] [35m[1mScanning dependencies of target RopeMotion[0m
[0.591s] [ 15%] [32mBuilding CXX object CMakeFiles/RopeMotion.dir/src/Rope_Motion.cpp.o[0m
[1.983s] In file included from [01m[K/home/ros-industrial/robocon_ws/src/robocon2023_b_dash/src/Rope_Motion.hpp:7[m[K,
[1.983s]                  from [01m[K/home/ros-industrial/robocon_ws/src/robocon2023_b_dash/src/Rope_Motion.cpp:2[m[K:
[1.983s] [01m[K/home/ros-industrial/robocon_ws/src/robocon2023_b_dash/src/RoboconMsg/ABU2023_GenericOutput_Header.h:19:2:[m[K [01;35m[Kwarning: [m[KISO C++ prohibits anonymous structs [[01;35m[K-Wpedantic[m[K]
[1.983s]    19 |  [01;35m[K}[m[K;
[1.983s]       |  [01;35m[K^[m[K
[5.434s] [ 20%] [32m[1mLinking CXX executable RopeMotion[0m
[5.588s] [ 20%] Built target RopeMotion
[5.608s] [ 30%] Built target Upper_Controller
[5.615s] [35m[1mScanning dependencies of target WallUpMotion[0m
[5.632s] [ 35%] [32mBuilding CXX object CMakeFiles/WallUpMotion.dir/src/WallUp_Motion.cpp.o[0m
[6.379s] In file included from [01m[K/home/ros-industrial/robocon_ws/src/robocon2023_b_dash/src/WallUp_Motion.hpp:7[m[K,
[6.379s]                  from [01m[K/home/ros-industrial/robocon_ws/src/robocon2023_b_dash/src/WallUp_Motion.cpp:2[m[K:
[6.379s] [01m[K/home/ros-industrial/robocon_ws/src/robocon2023_b_dash/src/RoboconMsg/ABU2023_GenericOutput_Header.h:19:2:[m[K [01;35m[Kwarning: [m[KISO C++ prohibits anonymous structs [[01;35m[K-Wpedantic[m[K]
[6.380s]    19 |  [01;35m[K}[m[K;
[6.380s]       |  [01;35m[K^[m[K
[8.829s] [ 40%] [32m[1mLinking CXX executable WallUpMotion[0m
[9.008s] [ 40%] Built target WallUpMotion
[9.031s] [ 50%] Built target Crawl_Controller
[9.050s] [ 60%] Built target Drive_Controller
[9.057s] [35m[1mScanning dependencies of target DriveMotion[0m
[9.075s] [ 65%] [32mBuilding CXX object CMakeFiles/DriveMotion.dir/src/Drive_Motion.cpp.o[0m
[9.779s] In file included from [01m[K/home/ros-industrial/robocon_ws/src/robocon2023_b_dash/src/Drive_Motion.hpp:7[m[K,
[9.780s]                  from [01m[K/home/ros-industrial/robocon_ws/src/robocon2023_b_dash/src/Drive_Motion.cpp:2[m[K:
[9.780s] [01m[K/home/ros-industrial/robocon_ws/src/robocon2023_b_dash/src/RoboconMsg/ABU2023_GenericOutput_Header.h:19:2:[m[K [01;35m[Kwarning: [m[KISO C++ prohibits anonymous structs [[01;35m[K-Wpedantic[m[K]
[9.780s]    19 |  [01;35m[K}[m[K;
[9.780s]       |  [01;35m[K^[m[K
[12.222s] [ 70%] [32m[1mLinking CXX executable DriveMotion[0m
[12.379s] [ 70%] Built target DriveMotion
[12.403s] [ 80%] Built target Xmove_Controller
[12.405s] [ 90%] Built target Solenoid_Controller
[12.407s] [100%] Built target SerialKIMD
[12.415s] Invoked command in '/home/ros-industrial/robocon_ws/build/robocon2023_b_dash' returned '0': CMAKE_PREFIX_PATH=${CMAKE_PREFIX_PATH}:/opt/ros/foxy /usr/bin/cmake --build /home/ros-industrial/robocon_ws/build/robocon2023_b_dash -- -j8 -l8
[12.449s] Invoking command in '/home/ros-industrial/robocon_ws/build/robocon2023_b_dash': CMAKE_PREFIX_PATH=${CMAKE_PREFIX_PATH}:/opt/ros/foxy /usr/bin/cmake --install /home/ros-industrial/robocon_ws/build/robocon2023_b_dash
[12.454s] -- Install configuration: ""
[12.454s] -- Up-to-date: /home/ros-industrial/robocon_ws/install/robocon2023_b_dash/lib/robocon2023_b_dash/SerialKIMD
[12.454s] -- Up-to-date: /home/ros-industrial/robocon_ws/install/robocon2023_b_dash/lib/robocon2023_b_dash/Xmove_Controller
[12.454s] -- Installing: /home/ros-industrial/robocon_ws/install/robocon2023_b_dash/lib/robocon2023_b_dash/DriveMotion
[12.456s] -- Set runtime path of "/home/ros-industrial/robocon_ws/install/robocon2023_b_dash/lib/robocon2023_b_dash/DriveMotion" to ""
[12.456s] -- Up-to-date: /home/ros-industrial/robocon_ws/install/robocon2023_b_dash/lib/robocon2023_b_dash/Drive_Controller
[12.456s] -- Up-to-date: /home/ros-industrial/robocon_ws/install/robocon2023_b_dash/lib/robocon2023_b_dash/Upper_Controller
[12.456s] -- Installing: /home/ros-industrial/robocon_ws/install/robocon2023_b_dash/lib/robocon2023_b_dash/WallUpMotion
[12.459s] -- Set runtime path of "/home/ros-industrial/robocon_ws/install/robocon2023_b_dash/lib/robocon2023_b_dash/WallUpMotion" to ""
[12.459s] -- Up-to-date: /home/ros-industrial/robocon_ws/install/robocon2023_b_dash/lib/robocon2023_b_dash/Crawl_Controller
[12.459s] -- Up-to-date: /home/ros-industrial/robocon_ws/install/robocon2023_b_dash/lib/robocon2023_b_dash/Solenoid_Controller
[12.459s] -- Up-to-date: /home/ros-industrial/robocon_ws/install/robocon2023_b_dash/lib/robocon2023_b_dash/BeltLiner_Controller
[12.459s] -- Installing: /home/ros-industrial/robocon_ws/install/robocon2023_b_dash/lib/robocon2023_b_dash/RopeMotion
[12.461s] -- Set runtime path of "/home/ros-industrial/robocon_ws/install/robocon2023_b_dash/lib/robocon2023_b_dash/RopeMotion" to ""
[12.461s] -- Up-to-date: /home/ros-industrial/robocon_ws/install/robocon2023_b_dash/share/ament_index/resource_index/package_run_dependencies/robocon2023_b_dash
[12.461s] -- Up-to-date: /home/ros-industrial/robocon_ws/install/robocon2023_b_dash/share/ament_index/resource_index/parent_prefix_path/robocon2023_b_dash
[12.461s] -- Up-to-date: /home/ros-industrial/robocon_ws/install/robocon2023_b_dash/share/robocon2023_b_dash/environment/ament_prefix_path.sh
[12.461s] -- Up-to-date: /home/ros-industrial/robocon_ws/install/robocon2023_b_dash/share/robocon2023_b_dash/environment/ament_prefix_path.dsv
[12.461s] -- Up-to-date: /home/ros-industrial/robocon_ws/install/robocon2023_b_dash/share/robocon2023_b_dash/environment/path.sh
[12.461s] -- Up-to-date: /home/ros-industrial/robocon_ws/install/robocon2023_b_dash/share/robocon2023_b_dash/environment/path.dsv
[12.461s] -- Up-to-date: /home/ros-industrial/robocon_ws/install/robocon2023_b_dash/share/robocon2023_b_dash/local_setup.bash
[12.461s] -- Up-to-date: /home/ros-industrial/robocon_ws/install/robocon2023_b_dash/share/robocon2023_b_dash/local_setup.sh
[12.462s] -- Up-to-date: /home/ros-industrial/robocon_ws/install/robocon2023_b_dash/share/robocon2023_b_dash/local_setup.zsh
[12.462s] -- Up-to-date: /home/ros-industrial/robocon_ws/install/robocon2023_b_dash/share/robocon2023_b_dash/local_setup.dsv
[12.462s] -- Installing: /home/ros-industrial/robocon_ws/install/robocon2023_b_dash/share/robocon2023_b_dash/package.dsv
[12.462s] -- Up-to-date: /home/ros-industrial/robocon_ws/install/robocon2023_b_dash/share/ament_index/resource_index/packages/robocon2023_b_dash
[12.462s] -- Up-to-date: /home/ros-industrial/robocon_ws/install/robocon2023_b_dash/share/robocon2023_b_dash/cmake/robocon2023_b_dashConfig.cmake
[12.462s] -- Up-to-date: /home/ros-industrial/robocon_ws/install/robocon2023_b_dash/share/robocon2023_b_dash/cmake/robocon2023_b_dashConfig-version.cmake
[12.462s] -- Up-to-date: /home/ros-industrial/robocon_ws/install/robocon2023_b_dash/share/robocon2023_b_dash/package.xml
[12.463s] Invoked command in '/home/ros-industrial/robocon_ws/build/robocon2023_b_dash' returned '0': CMAKE_PREFIX_PATH=${CMAKE_PREFIX_PATH}:/opt/ros/foxy /usr/bin/cmake --install /home/ros-industrial/robocon_ws/build/robocon2023_b_dash
