[0.289s] Invoking command in '/home/roboconb/robocon_ws/build/robocon2023_b_dash': CMAKE_PREFIX_PATH=${CMAKE_PREFIX_PATH}:/home/roboconb/robocon_ws/install/fruit_detection:/opt/ros/humble /home/roboconb/.local/bin/cmake --build /home/roboconb/robocon_ws/build/robocon2023_b_dash -- -j8 -l8
[0.367s] [ 20%] Built target SerialKIMD
[0.368s] [ 40%] Built target Xmove_Controller
[0.370s] [ 60%] Built target Drive_Controller
[0.372s] [ 80%] Built target DriveMotion
[0.376s] [100%] Built target Upper_Controller
[0.388s] Invoked command in '/home/roboconb/robocon_ws/build/robocon2023_b_dash' returned '0': CMAKE_PREFIX_PATH=${CMAKE_PREFIX_PATH}:/home/roboconb/robocon_ws/install/fruit_detection:/opt/ros/humble /home/roboconb/.local/bin/cmake --build /home/roboconb/robocon_ws/build/robocon2023_b_dash -- -j8 -l8
[0.502s] Invoking command in '/home/roboconb/robocon_ws/build/robocon2023_b_dash': CMAKE_PREFIX_PATH=${CMAKE_PREFIX_PATH}:/home/roboconb/robocon_ws/install/fruit_detection:/opt/ros/humble /home/roboconb/.local/bin/cmake --install /home/roboconb/robocon_ws/build/robocon2023_b_dash
[0.552s] -- Install configuration: ""
[0.552s] -- Up-to-date: /home/roboconb/robocon_ws/install/robocon2023_b_dash/lib/robocon2023_b_dash/SerialKIMD
[0.554s] -- Up-to-date: /home/roboconb/robocon_ws/install/robocon2023_b_dash/lib/robocon2023_b_dash/Xmove_Controller
[0.554s] -- Up-to-date: /home/roboconb/robocon_ws/install/robocon2023_b_dash/lib/robocon2023_b_dash/DriveMotion
[0.555s] -- Up-to-date: /home/roboconb/robocon_ws/install/robocon2023_b_dash/lib/robocon2023_b_dash/Drive_Controller
[0.555s] -- Up-to-date: /home/roboconb/robocon_ws/install/robocon2023_b_dash/lib/robocon2023_b_dash/Upper_Controller
[0.555s] -- Up-to-date: /home/roboconb/robocon_ws/install/robocon2023_b_dash/share/ament_index/resource_index/package_run_dependencies/robocon2023_b_dash
[0.557s] -- Up-to-date: /home/roboconb/robocon_ws/install/robocon2023_b_dash/share/ament_index/resource_index/parent_prefix_path/robocon2023_b_dash
[0.557s] -- Up-to-date: /home/roboconb/robocon_ws/install/robocon2023_b_dash/share/robocon2023_b_dash/environment/ament_prefix_path.sh
[0.558s] -- Up-to-date: /home/roboconb/robocon_ws/install/robocon2023_b_dash/share/robocon2023_b_dash/environment/ament_prefix_path.dsv
[0.558s] -- Up-to-date: /home/roboconb/robocon_ws/install/robocon2023_b_dash/share/robocon2023_b_dash/environment/path.sh
[0.558s] -- Up-to-date: /home/roboconb/robocon_ws/install/robocon2023_b_dash/share/robocon2023_b_dash/environment/path.dsv
[0.559s] -- Up-to-date: /home/roboconb/robocon_ws/install/robocon2023_b_dash/share/robocon2023_b_dash/local_setup.bash
[0.559s] -- Up-to-date: /home/roboconb/robocon_ws/install/robocon2023_b_dash/share/robocon2023_b_dash/local_setup.sh
[0.559s] -- Up-to-date: /home/roboconb/robocon_ws/install/robocon2023_b_dash/share/robocon2023_b_dash/local_setup.zsh
[0.559s] -- Up-to-date: /home/roboconb/robocon_ws/install/robocon2023_b_dash/share/robocon2023_b_dash/local_setup.dsv
[0.560s] -- Installing: /home/roboconb/robocon_ws/install/robocon2023_b_dash/share/robocon2023_b_dash/package.dsv
[0.560s] -- Up-to-date: /home/roboconb/robocon_ws/install/robocon2023_b_dash/share/ament_index/resource_index/packages/robocon2023_b_dash
[0.560s] -- Up-to-date: /home/roboconb/robocon_ws/install/robocon2023_b_dash/share/robocon2023_b_dash/cmake/robocon2023_b_dashConfig.cmake
[0.562s] -- Up-to-date: /home/roboconb/robocon_ws/install/robocon2023_b_dash/share/robocon2023_b_dash/cmake/robocon2023_b_dashConfig-version.cmake
[0.562s] -- Up-to-date: /home/roboconb/robocon_ws/install/robocon2023_b_dash/share/robocon2023_b_dash/package.xml
[0.579s] Invoked command in '/home/roboconb/robocon_ws/build/robocon2023_b_dash' returned '0': CMAKE_PREFIX_PATH=${CMAKE_PREFIX_PATH}:/home/roboconb/robocon_ws/install/fruit_detection:/opt/ros/humble /home/roboconb/.local/bin/cmake --install /home/roboconb/robocon_ws/build/robocon2023_b_dash
