[0.770s] Invoking command in '/home/kaibuchisoma/robocon_ws/build/robocon2023_b_dash': CMAKE_PREFIX_PATH=${CMAKE_PREFIX_PATH}:/home/kaibuchisoma/robocon_ws/install/fruit_detection:/opt/ros/humble /usr/bin/cmake /home/kaibuchisoma/robocon_ws/src/robocon2023_b_dash -DCMAKE_INSTALL_PREFIX=/home/kaibuchisoma/robocon_ws/install/robocon2023_b_dash
[0.853s] -- The C compiler identification is GNU 11.4.0
[0.943s] -- The CXX compiler identification is GNU 11.4.0
[0.958s] -- Detecting C compiler ABI info
[1.082s] -- Detecting C compiler ABI info - done
[1.097s] -- Check for working C compiler: /usr/bin/cc - skipped
[1.097s] -- Detecting C compile features
[1.098s] -- Detecting C compile features - done
[1.103s] -- Detecting CXX compiler ABI info
[1.257s] -- Detecting CXX compiler ABI info - done
[1.271s] -- Check for working CXX compiler: /usr/bin/c++ - skipped
[1.271s] -- Detecting CXX compile features
[1.272s] -- Detecting CXX compile features - done
[1.278s] -- Found ament_cmake: 1.3.5 (/opt/ros/humble/share/ament_cmake/cmake)
[1.615s] -- Found Python3: /usr/bin/python3.10 (found version "3.10.12") found components: Interpreter 
[1.791s] -- Found rclcpp: 16.0.6 (/opt/ros/humble/share/rclcpp/cmake)
[1.867s] -- Found rosidl_generator_c: 3.1.5 (/opt/ros/humble/share/rosidl_generator_c/cmake)
[1.876s] -- Found rosidl_adapter: 3.1.5 (/opt/ros/humble/share/rosidl_adapter/cmake)
[1.891s] -- Found rosidl_generator_cpp: 3.1.5 (/opt/ros/humble/share/rosidl_generator_cpp/cmake)
[1.912s] -- Using all available rosidl_typesupport_c: rosidl_typesupport_fastrtps_c;rosidl_typesupport_introspection_c
[1.957s] -- Using all available rosidl_typesupport_cpp: rosidl_typesupport_fastrtps_cpp;rosidl_typesupport_introspection_cpp
[2.076s] -- Found rmw_implementation_cmake: 6.1.1 (/opt/ros/humble/share/rmw_implementation_cmake/cmake)
[2.081s] -- Found rmw_fastrtps_cpp: 6.2.4 (/opt/ros/humble/share/rmw_fastrtps_cpp/cmake)
[2.285s] -- Found OpenSSL: /usr/lib/x86_64-linux-gnu/libcrypto.so (found version "3.0.2")  
[2.327s] -- Found FastRTPS: /opt/ros/humble/include  
[2.407s] -- Using RMW implementation 'rmw_fastrtps_cpp' as default
[2.423s] -- Looking for pthread.h
[2.527s] -- Looking for pthread.h - found
[2.527s] -- Performing Test CMAKE_HAVE_LIBC_PTHREAD
[2.661s] -- Performing Test CMAKE_HAVE_LIBC_PTHREAD - Success
[2.663s] -- Found Threads: TRUE  
[2.974s] -- Found sensor_msgs: 4.2.3 (/opt/ros/humble/share/sensor_msgs/cmake)
[3.162s] -- Found ament_lint_auto: 0.12.8 (/opt/ros/humble/share/ament_lint_auto/cmake)
[3.281s] -- Added test 'copyright' to check source files copyright and LICENSE
[3.316s] -- Added test 'cppcheck' to perform static code analysis on C / C++ code
[3.316s] -- Configured cppcheck include dirs: 
[3.316s] -- Configured cppcheck exclude dirs and/or files: 
[3.352s] -- Added test 'cpplint' to check C / C++ code against the Google style
[3.353s] -- Configured cpplint exclude dirs and/or files: 
[3.357s] -- Added test 'flake8' to check Python code syntax and style conventions
[3.368s] -- Added test 'lint_cmake' to check CMake code style
[3.373s] -- Added test 'pep257' to check Python code against some of the docstring style conventions in PEP 257
[3.407s] -- Added test 'uncrustify' to check C / C++ code style
[3.407s] -- Configured uncrustify additional arguments: 
[3.412s] -- Added test 'xmllint' to check XML markup files
[3.414s] -- Configuring done
[3.506s] -- Generating done
[3.506s] -- Build files have been written to: /home/kaibuchisoma/robocon_ws/build/robocon2023_b_dash
[3.698s] Invoked command in '/home/kaibuchisoma/robocon_ws/build/robocon2023_b_dash' returned '0': CMAKE_PREFIX_PATH=${CMAKE_PREFIX_PATH}:/home/kaibuchisoma/robocon_ws/install/fruit_detection:/opt/ros/humble /usr/bin/cmake /home/kaibuchisoma/robocon_ws/src/robocon2023_b_dash -DCMAKE_INSTALL_PREFIX=/home/kaibuchisoma/robocon_ws/install/robocon2023_b_dash
[3.699s] Invoking command in '/home/kaibuchisoma/robocon_ws/build/robocon2023_b_dash': CMAKE_PREFIX_PATH=${CMAKE_PREFIX_PATH}:/home/kaibuchisoma/robocon_ws/install/fruit_detection:/opt/ros/humble /usr/bin/cmake --build /home/kaibuchisoma/robocon_ws/build/robocon2023_b_dash -- -j12 -l12
[3.754s] [35m[1mConsolidate compiler generated dependencies of target Upper_Controller[0m
[3.754s] [35m[1mConsolidate compiler generated dependencies of target DriveMotion[0m
[3.754s] [35m[1mConsolidate compiler generated dependencies of target Solenoid_Controller[0m
[3.755s] [35m[1mConsolidate compiler generated dependencies of target BeltLiner_Controller[0m
[3.756s] [35m[1mConsolidate compiler generated dependencies of target Xmove_Controller[0m
[3.760s] [35m[1mConsolidate compiler generated dependencies of target Drive_Controller[0m
[3.765s] [35m[1mConsolidate compiler generated dependencies of target SerialKIMD[0m
[3.766s] [35m[1mConsolidate compiler generated dependencies of target Crawl_Controller[0m
[3.767s] [35m[1mConsolidate compiler generated dependencies of target RopeMotion[0m
[3.769s] [35m[1mConsolidate compiler generated dependencies of target KiwiMotion[0m
[3.779s] [35m[1mConsolidate compiler generated dependencies of target WallUpMotion[0m
[3.786s] [35m[1mConsolidate compiler generated dependencies of target MotionMaster[0m
[3.807s] [  3%] [32mBuilding CXX object CMakeFiles/Upper_Controller.dir/src/Upper_Controller.cpp.o[0m
[3.807s] [ 10%] Built target DriveMotion
[3.807s] [ 17%] Built target SerialKIMD
[3.810s] [ 25%] Built target Solenoid_Controller
[3.811s] [ 32%] Built target Drive_Controller
[3.811s] [ 39%] Built target Xmove_Controller
[3.813s] [ 46%] Built target Crawl_Controller
[3.818s] [ 53%] Built target BeltLiner_Controller
[3.823s] [ 64%] Built target WallUpMotion
[3.827s] [ 75%] Built target KiwiMotion
[3.828s] [ 75%] Built target RopeMotion
[3.833s] [35m[1mConsolidate compiler generated dependencies of target Transmitter920[0m
[3.833s] [35m[1mConsolidate compiler generated dependencies of target Receiver920[0m
[3.834s] [ 82%] Built target MotionMaster
[3.865s] [ 96%] Built target Transmitter920
[3.865s] [ 96%] Built target Receiver920
[6.307s] In file included from [01m[K/home/kaibuchisoma/robocon_ws/src/robocon2023_b_dash/src/Upper_Controller.hpp:8[m[K,
[6.308s]                  from [01m[K/home/kaibuchisoma/robocon_ws/src/robocon2023_b_dash/src/Upper_Controller.cpp:2[m[K:
[6.308s] [01m[K/home/kaibuchisoma/robocon_ws/src/robocon2023_b_dash/src/RoboconMsg/ABU2023_GenericOutput_Header.h:14:16:[m[K [01;35m[Kwarning: [m[KISO C++ prohibits anonymous structs [[01;35m[K]8;;https://gcc.gnu.org/onlinedocs/gcc/Warning-Options.html#index-Wpedantic-Wpedantic]8;;[m[K]
[6.308s]    14 |         struct [01;35m[K{[m[K
[6.308s]       |                [01;35m[K^[m[K
[14.078s] [100%] [32m[1mLinking CXX executable Upper_Controller[0m
[14.614s] [100%] Built target Upper_Controller
[14.631s] Invoked command in '/home/kaibuchisoma/robocon_ws/build/robocon2023_b_dash' returned '0': CMAKE_PREFIX_PATH=${CMAKE_PREFIX_PATH}:/home/kaibuchisoma/robocon_ws/install/fruit_detection:/opt/ros/humble /usr/bin/cmake --build /home/kaibuchisoma/robocon_ws/build/robocon2023_b_dash -- -j12 -l12
[14.700s] Invoking command in '/home/kaibuchisoma/robocon_ws/build/robocon2023_b_dash': CMAKE_PREFIX_PATH=${CMAKE_PREFIX_PATH}:/home/kaibuchisoma/robocon_ws/install/fruit_detection:/opt/ros/humble /usr/bin/cmake --install /home/kaibuchisoma/robocon_ws/build/robocon2023_b_dash
[14.709s] -- Install configuration: ""
[14.709s] -- Up-to-date: /home/kaibuchisoma/robocon_ws/install/robocon2023_b_dash/lib/robocon2023_b_dash/SerialKIMD
[14.709s] -- Up-to-date: /home/kaibuchisoma/robocon_ws/install/robocon2023_b_dash/lib/robocon2023_b_dash/Xmove_Controller
[14.710s] -- Up-to-date: /home/kaibuchisoma/robocon_ws/install/robocon2023_b_dash/lib/robocon2023_b_dash/DriveMotion
[14.710s] -- Up-to-date: /home/kaibuchisoma/robocon_ws/install/robocon2023_b_dash/lib/robocon2023_b_dash/Drive_Controller
[14.710s] -- Installing: /home/kaibuchisoma/robocon_ws/install/robocon2023_b_dash/lib/robocon2023_b_dash/Upper_Controller
[14.728s] -- Set runtime path of "/home/kaibuchisoma/robocon_ws/install/robocon2023_b_dash/lib/robocon2023_b_dash/Upper_Controller" to ""
[14.728s] -- Up-to-date: /home/kaibuchisoma/robocon_ws/install/robocon2023_b_dash/lib/robocon2023_b_dash/WallUpMotion
[14.728s] -- Up-to-date: /home/kaibuchisoma/robocon_ws/install/robocon2023_b_dash/lib/robocon2023_b_dash/Crawl_Controller
[14.729s] -- Up-to-date: /home/kaibuchisoma/robocon_ws/install/robocon2023_b_dash/lib/robocon2023_b_dash/Solenoid_Controller
[14.729s] -- Up-to-date: /home/kaibuchisoma/robocon_ws/install/robocon2023_b_dash/lib/robocon2023_b_dash/BeltLiner_Controller
[14.730s] -- Up-to-date: /home/kaibuchisoma/robocon_ws/install/robocon2023_b_dash/lib/robocon2023_b_dash/RopeMotion
[14.730s] -- Up-to-date: /home/kaibuchisoma/robocon_ws/install/robocon2023_b_dash/lib/robocon2023_b_dash/MotionMaster
[14.731s] -- Up-to-date: /home/kaibuchisoma/robocon_ws/install/robocon2023_b_dash/lib/robocon2023_b_dash/KiwiMotion
[14.731s] -- Up-to-date: /home/kaibuchisoma/robocon_ws/install/robocon2023_b_dash/lib/robocon2023_b_dash/Transmitter920
[14.731s] -- Up-to-date: /home/kaibuchisoma/robocon_ws/install/robocon2023_b_dash/lib/robocon2023_b_dash/Receiver920
[14.732s] -- Up-to-date: /home/kaibuchisoma/robocon_ws/install/robocon2023_b_dash/share/ament_index/resource_index/package_run_dependencies/robocon2023_b_dash
[14.732s] -- Up-to-date: /home/kaibuchisoma/robocon_ws/install/robocon2023_b_dash/share/ament_index/resource_index/parent_prefix_path/robocon2023_b_dash
[14.732s] -- Up-to-date: /home/kaibuchisoma/robocon_ws/install/robocon2023_b_dash/share/robocon2023_b_dash/environment/ament_prefix_path.sh
[14.732s] -- Installing: /home/kaibuchisoma/robocon_ws/install/robocon2023_b_dash/share/robocon2023_b_dash/environment/ament_prefix_path.dsv
[14.732s] -- Up-to-date: /home/kaibuchisoma/robocon_ws/install/robocon2023_b_dash/share/robocon2023_b_dash/environment/path.sh
[14.733s] -- Installing: /home/kaibuchisoma/robocon_ws/install/robocon2023_b_dash/share/robocon2023_b_dash/environment/path.dsv
[14.733s] -- Up-to-date: /home/kaibuchisoma/robocon_ws/install/robocon2023_b_dash/share/robocon2023_b_dash/local_setup.bash
[14.733s] -- Up-to-date: /home/kaibuchisoma/robocon_ws/install/robocon2023_b_dash/share/robocon2023_b_dash/local_setup.sh
[14.733s] -- Up-to-date: /home/kaibuchisoma/robocon_ws/install/robocon2023_b_dash/share/robocon2023_b_dash/local_setup.zsh
[14.733s] -- Installing: /home/kaibuchisoma/robocon_ws/install/robocon2023_b_dash/share/robocon2023_b_dash/local_setup.dsv
[14.733s] -- Installing: /home/kaibuchisoma/robocon_ws/install/robocon2023_b_dash/share/robocon2023_b_dash/package.dsv
[14.734s] -- Up-to-date: /home/kaibuchisoma/robocon_ws/install/robocon2023_b_dash/share/ament_index/resource_index/packages/robocon2023_b_dash
[14.734s] -- Up-to-date: /home/kaibuchisoma/robocon_ws/install/robocon2023_b_dash/share/robocon2023_b_dash/cmake/robocon2023_b_dashConfig.cmake
[14.734s] -- Up-to-date: /home/kaibuchisoma/robocon_ws/install/robocon2023_b_dash/share/robocon2023_b_dash/cmake/robocon2023_b_dashConfig-version.cmake
[14.734s] -- Up-to-date: /home/kaibuchisoma/robocon_ws/install/robocon2023_b_dash/share/robocon2023_b_dash/package.xml
[14.737s] Invoked command in '/home/kaibuchisoma/robocon_ws/build/robocon2023_b_dash' returned '0': CMAKE_PREFIX_PATH=${CMAKE_PREFIX_PATH}:/home/kaibuchisoma/robocon_ws/install/fruit_detection:/opt/ros/humble /usr/bin/cmake --install /home/kaibuchisoma/robocon_ws/build/robocon2023_b_dash
