[1.139s] DEBUG:colcon:Command line arguments: ['/usr/bin/colcon', 'build', '--cmake-clean-cache']
[1.139s] DEBUG:colcon:Parsed command line arguments: Namespace(log_base=None, log_level=None, verb_name='build', build_base='build', install_base='install', merge_install=False, symlink_install=False, test_result_base=None, continue_on_error=False, executor='parallel', parallel_workers=8, event_handlers=None, ignore_user_meta=False, metas=['./colcon.meta'], base_paths=['.'], packages_ignore=None, packages_ignore_regex=None, paths=None, packages_up_to=None, packages_up_to_regex=None, packages_above=None, packages_above_and_dependencies=None, packages_above_depth=None, packages_select_by_dep=None, packages_skip_by_dep=None, packages_skip_up_to=None, packages_select_build_failed=False, packages_skip_build_finished=False, packages_select_test_failures=False, packages_skip_test_passed=False, packages_select=None, packages_skip=None, packages_select_regex=None, packages_skip_regex=None, packages_start=None, packages_end=None, allow_overriding=[], cmake_args=None, cmake_target=None, cmake_target_skip_unavailable=False, cmake_clean_cache=True, cmake_clean_first=False, cmake_force_configure=False, ament_cmake_args=None, catkin_cmake_args=None, catkin_skip_building_tests=False, verb_parser=<colcon_defaults.argument_parser.defaults.DefaultArgumentsDecorator object at 0x7f99ba034610>, verb_extension=<colcon_core.verb.build.BuildVerb object at 0x7f99ba4d3940>, main=<bound method BuildVerb.main of <colcon_core.verb.build.BuildVerb object at 0x7f99ba4d3940>>)
[1.191s] Level 1:colcon.colcon_core.package_discovery:discover_packages(colcon_meta) check parameters
[1.191s] Level 1:colcon.colcon_core.package_discovery:discover_packages(recursive) check parameters
[1.191s] Level 1:colcon.colcon_core.package_discovery:discover_packages(ignore) check parameters
[1.191s] Level 1:colcon.colcon_core.package_discovery:discover_packages(path) check parameters
[1.191s] Level 1:colcon.colcon_core.package_discovery:discover_packages(colcon_meta) discover
[1.191s] Level 1:colcon.colcon_core.package_discovery:discover_packages(recursive) discover
[1.191s] INFO:colcon.colcon_core.package_discovery:Crawling recursively for packages in '/home/roboconb/RoboconDetectionFruit-master'
[1.191s] Level 1:colcon.colcon_core.package_identification:_identify(.) by extensions ['ignore', 'ignore_ament_install']
[1.191s] Level 1:colcon.colcon_core.package_identification:_identify(.) by extension 'ignore'
[1.191s] Level 1:colcon.colcon_core.package_identification:_identify(.) by extension 'ignore_ament_install'
[1.191s] Level 1:colcon.colcon_core.package_identification:_identify(.) by extensions ['colcon_pkg']
[1.191s] Level 1:colcon.colcon_core.package_identification:_identify(.) by extension 'colcon_pkg'
[1.191s] Level 1:colcon.colcon_core.package_identification:_identify(.) by extensions ['colcon_meta']
[1.191s] Level 1:colcon.colcon_core.package_identification:_identify(.) by extension 'colcon_meta'
[1.191s] Level 1:colcon.colcon_core.package_identification:_identify(.) by extensions ['ros']
[1.192s] Level 1:colcon.colcon_core.package_identification:_identify(.) by extension 'ros'
[1.203s] Level 1:colcon.colcon_core.package_identification:_identify(.) by extensions ['cmake', 'python']
[1.203s] Level 1:colcon.colcon_core.package_identification:_identify(.) by extension 'cmake'
[1.203s] Level 1:colcon.colcon_core.package_identification:_identify(.) by extension 'python'
[1.203s] Level 1:colcon.colcon_core.package_identification:_identify(.) by extensions ['python_setup_py']
[1.203s] Level 1:colcon.colcon_core.package_identification:_identify(.) by extension 'python_setup_py'
[1.203s] Level 1:colcon.colcon_core.package_identification:_identify(build) by extensions ['ignore', 'ignore_ament_install']
[1.203s] Level 1:colcon.colcon_core.package_identification:_identify(build) by extension 'ignore'
[1.203s] Level 1:colcon.colcon_core.package_identification:_identify(build) ignored
[1.203s] Level 1:colcon.colcon_core.package_identification:_identify(install) by extensions ['ignore', 'ignore_ament_install']
[1.204s] Level 1:colcon.colcon_core.package_identification:_identify(install) by extension 'ignore'
[1.204s] Level 1:colcon.colcon_core.package_identification:_identify(install) ignored
[1.204s] Level 1:colcon.colcon_core.package_identification:_identify(log) by extensions ['ignore', 'ignore_ament_install']
[1.204s] Level 1:colcon.colcon_core.package_identification:_identify(log) by extension 'ignore'
[1.204s] Level 1:colcon.colcon_core.package_identification:_identify(log) ignored
[1.204s] Level 1:colcon.colcon_core.package_identification:_identify(src) by extensions ['ignore', 'ignore_ament_install']
[1.204s] Level 1:colcon.colcon_core.package_identification:_identify(src) by extension 'ignore'
[1.204s] Level 1:colcon.colcon_core.package_identification:_identify(src) by extension 'ignore_ament_install'
[1.204s] Level 1:colcon.colcon_core.package_identification:_identify(src) by extensions ['colcon_pkg']
[1.204s] Level 1:colcon.colcon_core.package_identification:_identify(src) by extension 'colcon_pkg'
[1.204s] Level 1:colcon.colcon_core.package_identification:_identify(src) by extensions ['colcon_meta']
[1.204s] Level 1:colcon.colcon_core.package_identification:_identify(src) by extension 'colcon_meta'
[1.205s] Level 1:colcon.colcon_core.package_identification:_identify(src) by extensions ['ros']
[1.205s] Level 1:colcon.colcon_core.package_identification:_identify(src) by extension 'ros'
[1.205s] Level 1:colcon.colcon_core.package_identification:_identify(src) by extensions ['cmake', 'python']
[1.205s] Level 1:colcon.colcon_core.package_identification:_identify(src) by extension 'cmake'
[1.205s] Level 1:colcon.colcon_core.package_identification:_identify(src) by extension 'python'
[1.205s] Level 1:colcon.colcon_core.package_identification:_identify(src) by extensions ['python_setup_py']
[1.205s] Level 1:colcon.colcon_core.package_identification:_identify(src) by extension 'python_setup_py'
[1.205s] Level 1:colcon.colcon_core.package_identification:_identify(src/build) by extensions ['ignore', 'ignore_ament_install']
[1.205s] Level 1:colcon.colcon_core.package_identification:_identify(src/build) by extension 'ignore'
[1.205s] Level 1:colcon.colcon_core.package_identification:_identify(src/build) ignored
[1.205s] Level 1:colcon.colcon_core.package_identification:_identify(src/fruit_detection) by extensions ['ignore', 'ignore_ament_install']
[1.205s] Level 1:colcon.colcon_core.package_identification:_identify(src/fruit_detection) by extension 'ignore'
[1.205s] Level 1:colcon.colcon_core.package_identification:_identify(src/fruit_detection) by extension 'ignore_ament_install'
[1.205s] Level 1:colcon.colcon_core.package_identification:_identify(src/fruit_detection) by extensions ['colcon_pkg']
[1.205s] Level 1:colcon.colcon_core.package_identification:_identify(src/fruit_detection) by extension 'colcon_pkg'
[1.205s] Level 1:colcon.colcon_core.package_identification:_identify(src/fruit_detection) by extensions ['colcon_meta']
[1.205s] Level 1:colcon.colcon_core.package_identification:_identify(src/fruit_detection) by extension 'colcon_meta'
[1.205s] Level 1:colcon.colcon_core.package_identification:_identify(src/fruit_detection) by extensions ['ros']
[1.206s] Level 1:colcon.colcon_core.package_identification:_identify(src/fruit_detection) by extension 'ros'
[1.208s] DEBUG:colcon.colcon_core.package_identification:Package 'src/fruit_detection' with type 'ros.ament_python' and name 'fruit_detection'
[1.208s] Level 1:colcon.colcon_core.package_identification:_identify(src/install) by extensions ['ignore', 'ignore_ament_install']
[1.208s] Level 1:colcon.colcon_core.package_identification:_identify(src/install) by extension 'ignore'
[1.208s] Level 1:colcon.colcon_core.package_identification:_identify(src/install) ignored
[1.208s] Level 1:colcon.colcon_core.package_identification:_identify(src/log) by extensions ['ignore', 'ignore_ament_install']
[1.208s] Level 1:colcon.colcon_core.package_identification:_identify(src/log) by extension 'ignore'
[1.208s] Level 1:colcon.colcon_core.package_identification:_identify(src/log) ignored
[1.209s] Level 1:colcon.colcon_core.package_identification:_identify(src/robocon2023_b_dash) by extensions ['ignore', 'ignore_ament_install']
[1.209s] Level 1:colcon.colcon_core.package_identification:_identify(src/robocon2023_b_dash) by extension 'ignore'
[1.209s] Level 1:colcon.colcon_core.package_identification:_identify(src/robocon2023_b_dash) by extension 'ignore_ament_install'
[1.209s] Level 1:colcon.colcon_core.package_identification:_identify(src/robocon2023_b_dash) by extensions ['colcon_pkg']
[1.209s] Level 1:colcon.colcon_core.package_identification:_identify(src/robocon2023_b_dash) by extension 'colcon_pkg'
[1.209s] Level 1:colcon.colcon_core.package_identification:_identify(src/robocon2023_b_dash) by extensions ['colcon_meta']
[1.209s] Level 1:colcon.colcon_core.package_identification:_identify(src/robocon2023_b_dash) by extension 'colcon_meta'
[1.209s] Level 1:colcon.colcon_core.package_identification:_identify(src/robocon2023_b_dash) by extensions ['ros']
[1.209s] Level 1:colcon.colcon_core.package_identification:_identify(src/robocon2023_b_dash) by extension 'ros'
[1.209s] DEBUG:colcon.colcon_core.package_identification:Package 'src/robocon2023_b_dash' with type 'ros.ament_cmake' and name 'robocon2023_b_dash'
[1.209s] Level 1:colcon.colcon_core.package_identification:_identify(src/ros_to_kimd) by extensions ['ignore', 'ignore_ament_install']
[1.210s] Level 1:colcon.colcon_core.package_identification:_identify(src/ros_to_kimd) by extension 'ignore'
[1.210s] Level 1:colcon.colcon_core.package_identification:_identify(src/ros_to_kimd) by extension 'ignore_ament_install'
[1.210s] Level 1:colcon.colcon_core.package_identification:_identify(src/ros_to_kimd) by extensions ['colcon_pkg']
[1.210s] Level 1:colcon.colcon_core.package_identification:_identify(src/ros_to_kimd) by extension 'colcon_pkg'
[1.210s] Level 1:colcon.colcon_core.package_identification:_identify(src/ros_to_kimd) by extensions ['colcon_meta']
[1.210s] Level 1:colcon.colcon_core.package_identification:_identify(src/ros_to_kimd) by extension 'colcon_meta'
[1.210s] Level 1:colcon.colcon_core.package_identification:_identify(src/ros_to_kimd) by extensions ['ros']
[1.210s] Level 1:colcon.colcon_core.package_identification:_identify(src/ros_to_kimd) by extension 'ros'
[1.210s] DEBUG:colcon.colcon_core.package_identification:Package 'src/ros_to_kimd' with type 'ros.ament_cmake' and name 'ros_to_kimd'
[1.210s] Level 1:colcon.colcon_core.package_discovery:discover_packages(recursive) using defaults
[1.210s] Level 1:colcon.colcon_core.package_discovery:discover_packages(ignore) discover
[1.210s] Level 1:colcon.colcon_core.package_discovery:discover_packages(ignore) using defaults
[1.210s] Level 1:colcon.colcon_core.package_discovery:discover_packages(path) discover
[1.210s] Level 1:colcon.colcon_core.package_discovery:discover_packages(path) using defaults
[1.320s] Level 1:colcon.colcon_core.package_discovery:discover_packages(prefix_path) check parameters
[1.321s] Level 1:colcon.colcon_core.package_discovery:discover_packages(prefix_path) discover
[1.354s] DEBUG:colcon.colcon_installed_package_information.package_discovery:Found 3 installed packages in /home/roboconb/RoboconDetectionFruit-master/install
[1.371s] DEBUG:colcon.colcon_installed_package_information.package_discovery:Found 270 installed packages in /opt/ros/humble
[1.372s] Level 1:colcon.colcon_core.package_discovery:discover_packages(prefix_path) using defaults
[1.485s] Level 5:colcon.colcon_core.verb:set package 'fruit_detection' build argument 'cmake_args' from command line to 'None'
[1.485s] Level 5:colcon.colcon_core.verb:set package 'fruit_detection' build argument 'cmake_target' from command line to 'None'
[1.485s] Level 5:colcon.colcon_core.verb:set package 'fruit_detection' build argument 'cmake_target_skip_unavailable' from command line to 'False'
[1.485s] Level 5:colcon.colcon_core.verb:set package 'fruit_detection' build argument 'cmake_clean_cache' from command line to 'True'
[1.485s] Level 5:colcon.colcon_core.verb:set package 'fruit_detection' build argument 'cmake_clean_first' from command line to 'False'
[1.485s] Level 5:colcon.colcon_core.verb:set package 'fruit_detection' build argument 'cmake_force_configure' from command line to 'False'
[1.485s] Level 5:colcon.colcon_core.verb:set package 'fruit_detection' build argument 'ament_cmake_args' from command line to 'None'
[1.485s] Level 5:colcon.colcon_core.verb:set package 'fruit_detection' build argument 'catkin_cmake_args' from command line to 'None'
[1.485s] Level 5:colcon.colcon_core.verb:set package 'fruit_detection' build argument 'catkin_skip_building_tests' from command line to 'False'
[1.485s] DEBUG:colcon.colcon_core.verb:Building package 'fruit_detection' with the following arguments: {'ament_cmake_args': None, 'build_base': '/home/roboconb/RoboconDetectionFruit-master/build/fruit_detection', 'catkin_cmake_args': None, 'catkin_skip_building_tests': False, 'cmake_args': None, 'cmake_clean_cache': True, 'cmake_clean_first': False, 'cmake_force_configure': False, 'cmake_target': None, 'cmake_target_skip_unavailable': False, 'install_base': '/home/roboconb/RoboconDetectionFruit-master/install/fruit_detection', 'merge_install': False, 'path': '/home/roboconb/RoboconDetectionFruit-master/src/fruit_detection', 'symlink_install': False, 'test_result_base': None}
[1.502s] Level 5:colcon.colcon_core.verb:set package 'robocon2023_b_dash' build argument 'cmake_args' from command line to 'None'
[1.502s] Level 5:colcon.colcon_core.verb:set package 'robocon2023_b_dash' build argument 'cmake_target' from command line to 'None'
[1.502s] Level 5:colcon.colcon_core.verb:set package 'robocon2023_b_dash' build argument 'cmake_target_skip_unavailable' from command line to 'False'
[1.502s] Level 5:colcon.colcon_core.verb:set package 'robocon2023_b_dash' build argument 'cmake_clean_cache' from command line to 'True'
[1.502s] Level 5:colcon.colcon_core.verb:set package 'robocon2023_b_dash' build argument 'cmake_clean_first' from command line to 'False'
[1.502s] Level 5:colcon.colcon_core.verb:set package 'robocon2023_b_dash' build argument 'cmake_force_configure' from command line to 'False'
[1.502s] Level 5:colcon.colcon_core.verb:set package 'robocon2023_b_dash' build argument 'ament_cmake_args' from command line to 'None'
[1.502s] Level 5:colcon.colcon_core.verb:set package 'robocon2023_b_dash' build argument 'catkin_cmake_args' from command line to 'None'
[1.503s] Level 5:colcon.colcon_core.verb:set package 'robocon2023_b_dash' build argument 'catkin_skip_building_tests' from command line to 'False'
[1.503s] DEBUG:colcon.colcon_core.verb:Building package 'robocon2023_b_dash' with the following arguments: {'ament_cmake_args': None, 'build_base': '/home/roboconb/RoboconDetectionFruit-master/build/robocon2023_b_dash', 'catkin_cmake_args': None, 'catkin_skip_building_tests': False, 'cmake_args': None, 'cmake_clean_cache': True, 'cmake_clean_first': False, 'cmake_force_configure': False, 'cmake_target': None, 'cmake_target_skip_unavailable': False, 'install_base': '/home/roboconb/RoboconDetectionFruit-master/install/robocon2023_b_dash', 'merge_install': False, 'path': '/home/roboconb/RoboconDetectionFruit-master/src/robocon2023_b_dash', 'symlink_install': False, 'test_result_base': None}
[1.518s] Level 5:colcon.colcon_core.verb:set package 'ros_to_kimd' build argument 'cmake_args' from command line to 'None'
[1.518s] Level 5:colcon.colcon_core.verb:set package 'ros_to_kimd' build argument 'cmake_target' from command line to 'None'
[1.518s] Level 5:colcon.colcon_core.verb:set package 'ros_to_kimd' build argument 'cmake_target_skip_unavailable' from command line to 'False'
[1.518s] Level 5:colcon.colcon_core.verb:set package 'ros_to_kimd' build argument 'cmake_clean_cache' from command line to 'True'
[1.518s] Level 5:colcon.colcon_core.verb:set package 'ros_to_kimd' build argument 'cmake_clean_first' from command line to 'False'
[1.518s] Level 5:colcon.colcon_core.verb:set package 'ros_to_kimd' build argument 'cmake_force_configure' from command line to 'False'
[1.518s] Level 5:colcon.colcon_core.verb:set package 'ros_to_kimd' build argument 'ament_cmake_args' from command line to 'None'
[1.518s] Level 5:colcon.colcon_core.verb:set package 'ros_to_kimd' build argument 'catkin_cmake_args' from command line to 'None'
[1.519s] Level 5:colcon.colcon_core.verb:set package 'ros_to_kimd' build argument 'catkin_skip_building_tests' from command line to 'False'
[1.519s] DEBUG:colcon.colcon_core.verb:Building package 'ros_to_kimd' with the following arguments: {'ament_cmake_args': None, 'build_base': '/home/roboconb/RoboconDetectionFruit-master/build/ros_to_kimd', 'catkin_cmake_args': None, 'catkin_skip_building_tests': False, 'cmake_args': None, 'cmake_clean_cache': True, 'cmake_clean_first': False, 'cmake_force_configure': False, 'cmake_target': None, 'cmake_target_skip_unavailable': False, 'install_base': '/home/roboconb/RoboconDetectionFruit-master/install/ros_to_kimd', 'merge_install': False, 'path': '/home/roboconb/RoboconDetectionFruit-master/src/ros_to_kimd', 'symlink_install': False, 'test_result_base': None}
[1.533s] INFO:colcon.colcon_core.executor:Executing jobs using 'parallel' executor
[1.550s] DEBUG:colcon.colcon_parallel_executor.executor.parallel:run_until_complete
[1.550s] INFO:colcon.colcon_ros.task.ament_python.build:Building ROS package in '/home/roboconb/RoboconDetectionFruit-master/src/fruit_detection' with build type 'ament_python'
[1.550s] Level 1:colcon.colcon_core.shell:create_environment_hook('fruit_detection', 'ament_prefix_path')
[1.568s] INFO:colcon.colcon_core.plugin_system:Skipping extension 'colcon_core.shell.bat': Not used on non-Windows systems
[1.568s] INFO:colcon.colcon_core.shell:Creating environment hook '/home/roboconb/RoboconDetectionFruit-master/install/fruit_detection/share/fruit_detection/hook/ament_prefix_path.ps1'
[1.569s] INFO:colcon.colcon_core.shell:Creating environment descriptor '/home/roboconb/RoboconDetectionFruit-master/install/fruit_detection/share/fruit_detection/hook/ament_prefix_path.dsv'
[1.569s] INFO:colcon.colcon_core.shell:Creating environment hook '/home/roboconb/RoboconDetectionFruit-master/install/fruit_detection/share/fruit_detection/hook/ament_prefix_path.sh'
[1.585s] INFO:colcon.colcon_core.shell:Skip shell extension 'powershell' for command environment: Not usable outside of PowerShell
[1.585s] DEBUG:colcon.colcon_core.shell:Skip shell extension 'dsv' for command environment
[1.638s] INFO:colcon.colcon_ros.task.ament_cmake.build:Building ROS package in '/home/roboconb/RoboconDetectionFruit-master/src/robocon2023_b_dash' with build type 'ament_cmake'
[1.638s] INFO:colcon.colcon_cmake.task.cmake.build:Building CMake package in '/home/roboconb/RoboconDetectionFruit-master/src/robocon2023_b_dash'
[1.655s] INFO:colcon.colcon_core.shell:Skip shell extension 'powershell' for command environment: Not usable outside of PowerShell
[1.655s] DEBUG:colcon.colcon_core.shell:Skip shell extension 'dsv' for command environment
[1.709s] INFO:colcon.colcon_ros.task.ament_cmake.build:Building ROS package in '/home/roboconb/RoboconDetectionFruit-master/src/ros_to_kimd' with build type 'ament_cmake'
[1.709s] INFO:colcon.colcon_cmake.task.cmake.build:Building CMake package in '/home/roboconb/RoboconDetectionFruit-master/src/ros_to_kimd'
[1.734s] INFO:colcon.colcon_core.shell:Skip shell extension 'powershell' for command environment: Not usable outside of PowerShell
[1.734s] DEBUG:colcon.colcon_core.shell:Skip shell extension 'dsv' for command environment
[2.105s] INFO:colcon.colcon_core.task.python.build:Building Python package in '/home/roboconb/RoboconDetectionFruit-master/src/fruit_detection'
[2.128s] INFO:colcon.colcon_core.shell:Skip shell extension 'powershell' for command environment: Not usable outside of PowerShell
[2.129s] DEBUG:colcon.colcon_core.shell:Skip shell extension 'dsv' for command environment
[2.193s] DEBUG:colcon.colcon_core.event_handler.log_command:Invoking command in '/home/roboconb/RoboconDetectionFruit-master/build/robocon2023_b_dash': CMAKE_PREFIX_PATH=${CMAKE_PREFIX_PATH}:/home/roboconb/RoboconDetectionFruit-master/install/fruit_detection:/opt/ros/humble /usr/bin/cmake /home/roboconb/RoboconDetectionFruit-master/src/robocon2023_b_dash -DCMAKE_INSTALL_PREFIX=/home/roboconb/RoboconDetectionFruit-master/install/robocon2023_b_dash
[2.198s] DEBUG:colcon.colcon_core.event_handler.log_command:Invoking command in '/home/roboconb/RoboconDetectionFruit-master/build/ros_to_kimd': CMAKE_PREFIX_PATH=${CMAKE_PREFIX_PATH}:/home/roboconb/RoboconDetectionFruit-master/install/fruit_detection:/opt/ros/humble /usr/bin/cmake /home/roboconb/RoboconDetectionFruit-master/src/ros_to_kimd -DCMAKE_INSTALL_PREFIX=/home/roboconb/RoboconDetectionFruit-master/install/ros_to_kimd
[2.683s] DEBUG:colcon.colcon_core.event_handler.log_command:Invoking command in '/home/roboconb/RoboconDetectionFruit-master/src/fruit_detection': PYTHONPATH=/home/roboconb/RoboconDetectionFruit-master/build/fruit_detection/prefix_override:/home/roboconb/RoboconDetectionFruit-master/install/fruit_detection/lib/python3.10/site-packages:${PYTHONPATH} /usr/bin/python3 setup.py egg_info --egg-base ../../build/fruit_detection build --build-base /home/roboconb/RoboconDetectionFruit-master/build/fruit_detection/build install --record /home/roboconb/RoboconDetectionFruit-master/build/fruit_detection/install.log --single-version-externally-managed
[3.192s] DEBUG:colcon.colcon_core.event_handler.log_command:Invoked command in '/home/roboconb/RoboconDetectionFruit-master/src/fruit_detection' returned '0': PYTHONPATH=/home/roboconb/RoboconDetectionFruit-master/build/fruit_detection/prefix_override:/home/roboconb/RoboconDetectionFruit-master/install/fruit_detection/lib/python3.10/site-packages:${PYTHONPATH} /usr/bin/python3 setup.py egg_info --egg-base ../../build/fruit_detection build --build-base /home/roboconb/RoboconDetectionFruit-master/build/fruit_detection/build install --record /home/roboconb/RoboconDetectionFruit-master/build/fruit_detection/install.log --single-version-externally-managed
[3.217s] Level 1:colcon.colcon_core.environment:checking '/home/roboconb/RoboconDetectionFruit-master/install/fruit_detection' for CMake module files
[3.217s] Level 1:colcon.colcon_core.environment:checking '/home/roboconb/RoboconDetectionFruit-master/install/fruit_detection' for CMake config files
[3.218s] Level 1:colcon.colcon_core.environment:checking '/home/roboconb/RoboconDetectionFruit-master/install/fruit_detection/lib'
[3.218s] Level 1:colcon.colcon_core.environment:checking '/home/roboconb/RoboconDetectionFruit-master/install/fruit_detection/bin'
[3.218s] Level 1:colcon.colcon_core.environment:checking '/home/roboconb/RoboconDetectionFruit-master/install/fruit_detection/lib/pkgconfig/fruit_detection.pc'
[3.219s] Level 1:colcon.colcon_core.environment:checking '/home/roboconb/RoboconDetectionFruit-master/install/fruit_detection/lib/python3.10/site-packages'
[3.219s] Level 1:colcon.colcon_core.shell:create_environment_hook('fruit_detection', 'pythonpath')
[3.244s] INFO:colcon.colcon_core.shell:Creating environment hook '/home/roboconb/RoboconDetectionFruit-master/install/fruit_detection/share/fruit_detection/hook/pythonpath.ps1'
[3.245s] INFO:colcon.colcon_core.shell:Creating environment descriptor '/home/roboconb/RoboconDetectionFruit-master/install/fruit_detection/share/fruit_detection/hook/pythonpath.dsv'
[3.245s] INFO:colcon.colcon_core.shell:Creating environment hook '/home/roboconb/RoboconDetectionFruit-master/install/fruit_detection/share/fruit_detection/hook/pythonpath.sh'
[3.246s] Level 1:colcon.colcon_core.environment:checking '/home/roboconb/RoboconDetectionFruit-master/install/fruit_detection/bin'
[3.246s] Level 1:colcon.colcon_core.environment:create_environment_scripts_only(fruit_detection)
[3.279s] INFO:colcon.colcon_core.shell:Creating package script '/home/roboconb/RoboconDetectionFruit-master/install/fruit_detection/share/fruit_detection/package.ps1'
[3.281s] INFO:colcon.colcon_core.shell:Creating package descriptor '/home/roboconb/RoboconDetectionFruit-master/install/fruit_detection/share/fruit_detection/package.dsv'
[3.283s] INFO:colcon.colcon_core.shell:Creating package script '/home/roboconb/RoboconDetectionFruit-master/install/fruit_detection/share/fruit_detection/package.sh'
[3.285s] INFO:colcon.colcon_core.shell:Creating package script '/home/roboconb/RoboconDetectionFruit-master/install/fruit_detection/share/fruit_detection/package.bash'
[3.286s] INFO:colcon.colcon_core.shell:Creating package script '/home/roboconb/RoboconDetectionFruit-master/install/fruit_detection/share/fruit_detection/package.zsh'
[3.288s] Level 1:colcon.colcon_core.environment:create_file_with_runtime_dependencies(/home/roboconb/RoboconDetectionFruit-master/install/fruit_detection/share/colcon-core/packages/fruit_detection)
[4.320s] DEBUG:colcon.colcon_core.event_handler.log_command:Invoked command in '/home/roboconb/RoboconDetectionFruit-master/build/ros_to_kimd' returned '0': CMAKE_PREFIX_PATH=${CMAKE_PREFIX_PATH}:/home/roboconb/RoboconDetectionFruit-master/install/fruit_detection:/opt/ros/humble /usr/bin/cmake /home/roboconb/RoboconDetectionFruit-master/src/ros_to_kimd -DCMAKE_INSTALL_PREFIX=/home/roboconb/RoboconDetectionFruit-master/install/ros_to_kimd
[4.322s] DEBUG:colcon.colcon_core.event_handler.log_command:Invoking command in '/home/roboconb/RoboconDetectionFruit-master/build/ros_to_kimd': CMAKE_PREFIX_PATH=${CMAKE_PREFIX_PATH}:/home/roboconb/RoboconDetectionFruit-master/install/fruit_detection:/opt/ros/humble /usr/bin/cmake --build /home/roboconb/RoboconDetectionFruit-master/build/ros_to_kimd -- -j8 -l8
[4.367s] DEBUG:colcon.colcon_core.event_handler.log_command:Invoked command in '/home/roboconb/RoboconDetectionFruit-master/build/robocon2023_b_dash' returned '0': CMAKE_PREFIX_PATH=${CMAKE_PREFIX_PATH}:/home/roboconb/RoboconDetectionFruit-master/install/fruit_detection:/opt/ros/humble /usr/bin/cmake /home/roboconb/RoboconDetectionFruit-master/src/robocon2023_b_dash -DCMAKE_INSTALL_PREFIX=/home/roboconb/RoboconDetectionFruit-master/install/robocon2023_b_dash
[4.369s] DEBUG:colcon.colcon_core.event_handler.log_command:Invoking command in '/home/roboconb/RoboconDetectionFruit-master/build/robocon2023_b_dash': CMAKE_PREFIX_PATH=${CMAKE_PREFIX_PATH}:/home/roboconb/RoboconDetectionFruit-master/install/fruit_detection:/opt/ros/humble /usr/bin/cmake --build /home/roboconb/RoboconDetectionFruit-master/build/robocon2023_b_dash -- -j8 -l8
[4.448s] DEBUG:colcon.colcon_core.event_handler.log_command:Invoked command in '/home/roboconb/RoboconDetectionFruit-master/build/ros_to_kimd' returned '0': CMAKE_PREFIX_PATH=${CMAKE_PREFIX_PATH}:/home/roboconb/RoboconDetectionFruit-master/install/fruit_detection:/opt/ros/humble /usr/bin/cmake --build /home/roboconb/RoboconDetectionFruit-master/build/ros_to_kimd -- -j8 -l8
[4.563s] DEBUG:colcon.colcon_core.event_handler.log_command:Invoking command in '/home/roboconb/RoboconDetectionFruit-master/build/ros_to_kimd': CMAKE_PREFIX_PATH=${CMAKE_PREFIX_PATH}:/home/roboconb/RoboconDetectionFruit-master/install/fruit_detection:/opt/ros/humble /usr/bin/cmake --install /home/roboconb/RoboconDetectionFruit-master/build/ros_to_kimd
[4.599s] Level 1:colcon.colcon_core.environment:create_environment_scripts_only(ros_to_kimd)
[4.604s] DEBUG:colcon.colcon_core.event_handler.log_command:Invoked command in '/home/roboconb/RoboconDetectionFruit-master/build/ros_to_kimd' returned '0': CMAKE_PREFIX_PATH=${CMAKE_PREFIX_PATH}:/home/roboconb/RoboconDetectionFruit-master/install/fruit_detection:/opt/ros/humble /usr/bin/cmake --install /home/roboconb/RoboconDetectionFruit-master/build/ros_to_kimd
[4.642s] Level 1:colcon.colcon_core.environment:checking '/home/roboconb/RoboconDetectionFruit-master/install/ros_to_kimd' for CMake module files
[4.643s] Level 1:colcon.colcon_core.environment:checking '/home/roboconb/RoboconDetectionFruit-master/install/ros_to_kimd' for CMake config files
[4.644s] Level 1:colcon.colcon_core.shell:create_environment_hook('ros_to_kimd', 'cmake_prefix_path')
[4.673s] INFO:colcon.colcon_core.shell:Creating environment hook '/home/roboconb/RoboconDetectionFruit-master/install/ros_to_kimd/share/ros_to_kimd/hook/cmake_prefix_path.ps1'
[4.674s] INFO:colcon.colcon_core.shell:Creating environment descriptor '/home/roboconb/RoboconDetectionFruit-master/install/ros_to_kimd/share/ros_to_kimd/hook/cmake_prefix_path.dsv'
[4.674s] INFO:colcon.colcon_core.shell:Creating environment hook '/home/roboconb/RoboconDetectionFruit-master/install/ros_to_kimd/share/ros_to_kimd/hook/cmake_prefix_path.sh'
[4.675s] Level 1:colcon.colcon_core.environment:checking '/home/roboconb/RoboconDetectionFruit-master/install/ros_to_kimd/lib'
[4.675s] Level 1:colcon.colcon_core.environment:checking '/home/roboconb/RoboconDetectionFruit-master/install/ros_to_kimd/bin'
[4.675s] Level 1:colcon.colcon_core.environment:checking '/home/roboconb/RoboconDetectionFruit-master/install/ros_to_kimd/lib/pkgconfig/ros_to_kimd.pc'
[4.676s] Level 1:colcon.colcon_core.environment:checking '/home/roboconb/RoboconDetectionFruit-master/install/ros_to_kimd/lib/python3.10/site-packages'
[4.676s] Level 1:colcon.colcon_core.environment:checking '/home/roboconb/RoboconDetectionFruit-master/install/ros_to_kimd/bin'
[4.696s] INFO:colcon.colcon_core.shell:Creating package script '/home/roboconb/RoboconDetectionFruit-master/install/ros_to_kimd/share/ros_to_kimd/package.ps1'
[4.697s] INFO:colcon.colcon_core.shell:Creating package descriptor '/home/roboconb/RoboconDetectionFruit-master/install/ros_to_kimd/share/ros_to_kimd/package.dsv'
[4.697s] INFO:colcon.colcon_core.shell:Creating package script '/home/roboconb/RoboconDetectionFruit-master/install/ros_to_kimd/share/ros_to_kimd/package.sh'
[4.698s] INFO:colcon.colcon_core.shell:Creating package script '/home/roboconb/RoboconDetectionFruit-master/install/ros_to_kimd/share/ros_to_kimd/package.bash'
[4.698s] INFO:colcon.colcon_core.shell:Creating package script '/home/roboconb/RoboconDetectionFruit-master/install/ros_to_kimd/share/ros_to_kimd/package.zsh'
[4.699s] Level 1:colcon.colcon_core.environment:create_file_with_runtime_dependencies(/home/roboconb/RoboconDetectionFruit-master/install/ros_to_kimd/share/colcon-core/packages/ros_to_kimd)
[4.701s] DEBUG:colcon.colcon_core.event_handler.log_command:Invoked command in '/home/roboconb/RoboconDetectionFruit-master/build/robocon2023_b_dash' returned '0': CMAKE_PREFIX_PATH=${CMAKE_PREFIX_PATH}:/home/roboconb/RoboconDetectionFruit-master/install/fruit_detection:/opt/ros/humble /usr/bin/cmake --build /home/roboconb/RoboconDetectionFruit-master/build/robocon2023_b_dash -- -j8 -l8
[4.758s] Level 1:colcon.colcon_core.environment:create_environment_scripts_only(ros_to_kimd)
[4.780s] Level 1:colcon.colcon_core.environment:checking '/home/roboconb/RoboconDetectionFruit-master/install/ros_to_kimd' for CMake module files
[4.780s] Level 1:colcon.colcon_core.environment:checking '/home/roboconb/RoboconDetectionFruit-master/install/ros_to_kimd' for CMake config files
[4.780s] Level 1:colcon.colcon_core.shell:create_environment_hook('ros_to_kimd', 'cmake_prefix_path')
[4.802s] INFO:colcon.colcon_core.shell:Creating environment hook '/home/roboconb/RoboconDetectionFruit-master/install/ros_to_kimd/share/ros_to_kimd/hook/cmake_prefix_path.ps1'
[4.803s] INFO:colcon.colcon_core.shell:Creating environment descriptor '/home/roboconb/RoboconDetectionFruit-master/install/ros_to_kimd/share/ros_to_kimd/hook/cmake_prefix_path.dsv'
[4.803s] INFO:colcon.colcon_core.shell:Creating environment hook '/home/roboconb/RoboconDetectionFruit-master/install/ros_to_kimd/share/ros_to_kimd/hook/cmake_prefix_path.sh'
[4.804s] Level 1:colcon.colcon_core.environment:checking '/home/roboconb/RoboconDetectionFruit-master/install/ros_to_kimd/lib'
[4.804s] Level 1:colcon.colcon_core.environment:checking '/home/roboconb/RoboconDetectionFruit-master/install/ros_to_kimd/bin'
[4.804s] Level 1:colcon.colcon_core.environment:checking '/home/roboconb/RoboconDetectionFruit-master/install/ros_to_kimd/lib/pkgconfig/ros_to_kimd.pc'
[4.804s] Level 1:colcon.colcon_core.environment:checking '/home/roboconb/RoboconDetectionFruit-master/install/ros_to_kimd/lib/python3.10/site-packages'
[4.805s] Level 1:colcon.colcon_core.environment:checking '/home/roboconb/RoboconDetectionFruit-master/install/ros_to_kimd/bin'
[4.827s] INFO:colcon.colcon_core.shell:Creating package script '/home/roboconb/RoboconDetectionFruit-master/install/ros_to_kimd/share/ros_to_kimd/package.ps1'
[4.827s] INFO:colcon.colcon_core.shell:Creating package descriptor '/home/roboconb/RoboconDetectionFruit-master/install/ros_to_kimd/share/ros_to_kimd/package.dsv'
[4.828s] INFO:colcon.colcon_core.shell:Creating package script '/home/roboconb/RoboconDetectionFruit-master/install/ros_to_kimd/share/ros_to_kimd/package.sh'
[4.828s] INFO:colcon.colcon_core.shell:Creating package script '/home/roboconb/RoboconDetectionFruit-master/install/ros_to_kimd/share/ros_to_kimd/package.bash'
[4.829s] INFO:colcon.colcon_core.shell:Creating package script '/home/roboconb/RoboconDetectionFruit-master/install/ros_to_kimd/share/ros_to_kimd/package.zsh'
[4.829s] Level 1:colcon.colcon_core.environment:create_file_with_runtime_dependencies(/home/roboconb/RoboconDetectionFruit-master/install/ros_to_kimd/share/colcon-core/packages/ros_to_kimd)
[4.832s] DEBUG:colcon.colcon_core.event_handler.log_command:Invoking command in '/home/roboconb/RoboconDetectionFruit-master/build/robocon2023_b_dash': CMAKE_PREFIX_PATH=${CMAKE_PREFIX_PATH}:/home/roboconb/RoboconDetectionFruit-master/install/fruit_detection:/opt/ros/humble /usr/bin/cmake --install /home/roboconb/RoboconDetectionFruit-master/build/robocon2023_b_dash
[4.849s] Level 1:colcon.colcon_core.environment:create_environment_scripts_only(robocon2023_b_dash)
[4.850s] DEBUG:colcon.colcon_core.event_handler.log_command:Invoked command in '/home/roboconb/RoboconDetectionFruit-master/build/robocon2023_b_dash' returned '0': CMAKE_PREFIX_PATH=${CMAKE_PREFIX_PATH}:/home/roboconb/RoboconDetectionFruit-master/install/fruit_detection:/opt/ros/humble /usr/bin/cmake --install /home/roboconb/RoboconDetectionFruit-master/build/robocon2023_b_dash
[4.870s] Level 1:colcon.colcon_core.environment:checking '/home/roboconb/RoboconDetectionFruit-master/install/robocon2023_b_dash' for CMake module files
[4.871s] Level 1:colcon.colcon_core.environment:checking '/home/roboconb/RoboconDetectionFruit-master/install/robocon2023_b_dash' for CMake config files
[4.872s] Level 1:colcon.colcon_core.shell:create_environment_hook('robocon2023_b_dash', 'cmake_prefix_path')
[4.904s] INFO:colcon.colcon_core.shell:Creating environment hook '/home/roboconb/RoboconDetectionFruit-master/install/robocon2023_b_dash/share/robocon2023_b_dash/hook/cmake_prefix_path.ps1'
[4.905s] INFO:colcon.colcon_core.shell:Creating environment descriptor '/home/roboconb/RoboconDetectionFruit-master/install/robocon2023_b_dash/share/robocon2023_b_dash/hook/cmake_prefix_path.dsv'
[4.905s] INFO:colcon.colcon_core.shell:Creating environment hook '/home/roboconb/RoboconDetectionFruit-master/install/robocon2023_b_dash/share/robocon2023_b_dash/hook/cmake_prefix_path.sh'
[4.906s] Level 1:colcon.colcon_core.environment:checking '/home/roboconb/RoboconDetectionFruit-master/install/robocon2023_b_dash/lib'
[4.906s] Level 1:colcon.colcon_core.environment:checking '/home/roboconb/RoboconDetectionFruit-master/install/robocon2023_b_dash/bin'
[4.906s] Level 1:colcon.colcon_core.environment:checking '/home/roboconb/RoboconDetectionFruit-master/install/robocon2023_b_dash/lib/pkgconfig/robocon2023_b_dash.pc'
[4.906s] Level 1:colcon.colcon_core.environment:checking '/home/roboconb/RoboconDetectionFruit-master/install/robocon2023_b_dash/lib/python3.10/site-packages'
[4.906s] Level 1:colcon.colcon_core.environment:checking '/home/roboconb/RoboconDetectionFruit-master/install/robocon2023_b_dash/bin'
[4.927s] INFO:colcon.colcon_core.shell:Creating package script '/home/roboconb/RoboconDetectionFruit-master/install/robocon2023_b_dash/share/robocon2023_b_dash/package.ps1'
[4.928s] INFO:colcon.colcon_core.shell:Creating package descriptor '/home/roboconb/RoboconDetectionFruit-master/install/robocon2023_b_dash/share/robocon2023_b_dash/package.dsv'
[4.928s] INFO:colcon.colcon_core.shell:Creating package script '/home/roboconb/RoboconDetectionFruit-master/install/robocon2023_b_dash/share/robocon2023_b_dash/package.sh'
[4.929s] INFO:colcon.colcon_core.shell:Creating package script '/home/roboconb/RoboconDetectionFruit-master/install/robocon2023_b_dash/share/robocon2023_b_dash/package.bash'
[4.929s] INFO:colcon.colcon_core.shell:Creating package script '/home/roboconb/RoboconDetectionFruit-master/install/robocon2023_b_dash/share/robocon2023_b_dash/package.zsh'
[4.929s] Level 1:colcon.colcon_core.environment:create_file_with_runtime_dependencies(/home/roboconb/RoboconDetectionFruit-master/install/robocon2023_b_dash/share/colcon-core/packages/robocon2023_b_dash)
[5.015s] Level 1:colcon.colcon_core.environment:create_environment_scripts_only(robocon2023_b_dash)
[5.035s] Level 1:colcon.colcon_core.environment:checking '/home/roboconb/RoboconDetectionFruit-master/install/robocon2023_b_dash' for CMake module files
[5.036s] Level 1:colcon.colcon_core.environment:checking '/home/roboconb/RoboconDetectionFruit-master/install/robocon2023_b_dash' for CMake config files
[5.036s] Level 1:colcon.colcon_core.shell:create_environment_hook('robocon2023_b_dash', 'cmake_prefix_path')
[5.057s] INFO:colcon.colcon_core.shell:Creating environment hook '/home/roboconb/RoboconDetectionFruit-master/install/robocon2023_b_dash/share/robocon2023_b_dash/hook/cmake_prefix_path.ps1'
[5.057s] INFO:colcon.colcon_core.shell:Creating environment descriptor '/home/roboconb/RoboconDetectionFruit-master/install/robocon2023_b_dash/share/robocon2023_b_dash/hook/cmake_prefix_path.dsv'
[5.057s] INFO:colcon.colcon_core.shell:Creating environment hook '/home/roboconb/RoboconDetectionFruit-master/install/robocon2023_b_dash/share/robocon2023_b_dash/hook/cmake_prefix_path.sh'
[5.058s] Level 1:colcon.colcon_core.environment:checking '/home/roboconb/RoboconDetectionFruit-master/install/robocon2023_b_dash/lib'
[5.058s] Level 1:colcon.colcon_core.environment:checking '/home/roboconb/RoboconDetectionFruit-master/install/robocon2023_b_dash/bin'
[5.058s] Level 1:colcon.colcon_core.environment:checking '/home/roboconb/RoboconDetectionFruit-master/install/robocon2023_b_dash/lib/pkgconfig/robocon2023_b_dash.pc'
[5.058s] Level 1:colcon.colcon_core.environment:checking '/home/roboconb/RoboconDetectionFruit-master/install/robocon2023_b_dash/lib/python3.10/site-packages'
[5.059s] Level 1:colcon.colcon_core.environment:checking '/home/roboconb/RoboconDetectionFruit-master/install/robocon2023_b_dash/bin'
[5.079s] INFO:colcon.colcon_core.shell:Creating package script '/home/roboconb/RoboconDetectionFruit-master/install/robocon2023_b_dash/share/robocon2023_b_dash/package.ps1'
[5.080s] INFO:colcon.colcon_core.shell:Creating package descriptor '/home/roboconb/RoboconDetectionFruit-master/install/robocon2023_b_dash/share/robocon2023_b_dash/package.dsv'
[5.080s] INFO:colcon.colcon_core.shell:Creating package script '/home/roboconb/RoboconDetectionFruit-master/install/robocon2023_b_dash/share/robocon2023_b_dash/package.sh'
[5.080s] INFO:colcon.colcon_core.shell:Creating package script '/home/roboconb/RoboconDetectionFruit-master/install/robocon2023_b_dash/share/robocon2023_b_dash/package.bash'
[5.081s] INFO:colcon.colcon_core.shell:Creating package script '/home/roboconb/RoboconDetectionFruit-master/install/robocon2023_b_dash/share/robocon2023_b_dash/package.zsh'
[5.081s] Level 1:colcon.colcon_core.environment:create_file_with_runtime_dependencies(/home/roboconb/RoboconDetectionFruit-master/install/robocon2023_b_dash/share/colcon-core/packages/robocon2023_b_dash)
[5.082s] DEBUG:colcon.colcon_parallel_executor.executor.parallel:closing loop
[5.082s] DEBUG:colcon.colcon_parallel_executor.executor.parallel:loop closed
[5.082s] DEBUG:colcon.colcon_parallel_executor.executor.parallel:run_until_complete finished with '0'
[5.082s] DEBUG:colcon.colcon_core.event_reactor:joining thread
[5.110s] INFO:colcon.colcon_core.plugin_system:Skipping extension 'colcon_notification.desktop_notification.terminal_notifier': Not used on non-Darwin systems
[5.110s] INFO:colcon.colcon_core.plugin_system:Skipping extension 'colcon_notification.desktop_notification.win32': Not used on non-Windows systems
[5.110s] INFO:colcon.colcon_notification.desktop_notification:Sending desktop notification using 'notify2'
[5.122s] DEBUG:colcon.colcon_core.event_reactor:joined thread
[5.154s] INFO:colcon.colcon_core.shell:Creating prefix script '/home/roboconb/RoboconDetectionFruit-master/install/local_setup.ps1'
[5.156s] INFO:colcon.colcon_core.shell:Creating prefix util module '/home/roboconb/RoboconDetectionFruit-master/install/_local_setup_util_ps1.py'
[5.160s] INFO:colcon.colcon_core.shell:Creating prefix chain script '/home/roboconb/RoboconDetectionFruit-master/install/setup.ps1'
[5.194s] INFO:colcon.colcon_core.shell:Creating prefix script '/home/roboconb/RoboconDetectionFruit-master/install/local_setup.sh'
[5.195s] INFO:colcon.colcon_core.shell:Creating prefix util module '/home/roboconb/RoboconDetectionFruit-master/install/_local_setup_util_sh.py'
[5.195s] INFO:colcon.colcon_core.shell:Creating prefix chain script '/home/roboconb/RoboconDetectionFruit-master/install/setup.sh'
[5.216s] INFO:colcon.colcon_core.shell:Creating prefix script '/home/roboconb/RoboconDetectionFruit-master/install/local_setup.bash'
[5.216s] INFO:colcon.colcon_core.shell:Creating prefix chain script '/home/roboconb/RoboconDetectionFruit-master/install/setup.bash'
[5.238s] INFO:colcon.colcon_core.shell:Creating prefix script '/home/roboconb/RoboconDetectionFruit-master/install/local_setup.zsh'
[5.238s] INFO:colcon.colcon_core.shell:Creating prefix chain script '/home/roboconb/RoboconDetectionFruit-master/install/setup.zsh'
