[0.476s] Invoking command in '/home/kaibuchisoma/robocon_ws/build/robocon2023_b_dash': CMAKE_PREFIX_PATH=${CMAKE_PREFIX_PATH}:/home/kaibuchisoma/robocon_ws/install/fruit_detection:/opt/ros/humble /usr/bin/cmake --build /home/kaibuchisoma/robocon_ws/build/robocon2023_b_dash -- -j12 -l12
[0.545s] [  9%] Built target SerialKIMD
[0.578s] [ 18%] Built target receiver
[0.608s] [ 27%] Built target RopeMotion
[0.645s] [ 36%] Built target BeltLiner_Controller
[0.698s] [ 45%] Built target Solenoid_Controller
[0.738s] [ 54%] Built target Crawl_Controller
[0.771s] [ 63%] Built target WallUpMotion
[0.803s] [ 72%] Built target Upper_Controller
[0.835s] [ 81%] Built target Drive_Controller
[0.868s] [ 90%] Built target DriveMotion
[0.898s] [100%] Built target Xmove_Controller
[0.914s] Invoked command in '/home/kaibuchisoma/robocon_ws/build/robocon2023_b_dash' returned '0': CMAKE_PREFIX_PATH=${CMAKE_PREFIX_PATH}:/home/kaibuchisoma/robocon_ws/install/fruit_detection:/opt/ros/humble /usr/bin/cmake --build /home/kaibuchisoma/robocon_ws/build/robocon2023_b_dash -- -j12 -l12
[0.992s] Invoking command in '/home/kaibuchisoma/robocon_ws/build/robocon2023_b_dash': CMAKE_PREFIX_PATH=${CMAKE_PREFIX_PATH}:/home/kaibuchisoma/robocon_ws/install/fruit_detection:/opt/ros/humble /usr/bin/cmake --install /home/kaibuchisoma/robocon_ws/build/robocon2023_b_dash
[1.003s] -- Install configuration: ""
[1.003s] -- Up-to-date: /home/kaibuchisoma/robocon_ws/install/robocon2023_b_dash/lib/robocon2023_b_dash/SerialKIMD
[1.003s] -- Up-to-date: /home/kaibuchisoma/robocon_ws/install/robocon2023_b_dash/lib/robocon2023_b_dash/Xmove_Controller
[1.004s] -- Up-to-date: /home/kaibuchisoma/robocon_ws/install/robocon2023_b_dash/lib/robocon2023_b_dash/DriveMotion
[1.004s] -- Up-to-date: /home/kaibuchisoma/robocon_ws/install/robocon2023_b_dash/lib/robocon2023_b_dash/Drive_Controller
[1.004s] -- Up-to-date: /home/kaibuchisoma/robocon_ws/install/robocon2023_b_dash/lib/robocon2023_b_dash/Upper_Controller
[1.005s] -- Up-to-date: /home/kaibuchisoma/robocon_ws/install/robocon2023_b_dash/lib/robocon2023_b_dash/WallUpMotion
[1.005s] -- Up-to-date: /home/kaibuchisoma/robocon_ws/install/robocon2023_b_dash/lib/robocon2023_b_dash/Crawl_Controller
[1.006s] -- Up-to-date: /home/kaibuchisoma/robocon_ws/install/robocon2023_b_dash/lib/robocon2023_b_dash/Solenoid_Controller
[1.006s] -- Up-to-date: /home/kaibuchisoma/robocon_ws/install/robocon2023_b_dash/lib/robocon2023_b_dash/BeltLiner_Controller
[1.007s] -- Up-to-date: /home/kaibuchisoma/robocon_ws/install/robocon2023_b_dash/lib/robocon2023_b_dash/RopeMotion
[1.007s] -- Up-to-date: /home/kaibuchisoma/robocon_ws/install/robocon2023_b_dash/lib/robocon2023_b_dash/receiver
[1.007s] -- Up-to-date: /home/kaibuchisoma/robocon_ws/install/robocon2023_b_dash/share/ament_index/resource_index/package_run_dependencies/robocon2023_b_dash
[1.008s] -- Up-to-date: /home/kaibuchisoma/robocon_ws/install/robocon2023_b_dash/share/ament_index/resource_index/parent_prefix_path/robocon2023_b_dash
[1.008s] -- Up-to-date: /home/kaibuchisoma/robocon_ws/install/robocon2023_b_dash/share/robocon2023_b_dash/environment/ament_prefix_path.sh
[1.008s] -- Up-to-date: /home/kaibuchisoma/robocon_ws/install/robocon2023_b_dash/share/robocon2023_b_dash/environment/ament_prefix_path.dsv
[1.008s] -- Up-to-date: /home/kaibuchisoma/robocon_ws/install/robocon2023_b_dash/share/robocon2023_b_dash/environment/path.sh
[1.008s] -- Up-to-date: /home/kaibuchisoma/robocon_ws/install/robocon2023_b_dash/share/robocon2023_b_dash/environment/path.dsv
[1.008s] -- Up-to-date: /home/kaibuchisoma/robocon_ws/install/robocon2023_b_dash/share/robocon2023_b_dash/local_setup.bash
[1.008s] -- Up-to-date: /home/kaibuchisoma/robocon_ws/install/robocon2023_b_dash/share/robocon2023_b_dash/local_setup.sh
[1.008s] -- Up-to-date: /home/kaibuchisoma/robocon_ws/install/robocon2023_b_dash/share/robocon2023_b_dash/local_setup.zsh
[1.009s] -- Up-to-date: /home/kaibuchisoma/robocon_ws/install/robocon2023_b_dash/share/robocon2023_b_dash/local_setup.dsv
[1.009s] -- Installing: /home/kaibuchisoma/robocon_ws/install/robocon2023_b_dash/share/robocon2023_b_dash/package.dsv
[1.009s] -- Up-to-date: /home/kaibuchisoma/robocon_ws/install/robocon2023_b_dash/share/ament_index/resource_index/packages/robocon2023_b_dash
[1.009s] -- Up-to-date: /home/kaibuchisoma/robocon_ws/install/robocon2023_b_dash/share/robocon2023_b_dash/cmake/robocon2023_b_dashConfig.cmake
[1.009s] -- Up-to-date: /home/kaibuchisoma/robocon_ws/install/robocon2023_b_dash/share/robocon2023_b_dash/cmake/robocon2023_b_dashConfig-version.cmake
[1.009s] -- Up-to-date: /home/kaibuchisoma/robocon_ws/install/robocon2023_b_dash/share/robocon2023_b_dash/package.xml
[1.011s] Invoked command in '/home/kaibuchisoma/robocon_ws/build/robocon2023_b_dash' returned '0': CMAKE_PREFIX_PATH=${CMAKE_PREFIX_PATH}:/home/kaibuchisoma/robocon_ws/install/fruit_detection:/opt/ros/humble /usr/bin/cmake --install /home/kaibuchisoma/robocon_ws/build/robocon2023_b_dash
