[0.845s] DEBUG:colcon:Command line arguments: ['/usr/bin/colcon', 'build']
[0.845s] DEBUG:colcon:Parsed command line arguments: Namespace(log_base=None, log_level=None, verb_name='build', build_base='build', install_base='install', merge_install=False, symlink_install=False, test_result_base=None, continue_on_error=False, executor='parallel', parallel_workers=12, event_handlers=None, ignore_user_meta=False, metas=['./colcon.meta'], base_paths=['.'], packages_ignore=None, packages_ignore_regex=None, paths=None, packages_up_to=None, packages_up_to_regex=None, packages_above=None, packages_above_and_dependencies=None, packages_above_depth=None, packages_select_by_dep=None, packages_skip_by_dep=None, packages_skip_up_to=None, packages_select_build_failed=False, packages_skip_build_finished=False, packages_select_test_failures=False, packages_skip_test_passed=False, packages_select=None, packages_skip=None, packages_select_regex=None, packages_skip_regex=None, packages_start=None, packages_end=None, allow_overriding=[], cmake_args=None, cmake_target=None, cmake_target_skip_unavailable=False, cmake_clean_cache=False, cmake_clean_first=False, cmake_force_configure=False, ament_cmake_args=None, catkin_cmake_args=None, catkin_skip_building_tests=False, verb_parser=<colcon_defaults.argument_parser.defaults.DefaultArgumentsDecorator object at 0x7f501156c430>, verb_extension=<colcon_core.verb.build.BuildVerb object at 0x7f501153ab00>, main=<bound method BuildVerb.main of <colcon_core.verb.build.BuildVerb object at 0x7f501153ab00>>)
[0.885s] Level 1:colcon.colcon_core.package_discovery:discover_packages(colcon_meta) check parameters
[0.885s] Level 1:colcon.colcon_core.package_discovery:discover_packages(recursive) check parameters
[0.885s] Level 1:colcon.colcon_core.package_discovery:discover_packages(ignore) check parameters
[0.885s] Level 1:colcon.colcon_core.package_discovery:discover_packages(path) check parameters
[0.885s] Level 1:colcon.colcon_core.package_discovery:discover_packages(colcon_meta) discover
[0.885s] Level 1:colcon.colcon_core.package_discovery:discover_packages(recursive) discover
[0.885s] INFO:colcon.colcon_core.package_discovery:Crawling recursively for packages in '/home/kaibuchisoma/usbから/RoboconDetectionFruit-master'
[0.885s] Level 1:colcon.colcon_core.package_identification:_identify(.) by extensions ['ignore', 'ignore_ament_install']
[0.885s] Level 1:colcon.colcon_core.package_identification:_identify(.) by extension 'ignore'
[0.886s] Level 1:colcon.colcon_core.package_identification:_identify(.) by extension 'ignore_ament_install'
[0.886s] Level 1:colcon.colcon_core.package_identification:_identify(.) by extensions ['colcon_pkg']
[0.886s] Level 1:colcon.colcon_core.package_identification:_identify(.) by extension 'colcon_pkg'
[0.886s] Level 1:colcon.colcon_core.package_identification:_identify(.) by extensions ['colcon_meta']
[0.886s] Level 1:colcon.colcon_core.package_identification:_identify(.) by extension 'colcon_meta'
[0.886s] Level 1:colcon.colcon_core.package_identification:_identify(.) by extensions ['ros']
[0.886s] Level 1:colcon.colcon_core.package_identification:_identify(.) by extension 'ros'
[0.895s] Level 1:colcon.colcon_core.package_identification:_identify(.) by extensions ['cmake', 'python']
[0.895s] Level 1:colcon.colcon_core.package_identification:_identify(.) by extension 'cmake'
[0.895s] Level 1:colcon.colcon_core.package_identification:_identify(.) by extension 'python'
[0.895s] Level 1:colcon.colcon_core.package_identification:_identify(.) by extensions ['python_setup_py']
[0.895s] Level 1:colcon.colcon_core.package_identification:_identify(.) by extension 'python_setup_py'
[0.896s] Level 1:colcon.colcon_core.package_identification:_identify(build) by extensions ['ignore', 'ignore_ament_install']
[0.896s] Level 1:colcon.colcon_core.package_identification:_identify(build) by extension 'ignore'
[0.896s] Level 1:colcon.colcon_core.package_identification:_identify(build) ignored
[0.896s] Level 1:colcon.colcon_core.package_identification:_identify(install) by extensions ['ignore', 'ignore_ament_install']
[0.896s] Level 1:colcon.colcon_core.package_identification:_identify(install) by extension 'ignore'
[0.896s] Level 1:colcon.colcon_core.package_identification:_identify(install) ignored
[0.896s] Level 1:colcon.colcon_core.package_identification:_identify(log) by extensions ['ignore', 'ignore_ament_install']
[0.896s] Level 1:colcon.colcon_core.package_identification:_identify(log) by extension 'ignore'
[0.896s] Level 1:colcon.colcon_core.package_identification:_identify(log) ignored
[0.896s] Level 1:colcon.colcon_core.package_identification:_identify(src) by extensions ['ignore', 'ignore_ament_install']
[0.896s] Level 1:colcon.colcon_core.package_identification:_identify(src) by extension 'ignore'
[0.897s] Level 1:colcon.colcon_core.package_identification:_identify(src) by extension 'ignore_ament_install'
[0.897s] Level 1:colcon.colcon_core.package_identification:_identify(src) by extensions ['colcon_pkg']
[0.897s] Level 1:colcon.colcon_core.package_identification:_identify(src) by extension 'colcon_pkg'
[0.897s] Level 1:colcon.colcon_core.package_identification:_identify(src) by extensions ['colcon_meta']
[0.897s] Level 1:colcon.colcon_core.package_identification:_identify(src) by extension 'colcon_meta'
[0.897s] Level 1:colcon.colcon_core.package_identification:_identify(src) by extensions ['ros']
[0.897s] Level 1:colcon.colcon_core.package_identification:_identify(src) by extension 'ros'
[0.897s] Level 1:colcon.colcon_core.package_identification:_identify(src) by extensions ['cmake', 'python']
[0.897s] Level 1:colcon.colcon_core.package_identification:_identify(src) by extension 'cmake'
[0.897s] Level 1:colcon.colcon_core.package_identification:_identify(src) by extension 'python'
[0.897s] Level 1:colcon.colcon_core.package_identification:_identify(src) by extensions ['python_setup_py']
[0.897s] Level 1:colcon.colcon_core.package_identification:_identify(src) by extension 'python_setup_py'
[0.897s] Level 1:colcon.colcon_core.package_identification:_identify(src/build) by extensions ['ignore', 'ignore_ament_install']
[0.897s] Level 1:colcon.colcon_core.package_identification:_identify(src/build) by extension 'ignore'
[0.897s] Level 1:colcon.colcon_core.package_identification:_identify(src/build) ignored
[0.897s] Level 1:colcon.colcon_core.package_identification:_identify(src/fruit_detection) by extensions ['ignore', 'ignore_ament_install']
[0.897s] Level 1:colcon.colcon_core.package_identification:_identify(src/fruit_detection) by extension 'ignore'
[0.897s] Level 1:colcon.colcon_core.package_identification:_identify(src/fruit_detection) by extension 'ignore_ament_install'
[0.897s] Level 1:colcon.colcon_core.package_identification:_identify(src/fruit_detection) by extensions ['colcon_pkg']
[0.897s] Level 1:colcon.colcon_core.package_identification:_identify(src/fruit_detection) by extension 'colcon_pkg'
[0.897s] Level 1:colcon.colcon_core.package_identification:_identify(src/fruit_detection) by extensions ['colcon_meta']
[0.897s] Level 1:colcon.colcon_core.package_identification:_identify(src/fruit_detection) by extension 'colcon_meta'
[0.897s] Level 1:colcon.colcon_core.package_identification:_identify(src/fruit_detection) by extensions ['ros']
[0.897s] Level 1:colcon.colcon_core.package_identification:_identify(src/fruit_detection) by extension 'ros'
[0.899s] DEBUG:colcon.colcon_core.package_identification:Package 'src/fruit_detection' with type 'ros.ament_python' and name 'fruit_detection'
[0.899s] Level 1:colcon.colcon_core.package_identification:_identify(src/install) by extensions ['ignore', 'ignore_ament_install']
[0.899s] Level 1:colcon.colcon_core.package_identification:_identify(src/install) by extension 'ignore'
[0.900s] Level 1:colcon.colcon_core.package_identification:_identify(src/install) ignored
[0.900s] Level 1:colcon.colcon_core.package_identification:_identify(src/log) by extensions ['ignore', 'ignore_ament_install']
[0.900s] Level 1:colcon.colcon_core.package_identification:_identify(src/log) by extension 'ignore'
[0.900s] Level 1:colcon.colcon_core.package_identification:_identify(src/log) ignored
[0.900s] Level 1:colcon.colcon_core.package_identification:_identify(src/robocon2023_b_dash) by extensions ['ignore', 'ignore_ament_install']
[0.900s] Level 1:colcon.colcon_core.package_identification:_identify(src/robocon2023_b_dash) by extension 'ignore'
[0.900s] Level 1:colcon.colcon_core.package_identification:_identify(src/robocon2023_b_dash) by extension 'ignore_ament_install'
[0.900s] Level 1:colcon.colcon_core.package_identification:_identify(src/robocon2023_b_dash) by extensions ['colcon_pkg']
[0.900s] Level 1:colcon.colcon_core.package_identification:_identify(src/robocon2023_b_dash) by extension 'colcon_pkg'
[0.900s] Level 1:colcon.colcon_core.package_identification:_identify(src/robocon2023_b_dash) by extensions ['colcon_meta']
[0.900s] Level 1:colcon.colcon_core.package_identification:_identify(src/robocon2023_b_dash) by extension 'colcon_meta'
[0.900s] Level 1:colcon.colcon_core.package_identification:_identify(src/robocon2023_b_dash) by extensions ['ros']
[0.900s] Level 1:colcon.colcon_core.package_identification:_identify(src/robocon2023_b_dash) by extension 'ros'
[0.900s] DEBUG:colcon.colcon_core.package_identification:Package 'src/robocon2023_b_dash' with type 'ros.ament_cmake' and name 'robocon2023_b_dash'
[0.900s] Level 1:colcon.colcon_core.package_identification:_identify(src/ros_to_kimd) by extensions ['ignore', 'ignore_ament_install']
[0.901s] Level 1:colcon.colcon_core.package_identification:_identify(src/ros_to_kimd) by extension 'ignore'
[0.901s] Level 1:colcon.colcon_core.package_identification:_identify(src/ros_to_kimd) by extension 'ignore_ament_install'
[0.901s] Level 1:colcon.colcon_core.package_identification:_identify(src/ros_to_kimd) by extensions ['colcon_pkg']
[0.901s] Level 1:colcon.colcon_core.package_identification:_identify(src/ros_to_kimd) by extension 'colcon_pkg'
[0.901s] Level 1:colcon.colcon_core.package_identification:_identify(src/ros_to_kimd) by extensions ['colcon_meta']
[0.901s] Level 1:colcon.colcon_core.package_identification:_identify(src/ros_to_kimd) by extension 'colcon_meta'
[0.901s] Level 1:colcon.colcon_core.package_identification:_identify(src/ros_to_kimd) by extensions ['ros']
[0.901s] Level 1:colcon.colcon_core.package_identification:_identify(src/ros_to_kimd) by extension 'ros'
[0.901s] DEBUG:colcon.colcon_core.package_identification:Package 'src/ros_to_kimd' with type 'ros.ament_cmake' and name 'ros_to_kimd'
[0.901s] Level 1:colcon.colcon_core.package_discovery:discover_packages(recursive) using defaults
[0.901s] Level 1:colcon.colcon_core.package_discovery:discover_packages(ignore) discover
[0.901s] Level 1:colcon.colcon_core.package_discovery:discover_packages(ignore) using defaults
[0.901s] Level 1:colcon.colcon_core.package_discovery:discover_packages(path) discover
[0.901s] Level 1:colcon.colcon_core.package_discovery:discover_packages(path) using defaults
[0.979s] Level 1:colcon.colcon_core.package_discovery:discover_packages(prefix_path) check parameters
[0.979s] Level 1:colcon.colcon_core.package_discovery:discover_packages(prefix_path) discover
[1.005s] DEBUG:colcon.colcon_installed_package_information.package_discovery:Found 3 installed packages in /home/kaibuchisoma/usbから/RoboconDetectionFruit-master/install
[1.017s] DEBUG:colcon.colcon_installed_package_information.package_discovery:Found 3 installed packages in /home/kaibuchisoma/robocon_ws/install
[1.033s] DEBUG:colcon.colcon_installed_package_information.package_discovery:Found 271 installed packages in /opt/ros/humble
[1.034s] Level 1:colcon.colcon_core.package_discovery:discover_packages(prefix_path) using defaults
[1.120s] Level 5:colcon.colcon_core.verb:set package 'fruit_detection' build argument 'cmake_args' from command line to 'None'
[1.120s] Level 5:colcon.colcon_core.verb:set package 'fruit_detection' build argument 'cmake_target' from command line to 'None'
[1.120s] Level 5:colcon.colcon_core.verb:set package 'fruit_detection' build argument 'cmake_target_skip_unavailable' from command line to 'False'
[1.120s] Level 5:colcon.colcon_core.verb:set package 'fruit_detection' build argument 'cmake_clean_cache' from command line to 'False'
[1.120s] Level 5:colcon.colcon_core.verb:set package 'fruit_detection' build argument 'cmake_clean_first' from command line to 'False'
[1.120s] Level 5:colcon.colcon_core.verb:set package 'fruit_detection' build argument 'cmake_force_configure' from command line to 'False'
[1.120s] Level 5:colcon.colcon_core.verb:set package 'fruit_detection' build argument 'ament_cmake_args' from command line to 'None'
[1.120s] Level 5:colcon.colcon_core.verb:set package 'fruit_detection' build argument 'catkin_cmake_args' from command line to 'None'
[1.120s] Level 5:colcon.colcon_core.verb:set package 'fruit_detection' build argument 'catkin_skip_building_tests' from command line to 'False'
[1.120s] DEBUG:colcon.colcon_core.verb:Building package 'fruit_detection' with the following arguments: {'ament_cmake_args': None, 'build_base': '/home/kaibuchisoma/usbから/RoboconDetectionFruit-master/build/fruit_detection', 'catkin_cmake_args': None, 'catkin_skip_building_tests': False, 'cmake_args': None, 'cmake_clean_cache': False, 'cmake_clean_first': False, 'cmake_force_configure': False, 'cmake_target': None, 'cmake_target_skip_unavailable': False, 'install_base': '/home/kaibuchisoma/usbから/RoboconDetectionFruit-master/install/fruit_detection', 'merge_install': False, 'path': '/home/kaibuchisoma/usbから/RoboconDetectionFruit-master/src/fruit_detection', 'symlink_install': False, 'test_result_base': None}
[1.135s] Level 5:colcon.colcon_core.verb:set package 'robocon2023_b_dash' build argument 'cmake_args' from command line to 'None'
[1.135s] Level 5:colcon.colcon_core.verb:set package 'robocon2023_b_dash' build argument 'cmake_target' from command line to 'None'
[1.135s] Level 5:colcon.colcon_core.verb:set package 'robocon2023_b_dash' build argument 'cmake_target_skip_unavailable' from command line to 'False'
[1.135s] Level 5:colcon.colcon_core.verb:set package 'robocon2023_b_dash' build argument 'cmake_clean_cache' from command line to 'False'
[1.135s] Level 5:colcon.colcon_core.verb:set package 'robocon2023_b_dash' build argument 'cmake_clean_first' from command line to 'False'
[1.135s] Level 5:colcon.colcon_core.verb:set package 'robocon2023_b_dash' build argument 'cmake_force_configure' from command line to 'False'
[1.135s] Level 5:colcon.colcon_core.verb:set package 'robocon2023_b_dash' build argument 'ament_cmake_args' from command line to 'None'
[1.135s] Level 5:colcon.colcon_core.verb:set package 'robocon2023_b_dash' build argument 'catkin_cmake_args' from command line to 'None'
[1.135s] Level 5:colcon.colcon_core.verb:set package 'robocon2023_b_dash' build argument 'catkin_skip_building_tests' from command line to 'False'
[1.135s] DEBUG:colcon.colcon_core.verb:Building package 'robocon2023_b_dash' with the following arguments: {'ament_cmake_args': None, 'build_base': '/home/kaibuchisoma/usbから/RoboconDetectionFruit-master/build/robocon2023_b_dash', 'catkin_cmake_args': None, 'catkin_skip_building_tests': False, 'cmake_args': None, 'cmake_clean_cache': False, 'cmake_clean_first': False, 'cmake_force_configure': False, 'cmake_target': None, 'cmake_target_skip_unavailable': False, 'install_base': '/home/kaibuchisoma/usbから/RoboconDetectionFruit-master/install/robocon2023_b_dash', 'merge_install': False, 'path': '/home/kaibuchisoma/usbから/RoboconDetectionFruit-master/src/robocon2023_b_dash', 'symlink_install': False, 'test_result_base': None}
[1.147s] Level 5:colcon.colcon_core.verb:set package 'ros_to_kimd' build argument 'cmake_args' from command line to 'None'
[1.147s] Level 5:colcon.colcon_core.verb:set package 'ros_to_kimd' build argument 'cmake_target' from command line to 'None'
[1.147s] Level 5:colcon.colcon_core.verb:set package 'ros_to_kimd' build argument 'cmake_target_skip_unavailable' from command line to 'False'
[1.147s] Level 5:colcon.colcon_core.verb:set package 'ros_to_kimd' build argument 'cmake_clean_cache' from command line to 'False'
[1.147s] Level 5:colcon.colcon_core.verb:set package 'ros_to_kimd' build argument 'cmake_clean_first' from command line to 'False'
[1.147s] Level 5:colcon.colcon_core.verb:set package 'ros_to_kimd' build argument 'cmake_force_configure' from command line to 'False'
[1.147s] Level 5:colcon.colcon_core.verb:set package 'ros_to_kimd' build argument 'ament_cmake_args' from command line to 'None'
[1.147s] Level 5:colcon.colcon_core.verb:set package 'ros_to_kimd' build argument 'catkin_cmake_args' from command line to 'None'
[1.147s] Level 5:colcon.colcon_core.verb:set package 'ros_to_kimd' build argument 'catkin_skip_building_tests' from command line to 'False'
[1.147s] DEBUG:colcon.colcon_core.verb:Building package 'ros_to_kimd' with the following arguments: {'ament_cmake_args': None, 'build_base': '/home/kaibuchisoma/usbから/RoboconDetectionFruit-master/build/ros_to_kimd', 'catkin_cmake_args': None, 'catkin_skip_building_tests': False, 'cmake_args': None, 'cmake_clean_cache': False, 'cmake_clean_first': False, 'cmake_force_configure': False, 'cmake_target': None, 'cmake_target_skip_unavailable': False, 'install_base': '/home/kaibuchisoma/usbから/RoboconDetectionFruit-master/install/ros_to_kimd', 'merge_install': False, 'path': '/home/kaibuchisoma/usbから/RoboconDetectionFruit-master/src/ros_to_kimd', 'symlink_install': False, 'test_result_base': None}
[1.160s] INFO:colcon.colcon_core.executor:Executing jobs using 'parallel' executor
[1.173s] DEBUG:colcon.colcon_parallel_executor.executor.parallel:run_until_complete
[1.173s] INFO:colcon.colcon_ros.task.ament_python.build:Building ROS package in '/home/kaibuchisoma/usbから/RoboconDetectionFruit-master/src/fruit_detection' with build type 'ament_python'
[1.173s] Level 1:colcon.colcon_core.shell:create_environment_hook('fruit_detection', 'ament_prefix_path')
[1.186s] INFO:colcon.colcon_core.plugin_system:Skipping extension 'colcon_core.shell.bat': Not used on non-Windows systems
[1.187s] INFO:colcon.colcon_core.shell:Creating environment hook '/home/kaibuchisoma/usbから/RoboconDetectionFruit-master/install/fruit_detection/share/fruit_detection/hook/ament_prefix_path.ps1'
[1.187s] INFO:colcon.colcon_core.shell:Creating environment descriptor '/home/kaibuchisoma/usbから/RoboconDetectionFruit-master/install/fruit_detection/share/fruit_detection/hook/ament_prefix_path.dsv'
[1.188s] INFO:colcon.colcon_core.shell:Creating environment hook '/home/kaibuchisoma/usbから/RoboconDetectionFruit-master/install/fruit_detection/share/fruit_detection/hook/ament_prefix_path.sh'
[1.200s] INFO:colcon.colcon_core.shell:Skip shell extension 'powershell' for command environment: Not usable outside of PowerShell
[1.200s] DEBUG:colcon.colcon_core.shell:Skip shell extension 'dsv' for command environment
[1.251s] INFO:colcon.colcon_ros.task.ament_cmake.build:Building ROS package in '/home/kaibuchisoma/usbから/RoboconDetectionFruit-master/src/robocon2023_b_dash' with build type 'ament_cmake'
[1.251s] INFO:colcon.colcon_cmake.task.cmake.build:Building CMake package in '/home/kaibuchisoma/usbから/RoboconDetectionFruit-master/src/robocon2023_b_dash'
[1.263s] INFO:colcon.colcon_core.shell:Skip shell extension 'powershell' for command environment: Not usable outside of PowerShell
[1.263s] DEBUG:colcon.colcon_core.shell:Skip shell extension 'dsv' for command environment
[1.315s] INFO:colcon.colcon_ros.task.ament_cmake.build:Building ROS package in '/home/kaibuchisoma/usbから/RoboconDetectionFruit-master/src/ros_to_kimd' with build type 'ament_cmake'
[1.315s] INFO:colcon.colcon_cmake.task.cmake.build:Building CMake package in '/home/kaibuchisoma/usbから/RoboconDetectionFruit-master/src/ros_to_kimd'
[1.327s] INFO:colcon.colcon_core.shell:Skip shell extension 'powershell' for command environment: Not usable outside of PowerShell
[1.327s] DEBUG:colcon.colcon_core.shell:Skip shell extension 'dsv' for command environment
[1.589s] INFO:colcon.colcon_core.task.python.build:Building Python package in '/home/kaibuchisoma/usbから/RoboconDetectionFruit-master/src/fruit_detection'
[1.602s] INFO:colcon.colcon_core.shell:Skip shell extension 'powershell' for command environment: Not usable outside of PowerShell
[1.602s] DEBUG:colcon.colcon_core.shell:Skip shell extension 'dsv' for command environment
[1.658s] DEBUG:colcon.colcon_core.event_handler.log_command:Invoking command in '/home/kaibuchisoma/usbから/RoboconDetectionFruit-master/build/robocon2023_b_dash': CMAKE_PREFIX_PATH=${CMAKE_PREFIX_PATH}:/home/kaibuchisoma/usbから/RoboconDetectionFruit-master/install/fruit_detection:/home/kaibuchisoma/robocon_ws/install/fruit_detection:/opt/ros/humble /usr/bin/cmake --build /home/kaibuchisoma/usbから/RoboconDetectionFruit-master/build/robocon2023_b_dash -- -j12 -l12
[1.662s] DEBUG:colcon.colcon_core.event_handler.log_command:Invoking command in '/home/kaibuchisoma/usbから/RoboconDetectionFruit-master/build/ros_to_kimd': CMAKE_PREFIX_PATH=${CMAKE_PREFIX_PATH}:/home/kaibuchisoma/usbから/RoboconDetectionFruit-master/install/fruit_detection:/home/kaibuchisoma/robocon_ws/install/fruit_detection:/opt/ros/humble /usr/bin/cmake --build /home/kaibuchisoma/usbから/RoboconDetectionFruit-master/build/ros_to_kimd -- -j12 -l12
[1.739s] DEBUG:colcon.colcon_core.event_handler.log_command:Invoked command in '/home/kaibuchisoma/usbから/RoboconDetectionFruit-master/build/ros_to_kimd' returned '0': CMAKE_PREFIX_PATH=${CMAKE_PREFIX_PATH}:/home/kaibuchisoma/usbから/RoboconDetectionFruit-master/install/fruit_detection:/home/kaibuchisoma/robocon_ws/install/fruit_detection:/opt/ros/humble /usr/bin/cmake --build /home/kaibuchisoma/usbから/RoboconDetectionFruit-master/build/ros_to_kimd -- -j12 -l12
[1.752s] DEBUG:colcon.colcon_core.event_handler.log_command:Invoked command in '/home/kaibuchisoma/usbから/RoboconDetectionFruit-master/build/robocon2023_b_dash' returned '0': CMAKE_PREFIX_PATH=${CMAKE_PREFIX_PATH}:/home/kaibuchisoma/usbから/RoboconDetectionFruit-master/install/fruit_detection:/home/kaibuchisoma/robocon_ws/install/fruit_detection:/opt/ros/humble /usr/bin/cmake --build /home/kaibuchisoma/usbから/RoboconDetectionFruit-master/build/robocon2023_b_dash -- -j12 -l12
[1.777s] DEBUG:colcon.colcon_core.event_handler.log_command:Invoking command in '/home/kaibuchisoma/usbから/RoboconDetectionFruit-master/build/ros_to_kimd': CMAKE_PREFIX_PATH=${CMAKE_PREFIX_PATH}:/home/kaibuchisoma/usbから/RoboconDetectionFruit-master/install/fruit_detection:/home/kaibuchisoma/robocon_ws/install/fruit_detection:/opt/ros/humble /usr/bin/cmake --install /home/kaibuchisoma/usbから/RoboconDetectionFruit-master/build/ros_to_kimd
[1.788s] Level 1:colcon.colcon_core.environment:create_environment_scripts_only(ros_to_kimd)
[1.788s] DEBUG:colcon.colcon_core.event_handler.log_command:Invoked command in '/home/kaibuchisoma/usbから/RoboconDetectionFruit-master/build/ros_to_kimd' returned '0': CMAKE_PREFIX_PATH=${CMAKE_PREFIX_PATH}:/home/kaibuchisoma/usbから/RoboconDetectionFruit-master/install/fruit_detection:/home/kaibuchisoma/robocon_ws/install/fruit_detection:/opt/ros/humble /usr/bin/cmake --install /home/kaibuchisoma/usbから/RoboconDetectionFruit-master/build/ros_to_kimd
[1.807s] Level 1:colcon.colcon_core.environment:checking '/home/kaibuchisoma/usbから/RoboconDetectionFruit-master/install/ros_to_kimd' for CMake module files
[1.807s] Level 1:colcon.colcon_core.environment:checking '/home/kaibuchisoma/usbから/RoboconDetectionFruit-master/install/ros_to_kimd' for CMake config files
[1.807s] Level 1:colcon.colcon_core.shell:create_environment_hook('ros_to_kimd', 'cmake_prefix_path')
[1.820s] INFO:colcon.colcon_core.shell:Creating environment hook '/home/kaibuchisoma/usbから/RoboconDetectionFruit-master/install/ros_to_kimd/share/ros_to_kimd/hook/cmake_prefix_path.ps1'
[1.821s] INFO:colcon.colcon_core.shell:Creating environment descriptor '/home/kaibuchisoma/usbから/RoboconDetectionFruit-master/install/ros_to_kimd/share/ros_to_kimd/hook/cmake_prefix_path.dsv'
[1.821s] INFO:colcon.colcon_core.shell:Creating environment hook '/home/kaibuchisoma/usbから/RoboconDetectionFruit-master/install/ros_to_kimd/share/ros_to_kimd/hook/cmake_prefix_path.sh'
[1.822s] Level 1:colcon.colcon_core.environment:checking '/home/kaibuchisoma/usbから/RoboconDetectionFruit-master/install/ros_to_kimd/lib'
[1.822s] Level 1:colcon.colcon_core.environment:checking '/home/kaibuchisoma/usbから/RoboconDetectionFruit-master/install/ros_to_kimd/bin'
[1.822s] Level 1:colcon.colcon_core.environment:checking '/home/kaibuchisoma/usbから/RoboconDetectionFruit-master/install/ros_to_kimd/lib/pkgconfig/ros_to_kimd.pc'
[1.822s] Level 1:colcon.colcon_core.environment:checking '/home/kaibuchisoma/usbから/RoboconDetectionFruit-master/install/ros_to_kimd/lib/python3.10/site-packages'
[1.822s] Level 1:colcon.colcon_core.environment:checking '/home/kaibuchisoma/usbから/RoboconDetectionFruit-master/install/ros_to_kimd/bin'
[1.835s] INFO:colcon.colcon_core.shell:Creating package script '/home/kaibuchisoma/usbから/RoboconDetectionFruit-master/install/ros_to_kimd/share/ros_to_kimd/package.ps1'
[1.836s] INFO:colcon.colcon_core.shell:Creating package descriptor '/home/kaibuchisoma/usbから/RoboconDetectionFruit-master/install/ros_to_kimd/share/ros_to_kimd/package.dsv'
[1.836s] INFO:colcon.colcon_core.shell:Creating package script '/home/kaibuchisoma/usbから/RoboconDetectionFruit-master/install/ros_to_kimd/share/ros_to_kimd/package.sh'
[1.837s] INFO:colcon.colcon_core.shell:Creating package script '/home/kaibuchisoma/usbから/RoboconDetectionFruit-master/install/ros_to_kimd/share/ros_to_kimd/package.bash'
[1.837s] INFO:colcon.colcon_core.shell:Creating package script '/home/kaibuchisoma/usbから/RoboconDetectionFruit-master/install/ros_to_kimd/share/ros_to_kimd/package.zsh'
[1.838s] Level 1:colcon.colcon_core.environment:create_file_with_runtime_dependencies(/home/kaibuchisoma/usbから/RoboconDetectionFruit-master/install/ros_to_kimd/share/colcon-core/packages/ros_to_kimd)
[1.840s] DEBUG:colcon.colcon_core.event_handler.log_command:Invoking command in '/home/kaibuchisoma/usbから/RoboconDetectionFruit-master/build/robocon2023_b_dash': CMAKE_PREFIX_PATH=${CMAKE_PREFIX_PATH}:/home/kaibuchisoma/usbから/RoboconDetectionFruit-master/install/fruit_detection:/home/kaibuchisoma/robocon_ws/install/fruit_detection:/opt/ros/humble /usr/bin/cmake --install /home/kaibuchisoma/usbから/RoboconDetectionFruit-master/build/robocon2023_b_dash
[1.854s] Level 1:colcon.colcon_core.environment:create_environment_scripts_only(robocon2023_b_dash)
[1.855s] DEBUG:colcon.colcon_core.event_handler.log_command:Invoked command in '/home/kaibuchisoma/usbから/RoboconDetectionFruit-master/build/robocon2023_b_dash' returned '0': CMAKE_PREFIX_PATH=${CMAKE_PREFIX_PATH}:/home/kaibuchisoma/usbから/RoboconDetectionFruit-master/install/fruit_detection:/home/kaibuchisoma/robocon_ws/install/fruit_detection:/opt/ros/humble /usr/bin/cmake --install /home/kaibuchisoma/usbから/RoboconDetectionFruit-master/build/robocon2023_b_dash
[1.868s] Level 1:colcon.colcon_core.environment:checking '/home/kaibuchisoma/usbから/RoboconDetectionFruit-master/install/robocon2023_b_dash' for CMake module files
[1.869s] Level 1:colcon.colcon_core.environment:checking '/home/kaibuchisoma/usbから/RoboconDetectionFruit-master/install/robocon2023_b_dash' for CMake config files
[1.869s] Level 1:colcon.colcon_core.shell:create_environment_hook('robocon2023_b_dash', 'cmake_prefix_path')
[1.882s] INFO:colcon.colcon_core.shell:Creating environment hook '/home/kaibuchisoma/usbから/RoboconDetectionFruit-master/install/robocon2023_b_dash/share/robocon2023_b_dash/hook/cmake_prefix_path.ps1'
[1.883s] INFO:colcon.colcon_core.shell:Creating environment descriptor '/home/kaibuchisoma/usbから/RoboconDetectionFruit-master/install/robocon2023_b_dash/share/robocon2023_b_dash/hook/cmake_prefix_path.dsv'
[1.883s] INFO:colcon.colcon_core.shell:Creating environment hook '/home/kaibuchisoma/usbから/RoboconDetectionFruit-master/install/robocon2023_b_dash/share/robocon2023_b_dash/hook/cmake_prefix_path.sh'
[1.883s] Level 1:colcon.colcon_core.environment:checking '/home/kaibuchisoma/usbから/RoboconDetectionFruit-master/install/robocon2023_b_dash/lib'
[1.883s] Level 1:colcon.colcon_core.environment:checking '/home/kaibuchisoma/usbから/RoboconDetectionFruit-master/install/robocon2023_b_dash/bin'
[1.883s] Level 1:colcon.colcon_core.environment:checking '/home/kaibuchisoma/usbから/RoboconDetectionFruit-master/install/robocon2023_b_dash/lib/pkgconfig/robocon2023_b_dash.pc'
[1.884s] Level 1:colcon.colcon_core.environment:checking '/home/kaibuchisoma/usbから/RoboconDetectionFruit-master/install/robocon2023_b_dash/lib/python3.10/site-packages'
[1.884s] Level 1:colcon.colcon_core.environment:checking '/home/kaibuchisoma/usbから/RoboconDetectionFruit-master/install/robocon2023_b_dash/bin'
[1.897s] INFO:colcon.colcon_core.shell:Creating package script '/home/kaibuchisoma/usbから/RoboconDetectionFruit-master/install/robocon2023_b_dash/share/robocon2023_b_dash/package.ps1'
[1.897s] INFO:colcon.colcon_core.shell:Creating package descriptor '/home/kaibuchisoma/usbから/RoboconDetectionFruit-master/install/robocon2023_b_dash/share/robocon2023_b_dash/package.dsv'
[1.897s] INFO:colcon.colcon_core.shell:Creating package script '/home/kaibuchisoma/usbから/RoboconDetectionFruit-master/install/robocon2023_b_dash/share/robocon2023_b_dash/package.sh'
[1.898s] INFO:colcon.colcon_core.shell:Creating package script '/home/kaibuchisoma/usbから/RoboconDetectionFruit-master/install/robocon2023_b_dash/share/robocon2023_b_dash/package.bash'
[1.898s] INFO:colcon.colcon_core.shell:Creating package script '/home/kaibuchisoma/usbから/RoboconDetectionFruit-master/install/robocon2023_b_dash/share/robocon2023_b_dash/package.zsh'
[1.898s] Level 1:colcon.colcon_core.environment:create_file_with_runtime_dependencies(/home/kaibuchisoma/usbから/RoboconDetectionFruit-master/install/robocon2023_b_dash/share/colcon-core/packages/robocon2023_b_dash)
[1.913s] Level 1:colcon.colcon_core.environment:create_environment_scripts_only(ros_to_kimd)
[1.926s] Level 1:colcon.colcon_core.environment:checking '/home/kaibuchisoma/usbから/RoboconDetectionFruit-master/install/ros_to_kimd' for CMake module files
[1.927s] Level 1:colcon.colcon_core.environment:checking '/home/kaibuchisoma/usbから/RoboconDetectionFruit-master/install/ros_to_kimd' for CMake config files
[1.927s] Level 1:colcon.colcon_core.shell:create_environment_hook('ros_to_kimd', 'cmake_prefix_path')
[1.940s] INFO:colcon.colcon_core.shell:Creating environment hook '/home/kaibuchisoma/usbから/RoboconDetectionFruit-master/install/ros_to_kimd/share/ros_to_kimd/hook/cmake_prefix_path.ps1'
[1.941s] INFO:colcon.colcon_core.shell:Creating environment descriptor '/home/kaibuchisoma/usbから/RoboconDetectionFruit-master/install/ros_to_kimd/share/ros_to_kimd/hook/cmake_prefix_path.dsv'
[1.941s] INFO:colcon.colcon_core.shell:Creating environment hook '/home/kaibuchisoma/usbから/RoboconDetectionFruit-master/install/ros_to_kimd/share/ros_to_kimd/hook/cmake_prefix_path.sh'
[1.942s] Level 1:colcon.colcon_core.environment:checking '/home/kaibuchisoma/usbから/RoboconDetectionFruit-master/install/ros_to_kimd/lib'
[1.942s] Level 1:colcon.colcon_core.environment:checking '/home/kaibuchisoma/usbから/RoboconDetectionFruit-master/install/ros_to_kimd/bin'
[1.942s] Level 1:colcon.colcon_core.environment:checking '/home/kaibuchisoma/usbから/RoboconDetectionFruit-master/install/ros_to_kimd/lib/pkgconfig/ros_to_kimd.pc'
[1.942s] Level 1:colcon.colcon_core.environment:checking '/home/kaibuchisoma/usbから/RoboconDetectionFruit-master/install/ros_to_kimd/lib/python3.10/site-packages'
[1.942s] Level 1:colcon.colcon_core.environment:checking '/home/kaibuchisoma/usbから/RoboconDetectionFruit-master/install/ros_to_kimd/bin'
[1.956s] INFO:colcon.colcon_core.shell:Creating package script '/home/kaibuchisoma/usbから/RoboconDetectionFruit-master/install/ros_to_kimd/share/ros_to_kimd/package.ps1'
[1.956s] INFO:colcon.colcon_core.shell:Creating package descriptor '/home/kaibuchisoma/usbから/RoboconDetectionFruit-master/install/ros_to_kimd/share/ros_to_kimd/package.dsv'
[1.957s] INFO:colcon.colcon_core.shell:Creating package script '/home/kaibuchisoma/usbから/RoboconDetectionFruit-master/install/ros_to_kimd/share/ros_to_kimd/package.sh'
[1.957s] INFO:colcon.colcon_core.shell:Creating package script '/home/kaibuchisoma/usbから/RoboconDetectionFruit-master/install/ros_to_kimd/share/ros_to_kimd/package.bash'
[1.957s] INFO:colcon.colcon_core.shell:Creating package script '/home/kaibuchisoma/usbから/RoboconDetectionFruit-master/install/ros_to_kimd/share/ros_to_kimd/package.zsh'
[1.958s] Level 1:colcon.colcon_core.environment:create_file_with_runtime_dependencies(/home/kaibuchisoma/usbから/RoboconDetectionFruit-master/install/ros_to_kimd/share/colcon-core/packages/ros_to_kimd)
[1.972s] Level 1:colcon.colcon_core.environment:create_environment_scripts_only(robocon2023_b_dash)
[1.985s] Level 1:colcon.colcon_core.environment:checking '/home/kaibuchisoma/usbから/RoboconDetectionFruit-master/install/robocon2023_b_dash' for CMake module files
[1.986s] Level 1:colcon.colcon_core.environment:checking '/home/kaibuchisoma/usbから/RoboconDetectionFruit-master/install/robocon2023_b_dash' for CMake config files
[1.986s] Level 1:colcon.colcon_core.shell:create_environment_hook('robocon2023_b_dash', 'cmake_prefix_path')
[1.999s] INFO:colcon.colcon_core.shell:Creating environment hook '/home/kaibuchisoma/usbから/RoboconDetectionFruit-master/install/robocon2023_b_dash/share/robocon2023_b_dash/hook/cmake_prefix_path.ps1'
[2.000s] INFO:colcon.colcon_core.shell:Creating environment descriptor '/home/kaibuchisoma/usbから/RoboconDetectionFruit-master/install/robocon2023_b_dash/share/robocon2023_b_dash/hook/cmake_prefix_path.dsv'
[2.000s] INFO:colcon.colcon_core.shell:Creating environment hook '/home/kaibuchisoma/usbから/RoboconDetectionFruit-master/install/robocon2023_b_dash/share/robocon2023_b_dash/hook/cmake_prefix_path.sh'
[2.000s] Level 1:colcon.colcon_core.environment:checking '/home/kaibuchisoma/usbから/RoboconDetectionFruit-master/install/robocon2023_b_dash/lib'
[2.000s] Level 1:colcon.colcon_core.environment:checking '/home/kaibuchisoma/usbから/RoboconDetectionFruit-master/install/robocon2023_b_dash/bin'
[2.000s] Level 1:colcon.colcon_core.environment:checking '/home/kaibuchisoma/usbから/RoboconDetectionFruit-master/install/robocon2023_b_dash/lib/pkgconfig/robocon2023_b_dash.pc'
[2.001s] Level 1:colcon.colcon_core.environment:checking '/home/kaibuchisoma/usbから/RoboconDetectionFruit-master/install/robocon2023_b_dash/lib/python3.10/site-packages'
[2.001s] Level 1:colcon.colcon_core.environment:checking '/home/kaibuchisoma/usbから/RoboconDetectionFruit-master/install/robocon2023_b_dash/bin'
[2.013s] INFO:colcon.colcon_core.shell:Creating package script '/home/kaibuchisoma/usbから/RoboconDetectionFruit-master/install/robocon2023_b_dash/share/robocon2023_b_dash/package.ps1'
[2.014s] INFO:colcon.colcon_core.shell:Creating package descriptor '/home/kaibuchisoma/usbから/RoboconDetectionFruit-master/install/robocon2023_b_dash/share/robocon2023_b_dash/package.dsv'
[2.014s] INFO:colcon.colcon_core.shell:Creating package script '/home/kaibuchisoma/usbから/RoboconDetectionFruit-master/install/robocon2023_b_dash/share/robocon2023_b_dash/package.sh'
[2.014s] INFO:colcon.colcon_core.shell:Creating package script '/home/kaibuchisoma/usbから/RoboconDetectionFruit-master/install/robocon2023_b_dash/share/robocon2023_b_dash/package.bash'
[2.015s] INFO:colcon.colcon_core.shell:Creating package script '/home/kaibuchisoma/usbから/RoboconDetectionFruit-master/install/robocon2023_b_dash/share/robocon2023_b_dash/package.zsh'
[2.015s] Level 1:colcon.colcon_core.environment:create_file_with_runtime_dependencies(/home/kaibuchisoma/usbから/RoboconDetectionFruit-master/install/robocon2023_b_dash/share/colcon-core/packages/robocon2023_b_dash)
[2.017s] DEBUG:colcon.colcon_core.event_handler.log_command:Invoking command in '/home/kaibuchisoma/usbから/RoboconDetectionFruit-master/src/fruit_detection': PYTHONPATH=/home/kaibuchisoma/usbから/RoboconDetectionFruit-master/build/fruit_detection/prefix_override:/home/kaibuchisoma/usbから/RoboconDetectionFruit-master/install/fruit_detection/lib/python3.10/site-packages:${PYTHONPATH} /usr/bin/python3 setup.py egg_info --egg-base ../../build/fruit_detection build --build-base /home/kaibuchisoma/usbから/RoboconDetectionFruit-master/build/fruit_detection/build install --record /home/kaibuchisoma/usbから/RoboconDetectionFruit-master/build/fruit_detection/install.log --single-version-externally-managed
[2.275s] DEBUG:colcon.colcon_core.event_handler.log_command:Invoked command in '/home/kaibuchisoma/usbから/RoboconDetectionFruit-master/src/fruit_detection' returned '0': PYTHONPATH=/home/kaibuchisoma/usbから/RoboconDetectionFruit-master/build/fruit_detection/prefix_override:/home/kaibuchisoma/usbから/RoboconDetectionFruit-master/install/fruit_detection/lib/python3.10/site-packages:${PYTHONPATH} /usr/bin/python3 setup.py egg_info --egg-base ../../build/fruit_detection build --build-base /home/kaibuchisoma/usbから/RoboconDetectionFruit-master/build/fruit_detection/build install --record /home/kaibuchisoma/usbから/RoboconDetectionFruit-master/build/fruit_detection/install.log --single-version-externally-managed
[2.287s] Level 1:colcon.colcon_core.environment:checking '/home/kaibuchisoma/usbから/RoboconDetectionFruit-master/install/fruit_detection' for CMake module files
[2.287s] Level 1:colcon.colcon_core.environment:checking '/home/kaibuchisoma/usbから/RoboconDetectionFruit-master/install/fruit_detection' for CMake config files
[2.288s] Level 1:colcon.colcon_core.environment:checking '/home/kaibuchisoma/usbから/RoboconDetectionFruit-master/install/fruit_detection/lib'
[2.288s] Level 1:colcon.colcon_core.environment:checking '/home/kaibuchisoma/usbから/RoboconDetectionFruit-master/install/fruit_detection/bin'
[2.288s] Level 1:colcon.colcon_core.environment:checking '/home/kaibuchisoma/usbから/RoboconDetectionFruit-master/install/fruit_detection/lib/pkgconfig/fruit_detection.pc'
[2.288s] Level 1:colcon.colcon_core.environment:checking '/home/kaibuchisoma/usbから/RoboconDetectionFruit-master/install/fruit_detection/lib/python3.10/site-packages'
[2.288s] Level 1:colcon.colcon_core.shell:create_environment_hook('fruit_detection', 'pythonpath')
[2.300s] INFO:colcon.colcon_core.shell:Creating environment hook '/home/kaibuchisoma/usbから/RoboconDetectionFruit-master/install/fruit_detection/share/fruit_detection/hook/pythonpath.ps1'
[2.300s] INFO:colcon.colcon_core.shell:Creating environment descriptor '/home/kaibuchisoma/usbから/RoboconDetectionFruit-master/install/fruit_detection/share/fruit_detection/hook/pythonpath.dsv'
[2.301s] INFO:colcon.colcon_core.shell:Creating environment hook '/home/kaibuchisoma/usbから/RoboconDetectionFruit-master/install/fruit_detection/share/fruit_detection/hook/pythonpath.sh'
[2.301s] Level 1:colcon.colcon_core.environment:checking '/home/kaibuchisoma/usbから/RoboconDetectionFruit-master/install/fruit_detection/bin'
[2.301s] Level 1:colcon.colcon_core.environment:create_environment_scripts_only(fruit_detection)
[2.313s] INFO:colcon.colcon_core.shell:Creating package script '/home/kaibuchisoma/usbから/RoboconDetectionFruit-master/install/fruit_detection/share/fruit_detection/package.ps1'
[2.314s] INFO:colcon.colcon_core.shell:Creating package descriptor '/home/kaibuchisoma/usbから/RoboconDetectionFruit-master/install/fruit_detection/share/fruit_detection/package.dsv'
[2.314s] INFO:colcon.colcon_core.shell:Creating package script '/home/kaibuchisoma/usbから/RoboconDetectionFruit-master/install/fruit_detection/share/fruit_detection/package.sh'
[2.315s] INFO:colcon.colcon_core.shell:Creating package script '/home/kaibuchisoma/usbから/RoboconDetectionFruit-master/install/fruit_detection/share/fruit_detection/package.bash'
[2.315s] INFO:colcon.colcon_core.shell:Creating package script '/home/kaibuchisoma/usbから/RoboconDetectionFruit-master/install/fruit_detection/share/fruit_detection/package.zsh'
[2.315s] Level 1:colcon.colcon_core.environment:create_file_with_runtime_dependencies(/home/kaibuchisoma/usbから/RoboconDetectionFruit-master/install/fruit_detection/share/colcon-core/packages/fruit_detection)
[2.315s] DEBUG:colcon.colcon_parallel_executor.executor.parallel:closing loop
[2.315s] DEBUG:colcon.colcon_parallel_executor.executor.parallel:loop closed
[2.316s] DEBUG:colcon.colcon_parallel_executor.executor.parallel:run_until_complete finished with '0'
[2.316s] DEBUG:colcon.colcon_core.event_reactor:joining thread
[2.332s] INFO:colcon.colcon_core.plugin_system:Skipping extension 'colcon_notification.desktop_notification.terminal_notifier': Not used on non-Darwin systems
[2.332s] INFO:colcon.colcon_core.plugin_system:Skipping extension 'colcon_notification.desktop_notification.win32': Not used on non-Windows systems
[2.332s] INFO:colcon.colcon_notification.desktop_notification:Sending desktop notification using 'notify2'
[2.342s] DEBUG:colcon.colcon_core.event_reactor:joined thread
[2.356s] INFO:colcon.colcon_core.shell:Creating prefix script '/home/kaibuchisoma/usbから/RoboconDetectionFruit-master/install/local_setup.ps1'
[2.357s] INFO:colcon.colcon_core.shell:Creating prefix util module '/home/kaibuchisoma/usbから/RoboconDetectionFruit-master/install/_local_setup_util_ps1.py'
[2.358s] INFO:colcon.colcon_core.shell:Creating prefix chain script '/home/kaibuchisoma/usbから/RoboconDetectionFruit-master/install/setup.ps1'
[2.372s] INFO:colcon.colcon_core.shell:Creating prefix script '/home/kaibuchisoma/usbから/RoboconDetectionFruit-master/install/local_setup.sh'
[2.372s] INFO:colcon.colcon_core.shell:Creating prefix util module '/home/kaibuchisoma/usbから/RoboconDetectionFruit-master/install/_local_setup_util_sh.py'
[2.372s] INFO:colcon.colcon_core.shell:Creating prefix chain script '/home/kaibuchisoma/usbから/RoboconDetectionFruit-master/install/setup.sh'
[2.385s] INFO:colcon.colcon_core.shell:Creating prefix script '/home/kaibuchisoma/usbから/RoboconDetectionFruit-master/install/local_setup.bash'
[2.386s] INFO:colcon.colcon_core.shell:Creating prefix chain script '/home/kaibuchisoma/usbから/RoboconDetectionFruit-master/install/setup.bash'
[2.399s] INFO:colcon.colcon_core.shell:Creating prefix script '/home/kaibuchisoma/usbから/RoboconDetectionFruit-master/install/local_setup.zsh'
[2.400s] INFO:colcon.colcon_core.shell:Creating prefix chain script '/home/kaibuchisoma/usbから/RoboconDetectionFruit-master/install/setup.zsh'
