[01m[K/home/ros-industrial/robocon_ws/src/robocon2023_b_dash_transceiver/src/usb920_node.cpp:[m[K In member function ‘[01m[Kvoid JoySubscriber::topic_callback1(sensor_msgs::msg::Joy_<std::allocator<void> >::SharedPtr)[m[K’:
[01m[K/home/ros-industrial/robocon_ws/src/robocon2023_b_dash_transceiver/src/usb920_node.cpp:73:71:[m[K [01;35m[Kwarning: [m[Ksuggest parentheses around ‘[01m[K-[m[K’ inside ‘[01m[K<<[m[K’ [[01;35m[K-Wparentheses[m[K]
   73 |                 DS_data.data[0].JoyStickData.button_status |= (1 << [01;35m[Ki - 2[m[K);
      |                                                                     [01;35m[K~~^~~[m[K
[01m[K/home/ros-industrial/robocon_ws/src/robocon2023_b_dash_transceiver/src/usb920_node.cpp:75:72:[m[K [01;35m[Kwarning: [m[Ksuggest parentheses around ‘[01m[K-[m[K’ inside ‘[01m[K<<[m[K’ [[01;35m[K-Wparentheses[m[K]
   75 |                 DS_data.data[0].JoyStickData.button_status &= ~(1 << [01;35m[Ki - 2[m[K);
      |                                                                      [01;35m[K~~^~~[m[K
[01m[K/home/ros-industrial/robocon_ws/src/robocon2023_b_dash_transceiver/src/usb920_node.cpp:80:72:[m[K [01;35m[Kwarning: [m[Ksuggest parentheses around ‘[01m[K+[m[K’ inside ‘[01m[K<<[m[K’ [[01;35m[K-Wparentheses[m[K]
   80 |                 DS_data.data[0].JoyStickData.button_status |= (1 << [01;35m[K11 + i[m[K);
      |                                                                     [01;35m[K~~~^~~[m[K
[01m[K/home/ros-industrial/robocon_ws/src/robocon2023_b_dash_transceiver/src/usb920_node.cpp:81:73:[m[K [01;35m[Kwarning: [m[Ksuggest parentheses around ‘[01m[K+[m[K’ inside ‘[01m[K<<[m[K’ [[01;35m[K-Wparentheses[m[K]
   81 |                 DS_data.data[0].JoyStickData.button_status &= ~(1 << [01;35m[K13 + i[m[K);
      |                                                                      [01;35m[K~~~^~~[m[K
[01m[K/home/ros-industrial/robocon_ws/src/robocon2023_b_dash_transceiver/src/usb920_node.cpp:83:72:[m[K [01;35m[Kwarning: [m[Ksuggest parentheses around ‘[01m[K+[m[K’ inside ‘[01m[K<<[m[K’ [[01;35m[K-Wparentheses[m[K]
   83 |                 DS_data.data[0].JoyStickData.button_status |= (1 << [01;35m[K13 + i[m[K);
      |                                                                     [01;35m[K~~~^~~[m[K
[01m[K/home/ros-industrial/robocon_ws/src/robocon2023_b_dash_transceiver/src/usb920_node.cpp:84:73:[m[K [01;35m[Kwarning: [m[Ksuggest parentheses around ‘[01m[K+[m[K’ inside ‘[01m[K<<[m[K’ [[01;35m[K-Wparentheses[m[K]
   84 |                 DS_data.data[0].JoyStickData.button_status &= ~(1 << [01;35m[K11 + i[m[K);
      |                                                                      [01;35m[K~~~^~~[m[K
[01m[K/home/ros-industrial/robocon_ws/src/robocon2023_b_dash_transceiver/src/usb920_node.cpp:86:73:[m[K [01;35m[Kwarning: [m[Ksuggest parentheses around ‘[01m[K+[m[K’ inside ‘[01m[K<<[m[K’ [[01;35m[K-Wparentheses[m[K]
   86 |                 DS_data.data[0].JoyStickData.button_status &= ~(1 << [01;35m[K11 + i[m[K);
      |                                                                      [01;35m[K~~~^~~[m[K
[01m[K/home/ros-industrial/robocon_ws/src/robocon2023_b_dash_transceiver/src/usb920_node.cpp:87:73:[m[K [01;35m[Kwarning: [m[Ksuggest parentheses around ‘[01m[K+[m[K’ inside ‘[01m[K<<[m[K’ [[01;35m[K-Wparentheses[m[K]
   87 |                 DS_data.data[0].JoyStickData.button_status &= ~(1 << [01;35m[K13 + i[m[K);
      |                                                                      [01;35m[K~~~^~~[m[K
[01m[K/home/ros-industrial/robocon_ws/src/robocon2023_b_dash_transceiver/src/usb920_node.cpp:100:26:[m[K [01;35m[Kwarning: [m[Kcomparison of integer expressions of different signedness: ‘[01m[Kint[m[K’ and ‘[01m[Klong unsigned int[m[K’ [[01;35m[K-Wsign-compare[m[K]
  100 |         for(int i = 0; [01;35m[Ki < sizeof(DS_data.bin) + 1[m[K; i++) {
      |                        [01;35m[K~~^~~~~~~~~~~~~~~~~~~~~~~~~[m[K
[01m[K/home/ros-industrial/robocon_ws/src/robocon2023_b_dash_transceiver/src/usb920_node.cpp:115:26:[m[K [01;35m[Kwarning: [m[Kcomparison of integer expressions of different signedness: ‘[01m[Kint[m[K’ and ‘[01m[Klong unsigned int[m[K’ [[01;35m[K-Wsign-compare[m[K]
  115 |         for(int i = 0; [01;35m[Ki < sizeof(cobs)[m[K; i++) {
      |                        [01;35m[K~~^~~~~~~~~~~~~~[m[K
[01m[K/home/ros-industrial/robocon_ws/src/robocon2023_b_dash_transceiver/src/usb920_node.cpp:[m[K In member function ‘[01m[Kvoid JoySubscriber::topic_callback2(sensor_msgs::msg::Joy_<std::allocator<void> >::SharedPtr)[m[K’:
[01m[K/home/ros-industrial/robocon_ws/src/robocon2023_b_dash_transceiver/src/usb920_node.cpp:133:71:[m[K [01;35m[Kwarning: [m[Ksuggest parentheses around ‘[01m[K-[m[K’ inside ‘[01m[K<<[m[K’ [[01;35m[K-Wparentheses[m[K]
  133 |                 DS_data.data[1].JoyStickData.button_status |= (1 << [01;35m[Ki - 2[m[K);
      |                                                                     [01;35m[K~~^~~[m[K
[01m[K/home/ros-industrial/robocon_ws/src/robocon2023_b_dash_transceiver/src/usb920_node.cpp:135:72:[m[K [01;35m[Kwarning: [m[Ksuggest parentheses around ‘[01m[K-[m[K’ inside ‘[01m[K<<[m[K’ [[01;35m[K-Wparentheses[m[K]
  135 |                 DS_data.data[1].JoyStickData.button_status &= ~(1 << [01;35m[Ki - 2[m[K);
      |                                                                      [01;35m[K~~^~~[m[K
[01m[K/home/ros-industrial/robocon_ws/src/robocon2023_b_dash_transceiver/src/usb920_node.cpp:140:72:[m[K [01;35m[Kwarning: [m[Ksuggest parentheses around ‘[01m[K+[m[K’ inside ‘[01m[K<<[m[K’ [[01;35m[K-Wparentheses[m[K]
  140 |                 DS_data.data[1].JoyStickData.button_status |= (1 << [01;35m[K11 + i[m[K);
      |                                                                     [01;35m[K~~~^~~[m[K
[01m[K/home/ros-industrial/robocon_ws/src/robocon2023_b_dash_transceiver/src/usb920_node.cpp:141:73:[m[K [01;35m[Kwarning: [m[Ksuggest parentheses around ‘[01m[K+[m[K’ inside ‘[01m[K<<[m[K’ [[01;35m[K-Wparentheses[m[K]
  141 |                 DS_data.data[1].JoyStickData.button_status &= ~(1 << [01;35m[K13 + i[m[K);
      |                                                                      [01;35m[K~~~^~~[m[K
[01m[K/home/ros-industrial/robocon_ws/src/robocon2023_b_dash_transceiver/src/usb920_node.cpp:143:72:[m[K [01;35m[Kwarning: [m[Ksuggest parentheses around ‘[01m[K+[m[K’ inside ‘[01m[K<<[m[K’ [[01;35m[K-Wparentheses[m[K]
  143 |                 DS_data.data[1].JoyStickData.button_status |= (1 << [01;35m[K13 + i[m[K);
      |                                                                     [01;35m[K~~~^~~[m[K
[01m[K/home/ros-industrial/robocon_ws/src/robocon2023_b_dash_transceiver/src/usb920_node.cpp:144:73:[m[K [01;35m[Kwarning: [m[Ksuggest parentheses around ‘[01m[K+[m[K’ inside ‘[01m[K<<[m[K’ [[01;35m[K-Wparentheses[m[K]
  144 |                 DS_data.data[1].JoyStickData.button_status &= ~(1 << [01;35m[K11 + i[m[K);
      |                                                                      [01;35m[K~~~^~~[m[K
[01m[K/home/ros-industrial/robocon_ws/src/robocon2023_b_dash_transceiver/src/usb920_node.cpp:146:73:[m[K [01;35m[Kwarning: [m[Ksuggest parentheses around ‘[01m[K+[m[K’ inside ‘[01m[K<<[m[K’ [[01;35m[K-Wparentheses[m[K]
  146 |                 DS_data.data[1].JoyStickData.button_status &= ~(1 << [01;35m[K11 + i[m[K);
      |                                                                      [01;35m[K~~~^~~[m[K
[01m[K/home/ros-industrial/robocon_ws/src/robocon2023_b_dash_transceiver/src/usb920_node.cpp:147:73:[m[K [01;35m[Kwarning: [m[Ksuggest parentheses around ‘[01m[K+[m[K’ inside ‘[01m[K<<[m[K’ [[01;35m[K-Wparentheses[m[K]
  147 |                 DS_data.data[1].JoyStickData.button_status &= ~(1 << [01;35m[K13 + i[m[K);
      |                                                                      [01;35m[K~~~^~~[m[K
[01m[K/home/ros-industrial/robocon_ws/src/robocon2023_b_dash_transceiver/src/usb920_node.cpp:160:26:[m[K [01;35m[Kwarning: [m[Kcomparison of integer expressions of different signedness: ‘[01m[Kint[m[K’ and ‘[01m[Klong unsigned int[m[K’ [[01;35m[K-Wsign-compare[m[K]
  160 |         for(int i = 0; [01;35m[Ki < sizeof(DS_data.bin) + 1[m[K; i++) {
      |                        [01;35m[K~~^~~~~~~~~~~~~~~~~~~~~~~~~[m[K
[01m[K/home/ros-industrial/robocon_ws/src/robocon2023_b_dash_transceiver/src/usb920_node.cpp:175:26:[m[K [01;35m[Kwarning: [m[Kcomparison of integer expressions of different signedness: ‘[01m[Kint[m[K’ and ‘[01m[Klong unsigned int[m[K’ [[01;35m[K-Wsign-compare[m[K]
  175 |         for(int i = 0; [01;35m[Ki < sizeof(cobs)[m[K; i++) {
      |                        [01;35m[K~~^~~~~~~~~~~~~~[m[K
[01m[K/home/ros-industrial/robocon_ws/src/robocon2023_b_dash_transceiver/src/usb920_node.cpp:[m[K In function ‘[01m[Kint main(int, char**)[m[K’:
[01m[K/home/ros-industrial/robocon_ws/src/robocon2023_b_dash_transceiver/src/usb920_node.cpp:192:9:[m[K [01;35m[Kwarning: [m[Kunused variable ‘[01m[Ki[m[K’ [[01;35m[K-Wunused-variable[m[K]
  192 |     int [01;35m[Ki[m[K;
      |         [01;35m[K^[m[K
