[0.470s] Invoking command in '/home/ros-industrial/robocon_ws/build/robocon2023_b_dash_receiver': CMAKE_PREFIX_PATH=${CMAKE_PREFIX_PATH}:/opt/ros/foxy /usr/bin/cmake --build /home/ros-industrial/robocon_ws/build/robocon2023_b_dash_receiver -- -j8 -l8
[0.524s] [ 50%] Built target program_checker
[0.536s] [100%] Built target receiver
[0.552s] Invoked command in '/home/ros-industrial/robocon_ws/build/robocon2023_b_dash_receiver' returned '0': CMAKE_PREFIX_PATH=${CMAKE_PREFIX_PATH}:/opt/ros/foxy /usr/bin/cmake --build /home/ros-industrial/robocon_ws/build/robocon2023_b_dash_receiver -- -j8 -l8
[0.595s] Invoking command in '/home/ros-industrial/robocon_ws/build/robocon2023_b_dash_receiver': CMAKE_PREFIX_PATH=${CMAKE_PREFIX_PATH}:/opt/ros/foxy /usr/bin/cmake --install /home/ros-industrial/robocon_ws/build/robocon2023_b_dash_receiver
[0.602s] -- Install configuration: ""
[0.603s] -- Up-to-date: /home/ros-industrial/robocon_ws/install/robocon2023_b_dash_receiver/lib/robocon2023_b_dash_receiver/receiver
[0.603s] -- Up-to-date: /home/ros-industrial/robocon_ws/install/robocon2023_b_dash_receiver/lib/robocon2023_b_dash_receiver/program_checker
[0.604s] -- Up-to-date: /home/ros-industrial/robocon_ws/install/robocon2023_b_dash_receiver/share/ament_index/resource_index/package_run_dependencies/robocon2023_b_dash_receiver
[0.604s] -- Up-to-date: /home/ros-industrial/robocon_ws/install/robocon2023_b_dash_receiver/share/ament_index/resource_index/parent_prefix_path/robocon2023_b_dash_receiver
[0.604s] -- Up-to-date: /home/ros-industrial/robocon_ws/install/robocon2023_b_dash_receiver/share/robocon2023_b_dash_receiver/environment/ament_prefix_path.sh
[0.605s] -- Up-to-date: /home/ros-industrial/robocon_ws/install/robocon2023_b_dash_receiver/share/robocon2023_b_dash_receiver/environment/ament_prefix_path.dsv
[0.605s] -- Up-to-date: /home/ros-industrial/robocon_ws/install/robocon2023_b_dash_receiver/share/robocon2023_b_dash_receiver/environment/path.sh
[0.605s] -- Up-to-date: /home/ros-industrial/robocon_ws/install/robocon2023_b_dash_receiver/share/robocon2023_b_dash_receiver/environment/path.dsv
[0.605s] -- Up-to-date: /home/ros-industrial/robocon_ws/install/robocon2023_b_dash_receiver/share/robocon2023_b_dash_receiver/local_setup.bash
[0.605s] -- Up-to-date: /home/ros-industrial/robocon_ws/install/robocon2023_b_dash_receiver/share/robocon2023_b_dash_receiver/local_setup.sh
[0.605s] -- Up-to-date: /home/ros-industrial/robocon_ws/install/robocon2023_b_dash_receiver/share/robocon2023_b_dash_receiver/local_setup.zsh
[0.605s] -- Up-to-date: /home/ros-industrial/robocon_ws/install/robocon2023_b_dash_receiver/share/robocon2023_b_dash_receiver/local_setup.dsv
[0.605s] -- Installing: /home/ros-industrial/robocon_ws/install/robocon2023_b_dash_receiver/share/robocon2023_b_dash_receiver/package.dsv
[0.605s] -- Up-to-date: /home/ros-industrial/robocon_ws/install/robocon2023_b_dash_receiver/share/ament_index/resource_index/packages/robocon2023_b_dash_receiver
[0.605s] -- Up-to-date: /home/ros-industrial/robocon_ws/install/robocon2023_b_dash_receiver/share/robocon2023_b_dash_receiver/cmake/robocon2023_b_dash_receiverConfig.cmake
[0.606s] -- Up-to-date: /home/ros-industrial/robocon_ws/install/robocon2023_b_dash_receiver/share/robocon2023_b_dash_receiver/cmake/robocon2023_b_dash_receiverConfig-version.cmake
[0.606s] -- Up-to-date: /home/ros-industrial/robocon_ws/install/robocon2023_b_dash_receiver/share/robocon2023_b_dash_receiver/package.xml
[0.622s] Invoked command in '/home/ros-industrial/robocon_ws/build/robocon2023_b_dash_receiver' returned '0': CMAKE_PREFIX_PATH=${CMAKE_PREFIX_PATH}:/opt/ros/foxy /usr/bin/cmake --install /home/ros-industrial/robocon_ws/build/robocon2023_b_dash_receiver
