[0.453s] Invoking command in '/home/kaibuchisoma/robocon_ws/build/robocon2023_b_dash': CMAKE_PREFIX_PATH=${CMAKE_PREFIX_PATH}:/home/kaibuchisoma/robocon_ws/install/fruit_detection:/opt/ros/humble /usr/bin/cmake --build /home/kaibuchisoma/robocon_ws/build/robocon2023_b_dash -- -j12 -l12
[0.516s] [ 13%] Built target SerialKIMD
[0.517s] [ 18%] Built target Xmove_Controller
[0.522s] [ 27%] Built target DriveMotion
[0.549s] [ 45%] Built target RopeMotion
[0.549s] [ 45%] Built target receiver
[0.554s] [ 54%] Built target BeltLiner_Controller
[0.580s] [ 72%] Built target Crawl_Controller
[0.581s] [ 72%] Built target Solenoid_Controller
[0.585s] [ 81%] Built target WallUpMotion
[0.612s] [100%] Built target Upper_Controller
[0.612s] [100%] Built target Drive_Controller
[0.659s] Invoked command in '/home/kaibuchisoma/robocon_ws/build/robocon2023_b_dash' returned '0': CMAKE_PREFIX_PATH=${CMAKE_PREFIX_PATH}:/home/kaibuchisoma/robocon_ws/install/fruit_detection:/opt/ros/humble /usr/bin/cmake --build /home/kaibuchisoma/robocon_ws/build/robocon2023_b_dash -- -j12 -l12
[0.765s] Invoking command in '/home/kaibuchisoma/robocon_ws/build/robocon2023_b_dash': CMAKE_PREFIX_PATH=${CMAKE_PREFIX_PATH}:/home/kaibuchisoma/robocon_ws/install/fruit_detection:/opt/ros/humble /usr/bin/cmake --install /home/kaibuchisoma/robocon_ws/build/robocon2023_b_dash
[0.774s] -- Install configuration: ""
[0.774s] -- Up-to-date: /home/kaibuchisoma/robocon_ws/install/robocon2023_b_dash/lib/robocon2023_b_dash/SerialKIMD
[0.774s] -- Up-to-date: /home/kaibuchisoma/robocon_ws/install/robocon2023_b_dash/lib/robocon2023_b_dash/Xmove_Controller
[0.774s] -- Up-to-date: /home/kaibuchisoma/robocon_ws/install/robocon2023_b_dash/lib/robocon2023_b_dash/DriveMotion
[0.775s] -- Up-to-date: /home/kaibuchisoma/robocon_ws/install/robocon2023_b_dash/lib/robocon2023_b_dash/Drive_Controller
[0.775s] -- Up-to-date: /home/kaibuchisoma/robocon_ws/install/robocon2023_b_dash/lib/robocon2023_b_dash/Upper_Controller
[0.776s] -- Up-to-date: /home/kaibuchisoma/robocon_ws/install/robocon2023_b_dash/lib/robocon2023_b_dash/WallUpMotion
[0.776s] -- Up-to-date: /home/kaibuchisoma/robocon_ws/install/robocon2023_b_dash/lib/robocon2023_b_dash/Crawl_Controller
[0.776s] -- Up-to-date: /home/kaibuchisoma/robocon_ws/install/robocon2023_b_dash/lib/robocon2023_b_dash/Solenoid_Controller
[0.777s] -- Up-to-date: /home/kaibuchisoma/robocon_ws/install/robocon2023_b_dash/lib/robocon2023_b_dash/BeltLiner_Controller
[0.777s] -- Up-to-date: /home/kaibuchisoma/robocon_ws/install/robocon2023_b_dash/lib/robocon2023_b_dash/RopeMotion
[0.777s] -- Up-to-date: /home/kaibuchisoma/robocon_ws/install/robocon2023_b_dash/lib/robocon2023_b_dash/receiver
[0.778s] -- Up-to-date: /home/kaibuchisoma/robocon_ws/install/robocon2023_b_dash/share/ament_index/resource_index/package_run_dependencies/robocon2023_b_dash
[0.778s] -- Up-to-date: /home/kaibuchisoma/robocon_ws/install/robocon2023_b_dash/share/ament_index/resource_index/parent_prefix_path/robocon2023_b_dash
[0.778s] -- Up-to-date: /home/kaibuchisoma/robocon_ws/install/robocon2023_b_dash/share/robocon2023_b_dash/environment/ament_prefix_path.sh
[0.778s] -- Up-to-date: /home/kaibuchisoma/robocon_ws/install/robocon2023_b_dash/share/robocon2023_b_dash/environment/ament_prefix_path.dsv
[0.778s] -- Up-to-date: /home/kaibuchisoma/robocon_ws/install/robocon2023_b_dash/share/robocon2023_b_dash/environment/path.sh
[0.778s] -- Up-to-date: /home/kaibuchisoma/robocon_ws/install/robocon2023_b_dash/share/robocon2023_b_dash/environment/path.dsv
[0.779s] -- Up-to-date: /home/kaibuchisoma/robocon_ws/install/robocon2023_b_dash/share/robocon2023_b_dash/local_setup.bash
[0.779s] -- Up-to-date: /home/kaibuchisoma/robocon_ws/install/robocon2023_b_dash/share/robocon2023_b_dash/local_setup.sh
[0.779s] -- Up-to-date: /home/kaibuchisoma/robocon_ws/install/robocon2023_b_dash/share/robocon2023_b_dash/local_setup.zsh
[0.779s] -- Up-to-date: /home/kaibuchisoma/robocon_ws/install/robocon2023_b_dash/share/robocon2023_b_dash/local_setup.dsv
[0.779s] -- Installing: /home/kaibuchisoma/robocon_ws/install/robocon2023_b_dash/share/robocon2023_b_dash/package.dsv
[0.779s] -- Up-to-date: /home/kaibuchisoma/robocon_ws/install/robocon2023_b_dash/share/ament_index/resource_index/packages/robocon2023_b_dash
[0.779s] -- Up-to-date: /home/kaibuchisoma/robocon_ws/install/robocon2023_b_dash/share/robocon2023_b_dash/cmake/robocon2023_b_dashConfig.cmake
[0.779s] -- Up-to-date: /home/kaibuchisoma/robocon_ws/install/robocon2023_b_dash/share/robocon2023_b_dash/cmake/robocon2023_b_dashConfig-version.cmake
[0.779s] -- Up-to-date: /home/kaibuchisoma/robocon_ws/install/robocon2023_b_dash/share/robocon2023_b_dash/package.xml
[0.781s] Invoked command in '/home/kaibuchisoma/robocon_ws/build/robocon2023_b_dash' returned '0': CMAKE_PREFIX_PATH=${CMAKE_PREFIX_PATH}:/home/kaibuchisoma/robocon_ws/install/fruit_detection:/opt/ros/humble /usr/bin/cmake --install /home/kaibuchisoma/robocon_ws/build/robocon2023_b_dash
