[0.440s] Invoking command in '/home/kaibuchisoma/usbから/RoboconDetectionFruit-master/build/robocon2023_b_dash': CMAKE_PREFIX_PATH=${CMAKE_PREFIX_PATH}:/home/kaibuchisoma/usbから/RoboconDetectionFruit-master/install/fruit_detection:/home/kaibuchisoma/robocon_ws/install/fruit_detection:/opt/ros/humble /usr/bin/cmake /home/kaibuchisoma/usbから/RoboconDetectionFruit-master/src/robocon2023_b_dash -DCMAKE_INSTALL_PREFIX=/home/kaibuchisoma/usbから/RoboconDetectionFruit-master/install/robocon2023_b_dash
[0.494s] -- The C compiler identification is GNU 11.4.0
[0.552s] -- The CXX compiler identification is GNU 11.4.0
[0.559s] -- Detecting C compiler ABI info
[0.628s] -- Detecting C compiler ABI info - done
[0.635s] -- Check for working C compiler: /usr/bin/cc - skipped
[0.635s] -- Detecting C compile features
[0.635s] -- Detecting C compile features - done
[0.638s] -- Detecting CXX compiler ABI info
[0.725s] -- Detecting CXX compiler ABI info - done
[0.732s] -- Check for working CXX compiler: /usr/bin/c++ - skipped
[0.732s] -- Detecting CXX compile features
[0.732s] -- Detecting CXX compile features - done
[0.736s] -- Found ament_cmake: 1.3.5 (/opt/ros/humble/share/ament_cmake/cmake)
[0.920s] -- Found Python3: /usr/bin/python3.10 (found version "3.10.12") found components: Interpreter 
[1.039s] -- Found rclcpp: 16.0.6 (/opt/ros/humble/share/rclcpp/cmake)
[1.091s] -- Found rosidl_generator_c: 3.1.5 (/opt/ros/humble/share/rosidl_generator_c/cmake)
[1.097s] -- Found rosidl_adapter: 3.1.5 (/opt/ros/humble/share/rosidl_adapter/cmake)
[1.107s] -- Found rosidl_generator_cpp: 3.1.5 (/opt/ros/humble/share/rosidl_generator_cpp/cmake)
[1.123s] -- Using all available rosidl_typesupport_c: rosidl_typesupport_fastrtps_c;rosidl_typesupport_introspection_c
[1.144s] -- Using all available rosidl_typesupport_cpp: rosidl_typesupport_fastrtps_cpp;rosidl_typesupport_introspection_cpp
[1.214s] -- Found rmw_implementation_cmake: 6.1.1 (/opt/ros/humble/share/rmw_implementation_cmake/cmake)
[1.217s] -- Found rmw_fastrtps_cpp: 6.2.4 (/opt/ros/humble/share/rmw_fastrtps_cpp/cmake)
[1.329s] -- Found OpenSSL: /usr/lib/x86_64-linux-gnu/libcrypto.so (found version "3.0.2")  
[1.358s] -- Found FastRTPS: /opt/ros/humble/include  
[1.415s] -- Using RMW implementation 'rmw_fastrtps_cpp' as default
[1.426s] -- Looking for pthread.h
[1.559s] -- Looking for pthread.h - found
[1.560s] -- Performing Test CMAKE_HAVE_LIBC_PTHREAD
[1.656s] -- Performing Test CMAKE_HAVE_LIBC_PTHREAD - Success
[1.657s] -- Found Threads: TRUE  
[1.834s] -- Found sensor_msgs: 4.2.3 (/opt/ros/humble/share/sensor_msgs/cmake)
[2.000s] -- Found ament_lint_auto: 0.12.8 (/opt/ros/humble/share/ament_lint_auto/cmake)
[2.086s] -- Added test 'copyright' to check source files copyright and LICENSE
[2.093s] -- Added test 'cppcheck' to perform static code analysis on C / C++ code
[2.093s] -- Configured cppcheck include dirs: 
[2.093s] -- Configured cppcheck exclude dirs and/or files: 
[2.099s] -- Added test 'cpplint' to check C / C++ code against the Google style
[2.099s] -- Configured cpplint exclude dirs and/or files: 
[2.101s] -- Added test 'flake8' to check Python code syntax and style conventions
[2.102s] -- Added test 'lint_cmake' to check CMake code style
[2.104s] -- Added test 'pep257' to check Python code against some of the docstring style conventions in PEP 257
[2.111s] -- Added test 'uncrustify' to check C / C++ code style
[2.111s] -- Configured uncrustify additional arguments: 
[2.112s] -- Added test 'xmllint' to check XML markup files
[2.113s] -- Configuring done
[2.155s] -- Generating done
[2.158s] -- Build files have been written to: /home/kaibuchisoma/usbから/RoboconDetectionFruit-master/build/robocon2023_b_dash
[2.176s] Invoked command in '/home/kaibuchisoma/usbから/RoboconDetectionFruit-master/build/robocon2023_b_dash' returned '0': CMAKE_PREFIX_PATH=${CMAKE_PREFIX_PATH}:/home/kaibuchisoma/usbから/RoboconDetectionFruit-master/install/fruit_detection:/home/kaibuchisoma/robocon_ws/install/fruit_detection:/opt/ros/humble /usr/bin/cmake /home/kaibuchisoma/usbから/RoboconDetectionFruit-master/src/robocon2023_b_dash -DCMAKE_INSTALL_PREFIX=/home/kaibuchisoma/usbから/RoboconDetectionFruit-master/install/robocon2023_b_dash
[2.178s] Invoking command in '/home/kaibuchisoma/usbから/RoboconDetectionFruit-master/build/robocon2023_b_dash': CMAKE_PREFIX_PATH=${CMAKE_PREFIX_PATH}:/home/kaibuchisoma/usbから/RoboconDetectionFruit-master/install/fruit_detection:/home/kaibuchisoma/robocon_ws/install/fruit_detection:/opt/ros/humble /usr/bin/cmake --build /home/kaibuchisoma/usbから/RoboconDetectionFruit-master/build/robocon2023_b_dash -- -j12 -l12
[2.225s] [35m[1mConsolidate compiler generated dependencies of target BeltLiner_Controller[0m
[2.225s] [35m[1mConsolidate compiler generated dependencies of target DriveMotion[0m
[2.225s] [35m[1mConsolidate compiler generated dependencies of target Xmove_Controller[0m
[2.225s] [35m[1mConsolidate compiler generated dependencies of target SerialKIMD[0m
[2.225s] [35m[1mConsolidate compiler generated dependencies of target WallUpMotion[0m
[2.226s] [35m[1mConsolidate compiler generated dependencies of target Drive_Controller[0m
[2.227s] [35m[1mConsolidate compiler generated dependencies of target Upper_Controller[0m
[2.228s] [35m[1mConsolidate compiler generated dependencies of target Solenoid_Controller[0m
[2.238s] [35m[1mConsolidate compiler generated dependencies of target Crawl_Controller[0m
[2.250s] [35m[1mConsolidate compiler generated dependencies of target RopeMotion[0m
[2.256s] [35m[1mConsolidate compiler generated dependencies of target receiver[0m
[2.261s] [  9%] Built target Drive_Controller
[2.262s] [ 18%] Built target Xmove_Controller
[2.265s] [ 36%] Built target Upper_Controller
[2.266s] [ 36%] Built target DriveMotion
[2.268s] [ 45%] Built target BeltLiner_Controller
[2.269s] [ 54%] Built target Solenoid_Controller
[2.273s] [ 63%] Built target SerialKIMD
[2.276s] [ 72%] Built target Crawl_Controller
[2.277s] [ 81%] Built target WallUpMotion
[2.286s] [ 90%] Built target RopeMotion
[2.291s] [100%] Built target receiver
[2.306s] Invoked command in '/home/kaibuchisoma/usbから/RoboconDetectionFruit-master/build/robocon2023_b_dash' returned '0': CMAKE_PREFIX_PATH=${CMAKE_PREFIX_PATH}:/home/kaibuchisoma/usbから/RoboconDetectionFruit-master/install/fruit_detection:/home/kaibuchisoma/robocon_ws/install/fruit_detection:/opt/ros/humble /usr/bin/cmake --build /home/kaibuchisoma/usbから/RoboconDetectionFruit-master/build/robocon2023_b_dash -- -j12 -l12
[2.386s] Invoking command in '/home/kaibuchisoma/usbから/RoboconDetectionFruit-master/build/robocon2023_b_dash': CMAKE_PREFIX_PATH=${CMAKE_PREFIX_PATH}:/home/kaibuchisoma/usbから/RoboconDetectionFruit-master/install/fruit_detection:/home/kaibuchisoma/robocon_ws/install/fruit_detection:/opt/ros/humble /usr/bin/cmake --install /home/kaibuchisoma/usbから/RoboconDetectionFruit-master/build/robocon2023_b_dash
[2.396s] -- Install configuration: ""
[2.396s] -- Up-to-date: /home/kaibuchisoma/usbから/RoboconDetectionFruit-master/install/robocon2023_b_dash/lib/robocon2023_b_dash/SerialKIMD
[2.397s] -- Up-to-date: /home/kaibuchisoma/usbから/RoboconDetectionFruit-master/install/robocon2023_b_dash/lib/robocon2023_b_dash/Xmove_Controller
[2.397s] -- Up-to-date: /home/kaibuchisoma/usbから/RoboconDetectionFruit-master/install/robocon2023_b_dash/lib/robocon2023_b_dash/DriveMotion
[2.397s] -- Up-to-date: /home/kaibuchisoma/usbから/RoboconDetectionFruit-master/install/robocon2023_b_dash/lib/robocon2023_b_dash/Drive_Controller
[2.398s] -- Up-to-date: /home/kaibuchisoma/usbから/RoboconDetectionFruit-master/install/robocon2023_b_dash/lib/robocon2023_b_dash/Upper_Controller
[2.398s] -- Up-to-date: /home/kaibuchisoma/usbから/RoboconDetectionFruit-master/install/robocon2023_b_dash/lib/robocon2023_b_dash/WallUpMotion
[2.399s] -- Up-to-date: /home/kaibuchisoma/usbから/RoboconDetectionFruit-master/install/robocon2023_b_dash/lib/robocon2023_b_dash/Crawl_Controller
[2.399s] -- Up-to-date: /home/kaibuchisoma/usbから/RoboconDetectionFruit-master/install/robocon2023_b_dash/lib/robocon2023_b_dash/Solenoid_Controller
[2.400s] -- Up-to-date: /home/kaibuchisoma/usbから/RoboconDetectionFruit-master/install/robocon2023_b_dash/lib/robocon2023_b_dash/BeltLiner_Controller
[2.400s] -- Up-to-date: /home/kaibuchisoma/usbから/RoboconDetectionFruit-master/install/robocon2023_b_dash/lib/robocon2023_b_dash/RopeMotion
[2.401s] -- Up-to-date: /home/kaibuchisoma/usbから/RoboconDetectionFruit-master/install/robocon2023_b_dash/lib/robocon2023_b_dash/receiver
[2.401s] -- Up-to-date: /home/kaibuchisoma/usbから/RoboconDetectionFruit-master/install/robocon2023_b_dash/share/ament_index/resource_index/package_run_dependencies/robocon2023_b_dash
[2.402s] -- Up-to-date: /home/kaibuchisoma/usbから/RoboconDetectionFruit-master/install/robocon2023_b_dash/share/ament_index/resource_index/parent_prefix_path/robocon2023_b_dash
[2.402s] -- Up-to-date: /home/kaibuchisoma/usbから/RoboconDetectionFruit-master/install/robocon2023_b_dash/share/robocon2023_b_dash/environment/ament_prefix_path.sh
[2.402s] -- Installing: /home/kaibuchisoma/usbから/RoboconDetectionFruit-master/install/robocon2023_b_dash/share/robocon2023_b_dash/environment/ament_prefix_path.dsv
[2.402s] -- Up-to-date: /home/kaibuchisoma/usbから/RoboconDetectionFruit-master/install/robocon2023_b_dash/share/robocon2023_b_dash/environment/path.sh
[2.402s] -- Installing: /home/kaibuchisoma/usbから/RoboconDetectionFruit-master/install/robocon2023_b_dash/share/robocon2023_b_dash/environment/path.dsv
[2.402s] -- Up-to-date: /home/kaibuchisoma/usbから/RoboconDetectionFruit-master/install/robocon2023_b_dash/share/robocon2023_b_dash/local_setup.bash
[2.402s] -- Up-to-date: /home/kaibuchisoma/usbから/RoboconDetectionFruit-master/install/robocon2023_b_dash/share/robocon2023_b_dash/local_setup.sh
[2.403s] -- Up-to-date: /home/kaibuchisoma/usbから/RoboconDetectionFruit-master/install/robocon2023_b_dash/share/robocon2023_b_dash/local_setup.zsh
[2.403s] -- Installing: /home/kaibuchisoma/usbから/RoboconDetectionFruit-master/install/robocon2023_b_dash/share/robocon2023_b_dash/local_setup.dsv
[2.403s] -- Installing: /home/kaibuchisoma/usbから/RoboconDetectionFruit-master/install/robocon2023_b_dash/share/robocon2023_b_dash/package.dsv
[2.403s] -- Up-to-date: /home/kaibuchisoma/usbから/RoboconDetectionFruit-master/install/robocon2023_b_dash/share/ament_index/resource_index/packages/robocon2023_b_dash
[2.403s] -- Up-to-date: /home/kaibuchisoma/usbから/RoboconDetectionFruit-master/install/robocon2023_b_dash/share/robocon2023_b_dash/cmake/robocon2023_b_dashConfig.cmake
[2.403s] -- Up-to-date: /home/kaibuchisoma/usbから/RoboconDetectionFruit-master/install/robocon2023_b_dash/share/robocon2023_b_dash/cmake/robocon2023_b_dashConfig-version.cmake
[2.404s] -- Up-to-date: /home/kaibuchisoma/usbから/RoboconDetectionFruit-master/install/robocon2023_b_dash/share/robocon2023_b_dash/package.xml
[2.406s] Invoked command in '/home/kaibuchisoma/usbから/RoboconDetectionFruit-master/build/robocon2023_b_dash' returned '0': CMAKE_PREFIX_PATH=${CMAKE_PREFIX_PATH}:/home/kaibuchisoma/usbから/RoboconDetectionFruit-master/install/fruit_detection:/home/kaibuchisoma/robocon_ws/install/fruit_detection:/opt/ros/humble /usr/bin/cmake --install /home/kaibuchisoma/usbから/RoboconDetectionFruit-master/build/robocon2023_b_dash
