[0.383s] Invoking command in '/home/ros-industrial/robocon_ws/build/ros_to_kimd': CMAKE_PREFIX_PATH=${CMAKE_PREFIX_PATH}:/opt/ros/foxy /usr/bin/cmake --build /home/ros-industrial/robocon_ws/build/ros_to_kimd -- -j8 -l8
[0.431s] [ 50%] Built target ControlKimd
[0.431s] [100%] Built target joysubtest
[0.444s] Invoked command in '/home/ros-industrial/robocon_ws/build/ros_to_kimd' returned '0': CMAKE_PREFIX_PATH=${CMAKE_PREFIX_PATH}:/opt/ros/foxy /usr/bin/cmake --build /home/ros-industrial/robocon_ws/build/ros_to_kimd -- -j8 -l8
[0.490s] Invoking command in '/home/ros-industrial/robocon_ws/build/ros_to_kimd': CMAKE_PREFIX_PATH=${CMAKE_PREFIX_PATH}:/opt/ros/foxy /usr/bin/cmake --install /home/ros-industrial/robocon_ws/build/ros_to_kimd
[0.499s] -- Install configuration: ""
[0.499s] -- Up-to-date: /home/ros-industrial/robocon_ws/install/ros_to_kimd/lib/ros_to_kimd/joysubtest
[0.500s] -- Up-to-date: /home/ros-industrial/robocon_ws/install/ros_to_kimd/lib/ros_to_kimd/ControlKimd
[0.500s] -- Up-to-date: /home/ros-industrial/robocon_ws/install/ros_to_kimd/share/ament_index/resource_index/package_run_dependencies/ros_to_kimd
[0.500s] -- Up-to-date: /home/ros-industrial/robocon_ws/install/ros_to_kimd/share/ament_index/resource_index/parent_prefix_path/ros_to_kimd
[0.500s] -- Up-to-date: /home/ros-industrial/robocon_ws/install/ros_to_kimd/share/ros_to_kimd/environment/ament_prefix_path.sh
[0.500s] -- Up-to-date: /home/ros-industrial/robocon_ws/install/ros_to_kimd/share/ros_to_kimd/environment/ament_prefix_path.dsv
[0.501s] -- Up-to-date: /home/ros-industrial/robocon_ws/install/ros_to_kimd/share/ros_to_kimd/environment/path.sh
[0.501s] -- Up-to-date: /home/ros-industrial/robocon_ws/install/ros_to_kimd/share/ros_to_kimd/environment/path.dsv
[0.501s] -- Up-to-date: /home/ros-industrial/robocon_ws/install/ros_to_kimd/share/ros_to_kimd/local_setup.bash
[0.501s] -- Up-to-date: /home/ros-industrial/robocon_ws/install/ros_to_kimd/share/ros_to_kimd/local_setup.sh
[0.501s] -- Up-to-date: /home/ros-industrial/robocon_ws/install/ros_to_kimd/share/ros_to_kimd/local_setup.zsh
[0.501s] -- Up-to-date: /home/ros-industrial/robocon_ws/install/ros_to_kimd/share/ros_to_kimd/local_setup.dsv
[0.501s] -- Installing: /home/ros-industrial/robocon_ws/install/ros_to_kimd/share/ros_to_kimd/package.dsv
[0.501s] -- Up-to-date: /home/ros-industrial/robocon_ws/install/ros_to_kimd/share/ament_index/resource_index/packages/ros_to_kimd
[0.501s] -- Up-to-date: /home/ros-industrial/robocon_ws/install/ros_to_kimd/share/ros_to_kimd/cmake/ros_to_kimdConfig.cmake
[0.501s] -- Up-to-date: /home/ros-industrial/robocon_ws/install/ros_to_kimd/share/ros_to_kimd/cmake/ros_to_kimdConfig-version.cmake
[0.502s] -- Up-to-date: /home/ros-industrial/robocon_ws/install/ros_to_kimd/share/ros_to_kimd/package.xml
[0.510s] Invoked command in '/home/ros-industrial/robocon_ws/build/ros_to_kimd' returned '0': CMAKE_PREFIX_PATH=${CMAKE_PREFIX_PATH}:/opt/ros/foxy /usr/bin/cmake --install /home/ros-industrial/robocon_ws/build/ros_to_kimd
