[0.390s] Invoking command in '/home/ros-industrial/robocon_ws/build/robocon2023_b_dash': CMAKE_PREFIX_PATH=${CMAKE_PREFIX_PATH}:/opt/ros/foxy /usr/bin/cmake /home/ros-industrial/robocon_ws/src/robocon2023_b_dash -DCMAKE_INSTALL_PREFIX=/home/ros-industrial/robocon_ws/install/robocon2023_b_dash
[0.615s] -- The C compiler identification is GNU 9.4.0
[0.690s] -- The CXX compiler identification is GNU 9.4.0
[0.702s] -- Check for working C compiler: /usr/bin/cc
[0.760s] -- Check for working C compiler: /usr/bin/cc -- works
[0.765s] -- Detecting C compiler ABI info
[0.832s] -- Detecting C compiler ABI info - done
[0.832s] -- Detecting C compile features
[0.832s] -- Detecting C compile features - done
[0.832s] -- Check for working CXX compiler: /usr/bin/c++
[0.911s] -- Check for working CXX compiler: /usr/bin/c++ -- works
[0.912s] -- Detecting CXX compiler ABI info
[0.988s] -- Detecting CXX compiler ABI info - done
[0.988s] -- Detecting CXX compile features
[0.988s] -- Detecting CXX compile features - done
[0.995s] -- Found ament_cmake: 0.9.12 (/opt/ros/foxy/share/ament_cmake/cmake)
[1.030s] -- Found PythonInterp: /usr/bin/python3 (found suitable version "3.8.10", minimum required is "3") 
[1.030s] -- Using PYTHON_EXECUTABLE: /usr/bin/python3
[1.211s] -- Found ament_lint_auto: 0.9.8 (/opt/ros/foxy/share/ament_lint_auto/cmake)
[1.284s] -- Added test 'copyright' to check source files copyright and LICENSE
[1.286s] -- Added test 'cppcheck' to perform static code analysis on C / C++ code
[1.286s] -- Configured cppcheck include dirs: 
[1.286s] -- Configured cppcheck exclude dirs and/or files: 
[1.287s] -- Added test 'cpplint' to check C / C++ code against the Google style
[1.287s] -- Configured cpplint exclude dirs and/or files: 
[1.288s] -- Added test 'lint_cmake' to check CMake code style
[1.290s] -- Added test 'uncrustify' to check C / C++ code style
[1.290s] -- Configured uncrustify additional arguments: 
[1.291s] -- Added test 'xmllint' to check XML markup files
[1.293s] -- Configuring done
[1.294s] -- Generating done
[1.295s] -- Build files have been written to: /home/ros-industrial/robocon_ws/build/robocon2023_b_dash
[1.298s] Invoked command in '/home/ros-industrial/robocon_ws/build/robocon2023_b_dash' returned '0': CMAKE_PREFIX_PATH=${CMAKE_PREFIX_PATH}:/opt/ros/foxy /usr/bin/cmake /home/ros-industrial/robocon_ws/src/robocon2023_b_dash -DCMAKE_INSTALL_PREFIX=/home/ros-industrial/robocon_ws/install/robocon2023_b_dash
[1.299s] Invoking command in '/home/ros-industrial/robocon_ws/build/robocon2023_b_dash': CMAKE_PREFIX_PATH=${CMAKE_PREFIX_PATH}:/opt/ros/foxy /usr/bin/cmake --build /home/ros-industrial/robocon_ws/build/robocon2023_b_dash -- -j8 -l8
[1.332s] Invoked command in '/home/ros-industrial/robocon_ws/build/robocon2023_b_dash' returned '0': CMAKE_PREFIX_PATH=${CMAKE_PREFIX_PATH}:/opt/ros/foxy /usr/bin/cmake --build /home/ros-industrial/robocon_ws/build/robocon2023_b_dash -- -j8 -l8
[1.356s] Invoking command in '/home/ros-industrial/robocon_ws/build/robocon2023_b_dash': CMAKE_PREFIX_PATH=${CMAKE_PREFIX_PATH}:/opt/ros/foxy /usr/bin/cmake --install /home/ros-industrial/robocon_ws/build/robocon2023_b_dash
[1.362s] -- Install configuration: ""
[1.362s] -- Installing: /home/ros-industrial/robocon_ws/install/robocon2023_b_dash/share/ament_index/resource_index/package_run_dependencies/robocon2023_b_dash
[1.362s] -- Installing: /home/ros-industrial/robocon_ws/install/robocon2023_b_dash/share/ament_index/resource_index/parent_prefix_path/robocon2023_b_dash
[1.363s] -- Installing: /home/ros-industrial/robocon_ws/install/robocon2023_b_dash/share/robocon2023_b_dash/environment/ament_prefix_path.sh
[1.363s] -- Installing: /home/ros-industrial/robocon_ws/install/robocon2023_b_dash/share/robocon2023_b_dash/environment/ament_prefix_path.dsv
[1.363s] -- Installing: /home/ros-industrial/robocon_ws/install/robocon2023_b_dash/share/robocon2023_b_dash/environment/path.sh
[1.363s] -- Installing: /home/ros-industrial/robocon_ws/install/robocon2023_b_dash/share/robocon2023_b_dash/environment/path.dsv
[1.363s] -- Installing: /home/ros-industrial/robocon_ws/install/robocon2023_b_dash/share/robocon2023_b_dash/local_setup.bash
[1.363s] -- Installing: /home/ros-industrial/robocon_ws/install/robocon2023_b_dash/share/robocon2023_b_dash/local_setup.sh
[1.363s] -- Installing: /home/ros-industrial/robocon_ws/install/robocon2023_b_dash/share/robocon2023_b_dash/local_setup.zsh
[1.363s] -- Installing: /home/ros-industrial/robocon_ws/install/robocon2023_b_dash/share/robocon2023_b_dash/local_setup.dsv
[1.363s] -- Installing: /home/ros-industrial/robocon_ws/install/robocon2023_b_dash/share/robocon2023_b_dash/package.dsv
[1.363s] -- Installing: /home/ros-industrial/robocon_ws/install/robocon2023_b_dash/share/ament_index/resource_index/packages/robocon2023_b_dash
[1.363s] -- Installing: /home/ros-industrial/robocon_ws/install/robocon2023_b_dash/share/robocon2023_b_dash/cmake/robocon2023_b_dashConfig.cmake
[1.363s] -- Installing: /home/ros-industrial/robocon_ws/install/robocon2023_b_dash/share/robocon2023_b_dash/cmake/robocon2023_b_dashConfig-version.cmake
[1.363s] -- Installing: /home/ros-industrial/robocon_ws/install/robocon2023_b_dash/share/robocon2023_b_dash/package.xml
[1.364s] Invoked command in '/home/ros-industrial/robocon_ws/build/robocon2023_b_dash' returned '0': CMAKE_PREFIX_PATH=${CMAKE_PREFIX_PATH}:/opt/ros/foxy /usr/bin/cmake --install /home/ros-industrial/robocon_ws/build/robocon2023_b_dash
