[0.747s] Invoking command in '/home/roboconb/RoboconDetectionFruit-master/build/ros_to_kimd': CMAKE_PREFIX_PATH=${CMAKE_PREFIX_PATH}:/home/roboconb/RoboconDetectionFruit-master/install/fruit_detection:/opt/ros/humble /usr/bin/cmake /home/roboconb/RoboconDetectionFruit-master/src/ros_to_kimd -DCMAKE_INSTALL_PREFIX=/home/roboconb/RoboconDetectionFruit-master/install/ros_to_kimd
[0.850s] -- The C compiler identification is GNU 11.4.0
[0.991s] -- The CXX compiler identification is GNU 11.4.0
[1.004s] -- Detecting C compiler ABI info
[1.154s] -- Detecting C compiler ABI info - done
[1.175s] -- Check for working C compiler: /usr/bin/cc - skipped
[1.175s] -- Detecting C compile features
[1.176s] -- Detecting C compile features - done
[1.180s] -- Detecting CXX compiler ABI info
[1.390s] -- Detecting CXX compiler ABI info - done
[1.447s] -- Check for working CXX compiler: /usr/bin/c++ - skipped
[1.448s] -- Detecting CXX compile features
[1.450s] -- Detecting CXX compile features - done
[1.458s] -- Found ament_cmake: 1.3.5 (/opt/ros/humble/share/ament_cmake/cmake)
[1.861s] -- Found Python3: /usr/bin/python3.10 (found version "3.10.12") found components: Interpreter 
[2.042s] -- Found rclcpp: 16.0.6 (/opt/ros/humble/share/rclcpp/cmake)
[2.166s] -- Found rosidl_generator_c: 3.1.5 (/opt/ros/humble/share/rosidl_generator_c/cmake)
[2.181s] -- Found rosidl_adapter: 3.1.5 (/opt/ros/humble/share/rosidl_adapter/cmake)
[2.207s] -- Found rosidl_generator_cpp: 3.1.5 (/opt/ros/humble/share/rosidl_generator_cpp/cmake)
[2.246s] -- Using all available rosidl_typesupport_c: rosidl_typesupport_fastrtps_c;rosidl_typesupport_introspection_c
[2.299s] -- Using all available rosidl_typesupport_cpp: rosidl_typesupport_fastrtps_cpp;rosidl_typesupport_introspection_cpp
[2.437s] -- Found rmw_implementation_cmake: 6.1.1 (/opt/ros/humble/share/rmw_implementation_cmake/cmake)
[2.445s] -- Found rmw_fastrtps_cpp: 6.2.4 (/opt/ros/humble/share/rmw_fastrtps_cpp/cmake)
[2.662s] -- Found OpenSSL: /usr/lib/x86_64-linux-gnu/libcrypto.so (found version "3.0.2")  
[2.710s] -- Found FastRTPS: /opt/ros/humble/include  
[2.790s] -- Using RMW implementation 'rmw_fastrtps_cpp' as default
[2.807s] -- Looking for pthread.h
[2.931s] -- Looking for pthread.h - found
[2.932s] -- Performing Test CMAKE_HAVE_LIBC_PTHREAD
[3.079s] -- Performing Test CMAKE_HAVE_LIBC_PTHREAD - Success
[3.083s] -- Found Threads: TRUE  
[3.455s] -- Found sensor_msgs: 4.2.3 (/opt/ros/humble/share/sensor_msgs/cmake)
[3.698s] -- Found ament_lint_auto: 0.12.8 (/opt/ros/humble/share/ament_lint_auto/cmake)
[3.832s] -- Added test 'copyright' to check source files copyright and LICENSE
[3.851s] -- Added test 'cppcheck' to perform static code analysis on C / C++ code
[3.851s] -- Configured cppcheck include dirs: 
[3.852s] -- Configured cppcheck exclude dirs and/or files: 
[3.870s] -- Added test 'cpplint' to check C / C++ code against the Google style
[3.870s] -- Configured cpplint exclude dirs and/or files: 
[3.873s] -- Added test 'flake8' to check Python code syntax and style conventions
[3.878s] -- Added test 'lint_cmake' to check CMake code style
[3.881s] -- Added test 'pep257' to check Python code against some of the docstring style conventions in PEP 257
[3.899s] -- Added test 'uncrustify' to check C / C++ code style
[3.900s] -- Configured uncrustify additional arguments: 
[3.902s] -- Added test 'xmllint' to check XML markup files
[3.904s] -- Configuring done
[3.928s] -- Generating done
[3.931s] -- Build files have been written to: /home/roboconb/RoboconDetectionFruit-master/build/ros_to_kimd
[3.949s] Invoked command in '/home/roboconb/RoboconDetectionFruit-master/build/ros_to_kimd' returned '0': CMAKE_PREFIX_PATH=${CMAKE_PREFIX_PATH}:/home/roboconb/RoboconDetectionFruit-master/install/fruit_detection:/opt/ros/humble /usr/bin/cmake /home/roboconb/RoboconDetectionFruit-master/src/ros_to_kimd -DCMAKE_INSTALL_PREFIX=/home/roboconb/RoboconDetectionFruit-master/install/ros_to_kimd
[3.953s] Invoking command in '/home/roboconb/RoboconDetectionFruit-master/build/ros_to_kimd': CMAKE_PREFIX_PATH=${CMAKE_PREFIX_PATH}:/home/roboconb/RoboconDetectionFruit-master/install/fruit_detection:/opt/ros/humble /usr/bin/cmake --build /home/roboconb/RoboconDetectionFruit-master/build/ros_to_kimd -- -j8 -l8
[4.029s] [35m[1mConsolidate compiler generated dependencies of target joysubtest[0m
[4.036s] [35m[1mConsolidate compiler generated dependencies of target ControlKimd[0m
[4.069s] [ 50%] Built target joysubtest
[4.084s] [100%] Built target ControlKimd
[4.112s] Invoked command in '/home/roboconb/RoboconDetectionFruit-master/build/ros_to_kimd' returned '0': CMAKE_PREFIX_PATH=${CMAKE_PREFIX_PATH}:/home/roboconb/RoboconDetectionFruit-master/install/fruit_detection:/opt/ros/humble /usr/bin/cmake --build /home/roboconb/RoboconDetectionFruit-master/build/ros_to_kimd -- -j8 -l8
[4.314s] Invoking command in '/home/roboconb/RoboconDetectionFruit-master/build/ros_to_kimd': CMAKE_PREFIX_PATH=${CMAKE_PREFIX_PATH}:/home/roboconb/RoboconDetectionFruit-master/install/fruit_detection:/opt/ros/humble /usr/bin/cmake --install /home/roboconb/RoboconDetectionFruit-master/build/ros_to_kimd
[4.333s] -- Install configuration: ""
[4.342s] -- Up-to-date: /home/roboconb/RoboconDetectionFruit-master/install/ros_to_kimd/lib/ros_to_kimd/joysubtest
[4.342s] -- Up-to-date: /home/roboconb/RoboconDetectionFruit-master/install/ros_to_kimd/lib/ros_to_kimd/ControlKimd
[4.343s] -- Up-to-date: /home/roboconb/RoboconDetectionFruit-master/install/ros_to_kimd/share/ament_index/resource_index/package_run_dependencies/ros_to_kimd
[4.344s] -- Up-to-date: /home/roboconb/RoboconDetectionFruit-master/install/ros_to_kimd/share/ament_index/resource_index/parent_prefix_path/ros_to_kimd
[4.345s] -- Up-to-date: /home/roboconb/RoboconDetectionFruit-master/install/ros_to_kimd/share/ros_to_kimd/environment/ament_prefix_path.sh
[4.346s] -- Installing: /home/roboconb/RoboconDetectionFruit-master/install/ros_to_kimd/share/ros_to_kimd/environment/ament_prefix_path.dsv
[4.346s] -- Up-to-date: /home/roboconb/RoboconDetectionFruit-master/install/ros_to_kimd/share/ros_to_kimd/environment/path.sh
[4.346s] -- Installing: /home/roboconb/RoboconDetectionFruit-master/install/ros_to_kimd/share/ros_to_kimd/environment/path.dsv
[4.346s] -- Up-to-date: /home/roboconb/RoboconDetectionFruit-master/install/ros_to_kimd/share/ros_to_kimd/local_setup.bash
[4.347s] -- Up-to-date: /home/roboconb/RoboconDetectionFruit-master/install/ros_to_kimd/share/ros_to_kimd/local_setup.sh
[4.347s] -- Up-to-date: /home/roboconb/RoboconDetectionFruit-master/install/ros_to_kimd/share/ros_to_kimd/local_setup.zsh
[4.347s] -- Installing: /home/roboconb/RoboconDetectionFruit-master/install/ros_to_kimd/share/ros_to_kimd/local_setup.dsv
[4.348s] -- Installing: /home/roboconb/RoboconDetectionFruit-master/install/ros_to_kimd/share/ros_to_kimd/package.dsv
[4.348s] -- Up-to-date: /home/roboconb/RoboconDetectionFruit-master/install/ros_to_kimd/share/ament_index/resource_index/packages/ros_to_kimd
[4.348s] -- Up-to-date: /home/roboconb/RoboconDetectionFruit-master/install/ros_to_kimd/share/ros_to_kimd/cmake/ros_to_kimdConfig.cmake
[4.348s] -- Up-to-date: /home/roboconb/RoboconDetectionFruit-master/install/ros_to_kimd/share/ros_to_kimd/cmake/ros_to_kimdConfig-version.cmake
[4.349s] -- Up-to-date: /home/roboconb/RoboconDetectionFruit-master/install/ros_to_kimd/share/ros_to_kimd/package.xml
[4.349s] Invoked command in '/home/roboconb/RoboconDetectionFruit-master/build/ros_to_kimd' returned '0': CMAKE_PREFIX_PATH=${CMAKE_PREFIX_PATH}:/home/roboconb/RoboconDetectionFruit-master/install/fruit_detection:/opt/ros/humble /usr/bin/cmake --install /home/roboconb/RoboconDetectionFruit-master/build/ros_to_kimd
