[1.914s] Invoking command in '/home/kaibuchisoma/robocon_ws/src/fruit_detection': PYTHONPATH=/home/kaibuchisoma/robocon_ws/build/fruit_detection/prefix_override:/home/kaibuchisoma/robocon_ws/install/fruit_detection/lib/python3.10/site-packages:${PYTHONPATH} /usr/bin/python3 setup.py egg_info --egg-base ../../build/fruit_detection build --build-base /home/kaibuchisoma/robocon_ws/build/fruit_detection/build install --record /home/kaibuchisoma/robocon_ws/build/fruit_detection/install.log --single-version-externally-managed
[2.437s] running egg_info
[2.447s] writing ../../build/fruit_detection/fruit_detection.egg-info/PKG-INFO
[2.448s] writing dependency_links to ../../build/fruit_detection/fruit_detection.egg-info/dependency_links.txt
[2.448s] writing entry points to ../../build/fruit_detection/fruit_detection.egg-info/entry_points.txt
[2.448s] writing requirements to ../../build/fruit_detection/fruit_detection.egg-info/requires.txt
[2.449s] writing top-level names to ../../build/fruit_detection/fruit_detection.egg-info/top_level.txt
[2.449s] reading manifest file '../../build/fruit_detection/fruit_detection.egg-info/SOURCES.txt'
[2.449s] writing manifest file '../../build/fruit_detection/fruit_detection.egg-info/SOURCES.txt'
[2.449s] running build
[2.449s] running build_py
[2.456s] running install
[2.456s] /usr/lib/python3/dist-packages/setuptools/command/install.py:34: SetuptoolsDeprecationWarning: setup.py install is deprecated. Use build and pip and other standards-based tools.
[2.456s]   warnings.warn(
[2.456s] running install_lib
[2.456s] running install_data
[2.457s] running install_egg_info
[2.461s] removing '/home/kaibuchisoma/robocon_ws/install/fruit_detection/lib/python3.10/site-packages/fruit_detection-0.0.1-py3.10.egg-info' (and everything under it)
[2.469s] Copying ../../build/fruit_detection/fruit_detection.egg-info to /home/kaibuchisoma/robocon_ws/install/fruit_detection/lib/python3.10/site-packages/fruit_detection-0.0.1-py3.10.egg-info
[2.479s] running install_scripts
[2.516s] Installing listener script to /home/kaibuchisoma/robocon_ws/install/fruit_detection/lib/fruit_detection
[2.516s] Installing pubdetect script to /home/kaibuchisoma/robocon_ws/install/fruit_detection/lib/fruit_detection
[2.516s] Installing talker script to /home/kaibuchisoma/robocon_ws/install/fruit_detection/lib/fruit_detection
[2.520s] writing list of installed files to '/home/kaibuchisoma/robocon_ws/build/fruit_detection/install.log'
[2.567s] Invoked command in '/home/kaibuchisoma/robocon_ws/src/fruit_detection' returned '0': PYTHONPATH=/home/kaibuchisoma/robocon_ws/build/fruit_detection/prefix_override:/home/kaibuchisoma/robocon_ws/install/fruit_detection/lib/python3.10/site-packages:${PYTHONPATH} /usr/bin/python3 setup.py egg_info --egg-base ../../build/fruit_detection build --build-base /home/kaibuchisoma/robocon_ws/build/fruit_detection/build install --record /home/kaibuchisoma/robocon_ws/build/fruit_detection/install.log --single-version-externally-managed
