[0.422s] Invoking command in '/home/kaibuchisoma/robocon_ws/build/time_practice': CMAKE_PREFIX_PATH=${CMAKE_PREFIX_PATH}:/home/kaibuchisoma/robocon_ws/install/fruit_detection:/opt/ros/humble /usr/bin/cmake --build /home/kaibuchisoma/robocon_ws/build/time_practice -- -j12 -l12
[0.532s] [100%] Built target talker
[0.558s] Invoked command in '/home/kaibuchisoma/robocon_ws/build/time_practice' returned '0': CMAKE_PREFIX_PATH=${CMAKE_PREFIX_PATH}:/home/kaibuchisoma/robocon_ws/install/fruit_detection:/opt/ros/humble /usr/bin/cmake --build /home/kaibuchisoma/robocon_ws/build/time_practice -- -j12 -l12
[0.600s] Invoking command in '/home/kaibuchisoma/robocon_ws/build/time_practice': CMAKE_PREFIX_PATH=${CMAKE_PREFIX_PATH}:/home/kaibuchisoma/robocon_ws/install/fruit_detection:/opt/ros/humble /usr/bin/cmake --install /home/kaibuchisoma/robocon_ws/build/time_practice
[0.619s] -- Install configuration: ""
[0.620s] -- Up-to-date: /home/kaibuchisoma/robocon_ws/install/time_practice/lib/time_practice/talker
[0.620s] -- Up-to-date: /home/kaibuchisoma/robocon_ws/install/time_practice/share/ament_index/resource_index/package_run_dependencies/time_practice
[0.620s] -- Up-to-date: /home/kaibuchisoma/robocon_ws/install/time_practice/share/ament_index/resource_index/parent_prefix_path/time_practice
[0.620s] -- Up-to-date: /home/kaibuchisoma/robocon_ws/install/time_practice/share/time_practice/environment/ament_prefix_path.sh
[0.620s] -- Up-to-date: /home/kaibuchisoma/robocon_ws/install/time_practice/share/time_practice/environment/ament_prefix_path.dsv
[0.620s] -- Up-to-date: /home/kaibuchisoma/robocon_ws/install/time_practice/share/time_practice/environment/path.sh
[0.620s] -- Up-to-date: /home/kaibuchisoma/robocon_ws/install/time_practice/share/time_practice/environment/path.dsv
[0.620s] -- Up-to-date: /home/kaibuchisoma/robocon_ws/install/time_practice/share/time_practice/local_setup.bash
[0.620s] -- Up-to-date: /home/kaibuchisoma/robocon_ws/install/time_practice/share/time_practice/local_setup.sh
[0.620s] -- Up-to-date: /home/kaibuchisoma/robocon_ws/install/time_practice/share/time_practice/local_setup.zsh
[0.621s] -- Up-to-date: /home/kaibuchisoma/robocon_ws/install/time_practice/share/time_practice/local_setup.dsv
[0.621s] -- Up-to-date: /home/kaibuchisoma/robocon_ws/install/time_practice/share/time_practice/package.dsv
[0.621s] -- Up-to-date: /home/kaibuchisoma/robocon_ws/install/time_practice/share/ament_index/resource_index/packages/time_practice
[0.621s] -- Up-to-date: /home/kaibuchisoma/robocon_ws/install/time_practice/share/time_practice/cmake/time_practiceConfig.cmake
[0.621s] -- Up-to-date: /home/kaibuchisoma/robocon_ws/install/time_practice/share/time_practice/cmake/time_practiceConfig-version.cmake
[0.622s] -- Up-to-date: /home/kaibuchisoma/robocon_ws/install/time_practice/share/time_practice/package.xml
[0.807s] Invoked command in '/home/kaibuchisoma/robocon_ws/build/time_practice' returned '0': CMAKE_PREFIX_PATH=${CMAKE_PREFIX_PATH}:/home/kaibuchisoma/robocon_ws/install/fruit_detection:/opt/ros/humble /usr/bin/cmake --install /home/kaibuchisoma/robocon_ws/build/time_practice
