[0.586s] Invoking command in '/home/roboconb/robocon_ws': PYTHONPATH=/home/roboconb/robocon_ws/build/fruit_detection/prefix_override:/home/roboconb/robocon_ws/install/fruit_detection/lib/python3.10/site-packages:${PYTHONPATH} /usr/bin/python3 setup.py egg_info --egg-base build/fruit_detection build --build-base /home/roboconb/robocon_ws/build/fruit_detection/build install --record /home/roboconb/robocon_ws/build/fruit_detection/install.log --single-version-externally-managed
[0.818s] running egg_info
[0.819s] writing build/fruit_detection/fruit_detection.egg-info/PKG-INFO
[0.819s] writing dependency_links to build/fruit_detection/fruit_detection.egg-info/dependency_links.txt
[0.819s] writing entry points to build/fruit_detection/fruit_detection.egg-info/entry_points.txt
[0.819s] writing requirements to build/fruit_detection/fruit_detection.egg-info/requires.txt
[0.819s] writing top-level names to build/fruit_detection/fruit_detection.egg-info/top_level.txt
[0.820s] reading manifest file 'build/fruit_detection/fruit_detection.egg-info/SOURCES.txt'
[0.820s] adding license file 'LICENSE'
[0.821s] writing manifest file 'build/fruit_detection/fruit_detection.egg-info/SOURCES.txt'
[0.821s] running build
[0.821s] running install
[0.821s] /usr/lib/python3/dist-packages/setuptools/command/install.py:34: SetuptoolsDeprecationWarning: setup.py install is deprecated. Use build and pip and other standards-based tools.
[0.821s]   warnings.warn(
[0.821s] running install_data
[0.822s] running install_egg_info
[0.824s] removing '/home/roboconb/robocon_ws/install/fruit_detection/lib/python3.10/site-packages/fruit_detection-0.0.1-py3.10.egg-info' (and everything under it)
[0.824s] Copying build/fruit_detection/fruit_detection.egg-info to /home/roboconb/robocon_ws/install/fruit_detection/lib/python3.10/site-packages/fruit_detection-0.0.1-py3.10.egg-info
[0.825s] running install_scripts
[0.846s] Installing listener script to /home/roboconb/robocon_ws/install/fruit_detection/lib/fruit_detection
[0.846s] Installing onnx script to /home/roboconb/robocon_ws/install/fruit_detection/lib/fruit_detection
[0.847s] Installing pubdetect script to /home/roboconb/robocon_ws/install/fruit_detection/lib/fruit_detection
[0.847s] Installing talker script to /home/roboconb/robocon_ws/install/fruit_detection/lib/fruit_detection
[0.847s] Installing torch script to /home/roboconb/robocon_ws/install/fruit_detection/lib/fruit_detection
[0.847s] Installing vino script to /home/roboconb/robocon_ws/install/fruit_detection/lib/fruit_detection
[0.847s] writing list of installed files to '/home/roboconb/robocon_ws/build/fruit_detection/install.log'
[0.869s] Invoked command in '/home/roboconb/robocon_ws' returned '0': PYTHONPATH=/home/roboconb/robocon_ws/build/fruit_detection/prefix_override:/home/roboconb/robocon_ws/install/fruit_detection/lib/python3.10/site-packages:${PYTHONPATH} /usr/bin/python3 setup.py egg_info --egg-base build/fruit_detection build --build-base /home/roboconb/robocon_ws/build/fruit_detection/build install --record /home/roboconb/robocon_ws/build/fruit_detection/install.log --single-version-externally-managed
