[0.429s] Invoking command in '/home/ros-industrial/robocon_ws/build/robocon2023_b_dash': CMAKE_PREFIX_PATH=${CMAKE_PREFIX_PATH}:/opt/ros/foxy /usr/bin/cmake --build /home/ros-industrial/robocon_ws/build/robocon2023_b_dash -- -j8 -l8
[0.495s] [ 10%] Built target Solenoid_Controller
[0.495s] [ 20%] Built target Xmove_Controller
[0.495s] [ 30%] Built target BeltLiner_Controller
[0.496s] [ 40%] Built target SerialKIMD
[0.501s] [ 50%] Built target DriveMotion
[0.505s] [ 60%] Built target Drive_Controller
[0.506s] [ 70%] Built target RopeMotion
[0.507s] [ 80%] Built target Crawl_Controller
[0.527s] [ 90%] Built target Upper_Controller
[0.528s] [100%] Built target WallUpMotion
[0.559s] Invoked command in '/home/ros-industrial/robocon_ws/build/robocon2023_b_dash' returned '0': CMAKE_PREFIX_PATH=${CMAKE_PREFIX_PATH}:/opt/ros/foxy /usr/bin/cmake --build /home/ros-industrial/robocon_ws/build/robocon2023_b_dash -- -j8 -l8
[0.803s] Invoking command in '/home/ros-industrial/robocon_ws/build/robocon2023_b_dash': CMAKE_PREFIX_PATH=${CMAKE_PREFIX_PATH}:/opt/ros/foxy /usr/bin/cmake --install /home/ros-industrial/robocon_ws/build/robocon2023_b_dash
[0.814s] -- Install configuration: ""
[0.814s] -- Up-to-date: /home/ros-industrial/robocon_ws/install/robocon2023_b_dash/lib/robocon2023_b_dash/SerialKIMD
[0.814s] -- Up-to-date: /home/ros-industrial/robocon_ws/install/robocon2023_b_dash/lib/robocon2023_b_dash/Xmove_Controller
[0.814s] -- Up-to-date: /home/ros-industrial/robocon_ws/install/robocon2023_b_dash/lib/robocon2023_b_dash/DriveMotion
[0.814s] -- Up-to-date: /home/ros-industrial/robocon_ws/install/robocon2023_b_dash/lib/robocon2023_b_dash/Drive_Controller
[0.814s] -- Up-to-date: /home/ros-industrial/robocon_ws/install/robocon2023_b_dash/lib/robocon2023_b_dash/Upper_Controller
[0.814s] -- Up-to-date: /home/ros-industrial/robocon_ws/install/robocon2023_b_dash/lib/robocon2023_b_dash/WallUpMotion
[0.815s] -- Up-to-date: /home/ros-industrial/robocon_ws/install/robocon2023_b_dash/lib/robocon2023_b_dash/Crawl_Controller
[0.815s] -- Up-to-date: /home/ros-industrial/robocon_ws/install/robocon2023_b_dash/lib/robocon2023_b_dash/Solenoid_Controller
[0.815s] -- Up-to-date: /home/ros-industrial/robocon_ws/install/robocon2023_b_dash/lib/robocon2023_b_dash/BeltLiner_Controller
[0.815s] -- Up-to-date: /home/ros-industrial/robocon_ws/install/robocon2023_b_dash/lib/robocon2023_b_dash/RopeMotion
[0.815s] -- Up-to-date: /home/ros-industrial/robocon_ws/install/robocon2023_b_dash/share/ament_index/resource_index/package_run_dependencies/robocon2023_b_dash
[0.815s] -- Up-to-date: /home/ros-industrial/robocon_ws/install/robocon2023_b_dash/share/ament_index/resource_index/parent_prefix_path/robocon2023_b_dash
[0.815s] -- Up-to-date: /home/ros-industrial/robocon_ws/install/robocon2023_b_dash/share/robocon2023_b_dash/environment/ament_prefix_path.sh
[0.815s] -- Up-to-date: /home/ros-industrial/robocon_ws/install/robocon2023_b_dash/share/robocon2023_b_dash/environment/ament_prefix_path.dsv
[0.815s] -- Up-to-date: /home/ros-industrial/robocon_ws/install/robocon2023_b_dash/share/robocon2023_b_dash/environment/path.sh
[0.815s] -- Up-to-date: /home/ros-industrial/robocon_ws/install/robocon2023_b_dash/share/robocon2023_b_dash/environment/path.dsv
[0.815s] -- Up-to-date: /home/ros-industrial/robocon_ws/install/robocon2023_b_dash/share/robocon2023_b_dash/local_setup.bash
[0.816s] -- Up-to-date: /home/ros-industrial/robocon_ws/install/robocon2023_b_dash/share/robocon2023_b_dash/local_setup.sh
[0.816s] -- Up-to-date: /home/ros-industrial/robocon_ws/install/robocon2023_b_dash/share/robocon2023_b_dash/local_setup.zsh
[0.816s] -- Up-to-date: /home/ros-industrial/robocon_ws/install/robocon2023_b_dash/share/robocon2023_b_dash/local_setup.dsv
[0.816s] -- Installing: /home/ros-industrial/robocon_ws/install/robocon2023_b_dash/share/robocon2023_b_dash/package.dsv
[0.816s] -- Up-to-date: /home/ros-industrial/robocon_ws/install/robocon2023_b_dash/share/ament_index/resource_index/packages/robocon2023_b_dash
[0.816s] -- Up-to-date: /home/ros-industrial/robocon_ws/install/robocon2023_b_dash/share/robocon2023_b_dash/cmake/robocon2023_b_dashConfig.cmake
[0.816s] -- Up-to-date: /home/ros-industrial/robocon_ws/install/robocon2023_b_dash/share/robocon2023_b_dash/cmake/robocon2023_b_dashConfig-version.cmake
[0.816s] -- Up-to-date: /home/ros-industrial/robocon_ws/install/robocon2023_b_dash/share/robocon2023_b_dash/package.xml
[1.172s] Invoked command in '/home/ros-industrial/robocon_ws/build/robocon2023_b_dash' returned '0': CMAKE_PREFIX_PATH=${CMAKE_PREFIX_PATH}:/opt/ros/foxy /usr/bin/cmake --install /home/ros-industrial/robocon_ws/build/robocon2023_b_dash
