[0.425s] Invoking command in '/home/kaibuchisoma/robocon_ws/build/sllidar_ros2': CMAKE_PREFIX_PATH=${CMAKE_PREFIX_PATH}:/home/kaibuchisoma/robocon_ws/install/fruit_detection:/opt/ros/humble /usr/bin/cmake /home/kaibuchisoma/robocon_ws/src/sllidar_ros2 -DCMAKE_INSTALL_PREFIX=/home/kaibuchisoma/robocon_ws/install/sllidar_ros2
[0.510s] -- The C compiler identification is GNU 11.4.0
[0.590s] -- The CXX compiler identification is GNU 11.4.0
[0.599s] -- Detecting C compiler ABI info
[0.694s] -- Detecting C compiler ABI info - done
[0.700s] -- Check for working C compiler: /usr/bin/cc - skipped
[0.700s] -- Detecting C compile features
[0.701s] -- Detecting C compile features - done
[0.704s] -- Detecting CXX compiler ABI info
[0.805s] -- Detecting CXX compiler ABI info - done
[0.816s] -- Check for working CXX compiler: /usr/bin/c++ - skipped
[0.816s] -- Detecting CXX compile features
[0.817s] -- Detecting CXX compile features - done
[0.824s] -- Found ament_cmake: 1.3.5 (/opt/ros/humble/share/ament_cmake/cmake)
[1.062s] -- Found Python3: /usr/bin/python3.10 (found version "3.10.12") found components: Interpreter 
[1.184s] -- Found rclcpp: 16.0.6 (/opt/ros/humble/share/rclcpp/cmake)
[1.248s] -- Found rosidl_generator_c: 3.1.5 (/opt/ros/humble/share/rosidl_generator_c/cmake)
[1.257s] -- Found rosidl_adapter: 3.1.5 (/opt/ros/humble/share/rosidl_adapter/cmake)
[1.270s] -- Found rosidl_generator_cpp: 3.1.5 (/opt/ros/humble/share/rosidl_generator_cpp/cmake)
[1.290s] -- Using all available rosidl_typesupport_c: rosidl_typesupport_fastrtps_c;rosidl_typesupport_introspection_c
[1.320s] -- Using all available rosidl_typesupport_cpp: rosidl_typesupport_fastrtps_cpp;rosidl_typesupport_introspection_cpp
[1.428s] -- Found rmw_implementation_cmake: 6.1.1 (/opt/ros/humble/share/rmw_implementation_cmake/cmake)
[1.433s] -- Found rmw_fastrtps_cpp: 6.2.4 (/opt/ros/humble/share/rmw_fastrtps_cpp/cmake)
[1.565s] -- Found OpenSSL: /usr/lib/x86_64-linux-gnu/libcrypto.so (found version "3.0.2")  
[1.605s] -- Found FastRTPS: /opt/ros/humble/include  
[1.681s] -- Using RMW implementation 'rmw_fastrtps_cpp' as default
[1.698s] -- Looking for pthread.h
[1.783s] -- Looking for pthread.h - found
[1.784s] -- Performing Test CMAKE_HAVE_LIBC_PTHREAD
[1.888s] -- Performing Test CMAKE_HAVE_LIBC_PTHREAD - Success
[1.890s] -- Found Threads: TRUE  
[2.074s] -- Found sensor_msgs: 4.2.3 (/opt/ros/humble/share/sensor_msgs/cmake)
[2.289s] -- Found std_srvs: 4.2.3 (/opt/ros/humble/share/std_srvs/cmake)
[2.408s] -- Configuring done
[2.429s] -- Generating done
[2.432s] -- Build files have been written to: /home/kaibuchisoma/robocon_ws/build/sllidar_ros2
[2.488s] Invoked command in '/home/kaibuchisoma/robocon_ws/build/sllidar_ros2' returned '0': CMAKE_PREFIX_PATH=${CMAKE_PREFIX_PATH}:/home/kaibuchisoma/robocon_ws/install/fruit_detection:/opt/ros/humble /usr/bin/cmake /home/kaibuchisoma/robocon_ws/src/sllidar_ros2 -DCMAKE_INSTALL_PREFIX=/home/kaibuchisoma/robocon_ws/install/sllidar_ros2
[2.490s] Invoking command in '/home/kaibuchisoma/robocon_ws/build/sllidar_ros2': CMAKE_PREFIX_PATH=${CMAKE_PREFIX_PATH}:/home/kaibuchisoma/robocon_ws/install/fruit_detection:/opt/ros/humble /usr/bin/cmake --build /home/kaibuchisoma/robocon_ws/build/sllidar_ros2 -- -j12 -l12
[2.543s] [35m[1mConsolidate compiler generated dependencies of target sllidar_client[0m
[2.544s] [35m[1mConsolidate compiler generated dependencies of target sllidar_node[0m
[2.585s] [ 14%] Built target sllidar_client
[2.613s] [100%] Built target sllidar_node
[2.644s] Invoked command in '/home/kaibuchisoma/robocon_ws/build/sllidar_ros2' returned '0': CMAKE_PREFIX_PATH=${CMAKE_PREFIX_PATH}:/home/kaibuchisoma/robocon_ws/install/fruit_detection:/opt/ros/humble /usr/bin/cmake --build /home/kaibuchisoma/robocon_ws/build/sllidar_ros2 -- -j12 -l12
[2.788s] Invoking command in '/home/kaibuchisoma/robocon_ws/build/sllidar_ros2': CMAKE_PREFIX_PATH=${CMAKE_PREFIX_PATH}:/home/kaibuchisoma/robocon_ws/install/fruit_detection:/opt/ros/humble /usr/bin/cmake --install /home/kaibuchisoma/robocon_ws/build/sllidar_ros2
[2.804s] -- Install configuration: ""
[2.804s] -- Up-to-date: /home/kaibuchisoma/robocon_ws/install/sllidar_ros2/share/sllidar_ros2/launch
[2.805s] -- Up-to-date: /home/kaibuchisoma/robocon_ws/install/sllidar_ros2/share/sllidar_ros2/launch/view_sllidar_a1_launch.py
[2.805s] -- Up-to-date: /home/kaibuchisoma/robocon_ws/install/sllidar_ros2/share/sllidar_ros2/launch/sllidar_s1_launch.py
[2.806s] -- Up-to-date: /home/kaibuchisoma/robocon_ws/install/sllidar_ros2/share/sllidar_ros2/launch/sllidar_s1_tcp_launch.py
[2.806s] -- Up-to-date: /home/kaibuchisoma/robocon_ws/install/sllidar_ros2/share/sllidar_ros2/launch/sllidar_a1_launch.py
[2.806s] -- Up-to-date: /home/kaibuchisoma/robocon_ws/install/sllidar_ros2/share/sllidar_ros2/launch/view_sllidar_a2m12_launch.py
[2.806s] -- Up-to-date: /home/kaibuchisoma/robocon_ws/install/sllidar_ros2/share/sllidar_ros2/launch/view_sllidar_a2m8_launch.py
[2.806s] -- Up-to-date: /home/kaibuchisoma/robocon_ws/install/sllidar_ros2/share/sllidar_ros2/launch/sllidar_a2m7_launch.py
[2.806s] -- Up-to-date: /home/kaibuchisoma/robocon_ws/install/sllidar_ros2/share/sllidar_ros2/launch/sllidar_s2e_launch.py
[2.806s] -- Up-to-date: /home/kaibuchisoma/robocon_ws/install/sllidar_ros2/share/sllidar_ros2/launch/sllidar_a3_launch.py
[2.807s] -- Up-to-date: /home/kaibuchisoma/robocon_ws/install/sllidar_ros2/share/sllidar_ros2/launch/view_sllidar_s1_launch.py
[2.807s] -- Up-to-date: /home/kaibuchisoma/robocon_ws/install/sllidar_ros2/share/sllidar_ros2/launch/sllidar_s2_launch.py
[2.808s] -- Up-to-date: /home/kaibuchisoma/robocon_ws/install/sllidar_ros2/share/sllidar_ros2/launch/sllidar_a2m12_launch .py
[2.808s] -- Up-to-date: /home/kaibuchisoma/robocon_ws/install/sllidar_ros2/share/sllidar_ros2/launch/view_sllidar_s3_launch.py
[2.808s] -- Up-to-date: /home/kaibuchisoma/robocon_ws/install/sllidar_ros2/share/sllidar_ros2/launch/view_sllidar_a3_launch.py
[2.809s] -- Up-to-date: /home/kaibuchisoma/robocon_ws/install/sllidar_ros2/share/sllidar_ros2/launch/sllidar_t1_launch.py
[2.813s] -- Up-to-date: /home/kaibuchisoma/robocon_ws/install/sllidar_ros2/share/sllidar_ros2/launch/view_sllidar_t1_launch.py
[2.813s] -- Up-to-date: /home/kaibuchisoma/robocon_ws/install/sllidar_ros2/share/sllidar_ros2/launch/sllidar_s3_launch.py
[2.813s] -- Up-to-date: /home/kaibuchisoma/robocon_ws/install/sllidar_ros2/share/sllidar_ros2/launch/view_sllidar_s1_tcp_launch.py
[2.813s] -- Up-to-date: /home/kaibuchisoma/robocon_ws/install/sllidar_ros2/share/sllidar_ros2/launch/view_sllidar_a2m7_launch.py
[2.813s] -- Up-to-date: /home/kaibuchisoma/robocon_ws/install/sllidar_ros2/share/sllidar_ros2/launch/sllidar_a2m8_launch.py
[2.813s] -- Up-to-date: /home/kaibuchisoma/robocon_ws/install/sllidar_ros2/share/sllidar_ros2/launch/view_sllidar_s2e_launch.py
[2.814s] -- Up-to-date: /home/kaibuchisoma/robocon_ws/install/sllidar_ros2/share/sllidar_ros2/launch/view_sllidar_s2_launch.py
[2.814s] -- Up-to-date: /home/kaibuchisoma/robocon_ws/install/sllidar_ros2/share/sllidar_ros2/rviz
[2.814s] -- Up-to-date: /home/kaibuchisoma/robocon_ws/install/sllidar_ros2/share/sllidar_ros2/rviz/sllidar_ros2.rviz
[2.814s] -- Up-to-date: /home/kaibuchisoma/robocon_ws/install/sllidar_ros2/lib/sllidar_ros2/sllidar_node
[2.814s] -- Up-to-date: /home/kaibuchisoma/robocon_ws/install/sllidar_ros2/lib/sllidar_ros2/sllidar_client
[2.814s] -- Up-to-date: /home/kaibuchisoma/robocon_ws/install/sllidar_ros2/share/ament_index/resource_index/package_run_dependencies/sllidar_ros2
[2.814s] -- Installing: /home/kaibuchisoma/robocon_ws/install/sllidar_ros2/share/ament_index/resource_index/parent_prefix_path/sllidar_ros2
[2.814s] -- Up-to-date: /home/kaibuchisoma/robocon_ws/install/sllidar_ros2/share/sllidar_ros2/environment/ament_prefix_path.sh
[2.818s] -- Installing: /home/kaibuchisoma/robocon_ws/install/sllidar_ros2/share/sllidar_ros2/environment/ament_prefix_path.dsv
[2.818s] -- Up-to-date: /home/kaibuchisoma/robocon_ws/install/sllidar_ros2/share/sllidar_ros2/environment/path.sh
[2.818s] -- Installing: /home/kaibuchisoma/robocon_ws/install/sllidar_ros2/share/sllidar_ros2/environment/path.dsv
[2.818s] -- Up-to-date: /home/kaibuchisoma/robocon_ws/install/sllidar_ros2/share/sllidar_ros2/local_setup.bash
[2.818s] -- Up-to-date: /home/kaibuchisoma/robocon_ws/install/sllidar_ros2/share/sllidar_ros2/local_setup.sh
[2.818s] -- Up-to-date: /home/kaibuchisoma/robocon_ws/install/sllidar_ros2/share/sllidar_ros2/local_setup.zsh
[2.818s] -- Installing: /home/kaibuchisoma/robocon_ws/install/sllidar_ros2/share/sllidar_ros2/local_setup.dsv
[2.818s] -- Installing: /home/kaibuchisoma/robocon_ws/install/sllidar_ros2/share/sllidar_ros2/package.dsv
[2.818s] -- Up-to-date: /home/kaibuchisoma/robocon_ws/install/sllidar_ros2/share/ament_index/resource_index/packages/sllidar_ros2
[2.819s] -- Up-to-date: /home/kaibuchisoma/robocon_ws/install/sllidar_ros2/share/sllidar_ros2/cmake/ament_cmake_export_dependencies-extras.cmake
[2.819s] -- Up-to-date: /home/kaibuchisoma/robocon_ws/install/sllidar_ros2/share/sllidar_ros2/cmake/ament_cmake_export_include_directories-extras.cmake
[2.819s] -- Up-to-date: /home/kaibuchisoma/robocon_ws/install/sllidar_ros2/share/sllidar_ros2/cmake/sllidar_ros2Config.cmake
[2.819s] -- Up-to-date: /home/kaibuchisoma/robocon_ws/install/sllidar_ros2/share/sllidar_ros2/cmake/sllidar_ros2Config-version.cmake
[2.819s] -- Up-to-date: /home/kaibuchisoma/robocon_ws/install/sllidar_ros2/share/sllidar_ros2/package.xml
[3.040s] Invoked command in '/home/kaibuchisoma/robocon_ws/build/sllidar_ros2' returned '0': CMAKE_PREFIX_PATH=${CMAKE_PREFIX_PATH}:/home/kaibuchisoma/robocon_ws/install/fruit_detection:/opt/ros/humble /usr/bin/cmake --install /home/kaibuchisoma/robocon_ws/build/sllidar_ros2
