[1.803s] Invoking command in '/home/roboconb/robocon_ws/src/fruit_detection': PYTHONPATH=/home/roboconb/robocon_ws/build/fruit_detection/prefix_override:/home/roboconb/robocon_ws/install/fruit_detection/lib/python3.10/site-packages:${PYTHONPATH} /usr/bin/python3 setup.py egg_info --egg-base ../../build/fruit_detection build --build-base /home/roboconb/robocon_ws/build/fruit_detection/build install --record /home/roboconb/robocon_ws/build/fruit_detection/install.log --single-version-externally-managed
[2.418s] running egg_info
[2.419s] writing ../../build/fruit_detection/fruit_detection.egg-info/PKG-INFO
[2.420s] writing dependency_links to ../../build/fruit_detection/fruit_detection.egg-info/dependency_links.txt
[2.420s] writing entry points to ../../build/fruit_detection/fruit_detection.egg-info/entry_points.txt
[2.420s] writing requirements to ../../build/fruit_detection/fruit_detection.egg-info/requires.txt
[2.421s] writing top-level names to ../../build/fruit_detection/fruit_detection.egg-info/top_level.txt
[2.424s] reading manifest file '../../build/fruit_detection/fruit_detection.egg-info/SOURCES.txt'
[2.425s] adding license file 'LICENSE'
[2.427s] writing manifest file '../../build/fruit_detection/fruit_detection.egg-info/SOURCES.txt'
[2.427s] running build
[2.427s] running build_py
[2.427s] copying fruit_detection/pubdetect.py -> /home/roboconb/robocon_ws/build/fruit_detection/build/lib/fruit_detection
[2.428s] running install
[2.428s] /usr/lib/python3/dist-packages/setuptools/command/install.py:34: SetuptoolsDeprecationWarning: setup.py install is deprecated. Use build and pip and other standards-based tools.
[2.428s]   warnings.warn(
[2.429s] running install_lib
[2.431s] copying /home/roboconb/robocon_ws/build/fruit_detection/build/lib/fruit_detection/pubdetect.py -> /home/roboconb/robocon_ws/install/fruit_detection/lib/python3.10/site-packages/fruit_detection
[2.432s] byte-compiling /home/roboconb/robocon_ws/install/fruit_detection/lib/python3.10/site-packages/fruit_detection/pubdetect.py to pubdetect.cpython-310.pyc
[2.436s] running install_data
[2.438s] running install_egg_info
[2.445s] removing '/home/roboconb/robocon_ws/install/fruit_detection/lib/python3.10/site-packages/fruit_detection-0.0.1-py3.10.egg-info' (and everything under it)
[2.445s] Copying ../../build/fruit_detection/fruit_detection.egg-info to /home/roboconb/robocon_ws/install/fruit_detection/lib/python3.10/site-packages/fruit_detection-0.0.1-py3.10.egg-info
[2.446s] running install_scripts
[2.489s] Installing listener script to /home/roboconb/robocon_ws/install/fruit_detection/lib/fruit_detection
[2.490s] Installing onnx script to /home/roboconb/robocon_ws/install/fruit_detection/lib/fruit_detection
[2.490s] Installing pubdetect script to /home/roboconb/robocon_ws/install/fruit_detection/lib/fruit_detection
[2.490s] Installing talker script to /home/roboconb/robocon_ws/install/fruit_detection/lib/fruit_detection
[2.490s] Installing torch script to /home/roboconb/robocon_ws/install/fruit_detection/lib/fruit_detection
[2.491s] Installing vino script to /home/roboconb/robocon_ws/install/fruit_detection/lib/fruit_detection
[2.491s] writing list of installed files to '/home/roboconb/robocon_ws/build/fruit_detection/install.log'
[2.546s] Invoked command in '/home/roboconb/robocon_ws/src/fruit_detection' returned '0': PYTHONPATH=/home/roboconb/robocon_ws/build/fruit_detection/prefix_override:/home/roboconb/robocon_ws/install/fruit_detection/lib/python3.10/site-packages:${PYTHONPATH} /usr/bin/python3 setup.py egg_info --egg-base ../../build/fruit_detection build --build-base /home/roboconb/robocon_ws/build/fruit_detection/build install --record /home/roboconb/robocon_ws/build/fruit_detection/install.log --single-version-externally-managed
